[2026-02-16 10:32:30,068] torch.distributed.run: [WARNING] master_addr is only used for static rdzv_backend and when rdzv_endpoint is not specified.
/projects/prjs0771/melle/envs/pytorch21-cuda121/lib/python3.11/site-packages/torchvision/io/image.py:13: UserWarning: Failed to load image Python extension: '/gpfs/work1/0/prjs0771/melle/envs/pytorch21-cuda121/lib/python3.11/site-packages/torchvision/image.so: undefined symbol: _ZN3c106detail23torchInternalAssertFailEPKcS2_jS2_RKSs'If you don't plan on using image functionality from `torchvision.io`, you can ignore this warning. Otherwise, there might be something wrong with your environment. Did you have `libjpeg` or `libpng` installed before building `torchvision` from source?
  warn(
2026-02-16 10:32:34,762 [INFO] Distributed: DistributedManager(rank=0, local_rank=0, world_size=1, device=cuda:0, is_distributed=True)
2026-02-16 10:32:34,762 [INFO] Config: {'experiment_name': 'resnet_small_groupnorm', 'model': {'name': 'resnet_small', 'num_classes': 100, 'norm_layer': 'groupnorm'}, 'data': {'dataset': 'imagenet100', 'root': '/scratch-nvme/ml-datasets/imagenet/torchvision_ImageFolder', 'img_size': 224, 'backend': 'pytorch', 'num_workers': 16, 'pin_memory': True, 'persistent_workers': True, 'prefetch_factor': 2, 'gpu_transforms': True}, 'training': {'epochs': 50, 'batch_size': 128, 'lr': 0.001, 'min_lr': 1e-05, 'weight_decay': 0.05, 'optimizer': 'adamw', 'scheduler': 'cosine', 'label_smoothing': 0.1, 'use_amp': True, 'channels_last': True, 'seed': 42, 'val_frequency': 5, 'save_frequency': 10, 'disable_progress_bar': True}, 'logging': {'log_dir': 'logs'}, 'wandb': {'enabled': True, 'project': 'norm-comparison', 'tags': ['norm-experiment', 'imagenet100']}}
2026-02-16 10:32:34,762 [INFO] Run directory: /projects/prjs0771/melle/projects/visionCNN/logs/resnet_small_groupnorm
2026-02-16 10:32:34,762 [INFO] Set random seed: 42 (rank offset applied)
2026-02-16 10:32:34,762 [INFO] Using device: cuda:0
2026-02-16 10:32:34,762 [INFO] World size: 1
2026-02-16 10:32:34,896 [INFO] Model: resnet_small, Parameters: 11,227,812
2026-02-16 10:32:34,917 [INFO] Using channels-last (NHWC) memory format
2026-02-16 10:32:34,950 [INFO] Mixed precision training: True
2026-02-16 10:32:50,577 [INFO] Using GPU-accelerated transforms to reduce CPU bottleneck
2026-02-16 10:32:50,577 [INFO] Train samples: 128135, Val samples: 5000
2026-02-16 10:32:50,577 [INFO] Effective batch size: 128 (128 x 1 GPUs)
2026-02-16 10:32:50,577 [INFO] Starting training for 50 epochs...
2026-02-16 10:33:49,836 [INFO] Epoch 1/50 | Train Loss: 4.4584, Train Acc: 3.55% | (validation skipped) | LR: 0.000999 | Time: 59.3s
2026-02-16 10:34:45,840 [INFO] Epoch 2/50 | Train Loss: 3.7663, Train Acc: 16.35% | (validation skipped) | LR: 0.000996 | Time: 56.0s
2026-02-16 10:35:41,815 [INFO] Epoch 3/50 | Train Loss: 3.2817, Train Acc: 28.26% | (validation skipped) | LR: 0.000991 | Time: 56.0s
2026-02-16 10:36:37,868 [INFO] Epoch 4/50 | Train Loss: 2.9912, Train Acc: 35.85% | (validation skipped) | LR: 0.000984 | Time: 56.1s
2026-02-16 10:37:37,415 [INFO] Epoch 5/50 | Train Loss: 2.7878, Train Acc: 41.28% | Val Loss: 2.5250, Val Acc: 47.46% | LR: 0.000976 | Time: 59.5s
2026-02-16 10:37:37,690 [INFO] New best accuracy: 47.46%
2026-02-16 10:38:33,697 [INFO] Epoch 6/50 | Train Loss: 2.6379, Train Acc: 45.42% | (validation skipped) | LR: 0.000965 | Time: 56.0s
2026-02-16 10:39:29,837 [INFO] Epoch 7/50 | Train Loss: 2.5075, Train Acc: 49.04% | (validation skipped) | LR: 0.000953 | Time: 56.1s
2026-02-16 10:40:25,735 [INFO] Epoch 8/50 | Train Loss: 2.3933, Train Acc: 52.27% | (validation skipped) | LR: 0.000939 | Time: 55.9s
2026-02-16 10:41:21,708 [INFO] Epoch 9/50 | Train Loss: 2.3085, Train Acc: 54.67% | (validation skipped) | LR: 0.000923 | Time: 56.0s
2026-02-16 10:42:20,784 [INFO] Epoch 10/50 | Train Loss: 2.2313, Train Acc: 56.97% | Val Loss: 2.0377, Val Acc: 62.44% | LR: 0.000905 | Time: 59.0s
2026-02-16 10:42:20,985 [INFO] New best accuracy: 62.44%
2026-02-16 10:43:17,142 [INFO] Epoch 11/50 | Train Loss: 2.1622, Train Acc: 59.01% | (validation skipped) | LR: 0.000886 | Time: 56.0s
2026-02-16 10:44:13,235 [INFO] Epoch 12/50 | Train Loss: 2.1058, Train Acc: 60.55% | (validation skipped) | LR: 0.000866 | Time: 56.1s
2026-02-16 10:45:09,175 [INFO] Epoch 13/50 | Train Loss: 2.0506, Train Acc: 62.17% | (validation skipped) | LR: 0.000844 | Time: 55.9s
2026-02-16 10:46:05,156 [INFO] Epoch 14/50 | Train Loss: 2.0024, Train Acc: 63.50% | (validation skipped) | LR: 0.000821 | Time: 56.0s
2026-02-16 10:47:04,048 [INFO] Epoch 15/50 | Train Loss: 1.9542, Train Acc: 65.07% | Val Loss: 1.8194, Val Acc: 68.64% | LR: 0.000796 | Time: 58.9s
2026-02-16 10:47:04,307 [INFO] New best accuracy: 68.64%
2026-02-16 10:48:00,094 [INFO] Epoch 16/50 | Train Loss: 1.9191, Train Acc: 66.00% | (validation skipped) | LR: 0.000770 | Time: 55.8s
2026-02-16 10:48:56,217 [INFO] Epoch 17/50 | Train Loss: 1.8810, Train Acc: 67.20% | (validation skipped) | LR: 0.000743 | Time: 56.1s
2026-02-16 10:49:52,114 [INFO] Epoch 18/50 | Train Loss: 1.8492, Train Acc: 68.08% | (validation skipped) | LR: 0.000716 | Time: 55.9s
2026-02-16 10:50:49,194 [INFO] Epoch 19/50 | Train Loss: 1.8080, Train Acc: 69.23% | (validation skipped) | LR: 0.000687 | Time: 57.1s
2026-02-16 10:51:48,232 [INFO] Epoch 20/50 | Train Loss: 1.7844, Train Acc: 70.04% | Val Loss: 1.7051, Val Acc: 72.32% | LR: 0.000658 | Time: 59.0s
2026-02-16 10:51:48,433 [INFO] New best accuracy: 72.32%
2026-02-16 10:52:44,733 [INFO] Epoch 21/50 | Train Loss: 1.7494, Train Acc: 70.96% | (validation skipped) | LR: 0.000628 | Time: 56.1s
2026-02-16 10:53:40,821 [INFO] Epoch 22/50 | Train Loss: 1.7211, Train Acc: 71.88% | (validation skipped) | LR: 0.000598 | Time: 56.1s
2026-02-16 10:54:36,752 [INFO] Epoch 23/50 | Train Loss: 1.7008, Train Acc: 72.54% | (validation skipped) | LR: 0.000567 | Time: 55.9s
2026-02-16 10:55:32,872 [INFO] Epoch 24/50 | Train Loss: 1.6735, Train Acc: 73.38% | (validation skipped) | LR: 0.000536 | Time: 56.1s
2026-02-16 10:56:31,860 [INFO] Epoch 25/50 | Train Loss: 1.6465, Train Acc: 74.14% | Val Loss: 1.6190, Val Acc: 75.04% | LR: 0.000505 | Time: 59.0s
2026-02-16 10:56:32,047 [INFO] New best accuracy: 75.04%
2026-02-16 10:57:27,941 [INFO] Epoch 26/50 | Train Loss: 1.6243, Train Acc: 74.89% | (validation skipped) | LR: 0.000474 | Time: 55.9s
2026-02-16 10:58:24,044 [INFO] Epoch 27/50 | Train Loss: 1.5919, Train Acc: 75.95% | (validation skipped) | LR: 0.000443 | Time: 56.1s
2026-02-16 10:59:20,055 [INFO] Epoch 28/50 | Train Loss: 1.5671, Train Acc: 76.63% | (validation skipped) | LR: 0.000412 | Time: 56.0s
2026-02-16 11:00:16,079 [INFO] Epoch 29/50 | Train Loss: 1.5473, Train Acc: 77.19% | (validation skipped) | LR: 0.000382 | Time: 56.0s
2026-02-16 11:01:15,108 [INFO] Epoch 30/50 | Train Loss: 1.5293, Train Acc: 77.78% | Val Loss: 1.5241, Val Acc: 77.98% | LR: 0.000352 | Time: 59.0s
2026-02-16 11:01:15,287 [INFO] New best accuracy: 77.98%
2026-02-16 11:02:11,494 [INFO] Epoch 31/50 | Train Loss: 1.5012, Train Acc: 78.59% | (validation skipped) | LR: 0.000323 | Time: 56.0s
2026-02-16 11:03:07,589 [INFO] Epoch 32/50 | Train Loss: 1.4790, Train Acc: 79.34% | (validation skipped) | LR: 0.000294 | Time: 56.1s
2026-02-16 11:04:03,588 [INFO] Epoch 33/50 | Train Loss: 1.4586, Train Acc: 80.05% | (validation skipped) | LR: 0.000267 | Time: 56.0s
2026-02-16 11:04:59,653 [INFO] Epoch 34/50 | Train Loss: 1.4381, Train Acc: 80.61% | (validation skipped) | LR: 0.000240 | Time: 56.1s
2026-02-16 11:05:58,645 [INFO] Epoch 35/50 | Train Loss: 1.4232, Train Acc: 81.11% | Val Loss: 1.4981, Val Acc: 79.08% | LR: 0.000214 | Time: 59.0s
2026-02-16 11:05:58,840 [INFO] New best accuracy: 79.08%
2026-02-16 11:06:54,748 [INFO] Epoch 36/50 | Train Loss: 1.3968, Train Acc: 82.04% | (validation skipped) | LR: 0.000189 | Time: 55.9s
2026-02-16 11:07:50,717 [INFO] Epoch 37/50 | Train Loss: 1.3825, Train Acc: 82.45% | (validation skipped) | LR: 0.000166 | Time: 56.0s
2026-02-16 11:08:46,772 [INFO] Epoch 38/50 | Train Loss: 1.3651, Train Acc: 83.00% | (validation skipped) | LR: 0.000144 | Time: 56.1s
2026-02-16 11:09:42,692 [INFO] Epoch 39/50 | Train Loss: 1.3463, Train Acc: 83.57% | (validation skipped) | LR: 0.000124 | Time: 55.9s
2026-02-16 11:10:41,718 [INFO] Epoch 40/50 | Train Loss: 1.3331, Train Acc: 84.13% | Val Loss: 1.4648, Val Acc: 79.38% | LR: 0.000105 | Time: 59.0s
2026-02-16 11:10:41,877 [INFO] New best accuracy: 79.38%
2026-02-16 11:11:38,104 [INFO] Epoch 41/50 | Train Loss: 1.3191, Train Acc: 84.51% | (validation skipped) | LR: 0.000087 | Time: 56.0s
2026-02-16 11:12:34,113 [INFO] Epoch 42/50 | Train Loss: 1.3069, Train Acc: 84.96% | (validation skipped) | LR: 0.000071 | Time: 56.0s
2026-02-16 11:13:30,119 [INFO] Epoch 43/50 | Train Loss: 1.2966, Train Acc: 85.37% | (validation skipped) | LR: 0.000057 | Time: 56.0s
2026-02-16 11:14:26,234 [INFO] Epoch 44/50 | Train Loss: 1.2873, Train Acc: 85.63% | (validation skipped) | LR: 0.000045 | Time: 56.1s
2026-02-16 11:15:25,141 [INFO] Epoch 45/50 | Train Loss: 1.2797, Train Acc: 85.85% | Val Loss: 1.4335, Val Acc: 80.58% | LR: 0.000034 | Time: 58.9s
2026-02-16 11:15:25,314 [INFO] New best accuracy: 80.58%
2026-02-16 11:16:21,233 [INFO] Epoch 46/50 | Train Loss: 1.2678, Train Acc: 86.15% | (validation skipped) | LR: 0.000026 | Time: 55.9s
2026-02-16 11:17:17,222 [INFO] Epoch 47/50 | Train Loss: 1.2644, Train Acc: 86.37% | (validation skipped) | LR: 0.000019 | Time: 56.0s
2026-02-16 11:18:13,176 [INFO] Epoch 48/50 | Train Loss: 1.2614, Train Acc: 86.38% | (validation skipped) | LR: 0.000014 | Time: 56.0s
2026-02-16 11:19:09,308 [INFO] Epoch 49/50 | Train Loss: 1.2565, Train Acc: 86.65% | (validation skipped) | LR: 0.000011 | Time: 56.1s
2026-02-16 11:20:08,322 [INFO] Epoch 50/50 | Train Loss: 1.2497, Train Acc: 86.77% | Val Loss: 1.4277, Val Acc: 80.74% | LR: 0.000010 | Time: 59.0s
2026-02-16 11:20:08,511 [INFO] New best accuracy: 80.74%
2026-02-16 11:20:08,768 [INFO] Training complete! Best accuracy: 80.74%
2026-02-16 11:20:08,768 [INFO] Outputs saved to: /projects/prjs0771/melle/projects/visionCNN/logs/resnet_small_groupnorm
