[2026-02-16 10:33:24,338] torch.distributed.run: [WARNING] master_addr is only used for static rdzv_backend and when rdzv_endpoint is not specified.
/projects/prjs0771/melle/envs/pytorch21-cuda121/lib/python3.11/site-packages/torchvision/io/image.py:13: UserWarning: Failed to load image Python extension: '/gpfs/work1/0/prjs0771/melle/envs/pytorch21-cuda121/lib/python3.11/site-packages/torchvision/image.so: undefined symbol: _ZN3c106detail23torchInternalAssertFailEPKcS2_jS2_RKSs'If you don't plan on using image functionality from `torchvision.io`, you can ignore this warning. Otherwise, there might be something wrong with your environment. Did you have `libjpeg` or `libpng` installed before building `torchvision` from source?
  warn(
2026-02-16 10:33:28,775 [INFO] Distributed: DistributedManager(rank=0, local_rank=0, world_size=1, device=cuda:0, is_distributed=True)
2026-02-16 10:33:28,775 [INFO] Config: {'experiment_name': 'convnext_medium_groupnorm', 'model': {'name': 'convnext_medium', 'num_classes': 100, 'norm_layer': 'groupnorm'}, 'data': {'dataset': 'imagenet100', 'root': '/scratch-nvme/ml-datasets/imagenet/torchvision_ImageFolder', 'img_size': 224, 'backend': 'pytorch', 'num_workers': 16, 'pin_memory': True, 'persistent_workers': True, 'prefetch_factor': 2, 'gpu_transforms': True}, 'training': {'epochs': 50, 'batch_size': 128, 'lr': 0.001, 'min_lr': 1e-05, 'weight_decay': 0.05, 'optimizer': 'adamw', 'scheduler': 'cosine', 'label_smoothing': 0.1, 'use_amp': True, 'channels_last': True, 'seed': 42, 'val_frequency': 5, 'save_frequency': 10, 'disable_progress_bar': True}, 'logging': {'log_dir': 'logs'}, 'wandb': {'enabled': True, 'project': 'norm-comparison', 'tags': ['norm-experiment', 'imagenet100']}}
2026-02-16 10:33:28,775 [INFO] Run directory: /projects/prjs0771/melle/projects/visionCNN/logs/convnext_medium_groupnorm
2026-02-16 10:33:28,776 [INFO] Set random seed: 42 (rank offset applied)
2026-02-16 10:33:28,776 [INFO] Using device: cuda:0
2026-02-16 10:33:28,776 [INFO] World size: 1
2026-02-16 10:33:30,187 [INFO] Model: convnext_medium, Parameters: 19,173,700
2026-02-16 10:33:30,192 [INFO] Using channels-last (NHWC) memory format
2026-02-16 10:33:30,232 [INFO] Mixed precision training: True
2026-02-16 10:33:45,745 [INFO] Using GPU-accelerated transforms to reduce CPU bottleneck
2026-02-16 10:33:45,745 [INFO] Train samples: 128135, Val samples: 5000
2026-02-16 10:33:45,745 [INFO] Effective batch size: 128 (128 x 1 GPUs)
2026-02-16 10:33:45,745 [INFO] Starting training for 50 epochs...
2026-02-16 10:36:49,362 [INFO] Epoch 1/50 | Train Loss: 4.0736, Train Acc: 10.61% | (validation skipped) | LR: 0.000999 | Time: 183.6s
2026-02-16 10:39:44,960 [INFO] Epoch 2/50 | Train Loss: 3.4574, Train Acc: 24.47% | (validation skipped) | LR: 0.000996 | Time: 175.6s
2026-02-16 10:42:40,555 [INFO] Epoch 3/50 | Train Loss: 3.0762, Train Acc: 34.35% | (validation skipped) | LR: 0.000991 | Time: 175.6s
2026-02-16 10:45:36,278 [INFO] Epoch 4/50 | Train Loss: 2.7980, Train Acc: 41.76% | (validation skipped) | LR: 0.000984 | Time: 175.7s
2026-02-16 10:48:36,606 [INFO] Epoch 5/50 | Train Loss: 2.5872, Train Acc: 47.48% | Val Loss: 2.2450, Val Acc: 57.14% | LR: 0.000976 | Time: 180.3s
2026-02-16 10:48:36,890 [INFO] New best accuracy: 57.14%
2026-02-16 10:51:32,707 [INFO] Epoch 6/50 | Train Loss: 2.4167, Train Acc: 52.53% | (validation skipped) | LR: 0.000965 | Time: 175.8s
2026-02-16 10:54:28,651 [INFO] Epoch 7/50 | Train Loss: 2.2789, Train Acc: 56.41% | (validation skipped) | LR: 0.000953 | Time: 175.9s
2026-02-16 10:57:24,328 [INFO] Epoch 8/50 | Train Loss: 2.1689, Train Acc: 59.67% | (validation skipped) | LR: 0.000939 | Time: 175.7s
2026-02-16 11:00:20,028 [INFO] Epoch 9/50 | Train Loss: 2.0797, Train Acc: 62.18% | (validation skipped) | LR: 0.000923 | Time: 175.7s
2026-02-16 11:03:19,581 [INFO] Epoch 10/50 | Train Loss: 2.0008, Train Acc: 64.47% | Val Loss: 1.7878, Val Acc: 70.40% | LR: 0.000905 | Time: 179.5s
2026-02-16 11:03:19,851 [INFO] New best accuracy: 70.40%
2026-02-16 11:06:15,635 [INFO] Epoch 11/50 | Train Loss: 1.9327, Train Acc: 66.47% | (validation skipped) | LR: 0.000886 | Time: 175.5s
2026-02-16 11:09:11,287 [INFO] Epoch 12/50 | Train Loss: 1.8774, Train Acc: 68.08% | (validation skipped) | LR: 0.000866 | Time: 175.7s
2026-02-16 11:12:06,889 [INFO] Epoch 13/50 | Train Loss: 1.8208, Train Acc: 69.76% | (validation skipped) | LR: 0.000844 | Time: 175.6s
2026-02-16 11:15:02,484 [INFO] Epoch 14/50 | Train Loss: 1.7698, Train Acc: 71.20% | (validation skipped) | LR: 0.000821 | Time: 175.6s
2026-02-16 11:18:01,803 [INFO] Epoch 15/50 | Train Loss: 1.7272, Train Acc: 72.37% | Val Loss: 1.6116, Val Acc: 75.54% | LR: 0.000796 | Time: 179.3s
2026-02-16 11:18:02,076 [INFO] New best accuracy: 75.54%
2026-02-16 11:20:57,529 [INFO] Epoch 16/50 | Train Loss: 1.6945, Train Acc: 73.50% | (validation skipped) | LR: 0.000770 | Time: 175.5s
2026-02-16 11:23:53,347 [INFO] Epoch 17/50 | Train Loss: 1.6571, Train Acc: 74.54% | (validation skipped) | LR: 0.000743 | Time: 175.8s
2026-02-16 11:26:48,928 [INFO] Epoch 18/50 | Train Loss: 1.6148, Train Acc: 75.86% | (validation skipped) | LR: 0.000716 | Time: 175.6s
2026-02-16 11:29:44,592 [INFO] Epoch 19/50 | Train Loss: 1.5825, Train Acc: 76.82% | (validation skipped) | LR: 0.000687 | Time: 175.7s
2026-02-16 11:32:44,091 [INFO] Epoch 20/50 | Train Loss: 1.5526, Train Acc: 77.64% | Val Loss: 1.4890, Val Acc: 78.98% | LR: 0.000658 | Time: 179.5s
2026-02-16 11:32:44,365 [INFO] New best accuracy: 78.98%
2026-02-16 11:35:40,371 [INFO] Epoch 21/50 | Train Loss: 1.5200, Train Acc: 78.59% | (validation skipped) | LR: 0.000628 | Time: 175.8s
2026-02-16 11:38:36,054 [INFO] Epoch 22/50 | Train Loss: 1.4927, Train Acc: 79.32% | (validation skipped) | LR: 0.000598 | Time: 175.7s
2026-02-16 11:41:31,559 [INFO] Epoch 23/50 | Train Loss: 1.4582, Train Acc: 80.44% | (validation skipped) | LR: 0.000567 | Time: 175.5s
2026-02-16 11:44:27,281 [INFO] Epoch 24/50 | Train Loss: 1.4373, Train Acc: 81.09% | (validation skipped) | LR: 0.000536 | Time: 175.7s
2026-02-16 11:47:26,597 [INFO] Epoch 25/50 | Train Loss: 1.4087, Train Acc: 82.01% | Val Loss: 1.4329, Val Acc: 80.96% | LR: 0.000505 | Time: 179.3s
2026-02-16 11:47:26,862 [INFO] New best accuracy: 80.96%
2026-02-16 11:50:22,285 [INFO] Epoch 26/50 | Train Loss: 1.3909, Train Acc: 82.63% | (validation skipped) | LR: 0.000474 | Time: 175.4s
2026-02-16 11:53:18,034 [INFO] Epoch 27/50 | Train Loss: 1.3609, Train Acc: 83.48% | (validation skipped) | LR: 0.000443 | Time: 175.7s
2026-02-16 11:56:13,711 [INFO] Epoch 28/50 | Train Loss: 1.3373, Train Acc: 84.26% | (validation skipped) | LR: 0.000412 | Time: 175.7s
2026-02-16 11:59:09,315 [INFO] Epoch 29/50 | Train Loss: 1.3224, Train Acc: 84.76% | (validation skipped) | LR: 0.000382 | Time: 175.6s
2026-02-16 12:02:08,660 [INFO] Epoch 30/50 | Train Loss: 1.2965, Train Acc: 85.50% | Val Loss: 1.4100, Val Acc: 81.40% | LR: 0.000352 | Time: 179.3s
2026-02-16 12:02:08,968 [INFO] New best accuracy: 81.40%
2026-02-16 12:05:04,767 [INFO] Epoch 31/50 | Train Loss: 1.2777, Train Acc: 86.12% | (validation skipped) | LR: 0.000323 | Time: 175.6s
2026-02-16 12:08:00,493 [INFO] Epoch 32/50 | Train Loss: 1.2572, Train Acc: 86.78% | (validation skipped) | LR: 0.000294 | Time: 175.7s
2026-02-16 12:10:56,163 [INFO] Epoch 33/50 | Train Loss: 1.2387, Train Acc: 87.36% | (validation skipped) | LR: 0.000267 | Time: 175.7s
2026-02-16 12:13:51,749 [INFO] Epoch 34/50 | Train Loss: 1.2232, Train Acc: 87.79% | (validation skipped) | LR: 0.000240 | Time: 175.6s
2026-02-16 12:16:51,073 [INFO] Epoch 35/50 | Train Loss: 1.2018, Train Acc: 88.41% | Val Loss: 1.3590, Val Acc: 83.16% | LR: 0.000214 | Time: 179.3s
2026-02-16 12:16:51,377 [INFO] New best accuracy: 83.16%
2026-02-16 12:19:46,803 [INFO] Epoch 36/50 | Train Loss: 1.1870, Train Acc: 88.89% | (validation skipped) | LR: 0.000189 | Time: 175.4s
2026-02-16 12:22:42,307 [INFO] Epoch 37/50 | Train Loss: 1.1710, Train Acc: 89.38% | (validation skipped) | LR: 0.000166 | Time: 175.5s
2026-02-16 12:25:38,001 [INFO] Epoch 38/50 | Train Loss: 1.1574, Train Acc: 89.83% | (validation skipped) | LR: 0.000144 | Time: 175.7s
2026-02-16 12:28:33,501 [INFO] Epoch 39/50 | Train Loss: 1.1488, Train Acc: 90.08% | (validation skipped) | LR: 0.000124 | Time: 175.5s
2026-02-16 12:31:32,912 [INFO] Epoch 40/50 | Train Loss: 1.1321, Train Acc: 90.59% | Val Loss: 1.3405, Val Acc: 83.86% | LR: 0.000105 | Time: 179.4s
2026-02-16 12:31:33,172 [INFO] New best accuracy: 83.86%
srun: Job step aborted: Waiting up to 32 seconds for job step to finish.
[2026-02-16T12:33:33.005] error: *** JOB 19536903 ON gcn30 CANCELLED AT 2026-02-16T12:33:33 DUE TO TIME LIMIT ***
[2026-02-16T12:33:33.006] error: *** STEP 19536903.0 ON gcn30 CANCELLED AT 2026-02-16T12:33:33 DUE TO TIME LIMIT ***
[2026-02-16 12:33:33,007] torch.distributed.elastic.agent.server.api: [WARNING] Received 15 death signal, shutting down workers
[2026-02-16 12:33:33,007] torch.distributed.elastic.multiprocessing.api: [WARNING] Sending process 1279425 closing signal SIGTERM
[2026-02-16 12:33:33,009] torch.distributed.elastic.multiprocessing.api: [WARNING] Sending process 1279425 closing signal SIGTERM
