==============================================
SLURM Job Information
==============================================
Job ID: 19536832
Job Name: convnext_small_batchnorm
Partition: gpu_a100
Nodes: 1
Tasks per node: 1
GPUs per node: 1
CPUs per task: 18
Node list: gcn57
==============================================
Config: configs/norm_experiment.yaml
Additional args: --set model.name=convnext_small model.norm_layer=batchnorm experiment_name=convnext_small_batchnorm
==============================================
Single-node training with 1 GPUs
Outputs will be saved to: /projects/prjs0771/melle/projects/visionCNN/logs
Error importing huggingface_hub.hf_api: No module named 'httpcore'
NCCL version 2.18.3+cuda12.1
[INFO] Auto-detected ImageNet root: /scratch-nvme/ml-datasets/imagenet/torchvision_ImageFolder
==============================================
Training complete!
==============================================
