[2026-02-16 10:25:26,247] torch.distributed.run: [WARNING] master_addr is only used for static rdzv_backend and when rdzv_endpoint is not specified.
/projects/prjs0771/melle/envs/pytorch21-cuda121/lib/python3.11/site-packages/torchvision/io/image.py:13: UserWarning: Failed to load image Python extension: '/gpfs/work1/0/prjs0771/melle/envs/pytorch21-cuda121/lib/python3.11/site-packages/torchvision/image.so: undefined symbol: _ZN3c106detail23torchInternalAssertFailEPKcS2_jS2_RKSs'If you don't plan on using image functionality from `torchvision.io`, you can ignore this warning. Otherwise, there might be something wrong with your environment. Did you have `libjpeg` or `libpng` installed before building `torchvision` from source?
  warn(
2026-02-16 10:25:33,230 [INFO] Distributed: DistributedManager(rank=0, local_rank=0, world_size=1, device=cuda:0, is_distributed=True)
2026-02-16 10:25:33,231 [INFO] Config: {'experiment_name': 'vgg_small_batchnorm', 'model': {'name': 'vgg_small', 'num_classes': 100, 'norm_layer': 'batchnorm'}, 'data': {'dataset': 'imagenet100', 'root': '/scratch-nvme/ml-datasets/imagenet/torchvision_ImageFolder', 'img_size': 224, 'backend': 'pytorch', 'num_workers': 16, 'pin_memory': True, 'persistent_workers': True, 'prefetch_factor': 2, 'gpu_transforms': True}, 'training': {'epochs': 50, 'batch_size': 128, 'lr': 0.001, 'min_lr': 1e-05, 'weight_decay': 0.05, 'optimizer': 'adamw', 'scheduler': 'cosine', 'label_smoothing': 0.1, 'use_amp': True, 'channels_last': True, 'seed': 42, 'val_frequency': 5, 'save_frequency': 10, 'disable_progress_bar': True}, 'logging': {'log_dir': 'logs'}, 'wandb': {'enabled': True, 'project': 'norm-comparison', 'tags': ['norm-experiment', 'imagenet100']}}
2026-02-16 10:25:33,231 [INFO] Run directory: /projects/prjs0771/melle/projects/visionCNN/logs/vgg_small_batchnorm
2026-02-16 10:25:33,231 [INFO] Set random seed: 42 (rank offset applied)
2026-02-16 10:25:33,231 [INFO] Using device: cuda:0
2026-02-16 10:25:33,231 [INFO] World size: 1
2026-02-16 10:25:33,337 [INFO] Model: vgg_small, Parameters: 9,277,284
2026-02-16 10:25:33,353 [INFO] Using channels-last (NHWC) memory format
2026-02-16 10:25:33,387 [INFO] Mixed precision training: True
2026-02-16 10:26:54,976 [INFO] Using GPU-accelerated transforms to reduce CPU bottleneck
2026-02-16 10:26:54,976 [INFO] Train samples: 128135, Val samples: 5000
2026-02-16 10:26:54,976 [INFO] Effective batch size: 128 (128 x 1 GPUs)
2026-02-16 10:26:54,976 [INFO] Starting training for 50 epochs...
2026-02-16 10:28:11,835 [INFO] Epoch 1/50 | Train Loss: 3.7218, Train Acc: 17.31% | (validation skipped) | LR: 0.000999 | Time: 76.9s
2026-02-16 10:29:23,005 [INFO] Epoch 2/50 | Train Loss: 3.0834, Train Acc: 33.27% | (validation skipped) | LR: 0.000996 | Time: 71.2s
2026-02-16 10:30:35,031 [INFO] Epoch 3/50 | Train Loss: 2.7525, Train Acc: 42.59% | (validation skipped) | LR: 0.000991 | Time: 72.0s
2026-02-16 10:31:46,259 [INFO] Epoch 4/50 | Train Loss: 2.5385, Train Acc: 48.98% | (validation skipped) | LR: 0.000984 | Time: 71.2s
2026-02-16 10:33:02,719 [INFO] Epoch 5/50 | Train Loss: 2.3794, Train Acc: 54.09% | Val Loss: 2.2790, Val Acc: 56.88% | LR: 0.000976 | Time: 76.4s
2026-02-16 10:33:02,950 [INFO] New best accuracy: 56.88%
2026-02-16 10:34:14,148 [INFO] Epoch 6/50 | Train Loss: 2.2579, Train Acc: 57.90% | (validation skipped) | LR: 0.000965 | Time: 71.2s
2026-02-16 10:35:25,434 [INFO] Epoch 7/50 | Train Loss: 2.1578, Train Acc: 61.01% | (validation skipped) | LR: 0.000953 | Time: 71.3s
2026-02-16 10:36:36,532 [INFO] Epoch 8/50 | Train Loss: 2.0801, Train Acc: 63.50% | (validation skipped) | LR: 0.000939 | Time: 71.1s
2026-02-16 10:37:47,680 [INFO] Epoch 9/50 | Train Loss: 2.0106, Train Acc: 65.65% | (validation skipped) | LR: 0.000923 | Time: 71.1s
2026-02-16 10:39:03,590 [INFO] Epoch 10/50 | Train Loss: 1.9526, Train Acc: 67.42% | Val Loss: 1.7865, Val Acc: 72.98% | LR: 0.000905 | Time: 75.9s
2026-02-16 10:39:03,773 [INFO] New best accuracy: 72.98%
2026-02-16 10:40:15,080 [INFO] Epoch 11/50 | Train Loss: 1.9001, Train Acc: 69.00% | (validation skipped) | LR: 0.000886 | Time: 71.1s
2026-02-16 10:41:26,251 [INFO] Epoch 12/50 | Train Loss: 1.8523, Train Acc: 70.61% | (validation skipped) | LR: 0.000866 | Time: 71.2s
2026-02-16 10:42:37,359 [INFO] Epoch 13/50 | Train Loss: 1.8182, Train Acc: 71.76% | (validation skipped) | LR: 0.000844 | Time: 71.1s
2026-02-16 10:43:48,397 [INFO] Epoch 14/50 | Train Loss: 1.7768, Train Acc: 73.04% | (validation skipped) | LR: 0.000821 | Time: 71.0s
2026-02-16 10:45:03,985 [INFO] Epoch 15/50 | Train Loss: 1.7487, Train Acc: 73.88% | Val Loss: 1.6457, Val Acc: 77.88% | LR: 0.000796 | Time: 75.6s
2026-02-16 10:45:04,139 [INFO] New best accuracy: 77.88%
2026-02-16 10:46:15,256 [INFO] Epoch 16/50 | Train Loss: 1.7174, Train Acc: 75.04% | (validation skipped) | LR: 0.000770 | Time: 71.1s
2026-02-16 10:47:26,451 [INFO] Epoch 17/50 | Train Loss: 1.6852, Train Acc: 75.93% | (validation skipped) | LR: 0.000743 | Time: 71.2s
2026-02-16 10:48:37,336 [INFO] Epoch 18/50 | Train Loss: 1.6620, Train Acc: 76.59% | (validation skipped) | LR: 0.000716 | Time: 70.9s
2026-02-16 10:49:48,473 [INFO] Epoch 19/50 | Train Loss: 1.6366, Train Acc: 77.53% | (validation skipped) | LR: 0.000687 | Time: 71.1s
2026-02-16 10:51:05,319 [INFO] Epoch 20/50 | Train Loss: 1.6174, Train Acc: 78.02% | Val Loss: 1.5738, Val Acc: 80.02% | LR: 0.000658 | Time: 76.8s
2026-02-16 10:51:05,484 [INFO] New best accuracy: 80.02%
2026-02-16 10:52:16,816 [INFO] Epoch 21/50 | Train Loss: 1.5962, Train Acc: 78.78% | (validation skipped) | LR: 0.000628 | Time: 71.2s
2026-02-16 10:53:28,023 [INFO] Epoch 22/50 | Train Loss: 1.5742, Train Acc: 79.46% | (validation skipped) | LR: 0.000598 | Time: 71.2s
2026-02-16 10:54:39,025 [INFO] Epoch 23/50 | Train Loss: 1.5494, Train Acc: 80.29% | (validation skipped) | LR: 0.000567 | Time: 71.0s
2026-02-16 10:55:50,217 [INFO] Epoch 24/50 | Train Loss: 1.5332, Train Acc: 80.68% | (validation skipped) | LR: 0.000536 | Time: 71.2s
2026-02-16 10:57:05,836 [INFO] Epoch 25/50 | Train Loss: 1.5135, Train Acc: 81.40% | Val Loss: 1.4928, Val Acc: 82.42% | LR: 0.000505 | Time: 75.6s
2026-02-16 10:57:05,988 [INFO] New best accuracy: 82.42%
2026-02-16 10:58:17,027 [INFO] Epoch 26/50 | Train Loss: 1.4959, Train Acc: 82.07% | (validation skipped) | LR: 0.000474 | Time: 71.0s
2026-02-16 10:59:28,224 [INFO] Epoch 27/50 | Train Loss: 1.4808, Train Acc: 82.49% | (validation skipped) | LR: 0.000443 | Time: 71.2s
2026-02-16 11:00:39,358 [INFO] Epoch 28/50 | Train Loss: 1.4615, Train Acc: 83.17% | (validation skipped) | LR: 0.000412 | Time: 71.1s
2026-02-16 11:01:50,427 [INFO] Epoch 29/50 | Train Loss: 1.4478, Train Acc: 83.67% | (validation skipped) | LR: 0.000382 | Time: 71.1s
2026-02-16 11:03:06,261 [INFO] Epoch 30/50 | Train Loss: 1.4252, Train Acc: 84.38% | Val Loss: 1.4616, Val Acc: 82.40% | LR: 0.000352 | Time: 75.8s
2026-02-16 11:04:17,491 [INFO] Epoch 31/50 | Train Loss: 1.4136, Train Acc: 84.72% | (validation skipped) | LR: 0.000323 | Time: 71.1s
2026-02-16 11:05:28,712 [INFO] Epoch 32/50 | Train Loss: 1.3993, Train Acc: 85.24% | (validation skipped) | LR: 0.000294 | Time: 71.2s
2026-02-16 11:06:39,766 [INFO] Epoch 33/50 | Train Loss: 1.3820, Train Acc: 85.78% | (validation skipped) | LR: 0.000267 | Time: 71.1s
2026-02-16 11:07:50,867 [INFO] Epoch 34/50 | Train Loss: 1.3635, Train Acc: 86.39% | (validation skipped) | LR: 0.000240 | Time: 71.1s
2026-02-16 11:09:06,534 [INFO] Epoch 35/50 | Train Loss: 1.3509, Train Acc: 86.78% | Val Loss: 1.4257, Val Acc: 84.64% | LR: 0.000214 | Time: 75.7s
2026-02-16 11:09:06,715 [INFO] New best accuracy: 84.64%
2026-02-16 11:10:17,715 [INFO] Epoch 36/50 | Train Loss: 1.3391, Train Acc: 87.24% | (validation skipped) | LR: 0.000189 | Time: 71.0s
2026-02-16 11:11:28,782 [INFO] Epoch 37/50 | Train Loss: 1.3242, Train Acc: 87.67% | (validation skipped) | LR: 0.000166 | Time: 71.1s
2026-02-16 11:12:39,879 [INFO] Epoch 38/50 | Train Loss: 1.3117, Train Acc: 88.07% | (validation skipped) | LR: 0.000144 | Time: 71.1s
2026-02-16 11:13:50,807 [INFO] Epoch 39/50 | Train Loss: 1.2964, Train Acc: 88.62% | (validation skipped) | LR: 0.000124 | Time: 70.9s
2026-02-16 11:15:07,001 [INFO] Epoch 40/50 | Train Loss: 1.2887, Train Acc: 88.83% | Val Loss: 1.3919, Val Acc: 85.26% | LR: 0.000105 | Time: 76.2s
2026-02-16 11:15:07,180 [INFO] New best accuracy: 85.26%
2026-02-16 11:16:18,580 [INFO] Epoch 41/50 | Train Loss: 1.2801, Train Acc: 89.18% | (validation skipped) | LR: 0.000087 | Time: 71.2s
2026-02-16 11:17:29,608 [INFO] Epoch 42/50 | Train Loss: 1.2743, Train Acc: 89.25% | (validation skipped) | LR: 0.000071 | Time: 71.0s
2026-02-16 11:18:40,634 [INFO] Epoch 43/50 | Train Loss: 1.2613, Train Acc: 89.75% | (validation skipped) | LR: 0.000057 | Time: 71.0s
2026-02-16 11:19:51,801 [INFO] Epoch 44/50 | Train Loss: 1.2535, Train Acc: 89.89% | (validation skipped) | LR: 0.000045 | Time: 71.2s
2026-02-16 11:21:07,416 [INFO] Epoch 45/50 | Train Loss: 1.2507, Train Acc: 90.07% | Val Loss: 1.3806, Val Acc: 85.86% | LR: 0.000034 | Time: 75.6s
2026-02-16 11:21:07,582 [INFO] New best accuracy: 85.86%
2026-02-16 11:22:19,532 [INFO] Epoch 46/50 | Train Loss: 1.2433, Train Acc: 90.30% | (validation skipped) | LR: 0.000026 | Time: 72.0s
2026-02-16 11:23:31,447 [INFO] Epoch 47/50 | Train Loss: 1.2401, Train Acc: 90.39% | (validation skipped) | LR: 0.000019 | Time: 71.9s
2026-02-16 11:24:45,287 [INFO] Epoch 48/50 | Train Loss: 1.2362, Train Acc: 90.52% | (validation skipped) | LR: 0.000014 | Time: 73.8s
2026-02-16 11:25:56,491 [INFO] Epoch 49/50 | Train Loss: 1.2366, Train Acc: 90.45% | (validation skipped) | LR: 0.000011 | Time: 71.2s
2026-02-16 11:27:12,065 [INFO] Epoch 50/50 | Train Loss: 1.2349, Train Acc: 90.52% | Val Loss: 1.3768, Val Acc: 85.92% | LR: 0.000010 | Time: 75.6s
2026-02-16 11:27:12,288 [INFO] New best accuracy: 85.92%
2026-02-16 11:27:12,433 [INFO] Training complete! Best accuracy: 85.92%
2026-02-16 11:27:12,433 [INFO] Outputs saved to: /projects/prjs0771/melle/projects/visionCNN/logs/vgg_small_batchnorm
