[2026-02-16 10:33:17,269] torch.distributed.run: [WARNING] master_addr is only used for static rdzv_backend and when rdzv_endpoint is not specified.
/projects/prjs0771/melle/envs/pytorch21-cuda121/lib/python3.11/site-packages/torchvision/io/image.py:13: UserWarning: Failed to load image Python extension: '/gpfs/work1/0/prjs0771/melle/envs/pytorch21-cuda121/lib/python3.11/site-packages/torchvision/image.so: undefined symbol: _ZN3c106detail23torchInternalAssertFailEPKcS2_jS2_RKSs'If you don't plan on using image functionality from `torchvision.io`, you can ignore this warning. Otherwise, there might be something wrong with your environment. Did you have `libjpeg` or `libpng` installed before building `torchvision` from source?
  warn(
2026-02-16 10:33:21,828 [INFO] Distributed: DistributedManager(rank=0, local_rank=0, world_size=1, device=cuda:0, is_distributed=True)
2026-02-16 10:33:21,828 [INFO] Config: {'experiment_name': 'convnext_medium_batchnorm', 'model': {'name': 'convnext_medium', 'num_classes': 100, 'norm_layer': 'batchnorm'}, 'data': {'dataset': 'imagenet100', 'root': '/scratch-nvme/ml-datasets/imagenet/torchvision_ImageFolder', 'img_size': 224, 'backend': 'pytorch', 'num_workers': 16, 'pin_memory': True, 'persistent_workers': True, 'prefetch_factor': 2, 'gpu_transforms': True}, 'training': {'epochs': 50, 'batch_size': 128, 'lr': 0.001, 'min_lr': 1e-05, 'weight_decay': 0.05, 'optimizer': 'adamw', 'scheduler': 'cosine', 'label_smoothing': 0.1, 'use_amp': True, 'channels_last': True, 'seed': 42, 'val_frequency': 5, 'save_frequency': 10, 'disable_progress_bar': True}, 'logging': {'log_dir': 'logs'}, 'wandb': {'enabled': True, 'project': 'norm-comparison', 'tags': ['norm-experiment', 'imagenet100']}}
2026-02-16 10:33:21,828 [INFO] Run directory: /projects/prjs0771/melle/projects/visionCNN/logs/convnext_medium_batchnorm
2026-02-16 10:33:21,828 [INFO] Set random seed: 42 (rank offset applied)
2026-02-16 10:33:21,828 [INFO] Using device: cuda:0
2026-02-16 10:33:21,828 [INFO] World size: 1
2026-02-16 10:33:23,245 [INFO] Model: convnext_medium, Parameters: 19,173,700
2026-02-16 10:33:23,250 [INFO] Using channels-last (NHWC) memory format
2026-02-16 10:33:23,288 [INFO] Mixed precision training: True
2026-02-16 10:33:38,721 [INFO] Using GPU-accelerated transforms to reduce CPU bottleneck
2026-02-16 10:33:38,721 [INFO] Train samples: 128135, Val samples: 5000
2026-02-16 10:33:38,721 [INFO] Effective batch size: 128 (128 x 1 GPUs)
2026-02-16 10:33:38,721 [INFO] Starting training for 50 epochs...
2026-02-16 10:36:10,669 [INFO] Epoch 1/50 | Train Loss: 3.9164, Train Acc: 14.32% | (validation skipped) | LR: 0.000999 | Time: 151.9s
2026-02-16 10:38:34,611 [INFO] Epoch 2/50 | Train Loss: 3.2277, Train Acc: 30.44% | (validation skipped) | LR: 0.000996 | Time: 143.9s
2026-02-16 10:40:58,514 [INFO] Epoch 3/50 | Train Loss: 2.8241, Train Acc: 41.43% | (validation skipped) | LR: 0.000991 | Time: 143.9s
2026-02-16 10:43:22,596 [INFO] Epoch 4/50 | Train Loss: 2.5615, Train Acc: 49.04% | (validation skipped) | LR: 0.000984 | Time: 144.1s
2026-02-16 10:45:50,745 [INFO] Epoch 5/50 | Train Loss: 2.3731, Train Acc: 54.40% | Val Loss: 2.0923, Val Acc: 63.00% | LR: 0.000976 | Time: 148.1s
2026-02-16 10:45:51,042 [INFO] New best accuracy: 63.00%
2026-02-16 10:48:15,166 [INFO] Epoch 6/50 | Train Loss: 2.2331, Train Acc: 58.55% | (validation skipped) | LR: 0.000965 | Time: 144.1s
2026-02-16 10:50:39,397 [INFO] Epoch 7/50 | Train Loss: 2.1210, Train Acc: 61.89% | (validation skipped) | LR: 0.000953 | Time: 144.2s
2026-02-16 10:53:03,469 [INFO] Epoch 8/50 | Train Loss: 2.0323, Train Acc: 64.55% | (validation skipped) | LR: 0.000939 | Time: 144.1s
2026-02-16 10:55:27,568 [INFO] Epoch 9/50 | Train Loss: 1.9577, Train Acc: 66.61% | (validation skipped) | LR: 0.000923 | Time: 144.1s
2026-02-16 10:57:54,879 [INFO] Epoch 10/50 | Train Loss: 1.8962, Train Acc: 68.45% | Val Loss: 1.6952, Val Acc: 74.56% | LR: 0.000905 | Time: 147.3s
2026-02-16 10:57:55,135 [INFO] New best accuracy: 74.56%
2026-02-16 11:00:19,336 [INFO] Epoch 11/50 | Train Loss: 1.8375, Train Acc: 70.14% | (validation skipped) | LR: 0.000886 | Time: 143.9s
2026-02-16 11:02:43,425 [INFO] Epoch 12/50 | Train Loss: 1.7958, Train Acc: 71.39% | (validation skipped) | LR: 0.000866 | Time: 144.1s
2026-02-16 11:05:07,355 [INFO] Epoch 13/50 | Train Loss: 1.7465, Train Acc: 72.99% | (validation skipped) | LR: 0.000844 | Time: 143.9s
2026-02-16 11:07:31,327 [INFO] Epoch 14/50 | Train Loss: 1.6994, Train Acc: 74.18% | (validation skipped) | LR: 0.000821 | Time: 144.0s
2026-02-16 11:09:58,338 [INFO] Epoch 15/50 | Train Loss: 1.6624, Train Acc: 75.32% | Val Loss: 1.5272, Val Acc: 79.26% | LR: 0.000796 | Time: 147.0s
2026-02-16 11:09:58,608 [INFO] New best accuracy: 79.26%
2026-02-16 11:12:22,409 [INFO] Epoch 16/50 | Train Loss: 1.6337, Train Acc: 76.14% | (validation skipped) | LR: 0.000770 | Time: 143.8s
2026-02-16 11:14:46,506 [INFO] Epoch 17/50 | Train Loss: 1.6019, Train Acc: 77.17% | (validation skipped) | LR: 0.000743 | Time: 144.1s
2026-02-16 11:17:10,453 [INFO] Epoch 18/50 | Train Loss: 1.5650, Train Acc: 78.32% | (validation skipped) | LR: 0.000716 | Time: 143.9s
2026-02-16 11:19:34,355 [INFO] Epoch 19/50 | Train Loss: 1.5335, Train Acc: 79.19% | (validation skipped) | LR: 0.000687 | Time: 143.9s
2026-02-16 11:22:01,431 [INFO] Epoch 20/50 | Train Loss: 1.5115, Train Acc: 79.81% | Val Loss: 1.4358, Val Acc: 81.64% | LR: 0.000658 | Time: 147.1s
2026-02-16 11:22:01,674 [INFO] New best accuracy: 81.64%
2026-02-16 11:24:26,188 [INFO] Epoch 21/50 | Train Loss: 1.4770, Train Acc: 80.77% | (validation skipped) | LR: 0.000628 | Time: 144.3s
2026-02-16 11:26:50,137 [INFO] Epoch 22/50 | Train Loss: 1.4569, Train Acc: 81.50% | (validation skipped) | LR: 0.000598 | Time: 143.9s
2026-02-16 11:29:13,930 [INFO] Epoch 23/50 | Train Loss: 1.4245, Train Acc: 82.43% | (validation skipped) | LR: 0.000567 | Time: 143.8s
2026-02-16 11:31:37,918 [INFO] Epoch 24/50 | Train Loss: 1.4042, Train Acc: 82.97% | (validation skipped) | LR: 0.000536 | Time: 144.0s
2026-02-16 11:34:05,037 [INFO] Epoch 25/50 | Train Loss: 1.3771, Train Acc: 83.84% | Val Loss: 1.3715, Val Acc: 83.28% | LR: 0.000505 | Time: 147.1s
2026-02-16 11:34:05,330 [INFO] New best accuracy: 83.28%
2026-02-16 11:36:28,978 [INFO] Epoch 26/50 | Train Loss: 1.3591, Train Acc: 84.45% | (validation skipped) | LR: 0.000474 | Time: 143.6s
2026-02-16 11:38:52,955 [INFO] Epoch 27/50 | Train Loss: 1.3346, Train Acc: 85.15% | (validation skipped) | LR: 0.000443 | Time: 144.0s
2026-02-16 11:41:16,871 [INFO] Epoch 28/50 | Train Loss: 1.3100, Train Acc: 85.87% | (validation skipped) | LR: 0.000412 | Time: 143.9s
2026-02-16 11:43:40,767 [INFO] Epoch 29/50 | Train Loss: 1.2984, Train Acc: 86.29% | (validation skipped) | LR: 0.000382 | Time: 143.9s
2026-02-16 11:46:07,741 [INFO] Epoch 30/50 | Train Loss: 1.2727, Train Acc: 87.04% | Val Loss: 1.3419, Val Acc: 84.28% | LR: 0.000352 | Time: 147.0s
2026-02-16 11:46:08,032 [INFO] New best accuracy: 84.28%
2026-02-16 11:48:32,171 [INFO] Epoch 31/50 | Train Loss: 1.2553, Train Acc: 87.59% | (validation skipped) | LR: 0.000323 | Time: 143.8s
2026-02-16 11:50:56,099 [INFO] Epoch 32/50 | Train Loss: 1.2380, Train Acc: 88.07% | (validation skipped) | LR: 0.000294 | Time: 143.9s
2026-02-16 11:53:20,017 [INFO] Epoch 33/50 | Train Loss: 1.2175, Train Acc: 88.75% | (validation skipped) | LR: 0.000267 | Time: 143.9s
2026-02-16 11:55:43,896 [INFO] Epoch 34/50 | Train Loss: 1.2038, Train Acc: 89.17% | (validation skipped) | LR: 0.000240 | Time: 143.8s
2026-02-16 11:58:10,931 [INFO] Epoch 35/50 | Train Loss: 1.1855, Train Acc: 89.63% | Val Loss: 1.2958, Val Acc: 85.26% | LR: 0.000214 | Time: 147.0s
2026-02-16 11:58:11,246 [INFO] New best accuracy: 85.26%
2026-02-16 12:00:34,916 [INFO] Epoch 36/50 | Train Loss: 1.1692, Train Acc: 90.19% | (validation skipped) | LR: 0.000189 | Time: 143.7s
2026-02-16 12:02:58,635 [INFO] Epoch 37/50 | Train Loss: 1.1577, Train Acc: 90.47% | (validation skipped) | LR: 0.000166 | Time: 143.7s
2026-02-16 12:05:22,469 [INFO] Epoch 38/50 | Train Loss: 1.1464, Train Acc: 90.78% | (validation skipped) | LR: 0.000144 | Time: 143.8s
2026-02-16 12:07:46,214 [INFO] Epoch 39/50 | Train Loss: 1.1368, Train Acc: 91.11% | (validation skipped) | LR: 0.000124 | Time: 143.7s
2026-02-16 12:10:13,270 [INFO] Epoch 40/50 | Train Loss: 1.1220, Train Acc: 91.55% | Val Loss: 1.2806, Val Acc: 85.92% | LR: 0.000105 | Time: 147.0s
2026-02-16 12:10:13,544 [INFO] New best accuracy: 85.92%
2026-02-16 12:12:37,578 [INFO] Epoch 41/50 | Train Loss: 1.1132, Train Acc: 91.79% | (validation skipped) | LR: 0.000087 | Time: 143.8s
2026-02-16 12:15:01,432 [INFO] Epoch 42/50 | Train Loss: 1.1059, Train Acc: 91.97% | (validation skipped) | LR: 0.000071 | Time: 143.8s
2026-02-16 12:17:25,292 [INFO] Epoch 43/50 | Train Loss: 1.0976, Train Acc: 92.28% | (validation skipped) | LR: 0.000057 | Time: 143.8s
2026-02-16 12:19:49,171 [INFO] Epoch 44/50 | Train Loss: 1.0936, Train Acc: 92.30% | (validation skipped) | LR: 0.000045 | Time: 143.9s
2026-02-16 12:22:16,042 [INFO] Epoch 45/50 | Train Loss: 1.0817, Train Acc: 92.69% | Val Loss: 1.2563, Val Acc: 86.58% | LR: 0.000034 | Time: 146.9s
2026-02-16 12:22:16,335 [INFO] New best accuracy: 86.58%
2026-02-16 12:24:39,990 [INFO] Epoch 46/50 | Train Loss: 1.0812, Train Acc: 92.67% | (validation skipped) | LR: 0.000026 | Time: 143.7s
2026-02-16 12:27:03,649 [INFO] Epoch 47/50 | Train Loss: 1.0773, Train Acc: 92.78% | (validation skipped) | LR: 0.000019 | Time: 143.6s
2026-02-16 12:29:27,294 [INFO] Epoch 48/50 | Train Loss: 1.0732, Train Acc: 92.91% | (validation skipped) | LR: 0.000014 | Time: 143.6s
2026-02-16 12:31:51,301 [INFO] Epoch 49/50 | Train Loss: 1.0693, Train Acc: 93.05% | (validation skipped) | LR: 0.000011 | Time: 144.0s
srun: Job step aborted: Waiting up to 32 seconds for job step to finish.
[2026-02-16T12:33:03.042] error: *** STEP 19536890.0 ON gcn8 CANCELLED AT 2026-02-16T12:33:03 DUE TO TIME LIMIT ***
[2026-02-16T12:33:03.042] error: *** JOB 19536890 ON gcn8 CANCELLED AT 2026-02-16T12:33:03 DUE TO TIME LIMIT ***
[2026-02-16 12:33:03,043] torch.distributed.elastic.agent.server.api: [WARNING] Received 15 death signal, shutting down workers
[2026-02-16 12:33:03,043] torch.distributed.elastic.multiprocessing.api: [WARNING] Sending process 3159306 closing signal SIGTERM
[2026-02-16 12:33:03,046] torch.distributed.elastic.multiprocessing.api: [WARNING] Sending process 3159306 closing signal SIGTERM
