[2026-02-16 10:32:40,090] torch.distributed.run: [WARNING] master_addr is only used for static rdzv_backend and when rdzv_endpoint is not specified.
/projects/prjs0771/melle/envs/pytorch21-cuda121/lib/python3.11/site-packages/torchvision/io/image.py:13: UserWarning: Failed to load image Python extension: '/gpfs/work1/0/prjs0771/melle/envs/pytorch21-cuda121/lib/python3.11/site-packages/torchvision/image.so: undefined symbol: _ZN3c106detail23torchInternalAssertFailEPKcS2_jS2_RKSs'If you don't plan on using image functionality from `torchvision.io`, you can ignore this warning. Otherwise, there might be something wrong with your environment. Did you have `libjpeg` or `libpng` installed before building `torchvision` from source?
  warn(
2026-02-16 10:32:44,545 [INFO] Distributed: DistributedManager(rank=0, local_rank=0, world_size=1, device=cuda:0, is_distributed=True)
2026-02-16 10:32:44,545 [INFO] Config: {'experiment_name': 'resnet_medium_batchnorm', 'model': {'name': 'resnet_medium', 'num_classes': 100, 'norm_layer': 'batchnorm'}, 'data': {'dataset': 'imagenet100', 'root': '/scratch-nvme/ml-datasets/imagenet/torchvision_ImageFolder', 'img_size': 224, 'backend': 'pytorch', 'num_workers': 16, 'pin_memory': True, 'persistent_workers': True, 'prefetch_factor': 2, 'gpu_transforms': True}, 'training': {'epochs': 50, 'batch_size': 128, 'lr': 0.001, 'min_lr': 1e-05, 'weight_decay': 0.05, 'optimizer': 'adamw', 'scheduler': 'cosine', 'label_smoothing': 0.1, 'use_amp': True, 'channels_last': True, 'seed': 42, 'val_frequency': 5, 'save_frequency': 10, 'disable_progress_bar': True}, 'logging': {'log_dir': 'logs'}, 'wandb': {'enabled': True, 'project': 'norm-comparison', 'tags': ['norm-experiment', 'imagenet100']}}
2026-02-16 10:32:44,545 [INFO] Run directory: /projects/prjs0771/melle/projects/visionCNN/logs/resnet_medium_batchnorm
2026-02-16 10:32:44,545 [INFO] Set random seed: 42 (rank offset applied)
2026-02-16 10:32:44,545 [INFO] Using device: cuda:0
2026-02-16 10:32:44,545 [INFO] World size: 1
2026-02-16 10:32:44,782 [INFO] Model: resnet_medium, Parameters: 21,335,972
2026-02-16 10:32:44,815 [INFO] Using channels-last (NHWC) memory format
2026-02-16 10:32:44,859 [INFO] Mixed precision training: True
2026-02-16 10:33:00,574 [INFO] Using GPU-accelerated transforms to reduce CPU bottleneck
2026-02-16 10:33:00,574 [INFO] Train samples: 128135, Val samples: 5000
2026-02-16 10:33:00,575 [INFO] Effective batch size: 128 (128 x 1 GPUs)
2026-02-16 10:33:00,575 [INFO] Starting training for 50 epochs...
2026-02-16 10:33:50,923 [INFO] Epoch 1/50 | Train Loss: 3.8239, Train Acc: 14.77% | (validation skipped) | LR: 0.000999 | Time: 50.3s
2026-02-16 10:34:37,122 [INFO] Epoch 2/50 | Train Loss: 3.1540, Train Acc: 30.51% | (validation skipped) | LR: 0.000996 | Time: 46.2s
2026-02-16 10:35:22,939 [INFO] Epoch 3/50 | Train Loss: 2.7714, Train Acc: 41.13% | (validation skipped) | LR: 0.000991 | Time: 45.8s
2026-02-16 10:36:09,098 [INFO] Epoch 4/50 | Train Loss: 2.5200, Train Acc: 48.78% | (validation skipped) | LR: 0.000984 | Time: 46.2s
2026-02-16 10:36:59,454 [INFO] Epoch 5/50 | Train Loss: 2.3415, Train Acc: 53.81% | Val Loss: 2.1455, Val Acc: 59.82% | LR: 0.000976 | Time: 50.3s
2026-02-16 10:36:59,789 [INFO] New best accuracy: 59.82%
2026-02-16 10:37:46,711 [INFO] Epoch 6/50 | Train Loss: 2.2091, Train Acc: 57.79% | (validation skipped) | LR: 0.000965 | Time: 46.9s
2026-02-16 10:38:33,320 [INFO] Epoch 7/50 | Train Loss: 2.1084, Train Acc: 60.67% | (validation skipped) | LR: 0.000953 | Time: 46.6s
2026-02-16 10:39:19,633 [INFO] Epoch 8/50 | Train Loss: 2.0268, Train Acc: 63.09% | (validation skipped) | LR: 0.000939 | Time: 46.3s
2026-02-16 10:40:05,478 [INFO] Epoch 9/50 | Train Loss: 1.9574, Train Acc: 65.17% | (validation skipped) | LR: 0.000923 | Time: 45.8s
2026-02-16 10:40:54,397 [INFO] Epoch 10/50 | Train Loss: 1.8968, Train Acc: 67.00% | Val Loss: 1.8172, Val Acc: 70.22% | LR: 0.000905 | Time: 48.9s
2026-02-16 10:40:54,779 [INFO] New best accuracy: 70.22%
2026-02-16 10:41:41,193 [INFO] Epoch 11/50 | Train Loss: 1.8466, Train Acc: 68.60% | (validation skipped) | LR: 0.000886 | Time: 46.1s
2026-02-16 10:42:26,960 [INFO] Epoch 12/50 | Train Loss: 1.7965, Train Acc: 70.06% | (validation skipped) | LR: 0.000866 | Time: 45.8s
2026-02-16 10:43:13,379 [INFO] Epoch 13/50 | Train Loss: 1.7617, Train Acc: 70.93% | (validation skipped) | LR: 0.000844 | Time: 46.4s
2026-02-16 10:43:59,432 [INFO] Epoch 14/50 | Train Loss: 1.7175, Train Acc: 72.23% | (validation skipped) | LR: 0.000821 | Time: 46.1s
2026-02-16 10:44:48,769 [INFO] Epoch 15/50 | Train Loss: 1.6807, Train Acc: 73.35% | Val Loss: 1.5783, Val Acc: 76.96% | LR: 0.000796 | Time: 49.3s
2026-02-16 10:44:49,088 [INFO] New best accuracy: 76.96%
2026-02-16 10:45:35,255 [INFO] Epoch 16/50 | Train Loss: 1.6460, Train Acc: 74.56% | (validation skipped) | LR: 0.000770 | Time: 46.2s
2026-02-16 10:46:21,310 [INFO] Epoch 17/50 | Train Loss: 1.6215, Train Acc: 75.18% | (validation skipped) | LR: 0.000743 | Time: 46.1s
2026-02-16 10:47:07,328 [INFO] Epoch 18/50 | Train Loss: 1.5886, Train Acc: 76.17% | (validation skipped) | LR: 0.000716 | Time: 46.0s
2026-02-16 10:47:53,708 [INFO] Epoch 19/50 | Train Loss: 1.5637, Train Acc: 76.93% | (validation skipped) | LR: 0.000687 | Time: 46.4s
2026-02-16 10:48:42,412 [INFO] Epoch 20/50 | Train Loss: 1.5330, Train Acc: 77.85% | Val Loss: 1.4988, Val Acc: 78.88% | LR: 0.000658 | Time: 48.7s
2026-02-16 10:48:42,766 [INFO] New best accuracy: 78.88%
2026-02-16 10:49:29,504 [INFO] Epoch 21/50 | Train Loss: 1.5132, Train Acc: 78.43% | (validation skipped) | LR: 0.000628 | Time: 46.4s
2026-02-16 10:50:17,397 [INFO] Epoch 22/50 | Train Loss: 1.4865, Train Acc: 79.24% | (validation skipped) | LR: 0.000598 | Time: 47.9s
2026-02-16 10:51:03,991 [INFO] Epoch 23/50 | Train Loss: 1.4616, Train Acc: 80.09% | (validation skipped) | LR: 0.000567 | Time: 46.6s
2026-02-16 10:51:50,152 [INFO] Epoch 24/50 | Train Loss: 1.4416, Train Acc: 80.57% | (validation skipped) | LR: 0.000536 | Time: 46.2s
2026-02-16 10:52:39,648 [INFO] Epoch 25/50 | Train Loss: 1.4213, Train Acc: 81.23% | Val Loss: 1.4342, Val Acc: 80.58% | LR: 0.000505 | Time: 49.4s
2026-02-16 10:52:39,999 [INFO] New best accuracy: 80.58%
2026-02-16 10:53:26,445 [INFO] Epoch 26/50 | Train Loss: 1.4024, Train Acc: 81.77% | (validation skipped) | LR: 0.000474 | Time: 46.4s
2026-02-16 10:54:12,645 [INFO] Epoch 27/50 | Train Loss: 1.3832, Train Acc: 82.44% | (validation skipped) | LR: 0.000443 | Time: 46.2s
2026-02-16 10:54:58,373 [INFO] Epoch 28/50 | Train Loss: 1.3600, Train Acc: 83.11% | (validation skipped) | LR: 0.000412 | Time: 45.7s
2026-02-16 10:55:44,032 [INFO] Epoch 29/50 | Train Loss: 1.3420, Train Acc: 83.74% | (validation skipped) | LR: 0.000382 | Time: 45.7s
2026-02-16 10:56:33,201 [INFO] Epoch 30/50 | Train Loss: 1.3191, Train Acc: 84.43% | Val Loss: 1.3984, Val Acc: 82.32% | LR: 0.000352 | Time: 49.1s
2026-02-16 10:56:33,555 [INFO] New best accuracy: 82.32%
2026-02-16 10:57:20,022 [INFO] Epoch 31/50 | Train Loss: 1.2984, Train Acc: 85.16% | (validation skipped) | LR: 0.000323 | Time: 46.2s
2026-02-16 10:58:05,957 [INFO] Epoch 32/50 | Train Loss: 1.2822, Train Acc: 85.60% | (validation skipped) | LR: 0.000294 | Time: 45.9s
2026-02-16 10:58:52,067 [INFO] Epoch 33/50 | Train Loss: 1.2654, Train Acc: 86.15% | (validation skipped) | LR: 0.000267 | Time: 46.1s
2026-02-16 10:59:37,799 [INFO] Epoch 34/50 | Train Loss: 1.2446, Train Acc: 86.81% | (validation skipped) | LR: 0.000240 | Time: 45.7s
2026-02-16 11:00:26,621 [INFO] Epoch 35/50 | Train Loss: 1.2269, Train Acc: 87.45% | Val Loss: 1.3252, Val Acc: 84.16% | LR: 0.000214 | Time: 48.8s
2026-02-16 11:00:26,938 [INFO] New best accuracy: 84.16%
2026-02-16 11:01:13,322 [INFO] Epoch 36/50 | Train Loss: 1.2159, Train Acc: 87.74% | (validation skipped) | LR: 0.000189 | Time: 46.4s
2026-02-16 11:01:58,953 [INFO] Epoch 37/50 | Train Loss: 1.2019, Train Acc: 88.14% | (validation skipped) | LR: 0.000166 | Time: 45.6s
2026-02-16 11:02:44,823 [INFO] Epoch 38/50 | Train Loss: 1.1892, Train Acc: 88.68% | (validation skipped) | LR: 0.000144 | Time: 45.9s
2026-02-16 11:03:30,447 [INFO] Epoch 39/50 | Train Loss: 1.1721, Train Acc: 89.16% | (validation skipped) | LR: 0.000124 | Time: 45.6s
2026-02-16 11:04:19,966 [INFO] Epoch 40/50 | Train Loss: 1.1576, Train Acc: 89.63% | Val Loss: 1.2966, Val Acc: 85.16% | LR: 0.000105 | Time: 49.5s
2026-02-16 11:04:20,282 [INFO] New best accuracy: 85.16%
2026-02-16 11:05:06,935 [INFO] Epoch 41/50 | Train Loss: 1.1496, Train Acc: 89.83% | (validation skipped) | LR: 0.000087 | Time: 46.3s
2026-02-16 11:05:52,709 [INFO] Epoch 42/50 | Train Loss: 1.1385, Train Acc: 90.18% | (validation skipped) | LR: 0.000071 | Time: 45.8s
2026-02-16 11:06:38,543 [INFO] Epoch 43/50 | Train Loss: 1.1282, Train Acc: 90.51% | (validation skipped) | LR: 0.000057 | Time: 45.8s
2026-02-16 11:07:24,308 [INFO] Epoch 44/50 | Train Loss: 1.1237, Train Acc: 90.70% | (validation skipped) | LR: 0.000045 | Time: 45.8s
2026-02-16 11:08:13,511 [INFO] Epoch 45/50 | Train Loss: 1.1178, Train Acc: 90.90% | Val Loss: 1.2816, Val Acc: 85.46% | LR: 0.000034 | Time: 49.2s
2026-02-16 11:08:13,855 [INFO] New best accuracy: 85.46%
2026-02-16 11:09:00,513 [INFO] Epoch 46/50 | Train Loss: 1.1117, Train Acc: 91.08% | (validation skipped) | LR: 0.000026 | Time: 46.7s
2026-02-16 11:09:46,778 [INFO] Epoch 47/50 | Train Loss: 1.1040, Train Acc: 91.37% | (validation skipped) | LR: 0.000019 | Time: 46.3s
2026-02-16 11:10:32,778 [INFO] Epoch 48/50 | Train Loss: 1.1016, Train Acc: 91.46% | (validation skipped) | LR: 0.000014 | Time: 46.0s
2026-02-16 11:11:18,697 [INFO] Epoch 49/50 | Train Loss: 1.1002, Train Acc: 91.44% | (validation skipped) | LR: 0.000011 | Time: 45.9s
2026-02-16 11:12:07,673 [INFO] Epoch 50/50 | Train Loss: 1.1004, Train Acc: 91.46% | Val Loss: 1.2724, Val Acc: 86.14% | LR: 0.000010 | Time: 49.0s
2026-02-16 11:12:07,998 [INFO] New best accuracy: 86.14%
2026-02-16 11:12:08,311 [INFO] Training complete! Best accuracy: 86.14%
2026-02-16 11:12:08,311 [INFO] Outputs saved to: /projects/prjs0771/melle/projects/visionCNN/logs/resnet_medium_batchnorm
