[2026-02-16 12:44:59,913] torch.distributed.run: [WARNING] master_addr is only used for static rdzv_backend and when rdzv_endpoint is not specified.
/projects/prjs0771/melle/envs/pytorch21-cuda121/lib/python3.11/site-packages/torchvision/io/image.py:13: UserWarning: Failed to load image Python extension: '/gpfs/work1/0/prjs0771/melle/envs/pytorch21-cuda121/lib/python3.11/site-packages/torchvision/image.so: undefined symbol: _ZN3c106detail23torchInternalAssertFailEPKcS2_jS2_RKSs'If you don't plan on using image functionality from `torchvision.io`, you can ignore this warning. Otherwise, there might be something wrong with your environment. Did you have `libjpeg` or `libpng` installed before building `torchvision` from source?
  warn(
2026-02-16 12:45:04,542 [INFO] Distributed: DistributedManager(rank=0, local_rank=0, world_size=1, device=cuda:0, is_distributed=True)
2026-02-16 12:45:04,558 [INFO] Config: {'experiment_name': 'convnext_medium_batchnorm', 'model': {'name': 'convnext_medium', 'num_classes': 100, 'norm_layer': 'batchnorm'}, 'data': {'dataset': 'imagenet100', 'root': '/scratch-nvme/ml-datasets/imagenet/torchvision_ImageFolder', 'img_size': 224, 'backend': 'pytorch', 'num_workers': 16, 'pin_memory': True, 'persistent_workers': True, 'prefetch_factor': 2, 'gpu_transforms': True}, 'training': {'epochs': 50, 'batch_size': 128, 'lr': 0.001, 'min_lr': 1e-05, 'weight_decay': 0.05, 'optimizer': 'adamw', 'scheduler': 'cosine', 'label_smoothing': 0.1, 'use_amp': True, 'channels_last': True, 'seed': 42, 'val_frequency': 5, 'save_frequency': 10, 'disable_progress_bar': True}, 'logging': {'log_dir': 'logs'}, 'wandb': {'enabled': True, 'project': 'norm-comparison', 'tags': ['norm-experiment', 'imagenet100']}}
2026-02-16 12:45:04,558 [INFO] Run directory: /projects/prjs0771/melle/projects/visionCNN/logs/convnext_medium_batchnorm
2026-02-16 12:45:04,558 [INFO] Set random seed: 42 (rank offset applied)
2026-02-16 12:45:04,558 [INFO] Using device: cuda:0
2026-02-16 12:45:04,558 [INFO] World size: 1
2026-02-16 12:45:05,974 [INFO] Model: convnext_medium, Parameters: 19,173,700
2026-02-16 12:45:05,979 [INFO] Using channels-last (NHWC) memory format
2026-02-16 12:45:06,009 [INFO] Mixed precision training: True
2026-02-16 12:45:21,031 [INFO] Using GPU-accelerated transforms to reduce CPU bottleneck
2026-02-16 12:45:21,031 [INFO] Train samples: 128135, Val samples: 5000
2026-02-16 12:45:21,031 [INFO] Effective batch size: 128 (128 x 1 GPUs)
2026-02-16 12:45:21,031 [INFO] Resuming from: /projects/prjs0771/melle/projects/visionCNN/logs/convnext_medium_batchnorm/last.pt
2026-02-16 12:45:21,981 [INFO] Resumed from epoch 40, best_acc: 85.92%
2026-02-16 12:45:21,981 [INFO] Starting training for 50 epochs...
2026-02-16 12:47:57,855 [INFO] Epoch 41/50 | Train Loss: 1.1114, Train Acc: 91.91% | (validation skipped) | LR: 0.000087 | Time: 155.9s
2026-02-16 12:50:25,409 [INFO] Epoch 42/50 | Train Loss: 1.1072, Train Acc: 91.88% | (validation skipped) | LR: 0.000071 | Time: 147.5s
2026-02-16 12:52:52,971 [INFO] Epoch 43/50 | Train Loss: 1.0950, Train Acc: 92.37% | (validation skipped) | LR: 0.000057 | Time: 147.5s
2026-02-16 12:55:20,527 [INFO] Epoch 44/50 | Train Loss: 1.0870, Train Acc: 92.58% | (validation skipped) | LR: 0.000045 | Time: 147.6s
2026-02-16 12:57:52,039 [INFO] Epoch 45/50 | Train Loss: 1.0813, Train Acc: 92.73% | Val Loss: 1.2577, Val Acc: 86.64% | LR: 0.000034 | Time: 151.4s
2026-02-16 12:57:52,318 [INFO] New best accuracy: 86.64%
2026-02-16 13:00:19,740 [INFO] Epoch 46/50 | Train Loss: 1.0820, Train Acc: 92.64% | (validation skipped) | LR: 0.000026 | Time: 147.4s
2026-02-16 13:02:47,158 [INFO] Epoch 47/50 | Train Loss: 1.0733, Train Acc: 92.94% | (validation skipped) | LR: 0.000019 | Time: 147.4s
2026-02-16 13:05:14,512 [INFO] Epoch 48/50 | Train Loss: 1.0717, Train Acc: 92.94% | (validation skipped) | LR: 0.000014 | Time: 147.3s
2026-02-16 13:07:42,216 [INFO] Epoch 49/50 | Train Loss: 1.0717, Train Acc: 92.96% | (validation skipped) | LR: 0.000011 | Time: 147.7s
2026-02-16 13:10:12,908 [INFO] Epoch 50/50 | Train Loss: 1.0702, Train Acc: 92.97% | Val Loss: 1.2564, Val Acc: 86.18% | LR: 0.000010 | Time: 150.6s
2026-02-16 13:10:13,199 [INFO] Training complete! Best accuracy: 86.64%
2026-02-16 13:10:13,199 [INFO] Outputs saved to: /projects/prjs0771/melle/projects/visionCNN/logs/convnext_medium_batchnorm
