[2026-02-16 12:44:54,527] torch.distributed.run: [WARNING] master_addr is only used for static rdzv_backend and when rdzv_endpoint is not specified.
/projects/prjs0771/melle/envs/pytorch21-cuda121/lib/python3.11/site-packages/torchvision/io/image.py:13: UserWarning: Failed to load image Python extension: '/gpfs/work1/0/prjs0771/melle/envs/pytorch21-cuda121/lib/python3.11/site-packages/torchvision/image.so: undefined symbol: _ZN3c106detail23torchInternalAssertFailEPKcS2_jS2_RKSs'If you don't plan on using image functionality from `torchvision.io`, you can ignore this warning. Otherwise, there might be something wrong with your environment. Did you have `libjpeg` or `libpng` installed before building `torchvision` from source?
  warn(
2026-02-16 12:45:00,915 [INFO] Distributed: DistributedManager(rank=0, local_rank=0, world_size=1, device=cuda:0, is_distributed=True)
2026-02-16 12:45:00,930 [INFO] Config: {'experiment_name': 'vgg_small_layernorm', 'model': {'name': 'vgg_small', 'num_classes': 100, 'norm_layer': 'layernorm'}, 'data': {'dataset': 'imagenet100', 'root': '/scratch-nvme/ml-datasets/imagenet/torchvision_ImageFolder', 'img_size': 224, 'backend': 'pytorch', 'num_workers': 16, 'pin_memory': True, 'persistent_workers': True, 'prefetch_factor': 2, 'gpu_transforms': True}, 'training': {'epochs': 50, 'batch_size': 128, 'lr': 0.001, 'min_lr': 1e-05, 'weight_decay': 0.05, 'optimizer': 'adamw', 'scheduler': 'cosine', 'label_smoothing': 0.1, 'use_amp': True, 'channels_last': True, 'seed': 42, 'val_frequency': 5, 'save_frequency': 10, 'disable_progress_bar': True}, 'logging': {'log_dir': 'logs'}, 'wandb': {'enabled': True, 'project': 'norm-comparison', 'tags': ['norm-experiment', 'imagenet100']}}
2026-02-16 12:45:00,930 [INFO] Run directory: /projects/prjs0771/melle/projects/visionCNN/logs/vgg_small_layernorm
2026-02-16 12:45:00,930 [INFO] Set random seed: 42 (rank offset applied)
2026-02-16 12:45:00,930 [INFO] Using device: cuda:0
2026-02-16 12:45:00,930 [INFO] World size: 1
2026-02-16 12:45:01,030 [INFO] Model: vgg_small, Parameters: 9,277,284
2026-02-16 12:45:01,044 [INFO] Using channels-last (NHWC) memory format
2026-02-16 12:45:01,059 [INFO] Mixed precision training: True
2026-02-16 12:45:18,969 [INFO] Using GPU-accelerated transforms to reduce CPU bottleneck
2026-02-16 12:45:18,969 [INFO] Train samples: 128135, Val samples: 5000
2026-02-16 12:45:18,969 [INFO] Effective batch size: 128 (128 x 1 GPUs)
2026-02-16 12:45:18,969 [INFO] Resuming from: /projects/prjs0771/melle/projects/visionCNN/logs/vgg_small_layernorm/last.pt
2026-02-16 12:45:19,456 [INFO] Resumed from epoch 40, best_acc: 79.80%
2026-02-16 12:45:19,456 [INFO] Starting training for 50 epochs...
2026-02-16 12:47:53,153 [INFO] Epoch 41/50 | Train Loss: 1.5032, Train Acc: 80.87% | (validation skipped) | LR: 0.000087 | Time: 153.7s
2026-02-16 12:50:23,352 [INFO] Epoch 42/50 | Train Loss: 1.4867, Train Acc: 81.41% | (validation skipped) | LR: 0.000071 | Time: 150.2s
2026-02-16 12:52:53,562 [INFO] Epoch 43/50 | Train Loss: 1.4775, Train Acc: 81.78% | (validation skipped) | LR: 0.000057 | Time: 150.2s
2026-02-16 12:55:23,769 [INFO] Epoch 44/50 | Train Loss: 1.4647, Train Acc: 82.20% | (validation skipped) | LR: 0.000045 | Time: 150.2s
2026-02-16 12:57:58,012 [INFO] Epoch 45/50 | Train Loss: 1.4544, Train Acc: 82.48% | Val Loss: 1.4990, Val Acc: 80.70% | LR: 0.000034 | Time: 154.2s
2026-02-16 12:57:58,229 [INFO] New best accuracy: 80.70%
2026-02-16 13:00:28,348 [INFO] Epoch 46/50 | Train Loss: 1.4459, Train Acc: 82.75% | (validation skipped) | LR: 0.000026 | Time: 150.1s
2026-02-16 13:02:58,461 [INFO] Epoch 47/50 | Train Loss: 1.4414, Train Acc: 82.95% | (validation skipped) | LR: 0.000019 | Time: 150.1s
2026-02-16 13:05:28,571 [INFO] Epoch 48/50 | Train Loss: 1.4369, Train Acc: 83.03% | (validation skipped) | LR: 0.000014 | Time: 150.1s
2026-02-16 13:07:59,023 [INFO] Epoch 49/50 | Train Loss: 1.4323, Train Acc: 83.32% | (validation skipped) | LR: 0.000011 | Time: 150.4s
2026-02-16 13:10:33,135 [INFO] Epoch 50/50 | Train Loss: 1.4329, Train Acc: 83.15% | Val Loss: 1.4893, Val Acc: 80.90% | LR: 0.000010 | Time: 154.0s
2026-02-16 13:10:33,335 [INFO] New best accuracy: 80.90%
2026-02-16 13:10:33,600 [INFO] Training complete! Best accuracy: 80.90%
2026-02-16 13:10:33,601 [INFO] Outputs saved to: /projects/prjs0771/melle/projects/visionCNN/logs/vgg_small_layernorm
