[2026-02-17 10:08:48,681] torch.distributed.run: [WARNING] master_addr is only used for static rdzv_backend and when rdzv_endpoint is not specified.
/projects/prjs0771/melle/envs/pytorch21-cuda121/lib/python3.11/site-packages/torchvision/io/image.py:13: UserWarning: Failed to load image Python extension: '/gpfs/work1/0/prjs0771/melle/envs/pytorch21-cuda121/lib/python3.11/site-packages/torchvision/image.so: undefined symbol: _ZN3c106detail23torchInternalAssertFailEPKcS2_jS2_RKSs'If you don't plan on using image functionality from `torchvision.io`, you can ignore this warning. Otherwise, there might be something wrong with your environment. Did you have `libjpeg` or `libpng` installed before building `torchvision` from source?
  warn(
2026-02-17 10:08:53,627 [INFO] Distributed: DistributedManager(rank=0, local_rank=0, world_size=1, device=cuda:0, is_distributed=True)
2026-02-17 10:08:53,627 [INFO] Config: {'experiment_name': 'resnet_medium_layernorm_bs512_lr0.001', 'model': {'name': 'resnet_medium', 'num_classes': 100, 'norm_layer': 'layernorm'}, 'data': {'dataset': 'imagenet100', 'root': '/scratch-nvme/ml-datasets/imagenet/torchvision_ImageFolder', 'img_size': 224, 'backend': 'pytorch', 'num_workers': 16, 'pin_memory': True, 'persistent_workers': True, 'prefetch_factor': 2, 'gpu_transforms': True}, 'training': {'epochs': 50, 'batch_size': 512, 'lr': 0.001, 'min_lr': 1e-05, 'weight_decay': 0.05, 'optimizer': 'adamw', 'scheduler': 'cosine', 'label_smoothing': 0.1, 'use_amp': True, 'channels_last': True, 'seed': 42, 'val_frequency': 5, 'save_frequency': 10, 'disable_progress_bar': True, 'log_gradients': True, 'grad_log_freq': 50}, 'logging': {'log_dir': 'logs'}, 'wandb': {'enabled': True, 'project': 'norm-comparison-extended', 'tags': ['norm-experiment-extended', 'imagenet100']}}
2026-02-17 10:08:53,627 [INFO] Run directory: /projects/prjs0771/melle/projects/visionCNN/logs/resnet_medium_layernorm_bs512_lr0.001
2026-02-17 10:08:53,627 [INFO] Set random seed: 42 (rank offset applied)
2026-02-17 10:08:53,627 [INFO] Using device: cuda:0
2026-02-17 10:08:53,628 [INFO] World size: 1
2026-02-17 10:08:53,859 [INFO] Model: resnet_medium, Parameters: 21,335,972
2026-02-17 10:08:53,892 [INFO] Using channels-last (NHWC) memory format
2026-02-17 10:08:53,922 [INFO] Mixed precision training: True
2026-02-17 10:09:11,140 [INFO] Using GPU-accelerated transforms to reduce CPU bottleneck
2026-02-17 10:09:11,140 [INFO] Train samples: 128135, Val samples: 5000
2026-02-17 10:09:11,140 [INFO] Effective batch size: 512 (512 x 1 GPUs)
2026-02-17 10:09:11,141 [INFO] Starting training for 50 epochs...
2026-02-17 10:09:11,141 [INFO] Gradient flow logging enabled (every 50 steps)
2026-02-17 10:10:36,269 [INFO] Epoch 1/50 | Train Loss: 4.5929, Train Acc: 1.57% | (validation skipped) | LR: 0.000999 | Time: 85.1s
2026-02-17 10:11:54,637 [INFO] Epoch 2/50 | Train Loss: 4.4079, Train Acc: 3.81% | (validation skipped) | LR: 0.000996 | Time: 78.4s
2026-02-17 10:13:13,832 [INFO] Epoch 3/50 | Train Loss: 4.1293, Train Acc: 8.54% | (validation skipped) | LR: 0.000991 | Time: 79.2s
2026-02-17 10:14:32,597 [INFO] Epoch 4/50 | Train Loss: 3.7920, Train Acc: 15.34% | (validation skipped) | LR: 0.000984 | Time: 78.8s
2026-02-17 10:15:57,883 [INFO] Epoch 5/50 | Train Loss: 3.5224, Train Acc: 22.05% | Val Loss: 3.3125, Val Acc: 27.12% | LR: 0.000976 | Time: 85.3s
2026-02-17 10:15:58,191 [INFO] New best accuracy: 27.12%
2026-02-17 10:17:16,646 [INFO] Epoch 6/50 | Train Loss: 3.2964, Train Acc: 27.60% | (validation skipped) | LR: 0.000965 | Time: 78.5s
2026-02-17 10:18:35,389 [INFO] Epoch 7/50 | Train Loss: 3.1299, Train Acc: 32.15% | (validation skipped) | LR: 0.000953 | Time: 78.7s
2026-02-17 10:19:54,162 [INFO] Epoch 8/50 | Train Loss: 2.9878, Train Acc: 35.75% | (validation skipped) | LR: 0.000939 | Time: 78.8s
2026-02-17 10:21:12,591 [INFO] Epoch 9/50 | Train Loss: 2.8636, Train Acc: 39.27% | (validation skipped) | LR: 0.000923 | Time: 78.4s
2026-02-17 10:22:36,457 [INFO] Epoch 10/50 | Train Loss: 2.7506, Train Acc: 42.21% | Val Loss: 2.5334, Val Acc: 48.22% | LR: 0.000905 | Time: 83.8s
2026-02-17 10:22:36,717 [INFO] New best accuracy: 48.22%
2026-02-17 10:23:56,405 [INFO] Epoch 11/50 | Train Loss: 2.6565, Train Acc: 44.82% | (validation skipped) | LR: 0.000886 | Time: 79.3s
2026-02-17 10:25:14,972 [INFO] Epoch 12/50 | Train Loss: 2.5845, Train Acc: 47.10% | (validation skipped) | LR: 0.000866 | Time: 78.6s
2026-02-17 10:26:33,564 [INFO] Epoch 13/50 | Train Loss: 2.5071, Train Acc: 49.15% | (validation skipped) | LR: 0.000844 | Time: 78.6s
2026-02-17 10:27:51,755 [INFO] Epoch 14/50 | Train Loss: 2.4259, Train Acc: 51.47% | (validation skipped) | LR: 0.000821 | Time: 78.2s
2026-02-17 10:29:15,862 [INFO] Epoch 15/50 | Train Loss: 2.3569, Train Acc: 53.46% | Val Loss: 2.1907, Val Acc: 58.02% | LR: 0.000796 | Time: 84.1s
2026-02-17 10:29:16,145 [INFO] New best accuracy: 58.02%
2026-02-17 10:30:34,251 [INFO] Epoch 16/50 | Train Loss: 2.3083, Train Acc: 54.86% | (validation skipped) | LR: 0.000770 | Time: 78.1s
2026-02-17 10:31:53,643 [INFO] Epoch 17/50 | Train Loss: 2.2517, Train Acc: 56.44% | (validation skipped) | LR: 0.000743 | Time: 79.4s
2026-02-17 10:33:11,906 [INFO] Epoch 18/50 | Train Loss: 2.1967, Train Acc: 58.09% | (validation skipped) | LR: 0.000716 | Time: 78.3s
2026-02-17 10:34:30,974 [INFO] Epoch 19/50 | Train Loss: 2.1544, Train Acc: 59.10% | (validation skipped) | LR: 0.000687 | Time: 79.1s
2026-02-17 10:35:55,276 [INFO] Epoch 20/50 | Train Loss: 2.1152, Train Acc: 60.24% | Val Loss: 1.9429, Val Acc: 65.32% | LR: 0.000658 | Time: 84.3s
2026-02-17 10:35:55,553 [INFO] New best accuracy: 65.32%
2026-02-17 10:37:14,436 [INFO] Epoch 21/50 | Train Loss: 2.0695, Train Acc: 61.63% | (validation skipped) | LR: 0.000628 | Time: 78.5s
2026-02-17 10:38:33,411 [INFO] Epoch 22/50 | Train Loss: 2.0315, Train Acc: 62.81% | (validation skipped) | LR: 0.000598 | Time: 79.0s
2026-02-17 10:39:52,157 [INFO] Epoch 23/50 | Train Loss: 1.9938, Train Acc: 63.99% | (validation skipped) | LR: 0.000567 | Time: 78.7s
2026-02-17 10:41:10,888 [INFO] Epoch 24/50 | Train Loss: 1.9605, Train Acc: 64.92% | (validation skipped) | LR: 0.000536 | Time: 78.7s
2026-02-17 10:42:35,468 [INFO] Epoch 25/50 | Train Loss: 1.9242, Train Acc: 66.00% | Val Loss: 1.8521, Val Acc: 67.52% | LR: 0.000505 | Time: 84.6s
2026-02-17 10:42:35,732 [INFO] New best accuracy: 67.52%
2026-02-17 10:43:54,603 [INFO] Epoch 26/50 | Train Loss: 1.8927, Train Acc: 66.85% | (validation skipped) | LR: 0.000474 | Time: 78.9s
2026-02-17 10:45:13,834 [INFO] Epoch 27/50 | Train Loss: 1.8511, Train Acc: 68.11% | (validation skipped) | LR: 0.000443 | Time: 79.2s
2026-02-17 10:46:32,880 [INFO] Epoch 28/50 | Train Loss: 1.8342, Train Acc: 68.58% | (validation skipped) | LR: 0.000412 | Time: 79.0s
2026-02-17 10:47:51,797 [INFO] Epoch 29/50 | Train Loss: 1.8075, Train Acc: 69.53% | (validation skipped) | LR: 0.000382 | Time: 78.9s
2026-02-17 10:49:15,946 [INFO] Epoch 30/50 | Train Loss: 1.7758, Train Acc: 70.53% | Val Loss: 1.7207, Val Acc: 72.22% | LR: 0.000352 | Time: 84.1s
2026-02-17 10:49:16,203 [INFO] New best accuracy: 72.22%
2026-02-17 10:50:34,981 [INFO] Epoch 31/50 | Train Loss: 1.7483, Train Acc: 71.30% | (validation skipped) | LR: 0.000323 | Time: 78.5s
2026-02-17 10:51:54,070 [INFO] Epoch 32/50 | Train Loss: 1.7247, Train Acc: 72.07% | (validation skipped) | LR: 0.000294 | Time: 79.1s
2026-02-17 10:53:13,256 [INFO] Epoch 33/50 | Train Loss: 1.6996, Train Acc: 72.69% | (validation skipped) | LR: 0.000267 | Time: 79.2s
2026-02-17 10:54:32,633 [INFO] Epoch 34/50 | Train Loss: 1.6745, Train Acc: 73.67% | (validation skipped) | LR: 0.000240 | Time: 79.4s
2026-02-17 10:55:56,421 [INFO] Epoch 35/50 | Train Loss: 1.6536, Train Acc: 74.09% | Val Loss: 1.6560, Val Acc: 74.30% | LR: 0.000214 | Time: 83.8s
2026-02-17 10:55:56,704 [INFO] New best accuracy: 74.30%
2026-02-17 10:57:15,371 [INFO] Epoch 36/50 | Train Loss: 1.6328, Train Acc: 74.91% | (validation skipped) | LR: 0.000189 | Time: 78.7s
2026-02-17 10:58:33,629 [INFO] Epoch 37/50 | Train Loss: 1.6108, Train Acc: 75.55% | (validation skipped) | LR: 0.000166 | Time: 78.2s
2026-02-17 10:59:52,825 [INFO] Epoch 38/50 | Train Loss: 1.5936, Train Acc: 76.21% | (validation skipped) | LR: 0.000144 | Time: 79.2s
2026-02-17 11:01:11,595 [INFO] Epoch 39/50 | Train Loss: 1.5752, Train Acc: 76.71% | (validation skipped) | LR: 0.000124 | Time: 78.8s
2026-02-17 11:02:36,098 [INFO] Epoch 40/50 | Train Loss: 1.5562, Train Acc: 77.29% | Val Loss: 1.6111, Val Acc: 75.46% | LR: 0.000105 | Time: 84.5s
2026-02-17 11:02:36,400 [INFO] New best accuracy: 75.46%
2026-02-17 11:03:55,549 [INFO] Epoch 41/50 | Train Loss: 1.5412, Train Acc: 77.83% | (validation skipped) | LR: 0.000087 | Time: 78.9s
2026-02-17 11:05:14,257 [INFO] Epoch 42/50 | Train Loss: 1.5263, Train Acc: 78.37% | (validation skipped) | LR: 0.000071 | Time: 78.7s
2026-02-17 11:06:33,288 [INFO] Epoch 43/50 | Train Loss: 1.5172, Train Acc: 78.55% | (validation skipped) | LR: 0.000057 | Time: 79.0s
2026-02-17 11:07:52,218 [INFO] Epoch 44/50 | Train Loss: 1.5109, Train Acc: 78.89% | (validation skipped) | LR: 0.000045 | Time: 78.9s
2026-02-17 11:09:15,760 [INFO] Epoch 45/50 | Train Loss: 1.4946, Train Acc: 79.38% | Val Loss: 1.5853, Val Acc: 76.56% | LR: 0.000034 | Time: 83.5s
2026-02-17 11:09:16,022 [INFO] New best accuracy: 76.56%
2026-02-17 11:10:34,676 [INFO] Epoch 46/50 | Train Loss: 1.4917, Train Acc: 79.46% | (validation skipped) | LR: 0.000026 | Time: 78.7s
2026-02-17 11:11:53,953 [INFO] Epoch 47/50 | Train Loss: 1.4851, Train Acc: 79.75% | (validation skipped) | LR: 0.000019 | Time: 79.2s
2026-02-17 11:13:12,953 [INFO] Epoch 48/50 | Train Loss: 1.4812, Train Acc: 79.78% | (validation skipped) | LR: 0.000014 | Time: 79.0s
2026-02-17 11:14:32,372 [INFO] Epoch 49/50 | Train Loss: 1.4730, Train Acc: 80.05% | (validation skipped) | LR: 0.000011 | Time: 79.4s
2026-02-17 11:15:56,997 [INFO] Epoch 50/50 | Train Loss: 1.4763, Train Acc: 80.02% | Val Loss: 1.5739, Val Acc: 76.96% | LR: 0.000010 | Time: 84.6s
2026-02-17 11:15:57,282 [INFO] New best accuracy: 76.96%
2026-02-17 11:15:57,578 [INFO] Training complete! Best accuracy: 76.96%
2026-02-17 11:15:57,578 [INFO] Outputs saved to: /projects/prjs0771/melle/projects/visionCNN/logs/resnet_medium_layernorm_bs512_lr0.001
2026-02-17 11:15:57,631 [INFO] Gradient stats saved to: /projects/prjs0771/melle/projects/visionCNN/logs/resnet_medium_layernorm_bs512_lr0.001/gradient_stats.csv
