[2026-02-17 10:08:14,126] torch.distributed.run: [WARNING] master_addr is only used for static rdzv_backend and when rdzv_endpoint is not specified.
/projects/prjs0771/melle/envs/pytorch21-cuda121/lib/python3.11/site-packages/torchvision/io/image.py:13: UserWarning: Failed to load image Python extension: '/gpfs/work1/0/prjs0771/melle/envs/pytorch21-cuda121/lib/python3.11/site-packages/torchvision/image.so: undefined symbol: _ZN3c106detail23torchInternalAssertFailEPKcS2_jS2_RKSs'If you don't plan on using image functionality from `torchvision.io`, you can ignore this warning. Otherwise, there might be something wrong with your environment. Did you have `libjpeg` or `libpng` installed before building `torchvision` from source?
  warn(
2026-02-17 10:08:19,190 [INFO] Distributed: DistributedManager(rank=0, local_rank=0, world_size=1, device=cuda:0, is_distributed=True)
2026-02-17 10:08:19,190 [INFO] Config: {'experiment_name': 'vgg_medium_layernorm_bs32_lr0.001', 'model': {'name': 'vgg_medium', 'num_classes': 100, 'norm_layer': 'layernorm'}, 'data': {'dataset': 'imagenet100', 'root': '/scratch-nvme/ml-datasets/imagenet/torchvision_ImageFolder', 'img_size': 224, 'backend': 'pytorch', 'num_workers': 16, 'pin_memory': True, 'persistent_workers': True, 'prefetch_factor': 2, 'gpu_transforms': True}, 'training': {'epochs': 50, 'batch_size': 32, 'lr': 0.001, 'min_lr': 1e-05, 'weight_decay': 0.05, 'optimizer': 'adamw', 'scheduler': 'cosine', 'label_smoothing': 0.1, 'use_amp': True, 'channels_last': True, 'seed': 42, 'val_frequency': 5, 'save_frequency': 10, 'disable_progress_bar': True, 'log_gradients': True, 'grad_log_freq': 50}, 'logging': {'log_dir': 'logs'}, 'wandb': {'enabled': True, 'project': 'norm-comparison-extended', 'tags': ['norm-experiment-extended', 'imagenet100']}}
2026-02-17 10:08:19,190 [INFO] Run directory: /projects/prjs0771/melle/projects/visionCNN/logs/vgg_medium_layernorm_bs32_lr0.001
2026-02-17 10:08:19,190 [INFO] Set random seed: 42 (rank offset applied)
2026-02-17 10:08:19,190 [INFO] Using device: cuda:0
2026-02-17 10:08:19,191 [INFO] World size: 1
2026-02-17 10:08:19,351 [INFO] Model: vgg_medium, Parameters: 14,774,436
2026-02-17 10:08:19,374 [INFO] Using channels-last (NHWC) memory format
2026-02-17 10:08:19,406 [INFO] Mixed precision training: True
2026-02-17 10:08:36,757 [INFO] Using GPU-accelerated transforms to reduce CPU bottleneck
2026-02-17 10:08:36,757 [INFO] Train samples: 128135, Val samples: 5000
2026-02-17 10:08:36,758 [INFO] Effective batch size: 32 (32 x 1 GPUs)
2026-02-17 10:08:36,758 [INFO] Starting training for 50 epochs...
2026-02-17 10:08:36,758 [INFO] Gradient flow logging enabled (every 50 steps)
2026-02-17 10:14:03,592 [INFO] Epoch 1/50 | Train Loss: 4.4993, Train Acc: 2.43% | (validation skipped) | LR: 0.000999 | Time: 326.8s
2026-02-17 10:19:28,409 [INFO] Epoch 2/50 | Train Loss: 4.2365, Train Acc: 6.71% | (validation skipped) | LR: 0.000996 | Time: 324.8s
2026-02-17 10:24:53,091 [INFO] Epoch 3/50 | Train Loss: 3.8794, Train Acc: 13.28% | (validation skipped) | LR: 0.000991 | Time: 324.7s
2026-02-17 10:30:17,905 [INFO] Epoch 4/50 | Train Loss: 3.5560, Train Acc: 20.75% | (validation skipped) | LR: 0.000984 | Time: 324.8s
2026-02-17 10:35:49,994 [INFO] Epoch 5/50 | Train Loss: 3.2865, Train Acc: 27.81% | Val Loss: 3.0505, Val Acc: 34.64% | LR: 0.000976 | Time: 332.1s
2026-02-17 10:35:50,240 [INFO] New best accuracy: 34.64%
2026-02-17 10:41:14,624 [INFO] Epoch 6/50 | Train Loss: 3.0766, Train Acc: 33.45% | (validation skipped) | LR: 0.000965 | Time: 324.4s
2026-02-17 10:46:38,938 [INFO] Epoch 7/50 | Train Loss: 2.9168, Train Acc: 38.03% | (validation skipped) | LR: 0.000953 | Time: 324.3s
2026-02-17 10:52:03,412 [INFO] Epoch 8/50 | Train Loss: 2.7711, Train Acc: 42.19% | (validation skipped) | LR: 0.000939 | Time: 324.5s
2026-02-17 10:57:27,902 [INFO] Epoch 9/50 | Train Loss: 2.6488, Train Acc: 45.62% | (validation skipped) | LR: 0.000923 | Time: 324.5s
2026-02-17 11:02:59,183 [INFO] Epoch 10/50 | Train Loss: 2.5455, Train Acc: 48.59% | Val Loss: 2.2748, Val Acc: 56.16% | LR: 0.000905 | Time: 331.3s
2026-02-17 11:02:59,418 [INFO] New best accuracy: 56.16%
2026-02-17 11:08:24,223 [INFO] Epoch 11/50 | Train Loss: 2.4544, Train Acc: 51.49% | (validation skipped) | LR: 0.000886 | Time: 324.5s
2026-02-17 11:13:48,789 [INFO] Epoch 12/50 | Train Loss: 2.3726, Train Acc: 53.77% | (validation skipped) | LR: 0.000866 | Time: 324.6s
2026-02-17 11:19:13,341 [INFO] Epoch 13/50 | Train Loss: 2.3115, Train Acc: 55.49% | (validation skipped) | LR: 0.000844 | Time: 324.6s
2026-02-17 11:24:37,778 [INFO] Epoch 14/50 | Train Loss: 2.2433, Train Acc: 57.53% | (validation skipped) | LR: 0.000821 | Time: 324.4s
2026-02-17 11:30:09,240 [INFO] Epoch 15/50 | Train Loss: 2.1887, Train Acc: 59.11% | Val Loss: 1.9216, Val Acc: 66.82% | LR: 0.000796 | Time: 331.4s
2026-02-17 11:30:09,463 [INFO] New best accuracy: 66.82%
2026-02-17 11:35:33,977 [INFO] Epoch 16/50 | Train Loss: 2.1421, Train Acc: 60.49% | (validation skipped) | LR: 0.000770 | Time: 324.5s
2026-02-17 11:40:58,671 [INFO] Epoch 17/50 | Train Loss: 2.0947, Train Acc: 62.03% | (validation skipped) | LR: 0.000743 | Time: 324.7s
2026-02-17 11:46:23,164 [INFO] Epoch 18/50 | Train Loss: 2.0574, Train Acc: 62.92% | (validation skipped) | LR: 0.000716 | Time: 324.5s
2026-02-17 11:51:47,700 [INFO] Epoch 19/50 | Train Loss: 2.0151, Train Acc: 64.28% | (validation skipped) | LR: 0.000687 | Time: 324.5s
2026-02-17 11:57:20,592 [INFO] Epoch 20/50 | Train Loss: 1.9760, Train Acc: 65.31% | Val Loss: 1.7809, Val Acc: 71.06% | LR: 0.000658 | Time: 332.9s
2026-02-17 11:57:20,929 [INFO] New best accuracy: 71.06%
2026-02-17 12:02:45,778 [INFO] Epoch 21/50 | Train Loss: 1.9432, Train Acc: 66.37% | (validation skipped) | LR: 0.000628 | Time: 324.7s
2026-02-17 12:08:10,432 [INFO] Epoch 22/50 | Train Loss: 1.9174, Train Acc: 67.04% | (validation skipped) | LR: 0.000598 | Time: 324.6s
2026-02-17 12:13:34,983 [INFO] Epoch 23/50 | Train Loss: 1.8862, Train Acc: 67.88% | (validation skipped) | LR: 0.000567 | Time: 324.5s
2026-02-17 12:18:59,647 [INFO] Epoch 24/50 | Train Loss: 1.8563, Train Acc: 68.81% | (validation skipped) | LR: 0.000536 | Time: 324.7s
2026-02-17 12:24:31,261 [INFO] Epoch 25/50 | Train Loss: 1.8245, Train Acc: 69.72% | Val Loss: 1.6474, Val Acc: 75.40% | LR: 0.000505 | Time: 331.5s
2026-02-17 12:24:31,654 [INFO] New best accuracy: 75.40%
2026-02-17 12:29:56,317 [INFO] Epoch 26/50 | Train Loss: 1.8000, Train Acc: 70.36% | (validation skipped) | LR: 0.000474 | Time: 324.7s
2026-02-17 12:35:20,961 [INFO] Epoch 27/50 | Train Loss: 1.7695, Train Acc: 71.30% | (validation skipped) | LR: 0.000443 | Time: 324.6s
2026-02-17 12:40:45,653 [INFO] Epoch 28/50 | Train Loss: 1.7412, Train Acc: 72.24% | (validation skipped) | LR: 0.000412 | Time: 324.7s
2026-02-17 12:46:10,330 [INFO] Epoch 29/50 | Train Loss: 1.7134, Train Acc: 73.02% | (validation skipped) | LR: 0.000382 | Time: 324.7s
2026-02-17 12:51:41,838 [INFO] Epoch 30/50 | Train Loss: 1.6815, Train Acc: 73.98% | Val Loss: 1.5235, Val Acc: 78.80% | LR: 0.000352 | Time: 331.5s
2026-02-17 12:51:42,084 [INFO] New best accuracy: 78.80%
2026-02-17 12:57:06,918 [INFO] Epoch 31/50 | Train Loss: 1.6528, Train Acc: 74.79% | (validation skipped) | LR: 0.000323 | Time: 324.6s
2026-02-17 13:02:31,535 [INFO] Epoch 32/50 | Train Loss: 1.6271, Train Acc: 75.54% | (validation skipped) | LR: 0.000294 | Time: 324.6s
2026-02-17 13:07:56,198 [INFO] Epoch 33/50 | Train Loss: 1.5971, Train Acc: 76.46% | (validation skipped) | LR: 0.000267 | Time: 324.6s
[2026-02-17T13:08:03.426] error: *** JOB 19572373 ON gcn36 CANCELLED AT 2026-02-17T13:08:03 DUE TO TIME LIMIT ***
[2026-02-17T13:08:03.427] error: *** STEP 19572373.0 ON gcn36 CANCELLED AT 2026-02-17T13:08:03 DUE TO TIME LIMIT ***
srun: Job step aborted: Waiting up to 32 seconds for job step to finish.
[2026-02-17 13:08:03,428] torch.distributed.elastic.agent.server.api: [WARNING] Received 15 death signal, shutting down workers
[2026-02-17 13:08:03,428] torch.distributed.elastic.multiprocessing.api: [WARNING] Sending process 805032 closing signal SIGTERM
[2026-02-17 13:08:03,430] torch.distributed.elastic.multiprocessing.api: [WARNING] Sending process 805032 closing signal SIGTERM
