[2026-02-17 10:09:06,599] torch.distributed.run: [WARNING] master_addr is only used for static rdzv_backend and when rdzv_endpoint is not specified.
/projects/prjs0771/melle/envs/pytorch21-cuda121/lib/python3.11/site-packages/torchvision/io/image.py:13: UserWarning: Failed to load image Python extension: '/gpfs/work1/0/prjs0771/melle/envs/pytorch21-cuda121/lib/python3.11/site-packages/torchvision/image.so: undefined symbol: _ZN3c106detail23torchInternalAssertFailEPKcS2_jS2_RKSs'If you don't plan on using image functionality from `torchvision.io`, you can ignore this warning. Otherwise, there might be something wrong with your environment. Did you have `libjpeg` or `libpng` installed before building `torchvision` from source?
  warn(
2026-02-17 10:09:13,558 [INFO] Distributed: DistributedManager(rank=0, local_rank=0, world_size=1, device=cuda:0, is_distributed=True)
2026-02-17 10:09:13,559 [INFO] Config: {'experiment_name': 'convnext_medium_layernorm_bs512_lr0.001', 'model': {'name': 'convnext_medium', 'num_classes': 100, 'norm_layer': 'layernorm'}, 'data': {'dataset': 'imagenet100', 'root': '/scratch-nvme/ml-datasets/imagenet/torchvision_ImageFolder', 'img_size': 224, 'backend': 'pytorch', 'num_workers': 16, 'pin_memory': True, 'persistent_workers': True, 'prefetch_factor': 2, 'gpu_transforms': True}, 'training': {'epochs': 50, 'batch_size': 512, 'lr': 0.001, 'min_lr': 1e-05, 'weight_decay': 0.05, 'optimizer': 'adamw', 'scheduler': 'cosine', 'label_smoothing': 0.1, 'use_amp': True, 'channels_last': True, 'seed': 42, 'val_frequency': 5, 'save_frequency': 10, 'disable_progress_bar': True, 'log_gradients': True, 'grad_log_freq': 50}, 'logging': {'log_dir': 'logs'}, 'wandb': {'enabled': True, 'project': 'norm-comparison-extended', 'tags': ['norm-experiment-extended', 'imagenet100']}}
2026-02-17 10:09:13,559 [INFO] Run directory: /projects/prjs0771/melle/projects/visionCNN/logs/convnext_medium_layernorm_bs512_lr0.001
2026-02-17 10:09:13,559 [INFO] Set random seed: 42 (rank offset applied)
2026-02-17 10:09:13,559 [INFO] Using device: cuda:0
2026-02-17 10:09:13,559 [INFO] World size: 1
2026-02-17 10:09:14,972 [INFO] Model: convnext_medium, Parameters: 19,173,700
2026-02-17 10:09:14,977 [INFO] Using channels-last (NHWC) memory format
2026-02-17 10:09:15,024 [INFO] Mixed precision training: True
2026-02-17 10:10:39,510 [INFO] Using GPU-accelerated transforms to reduce CPU bottleneck
2026-02-17 10:10:39,510 [INFO] Train samples: 128135, Val samples: 5000
2026-02-17 10:10:39,510 [INFO] Effective batch size: 512 (512 x 1 GPUs)
2026-02-17 10:10:39,510 [INFO] Starting training for 50 epochs...
2026-02-17 10:10:39,510 [INFO] Gradient flow logging enabled (every 50 steps)
Traceback (most recent call last):
  File "/gpfs/home1/mbolding/visionCNN/scripts/train.py", line 754, in <module>
    main(args)
  File "/gpfs/home1/mbolding/visionCNN/scripts/train.py", line 631, in main
    train_metrics = train_one_epoch(
                    ^^^^^^^^^^^^^^^^
  File "/gpfs/home1/mbolding/visionCNN/scripts/train.py", line 217, in train_one_epoch
    outputs = model(images)
              ^^^^^^^^^^^^^
  File "/sw/arch/RHEL8/EB_production/2023/software/PyTorch/2.1.2-foss-2023a-CUDA-12.1.1/lib/python3.11/site-packages/torch/nn/modules/module.py", line 1518, in _wrapped_call_impl
    return self._call_impl(*args, **kwargs)
           ^^^^^^^^^^^^^^^^^^^^^^^^^^^^^^^^
  File "/sw/arch/RHEL8/EB_production/2023/software/PyTorch/2.1.2-foss-2023a-CUDA-12.1.1/lib/python3.11/site-packages/torch/nn/modules/module.py", line 1527, in _call_impl
    return forward_call(*args, **kwargs)
           ^^^^^^^^^^^^^^^^^^^^^^^^^^^^^
  File "/sw/arch/RHEL8/EB_production/2023/software/PyTorch/2.1.2-foss-2023a-CUDA-12.1.1/lib/python3.11/site-packages/torch/nn/parallel/distributed.py", line 1519, in forward
    else self._run_ddp_forward(*inputs, **kwargs)
         ^^^^^^^^^^^^^^^^^^^^^^^^^^^^^^^^^^^^^^^^
  File "/sw/arch/RHEL8/EB_production/2023/software/PyTorch/2.1.2-foss-2023a-CUDA-12.1.1/lib/python3.11/site-packages/torch/nn/parallel/distributed.py", line 1355, in _run_ddp_forward
    return self.module(*inputs, **kwargs)  # type: ignore[index]
           ^^^^^^^^^^^^^^^^^^^^^^^^^^^^^^
  File "/sw/arch/RHEL8/EB_production/2023/software/PyTorch/2.1.2-foss-2023a-CUDA-12.1.1/lib/python3.11/site-packages/torch/nn/modules/module.py", line 1518, in _wrapped_call_impl
    return self._call_impl(*args, **kwargs)
           ^^^^^^^^^^^^^^^^^^^^^^^^^^^^^^^^
  File "/sw/arch/RHEL8/EB_production/2023/software/PyTorch/2.1.2-foss-2023a-CUDA-12.1.1/lib/python3.11/site-packages/torch/nn/modules/module.py", line 1527, in _call_impl
    return forward_call(*args, **kwargs)
           ^^^^^^^^^^^^^^^^^^^^^^^^^^^^^
  File "/gpfs/home1/mbolding/visionCNN/src/models/convnextv2_impl.py", line 146, in forward
    x = self.stages[i](x)
        ^^^^^^^^^^^^^^^^^
  File "/sw/arch/RHEL8/EB_production/2023/software/PyTorch/2.1.2-foss-2023a-CUDA-12.1.1/lib/python3.11/site-packages/torch/nn/modules/module.py", line 1518, in _wrapped_call_impl
    return self._call_impl(*args, **kwargs)
           ^^^^^^^^^^^^^^^^^^^^^^^^^^^^^^^^
  File "/sw/arch/RHEL8/EB_production/2023/software/PyTorch/2.1.2-foss-2023a-CUDA-12.1.1/lib/python3.11/site-packages/torch/nn/modules/module.py", line 1527, in _call_impl
    return forward_call(*args, **kwargs)
           ^^^^^^^^^^^^^^^^^^^^^^^^^^^^^
  File "/sw/arch/RHEL8/EB_production/2023/software/PyTorch/2.1.2-foss-2023a-CUDA-12.1.1/lib/python3.11/site-packages/torch/nn/modules/container.py", line 215, in forward
    input = module(input)
            ^^^^^^^^^^^^^
  File "/sw/arch/RHEL8/EB_production/2023/software/PyTorch/2.1.2-foss-2023a-CUDA-12.1.1/lib/python3.11/site-packages/torch/nn/modules/module.py", line 1518, in _wrapped_call_impl
    return self._call_impl(*args, **kwargs)
           ^^^^^^^^^^^^^^^^^^^^^^^^^^^^^^^^
  File "/sw/arch/RHEL8/EB_production/2023/software/PyTorch/2.1.2-foss-2023a-CUDA-12.1.1/lib/python3.11/site-packages/torch/nn/modules/module.py", line 1527, in _call_impl
    return forward_call(*args, **kwargs)
           ^^^^^^^^^^^^^^^^^^^^^^^^^^^^^
  File "/gpfs/home1/mbolding/visionCNN/src/models/convnextv2_impl.py", line 55, in forward
    x = self.grn(x)
        ^^^^^^^^^^^
  File "/sw/arch/RHEL8/EB_production/2023/software/PyTorch/2.1.2-foss-2023a-CUDA-12.1.1/lib/python3.11/site-packages/torch/nn/modules/module.py", line 1518, in _wrapped_call_impl
    return self._call_impl(*args, **kwargs)
           ^^^^^^^^^^^^^^^^^^^^^^^^^^^^^^^^
  File "/sw/arch/RHEL8/EB_production/2023/software/PyTorch/2.1.2-foss-2023a-CUDA-12.1.1/lib/python3.11/site-packages/torch/nn/modules/module.py", line 1527, in _call_impl
    return forward_call(*args, **kwargs)
           ^^^^^^^^^^^^^^^^^^^^^^^^^^^^^
  File "/gpfs/home1/mbolding/visionCNN/src/utils/layers.py", line 42, in forward
    return self.gamma * (x * nx) + self.beta + x
           ~~~~~~~~~~~^~~~~~~~~~
torch.cuda.OutOfMemoryError: CUDA out of memory. Tried to allocate 588.00 MiB. GPU 0 has a total capacty of 39.49 GiB of which 177.25 MiB is free. Including non-PyTorch memory, this process has 39.30 GiB memory in use. Of the allocated memory 38.16 GiB is allocated by PyTorch, and 489.30 MiB is reserved by PyTorch but unallocated. If reserved but unallocated memory is large try setting max_split_size_mb to avoid fragmentation.  See documentation for Memory Management and PYTORCH_CUDA_ALLOC_CONF
[2026-02-17 10:12:16,860] torch.distributed.elastic.multiprocessing.api: [ERROR] failed (exitcode: 1) local_rank: 0 (pid: 2146640) of binary: /sw/arch/RHEL8/EB_production/2023/software/Python/3.11.3-GCCcore-12.3.0/bin/python
Traceback (most recent call last):
  File "/sw/arch/RHEL8/EB_production/2023/software/PyTorch/2.1.2-foss-2023a-CUDA-12.1.1/bin/torchrun", line 8, in <module>
    sys.exit(main())
             ^^^^^^
  File "/sw/arch/RHEL8/EB_production/2023/software/PyTorch/2.1.2-foss-2023a-CUDA-12.1.1/lib/python3.11/site-packages/torch/distributed/elastic/multiprocessing/errors/__init__.py", line 346, in wrapper
    return f(*args, **kwargs)
           ^^^^^^^^^^^^^^^^^^
  File "/sw/arch/RHEL8/EB_production/2023/software/PyTorch/2.1.2-foss-2023a-CUDA-12.1.1/lib/python3.11/site-packages/torch/distributed/run.py", line 806, in main
    run(args)
  File "/sw/arch/RHEL8/EB_production/2023/software/PyTorch/2.1.2-foss-2023a-CUDA-12.1.1/lib/python3.11/site-packages/torch/distributed/run.py", line 797, in run
    elastic_launch(
  File "/sw/arch/RHEL8/EB_production/2023/software/PyTorch/2.1.2-foss-2023a-CUDA-12.1.1/lib/python3.11/site-packages/torch/distributed/launcher/api.py", line 134, in __call__
    return launch_agent(self._config, self._entrypoint, list(args))
           ^^^^^^^^^^^^^^^^^^^^^^^^^^^^^^^^^^^^^^^^^^^^^^^^^^^^^^^^
  File "/sw/arch/RHEL8/EB_production/2023/software/PyTorch/2.1.2-foss-2023a-CUDA-12.1.1/lib/python3.11/site-packages/torch/distributed/launcher/api.py", line 264, in launch_agent
    raise ChildFailedError(
torch.distributed.elastic.multiprocessing.errors.ChildFailedError: 
============================================================
scripts/train.py FAILED
------------------------------------------------------------
Failures:
  <NO_OTHER_FAILURES>
------------------------------------------------------------
Root Cause (first observed failure):
[0]:
  time      : 2026-02-17_10:12:16
  host      : gcn57.local.snellius.surf.nl
  rank      : 0 (local_rank: 0)
  exitcode  : 1 (pid: 2146640)
  error_file: <N/A>
  traceback : To enable traceback see: https://pytorch.org/docs/stable/elastic/errors.html
============================================================
srun: error: gcn57: task 0: Exited with exit code 1
srun: Terminating StepId=19572464.0
