[2026-02-17 10:09:06,599] torch.distributed.run: [WARNING] master_addr is only used for static rdzv_backend and when rdzv_endpoint is not specified.
/projects/prjs0771/melle/envs/pytorch21-cuda121/lib/python3.11/site-packages/torchvision/io/image.py:13: UserWarning: Failed to load image Python extension: '/gpfs/work1/0/prjs0771/melle/envs/pytorch21-cuda121/lib/python3.11/site-packages/torchvision/image.so: undefined symbol: _ZN3c106detail23torchInternalAssertFailEPKcS2_jS2_RKSs'If you don't plan on using image functionality from `torchvision.io`, you can ignore this warning. Otherwise, there might be something wrong with your environment. Did you have `libjpeg` or `libpng` installed before building `torchvision` from source?
  warn(
2026-02-17 10:09:13,579 [INFO] Distributed: DistributedManager(rank=0, local_rank=0, world_size=1, device=cuda:0, is_distributed=True)
2026-02-17 10:09:13,579 [INFO] Config: {'experiment_name': 'convnext_medium_groupnorm_bs16_lr0.001', 'model': {'name': 'convnext_medium', 'num_classes': 100, 'norm_layer': 'groupnorm'}, 'data': {'dataset': 'imagenet100', 'root': '/scratch-nvme/ml-datasets/imagenet/torchvision_ImageFolder', 'img_size': 224, 'backend': 'pytorch', 'num_workers': 16, 'pin_memory': True, 'persistent_workers': True, 'prefetch_factor': 2, 'gpu_transforms': True}, 'training': {'epochs': 50, 'batch_size': 16, 'lr': 0.001, 'min_lr': 1e-05, 'weight_decay': 0.05, 'optimizer': 'adamw', 'scheduler': 'cosine', 'label_smoothing': 0.1, 'use_amp': True, 'channels_last': True, 'seed': 42, 'val_frequency': 5, 'save_frequency': 10, 'disable_progress_bar': True, 'log_gradients': True, 'grad_log_freq': 50}, 'logging': {'log_dir': 'logs'}, 'wandb': {'enabled': True, 'project': 'norm-comparison-extended', 'tags': ['norm-experiment-extended', 'imagenet100']}}
2026-02-17 10:09:13,579 [INFO] Run directory: /projects/prjs0771/melle/projects/visionCNN/logs/convnext_medium_groupnorm_bs16_lr0.001
2026-02-17 10:09:13,579 [INFO] Set random seed: 42 (rank offset applied)
2026-02-17 10:09:13,580 [INFO] Using device: cuda:0
2026-02-17 10:09:13,580 [INFO] World size: 1
2026-02-17 10:09:14,993 [INFO] Model: convnext_medium, Parameters: 19,173,700
2026-02-17 10:09:14,998 [INFO] Using channels-last (NHWC) memory format
2026-02-17 10:09:15,026 [INFO] Mixed precision training: True
2026-02-17 10:10:39,510 [INFO] Using GPU-accelerated transforms to reduce CPU bottleneck
2026-02-17 10:10:39,510 [INFO] Train samples: 128135, Val samples: 5000
2026-02-17 10:10:39,510 [INFO] Effective batch size: 16 (16 x 1 GPUs)
2026-02-17 10:10:39,510 [INFO] Starting training for 50 epochs...
2026-02-17 10:10:39,510 [INFO] Gradient flow logging enabled (every 50 steps)
2026-02-17 10:15:17,695 [INFO] Epoch 1/50 | Train Loss: 4.1635, Train Acc: 8.39% | (validation skipped) | LR: 0.000999 | Time: 278.2s
2026-02-17 10:19:54,005 [INFO] Epoch 2/50 | Train Loss: 3.5913, Train Acc: 20.63% | (validation skipped) | LR: 0.000996 | Time: 276.3s
2026-02-17 10:24:30,500 [INFO] Epoch 3/50 | Train Loss: 3.2063, Train Acc: 30.32% | (validation skipped) | LR: 0.000991 | Time: 276.5s
2026-02-17 10:29:07,405 [INFO] Epoch 4/50 | Train Loss: 2.9668, Train Acc: 36.75% | (validation skipped) | LR: 0.000984 | Time: 276.9s
2026-02-17 10:33:48,595 [INFO] Epoch 5/50 | Train Loss: 2.7776, Train Acc: 41.80% | Val Loss: 2.4759, Val Acc: 49.56% | LR: 0.000976 | Time: 281.2s
2026-02-17 10:33:48,865 [INFO] New best accuracy: 49.56%
2026-02-17 10:38:25,704 [INFO] Epoch 6/50 | Train Loss: 2.6394, Train Acc: 45.64% | (validation skipped) | LR: 0.000965 | Time: 276.8s
2026-02-17 10:43:02,242 [INFO] Epoch 7/50 | Train Loss: 2.5177, Train Acc: 48.96% | (validation skipped) | LR: 0.000953 | Time: 276.5s
2026-02-17 10:47:38,936 [INFO] Epoch 8/50 | Train Loss: 2.4213, Train Acc: 51.72% | (validation skipped) | LR: 0.000939 | Time: 276.7s
2026-02-17 10:52:15,924 [INFO] Epoch 9/50 | Train Loss: 2.3506, Train Acc: 53.57% | (validation skipped) | LR: 0.000923 | Time: 277.0s
2026-02-17 10:56:56,250 [INFO] Epoch 10/50 | Train Loss: 2.2931, Train Acc: 55.22% | Val Loss: 1.9876, Val Acc: 63.74% | LR: 0.000905 | Time: 280.3s
2026-02-17 10:56:56,500 [INFO] New best accuracy: 63.74%
2026-02-17 11:01:33,355 [INFO] Epoch 11/50 | Train Loss: 2.2429, Train Acc: 56.62% | (validation skipped) | LR: 0.000886 | Time: 276.6s
2026-02-17 11:06:10,633 [INFO] Epoch 12/50 | Train Loss: 2.2046, Train Acc: 57.80% | (validation skipped) | LR: 0.000866 | Time: 277.3s
2026-02-17 11:10:47,607 [INFO] Epoch 13/50 | Train Loss: 2.1753, Train Acc: 58.49% | (validation skipped) | LR: 0.000844 | Time: 277.0s
2026-02-17 11:15:24,237 [INFO] Epoch 14/50 | Train Loss: 2.1369, Train Acc: 59.54% | (validation skipped) | LR: 0.000821 | Time: 276.6s
2026-02-17 11:20:04,437 [INFO] Epoch 15/50 | Train Loss: 2.1087, Train Acc: 60.57% | Val Loss: 1.8479, Val Acc: 67.74% | LR: 0.000796 | Time: 280.2s
2026-02-17 11:20:04,701 [INFO] New best accuracy: 67.74%
2026-02-17 11:24:41,466 [INFO] Epoch 16/50 | Train Loss: 2.0786, Train Acc: 61.24% | (validation skipped) | LR: 0.000770 | Time: 276.8s
2026-02-17 11:29:18,160 [INFO] Epoch 17/50 | Train Loss: 2.0533, Train Acc: 62.14% | (validation skipped) | LR: 0.000743 | Time: 276.7s
2026-02-17 11:33:53,317 [INFO] Epoch 18/50 | Train Loss: 2.0207, Train Acc: 62.97% | (validation skipped) | LR: 0.000716 | Time: 275.1s
2026-02-17 11:38:29,223 [INFO] Epoch 19/50 | Train Loss: 1.9932, Train Acc: 63.80% | (validation skipped) | LR: 0.000687 | Time: 275.9s
2026-02-17 11:43:07,959 [INFO] Epoch 20/50 | Train Loss: 1.9652, Train Acc: 64.55% | Val Loss: 1.7498, Val Acc: 70.54% | LR: 0.000658 | Time: 278.6s
2026-02-17 11:43:08,254 [INFO] New best accuracy: 70.54%
2026-02-17 11:47:44,046 [INFO] Epoch 21/50 | Train Loss: 1.9431, Train Acc: 65.18% | (validation skipped) | LR: 0.000628 | Time: 275.5s
2026-02-17 11:52:19,470 [INFO] Epoch 22/50 | Train Loss: 1.9076, Train Acc: 66.32% | (validation skipped) | LR: 0.000598 | Time: 275.4s
2026-02-17 11:56:54,453 [INFO] Epoch 23/50 | Train Loss: 1.8776, Train Acc: 67.11% | (validation skipped) | LR: 0.000567 | Time: 275.0s
2026-02-17 12:01:32,307 [INFO] Epoch 24/50 | Train Loss: 1.8489, Train Acc: 68.03% | (validation skipped) | LR: 0.000536 | Time: 277.8s
2026-02-17 12:06:11,624 [INFO] Epoch 25/50 | Train Loss: 1.8226, Train Acc: 68.80% | Val Loss: 1.5692, Val Acc: 76.22% | LR: 0.000505 | Time: 279.3s
2026-02-17 12:06:11,946 [INFO] New best accuracy: 76.22%
2026-02-17 12:10:48,705 [INFO] Epoch 26/50 | Train Loss: 1.7872, Train Acc: 69.80% | (validation skipped) | LR: 0.000474 | Time: 276.8s
2026-02-17 12:15:23,415 [INFO] Epoch 27/50 | Train Loss: 1.7658, Train Acc: 70.41% | (validation skipped) | LR: 0.000443 | Time: 274.7s
2026-02-17 12:19:55,985 [INFO] Epoch 28/50 | Train Loss: 1.7342, Train Acc: 71.39% | (validation skipped) | LR: 0.000412 | Time: 272.6s
2026-02-17 12:24:29,048 [INFO] Epoch 29/50 | Train Loss: 1.7004, Train Acc: 72.43% | (validation skipped) | LR: 0.000382 | Time: 273.0s
2026-02-17 12:29:06,710 [INFO] Epoch 30/50 | Train Loss: 1.6667, Train Acc: 73.34% | Val Loss: 1.4748, Val Acc: 78.46% | LR: 0.000352 | Time: 277.6s
2026-02-17 12:29:06,972 [INFO] New best accuracy: 78.46%
2026-02-17 12:33:40,433 [INFO] Epoch 31/50 | Train Loss: 1.6365, Train Acc: 74.26% | (validation skipped) | LR: 0.000323 | Time: 273.2s
2026-02-17 12:38:12,656 [INFO] Epoch 32/50 | Train Loss: 1.6027, Train Acc: 75.23% | (validation skipped) | LR: 0.000294 | Time: 272.2s
2026-02-17 12:42:45,286 [INFO] Epoch 33/50 | Train Loss: 1.5728, Train Acc: 76.12% | (validation skipped) | LR: 0.000267 | Time: 272.6s
2026-02-17 12:47:18,452 [INFO] Epoch 34/50 | Train Loss: 1.5440, Train Acc: 77.02% | (validation skipped) | LR: 0.000240 | Time: 273.2s
2026-02-17 12:51:56,369 [INFO] Epoch 35/50 | Train Loss: 1.4986, Train Acc: 78.38% | Val Loss: 1.3546, Val Acc: 82.40% | LR: 0.000214 | Time: 277.9s
2026-02-17 12:51:56,611 [INFO] New best accuracy: 82.40%
2026-02-17 12:56:31,511 [INFO] Epoch 36/50 | Train Loss: 1.4710, Train Acc: 79.13% | (validation skipped) | LR: 0.000189 | Time: 274.9s
2026-02-17 13:01:05,335 [INFO] Epoch 37/50 | Train Loss: 1.4350, Train Acc: 80.20% | (validation skipped) | LR: 0.000166 | Time: 273.8s
2026-02-17 13:05:40,584 [INFO] Epoch 38/50 | Train Loss: 1.4002, Train Acc: 81.35% | (validation skipped) | LR: 0.000144 | Time: 275.2s
2026-02-17 13:10:15,570 [INFO] Epoch 39/50 | Train Loss: 1.3613, Train Acc: 82.55% | (validation skipped) | LR: 0.000124 | Time: 275.0s
2026-02-17 13:14:52,885 [INFO] Epoch 40/50 | Train Loss: 1.3284, Train Acc: 83.58% | Val Loss: 1.2631, Val Acc: 85.06% | LR: 0.000105 | Time: 277.3s
2026-02-17 13:14:53,157 [INFO] New best accuracy: 85.06%
2026-02-17 13:19:27,637 [INFO] Epoch 41/50 | Train Loss: 1.2963, Train Acc: 84.71% | (validation skipped) | LR: 0.000087 | Time: 274.1s
2026-02-17 13:24:00,383 [INFO] Epoch 42/50 | Train Loss: 1.2649, Train Acc: 85.63% | (validation skipped) | LR: 0.000071 | Time: 272.7s
2026-02-17 13:28:33,852 [INFO] Epoch 43/50 | Train Loss: 1.2363, Train Acc: 86.56% | (validation skipped) | LR: 0.000057 | Time: 273.5s
2026-02-17 13:33:07,764 [INFO] Epoch 44/50 | Train Loss: 1.2114, Train Acc: 87.39% | (validation skipped) | LR: 0.000045 | Time: 273.9s
2026-02-17 13:37:45,584 [INFO] Epoch 45/50 | Train Loss: 1.1843, Train Acc: 88.21% | Val Loss: 1.2211, Val Acc: 86.74% | LR: 0.000034 | Time: 277.8s
2026-02-17 13:37:45,884 [INFO] New best accuracy: 86.74%
2026-02-17 13:42:19,062 [INFO] Epoch 46/50 | Train Loss: 1.1636, Train Acc: 88.86% | (validation skipped) | LR: 0.000026 | Time: 273.2s
2026-02-17 13:46:51,262 [INFO] Epoch 47/50 | Train Loss: 1.1467, Train Acc: 89.42% | (validation skipped) | LR: 0.000019 | Time: 272.2s
2026-02-17 13:51:24,151 [INFO] Epoch 48/50 | Train Loss: 1.1314, Train Acc: 90.02% | (validation skipped) | LR: 0.000014 | Time: 272.9s
2026-02-17 13:55:58,506 [INFO] Epoch 49/50 | Train Loss: 1.1222, Train Acc: 90.19% | (validation skipped) | LR: 0.000011 | Time: 274.3s
2026-02-17 14:00:34,569 [INFO] Epoch 50/50 | Train Loss: 1.1160, Train Acc: 90.42% | Val Loss: 1.1866, Val Acc: 87.70% | LR: 0.000010 | Time: 276.0s
2026-02-17 14:00:34,838 [INFO] New best accuracy: 87.70%
2026-02-17 14:00:35,079 [INFO] Training complete! Best accuracy: 87.70%
2026-02-17 14:00:35,079 [INFO] Outputs saved to: /projects/prjs0771/melle/projects/visionCNN/logs/convnext_medium_groupnorm_bs16_lr0.001
2026-02-17 14:00:36,420 [INFO] Gradient stats saved to: /projects/prjs0771/melle/projects/visionCNN/logs/convnext_medium_groupnorm_bs16_lr0.001/gradient_stats.csv
