[2026-02-17 10:09:14,217] torch.distributed.run: [WARNING] master_addr is only used for static rdzv_backend and when rdzv_endpoint is not specified.
/projects/prjs0771/melle/envs/pytorch21-cuda121/lib/python3.11/site-packages/torchvision/io/image.py:13: UserWarning: Failed to load image Python extension: '/gpfs/work1/0/prjs0771/melle/envs/pytorch21-cuda121/lib/python3.11/site-packages/torchvision/image.so: undefined symbol: _ZN3c106detail23torchInternalAssertFailEPKcS2_jS2_RKSs'If you don't plan on using image functionality from `torchvision.io`, you can ignore this warning. Otherwise, there might be something wrong with your environment. Did you have `libjpeg` or `libpng` installed before building `torchvision` from source?
  warn(
2026-02-17 10:09:18,773 [INFO] Distributed: DistributedManager(rank=0, local_rank=0, world_size=1, device=cuda:0, is_distributed=True)
2026-02-17 10:09:18,773 [INFO] Config: {'experiment_name': 'convnext_medium_nonorm_bs128_lr0.001', 'model': {'name': 'convnext_medium', 'num_classes': 100, 'norm_layer': 'nonorm'}, 'data': {'dataset': 'imagenet100', 'root': '/scratch-nvme/ml-datasets/imagenet/torchvision_ImageFolder', 'img_size': 224, 'backend': 'pytorch', 'num_workers': 16, 'pin_memory': True, 'persistent_workers': True, 'prefetch_factor': 2, 'gpu_transforms': True}, 'training': {'epochs': 50, 'batch_size': 128, 'lr': 0.001, 'min_lr': 1e-05, 'weight_decay': 0.05, 'optimizer': 'adamw', 'scheduler': 'cosine', 'label_smoothing': 0.1, 'use_amp': True, 'channels_last': True, 'seed': 42, 'val_frequency': 5, 'save_frequency': 10, 'disable_progress_bar': True, 'log_gradients': True, 'grad_log_freq': 50}, 'logging': {'log_dir': 'logs'}, 'wandb': {'enabled': True, 'project': 'norm-comparison-extended', 'tags': ['norm-experiment-extended', 'imagenet100']}}
2026-02-17 10:09:18,773 [INFO] Run directory: /projects/prjs0771/melle/projects/visionCNN/logs/convnext_medium_nonorm_bs128_lr0.001
2026-02-17 10:09:18,773 [INFO] Set random seed: 42 (rank offset applied)
2026-02-17 10:09:18,773 [INFO] Using device: cuda:0
2026-02-17 10:09:18,773 [INFO] World size: 1
2026-02-17 10:09:20,192 [INFO] Model: convnext_medium, Parameters: 19,161,796
2026-02-17 10:09:20,196 [INFO] Using channels-last (NHWC) memory format
2026-02-17 10:09:20,227 [INFO] Mixed precision training: True
2026-02-17 10:09:38,032 [INFO] Using GPU-accelerated transforms to reduce CPU bottleneck
2026-02-17 10:09:38,032 [INFO] Train samples: 128135, Val samples: 5000
2026-02-17 10:09:38,032 [INFO] Effective batch size: 128 (128 x 1 GPUs)
2026-02-17 10:09:38,032 [INFO] Starting training for 50 epochs...
2026-02-17 10:09:38,032 [INFO] Gradient flow logging enabled (every 50 steps)
2026-02-17 10:12:05,579 [INFO] Epoch 1/50 | Train Loss: 4.3024, Train Acc: 6.52% | (validation skipped) | LR: 0.000999 | Time: 147.5s
2026-02-17 10:14:25,549 [INFO] Epoch 2/50 | Train Loss: 3.9244, Train Acc: 14.20% | (validation skipped) | LR: 0.000996 | Time: 140.0s
2026-02-17 10:16:45,436 [INFO] Epoch 3/50 | Train Loss: 3.6463, Train Acc: 20.53% | (validation skipped) | LR: 0.000991 | Time: 139.9s
2026-02-17 10:19:05,451 [INFO] Epoch 4/50 | Train Loss: 3.4847, Train Acc: 24.18% | (validation skipped) | LR: 0.000984 | Time: 140.0s
2026-02-17 10:21:28,819 [INFO] Epoch 5/50 | Train Loss: nan, Train Acc: 16.69% | Val Loss: nan, Val Acc: 1.04% | LR: 0.000976 | Time: 143.3s
2026-02-17 10:21:29,214 [INFO] New best accuracy: 1.04%
2026-02-17 10:23:47,030 [INFO] Epoch 6/50 | Train Loss: nan, Train Acc: 1.02% | (validation skipped) | LR: 0.000965 | Time: 137.8s
2026-02-17 10:26:05,009 [INFO] Epoch 7/50 | Train Loss: nan, Train Acc: 1.02% | (validation skipped) | LR: 0.000953 | Time: 138.0s
2026-02-17 10:28:22,803 [INFO] Epoch 8/50 | Train Loss: nan, Train Acc: 1.01% | (validation skipped) | LR: 0.000939 | Time: 137.8s
2026-02-17 10:30:40,624 [INFO] Epoch 9/50 | Train Loss: nan, Train Acc: 1.05% | (validation skipped) | LR: 0.000923 | Time: 137.8s
2026-02-17 10:33:01,795 [INFO] Epoch 10/50 | Train Loss: nan, Train Acc: 1.01% | Val Loss: nan, Val Acc: 1.04% | LR: 0.000905 | Time: 141.1s
2026-02-17 10:35:19,769 [INFO] Epoch 11/50 | Train Loss: nan, Train Acc: 1.01% | (validation skipped) | LR: 0.000886 | Time: 137.7s
2026-02-17 10:37:37,655 [INFO] Epoch 12/50 | Train Loss: nan, Train Acc: 0.97% | (validation skipped) | LR: 0.000866 | Time: 137.9s
2026-02-17 10:39:55,386 [INFO] Epoch 13/50 | Train Loss: nan, Train Acc: 0.97% | (validation skipped) | LR: 0.000844 | Time: 137.7s
2026-02-17 10:42:13,156 [INFO] Epoch 14/50 | Train Loss: nan, Train Acc: 1.02% | (validation skipped) | LR: 0.000821 | Time: 137.8s
2026-02-17 10:44:34,151 [INFO] Epoch 15/50 | Train Loss: nan, Train Acc: 1.04% | Val Loss: nan, Val Acc: 1.04% | LR: 0.000796 | Time: 141.0s
2026-02-17 10:46:51,808 [INFO] Epoch 16/50 | Train Loss: nan, Train Acc: 1.01% | (validation skipped) | LR: 0.000770 | Time: 137.7s
2026-02-17 10:49:09,845 [INFO] Epoch 17/50 | Train Loss: nan, Train Acc: 1.05% | (validation skipped) | LR: 0.000743 | Time: 138.0s
2026-02-17 10:51:27,607 [INFO] Epoch 18/50 | Train Loss: nan, Train Acc: 1.02% | (validation skipped) | LR: 0.000716 | Time: 137.7s
2026-02-17 10:53:45,470 [INFO] Epoch 19/50 | Train Loss: nan, Train Acc: 1.04% | (validation skipped) | LR: 0.000687 | Time: 137.9s
2026-02-17 10:56:06,640 [INFO] Epoch 20/50 | Train Loss: nan, Train Acc: 1.02% | Val Loss: nan, Val Acc: 1.04% | LR: 0.000658 | Time: 141.1s
2026-02-17 10:58:24,865 [INFO] Epoch 21/50 | Train Loss: nan, Train Acc: 0.97% | (validation skipped) | LR: 0.000628 | Time: 138.0s
2026-02-17 11:00:42,792 [INFO] Epoch 22/50 | Train Loss: nan, Train Acc: 1.01% | (validation skipped) | LR: 0.000598 | Time: 137.9s
2026-02-17 11:03:00,535 [INFO] Epoch 23/50 | Train Loss: nan, Train Acc: 1.01% | (validation skipped) | LR: 0.000567 | Time: 137.7s
2026-02-17 11:05:18,561 [INFO] Epoch 24/50 | Train Loss: nan, Train Acc: 1.00% | (validation skipped) | LR: 0.000536 | Time: 138.0s
2026-02-17 11:07:39,645 [INFO] Epoch 25/50 | Train Loss: nan, Train Acc: 1.02% | Val Loss: nan, Val Acc: 1.04% | LR: 0.000505 | Time: 141.1s
2026-02-17 11:09:57,409 [INFO] Epoch 26/50 | Train Loss: nan, Train Acc: 1.03% | (validation skipped) | LR: 0.000474 | Time: 137.8s
2026-02-17 11:12:15,414 [INFO] Epoch 27/50 | Train Loss: nan, Train Acc: 1.03% | (validation skipped) | LR: 0.000443 | Time: 138.0s
2026-02-17 11:14:33,327 [INFO] Epoch 28/50 | Train Loss: nan, Train Acc: 1.01% | (validation skipped) | LR: 0.000412 | Time: 137.9s
2026-02-17 11:16:51,161 [INFO] Epoch 29/50 | Train Loss: nan, Train Acc: 1.03% | (validation skipped) | LR: 0.000382 | Time: 137.8s
2026-02-17 11:19:12,319 [INFO] Epoch 30/50 | Train Loss: nan, Train Acc: 1.05% | Val Loss: nan, Val Acc: 1.04% | LR: 0.000352 | Time: 141.1s
2026-02-17 11:21:30,374 [INFO] Epoch 31/50 | Train Loss: nan, Train Acc: 1.02% | (validation skipped) | LR: 0.000323 | Time: 137.8s
2026-02-17 11:23:48,401 [INFO] Epoch 32/50 | Train Loss: nan, Train Acc: 1.04% | (validation skipped) | LR: 0.000294 | Time: 138.0s
2026-02-17 11:26:06,371 [INFO] Epoch 33/50 | Train Loss: nan, Train Acc: 0.99% | (validation skipped) | LR: 0.000267 | Time: 138.0s
2026-02-17 11:28:24,261 [INFO] Epoch 34/50 | Train Loss: nan, Train Acc: 1.01% | (validation skipped) | LR: 0.000240 | Time: 137.9s
2026-02-17 11:30:45,232 [INFO] Epoch 35/50 | Train Loss: nan, Train Acc: 1.00% | Val Loss: nan, Val Acc: 1.04% | LR: 0.000214 | Time: 141.0s
2026-02-17 11:33:03,069 [INFO] Epoch 36/50 | Train Loss: nan, Train Acc: 1.00% | (validation skipped) | LR: 0.000189 | Time: 137.8s
2026-02-17 11:35:20,929 [INFO] Epoch 37/50 | Train Loss: nan, Train Acc: 1.02% | (validation skipped) | LR: 0.000166 | Time: 137.8s
2026-02-17 11:37:38,949 [INFO] Epoch 38/50 | Train Loss: nan, Train Acc: 1.01% | (validation skipped) | LR: 0.000144 | Time: 138.0s
2026-02-17 11:39:56,816 [INFO] Epoch 39/50 | Train Loss: nan, Train Acc: 1.00% | (validation skipped) | LR: 0.000124 | Time: 137.9s
2026-02-17 11:42:18,082 [INFO] Epoch 40/50 | Train Loss: nan, Train Acc: 1.03% | Val Loss: nan, Val Acc: 1.04% | LR: 0.000105 | Time: 141.2s
2026-02-17 11:44:36,210 [INFO] Epoch 41/50 | Train Loss: nan, Train Acc: 1.01% | (validation skipped) | LR: 0.000087 | Time: 137.9s
2026-02-17 11:46:54,264 [INFO] Epoch 42/50 | Train Loss: nan, Train Acc: 1.02% | (validation skipped) | LR: 0.000071 | Time: 138.1s
2026-02-17 11:49:12,147 [INFO] Epoch 43/50 | Train Loss: nan, Train Acc: 0.99% | (validation skipped) | LR: 0.000057 | Time: 137.9s
2026-02-17 11:51:30,061 [INFO] Epoch 44/50 | Train Loss: nan, Train Acc: 1.00% | (validation skipped) | LR: 0.000045 | Time: 137.9s
2026-02-17 11:53:51,038 [INFO] Epoch 45/50 | Train Loss: nan, Train Acc: 0.99% | Val Loss: nan, Val Acc: 1.04% | LR: 0.000034 | Time: 140.9s
2026-02-17 11:56:08,730 [INFO] Epoch 46/50 | Train Loss: nan, Train Acc: 1.03% | (validation skipped) | LR: 0.000026 | Time: 137.7s
2026-02-17 11:58:26,507 [INFO] Epoch 47/50 | Train Loss: nan, Train Acc: 1.04% | (validation skipped) | LR: 0.000019 | Time: 137.8s
2026-02-17 12:00:44,240 [INFO] Epoch 48/50 | Train Loss: nan, Train Acc: 1.03% | (validation skipped) | LR: 0.000014 | Time: 137.7s
2026-02-17 12:03:02,304 [INFO] Epoch 49/50 | Train Loss: nan, Train Acc: 1.02% | (validation skipped) | LR: 0.000011 | Time: 138.0s
2026-02-17 12:05:23,519 [INFO] Epoch 50/50 | Train Loss: nan, Train Acc: 1.04% | Val Loss: nan, Val Acc: 1.04% | LR: 0.000010 | Time: 141.1s
2026-02-17 12:05:23,776 [INFO] Training complete! Best accuracy: 1.04%
2026-02-17 12:05:23,776 [INFO] Outputs saved to: /projects/prjs0771/melle/projects/visionCNN/logs/convnext_medium_nonorm_bs128_lr0.001
2026-02-17 12:05:23,835 [INFO] Gradient stats saved to: /projects/prjs0771/melle/projects/visionCNN/logs/convnext_medium_nonorm_bs128_lr0.001/gradient_stats.csv
