[2026-02-17 10:17:02,651] torch.distributed.run: [WARNING] master_addr is only used for static rdzv_backend and when rdzv_endpoint is not specified.
/projects/prjs0771/melle/envs/pytorch21-cuda121/lib/python3.11/site-packages/torchvision/io/image.py:13: UserWarning: Failed to load image Python extension: '/gpfs/work1/0/prjs0771/melle/envs/pytorch21-cuda121/lib/python3.11/site-packages/torchvision/image.so: undefined symbol: _ZN3c106detail23torchInternalAssertFailEPKcS2_jS2_RKSs'If you don't plan on using image functionality from `torchvision.io`, you can ignore this warning. Otherwise, there might be something wrong with your environment. Did you have `libjpeg` or `libpng` installed before building `torchvision` from source?
  warn(
2026-02-17 10:17:08,919 [INFO] Distributed: DistributedManager(rank=0, local_rank=0, world_size=1, device=cuda:0, is_distributed=True)
2026-02-17 10:17:08,919 [INFO] Config: {'experiment_name': 'convnext_medium_batchnorm_bs128_lr0.003', 'model': {'name': 'convnext_medium', 'num_classes': 100, 'norm_layer': 'batchnorm'}, 'data': {'dataset': 'imagenet100', 'root': '/scratch-nvme/ml-datasets/imagenet/torchvision_ImageFolder', 'img_size': 224, 'backend': 'pytorch', 'num_workers': 16, 'pin_memory': True, 'persistent_workers': True, 'prefetch_factor': 2, 'gpu_transforms': True}, 'training': {'epochs': 50, 'batch_size': 128, 'lr': 0.003, 'min_lr': 1e-05, 'weight_decay': 0.05, 'optimizer': 'adamw', 'scheduler': 'cosine', 'label_smoothing': 0.1, 'use_amp': True, 'channels_last': True, 'seed': 42, 'val_frequency': 5, 'save_frequency': 10, 'disable_progress_bar': True, 'log_gradients': True, 'grad_log_freq': 50}, 'logging': {'log_dir': 'logs'}, 'wandb': {'enabled': True, 'project': 'norm-comparison-extended', 'tags': ['norm-experiment-extended', 'imagenet100']}}
2026-02-17 10:17:08,919 [INFO] Run directory: /projects/prjs0771/melle/projects/visionCNN/logs/convnext_medium_batchnorm_bs128_lr0.003
2026-02-17 10:17:08,920 [INFO] Set random seed: 42 (rank offset applied)
2026-02-17 10:17:08,920 [INFO] Using device: cuda:0
2026-02-17 10:17:08,920 [INFO] World size: 1
2026-02-17 10:17:10,354 [INFO] Model: convnext_medium, Parameters: 19,173,700
2026-02-17 10:17:10,359 [INFO] Using channels-last (NHWC) memory format
2026-02-17 10:17:10,399 [INFO] Mixed precision training: True
2026-02-17 10:19:45,830 [INFO] Using GPU-accelerated transforms to reduce CPU bottleneck
2026-02-17 10:19:45,831 [INFO] Train samples: 128135, Val samples: 5000
2026-02-17 10:19:45,831 [INFO] Effective batch size: 128 (128 x 1 GPUs)
2026-02-17 10:19:45,831 [INFO] Starting training for 50 epochs...
2026-02-17 10:19:45,831 [INFO] Gradient flow logging enabled (every 50 steps)
2026-02-17 10:22:18,628 [INFO] Epoch 1/50 | Train Loss: 4.1645, Train Acc: 8.14% | (validation skipped) | LR: 0.002997 | Time: 152.8s
2026-02-17 10:24:43,211 [INFO] Epoch 2/50 | Train Loss: 3.5205, Train Acc: 22.14% | (validation skipped) | LR: 0.002988 | Time: 144.6s
2026-02-17 10:27:07,629 [INFO] Epoch 3/50 | Train Loss: 3.0451, Train Acc: 34.60% | (validation skipped) | LR: 0.002974 | Time: 144.4s
2026-02-17 10:29:32,155 [INFO] Epoch 4/50 | Train Loss: 2.7313, Train Acc: 43.53% | (validation skipped) | LR: 0.002953 | Time: 144.5s
2026-02-17 10:32:02,256 [INFO] Epoch 5/50 | Train Loss: 2.5319, Train Acc: 49.36% | Val Loss: 2.2841, Val Acc: 56.10% | LR: 0.002927 | Time: 150.1s
2026-02-17 10:32:02,573 [INFO] New best accuracy: 56.10%
2026-02-17 10:34:26,986 [INFO] Epoch 6/50 | Train Loss: 2.3839, Train Acc: 53.76% | (validation skipped) | LR: 0.002895 | Time: 144.4s
2026-02-17 10:36:51,523 [INFO] Epoch 7/50 | Train Loss: 2.2748, Train Acc: 57.00% | (validation skipped) | LR: 0.002858 | Time: 144.5s
2026-02-17 10:39:15,788 [INFO] Epoch 8/50 | Train Loss: 2.1865, Train Acc: 59.52% | (validation skipped) | LR: 0.002815 | Time: 144.3s
2026-02-17 10:41:40,186 [INFO] Epoch 9/50 | Train Loss: 2.1161, Train Acc: 61.65% | (validation skipped) | LR: 0.002767 | Time: 144.4s
2026-02-17 10:44:09,193 [INFO] Epoch 10/50 | Train Loss: 2.0607, Train Acc: 63.28% | Val Loss: 1.8335, Val Acc: 70.14% | LR: 0.002714 | Time: 149.0s
2026-02-17 10:44:09,492 [INFO] New best accuracy: 70.14%
2026-02-17 10:46:33,901 [INFO] Epoch 11/50 | Train Loss: 2.0028, Train Acc: 64.85% | (validation skipped) | LR: 0.002657 | Time: 144.1s
2026-02-17 10:48:58,164 [INFO] Epoch 12/50 | Train Loss: 1.9631, Train Acc: 65.97% | (validation skipped) | LR: 0.002595 | Time: 144.3s
2026-02-17 10:51:22,396 [INFO] Epoch 13/50 | Train Loss: 1.9191, Train Acc: 67.43% | (validation skipped) | LR: 0.002528 | Time: 144.2s
2026-02-17 10:53:46,523 [INFO] Epoch 14/50 | Train Loss: 1.8758, Train Acc: 68.69% | (validation skipped) | LR: 0.002458 | Time: 144.1s
2026-02-17 10:56:15,337 [INFO] Epoch 15/50 | Train Loss: 1.8388, Train Acc: 69.59% | Val Loss: 1.7130, Val Acc: 73.62% | LR: 0.002384 | Time: 148.8s
2026-02-17 10:56:15,622 [INFO] New best accuracy: 73.62%
2026-02-17 10:58:39,767 [INFO] Epoch 16/50 | Train Loss: 1.8148, Train Acc: 70.36% | (validation skipped) | LR: 0.002306 | Time: 144.1s
2026-02-17 11:01:04,182 [INFO] Epoch 17/50 | Train Loss: 1.7849, Train Acc: 71.21% | (validation skipped) | LR: 0.002225 | Time: 144.4s
2026-02-17 11:03:28,226 [INFO] Epoch 18/50 | Train Loss: 1.7491, Train Acc: 72.38% | (validation skipped) | LR: 0.002142 | Time: 144.0s
2026-02-17 11:05:52,368 [INFO] Epoch 19/50 | Train Loss: 1.7196, Train Acc: 73.12% | (validation skipped) | LR: 0.002055 | Time: 144.1s
2026-02-17 11:08:21,320 [INFO] Epoch 20/50 | Train Loss: 1.6908, Train Acc: 73.99% | Val Loss: 1.5537, Val Acc: 78.38% | LR: 0.001967 | Time: 148.9s
2026-02-17 11:08:21,595 [INFO] New best accuracy: 78.38%
2026-02-17 11:10:46,158 [INFO] Epoch 21/50 | Train Loss: 1.6603, Train Acc: 74.80% | (validation skipped) | LR: 0.001877 | Time: 144.3s
2026-02-17 11:13:10,439 [INFO] Epoch 22/50 | Train Loss: 1.6337, Train Acc: 75.54% | (validation skipped) | LR: 0.001785 | Time: 144.3s
2026-02-17 11:15:34,577 [INFO] Epoch 23/50 | Train Loss: 1.6033, Train Acc: 76.58% | (validation skipped) | LR: 0.001692 | Time: 144.1s
2026-02-17 11:17:59,000 [INFO] Epoch 24/50 | Train Loss: 1.5787, Train Acc: 77.20% | (validation skipped) | LR: 0.001599 | Time: 144.4s
2026-02-17 11:20:27,948 [INFO] Epoch 25/50 | Train Loss: 1.5470, Train Acc: 78.28% | Val Loss: 1.4284, Val Acc: 81.44% | LR: 0.001505 | Time: 148.9s
2026-02-17 11:20:28,304 [INFO] New best accuracy: 81.44%
2026-02-17 11:22:52,489 [INFO] Epoch 26/50 | Train Loss: 1.5235, Train Acc: 78.91% | (validation skipped) | LR: 0.001411 | Time: 144.2s
2026-02-17 11:25:16,871 [INFO] Epoch 27/50 | Train Loss: 1.4902, Train Acc: 79.90% | (validation skipped) | LR: 0.001318 | Time: 144.4s
2026-02-17 11:27:41,124 [INFO] Epoch 28/50 | Train Loss: 1.4611, Train Acc: 80.75% | (validation skipped) | LR: 0.001225 | Time: 144.3s
2026-02-17 11:30:05,172 [INFO] Epoch 29/50 | Train Loss: 1.4405, Train Acc: 81.28% | (validation skipped) | LR: 0.001133 | Time: 144.0s
2026-02-17 11:32:34,096 [INFO] Epoch 30/50 | Train Loss: 1.4038, Train Acc: 82.44% | Val Loss: 1.3505, Val Acc: 83.64% | LR: 0.001043 | Time: 148.9s
2026-02-17 11:32:34,407 [INFO] New best accuracy: 83.64%
2026-02-17 11:34:58,760 [INFO] Epoch 31/50 | Train Loss: 1.3817, Train Acc: 83.03% | (validation skipped) | LR: 0.000955 | Time: 144.1s
2026-02-17 11:37:23,134 [INFO] Epoch 32/50 | Train Loss: 1.3509, Train Acc: 84.05% | (validation skipped) | LR: 0.000868 | Time: 144.4s
2026-02-17 11:39:47,346 [INFO] Epoch 33/50 | Train Loss: 1.3218, Train Acc: 84.92% | (validation skipped) | LR: 0.000785 | Time: 144.2s
2026-02-17 11:42:11,478 [INFO] Epoch 34/50 | Train Loss: 1.2979, Train Acc: 85.78% | (validation skipped) | LR: 0.000704 | Time: 144.1s
2026-02-17 11:44:40,484 [INFO] Epoch 35/50 | Train Loss: 1.2711, Train Acc: 86.48% | Val Loss: 1.2825, Val Acc: 85.80% | LR: 0.000626 | Time: 149.0s
2026-02-17 11:44:40,760 [INFO] New best accuracy: 85.80%
2026-02-17 11:47:04,856 [INFO] Epoch 36/50 | Train Loss: 1.2421, Train Acc: 87.38% | (validation skipped) | LR: 0.000552 | Time: 144.1s
2026-02-17 11:49:29,016 [INFO] Epoch 37/50 | Train Loss: 1.2175, Train Acc: 88.13% | (validation skipped) | LR: 0.000482 | Time: 144.1s
2026-02-17 11:51:53,211 [INFO] Epoch 38/50 | Train Loss: 1.1968, Train Acc: 88.78% | (validation skipped) | LR: 0.000415 | Time: 144.2s
2026-02-17 11:54:17,328 [INFO] Epoch 39/50 | Train Loss: 1.1767, Train Acc: 89.45% | (validation skipped) | LR: 0.000353 | Time: 144.1s
2026-02-17 11:56:46,063 [INFO] Epoch 40/50 | Train Loss: 1.1538, Train Acc: 90.16% | Val Loss: 1.2534, Val Acc: 86.44% | LR: 0.000296 | Time: 148.7s
2026-02-17 11:56:46,363 [INFO] New best accuracy: 86.44%
2026-02-17 11:59:10,785 [INFO] Epoch 41/50 | Train Loss: 1.1352, Train Acc: 90.70% | (validation skipped) | LR: 0.000243 | Time: 144.1s
2026-02-17 12:01:34,905 [INFO] Epoch 42/50 | Train Loss: 1.1204, Train Acc: 91.14% | (validation skipped) | LR: 0.000195 | Time: 144.1s
2026-02-17 12:03:59,087 [INFO] Epoch 43/50 | Train Loss: 1.1033, Train Acc: 91.62% | (validation skipped) | LR: 0.000152 | Time: 144.2s
2026-02-17 12:06:23,323 [INFO] Epoch 44/50 | Train Loss: 1.0923, Train Acc: 91.90% | (validation skipped) | LR: 0.000115 | Time: 144.2s
2026-02-17 12:08:52,218 [INFO] Epoch 45/50 | Train Loss: 1.0768, Train Acc: 92.40% | Val Loss: 1.2074, Val Acc: 87.82% | LR: 0.000083 | Time: 148.8s
2026-02-17 12:08:52,536 [INFO] New best accuracy: 87.82%
2026-02-17 12:11:16,535 [INFO] Epoch 46/50 | Train Loss: 1.0733, Train Acc: 92.49% | (validation skipped) | LR: 0.000057 | Time: 144.0s
2026-02-17 12:13:40,580 [INFO] Epoch 47/50 | Train Loss: 1.0664, Train Acc: 92.67% | (validation skipped) | LR: 0.000036 | Time: 144.0s
2026-02-17 12:16:04,677 [INFO] Epoch 48/50 | Train Loss: 1.0573, Train Acc: 92.96% | (validation skipped) | LR: 0.000022 | Time: 144.1s
[2026-02-17T12:17:03.008] error: *** JOB 19572524 ON gcn59 CANCELLED AT 2026-02-17T12:17:03 DUE TO TIME LIMIT ***
[2026-02-17T12:17:03.008] error: *** STEP 19572524.0 ON gcn59 CANCELLED AT 2026-02-17T12:17:03 DUE TO TIME LIMIT ***
srun: Job step aborted: Waiting up to 32 seconds for job step to finish.
[2026-02-17 12:17:03,010] torch.distributed.elastic.agent.server.api: [WARNING] Received 15 death signal, shutting down workers
[2026-02-17 12:17:03,011] torch.distributed.elastic.multiprocessing.api: [WARNING] Sending process 1218345 closing signal SIGTERM
[2026-02-17 12:17:03,014] torch.distributed.elastic.multiprocessing.api: [WARNING] Sending process 1218345 closing signal SIGTERM
