[2026-02-17 10:10:51,767] torch.distributed.run: [WARNING] master_addr is only used for static rdzv_backend and when rdzv_endpoint is not specified.
/projects/prjs0771/melle/envs/pytorch21-cuda121/lib/python3.11/site-packages/torchvision/io/image.py:13: UserWarning: Failed to load image Python extension: '/gpfs/work1/0/prjs0771/melle/envs/pytorch21-cuda121/lib/python3.11/site-packages/torchvision/image.so: undefined symbol: _ZN3c106detail23torchInternalAssertFailEPKcS2_jS2_RKSs'If you don't plan on using image functionality from `torchvision.io`, you can ignore this warning. Otherwise, there might be something wrong with your environment. Did you have `libjpeg` or `libpng` installed before building `torchvision` from source?
  warn(
2026-02-17 10:10:58,582 [INFO] Distributed: DistributedManager(rank=0, local_rank=0, world_size=1, device=cuda:0, is_distributed=True)
2026-02-17 10:10:58,583 [INFO] Config: {'experiment_name': 'resnet_medium_layernorm_bs128_lr0.0003', 'model': {'name': 'resnet_medium', 'num_classes': 100, 'norm_layer': 'layernorm'}, 'data': {'dataset': 'imagenet100', 'root': '/scratch-nvme/ml-datasets/imagenet/torchvision_ImageFolder', 'img_size': 224, 'backend': 'pytorch', 'num_workers': 16, 'pin_memory': True, 'persistent_workers': True, 'prefetch_factor': 2, 'gpu_transforms': True}, 'training': {'epochs': 50, 'batch_size': 128, 'lr': 0.0003, 'min_lr': 1e-05, 'weight_decay': 0.05, 'optimizer': 'adamw', 'scheduler': 'cosine', 'label_smoothing': 0.1, 'use_amp': True, 'channels_last': True, 'seed': 42, 'val_frequency': 5, 'save_frequency': 10, 'disable_progress_bar': True, 'log_gradients': True, 'grad_log_freq': 50}, 'logging': {'log_dir': 'logs'}, 'wandb': {'enabled': True, 'project': 'norm-comparison-extended', 'tags': ['norm-experiment-extended', 'imagenet100']}}
2026-02-17 10:10:58,583 [INFO] Run directory: /projects/prjs0771/melle/projects/visionCNN/logs/resnet_medium_layernorm_bs128_lr0.0003
2026-02-17 10:10:58,583 [INFO] Set random seed: 42 (rank offset applied)
2026-02-17 10:10:58,583 [INFO] Using device: cuda:0
2026-02-17 10:10:58,583 [INFO] World size: 1
2026-02-17 10:10:58,826 [INFO] Model: resnet_medium, Parameters: 21,335,972
2026-02-17 10:10:58,860 [INFO] Using channels-last (NHWC) memory format
2026-02-17 10:10:58,889 [INFO] Mixed precision training: True
2026-02-17 10:12:25,133 [INFO] Using GPU-accelerated transforms to reduce CPU bottleneck
2026-02-17 10:12:25,133 [INFO] Train samples: 128135, Val samples: 5000
2026-02-17 10:12:25,133 [INFO] Effective batch size: 128 (128 x 1 GPUs)
2026-02-17 10:12:25,133 [INFO] Starting training for 50 epochs...
2026-02-17 10:12:25,133 [INFO] Gradient flow logging enabled (every 50 steps)
2026-02-17 10:13:54,062 [INFO] Epoch 1/50 | Train Loss: 4.4554, Train Acc: 3.23% | (validation skipped) | LR: 0.000300 | Time: 88.9s
2026-02-17 10:15:19,815 [INFO] Epoch 2/50 | Train Loss: 3.9637, Train Acc: 11.64% | (validation skipped) | LR: 0.000299 | Time: 85.8s
2026-02-17 10:16:45,606 [INFO] Epoch 3/50 | Train Loss: 3.5095, Train Acc: 21.84% | (validation skipped) | LR: 0.000297 | Time: 85.8s
2026-02-17 10:18:11,538 [INFO] Epoch 4/50 | Train Loss: 3.2337, Train Acc: 29.15% | (validation skipped) | LR: 0.000295 | Time: 85.9s
2026-02-17 10:19:42,508 [INFO] Epoch 5/50 | Train Loss: 3.0334, Train Acc: 34.20% | Val Loss: 2.8347, Val Acc: 38.44% | LR: 0.000293 | Time: 91.0s
2026-02-17 10:19:42,880 [INFO] New best accuracy: 38.44%
2026-02-17 10:21:08,732 [INFO] Epoch 6/50 | Train Loss: 2.8818, Train Acc: 38.59% | (validation skipped) | LR: 0.000290 | Time: 85.9s
2026-02-17 10:22:34,726 [INFO] Epoch 7/50 | Train Loss: 2.7541, Train Acc: 41.97% | (validation skipped) | LR: 0.000286 | Time: 86.0s
2026-02-17 10:24:00,526 [INFO] Epoch 8/50 | Train Loss: 2.6442, Train Acc: 44.99% | (validation skipped) | LR: 0.000282 | Time: 85.8s
2026-02-17 10:25:26,439 [INFO] Epoch 9/50 | Train Loss: 2.5622, Train Acc: 47.48% | (validation skipped) | LR: 0.000277 | Time: 85.9s
2026-02-17 10:26:56,787 [INFO] Epoch 10/50 | Train Loss: 2.4862, Train Acc: 49.61% | Val Loss: 2.2758, Val Acc: 54.68% | LR: 0.000272 | Time: 90.3s
2026-02-17 10:26:57,075 [INFO] New best accuracy: 54.68%
2026-02-17 10:28:23,122 [INFO] Epoch 11/50 | Train Loss: 2.4247, Train Acc: 51.36% | (validation skipped) | LR: 0.000267 | Time: 85.8s
2026-02-17 10:29:48,999 [INFO] Epoch 12/50 | Train Loss: 2.3601, Train Acc: 53.23% | (validation skipped) | LR: 0.000261 | Time: 85.9s
2026-02-17 10:31:14,799 [INFO] Epoch 13/50 | Train Loss: 2.3140, Train Acc: 54.71% | (validation skipped) | LR: 0.000254 | Time: 85.8s
2026-02-17 10:32:40,523 [INFO] Epoch 14/50 | Train Loss: 2.2595, Train Acc: 56.04% | (validation skipped) | LR: 0.000247 | Time: 85.7s
2026-02-17 10:34:10,110 [INFO] Epoch 15/50 | Train Loss: 2.2147, Train Acc: 57.55% | Val Loss: 2.0562, Val Acc: 61.84% | LR: 0.000240 | Time: 89.6s
2026-02-17 10:34:10,382 [INFO] New best accuracy: 61.84%
2026-02-17 10:35:36,003 [INFO] Epoch 16/50 | Train Loss: 2.1720, Train Acc: 58.60% | (validation skipped) | LR: 0.000233 | Time: 85.6s
2026-02-17 10:37:01,990 [INFO] Epoch 17/50 | Train Loss: 2.1234, Train Acc: 59.98% | (validation skipped) | LR: 0.000225 | Time: 86.0s
2026-02-17 10:38:27,759 [INFO] Epoch 18/50 | Train Loss: 2.0873, Train Acc: 61.09% | (validation skipped) | LR: 0.000217 | Time: 85.8s
2026-02-17 10:39:53,623 [INFO] Epoch 19/50 | Train Loss: 2.0508, Train Acc: 62.19% | (validation skipped) | LR: 0.000208 | Time: 85.9s
2026-02-17 10:41:23,966 [INFO] Epoch 20/50 | Train Loss: 2.0168, Train Acc: 63.12% | Val Loss: 1.9071, Val Acc: 67.00% | LR: 0.000200 | Time: 90.3s
2026-02-17 10:41:24,260 [INFO] New best accuracy: 67.00%
2026-02-17 10:42:50,493 [INFO] Epoch 21/50 | Train Loss: 1.9814, Train Acc: 64.08% | (validation skipped) | LR: 0.000191 | Time: 86.0s
2026-02-17 10:44:16,461 [INFO] Epoch 22/50 | Train Loss: 1.9478, Train Acc: 65.08% | (validation skipped) | LR: 0.000182 | Time: 86.0s
2026-02-17 10:45:42,229 [INFO] Epoch 23/50 | Train Loss: 1.9156, Train Acc: 66.03% | (validation skipped) | LR: 0.000173 | Time: 85.8s
2026-02-17 10:47:08,159 [INFO] Epoch 24/50 | Train Loss: 1.8867, Train Acc: 66.82% | (validation skipped) | LR: 0.000164 | Time: 85.9s
2026-02-17 10:48:38,471 [INFO] Epoch 25/50 | Train Loss: 1.8553, Train Acc: 67.88% | Val Loss: 1.7788, Val Acc: 70.28% | LR: 0.000155 | Time: 90.3s
2026-02-17 10:48:38,760 [INFO] New best accuracy: 70.28%
2026-02-17 10:50:04,481 [INFO] Epoch 26/50 | Train Loss: 1.8336, Train Acc: 68.45% | (validation skipped) | LR: 0.000146 | Time: 85.7s
2026-02-17 10:51:30,444 [INFO] Epoch 27/50 | Train Loss: 1.8012, Train Acc: 69.38% | (validation skipped) | LR: 0.000137 | Time: 86.0s
2026-02-17 10:52:56,410 [INFO] Epoch 28/50 | Train Loss: 1.7785, Train Acc: 70.05% | (validation skipped) | LR: 0.000128 | Time: 86.0s
2026-02-17 10:54:22,157 [INFO] Epoch 29/50 | Train Loss: 1.7492, Train Acc: 70.98% | (validation skipped) | LR: 0.000119 | Time: 85.7s
2026-02-17 10:55:52,520 [INFO] Epoch 30/50 | Train Loss: 1.7237, Train Acc: 71.84% | Val Loss: 1.7043, Val Acc: 72.08% | LR: 0.000110 | Time: 90.3s
2026-02-17 10:55:52,817 [INFO] New best accuracy: 72.08%
2026-02-17 10:57:19,100 [INFO] Epoch 31/50 | Train Loss: 1.7018, Train Acc: 72.39% | (validation skipped) | LR: 0.000102 | Time: 85.9s
2026-02-17 10:58:45,149 [INFO] Epoch 32/50 | Train Loss: 1.6720, Train Acc: 73.38% | (validation skipped) | LR: 0.000093 | Time: 86.0s
2026-02-17 11:00:11,099 [INFO] Epoch 33/50 | Train Loss: 1.6563, Train Acc: 73.86% | (validation skipped) | LR: 0.000085 | Time: 85.9s
2026-02-17 11:01:37,075 [INFO] Epoch 34/50 | Train Loss: 1.6272, Train Acc: 74.72% | (validation skipped) | LR: 0.000077 | Time: 86.0s
2026-02-17 11:03:07,442 [INFO] Epoch 35/50 | Train Loss: 1.6082, Train Acc: 75.35% | Val Loss: 1.6178, Val Acc: 75.12% | LR: 0.000070 | Time: 90.3s
2026-02-17 11:03:07,801 [INFO] New best accuracy: 75.12%
2026-02-17 11:04:33,623 [INFO] Epoch 36/50 | Train Loss: 1.5895, Train Acc: 75.98% | (validation skipped) | LR: 0.000063 | Time: 85.8s
2026-02-17 11:05:59,438 [INFO] Epoch 37/50 | Train Loss: 1.5713, Train Acc: 76.62% | (validation skipped) | LR: 0.000056 | Time: 85.8s
2026-02-17 11:07:25,456 [INFO] Epoch 38/50 | Train Loss: 1.5557, Train Acc: 77.04% | (validation skipped) | LR: 0.000049 | Time: 86.0s
2026-02-17 11:08:51,270 [INFO] Epoch 39/50 | Train Loss: 1.5319, Train Acc: 77.64% | (validation skipped) | LR: 0.000043 | Time: 85.8s
2026-02-17 11:10:21,931 [INFO] Epoch 40/50 | Train Loss: 1.5176, Train Acc: 78.33% | Val Loss: 1.5751, Val Acc: 76.62% | LR: 0.000038 | Time: 90.6s
2026-02-17 11:10:22,258 [INFO] New best accuracy: 76.62%
2026-02-17 11:11:48,465 [INFO] Epoch 41/50 | Train Loss: 1.5034, Train Acc: 78.60% | (validation skipped) | LR: 0.000033 | Time: 85.8s
2026-02-17 11:13:14,381 [INFO] Epoch 42/50 | Train Loss: 1.4888, Train Acc: 79.15% | (validation skipped) | LR: 0.000028 | Time: 85.9s
2026-02-17 11:14:40,276 [INFO] Epoch 43/50 | Train Loss: 1.4770, Train Acc: 79.60% | (validation skipped) | LR: 0.000024 | Time: 85.9s
2026-02-17 11:16:06,238 [INFO] Epoch 44/50 | Train Loss: 1.4658, Train Acc: 79.89% | (validation skipped) | LR: 0.000020 | Time: 86.0s
2026-02-17 11:17:36,492 [INFO] Epoch 45/50 | Train Loss: 1.4586, Train Acc: 80.13% | Val Loss: 1.5569, Val Acc: 77.16% | LR: 0.000017 | Time: 90.2s
2026-02-17 11:17:36,764 [INFO] New best accuracy: 77.16%
2026-02-17 11:19:02,462 [INFO] Epoch 46/50 | Train Loss: 1.4530, Train Acc: 80.33% | (validation skipped) | LR: 0.000015 | Time: 85.7s
2026-02-17 11:20:28,332 [INFO] Epoch 47/50 | Train Loss: 1.4426, Train Acc: 80.71% | (validation skipped) | LR: 0.000013 | Time: 85.9s
2026-02-17 11:21:54,155 [INFO] Epoch 48/50 | Train Loss: 1.4370, Train Acc: 80.80% | (validation skipped) | LR: 0.000011 | Time: 85.8s
2026-02-17 11:23:20,191 [INFO] Epoch 49/50 | Train Loss: 1.4316, Train Acc: 81.00% | (validation skipped) | LR: 0.000010 | Time: 86.0s
2026-02-17 11:24:50,681 [INFO] Epoch 50/50 | Train Loss: 1.4302, Train Acc: 81.10% | Val Loss: 1.5362, Val Acc: 77.56% | LR: 0.000010 | Time: 90.5s
2026-02-17 11:24:51,005 [INFO] New best accuracy: 77.56%
2026-02-17 11:24:51,305 [INFO] Training complete! Best accuracy: 77.56%
2026-02-17 11:24:51,305 [INFO] Outputs saved to: /projects/prjs0771/melle/projects/visionCNN/logs/resnet_medium_layernorm_bs128_lr0.0003
2026-02-17 11:24:51,468 [INFO] Gradient stats saved to: /projects/prjs0771/melle/projects/visionCNN/logs/resnet_medium_layernorm_bs128_lr0.0003/gradient_stats.csv
