[2026-02-17 10:08:51,130] torch.distributed.run: [WARNING] master_addr is only used for static rdzv_backend and when rdzv_endpoint is not specified.
/projects/prjs0771/melle/envs/pytorch21-cuda121/lib/python3.11/site-packages/torchvision/io/image.py:13: UserWarning: Failed to load image Python extension: '/gpfs/work1/0/prjs0771/melle/envs/pytorch21-cuda121/lib/python3.11/site-packages/torchvision/image.so: undefined symbol: _ZN3c106detail23torchInternalAssertFailEPKcS2_jS2_RKSs'If you don't plan on using image functionality from `torchvision.io`, you can ignore this warning. Otherwise, there might be something wrong with your environment. Did you have `libjpeg` or `libpng` installed before building `torchvision` from source?
  warn(
2026-02-17 10:08:54,724 [INFO] Distributed: DistributedManager(rank=0, local_rank=0, world_size=1, device=cuda:0, is_distributed=True)
2026-02-17 10:08:54,724 [INFO] Config: {'experiment_name': 'resnet_medium_nonorm_bs512_lr0.001', 'model': {'name': 'resnet_medium', 'num_classes': 100, 'norm_layer': 'nonorm'}, 'data': {'dataset': 'imagenet100', 'root': '/scratch-nvme/ml-datasets/imagenet/torchvision_ImageFolder', 'img_size': 224, 'backend': 'pytorch', 'num_workers': 16, 'pin_memory': True, 'persistent_workers': True, 'prefetch_factor': 2, 'gpu_transforms': True}, 'training': {'epochs': 50, 'batch_size': 512, 'lr': 0.001, 'min_lr': 1e-05, 'weight_decay': 0.05, 'optimizer': 'adamw', 'scheduler': 'cosine', 'label_smoothing': 0.1, 'use_amp': True, 'channels_last': True, 'seed': 42, 'val_frequency': 5, 'save_frequency': 10, 'disable_progress_bar': True, 'log_gradients': True, 'grad_log_freq': 50}, 'logging': {'log_dir': 'logs'}, 'wandb': {'enabled': True, 'project': 'norm-comparison-extended', 'tags': ['norm-experiment-extended', 'imagenet100']}}
2026-02-17 10:08:54,724 [INFO] Run directory: /projects/prjs0771/melle/projects/visionCNN/logs/resnet_medium_nonorm_bs512_lr0.001
2026-02-17 10:08:54,724 [INFO] Set random seed: 42 (rank offset applied)
2026-02-17 10:08:54,725 [INFO] Using device: cuda:0
2026-02-17 10:08:54,725 [INFO] World size: 1
2026-02-17 10:08:54,958 [INFO] Model: resnet_medium, Parameters: 21,318,948
2026-02-17 10:08:54,994 [INFO] Using channels-last (NHWC) memory format
2026-02-17 10:08:55,020 [INFO] Mixed precision training: True
2026-02-17 10:09:12,701 [INFO] Using GPU-accelerated transforms to reduce CPU bottleneck
2026-02-17 10:09:12,701 [INFO] Train samples: 128135, Val samples: 5000
2026-02-17 10:09:12,701 [INFO] Effective batch size: 512 (512 x 1 GPUs)
2026-02-17 10:09:12,701 [INFO] Starting training for 50 epochs...
2026-02-17 10:09:12,701 [INFO] Gradient flow logging enabled (every 50 steps)
2026-02-17 10:10:01,499 [INFO] Epoch 1/50 | Train Loss: 4.6099, Train Acc: 5.42% | (validation skipped) | LR: 0.000999 | Time: 48.8s
2026-02-17 10:10:46,413 [INFO] Epoch 2/50 | Train Loss: 3.8155, Train Acc: 15.41% | (validation skipped) | LR: 0.000996 | Time: 44.9s
2026-02-17 10:11:31,199 [INFO] Epoch 3/50 | Train Loss: 3.4496, Train Acc: 24.44% | (validation skipped) | LR: 0.000991 | Time: 44.8s
2026-02-17 10:12:15,811 [INFO] Epoch 4/50 | Train Loss: 3.1834, Train Acc: 31.37% | (validation skipped) | LR: 0.000984 | Time: 44.6s
2026-02-17 10:13:05,955 [INFO] Epoch 5/50 | Train Loss: 3.0051, Train Acc: 36.09% | Val Loss: 2.7667, Val Acc: 42.08% | LR: 0.000976 | Time: 50.1s
2026-02-17 10:13:06,215 [INFO] New best accuracy: 42.08%
2026-02-17 10:13:50,650 [INFO] Epoch 6/50 | Train Loss: 2.8607, Train Acc: 40.00% | (validation skipped) | LR: 0.000965 | Time: 44.4s
2026-02-17 10:14:35,399 [INFO] Epoch 7/50 | Train Loss: 2.7468, Train Acc: 43.30% | (validation skipped) | LR: 0.000953 | Time: 44.7s
2026-02-17 10:15:20,250 [INFO] Epoch 8/50 | Train Loss: 2.6518, Train Acc: 45.94% | (validation skipped) | LR: 0.000939 | Time: 44.9s
2026-02-17 10:16:05,045 [INFO] Epoch 9/50 | Train Loss: 2.5810, Train Acc: 47.91% | (validation skipped) | LR: 0.000923 | Time: 44.8s
2026-02-17 10:16:54,156 [INFO] Epoch 10/50 | Train Loss: 2.5038, Train Acc: 50.29% | Val Loss: 2.2767, Val Acc: 56.94% | LR: 0.000905 | Time: 49.1s
2026-02-17 10:16:54,403 [INFO] New best accuracy: 56.94%
2026-02-17 10:17:39,380 [INFO] Epoch 11/50 | Train Loss: 2.4504, Train Acc: 51.74% | (validation skipped) | LR: 0.000886 | Time: 44.7s
2026-02-17 10:18:24,308 [INFO] Epoch 12/50 | Train Loss: 2.3998, Train Acc: 53.19% | (validation skipped) | LR: 0.000866 | Time: 44.9s
2026-02-17 10:19:09,118 [INFO] Epoch 13/50 | Train Loss: 2.3523, Train Acc: 54.65% | (validation skipped) | LR: 0.000844 | Time: 44.8s
2026-02-17 10:19:53,734 [INFO] Epoch 14/50 | Train Loss: 2.3002, Train Acc: 56.02% | (validation skipped) | LR: 0.000821 | Time: 44.6s
2026-02-17 10:20:42,995 [INFO] Epoch 15/50 | Train Loss: 2.2575, Train Acc: 57.40% | Val Loss: 2.0741, Val Acc: 63.32% | LR: 0.000796 | Time: 49.3s
2026-02-17 10:20:43,277 [INFO] New best accuracy: 63.32%
2026-02-17 10:21:27,300 [INFO] Epoch 16/50 | Train Loss: 2.2207, Train Acc: 58.41% | (validation skipped) | LR: 0.000770 | Time: 44.0s
2026-02-17 10:22:12,004 [INFO] Epoch 17/50 | Train Loss: 2.1799, Train Acc: 59.63% | (validation skipped) | LR: 0.000743 | Time: 44.7s
2026-02-17 10:22:56,592 [INFO] Epoch 18/50 | Train Loss: 2.1447, Train Acc: 60.73% | (validation skipped) | LR: 0.000716 | Time: 44.6s
2026-02-17 10:23:41,516 [INFO] Epoch 19/50 | Train Loss: 2.1208, Train Acc: 61.27% | (validation skipped) | LR: 0.000687 | Time: 44.9s
2026-02-17 10:24:30,782 [INFO] Epoch 20/50 | Train Loss: 2.0913, Train Acc: 62.27% | Val Loss: 1.9230, Val Acc: 66.98% | LR: 0.000658 | Time: 49.3s
2026-02-17 10:24:31,024 [INFO] New best accuracy: 66.98%
2026-02-17 10:25:15,482 [INFO] Epoch 21/50 | Train Loss: 2.0630, Train Acc: 63.04% | (validation skipped) | LR: 0.000628 | Time: 44.2s
2026-02-17 10:25:59,887 [INFO] Epoch 22/50 | Train Loss: 2.0316, Train Acc: 63.99% | (validation skipped) | LR: 0.000598 | Time: 44.4s
2026-02-17 10:26:44,458 [INFO] Epoch 23/50 | Train Loss: 2.0043, Train Acc: 64.70% | (validation skipped) | LR: 0.000567 | Time: 44.6s
2026-02-17 10:27:29,278 [INFO] Epoch 24/50 | Train Loss: 1.9821, Train Acc: 65.34% | (validation skipped) | LR: 0.000536 | Time: 44.8s
2026-02-17 10:28:18,428 [INFO] Epoch 25/50 | Train Loss: 1.9623, Train Acc: 66.00% | Val Loss: 1.8412, Val Acc: 69.78% | LR: 0.000505 | Time: 49.1s
2026-02-17 10:28:18,731 [INFO] New best accuracy: 69.78%
2026-02-17 10:29:02,641 [INFO] Epoch 26/50 | Train Loss: 1.9407, Train Acc: 66.68% | (validation skipped) | LR: 0.000474 | Time: 43.9s
2026-02-17 10:29:47,233 [INFO] Epoch 27/50 | Train Loss: 1.9078, Train Acc: 67.60% | (validation skipped) | LR: 0.000443 | Time: 44.6s
2026-02-17 10:30:31,980 [INFO] Epoch 28/50 | Train Loss: 1.8968, Train Acc: 67.94% | (validation skipped) | LR: 0.000412 | Time: 44.7s
2026-02-17 10:31:16,756 [INFO] Epoch 29/50 | Train Loss: 1.8694, Train Acc: 68.82% | (validation skipped) | LR: 0.000382 | Time: 44.8s
2026-02-17 10:32:05,698 [INFO] Epoch 30/50 | Train Loss: 1.8500, Train Acc: 69.30% | Val Loss: 1.7509, Val Acc: 72.54% | LR: 0.000352 | Time: 48.9s
2026-02-17 10:32:05,984 [INFO] New best accuracy: 72.54%
2026-02-17 10:32:50,390 [INFO] Epoch 31/50 | Train Loss: 1.8248, Train Acc: 70.12% | (validation skipped) | LR: 0.000323 | Time: 44.0s
2026-02-17 10:33:35,085 [INFO] Epoch 32/50 | Train Loss: 1.8115, Train Acc: 70.60% | (validation skipped) | LR: 0.000294 | Time: 44.7s
2026-02-17 10:34:20,010 [INFO] Epoch 33/50 | Train Loss: 1.7941, Train Acc: 71.09% | (validation skipped) | LR: 0.000267 | Time: 44.9s
2026-02-17 10:35:04,620 [INFO] Epoch 34/50 | Train Loss: 1.7727, Train Acc: 71.60% | (validation skipped) | LR: 0.000240 | Time: 44.6s
2026-02-17 10:35:53,671 [INFO] Epoch 35/50 | Train Loss: 1.7543, Train Acc: 72.21% | Val Loss: 1.6981, Val Acc: 74.16% | LR: 0.000214 | Time: 49.0s
2026-02-17 10:35:53,954 [INFO] New best accuracy: 74.16%
2026-02-17 10:36:38,229 [INFO] Epoch 36/50 | Train Loss: 1.7402, Train Acc: 72.56% | (validation skipped) | LR: 0.000189 | Time: 44.3s
2026-02-17 10:37:23,214 [INFO] Epoch 37/50 | Train Loss: 1.7200, Train Acc: 73.33% | (validation skipped) | LR: 0.000166 | Time: 45.0s
2026-02-17 10:38:07,818 [INFO] Epoch 38/50 | Train Loss: 1.7069, Train Acc: 73.75% | (validation skipped) | LR: 0.000144 | Time: 44.6s
2026-02-17 10:38:52,585 [INFO] Epoch 39/50 | Train Loss: 1.6924, Train Acc: 74.17% | (validation skipped) | LR: 0.000124 | Time: 44.8s
2026-02-17 10:39:41,563 [INFO] Epoch 40/50 | Train Loss: 1.6778, Train Acc: 74.54% | Val Loss: 1.6585, Val Acc: 75.14% | LR: 0.000105 | Time: 49.0s
2026-02-17 10:39:41,807 [INFO] New best accuracy: 75.14%
2026-02-17 10:40:26,408 [INFO] Epoch 41/50 | Train Loss: 1.6621, Train Acc: 75.05% | (validation skipped) | LR: 0.000087 | Time: 44.3s
2026-02-17 10:41:10,959 [INFO] Epoch 42/50 | Train Loss: 1.6526, Train Acc: 75.38% | (validation skipped) | LR: 0.000071 | Time: 44.6s
2026-02-17 10:41:55,911 [INFO] Epoch 43/50 | Train Loss: 1.6412, Train Acc: 75.70% | (validation skipped) | LR: 0.000057 | Time: 45.0s
2026-02-17 10:42:40,585 [INFO] Epoch 44/50 | Train Loss: 1.6377, Train Acc: 75.90% | (validation skipped) | LR: 0.000045 | Time: 44.7s
2026-02-17 10:43:29,914 [INFO] Epoch 45/50 | Train Loss: 1.6262, Train Acc: 76.28% | Val Loss: 1.6352, Val Acc: 76.12% | LR: 0.000034 | Time: 49.3s
2026-02-17 10:43:30,198 [INFO] New best accuracy: 76.12%
2026-02-17 10:44:14,513 [INFO] Epoch 46/50 | Train Loss: 1.6220, Train Acc: 76.37% | (validation skipped) | LR: 0.000026 | Time: 44.3s
2026-02-17 10:44:59,183 [INFO] Epoch 47/50 | Train Loss: 1.6166, Train Acc: 76.52% | (validation skipped) | LR: 0.000019 | Time: 44.7s
2026-02-17 10:45:43,957 [INFO] Epoch 48/50 | Train Loss: 1.6111, Train Acc: 76.64% | (validation skipped) | LR: 0.000014 | Time: 44.8s
2026-02-17 10:46:28,608 [INFO] Epoch 49/50 | Train Loss: 1.6055, Train Acc: 76.89% | (validation skipped) | LR: 0.000011 | Time: 44.7s
2026-02-17 10:47:17,526 [INFO] Epoch 50/50 | Train Loss: 1.6079, Train Acc: 76.90% | Val Loss: 1.6199, Val Acc: 76.76% | LR: 0.000010 | Time: 48.9s
2026-02-17 10:47:17,801 [INFO] New best accuracy: 76.76%
2026-02-17 10:47:18,037 [INFO] Training complete! Best accuracy: 76.76%
2026-02-17 10:47:18,037 [INFO] Outputs saved to: /projects/prjs0771/melle/projects/visionCNN/logs/resnet_medium_nonorm_bs512_lr0.001
2026-02-17 10:47:18,070 [INFO] Gradient stats saved to: /projects/prjs0771/melle/projects/visionCNN/logs/resnet_medium_nonorm_bs512_lr0.001/gradient_stats.csv
