[2026-02-17 10:09:14,217] torch.distributed.run: [WARNING] master_addr is only used for static rdzv_backend and when rdzv_endpoint is not specified.
/projects/prjs0771/melle/envs/pytorch21-cuda121/lib/python3.11/site-packages/torchvision/io/image.py:13: UserWarning: Failed to load image Python extension: '/gpfs/work1/0/prjs0771/melle/envs/pytorch21-cuda121/lib/python3.11/site-packages/torchvision/image.so: undefined symbol: _ZN3c106detail23torchInternalAssertFailEPKcS2_jS2_RKSs'If you don't plan on using image functionality from `torchvision.io`, you can ignore this warning. Otherwise, there might be something wrong with your environment. Did you have `libjpeg` or `libpng` installed before building `torchvision` from source?
  warn(
2026-02-17 10:09:18,771 [INFO] Distributed: DistributedManager(rank=0, local_rank=0, world_size=1, device=cuda:0, is_distributed=True)
2026-02-17 10:09:18,771 [INFO] Config: {'experiment_name': 'convnext_medium_nonorm_bs32_lr0.001', 'model': {'name': 'convnext_medium', 'num_classes': 100, 'norm_layer': 'nonorm'}, 'data': {'dataset': 'imagenet100', 'root': '/scratch-nvme/ml-datasets/imagenet/torchvision_ImageFolder', 'img_size': 224, 'backend': 'pytorch', 'num_workers': 16, 'pin_memory': True, 'persistent_workers': True, 'prefetch_factor': 2, 'gpu_transforms': True}, 'training': {'epochs': 50, 'batch_size': 32, 'lr': 0.001, 'min_lr': 1e-05, 'weight_decay': 0.05, 'optimizer': 'adamw', 'scheduler': 'cosine', 'label_smoothing': 0.1, 'use_amp': True, 'channels_last': True, 'seed': 42, 'val_frequency': 5, 'save_frequency': 10, 'disable_progress_bar': True, 'log_gradients': True, 'grad_log_freq': 50}, 'logging': {'log_dir': 'logs'}, 'wandb': {'enabled': True, 'project': 'norm-comparison-extended', 'tags': ['norm-experiment-extended', 'imagenet100']}}
2026-02-17 10:09:18,771 [INFO] Run directory: /projects/prjs0771/melle/projects/visionCNN/logs/convnext_medium_nonorm_bs32_lr0.001
2026-02-17 10:09:18,771 [INFO] Set random seed: 42 (rank offset applied)
2026-02-17 10:09:18,771 [INFO] Using device: cuda:0
2026-02-17 10:09:18,771 [INFO] World size: 1
2026-02-17 10:09:20,241 [INFO] Model: convnext_medium, Parameters: 19,161,796
2026-02-17 10:09:20,246 [INFO] Using channels-last (NHWC) memory format
2026-02-17 10:09:20,272 [INFO] Mixed precision training: True
2026-02-17 10:09:38,032 [INFO] Using GPU-accelerated transforms to reduce CPU bottleneck
2026-02-17 10:09:38,032 [INFO] Train samples: 128135, Val samples: 5000
2026-02-17 10:09:38,032 [INFO] Effective batch size: 32 (32 x 1 GPUs)
2026-02-17 10:09:38,032 [INFO] Starting training for 50 epochs...
2026-02-17 10:09:38,032 [INFO] Gradient flow logging enabled (every 50 steps)
2026-02-17 10:12:28,512 [INFO] Epoch 1/50 | Train Loss: nan, Train Acc: 3.36% | (validation skipped) | LR: 0.000999 | Time: 170.5s
2026-02-17 10:15:09,181 [INFO] Epoch 2/50 | Train Loss: nan, Train Acc: 1.01% | (validation skipped) | LR: 0.000996 | Time: 160.7s
2026-02-17 10:17:49,922 [INFO] Epoch 3/50 | Train Loss: nan, Train Acc: 1.01% | (validation skipped) | LR: 0.000991 | Time: 160.7s
2026-02-17 10:20:30,716 [INFO] Epoch 4/50 | Train Loss: nan, Train Acc: 1.01% | (validation skipped) | LR: 0.000984 | Time: 160.8s
2026-02-17 10:23:14,815 [INFO] Epoch 5/50 | Train Loss: nan, Train Acc: 1.01% | Val Loss: nan, Val Acc: 1.00% | LR: 0.000976 | Time: 164.1s
2026-02-17 10:23:15,063 [INFO] New best accuracy: 1.00%
2026-02-17 10:25:55,889 [INFO] Epoch 6/50 | Train Loss: nan, Train Acc: 1.01% | (validation skipped) | LR: 0.000965 | Time: 160.8s
2026-02-17 10:28:36,744 [INFO] Epoch 7/50 | Train Loss: nan, Train Acc: 1.01% | (validation skipped) | LR: 0.000953 | Time: 160.9s
2026-02-17 10:31:17,552 [INFO] Epoch 8/50 | Train Loss: nan, Train Acc: 1.01% | (validation skipped) | LR: 0.000939 | Time: 160.8s
2026-02-17 10:33:58,397 [INFO] Epoch 9/50 | Train Loss: nan, Train Acc: 1.01% | (validation skipped) | LR: 0.000923 | Time: 160.8s
2026-02-17 10:36:41,898 [INFO] Epoch 10/50 | Train Loss: nan, Train Acc: 1.01% | Val Loss: nan, Val Acc: 1.00% | LR: 0.000905 | Time: 163.5s
2026-02-17 10:39:23,090 [INFO] Epoch 11/50 | Train Loss: nan, Train Acc: 1.01% | (validation skipped) | LR: 0.000886 | Time: 160.9s
2026-02-17 10:42:03,995 [INFO] Epoch 12/50 | Train Loss: nan, Train Acc: 1.01% | (validation skipped) | LR: 0.000866 | Time: 160.9s
2026-02-17 10:44:44,865 [INFO] Epoch 13/50 | Train Loss: nan, Train Acc: 1.01% | (validation skipped) | LR: 0.000844 | Time: 160.9s
2026-02-17 10:47:25,723 [INFO] Epoch 14/50 | Train Loss: nan, Train Acc: 1.01% | (validation skipped) | LR: 0.000821 | Time: 160.9s
2026-02-17 10:50:09,326 [INFO] Epoch 15/50 | Train Loss: nan, Train Acc: 1.01% | Val Loss: nan, Val Acc: 1.00% | LR: 0.000796 | Time: 163.6s
2026-02-17 10:52:50,204 [INFO] Epoch 16/50 | Train Loss: nan, Train Acc: 1.01% | (validation skipped) | LR: 0.000770 | Time: 160.9s
2026-02-17 10:55:31,172 [INFO] Epoch 17/50 | Train Loss: nan, Train Acc: 1.01% | (validation skipped) | LR: 0.000743 | Time: 161.0s
2026-02-17 10:58:12,087 [INFO] Epoch 18/50 | Train Loss: nan, Train Acc: 1.01% | (validation skipped) | LR: 0.000716 | Time: 160.9s
2026-02-17 11:00:52,949 [INFO] Epoch 19/50 | Train Loss: nan, Train Acc: 1.01% | (validation skipped) | LR: 0.000687 | Time: 160.8s
2026-02-17 11:03:36,571 [INFO] Epoch 20/50 | Train Loss: nan, Train Acc: 1.01% | Val Loss: nan, Val Acc: 1.00% | LR: 0.000658 | Time: 163.6s
2026-02-17 11:06:17,789 [INFO] Epoch 21/50 | Train Loss: nan, Train Acc: 1.01% | (validation skipped) | LR: 0.000628 | Time: 161.0s
2026-02-17 11:08:58,665 [INFO] Epoch 22/50 | Train Loss: nan, Train Acc: 1.01% | (validation skipped) | LR: 0.000598 | Time: 160.9s
2026-02-17 11:11:39,512 [INFO] Epoch 23/50 | Train Loss: nan, Train Acc: 1.01% | (validation skipped) | LR: 0.000567 | Time: 160.8s
2026-02-17 11:14:20,423 [INFO] Epoch 24/50 | Train Loss: nan, Train Acc: 1.01% | (validation skipped) | LR: 0.000536 | Time: 160.9s
2026-02-17 11:17:03,945 [INFO] Epoch 25/50 | Train Loss: nan, Train Acc: 1.01% | Val Loss: nan, Val Acc: 1.00% | LR: 0.000505 | Time: 163.5s
2026-02-17 11:19:44,824 [INFO] Epoch 26/50 | Train Loss: nan, Train Acc: 1.01% | (validation skipped) | LR: 0.000474 | Time: 160.9s
2026-02-17 11:22:25,745 [INFO] Epoch 27/50 | Train Loss: nan, Train Acc: 1.01% | (validation skipped) | LR: 0.000443 | Time: 160.9s
2026-02-17 11:25:06,610 [INFO] Epoch 28/50 | Train Loss: nan, Train Acc: 1.01% | (validation skipped) | LR: 0.000412 | Time: 160.9s
2026-02-17 11:27:47,496 [INFO] Epoch 29/50 | Train Loss: nan, Train Acc: 1.01% | (validation skipped) | LR: 0.000382 | Time: 160.9s
2026-02-17 11:30:30,978 [INFO] Epoch 30/50 | Train Loss: nan, Train Acc: 1.01% | Val Loss: nan, Val Acc: 1.00% | LR: 0.000352 | Time: 163.5s
2026-02-17 11:33:12,182 [INFO] Epoch 31/50 | Train Loss: nan, Train Acc: 1.01% | (validation skipped) | LR: 0.000323 | Time: 160.9s
2026-02-17 11:35:53,117 [INFO] Epoch 32/50 | Train Loss: nan, Train Acc: 1.01% | (validation skipped) | LR: 0.000294 | Time: 160.9s
2026-02-17 11:38:34,016 [INFO] Epoch 33/50 | Train Loss: nan, Train Acc: 1.01% | (validation skipped) | LR: 0.000267 | Time: 160.9s
2026-02-17 11:41:14,912 [INFO] Epoch 34/50 | Train Loss: nan, Train Acc: 1.01% | (validation skipped) | LR: 0.000240 | Time: 160.9s
2026-02-17 11:43:58,506 [INFO] Epoch 35/50 | Train Loss: nan, Train Acc: 1.01% | Val Loss: nan, Val Acc: 1.00% | LR: 0.000214 | Time: 163.6s
2026-02-17 11:46:39,435 [INFO] Epoch 36/50 | Train Loss: nan, Train Acc: 1.01% | (validation skipped) | LR: 0.000189 | Time: 160.9s
2026-02-17 11:49:20,365 [INFO] Epoch 37/50 | Train Loss: nan, Train Acc: 1.01% | (validation skipped) | LR: 0.000166 | Time: 160.9s
2026-02-17 11:52:01,328 [INFO] Epoch 38/50 | Train Loss: nan, Train Acc: 1.01% | (validation skipped) | LR: 0.000144 | Time: 160.9s
2026-02-17 11:54:42,180 [INFO] Epoch 39/50 | Train Loss: nan, Train Acc: 1.01% | (validation skipped) | LR: 0.000124 | Time: 160.8s
2026-02-17 11:57:26,609 [INFO] Epoch 40/50 | Train Loss: nan, Train Acc: 1.01% | Val Loss: nan, Val Acc: 1.00% | LR: 0.000105 | Time: 164.4s
2026-02-17 12:00:07,712 [INFO] Epoch 41/50 | Train Loss: nan, Train Acc: 1.01% | (validation skipped) | LR: 0.000087 | Time: 160.8s
2026-02-17 12:02:48,534 [INFO] Epoch 42/50 | Train Loss: nan, Train Acc: 1.01% | (validation skipped) | LR: 0.000071 | Time: 160.8s
2026-02-17 12:05:29,262 [INFO] Epoch 43/50 | Train Loss: nan, Train Acc: 1.01% | (validation skipped) | LR: 0.000057 | Time: 160.7s
2026-02-17 12:08:10,066 [INFO] Epoch 44/50 | Train Loss: nan, Train Acc: 1.01% | (validation skipped) | LR: 0.000045 | Time: 160.8s
2026-02-17 12:10:53,587 [INFO] Epoch 45/50 | Train Loss: nan, Train Acc: 1.01% | Val Loss: nan, Val Acc: 1.00% | LR: 0.000034 | Time: 163.5s
2026-02-17 12:13:34,425 [INFO] Epoch 46/50 | Train Loss: nan, Train Acc: 1.01% | (validation skipped) | LR: 0.000026 | Time: 160.8s
2026-02-17 12:16:15,175 [INFO] Epoch 47/50 | Train Loss: nan, Train Acc: 1.01% | (validation skipped) | LR: 0.000019 | Time: 160.7s
2026-02-17 12:18:55,968 [INFO] Epoch 48/50 | Train Loss: nan, Train Acc: 1.01% | (validation skipped) | LR: 0.000014 | Time: 160.8s
2026-02-17 12:21:36,848 [INFO] Epoch 49/50 | Train Loss: nan, Train Acc: 1.01% | (validation skipped) | LR: 0.000011 | Time: 160.9s
2026-02-17 12:24:20,291 [INFO] Epoch 50/50 | Train Loss: nan, Train Acc: 1.01% | Val Loss: nan, Val Acc: 1.00% | LR: 0.000010 | Time: 163.4s
2026-02-17 12:24:20,568 [INFO] Training complete! Best accuracy: 1.00%
2026-02-17 12:24:20,568 [INFO] Outputs saved to: /projects/prjs0771/melle/projects/visionCNN/logs/convnext_medium_nonorm_bs32_lr0.001
2026-02-17 12:24:20,713 [INFO] Gradient stats saved to: /projects/prjs0771/melle/projects/visionCNN/logs/convnext_medium_nonorm_bs32_lr0.001/gradient_stats.csv
