[2026-02-17 10:09:47,064] torch.distributed.run: [WARNING] master_addr is only used for static rdzv_backend and when rdzv_endpoint is not specified.
/projects/prjs0771/melle/envs/pytorch21-cuda121/lib/python3.11/site-packages/torchvision/io/image.py:13: UserWarning: Failed to load image Python extension: '/gpfs/work1/0/prjs0771/melle/envs/pytorch21-cuda121/lib/python3.11/site-packages/torchvision/image.so: undefined symbol: _ZN3c106detail23torchInternalAssertFailEPKcS2_jS2_RKSs'If you don't plan on using image functionality from `torchvision.io`, you can ignore this warning. Otherwise, there might be something wrong with your environment. Did you have `libjpeg` or `libpng` installed before building `torchvision` from source?
  warn(
2026-02-17 10:09:51,891 [INFO] Distributed: DistributedManager(rank=0, local_rank=0, world_size=1, device=cuda:0, is_distributed=True)
2026-02-17 10:09:51,891 [INFO] Config: {'experiment_name': 'vgg_medium_nonorm_bs128_lr0.0003', 'model': {'name': 'vgg_medium', 'num_classes': 100, 'norm_layer': 'nonorm'}, 'data': {'dataset': 'imagenet100', 'root': '/scratch-nvme/ml-datasets/imagenet/torchvision_ImageFolder', 'img_size': 224, 'backend': 'pytorch', 'num_workers': 16, 'pin_memory': True, 'persistent_workers': True, 'prefetch_factor': 2, 'gpu_transforms': True}, 'training': {'epochs': 50, 'batch_size': 128, 'lr': 0.0003, 'min_lr': 1e-05, 'weight_decay': 0.05, 'optimizer': 'adamw', 'scheduler': 'cosine', 'label_smoothing': 0.1, 'use_amp': True, 'channels_last': True, 'seed': 42, 'val_frequency': 5, 'save_frequency': 10, 'disable_progress_bar': True, 'log_gradients': True, 'grad_log_freq': 50}, 'logging': {'log_dir': 'logs'}, 'wandb': {'enabled': True, 'project': 'norm-comparison-extended', 'tags': ['norm-experiment-extended', 'imagenet100']}}
2026-02-17 10:09:51,892 [INFO] Run directory: /projects/prjs0771/melle/projects/visionCNN/logs/vgg_medium_nonorm_bs128_lr0.0003
2026-02-17 10:09:51,892 [INFO] Set random seed: 42 (rank offset applied)
2026-02-17 10:09:51,892 [INFO] Using device: cuda:0
2026-02-17 10:09:51,892 [INFO] World size: 1
2026-02-17 10:09:52,049 [INFO] Model: vgg_medium, Parameters: 14,765,988
2026-02-17 10:09:52,076 [INFO] Using channels-last (NHWC) memory format
2026-02-17 10:09:52,116 [INFO] Mixed precision training: True
2026-02-17 10:10:13,666 [INFO] Using GPU-accelerated transforms to reduce CPU bottleneck
2026-02-17 10:10:13,666 [INFO] Train samples: 128135, Val samples: 5000
2026-02-17 10:10:13,666 [INFO] Effective batch size: 128 (128 x 1 GPUs)
2026-02-17 10:10:13,666 [INFO] Starting training for 50 epochs...
2026-02-17 10:10:13,666 [INFO] Gradient flow logging enabled (every 50 steps)
2026-02-17 10:11:53,352 [INFO] Epoch 1/50 | Train Loss: 4.2879, Train Acc: 5.35% | (validation skipped) | LR: 0.000300 | Time: 99.7s
2026-02-17 10:13:28,954 [INFO] Epoch 2/50 | Train Loss: 3.6670, Train Acc: 17.93% | (validation skipped) | LR: 0.000299 | Time: 95.6s
2026-02-17 10:15:04,611 [INFO] Epoch 3/50 | Train Loss: 3.2584, Train Acc: 28.55% | (validation skipped) | LR: 0.000297 | Time: 95.7s
2026-02-17 10:16:40,392 [INFO] Epoch 4/50 | Train Loss: 2.9568, Train Acc: 36.99% | (validation skipped) | LR: 0.000295 | Time: 95.8s
2026-02-17 10:18:19,659 [INFO] Epoch 5/50 | Train Loss: 2.7381, Train Acc: 43.20% | Val Loss: 2.4478, Val Acc: 51.76% | LR: 0.000293 | Time: 99.3s
2026-02-17 10:18:19,874 [INFO] New best accuracy: 51.76%
2026-02-17 10:19:55,564 [INFO] Epoch 6/50 | Train Loss: 2.5787, Train Acc: 47.98% | (validation skipped) | LR: 0.000290 | Time: 95.7s
2026-02-17 10:21:31,420 [INFO] Epoch 7/50 | Train Loss: 2.4589, Train Acc: 51.58% | (validation skipped) | LR: 0.000286 | Time: 95.9s
2026-02-17 10:23:07,086 [INFO] Epoch 8/50 | Train Loss: 2.3443, Train Acc: 55.04% | (validation skipped) | LR: 0.000282 | Time: 95.7s
2026-02-17 10:24:42,773 [INFO] Epoch 9/50 | Train Loss: 2.2521, Train Acc: 57.88% | (validation skipped) | LR: 0.000277 | Time: 95.7s
2026-02-17 10:26:21,508 [INFO] Epoch 10/50 | Train Loss: 2.1796, Train Acc: 60.15% | Val Loss: 1.9194, Val Acc: 68.40% | LR: 0.000272 | Time: 98.7s
2026-02-17 10:26:21,705 [INFO] New best accuracy: 68.40%
2026-02-17 10:27:57,528 [INFO] Epoch 11/50 | Train Loss: 2.1145, Train Acc: 61.94% | (validation skipped) | LR: 0.000267 | Time: 95.6s
2026-02-17 10:29:33,329 [INFO] Epoch 12/50 | Train Loss: 2.0587, Train Acc: 63.85% | (validation skipped) | LR: 0.000261 | Time: 95.8s
2026-02-17 10:31:09,014 [INFO] Epoch 13/50 | Train Loss: 2.0082, Train Acc: 65.40% | (validation skipped) | LR: 0.000254 | Time: 95.7s
2026-02-17 10:32:44,751 [INFO] Epoch 14/50 | Train Loss: 1.9536, Train Acc: 67.05% | (validation skipped) | LR: 0.000247 | Time: 95.7s
2026-02-17 10:34:23,204 [INFO] Epoch 15/50 | Train Loss: 1.9191, Train Acc: 68.18% | Val Loss: 1.7307, Val Acc: 74.68% | LR: 0.000240 | Time: 98.4s
2026-02-17 10:34:23,425 [INFO] New best accuracy: 74.68%
2026-02-17 10:35:58,979 [INFO] Epoch 16/50 | Train Loss: 1.8806, Train Acc: 69.42% | (validation skipped) | LR: 0.000233 | Time: 95.6s
2026-02-17 10:37:34,859 [INFO] Epoch 17/50 | Train Loss: 1.8425, Train Acc: 70.46% | (validation skipped) | LR: 0.000225 | Time: 95.9s
2026-02-17 10:39:10,524 [INFO] Epoch 18/50 | Train Loss: 1.8061, Train Acc: 71.66% | (validation skipped) | LR: 0.000217 | Time: 95.7s
2026-02-17 10:40:46,323 [INFO] Epoch 19/50 | Train Loss: 1.7809, Train Acc: 72.56% | (validation skipped) | LR: 0.000208 | Time: 95.8s
2026-02-17 10:42:25,067 [INFO] Epoch 20/50 | Train Loss: 1.7495, Train Acc: 73.60% | Val Loss: 1.6452, Val Acc: 76.96% | LR: 0.000200 | Time: 98.7s
2026-02-17 10:42:25,261 [INFO] New best accuracy: 76.96%
2026-02-17 10:44:01,274 [INFO] Epoch 21/50 | Train Loss: 1.7196, Train Acc: 74.48% | (validation skipped) | LR: 0.000191 | Time: 95.8s
2026-02-17 10:45:37,151 [INFO] Epoch 22/50 | Train Loss: 1.6969, Train Acc: 75.08% | (validation skipped) | LR: 0.000182 | Time: 95.9s
2026-02-17 10:47:12,870 [INFO] Epoch 23/50 | Train Loss: 1.6759, Train Acc: 75.82% | (validation skipped) | LR: 0.000173 | Time: 95.7s
2026-02-17 10:48:48,771 [INFO] Epoch 24/50 | Train Loss: 1.6532, Train Acc: 76.30% | (validation skipped) | LR: 0.000164 | Time: 95.9s
2026-02-17 10:50:27,504 [INFO] Epoch 25/50 | Train Loss: 1.6255, Train Acc: 77.20% | Val Loss: 1.5500, Val Acc: 79.74% | LR: 0.000155 | Time: 98.7s
2026-02-17 10:50:27,753 [INFO] New best accuracy: 79.74%
2026-02-17 10:52:03,378 [INFO] Epoch 26/50 | Train Loss: 1.6057, Train Acc: 77.85% | (validation skipped) | LR: 0.000146 | Time: 95.6s
2026-02-17 10:53:39,257 [INFO] Epoch 27/50 | Train Loss: 1.5819, Train Acc: 78.60% | (validation skipped) | LR: 0.000137 | Time: 95.9s
2026-02-17 10:55:15,087 [INFO] Epoch 28/50 | Train Loss: 1.5680, Train Acc: 79.22% | (validation skipped) | LR: 0.000128 | Time: 95.8s
2026-02-17 10:56:50,848 [INFO] Epoch 29/50 | Train Loss: 1.5437, Train Acc: 79.96% | (validation skipped) | LR: 0.000119 | Time: 95.8s
2026-02-17 10:58:29,508 [INFO] Epoch 30/50 | Train Loss: 1.5281, Train Acc: 80.45% | Val Loss: 1.4875, Val Acc: 81.74% | LR: 0.000110 | Time: 98.6s
2026-02-17 10:58:29,711 [INFO] New best accuracy: 81.74%
2026-02-17 11:00:05,751 [INFO] Epoch 31/50 | Train Loss: 1.5092, Train Acc: 81.04% | (validation skipped) | LR: 0.000102 | Time: 95.7s
2026-02-17 11:01:41,639 [INFO] Epoch 32/50 | Train Loss: 1.4910, Train Acc: 81.76% | (validation skipped) | LR: 0.000093 | Time: 95.9s
2026-02-17 11:03:17,446 [INFO] Epoch 33/50 | Train Loss: 1.4787, Train Acc: 82.05% | (validation skipped) | LR: 0.000085 | Time: 95.8s
2026-02-17 11:04:53,315 [INFO] Epoch 34/50 | Train Loss: 1.4642, Train Acc: 82.47% | (validation skipped) | LR: 0.000077 | Time: 95.9s
2026-02-17 11:06:32,067 [INFO] Epoch 35/50 | Train Loss: 1.4492, Train Acc: 82.91% | Val Loss: 1.4746, Val Acc: 82.40% | LR: 0.000070 | Time: 98.7s
2026-02-17 11:06:32,319 [INFO] New best accuracy: 82.40%
2026-02-17 11:08:08,138 [INFO] Epoch 36/50 | Train Loss: 1.4317, Train Acc: 83.56% | (validation skipped) | LR: 0.000063 | Time: 95.8s
2026-02-17 11:09:43,889 [INFO] Epoch 37/50 | Train Loss: 1.4197, Train Acc: 83.96% | (validation skipped) | LR: 0.000056 | Time: 95.8s
2026-02-17 11:11:19,779 [INFO] Epoch 38/50 | Train Loss: 1.4084, Train Acc: 84.29% | (validation skipped) | LR: 0.000049 | Time: 95.9s
2026-02-17 11:12:55,589 [INFO] Epoch 39/50 | Train Loss: 1.3966, Train Acc: 84.70% | (validation skipped) | LR: 0.000043 | Time: 95.8s
2026-02-17 11:14:34,396 [INFO] Epoch 40/50 | Train Loss: 1.3826, Train Acc: 85.14% | Val Loss: 1.4347, Val Acc: 83.66% | LR: 0.000038 | Time: 98.8s
2026-02-17 11:14:34,598 [INFO] New best accuracy: 83.66%
2026-02-17 11:16:10,760 [INFO] Epoch 41/50 | Train Loss: 1.3782, Train Acc: 85.20% | (validation skipped) | LR: 0.000033 | Time: 95.9s
2026-02-17 11:17:46,563 [INFO] Epoch 42/50 | Train Loss: 1.3683, Train Acc: 85.68% | (validation skipped) | LR: 0.000028 | Time: 95.8s
2026-02-17 11:19:22,466 [INFO] Epoch 43/50 | Train Loss: 1.3606, Train Acc: 85.95% | (validation skipped) | LR: 0.000024 | Time: 95.9s
2026-02-17 11:20:58,369 [INFO] Epoch 44/50 | Train Loss: 1.3554, Train Acc: 86.08% | (validation skipped) | LR: 0.000020 | Time: 95.9s
2026-02-17 11:22:37,025 [INFO] Epoch 45/50 | Train Loss: 1.3534, Train Acc: 86.08% | Val Loss: 1.4293, Val Acc: 83.82% | LR: 0.000017 | Time: 98.6s
2026-02-17 11:22:37,255 [INFO] New best accuracy: 83.82%
2026-02-17 11:24:12,876 [INFO] Epoch 46/50 | Train Loss: 1.3437, Train Acc: 86.52% | (validation skipped) | LR: 0.000015 | Time: 95.6s
2026-02-17 11:25:48,568 [INFO] Epoch 47/50 | Train Loss: 1.3410, Train Acc: 86.57% | (validation skipped) | LR: 0.000013 | Time: 95.7s
2026-02-17 11:27:24,423 [INFO] Epoch 48/50 | Train Loss: 1.3352, Train Acc: 86.70% | (validation skipped) | LR: 0.000011 | Time: 95.9s
2026-02-17 11:29:00,410 [INFO] Epoch 49/50 | Train Loss: 1.3344, Train Acc: 86.76% | (validation skipped) | LR: 0.000010 | Time: 96.0s
2026-02-17 11:30:39,118 [INFO] Epoch 50/50 | Train Loss: 1.3295, Train Acc: 86.87% | Val Loss: 1.4176, Val Acc: 83.98% | LR: 0.000010 | Time: 98.7s
2026-02-17 11:30:39,305 [INFO] New best accuracy: 83.98%
2026-02-17 11:30:39,496 [INFO] Training complete! Best accuracy: 83.98%
2026-02-17 11:30:39,496 [INFO] Outputs saved to: /projects/prjs0771/melle/projects/visionCNN/logs/vgg_medium_nonorm_bs128_lr0.0003
2026-02-17 11:30:39,546 [INFO] Gradient stats saved to: /projects/prjs0771/melle/projects/visionCNN/logs/vgg_medium_nonorm_bs128_lr0.0003/gradient_stats.csv
