[2026-02-17 10:09:47,064] torch.distributed.run: [WARNING] master_addr is only used for static rdzv_backend and when rdzv_endpoint is not specified.
/projects/prjs0771/melle/envs/pytorch21-cuda121/lib/python3.11/site-packages/torchvision/io/image.py:13: UserWarning: Failed to load image Python extension: '/gpfs/work1/0/prjs0771/melle/envs/pytorch21-cuda121/lib/python3.11/site-packages/torchvision/image.so: undefined symbol: _ZN3c106detail23torchInternalAssertFailEPKcS2_jS2_RKSs'If you don't plan on using image functionality from `torchvision.io`, you can ignore this warning. Otherwise, there might be something wrong with your environment. Did you have `libjpeg` or `libpng` installed before building `torchvision` from source?
  warn(
2026-02-17 10:09:51,886 [INFO] Distributed: DistributedManager(rank=0, local_rank=0, world_size=1, device=cuda:0, is_distributed=True)
2026-02-17 10:09:51,886 [INFO] Config: {'experiment_name': 'vgg_medium_nonorm_bs128_lr0.003', 'model': {'name': 'vgg_medium', 'num_classes': 100, 'norm_layer': 'nonorm'}, 'data': {'dataset': 'imagenet100', 'root': '/scratch-nvme/ml-datasets/imagenet/torchvision_ImageFolder', 'img_size': 224, 'backend': 'pytorch', 'num_workers': 16, 'pin_memory': True, 'persistent_workers': True, 'prefetch_factor': 2, 'gpu_transforms': True}, 'training': {'epochs': 50, 'batch_size': 128, 'lr': 0.003, 'min_lr': 1e-05, 'weight_decay': 0.05, 'optimizer': 'adamw', 'scheduler': 'cosine', 'label_smoothing': 0.1, 'use_amp': True, 'channels_last': True, 'seed': 42, 'val_frequency': 5, 'save_frequency': 10, 'disable_progress_bar': True, 'log_gradients': True, 'grad_log_freq': 50}, 'logging': {'log_dir': 'logs'}, 'wandb': {'enabled': True, 'project': 'norm-comparison-extended', 'tags': ['norm-experiment-extended', 'imagenet100']}}
2026-02-17 10:09:51,886 [INFO] Run directory: /projects/prjs0771/melle/projects/visionCNN/logs/vgg_medium_nonorm_bs128_lr0.003
2026-02-17 10:09:51,886 [INFO] Set random seed: 42 (rank offset applied)
2026-02-17 10:09:51,886 [INFO] Using device: cuda:0
2026-02-17 10:09:51,886 [INFO] World size: 1
2026-02-17 10:09:52,049 [INFO] Model: vgg_medium, Parameters: 14,765,988
2026-02-17 10:09:52,076 [INFO] Using channels-last (NHWC) memory format
2026-02-17 10:09:52,116 [INFO] Mixed precision training: True
2026-02-17 10:10:13,666 [INFO] Using GPU-accelerated transforms to reduce CPU bottleneck
2026-02-17 10:10:13,666 [INFO] Train samples: 128135, Val samples: 5000
2026-02-17 10:10:13,666 [INFO] Effective batch size: 128 (128 x 1 GPUs)
2026-02-17 10:10:13,666 [INFO] Starting training for 50 epochs...
2026-02-17 10:10:13,666 [INFO] Gradient flow logging enabled (every 50 steps)
2026-02-17 10:11:53,062 [INFO] Epoch 1/50 | Train Loss: inf, Train Acc: 0.94% | (validation skipped) | LR: 0.002997 | Time: 99.4s
2026-02-17 10:13:28,416 [INFO] Epoch 2/50 | Train Loss: 4.6047, Train Acc: 0.97% | (validation skipped) | LR: 0.002988 | Time: 95.4s
2026-02-17 10:15:03,711 [INFO] Epoch 3/50 | Train Loss: 4.6048, Train Acc: 0.93% | (validation skipped) | LR: 0.002974 | Time: 95.3s
2026-02-17 10:16:39,190 [INFO] Epoch 4/50 | Train Loss: 4.6047, Train Acc: 0.98% | (validation skipped) | LR: 0.002953 | Time: 95.5s
2026-02-17 10:18:18,548 [INFO] Epoch 5/50 | Train Loss: 4.6047, Train Acc: 0.99% | Val Loss: 4.6067, Val Acc: 1.00% | LR: 0.002927 | Time: 99.3s
2026-02-17 10:18:18,814 [INFO] New best accuracy: 1.00%
2026-02-17 10:19:54,232 [INFO] Epoch 6/50 | Train Loss: 4.6047, Train Acc: 0.93% | (validation skipped) | LR: 0.002895 | Time: 95.4s
2026-02-17 10:21:29,787 [INFO] Epoch 7/50 | Train Loss: 4.6047, Train Acc: 0.95% | (validation skipped) | LR: 0.002858 | Time: 95.6s
2026-02-17 10:23:05,103 [INFO] Epoch 8/50 | Train Loss: 4.6047, Train Acc: 1.02% | (validation skipped) | LR: 0.002815 | Time: 95.3s
2026-02-17 10:24:40,545 [INFO] Epoch 9/50 | Train Loss: 4.6047, Train Acc: 0.95% | (validation skipped) | LR: 0.002767 | Time: 95.4s
2026-02-17 10:26:19,222 [INFO] Epoch 10/50 | Train Loss: 4.6047, Train Acc: 0.95% | Val Loss: 4.6066, Val Acc: 1.00% | LR: 0.002714 | Time: 98.7s
2026-02-17 10:27:54,862 [INFO] Epoch 11/50 | Train Loss: 4.6047, Train Acc: 0.98% | (validation skipped) | LR: 0.002657 | Time: 95.4s
2026-02-17 10:29:30,367 [INFO] Epoch 12/50 | Train Loss: 4.6047, Train Acc: 1.01% | (validation skipped) | LR: 0.002595 | Time: 95.5s
2026-02-17 10:31:05,791 [INFO] Epoch 13/50 | Train Loss: 4.6046, Train Acc: 1.01% | (validation skipped) | LR: 0.002528 | Time: 95.4s
2026-02-17 10:32:41,230 [INFO] Epoch 14/50 | Train Loss: 4.6046, Train Acc: 0.93% | (validation skipped) | LR: 0.002458 | Time: 95.4s
2026-02-17 10:34:19,734 [INFO] Epoch 15/50 | Train Loss: 4.6046, Train Acc: 0.96% | Val Loss: 4.6066, Val Acc: 1.00% | LR: 0.002384 | Time: 98.5s
2026-02-17 10:35:54,951 [INFO] Epoch 16/50 | Train Loss: 4.6045, Train Acc: 0.95% | (validation skipped) | LR: 0.002306 | Time: 95.2s
2026-02-17 10:37:30,553 [INFO] Epoch 17/50 | Train Loss: 4.6046, Train Acc: 0.99% | (validation skipped) | LR: 0.002225 | Time: 95.6s
2026-02-17 10:39:05,964 [INFO] Epoch 18/50 | Train Loss: 4.6046, Train Acc: 0.96% | (validation skipped) | LR: 0.002142 | Time: 95.4s
2026-02-17 10:40:41,414 [INFO] Epoch 19/50 | Train Loss: 4.6046, Train Acc: 0.93% | (validation skipped) | LR: 0.002055 | Time: 95.4s
2026-02-17 10:42:20,061 [INFO] Epoch 20/50 | Train Loss: 4.6045, Train Acc: 0.99% | Val Loss: 4.6065, Val Acc: 1.00% | LR: 0.001967 | Time: 98.6s
2026-02-17 10:43:55,738 [INFO] Epoch 21/50 | Train Loss: 4.6045, Train Acc: 0.98% | (validation skipped) | LR: 0.001877 | Time: 95.5s
2026-02-17 10:45:31,221 [INFO] Epoch 22/50 | Train Loss: 4.6045, Train Acc: 0.97% | (validation skipped) | LR: 0.001785 | Time: 95.5s
2026-02-17 10:47:06,509 [INFO] Epoch 23/50 | Train Loss: 4.6045, Train Acc: 0.95% | (validation skipped) | LR: 0.001692 | Time: 95.3s
2026-02-17 10:48:42,002 [INFO] Epoch 24/50 | Train Loss: 4.6044, Train Acc: 0.96% | (validation skipped) | LR: 0.001599 | Time: 95.5s
2026-02-17 10:50:20,520 [INFO] Epoch 25/50 | Train Loss: 4.6044, Train Acc: 0.98% | Val Loss: 4.6065, Val Acc: 1.00% | LR: 0.001505 | Time: 98.5s
2026-02-17 10:51:55,728 [INFO] Epoch 26/50 | Train Loss: 4.6044, Train Acc: 0.93% | (validation skipped) | LR: 0.001411 | Time: 95.2s
2026-02-17 10:53:31,164 [INFO] Epoch 27/50 | Train Loss: 4.6044, Train Acc: 0.93% | (validation skipped) | LR: 0.001318 | Time: 95.4s
2026-02-17 10:55:06,541 [INFO] Epoch 28/50 | Train Loss: 4.6044, Train Acc: 0.95% | (validation skipped) | LR: 0.001225 | Time: 95.4s
2026-02-17 10:56:41,848 [INFO] Epoch 29/50 | Train Loss: 4.6043, Train Acc: 0.92% | (validation skipped) | LR: 0.001133 | Time: 95.3s
2026-02-17 10:58:20,362 [INFO] Epoch 30/50 | Train Loss: 4.6043, Train Acc: 0.97% | Val Loss: 4.6066, Val Acc: 1.00% | LR: 0.001043 | Time: 98.5s
2026-02-17 10:59:55,855 [INFO] Epoch 31/50 | Train Loss: 4.6043, Train Acc: 1.00% | (validation skipped) | LR: 0.000955 | Time: 95.3s
2026-02-17 11:01:31,283 [INFO] Epoch 32/50 | Train Loss: 4.6042, Train Acc: 0.97% | (validation skipped) | LR: 0.000868 | Time: 95.4s
2026-02-17 11:03:06,708 [INFO] Epoch 33/50 | Train Loss: 4.6042, Train Acc: 0.92% | (validation skipped) | LR: 0.000785 | Time: 95.4s
2026-02-17 11:04:42,064 [INFO] Epoch 34/50 | Train Loss: 4.6042, Train Acc: 0.95% | (validation skipped) | LR: 0.000704 | Time: 95.3s
2026-02-17 11:06:20,596 [INFO] Epoch 35/50 | Train Loss: 4.6042, Train Acc: 0.93% | Val Loss: 4.6064, Val Acc: 1.00% | LR: 0.000626 | Time: 98.5s
2026-02-17 11:07:55,802 [INFO] Epoch 36/50 | Train Loss: 4.6041, Train Acc: 0.90% | (validation skipped) | LR: 0.000552 | Time: 95.2s
2026-02-17 11:09:31,088 [INFO] Epoch 37/50 | Train Loss: 4.6041, Train Acc: 0.94% | (validation skipped) | LR: 0.000482 | Time: 95.3s
2026-02-17 11:11:06,453 [INFO] Epoch 38/50 | Train Loss: 4.6041, Train Acc: 0.94% | (validation skipped) | LR: 0.000415 | Time: 95.4s
2026-02-17 11:12:41,651 [INFO] Epoch 39/50 | Train Loss: 4.6041, Train Acc: 0.94% | (validation skipped) | LR: 0.000353 | Time: 95.2s
2026-02-17 11:14:20,230 [INFO] Epoch 40/50 | Train Loss: 4.6041, Train Acc: 0.91% | Val Loss: 4.6064, Val Acc: 1.00% | LR: 0.000296 | Time: 98.6s
2026-02-17 11:15:55,724 [INFO] Epoch 41/50 | Train Loss: 4.6041, Train Acc: 0.94% | (validation skipped) | LR: 0.000243 | Time: 95.3s
2026-02-17 11:17:30,952 [INFO] Epoch 42/50 | Train Loss: 4.6040, Train Acc: 0.92% | (validation skipped) | LR: 0.000195 | Time: 95.2s
2026-02-17 11:19:06,221 [INFO] Epoch 43/50 | Train Loss: 4.6040, Train Acc: 0.93% | (validation skipped) | LR: 0.000152 | Time: 95.3s
2026-02-17 11:20:41,588 [INFO] Epoch 44/50 | Train Loss: 4.6040, Train Acc: 0.94% | (validation skipped) | LR: 0.000115 | Time: 95.4s
2026-02-17 11:22:19,890 [INFO] Epoch 45/50 | Train Loss: 4.6040, Train Acc: 0.95% | Val Loss: 4.6070, Val Acc: 1.00% | LR: 0.000083 | Time: 98.3s
2026-02-17 11:23:54,951 [INFO] Epoch 46/50 | Train Loss: 4.6041, Train Acc: 0.94% | (validation skipped) | LR: 0.000057 | Time: 95.1s
2026-02-17 11:25:30,176 [INFO] Epoch 47/50 | Train Loss: 4.6043, Train Acc: 0.92% | (validation skipped) | LR: 0.000036 | Time: 95.2s
2026-02-17 11:27:05,338 [INFO] Epoch 48/50 | Train Loss: 4.6045, Train Acc: 0.98% | (validation skipped) | LR: 0.000022 | Time: 95.2s
2026-02-17 11:28:40,787 [INFO] Epoch 49/50 | Train Loss: 4.6046, Train Acc: 1.00% | (validation skipped) | LR: 0.000013 | Time: 95.4s
2026-02-17 11:30:19,281 [INFO] Epoch 50/50 | Train Loss: 4.6046, Train Acc: 0.98% | Val Loss: 4.6071, Val Acc: 1.00% | LR: 0.000010 | Time: 98.5s
2026-02-17 11:30:19,489 [INFO] Training complete! Best accuracy: 1.00%
2026-02-17 11:30:19,489 [INFO] Outputs saved to: /projects/prjs0771/melle/projects/visionCNN/logs/vgg_medium_nonorm_bs128_lr0.003
2026-02-17 11:30:19,531 [INFO] Gradient stats saved to: /projects/prjs0771/melle/projects/visionCNN/logs/vgg_medium_nonorm_bs128_lr0.003/gradient_stats.csv
