[2026-02-17 10:08:51,490] torch.distributed.run: [WARNING] master_addr is only used for static rdzv_backend and when rdzv_endpoint is not specified.
/projects/prjs0771/melle/envs/pytorch21-cuda121/lib/python3.11/site-packages/torchvision/io/image.py:13: UserWarning: Failed to load image Python extension: '/gpfs/work1/0/prjs0771/melle/envs/pytorch21-cuda121/lib/python3.11/site-packages/torchvision/image.so: undefined symbol: _ZN3c106detail23torchInternalAssertFailEPKcS2_jS2_RKSs'If you don't plan on using image functionality from `torchvision.io`, you can ignore this warning. Otherwise, there might be something wrong with your environment. Did you have `libjpeg` or `libpng` installed before building `torchvision` from source?
  warn(
2026-02-17 10:08:55,910 [INFO] Distributed: DistributedManager(rank=0, local_rank=0, world_size=1, device=cuda:0, is_distributed=True)
2026-02-17 10:08:55,910 [INFO] Config: {'experiment_name': 'resnet_medium_groupnorm_bs512_lr0.001', 'model': {'name': 'resnet_medium', 'num_classes': 100, 'norm_layer': 'groupnorm'}, 'data': {'dataset': 'imagenet100', 'root': '/scratch-nvme/ml-datasets/imagenet/torchvision_ImageFolder', 'img_size': 224, 'backend': 'pytorch', 'num_workers': 16, 'pin_memory': True, 'persistent_workers': True, 'prefetch_factor': 2, 'gpu_transforms': True}, 'training': {'epochs': 50, 'batch_size': 512, 'lr': 0.001, 'min_lr': 1e-05, 'weight_decay': 0.05, 'optimizer': 'adamw', 'scheduler': 'cosine', 'label_smoothing': 0.1, 'use_amp': True, 'channels_last': True, 'seed': 42, 'val_frequency': 5, 'save_frequency': 10, 'disable_progress_bar': True, 'log_gradients': True, 'grad_log_freq': 50}, 'logging': {'log_dir': 'logs'}, 'wandb': {'enabled': True, 'project': 'norm-comparison-extended', 'tags': ['norm-experiment-extended', 'imagenet100']}}
2026-02-17 10:08:55,910 [INFO] Run directory: /projects/prjs0771/melle/projects/visionCNN/logs/resnet_medium_groupnorm_bs512_lr0.001
2026-02-17 10:08:55,910 [INFO] Set random seed: 42 (rank offset applied)
2026-02-17 10:08:55,910 [INFO] Using device: cuda:0
2026-02-17 10:08:55,910 [INFO] World size: 1
2026-02-17 10:08:56,150 [INFO] Model: resnet_medium, Parameters: 21,335,972
2026-02-17 10:08:56,183 [INFO] Using channels-last (NHWC) memory format
2026-02-17 10:08:56,223 [INFO] Mixed precision training: True
2026-02-17 10:09:14,583 [INFO] Using GPU-accelerated transforms to reduce CPU bottleneck
2026-02-17 10:09:14,583 [INFO] Train samples: 128135, Val samples: 5000
2026-02-17 10:09:14,583 [INFO] Effective batch size: 512 (512 x 1 GPUs)
2026-02-17 10:09:14,583 [INFO] Starting training for 50 epochs...
2026-02-17 10:09:14,583 [INFO] Gradient flow logging enabled (every 50 steps)
2026-02-17 10:10:39,837 [INFO] Epoch 1/50 | Train Loss: 4.5920, Train Acc: 1.59% | (validation skipped) | LR: 0.000999 | Time: 85.3s
2026-02-17 10:11:58,055 [INFO] Epoch 2/50 | Train Loss: 4.3535, Train Acc: 4.37% | (validation skipped) | LR: 0.000996 | Time: 78.2s
2026-02-17 10:13:17,192 [INFO] Epoch 3/50 | Train Loss: 4.0690, Train Acc: 8.79% | (validation skipped) | LR: 0.000991 | Time: 79.1s
2026-02-17 10:14:36,076 [INFO] Epoch 4/50 | Train Loss: 3.8131, Train Acc: 13.97% | (validation skipped) | LR: 0.000984 | Time: 78.9s
2026-02-17 10:16:01,155 [INFO] Epoch 5/50 | Train Loss: 3.6196, Train Acc: 18.31% | Val Loss: 3.4052, Val Acc: 22.56% | LR: 0.000976 | Time: 85.1s
2026-02-17 10:16:01,509 [INFO] New best accuracy: 22.56%
2026-02-17 10:17:20,277 [INFO] Epoch 6/50 | Train Loss: 3.4361, Train Acc: 23.05% | (validation skipped) | LR: 0.000965 | Time: 78.8s
2026-02-17 10:18:39,262 [INFO] Epoch 7/50 | Train Loss: 3.2805, Train Acc: 27.11% | (validation skipped) | LR: 0.000953 | Time: 79.0s
2026-02-17 10:19:57,989 [INFO] Epoch 8/50 | Train Loss: 3.1449, Train Acc: 30.73% | (validation skipped) | LR: 0.000939 | Time: 78.7s
2026-02-17 10:21:16,518 [INFO] Epoch 9/50 | Train Loss: 3.0186, Train Acc: 34.23% | (validation skipped) | LR: 0.000923 | Time: 78.5s
2026-02-17 10:22:40,655 [INFO] Epoch 10/50 | Train Loss: 2.9023, Train Acc: 37.40% | Val Loss: 2.6589, Val Acc: 43.18% | LR: 0.000905 | Time: 84.1s
2026-02-17 10:22:40,967 [INFO] New best accuracy: 43.18%
2026-02-17 10:24:00,753 [INFO] Epoch 11/50 | Train Loss: 2.8069, Train Acc: 40.08% | (validation skipped) | LR: 0.000886 | Time: 79.4s
2026-02-17 10:25:19,517 [INFO] Epoch 12/50 | Train Loss: 2.7211, Train Acc: 42.65% | (validation skipped) | LR: 0.000866 | Time: 78.8s
2026-02-17 10:26:38,301 [INFO] Epoch 13/50 | Train Loss: 2.6366, Train Acc: 45.10% | (validation skipped) | LR: 0.000844 | Time: 78.8s
2026-02-17 10:27:57,004 [INFO] Epoch 14/50 | Train Loss: 2.5579, Train Acc: 47.31% | (validation skipped) | LR: 0.000821 | Time: 78.7s
2026-02-17 10:29:21,403 [INFO] Epoch 15/50 | Train Loss: 2.4938, Train Acc: 49.08% | Val Loss: 2.3103, Val Acc: 54.10% | LR: 0.000796 | Time: 84.4s
2026-02-17 10:29:21,713 [INFO] New best accuracy: 54.10%
2026-02-17 10:30:40,271 [INFO] Epoch 16/50 | Train Loss: 2.4390, Train Acc: 50.74% | (validation skipped) | LR: 0.000770 | Time: 78.6s
2026-02-17 10:31:59,611 [INFO] Epoch 17/50 | Train Loss: 2.3681, Train Acc: 52.79% | (validation skipped) | LR: 0.000743 | Time: 79.3s
2026-02-17 10:33:18,009 [INFO] Epoch 18/50 | Train Loss: 2.3104, Train Acc: 54.49% | (validation skipped) | LR: 0.000716 | Time: 78.4s
2026-02-17 10:34:37,453 [INFO] Epoch 19/50 | Train Loss: 2.2757, Train Acc: 55.39% | (validation skipped) | LR: 0.000687 | Time: 79.4s
2026-02-17 10:36:02,025 [INFO] Epoch 20/50 | Train Loss: 2.2338, Train Acc: 56.72% | Val Loss: 2.0546, Val Acc: 61.76% | LR: 0.000658 | Time: 84.5s
2026-02-17 10:36:02,336 [INFO] New best accuracy: 61.76%
2026-02-17 10:37:21,419 [INFO] Epoch 21/50 | Train Loss: 2.1885, Train Acc: 57.99% | (validation skipped) | LR: 0.000628 | Time: 78.8s
2026-02-17 10:38:40,606 [INFO] Epoch 22/50 | Train Loss: 2.1451, Train Acc: 59.22% | (validation skipped) | LR: 0.000598 | Time: 79.2s
2026-02-17 10:39:59,602 [INFO] Epoch 23/50 | Train Loss: 2.1071, Train Acc: 60.35% | (validation skipped) | LR: 0.000567 | Time: 79.0s
2026-02-17 10:41:18,789 [INFO] Epoch 24/50 | Train Loss: 2.0618, Train Acc: 61.79% | (validation skipped) | LR: 0.000536 | Time: 79.2s
2026-02-17 10:42:43,164 [INFO] Epoch 25/50 | Train Loss: 2.0302, Train Acc: 62.66% | Val Loss: 1.9110, Val Acc: 66.00% | LR: 0.000505 | Time: 84.4s
2026-02-17 10:42:43,526 [INFO] New best accuracy: 66.00%
2026-02-17 10:44:02,543 [INFO] Epoch 26/50 | Train Loss: 1.9986, Train Acc: 63.62% | (validation skipped) | LR: 0.000474 | Time: 79.0s
2026-02-17 10:45:21,990 [INFO] Epoch 27/50 | Train Loss: 1.9632, Train Acc: 64.62% | (validation skipped) | LR: 0.000443 | Time: 79.4s
2026-02-17 10:46:41,307 [INFO] Epoch 28/50 | Train Loss: 1.9383, Train Acc: 65.34% | (validation skipped) | LR: 0.000412 | Time: 79.3s
2026-02-17 10:48:00,658 [INFO] Epoch 29/50 | Train Loss: 1.9051, Train Acc: 66.38% | (validation skipped) | LR: 0.000382 | Time: 79.3s
2026-02-17 10:49:24,728 [INFO] Epoch 30/50 | Train Loss: 1.8791, Train Acc: 67.23% | Val Loss: 1.7683, Val Acc: 70.76% | LR: 0.000352 | Time: 84.0s
2026-02-17 10:49:25,121 [INFO] New best accuracy: 70.76%
2026-02-17 10:50:44,185 [INFO] Epoch 31/50 | Train Loss: 1.8492, Train Acc: 68.11% | (validation skipped) | LR: 0.000323 | Time: 78.7s
2026-02-17 10:52:03,299 [INFO] Epoch 32/50 | Train Loss: 1.8273, Train Acc: 68.83% | (validation skipped) | LR: 0.000294 | Time: 79.1s
2026-02-17 10:53:22,635 [INFO] Epoch 33/50 | Train Loss: 1.8020, Train Acc: 69.47% | (validation skipped) | LR: 0.000267 | Time: 79.3s
2026-02-17 10:54:42,214 [INFO] Epoch 34/50 | Train Loss: 1.7745, Train Acc: 70.39% | (validation skipped) | LR: 0.000240 | Time: 79.6s
2026-02-17 10:56:06,334 [INFO] Epoch 35/50 | Train Loss: 1.7564, Train Acc: 70.92% | Val Loss: 1.6917, Val Acc: 72.78% | LR: 0.000214 | Time: 84.1s
2026-02-17 10:56:06,664 [INFO] New best accuracy: 72.78%
2026-02-17 10:57:25,555 [INFO] Epoch 36/50 | Train Loss: 1.7380, Train Acc: 71.42% | (validation skipped) | LR: 0.000189 | Time: 78.9s
2026-02-17 10:58:43,912 [INFO] Epoch 37/50 | Train Loss: 1.7142, Train Acc: 72.26% | (validation skipped) | LR: 0.000166 | Time: 78.4s
2026-02-17 11:00:03,205 [INFO] Epoch 38/50 | Train Loss: 1.6957, Train Acc: 72.76% | (validation skipped) | LR: 0.000144 | Time: 79.3s
2026-02-17 11:01:22,213 [INFO] Epoch 39/50 | Train Loss: 1.6752, Train Acc: 73.51% | (validation skipped) | LR: 0.000124 | Time: 79.0s
2026-02-17 11:02:46,825 [INFO] Epoch 40/50 | Train Loss: 1.6585, Train Acc: 73.98% | Val Loss: 1.6504, Val Acc: 73.86% | LR: 0.000105 | Time: 84.6s
2026-02-17 11:02:47,139 [INFO] New best accuracy: 73.86%
2026-02-17 11:04:06,529 [INFO] Epoch 41/50 | Train Loss: 1.6391, Train Acc: 74.65% | (validation skipped) | LR: 0.000087 | Time: 79.1s
2026-02-17 11:05:25,151 [INFO] Epoch 42/50 | Train Loss: 1.6283, Train Acc: 74.88% | (validation skipped) | LR: 0.000071 | Time: 78.6s
2026-02-17 11:06:44,367 [INFO] Epoch 43/50 | Train Loss: 1.6149, Train Acc: 75.38% | (validation skipped) | LR: 0.000057 | Time: 79.2s
2026-02-17 11:08:03,392 [INFO] Epoch 44/50 | Train Loss: 1.6080, Train Acc: 75.67% | (validation skipped) | LR: 0.000045 | Time: 79.0s
2026-02-17 11:09:27,188 [INFO] Epoch 45/50 | Train Loss: 1.5938, Train Acc: 76.09% | Val Loss: 1.6041, Val Acc: 75.26% | LR: 0.000034 | Time: 83.7s
2026-02-17 11:09:27,513 [INFO] New best accuracy: 75.26%
2026-02-17 11:10:46,298 [INFO] Epoch 46/50 | Train Loss: 1.5914, Train Acc: 76.21% | (validation skipped) | LR: 0.000026 | Time: 78.8s
2026-02-17 11:12:05,584 [INFO] Epoch 47/50 | Train Loss: 1.5830, Train Acc: 76.47% | (validation skipped) | LR: 0.000019 | Time: 79.3s
2026-02-17 11:13:24,767 [INFO] Epoch 48/50 | Train Loss: 1.5795, Train Acc: 76.45% | (validation skipped) | LR: 0.000014 | Time: 79.2s
2026-02-17 11:14:44,383 [INFO] Epoch 49/50 | Train Loss: 1.5725, Train Acc: 76.79% | (validation skipped) | LR: 0.000011 | Time: 79.6s
2026-02-17 11:16:08,852 [INFO] Epoch 50/50 | Train Loss: 1.5711, Train Acc: 76.83% | Val Loss: 1.5904, Val Acc: 75.62% | LR: 0.000010 | Time: 84.5s
2026-02-17 11:16:09,174 [INFO] New best accuracy: 75.62%
2026-02-17 11:16:09,548 [INFO] Training complete! Best accuracy: 75.62%
2026-02-17 11:16:09,548 [INFO] Outputs saved to: /projects/prjs0771/melle/projects/visionCNN/logs/resnet_medium_groupnorm_bs512_lr0.001
2026-02-17 11:16:09,603 [INFO] Gradient stats saved to: /projects/prjs0771/melle/projects/visionCNN/logs/resnet_medium_groupnorm_bs512_lr0.001/gradient_stats.csv
