[2026-02-17 10:11:14,696] torch.distributed.run: [WARNING] master_addr is only used for static rdzv_backend and when rdzv_endpoint is not specified.
/projects/prjs0771/melle/envs/pytorch21-cuda121/lib/python3.11/site-packages/torchvision/io/image.py:13: UserWarning: Failed to load image Python extension: '/gpfs/work1/0/prjs0771/melle/envs/pytorch21-cuda121/lib/python3.11/site-packages/torchvision/image.so: undefined symbol: _ZN3c106detail23torchInternalAssertFailEPKcS2_jS2_RKSs'If you don't plan on using image functionality from `torchvision.io`, you can ignore this warning. Otherwise, there might be something wrong with your environment. Did you have `libjpeg` or `libpng` installed before building `torchvision` from source?
  warn(
2026-02-17 10:11:19,105 [INFO] Distributed: DistributedManager(rank=0, local_rank=0, world_size=1, device=cuda:0, is_distributed=True)
2026-02-17 10:11:19,105 [INFO] Config: {'experiment_name': 'resnet_medium_layernorm_bs128_lr0.003', 'model': {'name': 'resnet_medium', 'num_classes': 100, 'norm_layer': 'layernorm'}, 'data': {'dataset': 'imagenet100', 'root': '/scratch-nvme/ml-datasets/imagenet/torchvision_ImageFolder', 'img_size': 224, 'backend': 'pytorch', 'num_workers': 16, 'pin_memory': True, 'persistent_workers': True, 'prefetch_factor': 2, 'gpu_transforms': True}, 'training': {'epochs': 50, 'batch_size': 128, 'lr': 0.003, 'min_lr': 1e-05, 'weight_decay': 0.05, 'optimizer': 'adamw', 'scheduler': 'cosine', 'label_smoothing': 0.1, 'use_amp': True, 'channels_last': True, 'seed': 42, 'val_frequency': 5, 'save_frequency': 10, 'disable_progress_bar': True, 'log_gradients': True, 'grad_log_freq': 50}, 'logging': {'log_dir': 'logs'}, 'wandb': {'enabled': True, 'project': 'norm-comparison-extended', 'tags': ['norm-experiment-extended', 'imagenet100']}}
2026-02-17 10:11:19,105 [INFO] Run directory: /projects/prjs0771/melle/projects/visionCNN/logs/resnet_medium_layernorm_bs128_lr0.003
2026-02-17 10:11:19,105 [INFO] Set random seed: 42 (rank offset applied)
2026-02-17 10:11:19,105 [INFO] Using device: cuda:0
2026-02-17 10:11:19,105 [INFO] World size: 1
2026-02-17 10:11:19,338 [INFO] Model: resnet_medium, Parameters: 21,335,972
2026-02-17 10:11:19,380 [INFO] Using channels-last (NHWC) memory format
2026-02-17 10:11:19,413 [INFO] Mixed precision training: True
2026-02-17 10:11:44,116 [INFO] Using GPU-accelerated transforms to reduce CPU bottleneck
2026-02-17 10:11:44,116 [INFO] Train samples: 128135, Val samples: 5000
2026-02-17 10:11:44,116 [INFO] Effective batch size: 128 (128 x 1 GPUs)
2026-02-17 10:11:44,116 [INFO] Starting training for 50 epochs...
2026-02-17 10:11:44,116 [INFO] Gradient flow logging enabled (every 50 steps)
2026-02-17 10:13:12,960 [INFO] Epoch 1/50 | Train Loss: 4.5399, Train Acc: 2.16% | (validation skipped) | LR: 0.002997 | Time: 88.8s
2026-02-17 10:14:38,653 [INFO] Epoch 2/50 | Train Loss: 4.2028, Train Acc: 6.63% | (validation skipped) | LR: 0.002988 | Time: 85.7s
2026-02-17 10:16:04,243 [INFO] Epoch 3/50 | Train Loss: 3.7457, Train Acc: 16.32% | (validation skipped) | LR: 0.002974 | Time: 85.6s
2026-02-17 10:17:29,998 [INFO] Epoch 4/50 | Train Loss: 3.3232, Train Acc: 27.29% | (validation skipped) | LR: 0.002953 | Time: 85.8s
2026-02-17 10:18:59,437 [INFO] Epoch 5/50 | Train Loss: 3.0188, Train Acc: 35.06% | Val Loss: 2.7315, Val Acc: 42.20% | LR: 0.002927 | Time: 89.4s
2026-02-17 10:18:59,784 [INFO] New best accuracy: 42.20%
2026-02-17 10:20:25,389 [INFO] Epoch 6/50 | Train Loss: 2.8057, Train Acc: 41.03% | (validation skipped) | LR: 0.002895 | Time: 85.6s
2026-02-17 10:21:51,241 [INFO] Epoch 7/50 | Train Loss: 2.6503, Train Acc: 45.20% | (validation skipped) | LR: 0.002858 | Time: 85.9s
2026-02-17 10:23:16,889 [INFO] Epoch 8/50 | Train Loss: 2.5412, Train Acc: 48.30% | (validation skipped) | LR: 0.002815 | Time: 85.6s
2026-02-17 10:24:42,544 [INFO] Epoch 9/50 | Train Loss: 2.4477, Train Acc: 50.92% | (validation skipped) | LR: 0.002767 | Time: 85.7s
2026-02-17 10:26:11,528 [INFO] Epoch 10/50 | Train Loss: 2.3764, Train Acc: 52.85% | Val Loss: 2.1548, Val Acc: 59.38% | LR: 0.002714 | Time: 89.0s
2026-02-17 10:26:11,820 [INFO] New best accuracy: 59.38%
2026-02-17 10:27:37,807 [INFO] Epoch 11/50 | Train Loss: 2.3179, Train Acc: 54.55% | (validation skipped) | LR: 0.002657 | Time: 85.7s
2026-02-17 10:29:03,625 [INFO] Epoch 12/50 | Train Loss: 2.2656, Train Acc: 56.16% | (validation skipped) | LR: 0.002595 | Time: 85.8s
2026-02-17 10:30:29,322 [INFO] Epoch 13/50 | Train Loss: 2.2295, Train Acc: 57.07% | (validation skipped) | LR: 0.002528 | Time: 85.7s
2026-02-17 10:31:55,047 [INFO] Epoch 14/50 | Train Loss: 2.1852, Train Acc: 58.18% | (validation skipped) | LR: 0.002458 | Time: 85.7s
2026-02-17 10:33:23,871 [INFO] Epoch 15/50 | Train Loss: 2.1478, Train Acc: 59.28% | Val Loss: 1.9741, Val Acc: 64.46% | LR: 0.002384 | Time: 88.8s
2026-02-17 10:33:24,178 [INFO] New best accuracy: 64.46%
2026-02-17 10:34:49,719 [INFO] Epoch 16/50 | Train Loss: 2.1066, Train Acc: 60.44% | (validation skipped) | LR: 0.002306 | Time: 85.5s
2026-02-17 10:36:15,641 [INFO] Epoch 17/50 | Train Loss: 2.0718, Train Acc: 61.56% | (validation skipped) | LR: 0.002225 | Time: 85.9s
2026-02-17 10:37:41,341 [INFO] Epoch 18/50 | Train Loss: 2.0489, Train Acc: 62.10% | (validation skipped) | LR: 0.002142 | Time: 85.7s
2026-02-17 10:39:07,125 [INFO] Epoch 19/50 | Train Loss: 2.0217, Train Acc: 62.90% | (validation skipped) | LR: 0.002055 | Time: 85.8s
2026-02-17 10:40:36,203 [INFO] Epoch 20/50 | Train Loss: 1.9878, Train Acc: 63.81% | Val Loss: 1.8507, Val Acc: 67.66% | LR: 0.001967 | Time: 89.0s
2026-02-17 10:40:36,500 [INFO] New best accuracy: 67.66%
2026-02-17 10:42:02,631 [INFO] Epoch 21/50 | Train Loss: 1.9616, Train Acc: 64.58% | (validation skipped) | LR: 0.001877 | Time: 85.8s
2026-02-17 10:43:28,529 [INFO] Epoch 22/50 | Train Loss: 1.9319, Train Acc: 65.39% | (validation skipped) | LR: 0.001785 | Time: 85.9s
2026-02-17 10:44:54,157 [INFO] Epoch 23/50 | Train Loss: 1.9027, Train Acc: 66.28% | (validation skipped) | LR: 0.001692 | Time: 85.6s
2026-02-17 10:46:20,047 [INFO] Epoch 24/50 | Train Loss: 1.8786, Train Acc: 66.92% | (validation skipped) | LR: 0.001599 | Time: 85.9s
2026-02-17 10:47:49,025 [INFO] Epoch 25/50 | Train Loss: 1.8550, Train Acc: 67.62% | Val Loss: 1.6927, Val Acc: 72.98% | LR: 0.001505 | Time: 88.9s
2026-02-17 10:47:49,317 [INFO] New best accuracy: 72.98%
2026-02-17 10:49:14,965 [INFO] Epoch 26/50 | Train Loss: 1.8241, Train Acc: 68.47% | (validation skipped) | LR: 0.001411 | Time: 85.6s
2026-02-17 10:50:40,870 [INFO] Epoch 27/50 | Train Loss: 1.7983, Train Acc: 69.35% | (validation skipped) | LR: 0.001318 | Time: 85.9s
2026-02-17 10:52:06,701 [INFO] Epoch 28/50 | Train Loss: 1.7701, Train Acc: 70.13% | (validation skipped) | LR: 0.001225 | Time: 85.8s
2026-02-17 10:53:32,480 [INFO] Epoch 29/50 | Train Loss: 1.7410, Train Acc: 70.95% | (validation skipped) | LR: 0.001133 | Time: 85.8s
2026-02-17 10:55:01,479 [INFO] Epoch 30/50 | Train Loss: 1.7135, Train Acc: 71.70% | Val Loss: 1.6078, Val Acc: 75.34% | LR: 0.001043 | Time: 89.0s
2026-02-17 10:55:01,774 [INFO] New best accuracy: 75.34%
2026-02-17 10:56:27,788 [INFO] Epoch 31/50 | Train Loss: 1.6804, Train Acc: 72.73% | (validation skipped) | LR: 0.000955 | Time: 85.7s
2026-02-17 10:57:53,659 [INFO] Epoch 32/50 | Train Loss: 1.6530, Train Acc: 73.59% | (validation skipped) | LR: 0.000868 | Time: 85.9s
2026-02-17 10:59:19,473 [INFO] Epoch 33/50 | Train Loss: 1.6268, Train Acc: 74.24% | (validation skipped) | LR: 0.000785 | Time: 85.8s
2026-02-17 11:00:45,297 [INFO] Epoch 34/50 | Train Loss: 1.5885, Train Acc: 75.54% | (validation skipped) | LR: 0.000704 | Time: 85.8s
2026-02-17 11:02:14,296 [INFO] Epoch 35/50 | Train Loss: 1.5592, Train Acc: 76.46% | Val Loss: 1.4770, Val Acc: 79.22% | LR: 0.000626 | Time: 89.0s
2026-02-17 11:02:14,633 [INFO] New best accuracy: 79.22%
2026-02-17 11:03:40,292 [INFO] Epoch 36/50 | Train Loss: 1.5311, Train Acc: 77.30% | (validation skipped) | LR: 0.000552 | Time: 85.7s
2026-02-17 11:05:05,980 [INFO] Epoch 37/50 | Train Loss: 1.5028, Train Acc: 78.00% | (validation skipped) | LR: 0.000482 | Time: 85.7s
2026-02-17 11:06:31,821 [INFO] Epoch 38/50 | Train Loss: 1.4752, Train Acc: 79.07% | (validation skipped) | LR: 0.000415 | Time: 85.8s
2026-02-17 11:07:57,529 [INFO] Epoch 39/50 | Train Loss: 1.4381, Train Acc: 80.06% | (validation skipped) | LR: 0.000353 | Time: 85.7s
2026-02-17 11:09:26,394 [INFO] Epoch 40/50 | Train Loss: 1.4123, Train Acc: 80.95% | Val Loss: 1.4205, Val Acc: 81.04% | LR: 0.000296 | Time: 88.9s
2026-02-17 11:09:26,742 [INFO] New best accuracy: 81.04%
2026-02-17 11:10:52,884 [INFO] Epoch 41/50 | Train Loss: 1.3891, Train Acc: 81.65% | (validation skipped) | LR: 0.000243 | Time: 85.7s
2026-02-17 11:12:18,571 [INFO] Epoch 42/50 | Train Loss: 1.3611, Train Acc: 82.56% | (validation skipped) | LR: 0.000195 | Time: 85.7s
2026-02-17 11:13:44,257 [INFO] Epoch 43/50 | Train Loss: 1.3406, Train Acc: 83.17% | (validation skipped) | LR: 0.000152 | Time: 85.7s
2026-02-17 11:15:10,117 [INFO] Epoch 44/50 | Train Loss: 1.3187, Train Acc: 83.89% | (validation skipped) | LR: 0.000115 | Time: 85.9s
2026-02-17 11:16:38,944 [INFO] Epoch 45/50 | Train Loss: 1.3018, Train Acc: 84.44% | Val Loss: 1.3575, Val Acc: 82.48% | LR: 0.000083 | Time: 88.8s
2026-02-17 11:16:39,260 [INFO] New best accuracy: 82.48%
2026-02-17 11:18:04,865 [INFO] Epoch 46/50 | Train Loss: 1.2888, Train Acc: 84.84% | (validation skipped) | LR: 0.000057 | Time: 85.6s
2026-02-17 11:19:30,557 [INFO] Epoch 47/50 | Train Loss: 1.2740, Train Acc: 85.38% | (validation skipped) | LR: 0.000036 | Time: 85.7s
2026-02-17 11:20:56,272 [INFO] Epoch 48/50 | Train Loss: 1.2629, Train Acc: 85.77% | (validation skipped) | LR: 0.000022 | Time: 85.7s
2026-02-17 11:22:22,210 [INFO] Epoch 49/50 | Train Loss: 1.2604, Train Acc: 85.81% | (validation skipped) | LR: 0.000013 | Time: 85.9s
2026-02-17 11:23:51,090 [INFO] Epoch 50/50 | Train Loss: 1.2556, Train Acc: 85.99% | Val Loss: 1.3369, Val Acc: 83.24% | LR: 0.000010 | Time: 88.9s
2026-02-17 11:23:51,451 [INFO] New best accuracy: 83.24%
2026-02-17 11:23:51,763 [INFO] Training complete! Best accuracy: 83.24%
2026-02-17 11:23:51,763 [INFO] Outputs saved to: /projects/prjs0771/melle/projects/visionCNN/logs/resnet_medium_layernorm_bs128_lr0.003
2026-02-17 11:23:51,912 [INFO] Gradient stats saved to: /projects/prjs0771/melle/projects/visionCNN/logs/resnet_medium_layernorm_bs128_lr0.003/gradient_stats.csv
