[2026-02-17 10:08:48,019] torch.distributed.run: [WARNING] master_addr is only used for static rdzv_backend and when rdzv_endpoint is not specified.
/projects/prjs0771/melle/envs/pytorch21-cuda121/lib/python3.11/site-packages/torchvision/io/image.py:13: UserWarning: Failed to load image Python extension: '/gpfs/work1/0/prjs0771/melle/envs/pytorch21-cuda121/lib/python3.11/site-packages/torchvision/image.so: undefined symbol: _ZN3c106detail23torchInternalAssertFailEPKcS2_jS2_RKSs'If you don't plan on using image functionality from `torchvision.io`, you can ignore this warning. Otherwise, there might be something wrong with your environment. Did you have `libjpeg` or `libpng` installed before building `torchvision` from source?
  warn(
2026-02-17 10:08:52,870 [INFO] Distributed: DistributedManager(rank=0, local_rank=0, world_size=1, device=cuda:0, is_distributed=True)
2026-02-17 10:08:52,870 [INFO] Config: {'experiment_name': 'resnet_medium_nonorm_bs16_lr0.001', 'model': {'name': 'resnet_medium', 'num_classes': 100, 'norm_layer': 'nonorm'}, 'data': {'dataset': 'imagenet100', 'root': '/scratch-nvme/ml-datasets/imagenet/torchvision_ImageFolder', 'img_size': 224, 'backend': 'pytorch', 'num_workers': 16, 'pin_memory': True, 'persistent_workers': True, 'prefetch_factor': 2, 'gpu_transforms': True}, 'training': {'epochs': 50, 'batch_size': 16, 'lr': 0.001, 'min_lr': 1e-05, 'weight_decay': 0.05, 'optimizer': 'adamw', 'scheduler': 'cosine', 'label_smoothing': 0.1, 'use_amp': True, 'channels_last': True, 'seed': 42, 'val_frequency': 5, 'save_frequency': 10, 'disable_progress_bar': True, 'log_gradients': True, 'grad_log_freq': 50}, 'logging': {'log_dir': 'logs'}, 'wandb': {'enabled': True, 'project': 'norm-comparison-extended', 'tags': ['norm-experiment-extended', 'imagenet100']}}
2026-02-17 10:08:52,870 [INFO] Run directory: /projects/prjs0771/melle/projects/visionCNN/logs/resnet_medium_nonorm_bs16_lr0.001
2026-02-17 10:08:52,871 [INFO] Set random seed: 42 (rank offset applied)
2026-02-17 10:08:52,871 [INFO] Using device: cuda:0
2026-02-17 10:08:52,871 [INFO] World size: 1
2026-02-17 10:08:53,106 [INFO] Model: resnet_medium, Parameters: 21,318,948
2026-02-17 10:08:53,147 [INFO] Using channels-last (NHWC) memory format
2026-02-17 10:08:53,191 [INFO] Mixed precision training: True
2026-02-17 10:09:10,992 [INFO] Using GPU-accelerated transforms to reduce CPU bottleneck
2026-02-17 10:09:10,993 [INFO] Train samples: 128135, Val samples: 5000
2026-02-17 10:09:10,993 [INFO] Effective batch size: 16 (16 x 1 GPUs)
2026-02-17 10:09:10,993 [INFO] Starting training for 50 epochs...
2026-02-17 10:09:10,993 [INFO] Gradient flow logging enabled (every 50 steps)
2026-02-17 10:10:52,646 [INFO] Epoch 1/50 | Train Loss: 4.6899, Train Acc: 1.02% | (validation skipped) | LR: 0.000999 | Time: 101.7s
2026-02-17 10:12:32,599 [INFO] Epoch 2/50 | Train Loss: nan, Train Acc: 0.95% | (validation skipped) | LR: 0.000996 | Time: 100.0s
2026-02-17 10:14:12,891 [INFO] Epoch 3/50 | Train Loss: 4.6095, Train Acc: 0.94% | (validation skipped) | LR: 0.000991 | Time: 100.3s
2026-02-17 10:15:44,351 [INFO] Epoch 4/50 | Train Loss: nan, Train Acc: 0.97% | (validation skipped) | LR: 0.000984 | Time: 91.5s
2026-02-17 10:17:14,554 [INFO] Epoch 5/50 | Train Loss: nan, Train Acc: 1.01% | Val Loss: nan, Val Acc: 1.00% | LR: 0.000976 | Time: 90.2s
2026-02-17 10:17:14,807 [INFO] New best accuracy: 1.00%
2026-02-17 10:18:40,953 [INFO] Epoch 6/50 | Train Loss: nan, Train Acc: 1.01% | (validation skipped) | LR: 0.000965 | Time: 86.1s
2026-02-17 10:20:06,460 [INFO] Epoch 7/50 | Train Loss: nan, Train Acc: 1.01% | (validation skipped) | LR: 0.000953 | Time: 85.5s
2026-02-17 10:21:31,896 [INFO] Epoch 8/50 | Train Loss: nan, Train Acc: 1.01% | (validation skipped) | LR: 0.000939 | Time: 85.4s
2026-02-17 10:22:57,493 [INFO] Epoch 9/50 | Train Loss: nan, Train Acc: 1.01% | (validation skipped) | LR: 0.000923 | Time: 85.6s
2026-02-17 10:24:25,839 [INFO] Epoch 10/50 | Train Loss: nan, Train Acc: 1.01% | Val Loss: nan, Val Acc: 1.00% | LR: 0.000905 | Time: 88.3s
2026-02-17 10:25:51,874 [INFO] Epoch 11/50 | Train Loss: nan, Train Acc: 1.01% | (validation skipped) | LR: 0.000886 | Time: 85.8s
2026-02-17 10:27:17,400 [INFO] Epoch 12/50 | Train Loss: nan, Train Acc: 1.01% | (validation skipped) | LR: 0.000866 | Time: 85.5s
2026-02-17 10:28:43,028 [INFO] Epoch 13/50 | Train Loss: nan, Train Acc: 1.01% | (validation skipped) | LR: 0.000844 | Time: 85.6s
2026-02-17 10:30:08,786 [INFO] Epoch 14/50 | Train Loss: nan, Train Acc: 1.01% | (validation skipped) | LR: 0.000821 | Time: 85.8s
2026-02-17 10:31:36,972 [INFO] Epoch 15/50 | Train Loss: nan, Train Acc: 1.01% | Val Loss: nan, Val Acc: 1.00% | LR: 0.000796 | Time: 88.2s
2026-02-17 10:33:02,642 [INFO] Epoch 16/50 | Train Loss: nan, Train Acc: 1.01% | (validation skipped) | LR: 0.000770 | Time: 85.7s
2026-02-17 10:34:28,483 [INFO] Epoch 17/50 | Train Loss: nan, Train Acc: 1.01% | (validation skipped) | LR: 0.000743 | Time: 85.8s
2026-02-17 10:35:54,047 [INFO] Epoch 18/50 | Train Loss: nan, Train Acc: 1.01% | (validation skipped) | LR: 0.000716 | Time: 85.6s
2026-02-17 10:37:19,646 [INFO] Epoch 19/50 | Train Loss: nan, Train Acc: 1.01% | (validation skipped) | LR: 0.000687 | Time: 85.6s
2026-02-17 10:38:47,860 [INFO] Epoch 20/50 | Train Loss: nan, Train Acc: 1.01% | Val Loss: nan, Val Acc: 1.00% | LR: 0.000658 | Time: 88.2s
2026-02-17 10:40:13,942 [INFO] Epoch 21/50 | Train Loss: nan, Train Acc: 1.01% | (validation skipped) | LR: 0.000628 | Time: 85.8s
2026-02-17 10:41:39,674 [INFO] Epoch 22/50 | Train Loss: nan, Train Acc: 1.01% | (validation skipped) | LR: 0.000598 | Time: 85.7s
2026-02-17 10:43:05,356 [INFO] Epoch 23/50 | Train Loss: nan, Train Acc: 1.01% | (validation skipped) | LR: 0.000567 | Time: 85.7s
2026-02-17 10:44:31,172 [INFO] Epoch 24/50 | Train Loss: nan, Train Acc: 1.01% | (validation skipped) | LR: 0.000536 | Time: 85.8s
2026-02-17 10:45:59,716 [INFO] Epoch 25/50 | Train Loss: nan, Train Acc: 1.01% | Val Loss: nan, Val Acc: 1.00% | LR: 0.000505 | Time: 88.5s
2026-02-17 10:47:25,425 [INFO] Epoch 26/50 | Train Loss: nan, Train Acc: 1.01% | (validation skipped) | LR: 0.000474 | Time: 85.7s
2026-02-17 10:48:52,088 [INFO] Epoch 27/50 | Train Loss: nan, Train Acc: 1.01% | (validation skipped) | LR: 0.000443 | Time: 86.7s
2026-02-17 10:50:19,053 [INFO] Epoch 28/50 | Train Loss: nan, Train Acc: 1.01% | (validation skipped) | LR: 0.000412 | Time: 87.0s
2026-02-17 10:51:44,934 [INFO] Epoch 29/50 | Train Loss: nan, Train Acc: 1.01% | (validation skipped) | LR: 0.000382 | Time: 85.9s
2026-02-17 10:53:13,215 [INFO] Epoch 30/50 | Train Loss: nan, Train Acc: 1.01% | Val Loss: nan, Val Acc: 1.00% | LR: 0.000352 | Time: 88.3s
2026-02-17 10:54:39,331 [INFO] Epoch 31/50 | Train Loss: nan, Train Acc: 1.01% | (validation skipped) | LR: 0.000323 | Time: 85.8s
2026-02-17 10:56:04,867 [INFO] Epoch 32/50 | Train Loss: nan, Train Acc: 1.01% | (validation skipped) | LR: 0.000294 | Time: 85.5s
2026-02-17 10:57:29,776 [INFO] Epoch 33/50 | Train Loss: nan, Train Acc: 1.01% | (validation skipped) | LR: 0.000267 | Time: 84.9s
2026-02-17 10:58:54,558 [INFO] Epoch 34/50 | Train Loss: nan, Train Acc: 1.01% | (validation skipped) | LR: 0.000240 | Time: 84.8s
2026-02-17 11:00:21,906 [INFO] Epoch 35/50 | Train Loss: nan, Train Acc: 1.01% | Val Loss: nan, Val Acc: 1.00% | LR: 0.000214 | Time: 87.3s
2026-02-17 11:01:46,827 [INFO] Epoch 36/50 | Train Loss: nan, Train Acc: 1.01% | (validation skipped) | LR: 0.000189 | Time: 84.9s
2026-02-17 11:03:11,714 [INFO] Epoch 37/50 | Train Loss: nan, Train Acc: 1.01% | (validation skipped) | LR: 0.000166 | Time: 84.9s
2026-02-17 11:04:36,516 [INFO] Epoch 38/50 | Train Loss: nan, Train Acc: 1.01% | (validation skipped) | LR: 0.000144 | Time: 84.8s
2026-02-17 11:06:01,337 [INFO] Epoch 39/50 | Train Loss: nan, Train Acc: 1.01% | (validation skipped) | LR: 0.000124 | Time: 84.8s
2026-02-17 11:07:28,765 [INFO] Epoch 40/50 | Train Loss: nan, Train Acc: 1.01% | Val Loss: nan, Val Acc: 1.00% | LR: 0.000105 | Time: 87.4s
2026-02-17 11:08:53,815 [INFO] Epoch 41/50 | Train Loss: nan, Train Acc: 1.01% | (validation skipped) | LR: 0.000087 | Time: 84.8s
2026-02-17 11:10:18,685 [INFO] Epoch 42/50 | Train Loss: nan, Train Acc: 1.01% | (validation skipped) | LR: 0.000071 | Time: 84.9s
2026-02-17 11:11:43,357 [INFO] Epoch 43/50 | Train Loss: nan, Train Acc: 1.01% | (validation skipped) | LR: 0.000057 | Time: 84.7s
2026-02-17 11:13:08,072 [INFO] Epoch 44/50 | Train Loss: nan, Train Acc: 1.01% | (validation skipped) | LR: 0.000045 | Time: 84.7s
2026-02-17 11:14:35,483 [INFO] Epoch 45/50 | Train Loss: nan, Train Acc: 1.01% | Val Loss: nan, Val Acc: 1.00% | LR: 0.000034 | Time: 87.4s
2026-02-17 11:16:00,388 [INFO] Epoch 46/50 | Train Loss: nan, Train Acc: 1.01% | (validation skipped) | LR: 0.000026 | Time: 84.9s
2026-02-17 11:17:25,318 [INFO] Epoch 47/50 | Train Loss: nan, Train Acc: 1.01% | (validation skipped) | LR: 0.000019 | Time: 84.9s
2026-02-17 11:18:50,243 [INFO] Epoch 48/50 | Train Loss: nan, Train Acc: 1.01% | (validation skipped) | LR: 0.000014 | Time: 84.9s
2026-02-17 11:20:15,014 [INFO] Epoch 49/50 | Train Loss: nan, Train Acc: 1.01% | (validation skipped) | LR: 0.000011 | Time: 84.8s
2026-02-17 11:21:44,080 [INFO] Epoch 50/50 | Train Loss: nan, Train Acc: 1.01% | Val Loss: nan, Val Acc: 1.00% | LR: 0.000010 | Time: 89.0s
2026-02-17 11:21:44,325 [INFO] Training complete! Best accuracy: 1.00%
2026-02-17 11:21:44,326 [INFO] Outputs saved to: /projects/prjs0771/melle/projects/visionCNN/logs/resnet_medium_nonorm_bs16_lr0.001
2026-02-17 11:21:44,457 [INFO] Gradient stats saved to: /projects/prjs0771/melle/projects/visionCNN/logs/resnet_medium_nonorm_bs16_lr0.001/gradient_stats.csv
