[2026-02-17 10:08:45,997] torch.distributed.run: [WARNING] master_addr is only used for static rdzv_backend and when rdzv_endpoint is not specified.
/projects/prjs0771/melle/envs/pytorch21-cuda121/lib/python3.11/site-packages/torchvision/io/image.py:13: UserWarning: Failed to load image Python extension: '/gpfs/work1/0/prjs0771/melle/envs/pytorch21-cuda121/lib/python3.11/site-packages/torchvision/image.so: undefined symbol: _ZN3c106detail23torchInternalAssertFailEPKcS2_jS2_RKSs'If you don't plan on using image functionality from `torchvision.io`, you can ignore this warning. Otherwise, there might be something wrong with your environment. Did you have `libjpeg` or `libpng` installed before building `torchvision` from source?
  warn(
2026-02-17 10:08:50,414 [INFO] Distributed: DistributedManager(rank=0, local_rank=0, world_size=1, device=cuda:0, is_distributed=True)
2026-02-17 10:08:50,415 [INFO] Config: {'experiment_name': 'vgg_medium_nonorm_bs32_lr0.001', 'model': {'name': 'vgg_medium', 'num_classes': 100, 'norm_layer': 'nonorm'}, 'data': {'dataset': 'imagenet100', 'root': '/scratch-nvme/ml-datasets/imagenet/torchvision_ImageFolder', 'img_size': 224, 'backend': 'pytorch', 'num_workers': 16, 'pin_memory': True, 'persistent_workers': True, 'prefetch_factor': 2, 'gpu_transforms': True}, 'training': {'epochs': 50, 'batch_size': 32, 'lr': 0.001, 'min_lr': 1e-05, 'weight_decay': 0.05, 'optimizer': 'adamw', 'scheduler': 'cosine', 'label_smoothing': 0.1, 'use_amp': True, 'channels_last': True, 'seed': 42, 'val_frequency': 5, 'save_frequency': 10, 'disable_progress_bar': True, 'log_gradients': True, 'grad_log_freq': 50}, 'logging': {'log_dir': 'logs'}, 'wandb': {'enabled': True, 'project': 'norm-comparison-extended', 'tags': ['norm-experiment-extended', 'imagenet100']}}
2026-02-17 10:08:50,415 [INFO] Run directory: /projects/prjs0771/melle/projects/visionCNN/logs/vgg_medium_nonorm_bs32_lr0.001
2026-02-17 10:08:50,415 [INFO] Set random seed: 42 (rank offset applied)
2026-02-17 10:08:50,415 [INFO] Using device: cuda:0
2026-02-17 10:08:50,415 [INFO] World size: 1
2026-02-17 10:08:50,571 [INFO] Model: vgg_medium, Parameters: 14,765,988
2026-02-17 10:08:50,597 [INFO] Using channels-last (NHWC) memory format
2026-02-17 10:08:50,626 [INFO] Mixed precision training: True
2026-02-17 10:09:10,853 [INFO] Using GPU-accelerated transforms to reduce CPU bottleneck
2026-02-17 10:09:10,853 [INFO] Train samples: 128135, Val samples: 5000
2026-02-17 10:09:10,853 [INFO] Effective batch size: 32 (32 x 1 GPUs)
2026-02-17 10:09:10,853 [INFO] Starting training for 50 epochs...
2026-02-17 10:09:10,853 [INFO] Gradient flow logging enabled (every 50 steps)
2026-02-17 10:11:02,460 [INFO] Epoch 1/50 | Train Loss: 4.6362, Train Acc: 0.96% | (validation skipped) | LR: 0.000999 | Time: 111.6s
2026-02-17 10:12:51,859 [INFO] Epoch 2/50 | Train Loss: 4.6045, Train Acc: 0.97% | (validation skipped) | LR: 0.000996 | Time: 109.4s
2026-02-17 10:14:41,260 [INFO] Epoch 3/50 | Train Loss: 4.6045, Train Acc: 0.94% | (validation skipped) | LR: 0.000991 | Time: 109.4s
2026-02-17 10:16:30,718 [INFO] Epoch 4/50 | Train Loss: 4.6045, Train Acc: 0.96% | (validation skipped) | LR: 0.000984 | Time: 109.5s
2026-02-17 10:18:23,291 [INFO] Epoch 5/50 | Train Loss: 4.6045, Train Acc: 0.96% | Val Loss: 4.6066, Val Acc: 1.00% | LR: 0.000976 | Time: 112.6s
2026-02-17 10:18:23,550 [INFO] New best accuracy: 1.00%
2026-02-17 10:20:12,961 [INFO] Epoch 6/50 | Train Loss: 4.6045, Train Acc: 0.95% | (validation skipped) | LR: 0.000965 | Time: 109.4s
2026-02-17 10:22:02,426 [INFO] Epoch 7/50 | Train Loss: 4.6045, Train Acc: 0.96% | (validation skipped) | LR: 0.000953 | Time: 109.5s
2026-02-17 10:23:51,805 [INFO] Epoch 8/50 | Train Loss: 4.6045, Train Acc: 0.99% | (validation skipped) | LR: 0.000939 | Time: 109.4s
2026-02-17 10:25:41,223 [INFO] Epoch 9/50 | Train Loss: 4.6045, Train Acc: 0.97% | (validation skipped) | LR: 0.000923 | Time: 109.4s
2026-02-17 10:27:33,248 [INFO] Epoch 10/50 | Train Loss: 4.6045, Train Acc: 0.93% | Val Loss: 4.6063, Val Acc: 1.00% | LR: 0.000905 | Time: 112.0s
2026-02-17 10:29:22,859 [INFO] Epoch 11/50 | Train Loss: 4.6045, Train Acc: 0.98% | (validation skipped) | LR: 0.000886 | Time: 109.4s
2026-02-17 10:31:12,303 [INFO] Epoch 12/50 | Train Loss: 4.6045, Train Acc: 0.99% | (validation skipped) | LR: 0.000866 | Time: 109.4s
2026-02-17 10:33:01,659 [INFO] Epoch 13/50 | Train Loss: 4.6044, Train Acc: 1.00% | (validation skipped) | LR: 0.000844 | Time: 109.4s
2026-02-17 10:34:51,023 [INFO] Epoch 14/50 | Train Loss: 4.6044, Train Acc: 0.92% | (validation skipped) | LR: 0.000821 | Time: 109.4s
2026-02-17 10:36:43,029 [INFO] Epoch 15/50 | Train Loss: 4.6044, Train Acc: 0.95% | Val Loss: 4.6066, Val Acc: 1.00% | LR: 0.000796 | Time: 112.0s
2026-02-17 10:38:32,301 [INFO] Epoch 16/50 | Train Loss: 4.6044, Train Acc: 0.95% | (validation skipped) | LR: 0.000770 | Time: 109.3s
2026-02-17 10:40:21,660 [INFO] Epoch 17/50 | Train Loss: 4.6044, Train Acc: 0.98% | (validation skipped) | LR: 0.000743 | Time: 109.4s
2026-02-17 10:42:10,923 [INFO] Epoch 18/50 | Train Loss: 4.6044, Train Acc: 0.95% | (validation skipped) | LR: 0.000716 | Time: 109.2s
2026-02-17 10:44:00,105 [INFO] Epoch 19/50 | Train Loss: 4.6044, Train Acc: 0.93% | (validation skipped) | LR: 0.000687 | Time: 109.2s
2026-02-17 10:45:51,881 [INFO] Epoch 20/50 | Train Loss: 4.6044, Train Acc: 0.97% | Val Loss: 4.6065, Val Acc: 1.00% | LR: 0.000658 | Time: 111.8s
2026-02-17 10:47:41,346 [INFO] Epoch 21/50 | Train Loss: 4.6043, Train Acc: 0.96% | (validation skipped) | LR: 0.000628 | Time: 109.2s
2026-02-17 10:49:30,523 [INFO] Epoch 22/50 | Train Loss: 4.6043, Train Acc: 0.95% | (validation skipped) | LR: 0.000598 | Time: 109.2s
2026-02-17 10:51:19,673 [INFO] Epoch 23/50 | Train Loss: 4.6043, Train Acc: 0.96% | (validation skipped) | LR: 0.000567 | Time: 109.2s
2026-02-17 10:53:08,850 [INFO] Epoch 24/50 | Train Loss: 4.6043, Train Acc: 0.94% | (validation skipped) | LR: 0.000536 | Time: 109.2s
2026-02-17 10:55:00,488 [INFO] Epoch 25/50 | Train Loss: 4.6043, Train Acc: 0.96% | Val Loss: 4.6065, Val Acc: 1.00% | LR: 0.000505 | Time: 111.6s
2026-02-17 10:56:49,674 [INFO] Epoch 26/50 | Train Loss: 4.6043, Train Acc: 0.92% | (validation skipped) | LR: 0.000474 | Time: 109.2s
2026-02-17 10:58:38,881 [INFO] Epoch 27/50 | Train Loss: 4.6043, Train Acc: 0.93% | (validation skipped) | LR: 0.000443 | Time: 109.2s
2026-02-17 11:00:28,016 [INFO] Epoch 28/50 | Train Loss: 4.6043, Train Acc: 0.93% | (validation skipped) | LR: 0.000412 | Time: 109.1s
2026-02-17 11:02:17,139 [INFO] Epoch 29/50 | Train Loss: 4.6042, Train Acc: 0.94% | (validation skipped) | LR: 0.000382 | Time: 109.1s
2026-02-17 11:04:08,765 [INFO] Epoch 30/50 | Train Loss: 4.6042, Train Acc: 0.95% | Val Loss: 4.6062, Val Acc: 1.00% | LR: 0.000352 | Time: 111.6s
2026-02-17 11:05:58,130 [INFO] Epoch 31/50 | Train Loss: 4.6042, Train Acc: 0.97% | (validation skipped) | LR: 0.000323 | Time: 109.1s
2026-02-17 11:07:47,284 [INFO] Epoch 32/50 | Train Loss: 4.6041, Train Acc: 0.97% | (validation skipped) | LR: 0.000294 | Time: 109.1s
2026-02-17 11:09:36,419 [INFO] Epoch 33/50 | Train Loss: 4.6042, Train Acc: 0.92% | (validation skipped) | LR: 0.000267 | Time: 109.1s
2026-02-17 11:11:25,501 [INFO] Epoch 34/50 | Train Loss: 4.6041, Train Acc: 0.93% | (validation skipped) | LR: 0.000240 | Time: 109.1s
2026-02-17 11:13:17,249 [INFO] Epoch 35/50 | Train Loss: 4.6041, Train Acc: 0.95% | Val Loss: 4.6064, Val Acc: 1.00% | LR: 0.000214 | Time: 111.7s
2026-02-17 11:15:06,408 [INFO] Epoch 36/50 | Train Loss: 4.6041, Train Acc: 0.91% | (validation skipped) | LR: 0.000189 | Time: 109.2s
2026-02-17 11:16:55,621 [INFO] Epoch 37/50 | Train Loss: 4.6041, Train Acc: 0.90% | (validation skipped) | LR: 0.000166 | Time: 109.2s
2026-02-17 11:18:44,786 [INFO] Epoch 38/50 | Train Loss: 4.6041, Train Acc: 0.91% | (validation skipped) | LR: 0.000144 | Time: 109.1s
2026-02-17 11:20:33,929 [INFO] Epoch 39/50 | Train Loss: 4.6040, Train Acc: 0.91% | (validation skipped) | LR: 0.000124 | Time: 109.1s
2026-02-17 11:22:25,698 [INFO] Epoch 40/50 | Train Loss: 4.6041, Train Acc: 0.91% | Val Loss: 4.6063, Val Acc: 1.00% | LR: 0.000105 | Time: 111.7s
2026-02-17 11:24:15,100 [INFO] Epoch 41/50 | Train Loss: 4.6040, Train Acc: 0.97% | (validation skipped) | LR: 0.000087 | Time: 109.2s
2026-02-17 11:26:04,255 [INFO] Epoch 42/50 | Train Loss: 4.6040, Train Acc: 0.92% | (validation skipped) | LR: 0.000071 | Time: 109.1s
2026-02-17 11:27:53,400 [INFO] Epoch 43/50 | Train Loss: 4.6041, Train Acc: 0.94% | (validation skipped) | LR: 0.000057 | Time: 109.1s
2026-02-17 11:29:42,552 [INFO] Epoch 44/50 | Train Loss: 4.6041, Train Acc: 0.96% | (validation skipped) | LR: 0.000045 | Time: 109.2s
2026-02-17 11:31:34,274 [INFO] Epoch 45/50 | Train Loss: 4.6041, Train Acc: 0.94% | Val Loss: 4.6068, Val Acc: 1.00% | LR: 0.000034 | Time: 111.7s
2026-02-17 11:33:23,399 [INFO] Epoch 46/50 | Train Loss: 4.6041, Train Acc: 0.94% | (validation skipped) | LR: 0.000026 | Time: 109.1s
2026-02-17 11:35:12,541 [INFO] Epoch 47/50 | Train Loss: 4.6043, Train Acc: 0.93% | (validation skipped) | LR: 0.000019 | Time: 109.1s
2026-02-17 11:37:01,688 [INFO] Epoch 48/50 | Train Loss: 4.6044, Train Acc: 0.99% | (validation skipped) | LR: 0.000014 | Time: 109.1s
2026-02-17 11:38:50,953 [INFO] Epoch 49/50 | Train Loss: 4.6044, Train Acc: 0.93% | (validation skipped) | LR: 0.000011 | Time: 109.3s
2026-02-17 11:40:42,663 [INFO] Epoch 50/50 | Train Loss: 4.6044, Train Acc: 0.97% | Val Loss: 4.6069, Val Acc: 1.00% | LR: 0.000010 | Time: 111.7s
2026-02-17 11:40:42,911 [INFO] Training complete! Best accuracy: 1.00%
2026-02-17 11:40:42,911 [INFO] Outputs saved to: /projects/prjs0771/melle/projects/visionCNN/logs/vgg_medium_nonorm_bs32_lr0.001
2026-02-17 11:40:42,977 [INFO] Gradient stats saved to: /projects/prjs0771/melle/projects/visionCNN/logs/vgg_medium_nonorm_bs32_lr0.001/gradient_stats.csv
