[2026-02-17 10:11:13,206] torch.distributed.run: [WARNING] master_addr is only used for static rdzv_backend and when rdzv_endpoint is not specified.
/projects/prjs0771/melle/envs/pytorch21-cuda121/lib/python3.11/site-packages/torchvision/io/image.py:13: UserWarning: Failed to load image Python extension: '/gpfs/work1/0/prjs0771/melle/envs/pytorch21-cuda121/lib/python3.11/site-packages/torchvision/image.so: undefined symbol: _ZN3c106detail23torchInternalAssertFailEPKcS2_jS2_RKSs'If you don't plan on using image functionality from `torchvision.io`, you can ignore this warning. Otherwise, there might be something wrong with your environment. Did you have `libjpeg` or `libpng` installed before building `torchvision` from source?
  warn(
2026-02-17 10:11:17,741 [INFO] Distributed: DistributedManager(rank=0, local_rank=0, world_size=1, device=cuda:0, is_distributed=True)
2026-02-17 10:11:17,741 [INFO] Config: {'experiment_name': 'resnet_medium_groupnorm_bs128_lr0.0003', 'model': {'name': 'resnet_medium', 'num_classes': 100, 'norm_layer': 'groupnorm'}, 'data': {'dataset': 'imagenet100', 'root': '/scratch-nvme/ml-datasets/imagenet/torchvision_ImageFolder', 'img_size': 224, 'backend': 'pytorch', 'num_workers': 16, 'pin_memory': True, 'persistent_workers': True, 'prefetch_factor': 2, 'gpu_transforms': True}, 'training': {'epochs': 50, 'batch_size': 128, 'lr': 0.0003, 'min_lr': 1e-05, 'weight_decay': 0.05, 'optimizer': 'adamw', 'scheduler': 'cosine', 'label_smoothing': 0.1, 'use_amp': True, 'channels_last': True, 'seed': 42, 'val_frequency': 5, 'save_frequency': 10, 'disable_progress_bar': True, 'log_gradients': True, 'grad_log_freq': 50}, 'logging': {'log_dir': 'logs'}, 'wandb': {'enabled': True, 'project': 'norm-comparison-extended', 'tags': ['norm-experiment-extended', 'imagenet100']}}
2026-02-17 10:11:17,741 [INFO] Run directory: /projects/prjs0771/melle/projects/visionCNN/logs/resnet_medium_groupnorm_bs128_lr0.0003
2026-02-17 10:11:17,741 [INFO] Set random seed: 42 (rank offset applied)
2026-02-17 10:11:17,741 [INFO] Using device: cuda:0
2026-02-17 10:11:17,742 [INFO] World size: 1
2026-02-17 10:11:17,974 [INFO] Model: resnet_medium, Parameters: 21,335,972
2026-02-17 10:11:18,009 [INFO] Using channels-last (NHWC) memory format
2026-02-17 10:11:18,039 [INFO] Mixed precision training: True
2026-02-17 10:11:44,116 [INFO] Using GPU-accelerated transforms to reduce CPU bottleneck
2026-02-17 10:11:44,117 [INFO] Train samples: 128135, Val samples: 5000
2026-02-17 10:11:44,117 [INFO] Effective batch size: 128 (128 x 1 GPUs)
2026-02-17 10:11:44,117 [INFO] Starting training for 50 epochs...
2026-02-17 10:11:44,117 [INFO] Gradient flow logging enabled (every 50 steps)
2026-02-17 10:13:11,732 [INFO] Epoch 1/50 | Train Loss: 4.5186, Train Acc: 2.53% | (validation skipped) | LR: 0.000300 | Time: 87.6s
2026-02-17 10:14:36,239 [INFO] Epoch 2/50 | Train Loss: 4.0828, Train Acc: 9.39% | (validation skipped) | LR: 0.000299 | Time: 84.5s
2026-02-17 10:16:00,604 [INFO] Epoch 3/50 | Train Loss: 3.5951, Train Acc: 19.84% | (validation skipped) | LR: 0.000297 | Time: 84.4s
2026-02-17 10:17:25,124 [INFO] Epoch 4/50 | Train Loss: 3.2747, Train Acc: 27.83% | (validation skipped) | LR: 0.000295 | Time: 84.5s
2026-02-17 10:18:53,482 [INFO] Epoch 5/50 | Train Loss: 3.0523, Train Acc: 33.74% | Val Loss: 2.8042, Val Acc: 40.24% | LR: 0.000293 | Time: 88.3s
2026-02-17 10:18:53,865 [INFO] New best accuracy: 40.24%
2026-02-17 10:20:18,302 [INFO] Epoch 6/50 | Train Loss: 2.8942, Train Acc: 37.98% | (validation skipped) | LR: 0.000290 | Time: 84.4s
2026-02-17 10:21:42,905 [INFO] Epoch 7/50 | Train Loss: 2.7686, Train Acc: 41.42% | (validation skipped) | LR: 0.000286 | Time: 84.6s
2026-02-17 10:23:07,285 [INFO] Epoch 8/50 | Train Loss: 2.6640, Train Acc: 44.20% | (validation skipped) | LR: 0.000282 | Time: 84.4s
2026-02-17 10:24:31,683 [INFO] Epoch 9/50 | Train Loss: 2.5774, Train Acc: 46.65% | (validation skipped) | LR: 0.000277 | Time: 84.4s
2026-02-17 10:25:59,345 [INFO] Epoch 10/50 | Train Loss: 2.5032, Train Acc: 48.88% | Val Loss: 2.2715, Val Acc: 55.48% | LR: 0.000272 | Time: 87.6s
2026-02-17 10:25:59,669 [INFO] New best accuracy: 55.48%
2026-02-17 10:27:24,332 [INFO] Epoch 11/50 | Train Loss: 2.4351, Train Acc: 50.75% | (validation skipped) | LR: 0.000267 | Time: 84.4s
2026-02-17 10:28:48,809 [INFO] Epoch 12/50 | Train Loss: 2.3658, Train Acc: 52.94% | (validation skipped) | LR: 0.000261 | Time: 84.5s
2026-02-17 10:30:13,239 [INFO] Epoch 13/50 | Train Loss: 2.3194, Train Acc: 54.16% | (validation skipped) | LR: 0.000254 | Time: 84.4s
2026-02-17 10:31:37,657 [INFO] Epoch 14/50 | Train Loss: 2.2614, Train Acc: 55.88% | (validation skipped) | LR: 0.000247 | Time: 84.4s
2026-02-17 10:33:05,149 [INFO] Epoch 15/50 | Train Loss: 2.2077, Train Acc: 57.49% | Val Loss: 1.9892, Val Acc: 64.02% | LR: 0.000240 | Time: 87.5s
2026-02-17 10:33:05,437 [INFO] New best accuracy: 64.02%
2026-02-17 10:34:29,709 [INFO] Epoch 16/50 | Train Loss: 2.1644, Train Acc: 58.62% | (validation skipped) | LR: 0.000233 | Time: 84.3s
2026-02-17 10:35:54,296 [INFO] Epoch 17/50 | Train Loss: 2.1217, Train Acc: 59.91% | (validation skipped) | LR: 0.000225 | Time: 84.6s
2026-02-17 10:37:18,684 [INFO] Epoch 18/50 | Train Loss: 2.0845, Train Acc: 61.11% | (validation skipped) | LR: 0.000217 | Time: 84.4s
2026-02-17 10:38:43,178 [INFO] Epoch 19/50 | Train Loss: 2.0470, Train Acc: 62.00% | (validation skipped) | LR: 0.000208 | Time: 84.5s
2026-02-17 10:40:10,947 [INFO] Epoch 20/50 | Train Loss: 2.0074, Train Acc: 63.43% | Val Loss: 1.8615, Val Acc: 67.44% | LR: 0.000200 | Time: 87.7s
2026-02-17 10:40:11,248 [INFO] New best accuracy: 67.44%
2026-02-17 10:41:36,085 [INFO] Epoch 21/50 | Train Loss: 1.9793, Train Acc: 64.09% | (validation skipped) | LR: 0.000191 | Time: 84.5s
2026-02-17 10:43:00,659 [INFO] Epoch 22/50 | Train Loss: 1.9410, Train Acc: 65.23% | (validation skipped) | LR: 0.000182 | Time: 84.6s
2026-02-17 10:44:25,073 [INFO] Epoch 23/50 | Train Loss: 1.9079, Train Acc: 66.21% | (validation skipped) | LR: 0.000173 | Time: 84.4s
2026-02-17 10:45:49,690 [INFO] Epoch 24/50 | Train Loss: 1.8813, Train Acc: 67.02% | (validation skipped) | LR: 0.000164 | Time: 84.6s
2026-02-17 10:47:17,297 [INFO] Epoch 25/50 | Train Loss: 1.8529, Train Acc: 67.83% | Val Loss: 1.7564, Val Acc: 71.20% | LR: 0.000155 | Time: 87.6s
2026-02-17 10:47:17,640 [INFO] New best accuracy: 71.20%
2026-02-17 10:48:41,949 [INFO] Epoch 26/50 | Train Loss: 1.8280, Train Acc: 68.50% | (validation skipped) | LR: 0.000146 | Time: 84.3s
2026-02-17 10:50:06,581 [INFO] Epoch 27/50 | Train Loss: 1.8005, Train Acc: 69.47% | (validation skipped) | LR: 0.000137 | Time: 84.6s
2026-02-17 10:51:31,106 [INFO] Epoch 28/50 | Train Loss: 1.7743, Train Acc: 70.16% | (validation skipped) | LR: 0.000128 | Time: 84.5s
2026-02-17 10:52:55,597 [INFO] Epoch 29/50 | Train Loss: 1.7497, Train Acc: 71.02% | (validation skipped) | LR: 0.000119 | Time: 84.5s
2026-02-17 10:54:23,232 [INFO] Epoch 30/50 | Train Loss: 1.7235, Train Acc: 71.73% | Val Loss: 1.6520, Val Acc: 73.96% | LR: 0.000110 | Time: 87.6s
2026-02-17 10:54:23,555 [INFO] New best accuracy: 73.96%
2026-02-17 10:55:48,333 [INFO] Epoch 31/50 | Train Loss: 1.7017, Train Acc: 72.34% | (validation skipped) | LR: 0.000102 | Time: 84.5s
2026-02-17 10:57:12,929 [INFO] Epoch 32/50 | Train Loss: 1.6778, Train Acc: 72.96% | (validation skipped) | LR: 0.000093 | Time: 84.6s
2026-02-17 10:58:37,545 [INFO] Epoch 33/50 | Train Loss: 1.6584, Train Acc: 73.69% | (validation skipped) | LR: 0.000085 | Time: 84.6s
2026-02-17 11:00:02,162 [INFO] Epoch 34/50 | Train Loss: 1.6312, Train Acc: 74.45% | (validation skipped) | LR: 0.000077 | Time: 84.6s
2026-02-17 11:01:29,924 [INFO] Epoch 35/50 | Train Loss: 1.6121, Train Acc: 75.14% | Val Loss: 1.5560, Val Acc: 77.00% | LR: 0.000070 | Time: 87.7s
2026-02-17 11:01:30,282 [INFO] New best accuracy: 77.00%
2026-02-17 11:02:54,647 [INFO] Epoch 36/50 | Train Loss: 1.5937, Train Acc: 75.70% | (validation skipped) | LR: 0.000063 | Time: 84.4s
2026-02-17 11:04:19,134 [INFO] Epoch 37/50 | Train Loss: 1.5750, Train Acc: 76.25% | (validation skipped) | LR: 0.000056 | Time: 84.5s
2026-02-17 11:05:43,686 [INFO] Epoch 38/50 | Train Loss: 1.5596, Train Acc: 76.79% | (validation skipped) | LR: 0.000049 | Time: 84.6s
2026-02-17 11:07:08,085 [INFO] Epoch 39/50 | Train Loss: 1.5398, Train Acc: 77.25% | (validation skipped) | LR: 0.000043 | Time: 84.4s
2026-02-17 11:08:35,917 [INFO] Epoch 40/50 | Train Loss: 1.5251, Train Acc: 77.96% | Val Loss: 1.5186, Val Acc: 77.98% | LR: 0.000038 | Time: 87.7s
2026-02-17 11:08:36,243 [INFO] New best accuracy: 77.98%
2026-02-17 11:10:01,027 [INFO] Epoch 41/50 | Train Loss: 1.5111, Train Acc: 78.26% | (validation skipped) | LR: 0.000033 | Time: 84.5s
2026-02-17 11:11:25,470 [INFO] Epoch 42/50 | Train Loss: 1.4966, Train Acc: 78.82% | (validation skipped) | LR: 0.000028 | Time: 84.4s
2026-02-17 11:12:49,975 [INFO] Epoch 43/50 | Train Loss: 1.4869, Train Acc: 79.16% | (validation skipped) | LR: 0.000024 | Time: 84.5s
2026-02-17 11:14:14,556 [INFO] Epoch 44/50 | Train Loss: 1.4744, Train Acc: 79.52% | (validation skipped) | LR: 0.000020 | Time: 84.6s
2026-02-17 11:15:42,083 [INFO] Epoch 45/50 | Train Loss: 1.4674, Train Acc: 79.76% | Val Loss: 1.4908, Val Acc: 79.16% | LR: 0.000017 | Time: 87.5s
2026-02-17 11:15:42,380 [INFO] New best accuracy: 79.16%
2026-02-17 11:17:06,708 [INFO] Epoch 46/50 | Train Loss: 1.4621, Train Acc: 79.92% | (validation skipped) | LR: 0.000015 | Time: 84.3s
2026-02-17 11:18:31,123 [INFO] Epoch 47/50 | Train Loss: 1.4503, Train Acc: 80.29% | (validation skipped) | LR: 0.000013 | Time: 84.4s
2026-02-17 11:19:55,543 [INFO] Epoch 48/50 | Train Loss: 1.4467, Train Acc: 80.40% | (validation skipped) | LR: 0.000011 | Time: 84.4s
2026-02-17 11:21:20,213 [INFO] Epoch 49/50 | Train Loss: 1.4460, Train Acc: 80.43% | (validation skipped) | LR: 0.000010 | Time: 84.7s
2026-02-17 11:22:47,732 [INFO] Epoch 50/50 | Train Loss: 1.4407, Train Acc: 80.59% | Val Loss: 1.4744, Val Acc: 79.64% | LR: 0.000010 | Time: 87.5s
2026-02-17 11:22:48,053 [INFO] New best accuracy: 79.64%
2026-02-17 11:22:48,487 [INFO] Training complete! Best accuracy: 79.64%
2026-02-17 11:22:48,487 [INFO] Outputs saved to: /projects/prjs0771/melle/projects/visionCNN/logs/resnet_medium_groupnorm_bs128_lr0.0003
2026-02-17 11:22:48,661 [INFO] Gradient stats saved to: /projects/prjs0771/melle/projects/visionCNN/logs/resnet_medium_groupnorm_bs128_lr0.0003/gradient_stats.csv
