[2026-02-17 10:08:48,019] torch.distributed.run: [WARNING] master_addr is only used for static rdzv_backend and when rdzv_endpoint is not specified.
/projects/prjs0771/melle/envs/pytorch21-cuda121/lib/python3.11/site-packages/torchvision/io/image.py:13: UserWarning: Failed to load image Python extension: '/gpfs/work1/0/prjs0771/melle/envs/pytorch21-cuda121/lib/python3.11/site-packages/torchvision/image.so: undefined symbol: _ZN3c106detail23torchInternalAssertFailEPKcS2_jS2_RKSs'If you don't plan on using image functionality from `torchvision.io`, you can ignore this warning. Otherwise, there might be something wrong with your environment. Did you have `libjpeg` or `libpng` installed before building `torchvision` from source?
  warn(
2026-02-17 10:08:52,860 [INFO] Distributed: DistributedManager(rank=0, local_rank=0, world_size=1, device=cuda:0, is_distributed=True)
2026-02-17 10:08:52,860 [INFO] Config: {'experiment_name': 'resnet_medium_nonorm_bs32_lr0.001', 'model': {'name': 'resnet_medium', 'num_classes': 100, 'norm_layer': 'nonorm'}, 'data': {'dataset': 'imagenet100', 'root': '/scratch-nvme/ml-datasets/imagenet/torchvision_ImageFolder', 'img_size': 224, 'backend': 'pytorch', 'num_workers': 16, 'pin_memory': True, 'persistent_workers': True, 'prefetch_factor': 2, 'gpu_transforms': True}, 'training': {'epochs': 50, 'batch_size': 32, 'lr': 0.001, 'min_lr': 1e-05, 'weight_decay': 0.05, 'optimizer': 'adamw', 'scheduler': 'cosine', 'label_smoothing': 0.1, 'use_amp': True, 'channels_last': True, 'seed': 42, 'val_frequency': 5, 'save_frequency': 10, 'disable_progress_bar': True, 'log_gradients': True, 'grad_log_freq': 50}, 'logging': {'log_dir': 'logs'}, 'wandb': {'enabled': True, 'project': 'norm-comparison-extended', 'tags': ['norm-experiment-extended', 'imagenet100']}}
2026-02-17 10:08:52,860 [INFO] Run directory: /projects/prjs0771/melle/projects/visionCNN/logs/resnet_medium_nonorm_bs32_lr0.001
2026-02-17 10:08:52,861 [INFO] Set random seed: 42 (rank offset applied)
2026-02-17 10:08:52,861 [INFO] Using device: cuda:0
2026-02-17 10:08:52,861 [INFO] World size: 1
2026-02-17 10:08:53,119 [INFO] Model: resnet_medium, Parameters: 21,318,948
2026-02-17 10:08:53,171 [INFO] Using channels-last (NHWC) memory format
2026-02-17 10:08:53,204 [INFO] Mixed precision training: True
2026-02-17 10:09:10,992 [INFO] Using GPU-accelerated transforms to reduce CPU bottleneck
2026-02-17 10:09:10,993 [INFO] Train samples: 128135, Val samples: 5000
2026-02-17 10:09:10,993 [INFO] Effective batch size: 32 (32 x 1 GPUs)
2026-02-17 10:09:10,993 [INFO] Starting training for 50 epochs...
2026-02-17 10:09:10,993 [INFO] Gradient flow logging enabled (every 50 steps)
2026-02-17 10:10:07,019 [INFO] Epoch 1/50 | Train Loss: 4.4946, Train Acc: 8.93% | (validation skipped) | LR: 0.000999 | Time: 56.0s
2026-02-17 10:11:01,253 [INFO] Epoch 2/50 | Train Loss: 3.6015, Train Acc: 21.08% | (validation skipped) | LR: 0.000996 | Time: 54.2s
2026-02-17 10:11:55,506 [INFO] Epoch 3/50 | Train Loss: 3.3419, Train Acc: 27.68% | (validation skipped) | LR: 0.000991 | Time: 54.3s
2026-02-17 10:12:49,824 [INFO] Epoch 4/50 | Train Loss: 3.1742, Train Acc: 32.16% | (validation skipped) | LR: 0.000984 | Time: 54.3s
2026-02-17 10:13:47,509 [INFO] Epoch 5/50 | Train Loss: 3.0688, Train Acc: 35.04% | Val Loss: 2.8492, Val Acc: 40.68% | LR: 0.000976 | Time: 57.6s
2026-02-17 10:13:47,851 [INFO] New best accuracy: 40.68%
2026-02-17 10:14:42,083 [INFO] Epoch 6/50 | Train Loss: 2.9822, Train Acc: 37.24% | (validation skipped) | LR: 0.000965 | Time: 54.2s
2026-02-17 10:15:36,225 [INFO] Epoch 7/50 | Train Loss: 2.9166, Train Acc: 39.09% | (validation skipped) | LR: 0.000953 | Time: 54.1s
2026-02-17 10:16:30,262 [INFO] Epoch 8/50 | Train Loss: 2.8614, Train Acc: 40.77% | (validation skipped) | LR: 0.000939 | Time: 54.0s
2026-02-17 10:17:24,572 [INFO] Epoch 9/50 | Train Loss: 2.8106, Train Acc: 42.03% | (validation skipped) | LR: 0.000923 | Time: 54.3s
2026-02-17 10:18:21,779 [INFO] Epoch 10/50 | Train Loss: 2.7727, Train Acc: 43.20% | Val Loss: 2.5335, Val Acc: 49.70% | LR: 0.000905 | Time: 57.2s
2026-02-17 10:18:22,035 [INFO] New best accuracy: 49.70%
2026-02-17 10:19:17,476 [INFO] Epoch 11/50 | Train Loss: 2.7349, Train Acc: 44.41% | (validation skipped) | LR: 0.000886 | Time: 55.1s
2026-02-17 10:20:12,575 [INFO] Epoch 12/50 | Train Loss: 2.7014, Train Acc: 45.14% | (validation skipped) | LR: 0.000866 | Time: 55.1s
2026-02-17 10:21:07,697 [INFO] Epoch 13/50 | Train Loss: 2.6721, Train Acc: 46.09% | (validation skipped) | LR: 0.000844 | Time: 55.1s
2026-02-17 10:22:02,673 [INFO] Epoch 14/50 | Train Loss: 2.6404, Train Acc: 47.01% | (validation skipped) | LR: 0.000821 | Time: 55.0s
2026-02-17 10:23:00,380 [INFO] Epoch 15/50 | Train Loss: 2.6108, Train Acc: 47.88% | Val Loss: 2.3929, Val Acc: 53.56% | LR: 0.000796 | Time: 57.7s
2026-02-17 10:23:00,689 [INFO] New best accuracy: 53.56%
2026-02-17 10:23:55,718 [INFO] Epoch 16/50 | Train Loss: 2.5857, Train Acc: 48.52% | (validation skipped) | LR: 0.000770 | Time: 55.0s
2026-02-17 10:24:50,917 [INFO] Epoch 17/50 | Train Loss: 2.5573, Train Acc: 49.27% | (validation skipped) | LR: 0.000743 | Time: 55.2s
2026-02-17 10:25:45,968 [INFO] Epoch 18/50 | Train Loss: 2.5289, Train Acc: 50.28% | (validation skipped) | LR: 0.000716 | Time: 55.1s
2026-02-17 10:26:41,004 [INFO] Epoch 19/50 | Train Loss: 2.4992, Train Acc: 51.14% | (validation skipped) | LR: 0.000687 | Time: 55.0s
2026-02-17 10:27:38,690 [INFO] Epoch 20/50 | Train Loss: 2.4820, Train Acc: 51.47% | Val Loss: 2.2657, Val Acc: 57.96% | LR: 0.000658 | Time: 57.7s
2026-02-17 10:27:38,956 [INFO] New best accuracy: 57.96%
2026-02-17 10:28:34,362 [INFO] Epoch 21/50 | Train Loss: 2.4525, Train Acc: 52.34% | (validation skipped) | LR: 0.000628 | Time: 55.2s
2026-02-17 10:29:29,435 [INFO] Epoch 22/50 | Train Loss: 2.4203, Train Acc: 53.27% | (validation skipped) | LR: 0.000598 | Time: 55.1s
2026-02-17 10:30:24,549 [INFO] Epoch 23/50 | Train Loss: 2.3921, Train Acc: 54.12% | (validation skipped) | LR: 0.000567 | Time: 55.1s
2026-02-17 10:31:19,633 [INFO] Epoch 24/50 | Train Loss: 2.3707, Train Acc: 54.70% | (validation skipped) | LR: 0.000536 | Time: 55.1s
2026-02-17 10:32:17,313 [INFO] Epoch 25/50 | Train Loss: 2.3407, Train Acc: 55.74% | Val Loss: 2.2045, Val Acc: 59.56% | LR: 0.000505 | Time: 57.7s
2026-02-17 10:32:17,589 [INFO] New best accuracy: 59.56%
2026-02-17 10:33:12,554 [INFO] Epoch 26/50 | Train Loss: 2.3131, Train Acc: 56.45% | (validation skipped) | LR: 0.000474 | Time: 55.0s
2026-02-17 10:34:07,566 [INFO] Epoch 27/50 | Train Loss: 2.2920, Train Acc: 57.02% | (validation skipped) | LR: 0.000443 | Time: 55.0s
2026-02-17 10:35:02,592 [INFO] Epoch 28/50 | Train Loss: 2.2619, Train Acc: 57.94% | (validation skipped) | LR: 0.000412 | Time: 55.0s
2026-02-17 10:35:57,601 [INFO] Epoch 29/50 | Train Loss: 2.2407, Train Acc: 58.57% | (validation skipped) | LR: 0.000382 | Time: 55.0s
2026-02-17 10:36:55,319 [INFO] Epoch 30/50 | Train Loss: 2.2113, Train Acc: 59.40% | Val Loss: 2.0451, Val Acc: 65.22% | LR: 0.000352 | Time: 57.7s
2026-02-17 10:36:55,588 [INFO] New best accuracy: 65.22%
2026-02-17 10:37:50,866 [INFO] Epoch 31/50 | Train Loss: 2.1823, Train Acc: 60.24% | (validation skipped) | LR: 0.000323 | Time: 55.0s
2026-02-17 10:38:45,829 [INFO] Epoch 32/50 | Train Loss: 2.1582, Train Acc: 61.06% | (validation skipped) | LR: 0.000294 | Time: 55.0s
2026-02-17 10:39:40,936 [INFO] Epoch 33/50 | Train Loss: 2.1309, Train Acc: 61.86% | (validation skipped) | LR: 0.000267 | Time: 55.1s
2026-02-17 10:40:35,989 [INFO] Epoch 34/50 | Train Loss: 2.1059, Train Acc: 62.60% | (validation skipped) | LR: 0.000240 | Time: 55.1s
2026-02-17 10:41:33,575 [INFO] Epoch 35/50 | Train Loss: 2.0762, Train Acc: 63.49% | Val Loss: 1.9025, Val Acc: 68.70% | LR: 0.000214 | Time: 57.6s
2026-02-17 10:41:33,853 [INFO] New best accuracy: 68.70%
2026-02-17 10:42:29,010 [INFO] Epoch 36/50 | Train Loss: 2.0556, Train Acc: 63.94% | (validation skipped) | LR: 0.000189 | Time: 55.2s
2026-02-17 10:43:24,204 [INFO] Epoch 37/50 | Train Loss: 2.0310, Train Acc: 64.78% | (validation skipped) | LR: 0.000166 | Time: 55.2s
2026-02-17 10:44:19,294 [INFO] Epoch 38/50 | Train Loss: 2.0064, Train Acc: 65.57% | (validation skipped) | LR: 0.000144 | Time: 55.1s
2026-02-17 10:45:14,297 [INFO] Epoch 39/50 | Train Loss: 1.9769, Train Acc: 66.40% | (validation skipped) | LR: 0.000124 | Time: 55.0s
2026-02-17 10:46:11,888 [INFO] Epoch 40/50 | Train Loss: 1.9519, Train Acc: 67.30% | Val Loss: 1.8343, Val Acc: 71.24% | LR: 0.000105 | Time: 57.6s
2026-02-17 10:46:12,146 [INFO] New best accuracy: 71.24%
2026-02-17 10:47:07,506 [INFO] Epoch 41/50 | Train Loss: 1.9341, Train Acc: 67.70% | (validation skipped) | LR: 0.000087 | Time: 55.1s
2026-02-17 10:48:02,615 [INFO] Epoch 42/50 | Train Loss: 1.9113, Train Acc: 68.38% | (validation skipped) | LR: 0.000071 | Time: 55.1s
2026-02-17 10:48:57,790 [INFO] Epoch 43/50 | Train Loss: 1.8943, Train Acc: 68.98% | (validation skipped) | LR: 0.000057 | Time: 55.2s
2026-02-17 10:49:52,908 [INFO] Epoch 44/50 | Train Loss: 1.8739, Train Acc: 69.63% | (validation skipped) | LR: 0.000045 | Time: 55.1s
2026-02-17 10:50:50,578 [INFO] Epoch 45/50 | Train Loss: 1.8597, Train Acc: 70.11% | Val Loss: 1.7688, Val Acc: 73.32% | LR: 0.000034 | Time: 57.7s
2026-02-17 10:50:50,940 [INFO] New best accuracy: 73.32%
2026-02-17 10:51:45,921 [INFO] Epoch 46/50 | Train Loss: 1.8443, Train Acc: 70.56% | (validation skipped) | LR: 0.000026 | Time: 55.0s
2026-02-17 10:52:40,923 [INFO] Epoch 47/50 | Train Loss: 1.8332, Train Acc: 70.94% | (validation skipped) | LR: 0.000019 | Time: 55.0s
2026-02-17 10:53:36,003 [INFO] Epoch 48/50 | Train Loss: 1.8213, Train Acc: 71.42% | (validation skipped) | LR: 0.000014 | Time: 55.1s
2026-02-17 10:54:31,200 [INFO] Epoch 49/50 | Train Loss: 1.8155, Train Acc: 71.55% | (validation skipped) | LR: 0.000011 | Time: 55.2s
2026-02-17 10:55:28,893 [INFO] Epoch 50/50 | Train Loss: 1.8108, Train Acc: 71.60% | Val Loss: 1.7406, Val Acc: 74.40% | LR: 0.000010 | Time: 57.7s
2026-02-17 10:55:29,142 [INFO] New best accuracy: 74.40%
2026-02-17 10:55:29,440 [INFO] Training complete! Best accuracy: 74.40%
2026-02-17 10:55:29,440 [INFO] Outputs saved to: /projects/prjs0771/melle/projects/visionCNN/logs/resnet_medium_nonorm_bs32_lr0.001
2026-02-17 10:55:29,622 [INFO] Gradient stats saved to: /projects/prjs0771/melle/projects/visionCNN/logs/resnet_medium_nonorm_bs32_lr0.001/gradient_stats.csv
