[2026-02-17 10:16:47,252] torch.distributed.run: [WARNING] master_addr is only used for static rdzv_backend and when rdzv_endpoint is not specified.
/projects/prjs0771/melle/envs/pytorch21-cuda121/lib/python3.11/site-packages/torchvision/io/image.py:13: UserWarning: Failed to load image Python extension: '/gpfs/work1/0/prjs0771/melle/envs/pytorch21-cuda121/lib/python3.11/site-packages/torchvision/image.so: undefined symbol: _ZN3c106detail23torchInternalAssertFailEPKcS2_jS2_RKSs'If you don't plan on using image functionality from `torchvision.io`, you can ignore this warning. Otherwise, there might be something wrong with your environment. Did you have `libjpeg` or `libpng` installed before building `torchvision` from source?
  warn(
2026-02-17 10:16:52,294 [INFO] Distributed: DistributedManager(rank=0, local_rank=0, world_size=1, device=cuda:0, is_distributed=True)
2026-02-17 10:16:52,294 [INFO] Config: {'experiment_name': 'resnet_medium_nonorm_bs128_lr0.003', 'model': {'name': 'resnet_medium', 'num_classes': 100, 'norm_layer': 'nonorm'}, 'data': {'dataset': 'imagenet100', 'root': '/scratch-nvme/ml-datasets/imagenet/torchvision_ImageFolder', 'img_size': 224, 'backend': 'pytorch', 'num_workers': 16, 'pin_memory': True, 'persistent_workers': True, 'prefetch_factor': 2, 'gpu_transforms': True}, 'training': {'epochs': 50, 'batch_size': 128, 'lr': 0.003, 'min_lr': 1e-05, 'weight_decay': 0.05, 'optimizer': 'adamw', 'scheduler': 'cosine', 'label_smoothing': 0.1, 'use_amp': True, 'channels_last': True, 'seed': 42, 'val_frequency': 5, 'save_frequency': 10, 'disable_progress_bar': True, 'log_gradients': True, 'grad_log_freq': 50}, 'logging': {'log_dir': 'logs'}, 'wandb': {'enabled': True, 'project': 'norm-comparison-extended', 'tags': ['norm-experiment-extended', 'imagenet100']}}
2026-02-17 10:16:52,294 [INFO] Run directory: /projects/prjs0771/melle/projects/visionCNN/logs/resnet_medium_nonorm_bs128_lr0.003
2026-02-17 10:16:52,294 [INFO] Set random seed: 42 (rank offset applied)
2026-02-17 10:16:52,294 [INFO] Using device: cuda:0
2026-02-17 10:16:52,295 [INFO] World size: 1
2026-02-17 10:16:52,534 [INFO] Model: resnet_medium, Parameters: 21,318,948
2026-02-17 10:16:52,579 [INFO] Using channels-last (NHWC) memory format
2026-02-17 10:16:52,610 [INFO] Mixed precision training: True
2026-02-17 10:17:56,077 [INFO] Using GPU-accelerated transforms to reduce CPU bottleneck
2026-02-17 10:17:56,077 [INFO] Train samples: 128135, Val samples: 5000
2026-02-17 10:17:56,077 [INFO] Effective batch size: 128 (128 x 1 GPUs)
2026-02-17 10:17:56,077 [INFO] Starting training for 50 epochs...
2026-02-17 10:17:56,077 [INFO] Gradient flow logging enabled (every 50 steps)
2026-02-17 10:18:48,525 [INFO] Epoch 1/50 | Train Loss: nan, Train Acc: 1.02% | (validation skipped) | LR: 0.002997 | Time: 52.4s
2026-02-17 10:19:37,520 [INFO] Epoch 2/50 | Train Loss: nan, Train Acc: 1.01% | (validation skipped) | LR: 0.002988 | Time: 49.0s
2026-02-17 10:20:26,535 [INFO] Epoch 3/50 | Train Loss: nan, Train Acc: 1.01% | (validation skipped) | LR: 0.002974 | Time: 49.0s
2026-02-17 10:21:15,921 [INFO] Epoch 4/50 | Train Loss: nan, Train Acc: 1.01% | (validation skipped) | LR: 0.002953 | Time: 49.4s
2026-02-17 10:22:09,171 [INFO] Epoch 5/50 | Train Loss: nan, Train Acc: 1.01% | Val Loss: nan, Val Acc: 1.00% | LR: 0.002927 | Time: 53.2s
2026-02-17 10:22:09,508 [INFO] New best accuracy: 1.00%
2026-02-17 10:22:59,126 [INFO] Epoch 6/50 | Train Loss: nan, Train Acc: 1.01% | (validation skipped) | LR: 0.002895 | Time: 49.6s
2026-02-17 10:23:48,439 [INFO] Epoch 7/50 | Train Loss: nan, Train Acc: 1.01% | (validation skipped) | LR: 0.002858 | Time: 49.3s
2026-02-17 10:24:37,448 [INFO] Epoch 8/50 | Train Loss: nan, Train Acc: 1.01% | (validation skipped) | LR: 0.002815 | Time: 49.0s
2026-02-17 10:25:25,893 [INFO] Epoch 9/50 | Train Loss: nan, Train Acc: 1.01% | (validation skipped) | LR: 0.002767 | Time: 48.4s
2026-02-17 10:26:18,471 [INFO] Epoch 10/50 | Train Loss: nan, Train Acc: 1.01% | Val Loss: nan, Val Acc: 1.00% | LR: 0.002714 | Time: 52.6s
2026-02-17 10:27:07,832 [INFO] Epoch 11/50 | Train Loss: nan, Train Acc: 1.01% | (validation skipped) | LR: 0.002657 | Time: 49.1s
2026-02-17 10:27:57,003 [INFO] Epoch 12/50 | Train Loss: nan, Train Acc: 1.01% | (validation skipped) | LR: 0.002595 | Time: 49.2s
2026-02-17 10:28:46,473 [INFO] Epoch 13/50 | Train Loss: nan, Train Acc: 1.01% | (validation skipped) | LR: 0.002528 | Time: 49.5s
2026-02-17 10:29:35,480 [INFO] Epoch 14/50 | Train Loss: nan, Train Acc: 1.01% | (validation skipped) | LR: 0.002458 | Time: 49.0s
2026-02-17 10:30:27,222 [INFO] Epoch 15/50 | Train Loss: nan, Train Acc: 1.01% | Val Loss: nan, Val Acc: 1.00% | LR: 0.002384 | Time: 51.7s
2026-02-17 10:31:16,355 [INFO] Epoch 16/50 | Train Loss: nan, Train Acc: 1.01% | (validation skipped) | LR: 0.002306 | Time: 49.1s
2026-02-17 10:32:05,590 [INFO] Epoch 17/50 | Train Loss: nan, Train Acc: 1.01% | (validation skipped) | LR: 0.002225 | Time: 49.2s
2026-02-17 10:32:54,621 [INFO] Epoch 18/50 | Train Loss: nan, Train Acc: 1.01% | (validation skipped) | LR: 0.002142 | Time: 49.0s
2026-02-17 10:33:43,889 [INFO] Epoch 19/50 | Train Loss: nan, Train Acc: 1.01% | (validation skipped) | LR: 0.002055 | Time: 49.3s
2026-02-17 10:34:35,502 [INFO] Epoch 20/50 | Train Loss: nan, Train Acc: 1.01% | Val Loss: nan, Val Acc: 1.00% | LR: 0.001967 | Time: 51.6s
2026-02-17 10:35:25,243 [INFO] Epoch 21/50 | Train Loss: nan, Train Acc: 1.01% | (validation skipped) | LR: 0.001877 | Time: 49.4s
2026-02-17 10:36:14,111 [INFO] Epoch 22/50 | Train Loss: nan, Train Acc: 1.01% | (validation skipped) | LR: 0.001785 | Time: 48.9s
2026-02-17 10:37:03,988 [INFO] Epoch 23/50 | Train Loss: nan, Train Acc: 1.01% | (validation skipped) | LR: 0.001692 | Time: 49.9s
2026-02-17 10:37:52,833 [INFO] Epoch 24/50 | Train Loss: nan, Train Acc: 1.01% | (validation skipped) | LR: 0.001599 | Time: 48.8s
2026-02-17 10:38:45,520 [INFO] Epoch 25/50 | Train Loss: nan, Train Acc: 1.01% | Val Loss: nan, Val Acc: 1.00% | LR: 0.001505 | Time: 52.7s
2026-02-17 10:39:34,450 [INFO] Epoch 26/50 | Train Loss: nan, Train Acc: 1.01% | (validation skipped) | LR: 0.001411 | Time: 48.9s
2026-02-17 10:40:23,738 [INFO] Epoch 27/50 | Train Loss: nan, Train Acc: 1.01% | (validation skipped) | LR: 0.001318 | Time: 49.3s
2026-02-17 10:41:12,694 [INFO] Epoch 28/50 | Train Loss: nan, Train Acc: 1.01% | (validation skipped) | LR: 0.001225 | Time: 49.0s
2026-02-17 10:42:01,397 [INFO] Epoch 29/50 | Train Loss: nan, Train Acc: 1.01% | (validation skipped) | LR: 0.001133 | Time: 48.7s
2026-02-17 10:42:53,906 [INFO] Epoch 30/50 | Train Loss: nan, Train Acc: 1.01% | Val Loss: nan, Val Acc: 1.00% | LR: 0.001043 | Time: 52.5s
2026-02-17 10:43:42,939 [INFO] Epoch 31/50 | Train Loss: nan, Train Acc: 1.01% | (validation skipped) | LR: 0.000955 | Time: 48.7s
2026-02-17 10:44:31,799 [INFO] Epoch 32/50 | Train Loss: nan, Train Acc: 1.01% | (validation skipped) | LR: 0.000868 | Time: 48.9s
2026-02-17 10:45:20,955 [INFO] Epoch 33/50 | Train Loss: nan, Train Acc: 1.01% | (validation skipped) | LR: 0.000785 | Time: 49.2s
2026-02-17 10:46:10,117 [INFO] Epoch 34/50 | Train Loss: nan, Train Acc: 1.01% | (validation skipped) | LR: 0.000704 | Time: 49.2s
2026-02-17 10:47:02,486 [INFO] Epoch 35/50 | Train Loss: nan, Train Acc: 1.01% | Val Loss: nan, Val Acc: 1.00% | LR: 0.000626 | Time: 52.4s
2026-02-17 10:47:51,762 [INFO] Epoch 36/50 | Train Loss: nan, Train Acc: 1.01% | (validation skipped) | LR: 0.000552 | Time: 49.3s
2026-02-17 10:48:40,788 [INFO] Epoch 37/50 | Train Loss: nan, Train Acc: 1.01% | (validation skipped) | LR: 0.000482 | Time: 49.0s
2026-02-17 10:49:29,789 [INFO] Epoch 38/50 | Train Loss: nan, Train Acc: 1.01% | (validation skipped) | LR: 0.000415 | Time: 49.0s
2026-02-17 10:50:19,099 [INFO] Epoch 39/50 | Train Loss: nan, Train Acc: 1.01% | (validation skipped) | LR: 0.000353 | Time: 49.3s
2026-02-17 10:51:11,802 [INFO] Epoch 40/50 | Train Loss: nan, Train Acc: 1.01% | Val Loss: nan, Val Acc: 1.00% | LR: 0.000296 | Time: 52.7s
2026-02-17 10:52:00,519 [INFO] Epoch 41/50 | Train Loss: nan, Train Acc: 1.01% | (validation skipped) | LR: 0.000243 | Time: 48.4s
2026-02-17 10:52:46,145 [INFO] Epoch 42/50 | Train Loss: nan, Train Acc: 1.01% | (validation skipped) | LR: 0.000195 | Time: 45.6s
2026-02-17 10:53:31,937 [INFO] Epoch 43/50 | Train Loss: nan, Train Acc: 1.01% | (validation skipped) | LR: 0.000152 | Time: 45.8s
2026-02-17 10:54:17,417 [INFO] Epoch 44/50 | Train Loss: nan, Train Acc: 1.01% | (validation skipped) | LR: 0.000115 | Time: 45.5s
2026-02-17 10:55:06,416 [INFO] Epoch 45/50 | Train Loss: nan, Train Acc: 1.01% | Val Loss: nan, Val Acc: 1.00% | LR: 0.000083 | Time: 49.0s
2026-02-17 10:55:52,676 [INFO] Epoch 46/50 | Train Loss: nan, Train Acc: 1.01% | (validation skipped) | LR: 0.000057 | Time: 46.3s
2026-02-17 10:56:38,740 [INFO] Epoch 47/50 | Train Loss: nan, Train Acc: 1.02% | (validation skipped) | LR: 0.000036 | Time: 46.1s
2026-02-17 10:57:24,551 [INFO] Epoch 48/50 | Train Loss: nan, Train Acc: 1.01% | (validation skipped) | LR: 0.000022 | Time: 45.8s
2026-02-17 10:58:10,336 [INFO] Epoch 49/50 | Train Loss: nan, Train Acc: 1.01% | (validation skipped) | LR: 0.000013 | Time: 45.8s
2026-02-17 10:58:58,627 [INFO] Epoch 50/50 | Train Loss: nan, Train Acc: 1.01% | Val Loss: nan, Val Acc: 1.00% | LR: 0.000010 | Time: 48.3s
2026-02-17 10:58:58,894 [INFO] Training complete! Best accuracy: 1.00%
2026-02-17 10:58:58,894 [INFO] Outputs saved to: /projects/prjs0771/melle/projects/visionCNN/logs/resnet_medium_nonorm_bs128_lr0.003
2026-02-17 10:58:58,926 [INFO] Gradient stats saved to: /projects/prjs0771/melle/projects/visionCNN/logs/resnet_medium_nonorm_bs128_lr0.003/gradient_stats.csv
