[2026-02-17 10:08:47,656] torch.distributed.run: [WARNING] master_addr is only used for static rdzv_backend and when rdzv_endpoint is not specified.
/projects/prjs0771/melle/envs/pytorch21-cuda121/lib/python3.11/site-packages/torchvision/io/image.py:13: UserWarning: Failed to load image Python extension: '/gpfs/work1/0/prjs0771/melle/envs/pytorch21-cuda121/lib/python3.11/site-packages/torchvision/image.so: undefined symbol: _ZN3c106detail23torchInternalAssertFailEPKcS2_jS2_RKSs'If you don't plan on using image functionality from `torchvision.io`, you can ignore this warning. Otherwise, there might be something wrong with your environment. Did you have `libjpeg` or `libpng` installed before building `torchvision` from source?
  warn(
2026-02-17 10:08:52,234 [INFO] Distributed: DistributedManager(rank=0, local_rank=0, world_size=1, device=cuda:0, is_distributed=True)
2026-02-17 10:08:52,235 [INFO] Config: {'experiment_name': 'resnet_medium_groupnorm_bs16_lr0.001', 'model': {'name': 'resnet_medium', 'num_classes': 100, 'norm_layer': 'groupnorm'}, 'data': {'dataset': 'imagenet100', 'root': '/scratch-nvme/ml-datasets/imagenet/torchvision_ImageFolder', 'img_size': 224, 'backend': 'pytorch', 'num_workers': 16, 'pin_memory': True, 'persistent_workers': True, 'prefetch_factor': 2, 'gpu_transforms': True}, 'training': {'epochs': 50, 'batch_size': 16, 'lr': 0.001, 'min_lr': 1e-05, 'weight_decay': 0.05, 'optimizer': 'adamw', 'scheduler': 'cosine', 'label_smoothing': 0.1, 'use_amp': True, 'channels_last': True, 'seed': 42, 'val_frequency': 5, 'save_frequency': 10, 'disable_progress_bar': True, 'log_gradients': True, 'grad_log_freq': 50}, 'logging': {'log_dir': 'logs'}, 'wandb': {'enabled': True, 'project': 'norm-comparison-extended', 'tags': ['norm-experiment-extended', 'imagenet100']}}
2026-02-17 10:08:52,235 [INFO] Run directory: /projects/prjs0771/melle/projects/visionCNN/logs/resnet_medium_groupnorm_bs16_lr0.001
2026-02-17 10:08:52,235 [INFO] Set random seed: 42 (rank offset applied)
2026-02-17 10:08:52,235 [INFO] Using device: cuda:0
2026-02-17 10:08:52,235 [INFO] World size: 1
2026-02-17 10:08:52,467 [INFO] Model: resnet_medium, Parameters: 21,335,972
2026-02-17 10:08:52,501 [INFO] Using channels-last (NHWC) memory format
2026-02-17 10:08:52,550 [INFO] Mixed precision training: True
2026-02-17 10:09:10,853 [INFO] Using GPU-accelerated transforms to reduce CPU bottleneck
2026-02-17 10:09:10,853 [INFO] Train samples: 128135, Val samples: 5000
2026-02-17 10:09:10,853 [INFO] Effective batch size: 16 (16 x 1 GPUs)
2026-02-17 10:09:10,853 [INFO] Starting training for 50 epochs...
2026-02-17 10:09:10,853 [INFO] Gradient flow logging enabled (every 50 steps)
2026-02-17 10:12:18,058 [INFO] Epoch 1/50 | Train Loss: 4.4977, Train Acc: 2.60% | (validation skipped) | LR: 0.000999 | Time: 187.2s
2026-02-17 10:15:23,523 [INFO] Epoch 2/50 | Train Loss: 4.0795, Train Acc: 9.56% | (validation skipped) | LR: 0.000996 | Time: 185.5s
2026-02-17 10:18:29,737 [INFO] Epoch 3/50 | Train Loss: 3.4350, Train Acc: 23.87% | (validation skipped) | LR: 0.000991 | Time: 186.2s
2026-02-17 10:21:37,548 [INFO] Epoch 4/50 | Train Loss: 3.0558, Train Acc: 33.63% | (validation skipped) | LR: 0.000984 | Time: 187.8s
2026-02-17 10:24:48,059 [INFO] Epoch 5/50 | Train Loss: 2.8314, Train Acc: 39.81% | Val Loss: 2.5177, Val Acc: 47.98% | LR: 0.000976 | Time: 190.5s
2026-02-17 10:24:48,401 [INFO] New best accuracy: 47.98%
2026-02-17 10:27:55,813 [INFO] Epoch 6/50 | Train Loss: 2.6832, Train Acc: 43.82% | (validation skipped) | LR: 0.000965 | Time: 187.4s
2026-02-17 10:31:03,136 [INFO] Epoch 7/50 | Train Loss: 2.5868, Train Acc: 46.41% | (validation skipped) | LR: 0.000953 | Time: 187.3s
2026-02-17 10:34:10,903 [INFO] Epoch 8/50 | Train Loss: 2.5097, Train Acc: 48.65% | (validation skipped) | LR: 0.000939 | Time: 187.8s
2026-02-17 10:37:18,427 [INFO] Epoch 9/50 | Train Loss: 2.4560, Train Acc: 50.11% | (validation skipped) | LR: 0.000923 | Time: 187.5s
2026-02-17 10:40:28,512 [INFO] Epoch 10/50 | Train Loss: 2.4094, Train Acc: 51.50% | Val Loss: 2.1842, Val Acc: 57.28% | LR: 0.000905 | Time: 190.1s
2026-02-17 10:40:28,830 [INFO] New best accuracy: 57.28%
2026-02-17 10:43:36,748 [INFO] Epoch 11/50 | Train Loss: 2.3729, Train Acc: 52.60% | (validation skipped) | LR: 0.000886 | Time: 187.5s
2026-02-17 10:46:44,365 [INFO] Epoch 12/50 | Train Loss: 2.3358, Train Acc: 53.62% | (validation skipped) | LR: 0.000866 | Time: 187.6s
2026-02-17 10:49:51,814 [INFO] Epoch 13/50 | Train Loss: 2.3105, Train Acc: 54.33% | (validation skipped) | LR: 0.000844 | Time: 187.4s
2026-02-17 10:52:59,607 [INFO] Epoch 14/50 | Train Loss: 2.2780, Train Acc: 55.30% | (validation skipped) | LR: 0.000821 | Time: 187.8s
2026-02-17 10:56:09,806 [INFO] Epoch 15/50 | Train Loss: 2.2511, Train Acc: 56.06% | Val Loss: 1.9824, Val Acc: 63.84% | LR: 0.000796 | Time: 190.2s
2026-02-17 10:56:10,135 [INFO] New best accuracy: 63.84%
2026-02-17 10:59:17,224 [INFO] Epoch 16/50 | Train Loss: 2.2278, Train Acc: 56.62% | (validation skipped) | LR: 0.000770 | Time: 187.1s
2026-02-17 11:02:23,527 [INFO] Epoch 17/50 | Train Loss: 2.2053, Train Acc: 57.41% | (validation skipped) | LR: 0.000743 | Time: 186.3s
2026-02-17 11:05:29,285 [INFO] Epoch 18/50 | Train Loss: 2.1793, Train Acc: 58.09% | (validation skipped) | LR: 0.000716 | Time: 185.8s
2026-02-17 11:08:34,924 [INFO] Epoch 19/50 | Train Loss: 2.1588, Train Acc: 58.70% | (validation skipped) | LR: 0.000687 | Time: 185.6s
2026-02-17 11:11:43,419 [INFO] Epoch 20/50 | Train Loss: 2.1366, Train Acc: 59.35% | Val Loss: 1.8655, Val Acc: 67.04% | LR: 0.000658 | Time: 188.5s
2026-02-17 11:11:43,743 [INFO] New best accuracy: 67.04%
2026-02-17 11:14:49,914 [INFO] Epoch 21/50 | Train Loss: 2.1139, Train Acc: 60.00% | (validation skipped) | LR: 0.000628 | Time: 185.9s
2026-02-17 11:17:56,043 [INFO] Epoch 22/50 | Train Loss: 2.0895, Train Acc: 60.84% | (validation skipped) | LR: 0.000598 | Time: 186.1s
2026-02-17 11:21:02,158 [INFO] Epoch 23/50 | Train Loss: 2.0643, Train Acc: 61.57% | (validation skipped) | LR: 0.000567 | Time: 186.1s
2026-02-17 11:24:08,071 [INFO] Epoch 24/50 | Train Loss: 2.0370, Train Acc: 62.27% | (validation skipped) | LR: 0.000536 | Time: 185.9s
2026-02-17 11:27:16,424 [INFO] Epoch 25/50 | Train Loss: 2.0127, Train Acc: 63.00% | Val Loss: 1.7842, Val Acc: 69.50% | LR: 0.000505 | Time: 188.3s
2026-02-17 11:27:16,699 [INFO] New best accuracy: 69.50%
2026-02-17 11:30:22,130 [INFO] Epoch 26/50 | Train Loss: 1.9816, Train Acc: 63.86% | (validation skipped) | LR: 0.000474 | Time: 185.4s
2026-02-17 11:33:28,093 [INFO] Epoch 27/50 | Train Loss: 1.9492, Train Acc: 64.83% | (validation skipped) | LR: 0.000443 | Time: 185.9s
2026-02-17 11:36:34,251 [INFO] Epoch 28/50 | Train Loss: 1.9228, Train Acc: 65.49% | (validation skipped) | LR: 0.000412 | Time: 186.1s
2026-02-17 11:39:40,337 [INFO] Epoch 29/50 | Train Loss: 1.9028, Train Acc: 66.02% | (validation skipped) | LR: 0.000382 | Time: 186.1s
2026-02-17 11:42:48,511 [INFO] Epoch 30/50 | Train Loss: 1.8601, Train Acc: 67.45% | Val Loss: 1.6781, Val Acc: 72.94% | LR: 0.000352 | Time: 188.1s
2026-02-17 11:42:48,828 [INFO] New best accuracy: 72.94%
2026-02-17 11:45:54,258 [INFO] Epoch 31/50 | Train Loss: 1.8248, Train Acc: 68.47% | (validation skipped) | LR: 0.000323 | Time: 185.1s
2026-02-17 11:48:59,361 [INFO] Epoch 32/50 | Train Loss: 1.7910, Train Acc: 69.42% | (validation skipped) | LR: 0.000294 | Time: 185.1s
2026-02-17 11:52:04,508 [INFO] Epoch 33/50 | Train Loss: 1.7593, Train Acc: 70.37% | (validation skipped) | LR: 0.000267 | Time: 185.1s
2026-02-17 11:55:10,048 [INFO] Epoch 34/50 | Train Loss: 1.7280, Train Acc: 71.17% | (validation skipped) | LR: 0.000240 | Time: 185.5s
2026-02-17 11:58:19,948 [INFO] Epoch 35/50 | Train Loss: 1.6841, Train Acc: 72.52% | Val Loss: 1.5516, Val Acc: 75.90% | LR: 0.000214 | Time: 189.8s
2026-02-17 11:58:20,243 [INFO] New best accuracy: 75.90%
2026-02-17 12:01:25,049 [INFO] Epoch 36/50 | Train Loss: 1.6494, Train Acc: 73.54% | (validation skipped) | LR: 0.000189 | Time: 184.8s
2026-02-17 12:04:30,200 [INFO] Epoch 37/50 | Train Loss: 1.6124, Train Acc: 74.74% | (validation skipped) | LR: 0.000166 | Time: 185.1s
2026-02-17 12:07:35,658 [INFO] Epoch 38/50 | Train Loss: 1.5720, Train Acc: 75.89% | (validation skipped) | LR: 0.000144 | Time: 185.4s
2026-02-17 12:10:41,266 [INFO] Epoch 39/50 | Train Loss: 1.5349, Train Acc: 76.98% | (validation skipped) | LR: 0.000124 | Time: 185.6s
2026-02-17 12:13:49,003 [INFO] Epoch 40/50 | Train Loss: 1.4945, Train Acc: 78.24% | Val Loss: 1.3837, Val Acc: 81.50% | LR: 0.000105 | Time: 187.7s
2026-02-17 12:13:49,282 [INFO] New best accuracy: 81.50%
2026-02-17 12:16:54,680 [INFO] Epoch 41/50 | Train Loss: 1.4584, Train Acc: 79.40% | (validation skipped) | LR: 0.000087 | Time: 185.1s
2026-02-17 12:19:59,946 [INFO] Epoch 42/50 | Train Loss: 1.4211, Train Acc: 80.41% | (validation skipped) | LR: 0.000071 | Time: 185.2s
2026-02-17 12:23:04,375 [INFO] Epoch 43/50 | Train Loss: 1.3810, Train Acc: 81.61% | (validation skipped) | LR: 0.000057 | Time: 184.4s
2026-02-17 12:26:08,641 [INFO] Epoch 44/50 | Train Loss: 1.3495, Train Acc: 82.65% | (validation skipped) | LR: 0.000045 | Time: 184.3s
2026-02-17 12:29:15,767 [INFO] Epoch 45/50 | Train Loss: 1.3236, Train Acc: 83.47% | Val Loss: 1.3001, Val Acc: 83.94% | LR: 0.000034 | Time: 187.1s
2026-02-17 12:29:16,055 [INFO] New best accuracy: 83.94%
2026-02-17 12:32:20,906 [INFO] Epoch 46/50 | Train Loss: 1.2937, Train Acc: 84.42% | (validation skipped) | LR: 0.000026 | Time: 184.9s
2026-02-17 12:35:25,889 [INFO] Epoch 47/50 | Train Loss: 1.2725, Train Acc: 85.10% | (validation skipped) | LR: 0.000019 | Time: 185.0s
2026-02-17 12:38:31,403 [INFO] Epoch 48/50 | Train Loss: 1.2563, Train Acc: 85.65% | (validation skipped) | LR: 0.000014 | Time: 185.5s
2026-02-17 12:41:36,707 [INFO] Epoch 49/50 | Train Loss: 1.2423, Train Acc: 86.15% | (validation skipped) | LR: 0.000011 | Time: 185.3s
2026-02-17 12:44:44,756 [INFO] Epoch 50/50 | Train Loss: 1.2322, Train Acc: 86.44% | Val Loss: 1.2537, Val Acc: 85.12% | LR: 0.000010 | Time: 188.0s
2026-02-17 12:44:45,035 [INFO] New best accuracy: 85.12%
2026-02-17 12:44:45,308 [INFO] Training complete! Best accuracy: 85.12%
2026-02-17 12:44:45,308 [INFO] Outputs saved to: /projects/prjs0771/melle/projects/visionCNN/logs/resnet_medium_groupnorm_bs16_lr0.001
2026-02-17 12:44:46,367 [INFO] Gradient stats saved to: /projects/prjs0771/melle/projects/visionCNN/logs/resnet_medium_groupnorm_bs16_lr0.001/gradient_stats.csv
