[2026-02-17 10:16:57,022] torch.distributed.run: [WARNING] master_addr is only used for static rdzv_backend and when rdzv_endpoint is not specified.
/projects/prjs0771/melle/envs/pytorch21-cuda121/lib/python3.11/site-packages/torchvision/io/image.py:13: UserWarning: Failed to load image Python extension: '/gpfs/work1/0/prjs0771/melle/envs/pytorch21-cuda121/lib/python3.11/site-packages/torchvision/image.so: undefined symbol: _ZN3c106detail23torchInternalAssertFailEPKcS2_jS2_RKSs'If you don't plan on using image functionality from `torchvision.io`, you can ignore this warning. Otherwise, there might be something wrong with your environment. Did you have `libjpeg` or `libpng` installed before building `torchvision` from source?
  warn(
2026-02-17 10:17:01,692 [INFO] Distributed: DistributedManager(rank=0, local_rank=0, world_size=1, device=cuda:0, is_distributed=True)
2026-02-17 10:17:01,692 [INFO] Config: {'experiment_name': 'convnext_medium_groupnorm_bs128_lr0.0003', 'model': {'name': 'convnext_medium', 'num_classes': 100, 'norm_layer': 'groupnorm'}, 'data': {'dataset': 'imagenet100', 'root': '/scratch-nvme/ml-datasets/imagenet/torchvision_ImageFolder', 'img_size': 224, 'backend': 'pytorch', 'num_workers': 16, 'pin_memory': True, 'persistent_workers': True, 'prefetch_factor': 2, 'gpu_transforms': True}, 'training': {'epochs': 50, 'batch_size': 128, 'lr': 0.0003, 'min_lr': 1e-05, 'weight_decay': 0.05, 'optimizer': 'adamw', 'scheduler': 'cosine', 'label_smoothing': 0.1, 'use_amp': True, 'channels_last': True, 'seed': 42, 'val_frequency': 5, 'save_frequency': 10, 'disable_progress_bar': True, 'log_gradients': True, 'grad_log_freq': 50}, 'logging': {'log_dir': 'logs'}, 'wandb': {'enabled': True, 'project': 'norm-comparison-extended', 'tags': ['norm-experiment-extended', 'imagenet100']}}
2026-02-17 10:17:01,692 [INFO] Run directory: /projects/prjs0771/melle/projects/visionCNN/logs/convnext_medium_groupnorm_bs128_lr0.0003
2026-02-17 10:17:01,693 [INFO] Set random seed: 42 (rank offset applied)
2026-02-17 10:17:01,693 [INFO] Using device: cuda:0
2026-02-17 10:17:01,693 [INFO] World size: 1
2026-02-17 10:17:03,106 [INFO] Model: convnext_medium, Parameters: 19,173,700
2026-02-17 10:17:03,111 [INFO] Using channels-last (NHWC) memory format
2026-02-17 10:17:03,155 [INFO] Mixed precision training: True
2026-02-17 10:17:56,075 [INFO] Using GPU-accelerated transforms to reduce CPU bottleneck
2026-02-17 10:17:56,075 [INFO] Train samples: 128135, Val samples: 5000
2026-02-17 10:17:56,075 [INFO] Effective batch size: 128 (128 x 1 GPUs)
2026-02-17 10:17:56,076 [INFO] Starting training for 50 epochs...
2026-02-17 10:17:56,076 [INFO] Gradient flow logging enabled (every 50 steps)
2026-02-17 10:20:59,547 [INFO] Epoch 1/50 | Train Loss: 3.9168, Train Acc: 14.18% | (validation skipped) | LR: 0.000300 | Time: 183.5s
2026-02-17 10:23:55,033 [INFO] Epoch 2/50 | Train Loss: 3.2319, Train Acc: 30.26% | (validation skipped) | LR: 0.000299 | Time: 175.5s
2026-02-17 10:26:50,398 [INFO] Epoch 3/50 | Train Loss: 2.8686, Train Acc: 39.91% | (validation skipped) | LR: 0.000297 | Time: 175.4s
2026-02-17 10:29:45,856 [INFO] Epoch 4/50 | Train Loss: 2.6318, Train Acc: 46.52% | (validation skipped) | LR: 0.000295 | Time: 175.5s
2026-02-17 10:32:46,046 [INFO] Epoch 5/50 | Train Loss: 2.4481, Train Acc: 51.60% | Val Loss: 2.1286, Val Acc: 60.22% | LR: 0.000293 | Time: 180.1s
2026-02-17 10:32:46,376 [INFO] New best accuracy: 60.22%
2026-02-17 10:35:41,899 [INFO] Epoch 6/50 | Train Loss: 2.3058, Train Acc: 55.88% | (validation skipped) | LR: 0.000290 | Time: 175.5s
2026-02-17 10:38:37,571 [INFO] Epoch 7/50 | Train Loss: 2.1929, Train Acc: 59.23% | (validation skipped) | LR: 0.000286 | Time: 175.7s
2026-02-17 10:41:33,031 [INFO] Epoch 8/50 | Train Loss: 2.0926, Train Acc: 62.07% | (validation skipped) | LR: 0.000282 | Time: 175.5s
2026-02-17 10:44:28,519 [INFO] Epoch 9/50 | Train Loss: 2.0159, Train Acc: 64.24% | (validation skipped) | LR: 0.000277 | Time: 175.5s
2026-02-17 10:47:27,891 [INFO] Epoch 10/50 | Train Loss: 1.9475, Train Acc: 66.40% | Val Loss: 1.7858, Val Acc: 71.16% | LR: 0.000272 | Time: 179.4s
2026-02-17 10:47:28,155 [INFO] New best accuracy: 71.16%
2026-02-17 10:50:23,776 [INFO] Epoch 11/50 | Train Loss: 1.8819, Train Acc: 68.30% | (validation skipped) | LR: 0.000267 | Time: 175.4s
2026-02-17 10:53:19,294 [INFO] Epoch 12/50 | Train Loss: 1.8332, Train Acc: 69.81% | (validation skipped) | LR: 0.000261 | Time: 175.5s
2026-02-17 10:56:14,755 [INFO] Epoch 13/50 | Train Loss: 1.7796, Train Acc: 71.41% | (validation skipped) | LR: 0.000254 | Time: 175.5s
2026-02-17 10:59:10,271 [INFO] Epoch 14/50 | Train Loss: 1.7308, Train Acc: 72.90% | (validation skipped) | LR: 0.000247 | Time: 175.5s
2026-02-17 11:02:09,533 [INFO] Epoch 15/50 | Train Loss: 1.6900, Train Acc: 74.11% | Val Loss: 1.6184, Val Acc: 76.22% | LR: 0.000240 | Time: 179.3s
2026-02-17 11:02:09,779 [INFO] New best accuracy: 76.22%
2026-02-17 11:05:05,131 [INFO] Epoch 16/50 | Train Loss: 1.6589, Train Acc: 75.10% | (validation skipped) | LR: 0.000233 | Time: 175.4s
2026-02-17 11:08:00,829 [INFO] Epoch 17/50 | Train Loss: 1.6229, Train Acc: 76.23% | (validation skipped) | LR: 0.000225 | Time: 175.7s
2026-02-17 11:10:56,242 [INFO] Epoch 18/50 | Train Loss: 1.5843, Train Acc: 77.52% | (validation skipped) | LR: 0.000217 | Time: 175.4s
2026-02-17 11:13:51,972 [INFO] Epoch 19/50 | Train Loss: 1.5491, Train Acc: 78.54% | (validation skipped) | LR: 0.000208 | Time: 175.7s
2026-02-17 11:16:51,487 [INFO] Epoch 20/50 | Train Loss: 1.5247, Train Acc: 79.31% | Val Loss: 1.5232, Val Acc: 79.12% | LR: 0.000200 | Time: 179.5s
2026-02-17 11:16:51,746 [INFO] New best accuracy: 79.12%
2026-02-17 11:19:47,636 [INFO] Epoch 21/50 | Train Loss: 1.4906, Train Acc: 80.35% | (validation skipped) | LR: 0.000191 | Time: 175.6s
2026-02-17 11:22:43,164 [INFO] Epoch 22/50 | Train Loss: 1.4683, Train Acc: 80.99% | (validation skipped) | LR: 0.000182 | Time: 175.5s
2026-02-17 11:25:38,550 [INFO] Epoch 23/50 | Train Loss: 1.4382, Train Acc: 81.97% | (validation skipped) | LR: 0.000173 | Time: 175.4s
2026-02-17 11:28:34,263 [INFO] Epoch 24/50 | Train Loss: 1.4183, Train Acc: 82.62% | (validation skipped) | LR: 0.000164 | Time: 175.7s
2026-02-17 11:31:33,693 [INFO] Epoch 25/50 | Train Loss: 1.3930, Train Acc: 83.48% | Val Loss: 1.4654, Val Acc: 79.82% | LR: 0.000155 | Time: 179.4s
2026-02-17 11:31:33,987 [INFO] New best accuracy: 79.82%
2026-02-17 11:34:29,466 [INFO] Epoch 26/50 | Train Loss: 1.3772, Train Acc: 83.93% | (validation skipped) | LR: 0.000146 | Time: 175.5s
2026-02-17 11:37:25,181 [INFO] Epoch 27/50 | Train Loss: 1.3533, Train Acc: 84.67% | (validation skipped) | LR: 0.000137 | Time: 175.7s
2026-02-17 11:40:20,801 [INFO] Epoch 28/50 | Train Loss: 1.3332, Train Acc: 85.31% | (validation skipped) | LR: 0.000128 | Time: 175.6s
2026-02-17 11:43:16,371 [INFO] Epoch 29/50 | Train Loss: 1.3224, Train Acc: 85.57% | (validation skipped) | LR: 0.000119 | Time: 175.5s
2026-02-17 11:46:15,658 [INFO] Epoch 30/50 | Train Loss: 1.3002, Train Acc: 86.34% | Val Loss: 1.4371, Val Acc: 81.46% | LR: 0.000110 | Time: 179.3s
2026-02-17 11:46:15,904 [INFO] New best accuracy: 81.46%
2026-02-17 11:49:11,642 [INFO] Epoch 31/50 | Train Loss: 1.2862, Train Acc: 86.78% | (validation skipped) | LR: 0.000102 | Time: 175.5s
2026-02-17 11:52:07,302 [INFO] Epoch 32/50 | Train Loss: 1.2705, Train Acc: 87.23% | (validation skipped) | LR: 0.000093 | Time: 175.6s
2026-02-17 11:55:02,944 [INFO] Epoch 33/50 | Train Loss: 1.2562, Train Acc: 87.76% | (validation skipped) | LR: 0.000085 | Time: 175.6s
2026-02-17 11:57:58,474 [INFO] Epoch 34/50 | Train Loss: 1.2436, Train Acc: 88.13% | (validation skipped) | LR: 0.000077 | Time: 175.5s
2026-02-17 12:00:57,862 [INFO] Epoch 35/50 | Train Loss: 1.2280, Train Acc: 88.51% | Val Loss: 1.4081, Val Acc: 82.28% | LR: 0.000070 | Time: 179.4s
2026-02-17 12:00:58,131 [INFO] New best accuracy: 82.28%
2026-02-17 12:03:53,477 [INFO] Epoch 36/50 | Train Loss: 1.2163, Train Acc: 88.94% | (validation skipped) | LR: 0.000063 | Time: 175.3s
2026-02-17 12:06:48,868 [INFO] Epoch 37/50 | Train Loss: 1.2037, Train Acc: 89.26% | (validation skipped) | LR: 0.000056 | Time: 175.4s
2026-02-17 12:09:44,471 [INFO] Epoch 38/50 | Train Loss: 1.1975, Train Acc: 89.47% | (validation skipped) | LR: 0.000049 | Time: 175.6s
2026-02-17 12:12:39,934 [INFO] Epoch 39/50 | Train Loss: 1.1910, Train Acc: 89.72% | (validation skipped) | LR: 0.000043 | Time: 175.4s
2026-02-17 12:15:39,201 [INFO] Epoch 40/50 | Train Loss: 1.1779, Train Acc: 90.08% | Val Loss: 1.3903, Val Acc: 83.22% | LR: 0.000038 | Time: 179.2s
2026-02-17 12:15:39,478 [INFO] New best accuracy: 83.22%
[2026-02-17T12:17:03.009] error: *** JOB 19572529 ON gcn21 CANCELLED AT 2026-02-17T12:17:03 DUE TO TIME LIMIT ***
srun: Job step aborted: Waiting up to 32 seconds for job step to finish.
[2026-02-17T12:17:03.010] error: *** STEP 19572529.0 ON gcn21 CANCELLED AT 2026-02-17T12:17:03 DUE TO TIME LIMIT ***
[2026-02-17 12:17:03,011] torch.distributed.elastic.agent.server.api: [WARNING] Received 15 death signal, shutting down workers
[2026-02-17 12:17:03,012] torch.distributed.elastic.multiprocessing.api: [WARNING] Sending process 3131805 closing signal SIGTERM
[2026-02-17 12:17:03,013] torch.distributed.elastic.multiprocessing.api: [WARNING] Sending process 3131805 closing signal SIGTERM
