[2026-02-17 10:09:14,849] torch.distributed.run: [WARNING] master_addr is only used for static rdzv_backend and when rdzv_endpoint is not specified.
/projects/prjs0771/melle/envs/pytorch21-cuda121/lib/python3.11/site-packages/torchvision/io/image.py:13: UserWarning: Failed to load image Python extension: '/gpfs/work1/0/prjs0771/melle/envs/pytorch21-cuda121/lib/python3.11/site-packages/torchvision/image.so: undefined symbol: _ZN3c106detail23torchInternalAssertFailEPKcS2_jS2_RKSs'If you don't plan on using image functionality from `torchvision.io`, you can ignore this warning. Otherwise, there might be something wrong with your environment. Did you have `libjpeg` or `libpng` installed before building `torchvision` from source?
  warn(
2026-02-17 10:09:19,679 [INFO] Distributed: DistributedManager(rank=0, local_rank=0, world_size=1, device=cuda:0, is_distributed=True)
2026-02-17 10:09:19,679 [INFO] Config: {'experiment_name': 'convnext_medium_nonorm_bs512_lr0.001', 'model': {'name': 'convnext_medium', 'num_classes': 100, 'norm_layer': 'nonorm'}, 'data': {'dataset': 'imagenet100', 'root': '/scratch-nvme/ml-datasets/imagenet/torchvision_ImageFolder', 'img_size': 224, 'backend': 'pytorch', 'num_workers': 16, 'pin_memory': True, 'persistent_workers': True, 'prefetch_factor': 2, 'gpu_transforms': True}, 'training': {'epochs': 50, 'batch_size': 512, 'lr': 0.001, 'min_lr': 1e-05, 'weight_decay': 0.05, 'optimizer': 'adamw', 'scheduler': 'cosine', 'label_smoothing': 0.1, 'use_amp': True, 'channels_last': True, 'seed': 42, 'val_frequency': 5, 'save_frequency': 10, 'disable_progress_bar': True, 'log_gradients': True, 'grad_log_freq': 50}, 'logging': {'log_dir': 'logs'}, 'wandb': {'enabled': True, 'project': 'norm-comparison-extended', 'tags': ['norm-experiment-extended', 'imagenet100']}}
2026-02-17 10:09:19,679 [INFO] Run directory: /projects/prjs0771/melle/projects/visionCNN/logs/convnext_medium_nonorm_bs512_lr0.001
2026-02-17 10:09:19,679 [INFO] Set random seed: 42 (rank offset applied)
2026-02-17 10:09:19,679 [INFO] Using device: cuda:0
2026-02-17 10:09:19,679 [INFO] World size: 1
2026-02-17 10:09:21,089 [INFO] Model: convnext_medium, Parameters: 19,161,796
2026-02-17 10:09:21,093 [INFO] Using channels-last (NHWC) memory format
2026-02-17 10:09:21,120 [INFO] Mixed precision training: True
2026-02-17 10:09:36,680 [INFO] Using GPU-accelerated transforms to reduce CPU bottleneck
2026-02-17 10:09:36,680 [INFO] Train samples: 128135, Val samples: 5000
2026-02-17 10:09:36,681 [INFO] Effective batch size: 512 (512 x 1 GPUs)
2026-02-17 10:09:36,681 [INFO] Starting training for 50 epochs...
2026-02-17 10:09:36,681 [INFO] Gradient flow logging enabled (every 50 steps)
2026-02-17 10:12:15,049 [INFO] Epoch 1/50 | Train Loss: 4.3238, Train Acc: 6.31% | (validation skipped) | LR: 0.000999 | Time: 158.4s
2026-02-17 10:14:28,049 [INFO] Epoch 2/50 | Train Loss: 4.0307, Train Acc: 12.35% | (validation skipped) | LR: 0.000996 | Time: 133.0s
2026-02-17 10:16:41,954 [INFO] Epoch 3/50 | Train Loss: 3.7586, Train Acc: 18.13% | (validation skipped) | LR: 0.000991 | Time: 133.9s
2026-02-17 10:18:55,271 [INFO] Epoch 4/50 | Train Loss: 3.5893, Train Acc: 21.82% | (validation skipped) | LR: 0.000984 | Time: 133.3s
2026-02-17 10:21:16,921 [INFO] Epoch 5/50 | Train Loss: 3.4591, Train Acc: 24.99% | Val Loss: 3.1736, Val Acc: 30.96% | LR: 0.000976 | Time: 141.6s
2026-02-17 10:21:17,163 [INFO] New best accuracy: 30.96%
2026-02-17 10:23:30,557 [INFO] Epoch 6/50 | Train Loss: 3.3609, Train Acc: 27.36% | (validation skipped) | LR: 0.000965 | Time: 133.4s
2026-02-17 10:25:44,195 [INFO] Epoch 7/50 | Train Loss: 3.2648, Train Acc: 29.91% | (validation skipped) | LR: 0.000953 | Time: 133.6s
2026-02-17 10:27:57,580 [INFO] Epoch 8/50 | Train Loss: 3.1729, Train Acc: 32.16% | (validation skipped) | LR: 0.000939 | Time: 133.4s
2026-02-17 10:30:10,284 [INFO] Epoch 9/50 | Train Loss: 3.0933, Train Acc: 34.09% | (validation skipped) | LR: 0.000923 | Time: 132.7s
2026-02-17 10:32:29,132 [INFO] Epoch 10/50 | Train Loss: nan, Train Acc: 24.04% | Val Loss: nan, Val Acc: 0.92% | LR: 0.000905 | Time: 138.8s
2026-02-17 10:34:43,147 [INFO] Epoch 11/50 | Train Loss: nan, Train Acc: 1.21% | (validation skipped) | LR: 0.000886 | Time: 133.7s
2026-02-17 10:36:56,360 [INFO] Epoch 12/50 | Train Loss: nan, Train Acc: 1.21% | (validation skipped) | LR: 0.000866 | Time: 133.2s
2026-02-17 10:39:09,467 [INFO] Epoch 13/50 | Train Loss: nan, Train Acc: 1.19% | (validation skipped) | LR: 0.000844 | Time: 133.1s
2026-02-17 10:41:22,010 [INFO] Epoch 14/50 | Train Loss: nan, Train Acc: 1.19% | (validation skipped) | LR: 0.000821 | Time: 132.5s
2026-02-17 10:43:40,954 [INFO] Epoch 15/50 | Train Loss: nan, Train Acc: 1.20% | Val Loss: nan, Val Acc: 0.92% | LR: 0.000796 | Time: 138.9s
2026-02-17 10:45:53,590 [INFO] Epoch 16/50 | Train Loss: nan, Train Acc: 1.24% | (validation skipped) | LR: 0.000770 | Time: 132.6s
2026-02-17 10:48:07,337 [INFO] Epoch 17/50 | Train Loss: nan, Train Acc: 1.18% | (validation skipped) | LR: 0.000743 | Time: 133.7s
2026-02-17 10:50:19,992 [INFO] Epoch 18/50 | Train Loss: nan, Train Acc: 1.15% | (validation skipped) | LR: 0.000716 | Time: 132.7s
2026-02-17 10:52:33,545 [INFO] Epoch 19/50 | Train Loss: nan, Train Acc: 1.15% | (validation skipped) | LR: 0.000687 | Time: 133.6s
2026-02-17 10:54:52,573 [INFO] Epoch 20/50 | Train Loss: nan, Train Acc: 1.20% | Val Loss: nan, Val Acc: 0.92% | LR: 0.000658 | Time: 139.0s
2026-02-17 10:57:05,543 [INFO] Epoch 21/50 | Train Loss: nan, Train Acc: 1.15% | (validation skipped) | LR: 0.000628 | Time: 132.7s
2026-02-17 10:59:19,114 [INFO] Epoch 22/50 | Train Loss: nan, Train Acc: 1.18% | (validation skipped) | LR: 0.000598 | Time: 133.5s
2026-02-17 11:01:31,895 [INFO] Epoch 23/50 | Train Loss: nan, Train Acc: 1.20% | (validation skipped) | LR: 0.000567 | Time: 132.8s
2026-02-17 11:03:45,262 [INFO] Epoch 24/50 | Train Loss: nan, Train Acc: 1.18% | (validation skipped) | LR: 0.000536 | Time: 133.4s
2026-02-17 11:06:04,143 [INFO] Epoch 25/50 | Train Loss: nan, Train Acc: 1.16% | Val Loss: nan, Val Acc: 0.92% | LR: 0.000505 | Time: 138.9s
2026-02-17 11:08:17,334 [INFO] Epoch 26/50 | Train Loss: nan, Train Acc: 1.20% | (validation skipped) | LR: 0.000474 | Time: 133.2s
2026-02-17 11:10:31,016 [INFO] Epoch 27/50 | Train Loss: nan, Train Acc: 1.17% | (validation skipped) | LR: 0.000443 | Time: 133.7s
2026-02-17 11:12:44,714 [INFO] Epoch 28/50 | Train Loss: nan, Train Acc: 1.21% | (validation skipped) | LR: 0.000412 | Time: 133.7s
2026-02-17 11:14:58,158 [INFO] Epoch 29/50 | Train Loss: nan, Train Acc: 1.15% | (validation skipped) | LR: 0.000382 | Time: 133.4s
2026-02-17 11:17:16,747 [INFO] Epoch 30/50 | Train Loss: nan, Train Acc: 1.24% | Val Loss: nan, Val Acc: 0.92% | LR: 0.000352 | Time: 138.5s
2026-02-17 11:19:30,179 [INFO] Epoch 31/50 | Train Loss: nan, Train Acc: 1.19% | (validation skipped) | LR: 0.000323 | Time: 133.2s
2026-02-17 11:21:43,448 [INFO] Epoch 32/50 | Train Loss: nan, Train Acc: 1.18% | (validation skipped) | LR: 0.000294 | Time: 133.3s
2026-02-17 11:23:57,144 [INFO] Epoch 33/50 | Train Loss: nan, Train Acc: 1.17% | (validation skipped) | LR: 0.000267 | Time: 133.7s
2026-02-17 11:26:11,017 [INFO] Epoch 34/50 | Train Loss: nan, Train Acc: 1.23% | (validation skipped) | LR: 0.000240 | Time: 133.9s
2026-02-17 11:28:29,724 [INFO] Epoch 35/50 | Train Loss: nan, Train Acc: 1.20% | Val Loss: nan, Val Acc: 0.92% | LR: 0.000214 | Time: 138.7s
2026-02-17 11:30:42,501 [INFO] Epoch 36/50 | Train Loss: nan, Train Acc: 1.21% | (validation skipped) | LR: 0.000189 | Time: 132.8s
2026-02-17 11:32:55,036 [INFO] Epoch 37/50 | Train Loss: nan, Train Acc: 1.17% | (validation skipped) | LR: 0.000166 | Time: 132.5s
2026-02-17 11:35:08,796 [INFO] Epoch 38/50 | Train Loss: nan, Train Acc: 1.20% | (validation skipped) | LR: 0.000144 | Time: 133.7s
2026-02-17 11:37:21,753 [INFO] Epoch 39/50 | Train Loss: nan, Train Acc: 1.18% | (validation skipped) | LR: 0.000124 | Time: 132.9s
2026-02-17 11:39:40,886 [INFO] Epoch 40/50 | Train Loss: nan, Train Acc: 1.18% | Val Loss: nan, Val Acc: 0.92% | LR: 0.000105 | Time: 139.1s
2026-02-17 11:41:54,278 [INFO] Epoch 41/50 | Train Loss: nan, Train Acc: 1.19% | (validation skipped) | LR: 0.000087 | Time: 133.1s
2026-02-17 11:44:07,364 [INFO] Epoch 42/50 | Train Loss: nan, Train Acc: 1.22% | (validation skipped) | LR: 0.000071 | Time: 133.1s
2026-02-17 11:46:20,833 [INFO] Epoch 43/50 | Train Loss: nan, Train Acc: 1.20% | (validation skipped) | LR: 0.000057 | Time: 133.5s
2026-02-17 11:48:34,431 [INFO] Epoch 44/50 | Train Loss: nan, Train Acc: 1.18% | (validation skipped) | LR: 0.000045 | Time: 133.6s
2026-02-17 11:50:53,099 [INFO] Epoch 45/50 | Train Loss: nan, Train Acc: 1.22% | Val Loss: nan, Val Acc: 0.92% | LR: 0.000034 | Time: 138.6s
2026-02-17 11:53:05,811 [INFO] Epoch 46/50 | Train Loss: nan, Train Acc: 1.17% | (validation skipped) | LR: 0.000026 | Time: 132.7s
2026-02-17 11:55:18,976 [INFO] Epoch 47/50 | Train Loss: nan, Train Acc: 1.19% | (validation skipped) | LR: 0.000019 | Time: 133.2s
2026-02-17 11:57:32,111 [INFO] Epoch 48/50 | Train Loss: nan, Train Acc: 1.23% | (validation skipped) | LR: 0.000014 | Time: 133.1s
2026-02-17 11:59:45,966 [INFO] Epoch 49/50 | Train Loss: nan, Train Acc: 1.18% | (validation skipped) | LR: 0.000011 | Time: 133.8s
2026-02-17 12:02:05,035 [INFO] Epoch 50/50 | Train Loss: nan, Train Acc: 1.15% | Val Loss: nan, Val Acc: 0.92% | LR: 0.000010 | Time: 139.0s
2026-02-17 12:02:05,333 [INFO] Training complete! Best accuracy: 30.96%
2026-02-17 12:02:05,333 [INFO] Outputs saved to: /projects/prjs0771/melle/projects/visionCNN/logs/convnext_medium_nonorm_bs512_lr0.001
2026-02-17 12:02:05,347 [INFO] Gradient stats saved to: /projects/prjs0771/melle/projects/visionCNN/logs/convnext_medium_nonorm_bs512_lr0.001/gradient_stats.csv
