[2026-02-17 10:09:48,328] torch.distributed.run: [WARNING] master_addr is only used for static rdzv_backend and when rdzv_endpoint is not specified.
/projects/prjs0771/melle/envs/pytorch21-cuda121/lib/python3.11/site-packages/torchvision/io/image.py:13: UserWarning: Failed to load image Python extension: '/gpfs/work1/0/prjs0771/melle/envs/pytorch21-cuda121/lib/python3.11/site-packages/torchvision/image.so: undefined symbol: _ZN3c106detail23torchInternalAssertFailEPKcS2_jS2_RKSs'If you don't plan on using image functionality from `torchvision.io`, you can ignore this warning. Otherwise, there might be something wrong with your environment. Did you have `libjpeg` or `libpng` installed before building `torchvision` from source?
  warn(
2026-02-17 10:09:53,258 [INFO] Distributed: DistributedManager(rank=0, local_rank=0, world_size=1, device=cuda:0, is_distributed=True)
2026-02-17 10:09:53,258 [INFO] Config: {'experiment_name': 'vgg_medium_groupnorm_bs128_lr0.003', 'model': {'name': 'vgg_medium', 'num_classes': 100, 'norm_layer': 'groupnorm'}, 'data': {'dataset': 'imagenet100', 'root': '/scratch-nvme/ml-datasets/imagenet/torchvision_ImageFolder', 'img_size': 224, 'backend': 'pytorch', 'num_workers': 16, 'pin_memory': True, 'persistent_workers': True, 'prefetch_factor': 2, 'gpu_transforms': True}, 'training': {'epochs': 50, 'batch_size': 128, 'lr': 0.003, 'min_lr': 1e-05, 'weight_decay': 0.05, 'optimizer': 'adamw', 'scheduler': 'cosine', 'label_smoothing': 0.1, 'use_amp': True, 'channels_last': True, 'seed': 42, 'val_frequency': 5, 'save_frequency': 10, 'disable_progress_bar': True, 'log_gradients': True, 'grad_log_freq': 50}, 'logging': {'log_dir': 'logs'}, 'wandb': {'enabled': True, 'project': 'norm-comparison-extended', 'tags': ['norm-experiment-extended', 'imagenet100']}}
2026-02-17 10:09:53,258 [INFO] Run directory: /projects/prjs0771/melle/projects/visionCNN/logs/vgg_medium_groupnorm_bs128_lr0.003
2026-02-17 10:09:53,258 [INFO] Set random seed: 42 (rank offset applied)
2026-02-17 10:09:53,258 [INFO] Using device: cuda:0
2026-02-17 10:09:53,258 [INFO] World size: 1
2026-02-17 10:09:53,415 [INFO] Model: vgg_medium, Parameters: 14,774,436
2026-02-17 10:09:53,442 [INFO] Using channels-last (NHWC) memory format
2026-02-17 10:09:53,464 [INFO] Mixed precision training: True
2026-02-17 10:10:13,666 [INFO] Using GPU-accelerated transforms to reduce CPU bottleneck
2026-02-17 10:10:13,666 [INFO] Train samples: 128135, Val samples: 5000
2026-02-17 10:10:13,666 [INFO] Effective batch size: 128 (128 x 1 GPUs)
2026-02-17 10:10:13,666 [INFO] Starting training for 50 epochs...
2026-02-17 10:10:13,666 [INFO] Gradient flow logging enabled (every 50 steps)
2026-02-17 10:14:34,885 [INFO] Epoch 1/50 | Train Loss: 4.5294, Train Acc: 2.25% | (validation skipped) | LR: 0.002997 | Time: 261.2s
2026-02-17 10:18:51,641 [INFO] Epoch 2/50 | Train Loss: 4.1241, Train Acc: 8.64% | (validation skipped) | LR: 0.002988 | Time: 256.8s
2026-02-17 10:23:08,340 [INFO] Epoch 3/50 | Train Loss: 3.6750, Train Acc: 18.26% | (validation skipped) | LR: 0.002974 | Time: 256.7s
2026-02-17 10:27:25,199 [INFO] Epoch 4/50 | Train Loss: 3.3280, Train Acc: 26.68% | (validation skipped) | LR: 0.002953 | Time: 256.9s
2026-02-17 10:31:48,242 [INFO] Epoch 5/50 | Train Loss: 3.0568, Train Acc: 33.86% | Val Loss: 2.8314, Val Acc: 39.44% | LR: 0.002927 | Time: 263.0s
2026-02-17 10:31:48,461 [INFO] New best accuracy: 39.44%
2026-02-17 10:36:05,606 [INFO] Epoch 6/50 | Train Loss: 2.8622, Train Acc: 39.35% | (validation skipped) | LR: 0.002895 | Time: 257.1s
2026-02-17 10:40:22,976 [INFO] Epoch 7/50 | Train Loss: 2.7102, Train Acc: 43.47% | (validation skipped) | LR: 0.002858 | Time: 257.4s
2026-02-17 10:44:39,990 [INFO] Epoch 8/50 | Train Loss: 2.5707, Train Acc: 47.59% | (validation skipped) | LR: 0.002815 | Time: 257.0s
2026-02-17 10:48:57,072 [INFO] Epoch 9/50 | Train Loss: 2.4627, Train Acc: 50.89% | (validation skipped) | LR: 0.002767 | Time: 257.1s
2026-02-17 10:53:19,753 [INFO] Epoch 10/50 | Train Loss: 2.3656, Train Acc: 53.68% | Val Loss: 2.1340, Val Acc: 60.22% | LR: 0.002714 | Time: 262.7s
2026-02-17 10:53:19,952 [INFO] New best accuracy: 60.22%
2026-02-17 10:57:37,228 [INFO] Epoch 11/50 | Train Loss: 2.2916, Train Acc: 55.71% | (validation skipped) | LR: 0.002657 | Time: 257.1s
2026-02-17 11:01:54,298 [INFO] Epoch 12/50 | Train Loss: 2.2212, Train Acc: 57.88% | (validation skipped) | LR: 0.002595 | Time: 257.1s
2026-02-17 11:06:11,295 [INFO] Epoch 13/50 | Train Loss: 2.1668, Train Acc: 59.40% | (validation skipped) | LR: 0.002528 | Time: 257.0s
2026-02-17 11:10:28,542 [INFO] Epoch 14/50 | Train Loss: 2.1030, Train Acc: 61.38% | (validation skipped) | LR: 0.002458 | Time: 257.2s
2026-02-17 11:14:51,175 [INFO] Epoch 15/50 | Train Loss: 2.0689, Train Acc: 62.23% | Val Loss: 1.8581, Val Acc: 68.98% | LR: 0.002384 | Time: 262.6s
2026-02-17 11:14:51,428 [INFO] New best accuracy: 68.98%
2026-02-17 11:19:08,402 [INFO] Epoch 16/50 | Train Loss: 2.0252, Train Acc: 63.64% | (validation skipped) | LR: 0.002306 | Time: 257.0s
2026-02-17 11:23:25,782 [INFO] Epoch 17/50 | Train Loss: 1.9823, Train Acc: 64.92% | (validation skipped) | LR: 0.002225 | Time: 257.4s
2026-02-17 11:27:42,923 [INFO] Epoch 18/50 | Train Loss: 1.9476, Train Acc: 65.80% | (validation skipped) | LR: 0.002142 | Time: 257.1s
2026-02-17 11:32:00,048 [INFO] Epoch 19/50 | Train Loss: 1.9194, Train Acc: 66.61% | (validation skipped) | LR: 0.002055 | Time: 257.1s
2026-02-17 11:36:22,783 [INFO] Epoch 20/50 | Train Loss: 1.8894, Train Acc: 67.52% | Val Loss: 1.7023, Val Acc: 73.40% | LR: 0.001967 | Time: 262.7s
2026-02-17 11:36:23,109 [INFO] New best accuracy: 73.40%
2026-02-17 11:40:40,763 [INFO] Epoch 21/50 | Train Loss: 1.8501, Train Acc: 68.88% | (validation skipped) | LR: 0.001877 | Time: 257.3s
2026-02-17 11:44:57,937 [INFO] Epoch 22/50 | Train Loss: 1.8293, Train Acc: 69.42% | (validation skipped) | LR: 0.001785 | Time: 257.2s
2026-02-17 11:49:15,046 [INFO] Epoch 23/50 | Train Loss: 1.8037, Train Acc: 70.03% | (validation skipped) | LR: 0.001692 | Time: 257.1s
2026-02-17 11:53:32,462 [INFO] Epoch 24/50 | Train Loss: 1.7753, Train Acc: 70.88% | (validation skipped) | LR: 0.001599 | Time: 257.4s
2026-02-17 11:57:55,151 [INFO] Epoch 25/50 | Train Loss: 1.7510, Train Acc: 71.61% | Val Loss: 1.5802, Val Acc: 76.90% | LR: 0.001505 | Time: 262.7s
2026-02-17 11:57:55,362 [INFO] New best accuracy: 76.90%
2026-02-17 12:02:12,442 [INFO] Epoch 26/50 | Train Loss: 1.7185, Train Acc: 72.58% | (validation skipped) | LR: 0.001411 | Time: 257.1s
2026-02-17 12:06:29,831 [INFO] Epoch 27/50 | Train Loss: 1.6905, Train Acc: 73.45% | (validation skipped) | LR: 0.001318 | Time: 257.4s
srun: Job step aborted: Waiting up to 32 seconds for job step to finish.
[2026-02-17T12:09:50.007] error: *** JOB 19572497 ON gcn71 CANCELLED AT 2026-02-17T12:09:50 DUE TO TIME LIMIT ***
[2026-02-17T12:09:50.007] error: *** STEP 19572497.0 ON gcn71 CANCELLED AT 2026-02-17T12:09:50 DUE TO TIME LIMIT ***
[2026-02-17 12:09:50,008] torch.distributed.elastic.agent.server.api: [WARNING] Received 15 death signal, shutting down workers
[2026-02-17 12:09:50,008] torch.distributed.elastic.multiprocessing.api: [WARNING] Sending process 1723601 closing signal SIGTERM
[2026-02-17 12:09:50,011] torch.distributed.elastic.multiprocessing.api: [WARNING] Sending process 1723601 closing signal SIGTERM
