[2026-02-17 10:09:48,328] torch.distributed.run: [WARNING] master_addr is only used for static rdzv_backend and when rdzv_endpoint is not specified.
/projects/prjs0771/melle/envs/pytorch21-cuda121/lib/python3.11/site-packages/torchvision/io/image.py:13: UserWarning: Failed to load image Python extension: '/gpfs/work1/0/prjs0771/melle/envs/pytorch21-cuda121/lib/python3.11/site-packages/torchvision/image.so: undefined symbol: _ZN3c106detail23torchInternalAssertFailEPKcS2_jS2_RKSs'If you don't plan on using image functionality from `torchvision.io`, you can ignore this warning. Otherwise, there might be something wrong with your environment. Did you have `libjpeg` or `libpng` installed before building `torchvision` from source?
  warn(
2026-02-17 10:09:53,232 [INFO] Distributed: DistributedManager(rank=0, local_rank=0, world_size=1, device=cuda:0, is_distributed=True)
2026-02-17 10:09:53,232 [INFO] Config: {'experiment_name': 'vgg_medium_groupnorm_bs128_lr0.0003', 'model': {'name': 'vgg_medium', 'num_classes': 100, 'norm_layer': 'groupnorm'}, 'data': {'dataset': 'imagenet100', 'root': '/scratch-nvme/ml-datasets/imagenet/torchvision_ImageFolder', 'img_size': 224, 'backend': 'pytorch', 'num_workers': 16, 'pin_memory': True, 'persistent_workers': True, 'prefetch_factor': 2, 'gpu_transforms': True}, 'training': {'epochs': 50, 'batch_size': 128, 'lr': 0.0003, 'min_lr': 1e-05, 'weight_decay': 0.05, 'optimizer': 'adamw', 'scheduler': 'cosine', 'label_smoothing': 0.1, 'use_amp': True, 'channels_last': True, 'seed': 42, 'val_frequency': 5, 'save_frequency': 10, 'disable_progress_bar': True, 'log_gradients': True, 'grad_log_freq': 50}, 'logging': {'log_dir': 'logs'}, 'wandb': {'enabled': True, 'project': 'norm-comparison-extended', 'tags': ['norm-experiment-extended', 'imagenet100']}}
2026-02-17 10:09:53,232 [INFO] Run directory: /projects/prjs0771/melle/projects/visionCNN/logs/vgg_medium_groupnorm_bs128_lr0.0003
2026-02-17 10:09:53,233 [INFO] Set random seed: 42 (rank offset applied)
2026-02-17 10:09:53,233 [INFO] Using device: cuda:0
2026-02-17 10:09:53,233 [INFO] World size: 1
2026-02-17 10:09:53,394 [INFO] Model: vgg_medium, Parameters: 14,774,436
2026-02-17 10:09:53,420 [INFO] Using channels-last (NHWC) memory format
2026-02-17 10:09:53,458 [INFO] Mixed precision training: True
2026-02-17 10:10:13,666 [INFO] Using GPU-accelerated transforms to reduce CPU bottleneck
2026-02-17 10:10:13,666 [INFO] Train samples: 128135, Val samples: 5000
2026-02-17 10:10:13,666 [INFO] Effective batch size: 128 (128 x 1 GPUs)
2026-02-17 10:10:13,666 [INFO] Starting training for 50 epochs...
2026-02-17 10:10:13,666 [INFO] Gradient flow logging enabled (every 50 steps)
2026-02-17 10:14:34,748 [INFO] Epoch 1/50 | Train Loss: 4.5408, Train Acc: 1.91% | (validation skipped) | LR: 0.000300 | Time: 261.1s
2026-02-17 10:18:51,525 [INFO] Epoch 2/50 | Train Loss: 4.1664, Train Acc: 7.18% | (validation skipped) | LR: 0.000299 | Time: 256.8s
2026-02-17 10:23:08,433 [INFO] Epoch 3/50 | Train Loss: 3.7373, Train Acc: 15.53% | (validation skipped) | LR: 0.000297 | Time: 256.9s
2026-02-17 10:27:25,113 [INFO] Epoch 4/50 | Train Loss: 3.4721, Train Acc: 22.46% | (validation skipped) | LR: 0.000295 | Time: 256.7s
2026-02-17 10:31:48,248 [INFO] Epoch 5/50 | Train Loss: 3.2558, Train Acc: 28.23% | Val Loss: 3.0610, Val Acc: 33.38% | LR: 0.000293 | Time: 263.1s
2026-02-17 10:31:48,510 [INFO] New best accuracy: 33.38%
2026-02-17 10:36:05,710 [INFO] Epoch 6/50 | Train Loss: 3.0823, Train Acc: 32.71% | (validation skipped) | LR: 0.000290 | Time: 257.2s
2026-02-17 10:40:22,963 [INFO] Epoch 7/50 | Train Loss: 2.9532, Train Acc: 36.45% | (validation skipped) | LR: 0.000286 | Time: 257.3s
2026-02-17 10:44:39,888 [INFO] Epoch 8/50 | Train Loss: 2.8275, Train Acc: 40.03% | (validation skipped) | LR: 0.000282 | Time: 256.9s
2026-02-17 10:48:57,070 [INFO] Epoch 9/50 | Train Loss: 2.7349, Train Acc: 42.67% | (validation skipped) | LR: 0.000277 | Time: 257.2s
2026-02-17 10:53:19,841 [INFO] Epoch 10/50 | Train Loss: 2.6461, Train Acc: 45.12% | Val Loss: 2.4965, Val Acc: 48.68% | LR: 0.000272 | Time: 262.8s
2026-02-17 10:53:20,027 [INFO] New best accuracy: 48.68%
2026-02-17 10:57:37,167 [INFO] Epoch 11/50 | Train Loss: 2.5742, Train Acc: 47.13% | (validation skipped) | LR: 0.000267 | Time: 256.9s
2026-02-17 11:01:54,172 [INFO] Epoch 12/50 | Train Loss: 2.5049, Train Acc: 49.32% | (validation skipped) | LR: 0.000261 | Time: 257.0s
2026-02-17 11:06:11,360 [INFO] Epoch 13/50 | Train Loss: 2.4442, Train Acc: 51.25% | (validation skipped) | LR: 0.000254 | Time: 257.2s
2026-02-17 11:10:28,502 [INFO] Epoch 14/50 | Train Loss: 2.3803, Train Acc: 52.88% | (validation skipped) | LR: 0.000247 | Time: 257.1s
2026-02-17 11:14:51,192 [INFO] Epoch 15/50 | Train Loss: 2.3333, Train Acc: 54.42% | Val Loss: 2.1179, Val Acc: 60.34% | LR: 0.000240 | Time: 262.7s
2026-02-17 11:14:51,401 [INFO] New best accuracy: 60.34%
2026-02-17 11:19:08,340 [INFO] Epoch 16/50 | Train Loss: 2.2845, Train Acc: 55.91% | (validation skipped) | LR: 0.000233 | Time: 256.9s
2026-02-17 11:23:25,676 [INFO] Epoch 17/50 | Train Loss: 2.2317, Train Acc: 57.36% | (validation skipped) | LR: 0.000225 | Time: 257.3s
2026-02-17 11:27:42,837 [INFO] Epoch 18/50 | Train Loss: 2.1931, Train Acc: 58.59% | (validation skipped) | LR: 0.000217 | Time: 257.2s
2026-02-17 11:31:59,824 [INFO] Epoch 19/50 | Train Loss: 2.1498, Train Acc: 60.02% | (validation skipped) | LR: 0.000208 | Time: 257.0s
2026-02-17 11:36:22,460 [INFO] Epoch 20/50 | Train Loss: 2.1145, Train Acc: 60.98% | Val Loss: 1.9443, Val Acc: 66.02% | LR: 0.000200 | Time: 262.6s
2026-02-17 11:36:22,689 [INFO] New best accuracy: 66.02%
2026-02-17 11:40:40,115 [INFO] Epoch 21/50 | Train Loss: 2.0816, Train Acc: 62.04% | (validation skipped) | LR: 0.000191 | Time: 257.2s
2026-02-17 11:44:57,171 [INFO] Epoch 22/50 | Train Loss: 2.0476, Train Acc: 62.83% | (validation skipped) | LR: 0.000182 | Time: 257.0s
2026-02-17 11:49:14,080 [INFO] Epoch 23/50 | Train Loss: 2.0152, Train Acc: 63.97% | (validation skipped) | LR: 0.000173 | Time: 256.9s
2026-02-17 11:53:31,276 [INFO] Epoch 24/50 | Train Loss: 1.9894, Train Acc: 64.75% | (validation skipped) | LR: 0.000164 | Time: 257.2s
2026-02-17 11:57:53,712 [INFO] Epoch 25/50 | Train Loss: 1.9586, Train Acc: 65.69% | Val Loss: 1.7995, Val Acc: 71.02% | LR: 0.000155 | Time: 262.4s
2026-02-17 11:57:54,017 [INFO] New best accuracy: 71.02%
2026-02-17 12:02:11,001 [INFO] Epoch 26/50 | Train Loss: 1.9304, Train Acc: 66.50% | (validation skipped) | LR: 0.000146 | Time: 257.0s
2026-02-17 12:06:28,227 [INFO] Epoch 27/50 | Train Loss: 1.9029, Train Acc: 67.47% | (validation skipped) | LR: 0.000137 | Time: 257.2s
[2026-02-17T12:09:50.006] error: *** JOB 19572495 ON gcn71 CANCELLED AT 2026-02-17T12:09:50 DUE TO TIME LIMIT ***
srun: Job step aborted: Waiting up to 32 seconds for job step to finish.
[2026-02-17T12:09:50.007] error: *** STEP 19572495.0 ON gcn71 CANCELLED AT 2026-02-17T12:09:50 DUE TO TIME LIMIT ***
[2026-02-17 12:09:50,008] torch.distributed.elastic.agent.server.api: [WARNING] Received 15 death signal, shutting down workers
[2026-02-17 12:09:50,008] torch.distributed.elastic.multiprocessing.api: [WARNING] Sending process 1723599 closing signal SIGTERM
[2026-02-17 12:09:50,011] torch.distributed.elastic.multiprocessing.api: [WARNING] Sending process 1723599 closing signal SIGTERM
