[2026-02-17 10:08:49,328] torch.distributed.run: [WARNING] master_addr is only used for static rdzv_backend and when rdzv_endpoint is not specified.
/projects/prjs0771/melle/envs/pytorch21-cuda121/lib/python3.11/site-packages/torchvision/io/image.py:13: UserWarning: Failed to load image Python extension: '/gpfs/work1/0/prjs0771/melle/envs/pytorch21-cuda121/lib/python3.11/site-packages/torchvision/image.so: undefined symbol: _ZN3c106detail23torchInternalAssertFailEPKcS2_jS2_RKSs'If you don't plan on using image functionality from `torchvision.io`, you can ignore this warning. Otherwise, there might be something wrong with your environment. Did you have `libjpeg` or `libpng` installed before building `torchvision` from source?
  warn(
2026-02-17 10:08:53,567 [INFO] Distributed: DistributedManager(rank=0, local_rank=0, world_size=1, device=cuda:0, is_distributed=True)
2026-02-17 10:08:53,568 [INFO] Config: {'experiment_name': 'resnet_medium_batchnorm_bs16_lr0.001', 'model': {'name': 'resnet_medium', 'num_classes': 100, 'norm_layer': 'batchnorm'}, 'data': {'dataset': 'imagenet100', 'root': '/scratch-nvme/ml-datasets/imagenet/torchvision_ImageFolder', 'img_size': 224, 'backend': 'pytorch', 'num_workers': 16, 'pin_memory': True, 'persistent_workers': True, 'prefetch_factor': 2, 'gpu_transforms': True}, 'training': {'epochs': 50, 'batch_size': 16, 'lr': 0.001, 'min_lr': 1e-05, 'weight_decay': 0.05, 'optimizer': 'adamw', 'scheduler': 'cosine', 'label_smoothing': 0.1, 'use_amp': True, 'channels_last': True, 'seed': 42, 'val_frequency': 5, 'save_frequency': 10, 'disable_progress_bar': True, 'log_gradients': True, 'grad_log_freq': 50}, 'logging': {'log_dir': 'logs'}, 'wandb': {'enabled': True, 'project': 'norm-comparison-extended', 'tags': ['norm-experiment-extended', 'imagenet100']}}
2026-02-17 10:08:53,568 [INFO] Run directory: /projects/prjs0771/melle/projects/visionCNN/logs/resnet_medium_batchnorm_bs16_lr0.001
2026-02-17 10:08:53,568 [INFO] Set random seed: 42 (rank offset applied)
2026-02-17 10:08:53,568 [INFO] Using device: cuda:0
2026-02-17 10:08:53,568 [INFO] World size: 1
2026-02-17 10:08:53,813 [INFO] Model: resnet_medium, Parameters: 21,335,972
2026-02-17 10:08:53,851 [INFO] Using channels-last (NHWC) memory format
2026-02-17 10:08:53,894 [INFO] Mixed precision training: True
2026-02-17 10:09:11,019 [INFO] Using GPU-accelerated transforms to reduce CPU bottleneck
2026-02-17 10:09:11,019 [INFO] Train samples: 128135, Val samples: 5000
2026-02-17 10:09:11,019 [INFO] Effective batch size: 16 (16 x 1 GPUs)
2026-02-17 10:09:11,019 [INFO] Starting training for 50 epochs...
2026-02-17 10:09:11,019 [INFO] Gradient flow logging enabled (every 50 steps)
2026-02-17 10:11:59,151 [INFO] Epoch 1/50 | Train Loss: 4.0667, Train Acc: 10.35% | (validation skipped) | LR: 0.000999 | Time: 168.1s
2026-02-17 10:14:45,612 [INFO] Epoch 2/50 | Train Loss: 3.3260, Train Acc: 26.99% | (validation skipped) | LR: 0.000996 | Time: 166.5s
2026-02-17 10:17:32,763 [INFO] Epoch 3/50 | Train Loss: 2.9302, Train Acc: 37.52% | (validation skipped) | LR: 0.000991 | Time: 167.2s
2026-02-17 10:20:20,025 [INFO] Epoch 4/50 | Train Loss: 2.7062, Train Acc: 44.01% | (validation skipped) | LR: 0.000984 | Time: 167.3s
2026-02-17 10:23:09,853 [INFO] Epoch 5/50 | Train Loss: 2.5952, Train Acc: 47.50% | Val Loss: 2.3566, Val Acc: 54.50% | LR: 0.000976 | Time: 169.8s
2026-02-17 10:23:10,207 [INFO] New best accuracy: 54.50%
2026-02-17 10:25:57,154 [INFO] Epoch 6/50 | Train Loss: 2.5205, Train Acc: 49.51% | (validation skipped) | LR: 0.000965 | Time: 166.9s
2026-02-17 10:28:44,391 [INFO] Epoch 7/50 | Train Loss: 2.4719, Train Acc: 50.72% | (validation skipped) | LR: 0.000953 | Time: 167.2s
2026-02-17 10:31:31,780 [INFO] Epoch 8/50 | Train Loss: 2.4303, Train Acc: 52.21% | (validation skipped) | LR: 0.000939 | Time: 167.4s
2026-02-17 10:34:18,806 [INFO] Epoch 9/50 | Train Loss: 2.3954, Train Acc: 53.06% | (validation skipped) | LR: 0.000923 | Time: 167.0s
2026-02-17 10:37:08,513 [INFO] Epoch 10/50 | Train Loss: 2.3657, Train Acc: 54.04% | Val Loss: 2.0783, Val Acc: 63.22% | LR: 0.000905 | Time: 169.7s
2026-02-17 10:37:08,829 [INFO] New best accuracy: 63.22%
2026-02-17 10:39:56,771 [INFO] Epoch 11/50 | Train Loss: 2.3437, Train Acc: 54.90% | (validation skipped) | LR: 0.000886 | Time: 167.6s
2026-02-17 10:42:43,645 [INFO] Epoch 12/50 | Train Loss: 2.3184, Train Acc: 55.40% | (validation skipped) | LR: 0.000866 | Time: 166.9s
2026-02-17 10:45:30,921 [INFO] Epoch 13/50 | Train Loss: 2.2998, Train Acc: 55.94% | (validation skipped) | LR: 0.000844 | Time: 167.3s
2026-02-17 10:48:18,003 [INFO] Epoch 14/50 | Train Loss: 2.2730, Train Acc: 56.81% | (validation skipped) | LR: 0.000821 | Time: 167.1s
2026-02-17 10:51:07,334 [INFO] Epoch 15/50 | Train Loss: 2.2427, Train Acc: 57.79% | Val Loss: 2.0439, Val Acc: 64.90% | LR: 0.000796 | Time: 169.3s
2026-02-17 10:51:07,654 [INFO] New best accuracy: 64.90%
2026-02-17 10:53:55,051 [INFO] Epoch 16/50 | Train Loss: 2.2243, Train Acc: 58.17% | (validation skipped) | LR: 0.000770 | Time: 167.4s
2026-02-17 10:56:42,937 [INFO] Epoch 17/50 | Train Loss: 2.2047, Train Acc: 58.88% | (validation skipped) | LR: 0.000743 | Time: 167.9s
2026-02-17 10:59:30,654 [INFO] Epoch 18/50 | Train Loss: 2.1847, Train Acc: 59.46% | (validation skipped) | LR: 0.000716 | Time: 167.7s
2026-02-17 11:02:17,255 [INFO] Epoch 19/50 | Train Loss: 2.1573, Train Acc: 60.08% | (validation skipped) | LR: 0.000687 | Time: 166.6s
2026-02-17 11:05:06,705 [INFO] Epoch 20/50 | Train Loss: 2.1361, Train Acc: 60.82% | Val Loss: 1.9017, Val Acc: 68.32% | LR: 0.000658 | Time: 169.4s
2026-02-17 11:05:07,057 [INFO] New best accuracy: 68.32%
2026-02-17 11:07:55,105 [INFO] Epoch 21/50 | Train Loss: 2.1175, Train Acc: 61.38% | (validation skipped) | LR: 0.000628 | Time: 167.7s
2026-02-17 11:10:42,286 [INFO] Epoch 22/50 | Train Loss: 2.0911, Train Acc: 62.18% | (validation skipped) | LR: 0.000598 | Time: 167.2s
2026-02-17 11:13:29,576 [INFO] Epoch 23/50 | Train Loss: 2.0722, Train Acc: 62.76% | (validation skipped) | LR: 0.000567 | Time: 167.3s
2026-02-17 11:16:16,401 [INFO] Epoch 24/50 | Train Loss: 2.0468, Train Acc: 63.54% | (validation skipped) | LR: 0.000536 | Time: 166.8s
2026-02-17 11:19:05,742 [INFO] Epoch 25/50 | Train Loss: 2.0270, Train Acc: 63.99% | Val Loss: 1.7855, Val Acc: 73.00% | LR: 0.000505 | Time: 169.3s
2026-02-17 11:19:06,021 [INFO] New best accuracy: 73.00%
2026-02-17 11:21:52,743 [INFO] Epoch 26/50 | Train Loss: 1.9965, Train Acc: 64.93% | (validation skipped) | LR: 0.000474 | Time: 166.7s
2026-02-17 11:24:40,467 [INFO] Epoch 27/50 | Train Loss: 1.9705, Train Acc: 65.67% | (validation skipped) | LR: 0.000443 | Time: 167.7s
2026-02-17 11:27:27,082 [INFO] Epoch 28/50 | Train Loss: 1.9492, Train Acc: 66.25% | (validation skipped) | LR: 0.000412 | Time: 166.6s
2026-02-17 11:30:13,528 [INFO] Epoch 29/50 | Train Loss: 1.9233, Train Acc: 67.07% | (validation skipped) | LR: 0.000382 | Time: 166.4s
2026-02-17 11:33:03,746 [INFO] Epoch 30/50 | Train Loss: 1.8924, Train Acc: 68.05% | Val Loss: 1.6592, Val Acc: 75.66% | LR: 0.000352 | Time: 170.2s
2026-02-17 11:33:04,072 [INFO] New best accuracy: 75.66%
2026-02-17 11:35:51,696 [INFO] Epoch 31/50 | Train Loss: 1.8627, Train Acc: 68.89% | (validation skipped) | LR: 0.000323 | Time: 167.4s
2026-02-17 11:38:38,390 [INFO] Epoch 32/50 | Train Loss: 1.8333, Train Acc: 69.82% | (validation skipped) | LR: 0.000294 | Time: 166.7s
2026-02-17 11:41:25,268 [INFO] Epoch 33/50 | Train Loss: 1.8017, Train Acc: 70.78% | (validation skipped) | LR: 0.000267 | Time: 166.9s
2026-02-17 11:44:11,904 [INFO] Epoch 34/50 | Train Loss: 1.7739, Train Acc: 71.59% | (validation skipped) | LR: 0.000240 | Time: 166.6s
2026-02-17 11:47:01,526 [INFO] Epoch 35/50 | Train Loss: 1.7358, Train Acc: 72.68% | Val Loss: 1.5515, Val Acc: 79.20% | LR: 0.000214 | Time: 169.5s
2026-02-17 11:47:01,804 [INFO] New best accuracy: 79.20%
2026-02-17 11:49:48,348 [INFO] Epoch 36/50 | Train Loss: 1.7047, Train Acc: 73.48% | (validation skipped) | LR: 0.000189 | Time: 166.5s
2026-02-17 11:52:36,024 [INFO] Epoch 37/50 | Train Loss: 1.6726, Train Acc: 74.53% | (validation skipped) | LR: 0.000166 | Time: 167.7s
2026-02-17 11:55:22,803 [INFO] Epoch 38/50 | Train Loss: 1.6368, Train Acc: 75.66% | (validation skipped) | LR: 0.000144 | Time: 166.8s
2026-02-17 11:58:10,134 [INFO] Epoch 39/50 | Train Loss: 1.6006, Train Acc: 76.69% | (validation skipped) | LR: 0.000124 | Time: 167.3s
2026-02-17 12:00:59,614 [INFO] Epoch 40/50 | Train Loss: 1.5662, Train Acc: 77.81% | Val Loss: 1.4255, Val Acc: 82.52% | LR: 0.000105 | Time: 169.4s
2026-02-17 12:00:59,905 [INFO] New best accuracy: 82.52%
2026-02-17 12:03:47,383 [INFO] Epoch 41/50 | Train Loss: 1.5338, Train Acc: 78.85% | (validation skipped) | LR: 0.000087 | Time: 167.2s
2026-02-17 12:06:34,420 [INFO] Epoch 42/50 | Train Loss: 1.4988, Train Acc: 79.79% | (validation skipped) | LR: 0.000071 | Time: 167.0s
2026-02-17 12:09:21,307 [INFO] Epoch 43/50 | Train Loss: 1.4648, Train Acc: 80.90% | (validation skipped) | LR: 0.000057 | Time: 166.9s
2026-02-17 12:12:08,178 [INFO] Epoch 44/50 | Train Loss: 1.4378, Train Acc: 81.58% | (validation skipped) | LR: 0.000045 | Time: 166.9s
2026-02-17 12:14:57,564 [INFO] Epoch 45/50 | Train Loss: 1.4193, Train Acc: 82.30% | Val Loss: 1.3393, Val Acc: 85.40% | LR: 0.000034 | Time: 169.4s
2026-02-17 12:14:57,856 [INFO] New best accuracy: 85.40%
2026-02-17 12:17:44,165 [INFO] Epoch 46/50 | Train Loss: 1.3866, Train Acc: 83.18% | (validation skipped) | LR: 0.000026 | Time: 166.3s
2026-02-17 12:20:30,452 [INFO] Epoch 47/50 | Train Loss: 1.3706, Train Acc: 83.76% | (validation skipped) | LR: 0.000019 | Time: 166.3s
2026-02-17 12:23:17,192 [INFO] Epoch 48/50 | Train Loss: 1.3553, Train Acc: 84.20% | (validation skipped) | LR: 0.000014 | Time: 166.7s
2026-02-17 12:26:04,179 [INFO] Epoch 49/50 | Train Loss: 1.3425, Train Acc: 84.66% | (validation skipped) | LR: 0.000011 | Time: 167.0s
2026-02-17 12:28:53,687 [INFO] Epoch 50/50 | Train Loss: 1.3362, Train Acc: 84.83% | Val Loss: 1.2976, Val Acc: 86.22% | LR: 0.000010 | Time: 169.5s
2026-02-17 12:28:54,010 [INFO] New best accuracy: 86.22%
2026-02-17 12:28:54,324 [INFO] Training complete! Best accuracy: 86.22%
2026-02-17 12:28:54,324 [INFO] Outputs saved to: /projects/prjs0771/melle/projects/visionCNN/logs/resnet_medium_batchnorm_bs16_lr0.001
2026-02-17 12:28:55,381 [INFO] Gradient stats saved to: /projects/prjs0771/melle/projects/visionCNN/logs/resnet_medium_batchnorm_bs16_lr0.001/gradient_stats.csv
