[2026-02-17 10:08:47,949] torch.distributed.run: [WARNING] master_addr is only used for static rdzv_backend and when rdzv_endpoint is not specified.
/projects/prjs0771/melle/envs/pytorch21-cuda121/lib/python3.11/site-packages/torchvision/io/image.py:13: UserWarning: Failed to load image Python extension: '/gpfs/work1/0/prjs0771/melle/envs/pytorch21-cuda121/lib/python3.11/site-packages/torchvision/image.so: undefined symbol: _ZN3c106detail23torchInternalAssertFailEPKcS2_jS2_RKSs'If you don't plan on using image functionality from `torchvision.io`, you can ignore this warning. Otherwise, there might be something wrong with your environment. Did you have `libjpeg` or `libpng` installed before building `torchvision` from source?
  warn(
2026-02-17 10:08:52,628 [INFO] Distributed: DistributedManager(rank=0, local_rank=0, world_size=1, device=cuda:0, is_distributed=True)
2026-02-17 10:08:52,629 [INFO] Config: {'experiment_name': 'vgg_medium_nonorm_bs128_lr0.001', 'model': {'name': 'vgg_medium', 'num_classes': 100, 'norm_layer': 'nonorm'}, 'data': {'dataset': 'imagenet100', 'root': '/scratch-nvme/ml-datasets/imagenet/torchvision_ImageFolder', 'img_size': 224, 'backend': 'pytorch', 'num_workers': 16, 'pin_memory': True, 'persistent_workers': True, 'prefetch_factor': 2, 'gpu_transforms': True}, 'training': {'epochs': 50, 'batch_size': 128, 'lr': 0.001, 'min_lr': 1e-05, 'weight_decay': 0.05, 'optimizer': 'adamw', 'scheduler': 'cosine', 'label_smoothing': 0.1, 'use_amp': True, 'channels_last': True, 'seed': 42, 'val_frequency': 5, 'save_frequency': 10, 'disable_progress_bar': True, 'log_gradients': True, 'grad_log_freq': 50}, 'logging': {'log_dir': 'logs'}, 'wandb': {'enabled': True, 'project': 'norm-comparison-extended', 'tags': ['norm-experiment-extended', 'imagenet100']}}
2026-02-17 10:08:52,629 [INFO] Run directory: /projects/prjs0771/melle/projects/visionCNN/logs/vgg_medium_nonorm_bs128_lr0.001
2026-02-17 10:08:52,629 [INFO] Set random seed: 42 (rank offset applied)
2026-02-17 10:08:52,629 [INFO] Using device: cuda:0
2026-02-17 10:08:52,629 [INFO] World size: 1
2026-02-17 10:08:52,787 [INFO] Model: vgg_medium, Parameters: 14,765,988
2026-02-17 10:08:52,813 [INFO] Using channels-last (NHWC) memory format
2026-02-17 10:08:52,850 [INFO] Mixed precision training: True
2026-02-17 10:09:07,698 [INFO] Using GPU-accelerated transforms to reduce CPU bottleneck
2026-02-17 10:09:07,699 [INFO] Train samples: 128135, Val samples: 5000
2026-02-17 10:09:07,699 [INFO] Effective batch size: 128 (128 x 1 GPUs)
2026-02-17 10:09:07,699 [INFO] Starting training for 50 epochs...
2026-02-17 10:09:07,699 [INFO] Gradient flow logging enabled (every 50 steps)
2026-02-17 10:10:47,448 [INFO] Epoch 1/50 | Train Loss: 4.6888, Train Acc: 0.96% | (validation skipped) | LR: 0.000999 | Time: 99.7s
2026-02-17 10:12:22,978 [INFO] Epoch 2/50 | Train Loss: 4.6043, Train Acc: 0.98% | (validation skipped) | LR: 0.000996 | Time: 95.5s
2026-02-17 10:13:58,442 [INFO] Epoch 3/50 | Train Loss: 4.6043, Train Acc: 0.94% | (validation skipped) | LR: 0.000991 | Time: 95.5s
2026-02-17 10:15:34,091 [INFO] Epoch 4/50 | Train Loss: 4.6043, Train Acc: 0.95% | (validation skipped) | LR: 0.000984 | Time: 95.6s
2026-02-17 10:17:13,510 [INFO] Epoch 5/50 | Train Loss: 4.6042, Train Acc: 0.95% | Val Loss: 4.6065, Val Acc: 1.00% | LR: 0.000976 | Time: 99.4s
2026-02-17 10:17:13,810 [INFO] New best accuracy: 1.00%
2026-02-17 10:18:49,285 [INFO] Epoch 6/50 | Train Loss: 4.6043, Train Acc: 0.96% | (validation skipped) | LR: 0.000965 | Time: 95.5s
2026-02-17 10:20:24,947 [INFO] Epoch 7/50 | Train Loss: 4.6043, Train Acc: 0.95% | (validation skipped) | LR: 0.000953 | Time: 95.7s
2026-02-17 10:22:00,473 [INFO] Epoch 8/50 | Train Loss: 4.6043, Train Acc: 0.97% | (validation skipped) | LR: 0.000939 | Time: 95.5s
2026-02-17 10:23:35,885 [INFO] Epoch 9/50 | Train Loss: 4.6043, Train Acc: 0.93% | (validation skipped) | LR: 0.000923 | Time: 95.4s
2026-02-17 10:25:14,772 [INFO] Epoch 10/50 | Train Loss: 4.6043, Train Acc: 0.91% | Val Loss: 4.6063, Val Acc: 1.00% | LR: 0.000905 | Time: 98.9s
2026-02-17 10:26:50,456 [INFO] Epoch 11/50 | Train Loss: 4.6042, Train Acc: 0.96% | (validation skipped) | LR: 0.000886 | Time: 95.4s
2026-02-17 10:28:26,036 [INFO] Epoch 12/50 | Train Loss: 4.6042, Train Acc: 0.97% | (validation skipped) | LR: 0.000866 | Time: 95.6s
2026-02-17 10:30:01,510 [INFO] Epoch 13/50 | Train Loss: 4.6042, Train Acc: 0.95% | (validation skipped) | LR: 0.000844 | Time: 95.5s
2026-02-17 10:31:37,070 [INFO] Epoch 14/50 | Train Loss: 4.6042, Train Acc: 0.95% | (validation skipped) | LR: 0.000821 | Time: 95.6s
2026-02-17 10:33:15,416 [INFO] Epoch 15/50 | Train Loss: 4.6042, Train Acc: 0.93% | Val Loss: 4.6064, Val Acc: 1.00% | LR: 0.000796 | Time: 98.3s
2026-02-17 10:34:50,958 [INFO] Epoch 16/50 | Train Loss: 4.6042, Train Acc: 0.93% | (validation skipped) | LR: 0.000770 | Time: 95.5s
2026-02-17 10:36:26,589 [INFO] Epoch 17/50 | Train Loss: 4.6042, Train Acc: 0.96% | (validation skipped) | LR: 0.000743 | Time: 95.6s
2026-02-17 10:38:02,146 [INFO] Epoch 18/50 | Train Loss: 4.6042, Train Acc: 0.95% | (validation skipped) | LR: 0.000716 | Time: 95.5s
2026-02-17 10:39:37,659 [INFO] Epoch 19/50 | Train Loss: 4.6042, Train Acc: 0.93% | (validation skipped) | LR: 0.000687 | Time: 95.5s
2026-02-17 10:41:16,262 [INFO] Epoch 20/50 | Train Loss: 4.6042, Train Acc: 0.95% | Val Loss: 4.6065, Val Acc: 1.00% | LR: 0.000658 | Time: 98.6s
2026-02-17 10:42:52,027 [INFO] Epoch 21/50 | Train Loss: 4.6042, Train Acc: 0.94% | (validation skipped) | LR: 0.000628 | Time: 95.6s
2026-02-17 10:44:27,671 [INFO] Epoch 22/50 | Train Loss: 4.6042, Train Acc: 0.92% | (validation skipped) | LR: 0.000598 | Time: 95.6s
2026-02-17 10:46:03,182 [INFO] Epoch 23/50 | Train Loss: 4.6042, Train Acc: 0.92% | (validation skipped) | LR: 0.000567 | Time: 95.5s
2026-02-17 10:47:38,904 [INFO] Epoch 24/50 | Train Loss: 4.6041, Train Acc: 0.93% | (validation skipped) | LR: 0.000536 | Time: 95.7s
2026-02-17 10:49:17,418 [INFO] Epoch 25/50 | Train Loss: 4.6041, Train Acc: 0.92% | Val Loss: 4.6064, Val Acc: 1.00% | LR: 0.000505 | Time: 98.5s
2026-02-17 10:50:52,895 [INFO] Epoch 26/50 | Train Loss: 4.6041, Train Acc: 0.94% | (validation skipped) | LR: 0.000474 | Time: 95.5s
2026-02-17 10:52:28,551 [INFO] Epoch 27/50 | Train Loss: 4.6041, Train Acc: 0.92% | (validation skipped) | LR: 0.000443 | Time: 95.7s
2026-02-17 10:54:04,124 [INFO] Epoch 28/50 | Train Loss: 4.6041, Train Acc: 0.91% | (validation skipped) | LR: 0.000412 | Time: 95.6s
2026-02-17 10:55:39,644 [INFO] Epoch 29/50 | Train Loss: 4.6041, Train Acc: 0.93% | (validation skipped) | LR: 0.000382 | Time: 95.5s
2026-02-17 10:57:18,135 [INFO] Epoch 30/50 | Train Loss: 4.6041, Train Acc: 0.96% | Val Loss: 4.6065, Val Acc: 1.00% | LR: 0.000352 | Time: 98.5s
2026-02-17 10:58:53,898 [INFO] Epoch 31/50 | Train Loss: 4.6040, Train Acc: 0.97% | (validation skipped) | LR: 0.000323 | Time: 95.6s
2026-02-17 11:00:29,600 [INFO] Epoch 32/50 | Train Loss: 4.6041, Train Acc: 0.94% | (validation skipped) | LR: 0.000294 | Time: 95.7s
2026-02-17 11:02:05,225 [INFO] Epoch 33/50 | Train Loss: 4.6041, Train Acc: 0.96% | (validation skipped) | LR: 0.000267 | Time: 95.6s
2026-02-17 11:03:40,832 [INFO] Epoch 34/50 | Train Loss: 4.6041, Train Acc: 0.93% | (validation skipped) | LR: 0.000240 | Time: 95.6s
2026-02-17 11:05:19,443 [INFO] Epoch 35/50 | Train Loss: 4.6041, Train Acc: 0.91% | Val Loss: 4.6066, Val Acc: 1.00% | LR: 0.000214 | Time: 98.6s
2026-02-17 11:06:54,853 [INFO] Epoch 36/50 | Train Loss: 4.6040, Train Acc: 0.91% | (validation skipped) | LR: 0.000189 | Time: 95.4s
2026-02-17 11:08:30,405 [INFO] Epoch 37/50 | Train Loss: 4.6040, Train Acc: 0.93% | (validation skipped) | LR: 0.000166 | Time: 95.6s
2026-02-17 11:10:06,001 [INFO] Epoch 38/50 | Train Loss: 4.6040, Train Acc: 0.91% | (validation skipped) | LR: 0.000144 | Time: 95.6s
2026-02-17 11:11:41,458 [INFO] Epoch 39/50 | Train Loss: 4.6040, Train Acc: 0.92% | (validation skipped) | LR: 0.000124 | Time: 95.5s
2026-02-17 11:13:20,068 [INFO] Epoch 40/50 | Train Loss: 4.6041, Train Acc: 0.97% | Val Loss: 4.6069, Val Acc: 1.00% | LR: 0.000105 | Time: 98.6s
2026-02-17 11:14:55,801 [INFO] Epoch 41/50 | Train Loss: 4.6041, Train Acc: 0.96% | (validation skipped) | LR: 0.000087 | Time: 95.5s
2026-02-17 11:16:31,320 [INFO] Epoch 42/50 | Train Loss: 4.6041, Train Acc: 0.90% | (validation skipped) | LR: 0.000071 | Time: 95.5s
2026-02-17 11:18:06,975 [INFO] Epoch 43/50 | Train Loss: 4.6042, Train Acc: 0.94% | (validation skipped) | LR: 0.000057 | Time: 95.6s
2026-02-17 11:19:42,612 [INFO] Epoch 44/50 | Train Loss: 4.6045, Train Acc: 0.95% | (validation skipped) | LR: 0.000045 | Time: 95.6s
2026-02-17 11:21:21,116 [INFO] Epoch 45/50 | Train Loss: 4.6046, Train Acc: 0.94% | Val Loss: 4.6073, Val Acc: 1.00% | LR: 0.000034 | Time: 98.5s
2026-02-17 11:22:56,503 [INFO] Epoch 46/50 | Train Loss: 4.6047, Train Acc: 0.96% | (validation skipped) | LR: 0.000026 | Time: 95.4s
2026-02-17 11:24:31,949 [INFO] Epoch 47/50 | Train Loss: 4.6048, Train Acc: 0.91% | (validation skipped) | LR: 0.000019 | Time: 95.4s
2026-02-17 11:26:07,552 [INFO] Epoch 48/50 | Train Loss: 4.6049, Train Acc: 0.97% | (validation skipped) | LR: 0.000014 | Time: 95.6s
2026-02-17 11:27:43,316 [INFO] Epoch 49/50 | Train Loss: 4.6049, Train Acc: 0.96% | (validation skipped) | LR: 0.000011 | Time: 95.7s
2026-02-17 11:29:21,857 [INFO] Epoch 50/50 | Train Loss: 4.6049, Train Acc: 0.99% | Val Loss: 4.6073, Val Acc: 1.00% | LR: 0.000010 | Time: 98.5s
2026-02-17 11:29:22,093 [INFO] Training complete! Best accuracy: 1.00%
2026-02-17 11:29:22,093 [INFO] Outputs saved to: /projects/prjs0771/melle/projects/visionCNN/logs/vgg_medium_nonorm_bs128_lr0.001
2026-02-17 11:29:22,118 [INFO] Gradient stats saved to: /projects/prjs0771/melle/projects/visionCNN/logs/vgg_medium_nonorm_bs128_lr0.001/gradient_stats.csv
