[2026-02-17 10:16:56,622] torch.distributed.run: [WARNING] master_addr is only used for static rdzv_backend and when rdzv_endpoint is not specified.
/projects/prjs0771/melle/envs/pytorch21-cuda121/lib/python3.11/site-packages/torchvision/io/image.py:13: UserWarning: Failed to load image Python extension: '/gpfs/work1/0/prjs0771/melle/envs/pytorch21-cuda121/lib/python3.11/site-packages/torchvision/image.so: undefined symbol: _ZN3c106detail23torchInternalAssertFailEPKcS2_jS2_RKSs'If you don't plan on using image functionality from `torchvision.io`, you can ignore this warning. Otherwise, there might be something wrong with your environment. Did you have `libjpeg` or `libpng` installed before building `torchvision` from source?
  warn(
2026-02-17 10:17:00,840 [INFO] Distributed: DistributedManager(rank=0, local_rank=0, world_size=1, device=cuda:0, is_distributed=True)
2026-02-17 10:17:00,840 [INFO] Config: {'experiment_name': 'convnext_medium_nonorm_bs128_lr0.003', 'model': {'name': 'convnext_medium', 'num_classes': 100, 'norm_layer': 'nonorm'}, 'data': {'dataset': 'imagenet100', 'root': '/scratch-nvme/ml-datasets/imagenet/torchvision_ImageFolder', 'img_size': 224, 'backend': 'pytorch', 'num_workers': 16, 'pin_memory': True, 'persistent_workers': True, 'prefetch_factor': 2, 'gpu_transforms': True}, 'training': {'epochs': 50, 'batch_size': 128, 'lr': 0.003, 'min_lr': 1e-05, 'weight_decay': 0.05, 'optimizer': 'adamw', 'scheduler': 'cosine', 'label_smoothing': 0.1, 'use_amp': True, 'channels_last': True, 'seed': 42, 'val_frequency': 5, 'save_frequency': 10, 'disable_progress_bar': True, 'log_gradients': True, 'grad_log_freq': 50}, 'logging': {'log_dir': 'logs'}, 'wandb': {'enabled': True, 'project': 'norm-comparison-extended', 'tags': ['norm-experiment-extended', 'imagenet100']}}
2026-02-17 10:17:00,840 [INFO] Run directory: /projects/prjs0771/melle/projects/visionCNN/logs/convnext_medium_nonorm_bs128_lr0.003
2026-02-17 10:17:00,840 [INFO] Set random seed: 42 (rank offset applied)
2026-02-17 10:17:00,840 [INFO] Using device: cuda:0
2026-02-17 10:17:00,841 [INFO] World size: 1
2026-02-17 10:17:02,247 [INFO] Model: convnext_medium, Parameters: 19,161,796
2026-02-17 10:17:02,252 [INFO] Using channels-last (NHWC) memory format
2026-02-17 10:17:02,288 [INFO] Mixed precision training: True
2026-02-17 10:17:56,075 [INFO] Using GPU-accelerated transforms to reduce CPU bottleneck
2026-02-17 10:17:56,075 [INFO] Train samples: 128135, Val samples: 5000
2026-02-17 10:17:56,075 [INFO] Effective batch size: 128 (128 x 1 GPUs)
2026-02-17 10:17:56,075 [INFO] Starting training for 50 epochs...
2026-02-17 10:17:56,075 [INFO] Gradient flow logging enabled (every 50 steps)
2026-02-17 10:20:21,966 [INFO] Epoch 1/50 | Train Loss: nan, Train Acc: 1.02% | (validation skipped) | LR: 0.002997 | Time: 145.9s
2026-02-17 10:22:39,768 [INFO] Epoch 2/50 | Train Loss: nan, Train Acc: 1.06% | (validation skipped) | LR: 0.002988 | Time: 137.8s
2026-02-17 10:24:57,397 [INFO] Epoch 3/50 | Train Loss: nan, Train Acc: 1.05% | (validation skipped) | LR: 0.002974 | Time: 137.6s
2026-02-17 10:27:15,152 [INFO] Epoch 4/50 | Train Loss: nan, Train Acc: 1.05% | (validation skipped) | LR: 0.002953 | Time: 137.8s
2026-02-17 10:29:36,987 [INFO] Epoch 5/50 | Train Loss: nan, Train Acc: 1.06% | Val Loss: nan, Val Acc: 0.86% | LR: 0.002927 | Time: 141.8s
2026-02-17 10:29:37,385 [INFO] New best accuracy: 0.86%
2026-02-17 10:31:55,228 [INFO] Epoch 6/50 | Train Loss: nan, Train Acc: 1.04% | (validation skipped) | LR: 0.002895 | Time: 137.8s
2026-02-17 10:34:13,207 [INFO] Epoch 7/50 | Train Loss: nan, Train Acc: 1.05% | (validation skipped) | LR: 0.002858 | Time: 138.0s
2026-02-17 10:36:30,987 [INFO] Epoch 8/50 | Train Loss: nan, Train Acc: 1.04% | (validation skipped) | LR: 0.002815 | Time: 137.8s
2026-02-17 10:38:48,766 [INFO] Epoch 9/50 | Train Loss: nan, Train Acc: 1.04% | (validation skipped) | LR: 0.002767 | Time: 137.8s
2026-02-17 10:41:09,861 [INFO] Epoch 10/50 | Train Loss: nan, Train Acc: 1.06% | Val Loss: nan, Val Acc: 0.86% | LR: 0.002714 | Time: 141.0s
2026-02-17 10:43:27,832 [INFO] Epoch 11/50 | Train Loss: nan, Train Acc: 1.09% | (validation skipped) | LR: 0.002657 | Time: 137.7s
2026-02-17 10:45:45,633 [INFO] Epoch 12/50 | Train Loss: nan, Train Acc: 1.07% | (validation skipped) | LR: 0.002595 | Time: 137.8s
2026-02-17 10:48:03,300 [INFO] Epoch 13/50 | Train Loss: nan, Train Acc: 0.98% | (validation skipped) | LR: 0.002528 | Time: 137.7s
2026-02-17 10:50:21,046 [INFO] Epoch 14/50 | Train Loss: nan, Train Acc: 1.06% | (validation skipped) | LR: 0.002458 | Time: 137.7s
2026-02-17 10:52:41,958 [INFO] Epoch 15/50 | Train Loss: nan, Train Acc: 1.04% | Val Loss: nan, Val Acc: 0.86% | LR: 0.002384 | Time: 140.9s
2026-02-17 10:54:59,859 [INFO] Epoch 16/50 | Train Loss: nan, Train Acc: 1.03% | (validation skipped) | LR: 0.002306 | Time: 137.9s
2026-02-17 10:57:17,811 [INFO] Epoch 17/50 | Train Loss: nan, Train Acc: 1.06% | (validation skipped) | LR: 0.002225 | Time: 138.0s
2026-02-17 10:59:35,636 [INFO] Epoch 18/50 | Train Loss: nan, Train Acc: 1.07% | (validation skipped) | LR: 0.002142 | Time: 137.8s
2026-02-17 11:01:53,448 [INFO] Epoch 19/50 | Train Loss: nan, Train Acc: 1.05% | (validation skipped) | LR: 0.002055 | Time: 137.8s
2026-02-17 11:04:14,551 [INFO] Epoch 20/50 | Train Loss: nan, Train Acc: 1.05% | Val Loss: nan, Val Acc: 0.86% | LR: 0.001967 | Time: 141.1s
2026-02-17 11:06:32,791 [INFO] Epoch 21/50 | Train Loss: nan, Train Acc: 1.00% | (validation skipped) | LR: 0.001877 | Time: 137.9s
2026-02-17 11:08:50,652 [INFO] Epoch 22/50 | Train Loss: nan, Train Acc: 1.04% | (validation skipped) | LR: 0.001785 | Time: 137.9s
2026-02-17 11:11:08,345 [INFO] Epoch 23/50 | Train Loss: nan, Train Acc: 1.03% | (validation skipped) | LR: 0.001692 | Time: 137.7s
2026-02-17 11:13:26,325 [INFO] Epoch 24/50 | Train Loss: nan, Train Acc: 1.02% | (validation skipped) | LR: 0.001599 | Time: 138.0s
2026-02-17 11:15:47,402 [INFO] Epoch 25/50 | Train Loss: nan, Train Acc: 1.03% | Val Loss: nan, Val Acc: 0.86% | LR: 0.001505 | Time: 141.1s
2026-02-17 11:18:05,108 [INFO] Epoch 26/50 | Train Loss: nan, Train Acc: 1.05% | (validation skipped) | LR: 0.001411 | Time: 137.7s
2026-02-17 11:20:23,061 [INFO] Epoch 27/50 | Train Loss: nan, Train Acc: 1.07% | (validation skipped) | LR: 0.001318 | Time: 138.0s
2026-02-17 11:22:40,952 [INFO] Epoch 28/50 | Train Loss: nan, Train Acc: 1.04% | (validation skipped) | LR: 0.001225 | Time: 137.9s
2026-02-17 11:24:58,790 [INFO] Epoch 29/50 | Train Loss: nan, Train Acc: 1.05% | (validation skipped) | LR: 0.001133 | Time: 137.8s
2026-02-17 11:27:19,816 [INFO] Epoch 30/50 | Train Loss: nan, Train Acc: 1.05% | Val Loss: nan, Val Acc: 0.86% | LR: 0.001043 | Time: 141.0s
2026-02-17 11:29:38,042 [INFO] Epoch 31/50 | Train Loss: nan, Train Acc: 1.01% | (validation skipped) | LR: 0.000955 | Time: 137.8s
2026-02-17 11:31:56,012 [INFO] Epoch 32/50 | Train Loss: nan, Train Acc: 1.06% | (validation skipped) | LR: 0.000868 | Time: 138.0s
2026-02-17 11:34:14,000 [INFO] Epoch 33/50 | Train Loss: nan, Train Acc: 1.05% | (validation skipped) | LR: 0.000785 | Time: 138.0s
2026-02-17 11:36:31,853 [INFO] Epoch 34/50 | Train Loss: nan, Train Acc: 1.02% | (validation skipped) | LR: 0.000704 | Time: 137.9s
2026-02-17 11:38:52,988 [INFO] Epoch 35/50 | Train Loss: nan, Train Acc: 1.03% | Val Loss: nan, Val Acc: 0.86% | LR: 0.000626 | Time: 141.1s
2026-02-17 11:41:10,706 [INFO] Epoch 36/50 | Train Loss: nan, Train Acc: 1.03% | (validation skipped) | LR: 0.000552 | Time: 137.7s
2026-02-17 11:43:28,454 [INFO] Epoch 37/50 | Train Loss: nan, Train Acc: 1.05% | (validation skipped) | LR: 0.000482 | Time: 137.7s
2026-02-17 11:45:46,395 [INFO] Epoch 38/50 | Train Loss: nan, Train Acc: 1.00% | (validation skipped) | LR: 0.000415 | Time: 137.9s
2026-02-17 11:48:04,285 [INFO] Epoch 39/50 | Train Loss: nan, Train Acc: 1.03% | (validation skipped) | LR: 0.000353 | Time: 137.9s
2026-02-17 11:50:25,577 [INFO] Epoch 40/50 | Train Loss: nan, Train Acc: 1.07% | Val Loss: nan, Val Acc: 0.86% | LR: 0.000296 | Time: 141.2s
2026-02-17 11:52:43,726 [INFO] Epoch 41/50 | Train Loss: nan, Train Acc: 1.07% | (validation skipped) | LR: 0.000243 | Time: 137.8s
2026-02-17 11:55:01,570 [INFO] Epoch 42/50 | Train Loss: nan, Train Acc: 1.03% | (validation skipped) | LR: 0.000195 | Time: 137.8s
2026-02-17 11:57:19,418 [INFO] Epoch 43/50 | Train Loss: nan, Train Acc: 1.08% | (validation skipped) | LR: 0.000152 | Time: 137.8s
2026-02-17 11:59:37,307 [INFO] Epoch 44/50 | Train Loss: nan, Train Acc: 1.00% | (validation skipped) | LR: 0.000115 | Time: 137.9s
2026-02-17 12:01:58,257 [INFO] Epoch 45/50 | Train Loss: nan, Train Acc: 1.03% | Val Loss: nan, Val Acc: 0.86% | LR: 0.000083 | Time: 140.9s
2026-02-17 12:04:15,923 [INFO] Epoch 46/50 | Train Loss: nan, Train Acc: 1.04% | (validation skipped) | LR: 0.000057 | Time: 137.7s
2026-02-17 12:06:33,670 [INFO] Epoch 47/50 | Train Loss: nan, Train Acc: 1.05% | (validation skipped) | LR: 0.000036 | Time: 137.7s
2026-02-17 12:08:51,346 [INFO] Epoch 48/50 | Train Loss: nan, Train Acc: 1.01% | (validation skipped) | LR: 0.000022 | Time: 137.7s
2026-02-17 12:11:09,391 [INFO] Epoch 49/50 | Train Loss: nan, Train Acc: 1.02% | (validation skipped) | LR: 0.000013 | Time: 138.0s
2026-02-17 12:13:30,429 [INFO] Epoch 50/50 | Train Loss: nan, Train Acc: 1.03% | Val Loss: nan, Val Acc: 0.86% | LR: 0.000010 | Time: 141.0s
2026-02-17 12:13:30,815 [INFO] Training complete! Best accuracy: 0.86%
2026-02-17 12:13:30,815 [INFO] Outputs saved to: /projects/prjs0771/melle/projects/visionCNN/logs/convnext_medium_nonorm_bs128_lr0.003
2026-02-17 12:13:30,879 [INFO] Gradient stats saved to: /projects/prjs0771/melle/projects/visionCNN/logs/convnext_medium_nonorm_bs128_lr0.003/gradient_stats.csv
