[2026-02-17 10:08:45,995] torch.distributed.run: [WARNING] master_addr is only used for static rdzv_backend and when rdzv_endpoint is not specified.
/projects/prjs0771/melle/envs/pytorch21-cuda121/lib/python3.11/site-packages/torchvision/io/image.py:13: UserWarning: Failed to load image Python extension: '/gpfs/work1/0/prjs0771/melle/envs/pytorch21-cuda121/lib/python3.11/site-packages/torchvision/image.so: undefined symbol: _ZN3c106detail23torchInternalAssertFailEPKcS2_jS2_RKSs'If you don't plan on using image functionality from `torchvision.io`, you can ignore this warning. Otherwise, there might be something wrong with your environment. Did you have `libjpeg` or `libpng` installed before building `torchvision` from source?
  warn(
2026-02-17 10:08:50,771 [INFO] Distributed: DistributedManager(rank=0, local_rank=0, world_size=1, device=cuda:0, is_distributed=True)
2026-02-17 10:08:50,771 [INFO] Config: {'experiment_name': 'vgg_medium_nonorm_bs16_lr0.001', 'model': {'name': 'vgg_medium', 'num_classes': 100, 'norm_layer': 'nonorm'}, 'data': {'dataset': 'imagenet100', 'root': '/scratch-nvme/ml-datasets/imagenet/torchvision_ImageFolder', 'img_size': 224, 'backend': 'pytorch', 'num_workers': 16, 'pin_memory': True, 'persistent_workers': True, 'prefetch_factor': 2, 'gpu_transforms': True}, 'training': {'epochs': 50, 'batch_size': 16, 'lr': 0.001, 'min_lr': 1e-05, 'weight_decay': 0.05, 'optimizer': 'adamw', 'scheduler': 'cosine', 'label_smoothing': 0.1, 'use_amp': True, 'channels_last': True, 'seed': 42, 'val_frequency': 5, 'save_frequency': 10, 'disable_progress_bar': True, 'log_gradients': True, 'grad_log_freq': 50}, 'logging': {'log_dir': 'logs'}, 'wandb': {'enabled': True, 'project': 'norm-comparison-extended', 'tags': ['norm-experiment-extended', 'imagenet100']}}
2026-02-17 10:08:50,772 [INFO] Run directory: /projects/prjs0771/melle/projects/visionCNN/logs/vgg_medium_nonorm_bs16_lr0.001
2026-02-17 10:08:50,772 [INFO] Set random seed: 42 (rank offset applied)
2026-02-17 10:08:50,772 [INFO] Using device: cuda:0
2026-02-17 10:08:50,772 [INFO] World size: 1
2026-02-17 10:08:50,933 [INFO] Model: vgg_medium, Parameters: 14,765,988
2026-02-17 10:08:50,960 [INFO] Using channels-last (NHWC) memory format
2026-02-17 10:08:50,992 [INFO] Mixed precision training: True
2026-02-17 10:09:10,855 [INFO] Using GPU-accelerated transforms to reduce CPU bottleneck
2026-02-17 10:09:10,856 [INFO] Train samples: 128135, Val samples: 5000
2026-02-17 10:09:10,856 [INFO] Effective batch size: 16 (16 x 1 GPUs)
2026-02-17 10:09:10,856 [INFO] Starting training for 50 epochs...
2026-02-17 10:09:10,856 [INFO] Gradient flow logging enabled (every 50 steps)
2026-02-17 10:11:18,345 [INFO] Epoch 1/50 | Train Loss: 4.6400, Train Acc: 0.94% | (validation skipped) | LR: 0.000999 | Time: 127.5s
2026-02-17 10:13:23,999 [INFO] Epoch 2/50 | Train Loss: 4.6047, Train Acc: 0.95% | (validation skipped) | LR: 0.000996 | Time: 125.7s
2026-02-17 10:15:29,654 [INFO] Epoch 3/50 | Train Loss: 4.6047, Train Acc: 0.94% | (validation skipped) | LR: 0.000991 | Time: 125.7s
2026-02-17 10:17:35,246 [INFO] Epoch 4/50 | Train Loss: 4.6047, Train Acc: 0.95% | (validation skipped) | LR: 0.000984 | Time: 125.6s
2026-02-17 10:19:43,854 [INFO] Epoch 5/50 | Train Loss: 4.6047, Train Acc: 1.00% | Val Loss: 4.6066, Val Acc: 1.00% | LR: 0.000976 | Time: 128.6s
2026-02-17 10:19:44,048 [INFO] New best accuracy: 1.00%
2026-02-17 10:21:49,798 [INFO] Epoch 6/50 | Train Loss: 4.6046, Train Acc: 0.97% | (validation skipped) | LR: 0.000965 | Time: 125.7s
2026-02-17 10:23:55,519 [INFO] Epoch 7/50 | Train Loss: 4.6047, Train Acc: 0.97% | (validation skipped) | LR: 0.000953 | Time: 125.7s
2026-02-17 10:26:01,123 [INFO] Epoch 8/50 | Train Loss: 4.6046, Train Acc: 0.98% | (validation skipped) | LR: 0.000939 | Time: 125.6s
2026-02-17 10:28:06,669 [INFO] Epoch 9/50 | Train Loss: 4.6047, Train Acc: 0.97% | (validation skipped) | LR: 0.000923 | Time: 125.5s
2026-02-17 10:30:14,668 [INFO] Epoch 10/50 | Train Loss: 4.6046, Train Acc: 0.95% | Val Loss: 4.6065, Val Acc: 1.00% | LR: 0.000905 | Time: 128.0s
2026-02-17 10:32:20,318 [INFO] Epoch 11/50 | Train Loss: 4.6046, Train Acc: 0.98% | (validation skipped) | LR: 0.000886 | Time: 125.4s
2026-02-17 10:34:25,772 [INFO] Epoch 12/50 | Train Loss: 4.6046, Train Acc: 0.98% | (validation skipped) | LR: 0.000866 | Time: 125.5s
2026-02-17 10:36:31,261 [INFO] Epoch 13/50 | Train Loss: 4.6046, Train Acc: 0.99% | (validation skipped) | LR: 0.000844 | Time: 125.5s
2026-02-17 10:38:36,718 [INFO] Epoch 14/50 | Train Loss: 4.6046, Train Acc: 0.93% | (validation skipped) | LR: 0.000821 | Time: 125.5s
2026-02-17 10:40:44,567 [INFO] Epoch 15/50 | Train Loss: 4.6046, Train Acc: 0.94% | Val Loss: 4.6063, Val Acc: 1.00% | LR: 0.000796 | Time: 127.8s
2026-02-17 10:42:49,986 [INFO] Epoch 16/50 | Train Loss: 4.6045, Train Acc: 0.93% | (validation skipped) | LR: 0.000770 | Time: 125.4s
2026-02-17 10:44:55,448 [INFO] Epoch 17/50 | Train Loss: 4.6046, Train Acc: 0.95% | (validation skipped) | LR: 0.000743 | Time: 125.5s
2026-02-17 10:47:00,791 [INFO] Epoch 18/50 | Train Loss: 4.6045, Train Acc: 0.95% | (validation skipped) | LR: 0.000716 | Time: 125.3s
2026-02-17 10:49:06,061 [INFO] Epoch 19/50 | Train Loss: 4.6046, Train Acc: 0.93% | (validation skipped) | LR: 0.000687 | Time: 125.2s
2026-02-17 10:51:13,861 [INFO] Epoch 20/50 | Train Loss: 4.6045, Train Acc: 1.01% | Val Loss: 4.6066, Val Acc: 1.00% | LR: 0.000658 | Time: 127.8s
2026-02-17 10:53:19,348 [INFO] Epoch 21/50 | Train Loss: 4.6045, Train Acc: 0.97% | (validation skipped) | LR: 0.000628 | Time: 125.2s
2026-02-17 10:55:24,615 [INFO] Epoch 22/50 | Train Loss: 4.6045, Train Acc: 0.97% | (validation skipped) | LR: 0.000598 | Time: 125.2s
2026-02-17 10:57:29,794 [INFO] Epoch 23/50 | Train Loss: 4.6044, Train Acc: 0.94% | (validation skipped) | LR: 0.000567 | Time: 125.2s
2026-02-17 10:59:34,980 [INFO] Epoch 24/50 | Train Loss: 4.6044, Train Acc: 0.96% | (validation skipped) | LR: 0.000536 | Time: 125.2s
2026-02-17 11:01:42,548 [INFO] Epoch 25/50 | Train Loss: 4.6044, Train Acc: 0.98% | Val Loss: 4.6064, Val Acc: 1.00% | LR: 0.000505 | Time: 127.6s
2026-02-17 11:03:47,682 [INFO] Epoch 26/50 | Train Loss: 4.6044, Train Acc: 0.92% | (validation skipped) | LR: 0.000474 | Time: 125.1s
2026-02-17 11:05:52,832 [INFO] Epoch 27/50 | Train Loss: 4.6044, Train Acc: 0.95% | (validation skipped) | LR: 0.000443 | Time: 125.1s
2026-02-17 11:07:57,936 [INFO] Epoch 28/50 | Train Loss: 4.6043, Train Acc: 0.97% | (validation skipped) | LR: 0.000412 | Time: 125.1s
2026-02-17 11:10:03,018 [INFO] Epoch 29/50 | Train Loss: 4.6043, Train Acc: 0.95% | (validation skipped) | LR: 0.000382 | Time: 125.1s
2026-02-17 11:12:10,769 [INFO] Epoch 30/50 | Train Loss: 4.6043, Train Acc: 0.97% | Val Loss: 4.6064, Val Acc: 1.00% | LR: 0.000352 | Time: 127.7s
2026-02-17 11:14:16,023 [INFO] Epoch 31/50 | Train Loss: 4.6043, Train Acc: 0.98% | (validation skipped) | LR: 0.000323 | Time: 125.1s
2026-02-17 11:16:21,166 [INFO] Epoch 32/50 | Train Loss: 4.6042, Train Acc: 0.98% | (validation skipped) | LR: 0.000294 | Time: 125.1s
2026-02-17 11:18:26,252 [INFO] Epoch 33/50 | Train Loss: 4.6042, Train Acc: 0.94% | (validation skipped) | LR: 0.000267 | Time: 125.1s
2026-02-17 11:20:31,335 [INFO] Epoch 34/50 | Train Loss: 4.6042, Train Acc: 0.95% | (validation skipped) | LR: 0.000240 | Time: 125.1s
2026-02-17 11:22:38,977 [INFO] Epoch 35/50 | Train Loss: 4.6042, Train Acc: 0.94% | Val Loss: 4.6064, Val Acc: 1.00% | LR: 0.000214 | Time: 127.6s
2026-02-17 11:24:44,087 [INFO] Epoch 36/50 | Train Loss: 4.6042, Train Acc: 0.92% | (validation skipped) | LR: 0.000189 | Time: 125.1s
2026-02-17 11:27:07,188 [INFO] Epoch 37/50 | Train Loss: 4.6042, Train Acc: 0.94% | (validation skipped) | LR: 0.000166 | Time: 143.1s
2026-02-17 11:29:48,386 [INFO] Epoch 38/50 | Train Loss: 4.6041, Train Acc: 0.92% | (validation skipped) | LR: 0.000144 | Time: 161.2s
2026-02-17 11:32:29,928 [INFO] Epoch 39/50 | Train Loss: 4.6041, Train Acc: 0.93% | (validation skipped) | LR: 0.000124 | Time: 161.5s
2026-02-17 11:35:23,939 [INFO] Epoch 40/50 | Train Loss: 4.6041, Train Acc: 0.93% | Val Loss: 4.6063, Val Acc: 1.00% | LR: 0.000105 | Time: 173.9s
2026-02-17 11:38:06,864 [INFO] Epoch 41/50 | Train Loss: 4.6041, Train Acc: 0.93% | (validation skipped) | LR: 0.000087 | Time: 162.6s
2026-02-17 11:40:47,969 [INFO] Epoch 42/50 | Train Loss: 4.6040, Train Acc: 0.93% | (validation skipped) | LR: 0.000071 | Time: 161.1s
2026-02-17 11:43:29,189 [INFO] Epoch 43/50 | Train Loss: 4.6040, Train Acc: 0.95% | (validation skipped) | LR: 0.000057 | Time: 161.2s
2026-02-17 11:46:10,191 [INFO] Epoch 44/50 | Train Loss: 4.6041, Train Acc: 0.95% | (validation skipped) | LR: 0.000045 | Time: 161.0s
2026-02-17 11:48:54,669 [INFO] Epoch 45/50 | Train Loss: 4.6040, Train Acc: 0.93% | Val Loss: 4.6064, Val Acc: 1.00% | LR: 0.000034 | Time: 164.4s
2026-02-17 11:51:43,330 [INFO] Epoch 46/50 | Train Loss: 4.6040, Train Acc: 0.92% | (validation skipped) | LR: 0.000026 | Time: 168.6s
2026-02-17 11:54:25,981 [INFO] Epoch 47/50 | Train Loss: 4.6041, Train Acc: 0.89% | (validation skipped) | LR: 0.000019 | Time: 162.6s
2026-02-17 11:57:08,053 [INFO] Epoch 48/50 | Train Loss: 4.6041, Train Acc: 0.95% | (validation skipped) | LR: 0.000014 | Time: 162.0s
2026-02-17 11:59:51,230 [INFO] Epoch 49/50 | Train Loss: 4.6041, Train Acc: 0.96% | (validation skipped) | LR: 0.000011 | Time: 163.2s
2026-02-17 12:02:35,290 [INFO] Epoch 50/50 | Train Loss: 4.6042, Train Acc: 0.96% | Val Loss: 4.6065, Val Acc: 1.00% | LR: 0.000010 | Time: 164.0s
2026-02-17 12:02:35,583 [INFO] Training complete! Best accuracy: 1.00%
2026-02-17 12:02:35,584 [INFO] Outputs saved to: /projects/prjs0771/melle/projects/visionCNN/logs/vgg_medium_nonorm_bs16_lr0.001
2026-02-17 12:02:35,702 [INFO] Gradient stats saved to: /projects/prjs0771/melle/projects/visionCNN/logs/vgg_medium_nonorm_bs16_lr0.001/gradient_stats.csv
