[2026-02-17 18:24:07,184] torch.distributed.run: [WARNING] master_addr is only used for static rdzv_backend and when rdzv_endpoint is not specified.
/projects/prjs0771/melle/envs/pytorch21-cuda121/lib/python3.11/site-packages/torchvision/io/image.py:13: UserWarning: Failed to load image Python extension: '/gpfs/work1/0/prjs0771/melle/envs/pytorch21-cuda121/lib/python3.11/site-packages/torchvision/image.so: undefined symbol: _ZN3c106detail23torchInternalAssertFailEPKcS2_jS2_RKSs'If you don't plan on using image functionality from `torchvision.io`, you can ignore this warning. Otherwise, there might be something wrong with your environment. Did you have `libjpeg` or `libpng` installed before building `torchvision` from source?
  warn(
2026-02-17 18:24:12,210 [INFO] Distributed: DistributedManager(rank=0, local_rank=0, world_size=1, device=cuda:0, is_distributed=True)
2026-02-17 18:24:12,228 [INFO] Config: {'experiment_name': 'convnext_medium_groupnorm_bs128_lr0.0003', 'model': {'name': 'convnext_medium', 'num_classes': 100, 'norm_layer': 'groupnorm'}, 'data': {'dataset': 'imagenet100', 'root': '/scratch-nvme/ml-datasets/imagenet/torchvision_ImageFolder', 'img_size': 224, 'backend': 'pytorch', 'num_workers': 16, 'pin_memory': True, 'persistent_workers': True, 'prefetch_factor': 2, 'gpu_transforms': True}, 'training': {'epochs': 50, 'batch_size': 128, 'lr': 0.0003, 'min_lr': 1e-05, 'weight_decay': 0.05, 'optimizer': 'adamw', 'scheduler': 'cosine', 'label_smoothing': 0.1, 'use_amp': True, 'channels_last': True, 'seed': 42, 'val_frequency': 5, 'save_frequency': 10, 'disable_progress_bar': True, 'log_gradients': True, 'grad_log_freq': 50}, 'logging': {'log_dir': 'logs'}, 'wandb': {'enabled': True, 'project': 'norm-comparison-extended', 'tags': ['norm-experiment-extended', 'imagenet100']}}
2026-02-17 18:24:12,228 [INFO] Run directory: /projects/prjs0771/melle/projects/visionCNN/logs/convnext_medium_groupnorm_bs128_lr0.0003
2026-02-17 18:24:12,228 [INFO] Set random seed: 42 (rank offset applied)
2026-02-17 18:24:12,229 [INFO] Using device: cuda:0
2026-02-17 18:24:12,229 [INFO] World size: 1
2026-02-17 18:24:13,650 [INFO] Model: convnext_medium, Parameters: 19,173,700
2026-02-17 18:24:13,655 [INFO] Using channels-last (NHWC) memory format
2026-02-17 18:24:13,686 [INFO] Mixed precision training: True
2026-02-17 18:24:35,114 [INFO] Using GPU-accelerated transforms to reduce CPU bottleneck
2026-02-17 18:24:35,114 [INFO] Train samples: 128135, Val samples: 5000
2026-02-17 18:24:35,114 [INFO] Effective batch size: 128 (128 x 1 GPUs)
2026-02-17 18:24:35,114 [INFO] Resuming from: /projects/prjs0771/melle/projects/visionCNN/logs/convnext_medium_groupnorm_bs128_lr0.0003/last.pt
2026-02-17 18:24:36,429 [INFO] Resumed from epoch 40, best_acc: 83.22%
2026-02-17 18:24:36,429 [INFO] Starting training for 50 epochs...
2026-02-17 18:24:36,429 [INFO] Gradient flow logging enabled (every 50 steps)
2026-02-17 18:27:43,675 [INFO] Epoch 41/50 | Train Loss: 1.1690, Train Acc: 90.36% | (validation skipped) | LR: 0.000033 | Time: 187.2s
2026-02-17 18:30:42,466 [INFO] Epoch 42/50 | Train Loss: 1.1675, Train Acc: 90.39% | (validation skipped) | LR: 0.000028 | Time: 178.8s
2026-02-17 18:33:41,259 [INFO] Epoch 43/50 | Train Loss: 1.1576, Train Acc: 90.70% | (validation skipped) | LR: 0.000024 | Time: 178.8s
2026-02-17 18:36:40,054 [INFO] Epoch 44/50 | Train Loss: 1.1521, Train Acc: 90.82% | (validation skipped) | LR: 0.000020 | Time: 178.8s
2026-02-17 18:39:43,386 [INFO] Epoch 45/50 | Train Loss: 1.1463, Train Acc: 91.00% | Val Loss: 1.3749, Val Acc: 83.64% | LR: 0.000017 | Time: 183.3s
2026-02-17 18:39:43,668 [INFO] New best accuracy: 83.64%
2026-02-17 18:42:42,337 [INFO] Epoch 46/50 | Train Loss: 1.1483, Train Acc: 90.96% | (validation skipped) | LR: 0.000015 | Time: 178.7s
2026-02-17 18:45:41,000 [INFO] Epoch 47/50 | Train Loss: 1.1402, Train Acc: 91.18% | (validation skipped) | LR: 0.000013 | Time: 178.6s
2026-02-17 18:48:39,708 [INFO] Epoch 48/50 | Train Loss: 1.1397, Train Acc: 91.20% | (validation skipped) | LR: 0.000011 | Time: 178.7s
2026-02-17 18:51:38,684 [INFO] Epoch 49/50 | Train Loss: 1.1379, Train Acc: 91.30% | (validation skipped) | LR: 0.000010 | Time: 178.9s
2026-02-17 18:54:41,454 [INFO] Epoch 50/50 | Train Loss: 1.1370, Train Acc: 91.28% | Val Loss: 1.3706, Val Acc: 83.70% | LR: 0.000010 | Time: 182.7s
2026-02-17 18:54:41,724 [INFO] New best accuracy: 83.70%
2026-02-17 18:54:41,990 [INFO] Training complete! Best accuracy: 83.70%
2026-02-17 18:54:41,990 [INFO] Outputs saved to: /projects/prjs0771/melle/projects/visionCNN/logs/convnext_medium_groupnorm_bs128_lr0.0003
2026-02-17 18:54:42,050 [INFO] Gradient stats saved to: /projects/prjs0771/melle/projects/visionCNN/logs/convnext_medium_groupnorm_bs128_lr0.0003/gradient_stats.csv
