[2026-02-17 18:26:12,147] torch.distributed.run: [WARNING] master_addr is only used for static rdzv_backend and when rdzv_endpoint is not specified.
/projects/prjs0771/melle/envs/pytorch21-cuda121/lib/python3.11/site-packages/torchvision/io/image.py:13: UserWarning: Failed to load image Python extension: '/gpfs/work1/0/prjs0771/melle/envs/pytorch21-cuda121/lib/python3.11/site-packages/torchvision/image.so: undefined symbol: _ZN3c106detail23torchInternalAssertFailEPKcS2_jS2_RKSs'If you don't plan on using image functionality from `torchvision.io`, you can ignore this warning. Otherwise, there might be something wrong with your environment. Did you have `libjpeg` or `libpng` installed before building `torchvision` from source?
  warn(
2026-02-17 18:26:18,060 [INFO] Distributed: DistributedManager(rank=0, local_rank=0, world_size=1, device=cuda:0, is_distributed=True)
2026-02-17 18:26:18,081 [INFO] Config: {'experiment_name': 'convnext_medium_groupnorm_bs512_lr0.001', 'model': {'name': 'convnext_medium', 'num_classes': 100, 'norm_layer': 'groupnorm'}, 'data': {'dataset': 'imagenet100', 'root': '/scratch-nvme/ml-datasets/imagenet/torchvision_ImageFolder', 'img_size': 224, 'backend': 'pytorch', 'num_workers': 16, 'pin_memory': True, 'persistent_workers': True, 'prefetch_factor': 2, 'gpu_transforms': True}, 'training': {'epochs': 50, 'batch_size': 512, 'lr': 0.001, 'min_lr': 1e-05, 'weight_decay': 0.05, 'optimizer': 'adamw', 'scheduler': 'cosine', 'label_smoothing': 0.1, 'use_amp': True, 'channels_last': True, 'seed': 42, 'val_frequency': 5, 'save_frequency': 10, 'disable_progress_bar': True, 'log_gradients': True, 'grad_log_freq': 50}, 'logging': {'log_dir': 'logs'}, 'wandb': {'enabled': True, 'project': 'norm-comparison-extended', 'tags': ['norm-experiment-extended', 'imagenet100']}}
2026-02-17 18:26:18,081 [INFO] Run directory: /projects/prjs0771/melle/projects/visionCNN/logs/convnext_medium_groupnorm_bs512_lr0.001
2026-02-17 18:26:18,081 [INFO] Set random seed: 42 (rank offset applied)
2026-02-17 18:26:18,081 [INFO] Using device: cuda:0
2026-02-17 18:26:18,081 [INFO] World size: 1
2026-02-17 18:26:19,486 [INFO] Model: convnext_medium, Parameters: 19,173,700
2026-02-17 18:26:19,490 [INFO] Using channels-last (NHWC) memory format
2026-02-17 18:26:19,518 [INFO] Mixed precision training: True
2026-02-17 18:26:42,467 [INFO] Using GPU-accelerated transforms to reduce CPU bottleneck
2026-02-17 18:26:42,467 [INFO] Train samples: 128135, Val samples: 5000
2026-02-17 18:26:42,467 [INFO] Effective batch size: 512 (512 x 1 GPUs)
2026-02-17 18:26:42,467 [INFO] Resuming from: /projects/prjs0771/melle/projects/visionCNN/logs/convnext_medium_groupnorm_bs512_lr0.001/last.pt
2026-02-17 18:26:44,840 [INFO] Resumed from epoch 40, best_acc: 81.88%
2026-02-17 18:26:44,840 [INFO] Starting training for 50 epochs...
2026-02-17 18:26:44,840 [INFO] Gradient flow logging enabled (every 50 steps)
2026-02-17 18:29:59,496 [INFO] Epoch 41/50 | Train Loss: 1.1728, Train Acc: 90.18% | (validation skipped) | LR: 0.000087 | Time: 194.7s
2026-02-17 18:32:47,364 [INFO] Epoch 42/50 | Train Loss: 1.1713, Train Acc: 90.29% | (validation skipped) | LR: 0.000071 | Time: 167.8s
2026-02-17 18:35:35,922 [INFO] Epoch 43/50 | Train Loss: 1.1647, Train Acc: 90.48% | (validation skipped) | LR: 0.000057 | Time: 168.5s
2026-02-17 18:38:24,459 [INFO] Epoch 44/50 | Train Loss: 1.1563, Train Acc: 90.66% | (validation skipped) | LR: 0.000045 | Time: 168.5s
2026-02-17 18:41:21,316 [INFO] Epoch 45/50 | Train Loss: 1.1520, Train Acc: 90.84% | Val Loss: 1.4077, Val Acc: 82.02% | LR: 0.000034 | Time: 176.8s
2026-02-17 18:41:21,619 [INFO] New best accuracy: 82.02%
2026-02-17 18:44:09,545 [INFO] Epoch 46/50 | Train Loss: 1.1520, Train Acc: 90.88% | (validation skipped) | LR: 0.000026 | Time: 167.9s
2026-02-17 18:46:57,883 [INFO] Epoch 47/50 | Train Loss: 1.1449, Train Acc: 91.05% | (validation skipped) | LR: 0.000019 | Time: 168.3s
2026-02-17 18:49:45,716 [INFO] Epoch 48/50 | Train Loss: 1.1437, Train Acc: 91.01% | (validation skipped) | LR: 0.000014 | Time: 167.8s
2026-02-17 18:52:34,580 [INFO] Epoch 49/50 | Train Loss: 1.1396, Train Acc: 91.18% | (validation skipped) | LR: 0.000011 | Time: 168.8s
2026-02-17 18:55:29,680 [INFO] Epoch 50/50 | Train Loss: 1.1417, Train Acc: 91.14% | Val Loss: 1.4070, Val Acc: 82.04% | LR: 0.000010 | Time: 175.1s
2026-02-17 18:55:30,010 [INFO] New best accuracy: 82.04%
2026-02-17 18:55:30,287 [INFO] Training complete! Best accuracy: 82.04%
2026-02-17 18:55:30,287 [INFO] Outputs saved to: /projects/prjs0771/melle/projects/visionCNN/logs/convnext_medium_groupnorm_bs512_lr0.001
2026-02-17 18:55:30,321 [INFO] Gradient stats saved to: /projects/prjs0771/melle/projects/visionCNN/logs/convnext_medium_groupnorm_bs512_lr0.001/gradient_stats.csv
