[2026-02-17 17:59:09,211] torch.distributed.run: [WARNING] master_addr is only used for static rdzv_backend and when rdzv_endpoint is not specified.
/projects/prjs0771/melle/envs/pytorch21-cuda121/lib/python3.11/site-packages/torchvision/io/image.py:13: UserWarning: Failed to load image Python extension: '/gpfs/work1/0/prjs0771/melle/envs/pytorch21-cuda121/lib/python3.11/site-packages/torchvision/image.so: undefined symbol: _ZN3c106detail23torchInternalAssertFailEPKcS2_jS2_RKSs'If you don't plan on using image functionality from `torchvision.io`, you can ignore this warning. Otherwise, there might be something wrong with your environment. Did you have `libjpeg` or `libpng` installed before building `torchvision` from source?
  warn(
2026-02-17 17:59:15,601 [INFO] Distributed: DistributedManager(rank=0, local_rank=0, world_size=1, device=cuda:0, is_distributed=True)
2026-02-17 17:59:15,624 [INFO] Config: {'experiment_name': 'convnext_medium_batchnorm_bs128_lr0.003', 'model': {'name': 'convnext_medium', 'num_classes': 100, 'norm_layer': 'batchnorm'}, 'data': {'dataset': 'imagenet100', 'root': '/scratch-nvme/ml-datasets/imagenet/torchvision_ImageFolder', 'img_size': 224, 'backend': 'pytorch', 'num_workers': 16, 'pin_memory': True, 'persistent_workers': True, 'prefetch_factor': 2, 'gpu_transforms': True}, 'training': {'epochs': 50, 'batch_size': 128, 'lr': 0.003, 'min_lr': 1e-05, 'weight_decay': 0.05, 'optimizer': 'adamw', 'scheduler': 'cosine', 'label_smoothing': 0.1, 'use_amp': True, 'channels_last': True, 'seed': 42, 'val_frequency': 5, 'save_frequency': 10, 'disable_progress_bar': True, 'log_gradients': True, 'grad_log_freq': 50}, 'logging': {'log_dir': 'logs'}, 'wandb': {'enabled': True, 'project': 'norm-comparison-extended', 'tags': ['norm-experiment-extended', 'imagenet100']}}
2026-02-17 17:59:15,624 [INFO] Run directory: /projects/prjs0771/melle/projects/visionCNN/logs/convnext_medium_batchnorm_bs128_lr0.003
2026-02-17 17:59:15,624 [INFO] Set random seed: 42 (rank offset applied)
2026-02-17 17:59:15,624 [INFO] Using device: cuda:0
2026-02-17 17:59:15,624 [INFO] World size: 1
2026-02-17 17:59:17,043 [INFO] Model: convnext_medium, Parameters: 19,173,700
2026-02-17 17:59:17,048 [INFO] Using channels-last (NHWC) memory format
2026-02-17 17:59:17,093 [INFO] Mixed precision training: True
2026-02-17 17:59:42,787 [INFO] Using GPU-accelerated transforms to reduce CPU bottleneck
2026-02-17 17:59:42,787 [INFO] Train samples: 128135, Val samples: 5000
2026-02-17 17:59:42,787 [INFO] Effective batch size: 128 (128 x 1 GPUs)
2026-02-17 17:59:42,787 [INFO] Resuming from: /projects/prjs0771/melle/projects/visionCNN/logs/convnext_medium_batchnorm_bs128_lr0.003/last.pt
2026-02-17 17:59:43,780 [INFO] Resumed from epoch 40, best_acc: 86.44%
2026-02-17 17:59:43,780 [INFO] Starting training for 50 epochs...
2026-02-17 17:59:43,780 [INFO] Gradient flow logging enabled (every 50 steps)
2026-02-17 18:02:19,458 [INFO] Epoch 41/50 | Train Loss: 1.1334, Train Acc: 90.71% | (validation skipped) | LR: 0.000243 | Time: 155.7s
2026-02-17 18:04:46,874 [INFO] Epoch 42/50 | Train Loss: 1.1226, Train Acc: 90.98% | (validation skipped) | LR: 0.000195 | Time: 147.4s
2026-02-17 18:07:14,275 [INFO] Epoch 43/50 | Train Loss: 1.1021, Train Acc: 91.68% | (validation skipped) | LR: 0.000152 | Time: 147.4s
2026-02-17 18:09:41,640 [INFO] Epoch 44/50 | Train Loss: 1.0876, Train Acc: 92.15% | (validation skipped) | LR: 0.000115 | Time: 147.4s
2026-02-17 18:12:13,076 [INFO] Epoch 45/50 | Train Loss: 1.0772, Train Acc: 92.35% | Val Loss: 1.2023, Val Acc: 87.74% | LR: 0.000083 | Time: 151.4s
2026-02-17 18:12:13,424 [INFO] New best accuracy: 87.74%
2026-02-17 18:14:40,693 [INFO] Epoch 46/50 | Train Loss: 1.0703, Train Acc: 92.53% | (validation skipped) | LR: 0.000057 | Time: 147.3s
2026-02-17 18:17:07,934 [INFO] Epoch 47/50 | Train Loss: 1.0595, Train Acc: 92.92% | (validation skipped) | LR: 0.000036 | Time: 147.2s
2026-02-17 18:19:35,138 [INFO] Epoch 48/50 | Train Loss: 1.0554, Train Acc: 93.03% | (validation skipped) | LR: 0.000022 | Time: 147.2s
2026-02-17 18:22:02,684 [INFO] Epoch 49/50 | Train Loss: 1.0553, Train Acc: 93.06% | (validation skipped) | LR: 0.000013 | Time: 147.5s
2026-02-17 18:24:33,638 [INFO] Epoch 50/50 | Train Loss: 1.0530, Train Acc: 93.08% | Val Loss: 1.1945, Val Acc: 88.06% | LR: 0.000010 | Time: 150.9s
2026-02-17 18:24:33,937 [INFO] New best accuracy: 88.06%
2026-02-17 18:24:34,255 [INFO] Training complete! Best accuracy: 88.06%
2026-02-17 18:24:34,256 [INFO] Outputs saved to: /projects/prjs0771/melle/projects/visionCNN/logs/convnext_medium_batchnorm_bs128_lr0.003
2026-02-17 18:24:34,306 [INFO] Gradient stats saved to: /projects/prjs0771/melle/projects/visionCNN/logs/convnext_medium_batchnorm_bs128_lr0.003/gradient_stats.csv
