[2026-02-17 18:29:19,722] torch.distributed.run: [WARNING] master_addr is only used for static rdzv_backend and when rdzv_endpoint is not specified.
/projects/prjs0771/melle/envs/pytorch21-cuda121/lib/python3.11/site-packages/torchvision/io/image.py:13: UserWarning: Failed to load image Python extension: '/gpfs/work1/0/prjs0771/melle/envs/pytorch21-cuda121/lib/python3.11/site-packages/torchvision/image.so: undefined symbol: _ZN3c106detail23torchInternalAssertFailEPKcS2_jS2_RKSs'If you don't plan on using image functionality from `torchvision.io`, you can ignore this warning. Otherwise, there might be something wrong with your environment. Did you have `libjpeg` or `libpng` installed before building `torchvision` from source?
  warn(
2026-02-17 18:29:30,650 [INFO] Distributed: DistributedManager(rank=0, local_rank=0, world_size=1, device=cuda:0, is_distributed=True)
2026-02-17 18:29:30,674 [INFO] Config: {'experiment_name': 'convnext_medium_layernorm_bs128_lr0.003', 'model': {'name': 'convnext_medium', 'num_classes': 100, 'norm_layer': 'layernorm'}, 'data': {'dataset': 'imagenet100', 'root': '/scratch-nvme/ml-datasets/imagenet/torchvision_ImageFolder', 'img_size': 224, 'backend': 'pytorch', 'num_workers': 16, 'pin_memory': True, 'persistent_workers': True, 'prefetch_factor': 2, 'gpu_transforms': True}, 'training': {'epochs': 50, 'batch_size': 128, 'lr': 0.003, 'min_lr': 1e-05, 'weight_decay': 0.05, 'optimizer': 'adamw', 'scheduler': 'cosine', 'label_smoothing': 0.1, 'use_amp': True, 'channels_last': True, 'seed': 42, 'val_frequency': 5, 'save_frequency': 10, 'disable_progress_bar': True, 'log_gradients': True, 'grad_log_freq': 50}, 'logging': {'log_dir': 'logs'}, 'wandb': {'enabled': True, 'project': 'norm-comparison-extended', 'tags': ['norm-experiment-extended', 'imagenet100']}}
2026-02-17 18:29:30,675 [INFO] Run directory: /projects/prjs0771/melle/projects/visionCNN/logs/convnext_medium_layernorm_bs128_lr0.003
2026-02-17 18:29:30,676 [INFO] Set random seed: 42 (rank offset applied)
2026-02-17 18:29:30,676 [INFO] Using device: cuda:0
2026-02-17 18:29:30,676 [INFO] World size: 1
2026-02-17 18:29:32,135 [INFO] Model: convnext_medium, Parameters: 19,173,700
2026-02-17 18:29:32,140 [INFO] Using channels-last (NHWC) memory format
2026-02-17 18:29:32,175 [INFO] Mixed precision training: True
2026-02-17 18:31:30,965 [INFO] Using GPU-accelerated transforms to reduce CPU bottleneck
2026-02-17 18:31:30,966 [INFO] Train samples: 128135, Val samples: 5000
2026-02-17 18:31:30,966 [INFO] Effective batch size: 128 (128 x 1 GPUs)
2026-02-17 18:31:30,966 [INFO] Resuming from: /projects/prjs0771/melle/projects/visionCNN/logs/convnext_medium_layernorm_bs128_lr0.003/last.pt
2026-02-17 18:31:32,388 [INFO] Resumed from epoch 30, best_acc: 80.62%
2026-02-17 18:31:32,388 [INFO] Starting training for 50 epochs...
2026-02-17 18:31:32,388 [INFO] Gradient flow logging enabled (every 50 steps)
2026-02-17 18:34:44,814 [INFO] Epoch 31/50 | Train Loss: 1.4586, Train Acc: 79.81% | (validation skipped) | LR: 0.000955 | Time: 192.4s
2026-02-17 18:37:48,533 [INFO] Epoch 32/50 | Train Loss: 1.4292, Train Acc: 80.71% | (validation skipped) | LR: 0.000868 | Time: 183.7s
2026-02-17 18:40:51,985 [INFO] Epoch 33/50 | Train Loss: 1.4006, Train Acc: 81.54% | (validation skipped) | LR: 0.000785 | Time: 183.4s
2026-02-17 18:43:55,397 [INFO] Epoch 34/50 | Train Loss: 1.3676, Train Acc: 82.66% | (validation skipped) | LR: 0.000704 | Time: 183.4s
2026-02-17 18:47:04,984 [INFO] Epoch 35/50 | Train Loss: 1.3415, Train Acc: 83.33% | Val Loss: 1.3438, Val Acc: 83.16% | LR: 0.000626 | Time: 189.6s
2026-02-17 18:47:05,397 [INFO] New best accuracy: 83.16%
2026-02-17 18:50:08,611 [INFO] Epoch 36/50 | Train Loss: 1.3152, Train Acc: 84.30% | (validation skipped) | LR: 0.000552 | Time: 183.2s
2026-02-17 18:53:12,113 [INFO] Epoch 37/50 | Train Loss: 1.2866, Train Acc: 85.25% | (validation skipped) | LR: 0.000482 | Time: 183.5s
2026-02-17 18:56:15,732 [INFO] Epoch 38/50 | Train Loss: 1.2607, Train Acc: 85.98% | (validation skipped) | LR: 0.000415 | Time: 183.6s
2026-02-17 18:59:19,041 [INFO] Epoch 39/50 | Train Loss: 1.2288, Train Acc: 87.09% | (validation skipped) | LR: 0.000353 | Time: 183.3s
2026-02-17 19:02:27,393 [INFO] Epoch 40/50 | Train Loss: 1.2123, Train Acc: 87.67% | Val Loss: 1.2853, Val Acc: 85.46% | LR: 0.000296 | Time: 188.3s
2026-02-17 19:02:27,710 [INFO] New best accuracy: 85.46%
2026-02-17 19:05:31,514 [INFO] Epoch 41/50 | Train Loss: 1.1863, Train Acc: 88.45% | (validation skipped) | LR: 0.000243 | Time: 183.5s
2026-02-17 19:08:34,892 [INFO] Epoch 42/50 | Train Loss: 1.1675, Train Acc: 88.96% | (validation skipped) | LR: 0.000195 | Time: 183.4s
2026-02-17 19:11:38,243 [INFO] Epoch 43/50 | Train Loss: 1.1511, Train Acc: 89.61% | (validation skipped) | LR: 0.000152 | Time: 183.3s
2026-02-17 19:14:41,853 [INFO] Epoch 44/50 | Train Loss: 1.1353, Train Acc: 90.09% | (validation skipped) | LR: 0.000115 | Time: 183.6s
2026-02-17 19:17:50,000 [INFO] Epoch 45/50 | Train Loss: 1.1221, Train Acc: 90.43% | Val Loss: 1.2698, Val Acc: 86.00% | LR: 0.000083 | Time: 188.1s
2026-02-17 19:17:50,317 [INFO] New best accuracy: 86.00%
2026-02-17 19:20:53,517 [INFO] Epoch 46/50 | Train Loss: 1.1110, Train Acc: 90.85% | (validation skipped) | LR: 0.000057 | Time: 183.2s
2026-02-17 19:23:57,044 [INFO] Epoch 47/50 | Train Loss: 1.1067, Train Acc: 90.98% | (validation skipped) | LR: 0.000036 | Time: 183.5s
2026-02-17 19:27:00,345 [INFO] Epoch 48/50 | Train Loss: 1.0956, Train Acc: 91.28% | (validation skipped) | LR: 0.000022 | Time: 183.3s
2026-02-17 19:30:03,966 [INFO] Epoch 49/50 | Train Loss: 1.0906, Train Acc: 91.42% | (validation skipped) | LR: 0.000013 | Time: 183.6s
2026-02-17 19:33:11,872 [INFO] Epoch 50/50 | Train Loss: 1.0874, Train Acc: 91.64% | Val Loss: 1.2531, Val Acc: 86.60% | LR: 0.000010 | Time: 187.8s
2026-02-17 19:33:12,224 [INFO] New best accuracy: 86.60%
2026-02-17 19:33:12,518 [INFO] Training complete! Best accuracy: 86.60%
2026-02-17 19:33:12,519 [INFO] Outputs saved to: /projects/prjs0771/melle/projects/visionCNN/logs/convnext_medium_layernorm_bs128_lr0.003
2026-02-17 19:33:12,613 [INFO] Gradient stats saved to: /projects/prjs0771/melle/projects/visionCNN/logs/convnext_medium_layernorm_bs128_lr0.003/gradient_stats.csv
