[2026-02-17 18:24:06,148] torch.distributed.run: [WARNING] master_addr is only used for static rdzv_backend and when rdzv_endpoint is not specified.
/projects/prjs0771/melle/envs/pytorch21-cuda121/lib/python3.11/site-packages/torchvision/io/image.py:13: UserWarning: Failed to load image Python extension: '/gpfs/work1/0/prjs0771/melle/envs/pytorch21-cuda121/lib/python3.11/site-packages/torchvision/image.so: undefined symbol: _ZN3c106detail23torchInternalAssertFailEPKcS2_jS2_RKSs'If you don't plan on using image functionality from `torchvision.io`, you can ignore this warning. Otherwise, there might be something wrong with your environment. Did you have `libjpeg` or `libpng` installed before building `torchvision` from source?
  warn(
2026-02-17 18:24:12,237 [INFO] Distributed: DistributedManager(rank=0, local_rank=0, world_size=1, device=cuda:0, is_distributed=True)
2026-02-17 18:24:12,255 [INFO] Config: {'experiment_name': 'convnext_medium_batchnorm_bs128_lr0.0003', 'model': {'name': 'convnext_medium', 'num_classes': 100, 'norm_layer': 'batchnorm'}, 'data': {'dataset': 'imagenet100', 'root': '/scratch-nvme/ml-datasets/imagenet/torchvision_ImageFolder', 'img_size': 224, 'backend': 'pytorch', 'num_workers': 16, 'pin_memory': True, 'persistent_workers': True, 'prefetch_factor': 2, 'gpu_transforms': True}, 'training': {'epochs': 50, 'batch_size': 128, 'lr': 0.0003, 'min_lr': 1e-05, 'weight_decay': 0.05, 'optimizer': 'adamw', 'scheduler': 'cosine', 'label_smoothing': 0.1, 'use_amp': True, 'channels_last': True, 'seed': 42, 'val_frequency': 5, 'save_frequency': 10, 'disable_progress_bar': True, 'log_gradients': True, 'grad_log_freq': 50}, 'logging': {'log_dir': 'logs'}, 'wandb': {'enabled': True, 'project': 'norm-comparison-extended', 'tags': ['norm-experiment-extended', 'imagenet100']}}
2026-02-17 18:24:12,255 [INFO] Run directory: /projects/prjs0771/melle/projects/visionCNN/logs/convnext_medium_batchnorm_bs128_lr0.0003
2026-02-17 18:24:12,255 [INFO] Set random seed: 42 (rank offset applied)
2026-02-17 18:24:12,255 [INFO] Using device: cuda:0
2026-02-17 18:24:12,255 [INFO] World size: 1
2026-02-17 18:24:13,661 [INFO] Model: convnext_medium, Parameters: 19,173,700
2026-02-17 18:24:13,666 [INFO] Using channels-last (NHWC) memory format
2026-02-17 18:24:13,706 [INFO] Mixed precision training: True
2026-02-17 18:24:35,114 [INFO] Using GPU-accelerated transforms to reduce CPU bottleneck
2026-02-17 18:24:35,114 [INFO] Train samples: 128135, Val samples: 5000
2026-02-17 18:24:35,114 [INFO] Effective batch size: 128 (128 x 1 GPUs)
2026-02-17 18:24:35,114 [INFO] Resuming from: /projects/prjs0771/melle/projects/visionCNN/logs/convnext_medium_batchnorm_bs128_lr0.0003/last.pt
2026-02-17 18:24:36,037 [INFO] Resumed from epoch 40, best_acc: 85.76%
2026-02-17 18:24:36,037 [INFO] Starting training for 50 epochs...
2026-02-17 18:24:36,037 [INFO] Gradient flow logging enabled (every 50 steps)
2026-02-17 18:27:11,849 [INFO] Epoch 41/50 | Train Loss: 1.1719, Train Acc: 91.05% | (validation skipped) | LR: 0.000033 | Time: 155.8s
2026-02-17 18:29:39,342 [INFO] Epoch 42/50 | Train Loss: 1.1702, Train Acc: 91.05% | (validation skipped) | LR: 0.000028 | Time: 147.4s
2026-02-17 18:32:06,821 [INFO] Epoch 43/50 | Train Loss: 1.1604, Train Acc: 91.39% | (validation skipped) | LR: 0.000024 | Time: 147.5s
2026-02-17 18:34:34,329 [INFO] Epoch 44/50 | Train Loss: 1.1540, Train Acc: 91.62% | (validation skipped) | LR: 0.000020 | Time: 147.5s
2026-02-17 18:37:05,665 [INFO] Epoch 45/50 | Train Loss: 1.1482, Train Acc: 91.73% | Val Loss: 1.3012, Val Acc: 86.12% | LR: 0.000017 | Time: 151.3s
2026-02-17 18:37:06,009 [INFO] New best accuracy: 86.12%
2026-02-17 18:39:33,313 [INFO] Epoch 46/50 | Train Loss: 1.1503, Train Acc: 91.67% | (validation skipped) | LR: 0.000015 | Time: 147.3s
2026-02-17 18:42:00,659 [INFO] Epoch 47/50 | Train Loss: 1.1413, Train Acc: 91.93% | (validation skipped) | LR: 0.000013 | Time: 147.3s
2026-02-17 18:44:27,920 [INFO] Epoch 48/50 | Train Loss: 1.1408, Train Acc: 91.96% | (validation skipped) | LR: 0.000011 | Time: 147.3s
2026-02-17 18:46:55,497 [INFO] Epoch 49/50 | Train Loss: 1.1407, Train Acc: 91.89% | (validation skipped) | LR: 0.000010 | Time: 147.6s
2026-02-17 18:49:26,397 [INFO] Epoch 50/50 | Train Loss: 1.1393, Train Acc: 91.99% | Val Loss: 1.2998, Val Acc: 86.20% | LR: 0.000010 | Time: 150.9s
2026-02-17 18:49:26,655 [INFO] New best accuracy: 86.20%
2026-02-17 18:49:27,015 [INFO] Training complete! Best accuracy: 86.20%
2026-02-17 18:49:27,015 [INFO] Outputs saved to: /projects/prjs0771/melle/projects/visionCNN/logs/convnext_medium_batchnorm_bs128_lr0.0003
2026-02-17 18:49:27,074 [INFO] Gradient stats saved to: /projects/prjs0771/melle/projects/visionCNN/logs/convnext_medium_batchnorm_bs128_lr0.0003/gradient_stats.csv
