[2026-02-17 17:27:59,566] torch.distributed.run: [WARNING] master_addr is only used for static rdzv_backend and when rdzv_endpoint is not specified.
/projects/prjs0771/melle/envs/pytorch21-cuda121/lib/python3.11/site-packages/torchvision/io/image.py:13: UserWarning: Failed to load image Python extension: '/gpfs/work1/0/prjs0771/melle/envs/pytorch21-cuda121/lib/python3.11/site-packages/torchvision/image.so: undefined symbol: _ZN3c106detail23torchInternalAssertFailEPKcS2_jS2_RKSs'If you don't plan on using image functionality from `torchvision.io`, you can ignore this warning. Otherwise, there might be something wrong with your environment. Did you have `libjpeg` or `libpng` installed before building `torchvision` from source?
  warn(
2026-02-17 17:28:04,424 [INFO] Distributed: DistributedManager(rank=0, local_rank=0, world_size=1, device=cuda:0, is_distributed=True)
2026-02-17 17:28:04,443 [INFO] Config: {'experiment_name': 'vgg_medium_layernorm_bs32_lr0.001', 'model': {'name': 'vgg_medium', 'num_classes': 100, 'norm_layer': 'layernorm'}, 'data': {'dataset': 'imagenet100', 'root': '/scratch-nvme/ml-datasets/imagenet/torchvision_ImageFolder', 'img_size': 224, 'backend': 'pytorch', 'num_workers': 16, 'pin_memory': True, 'persistent_workers': True, 'prefetch_factor': 2, 'gpu_transforms': True}, 'training': {'epochs': 50, 'batch_size': 32, 'lr': 0.001, 'min_lr': 1e-05, 'weight_decay': 0.05, 'optimizer': 'adamw', 'scheduler': 'cosine', 'label_smoothing': 0.1, 'use_amp': True, 'channels_last': True, 'seed': 42, 'val_frequency': 5, 'save_frequency': 10, 'disable_progress_bar': True, 'log_gradients': True, 'grad_log_freq': 50}, 'logging': {'log_dir': 'logs'}, 'wandb': {'enabled': True, 'project': 'norm-comparison-extended', 'tags': ['norm-experiment-extended', 'imagenet100']}}
2026-02-17 17:28:04,443 [INFO] Run directory: /projects/prjs0771/melle/projects/visionCNN/logs/vgg_medium_layernorm_bs32_lr0.001
2026-02-17 17:28:04,443 [INFO] Set random seed: 42 (rank offset applied)
2026-02-17 17:28:04,443 [INFO] Using device: cuda:0
2026-02-17 17:28:04,443 [INFO] World size: 1
2026-02-17 17:28:04,604 [INFO] Model: vgg_medium, Parameters: 14,774,436
2026-02-17 17:28:04,629 [INFO] Using channels-last (NHWC) memory format
2026-02-17 17:28:04,659 [INFO] Mixed precision training: True
2026-02-17 17:28:32,272 [INFO] Using GPU-accelerated transforms to reduce CPU bottleneck
2026-02-17 17:28:32,272 [INFO] Train samples: 128135, Val samples: 5000
2026-02-17 17:28:32,272 [INFO] Effective batch size: 32 (32 x 1 GPUs)
2026-02-17 17:28:32,272 [INFO] Resuming from: /projects/prjs0771/melle/projects/visionCNN/logs/vgg_medium_layernorm_bs32_lr0.001/last.pt
2026-02-17 17:28:33,292 [INFO] Resumed from epoch 30, best_acc: 78.80%
2026-02-17 17:28:33,292 [INFO] Starting training for 50 epochs...
2026-02-17 17:28:33,292 [INFO] Gradient flow logging enabled (every 50 steps)
2026-02-17 17:34:05,523 [INFO] Epoch 31/50 | Train Loss: 1.6544, Train Acc: 74.80% | (validation skipped) | LR: 0.000323 | Time: 332.2s
2026-02-17 17:39:35,663 [INFO] Epoch 32/50 | Train Loss: 1.6237, Train Acc: 75.63% | (validation skipped) | LR: 0.000294 | Time: 330.1s
2026-02-17 17:45:05,708 [INFO] Epoch 33/50 | Train Loss: 1.6005, Train Acc: 76.52% | (validation skipped) | LR: 0.000267 | Time: 330.0s
2026-02-17 17:50:35,739 [INFO] Epoch 34/50 | Train Loss: 1.5722, Train Acc: 77.30% | (validation skipped) | LR: 0.000240 | Time: 330.0s
2026-02-17 17:56:13,234 [INFO] Epoch 35/50 | Train Loss: 1.5377, Train Acc: 78.31% | Val Loss: 1.4304, Val Acc: 81.30% | LR: 0.000214 | Time: 337.4s
2026-02-17 17:56:13,499 [INFO] New best accuracy: 81.30%
2026-02-17 18:01:43,172 [INFO] Epoch 36/50 | Train Loss: 1.5128, Train Acc: 79.09% | (validation skipped) | LR: 0.000189 | Time: 329.7s
2026-02-17 18:07:12,824 [INFO] Epoch 37/50 | Train Loss: 1.4839, Train Acc: 79.97% | (validation skipped) | LR: 0.000166 | Time: 329.6s
2026-02-17 18:12:42,556 [INFO] Epoch 38/50 | Train Loss: 1.4560, Train Acc: 80.88% | (validation skipped) | LR: 0.000144 | Time: 329.7s
2026-02-17 18:18:12,199 [INFO] Epoch 39/50 | Train Loss: 1.4290, Train Acc: 81.80% | (validation skipped) | LR: 0.000124 | Time: 329.6s
2026-02-17 18:23:48,665 [INFO] Epoch 40/50 | Train Loss: 1.4008, Train Acc: 82.58% | Val Loss: 1.3404, Val Acc: 84.32% | LR: 0.000105 | Time: 336.4s
2026-02-17 18:23:48,901 [INFO] New best accuracy: 84.32%
2026-02-17 18:29:18,759 [INFO] Epoch 41/50 | Train Loss: 1.3712, Train Acc: 83.48% | (validation skipped) | LR: 0.000087 | Time: 329.6s
2026-02-17 18:34:48,366 [INFO] Epoch 42/50 | Train Loss: 1.3533, Train Acc: 84.07% | (validation skipped) | LR: 0.000071 | Time: 329.6s
2026-02-17 18:40:17,939 [INFO] Epoch 43/50 | Train Loss: 1.3266, Train Acc: 84.97% | (validation skipped) | LR: 0.000057 | Time: 329.6s
2026-02-17 18:45:47,574 [INFO] Epoch 44/50 | Train Loss: 1.3121, Train Acc: 85.41% | (validation skipped) | LR: 0.000045 | Time: 329.6s
2026-02-17 18:51:24,389 [INFO] Epoch 45/50 | Train Loss: 1.2905, Train Acc: 86.16% | Val Loss: 1.2833, Val Acc: 85.46% | LR: 0.000034 | Time: 336.8s
2026-02-17 18:51:24,584 [INFO] New best accuracy: 85.46%
2026-02-17 18:56:54,356 [INFO] Epoch 46/50 | Train Loss: 1.2773, Train Acc: 86.49% | (validation skipped) | LR: 0.000026 | Time: 329.8s
2026-02-17 19:02:24,119 [INFO] Epoch 47/50 | Train Loss: 1.2647, Train Acc: 86.95% | (validation skipped) | LR: 0.000019 | Time: 329.8s
2026-02-17 19:07:53,874 [INFO] Epoch 48/50 | Train Loss: 1.2559, Train Acc: 87.33% | (validation skipped) | LR: 0.000014 | Time: 329.7s
2026-02-17 19:13:23,782 [INFO] Epoch 49/50 | Train Loss: 1.2481, Train Acc: 87.44% | (validation skipped) | LR: 0.000011 | Time: 329.9s
2026-02-17 19:19:00,355 [INFO] Epoch 50/50 | Train Loss: 1.2434, Train Acc: 87.65% | Val Loss: 1.2553, Val Acc: 86.78% | LR: 0.000010 | Time: 336.5s
2026-02-17 19:19:00,563 [INFO] New best accuracy: 86.78%
2026-02-17 19:19:00,761 [INFO] Training complete! Best accuracy: 86.78%
2026-02-17 19:19:00,761 [INFO] Outputs saved to: /projects/prjs0771/melle/projects/visionCNN/logs/vgg_medium_layernorm_bs32_lr0.001
2026-02-17 19:19:00,892 [INFO] Gradient stats saved to: /projects/prjs0771/melle/projects/visionCNN/logs/vgg_medium_layernorm_bs32_lr0.001/gradient_stats.csv
