[2026-02-17 18:24:39,538] torch.distributed.run: [WARNING] master_addr is only used for static rdzv_backend and when rdzv_endpoint is not specified.
/projects/prjs0771/melle/envs/pytorch21-cuda121/lib/python3.11/site-packages/torchvision/io/image.py:13: UserWarning: Failed to load image Python extension: '/gpfs/work1/0/prjs0771/melle/envs/pytorch21-cuda121/lib/python3.11/site-packages/torchvision/image.so: undefined symbol: _ZN3c106detail23torchInternalAssertFailEPKcS2_jS2_RKSs'If you don't plan on using image functionality from `torchvision.io`, you can ignore this warning. Otherwise, there might be something wrong with your environment. Did you have `libjpeg` or `libpng` installed before building `torchvision` from source?
  warn(
2026-02-17 18:24:44,328 [INFO] Distributed: DistributedManager(rank=0, local_rank=0, world_size=1, device=cuda:0, is_distributed=True)
2026-02-17 18:24:44,362 [INFO] Config: {'experiment_name': 'convnext_medium_groupnorm_bs128_lr0.003', 'model': {'name': 'convnext_medium', 'num_classes': 100, 'norm_layer': 'groupnorm'}, 'data': {'dataset': 'imagenet100', 'root': '/scratch-nvme/ml-datasets/imagenet/torchvision_ImageFolder', 'img_size': 224, 'backend': 'pytorch', 'num_workers': 16, 'pin_memory': True, 'persistent_workers': True, 'prefetch_factor': 2, 'gpu_transforms': True}, 'training': {'epochs': 50, 'batch_size': 128, 'lr': 0.003, 'min_lr': 1e-05, 'weight_decay': 0.05, 'optimizer': 'adamw', 'scheduler': 'cosine', 'label_smoothing': 0.1, 'use_amp': True, 'channels_last': True, 'seed': 42, 'val_frequency': 5, 'save_frequency': 10, 'disable_progress_bar': True, 'log_gradients': True, 'grad_log_freq': 50}, 'logging': {'log_dir': 'logs'}, 'wandb': {'enabled': True, 'project': 'norm-comparison-extended', 'tags': ['norm-experiment-extended', 'imagenet100']}}
2026-02-17 18:24:44,362 [INFO] Run directory: /projects/prjs0771/melle/projects/visionCNN/logs/convnext_medium_groupnorm_bs128_lr0.003
2026-02-17 18:24:44,362 [INFO] Set random seed: 42 (rank offset applied)
2026-02-17 18:24:44,362 [INFO] Using device: cuda:0
2026-02-17 18:24:44,363 [INFO] World size: 1
2026-02-17 18:24:45,777 [INFO] Model: convnext_medium, Parameters: 19,173,700
2026-02-17 18:24:45,782 [INFO] Using channels-last (NHWC) memory format
2026-02-17 18:24:45,820 [INFO] Mixed precision training: True
2026-02-17 18:25:03,954 [INFO] Using GPU-accelerated transforms to reduce CPU bottleneck
2026-02-17 18:25:03,954 [INFO] Train samples: 128135, Val samples: 5000
2026-02-17 18:25:03,954 [INFO] Effective batch size: 128 (128 x 1 GPUs)
2026-02-17 18:25:03,954 [INFO] Resuming from: /projects/prjs0771/melle/projects/visionCNN/logs/convnext_medium_groupnorm_bs128_lr0.003/last.pt
2026-02-17 18:25:05,151 [INFO] Resumed from epoch 30, best_acc: 81.96%
2026-02-17 18:25:05,151 [INFO] Starting training for 50 epochs...
2026-02-17 18:25:05,151 [INFO] Gradient flow logging enabled (every 50 steps)
2026-02-17 18:28:11,930 [INFO] Epoch 31/50 | Train Loss: 1.4161, Train Acc: 80.96% | (validation skipped) | LR: 0.000955 | Time: 186.8s
2026-02-17 18:31:10,713 [INFO] Epoch 32/50 | Train Loss: 1.3850, Train Acc: 81.81% | (validation skipped) | LR: 0.000868 | Time: 178.8s
2026-02-17 18:34:09,553 [INFO] Epoch 33/50 | Train Loss: 1.3548, Train Acc: 82.84% | (validation skipped) | LR: 0.000785 | Time: 178.8s
2026-02-17 18:37:08,221 [INFO] Epoch 34/50 | Train Loss: 1.3249, Train Acc: 83.79% | (validation skipped) | LR: 0.000704 | Time: 178.7s
2026-02-17 18:40:11,472 [INFO] Epoch 35/50 | Train Loss: 1.2998, Train Acc: 84.68% | Val Loss: 1.3112, Val Acc: 84.36% | LR: 0.000626 | Time: 183.2s
2026-02-17 18:40:11,796 [INFO] New best accuracy: 84.36%
2026-02-17 18:43:10,338 [INFO] Epoch 36/50 | Train Loss: 1.2687, Train Acc: 85.55% | (validation skipped) | LR: 0.000552 | Time: 178.5s
2026-02-17 18:46:08,916 [INFO] Epoch 37/50 | Train Loss: 1.2434, Train Acc: 86.37% | (validation skipped) | LR: 0.000482 | Time: 178.6s
2026-02-17 18:49:07,681 [INFO] Epoch 38/50 | Train Loss: 1.2179, Train Acc: 87.23% | (validation skipped) | LR: 0.000415 | Time: 178.7s
2026-02-17 18:52:06,207 [INFO] Epoch 39/50 | Train Loss: 1.1900, Train Acc: 88.09% | (validation skipped) | LR: 0.000353 | Time: 178.5s
2026-02-17 18:55:08,993 [INFO] Epoch 40/50 | Train Loss: 1.1712, Train Acc: 88.72% | Val Loss: 1.2826, Val Acc: 85.04% | LR: 0.000296 | Time: 182.7s
2026-02-17 18:55:09,515 [INFO] New best accuracy: 85.04%
2026-02-17 18:58:08,374 [INFO] Epoch 41/50 | Train Loss: 1.1482, Train Acc: 89.44% | (validation skipped) | LR: 0.000243 | Time: 178.6s
2026-02-17 19:01:06,959 [INFO] Epoch 42/50 | Train Loss: 1.1292, Train Acc: 89.99% | (validation skipped) | LR: 0.000195 | Time: 178.6s
2026-02-17 19:04:05,594 [INFO] Epoch 43/50 | Train Loss: 1.1129, Train Acc: 90.52% | (validation skipped) | LR: 0.000152 | Time: 178.6s
2026-02-17 19:07:04,209 [INFO] Epoch 44/50 | Train Loss: 1.0973, Train Acc: 91.03% | (validation skipped) | LR: 0.000115 | Time: 178.6s
2026-02-17 19:10:06,773 [INFO] Epoch 45/50 | Train Loss: 1.0879, Train Acc: 91.32% | Val Loss: 1.2399, Val Acc: 86.82% | LR: 0.000083 | Time: 182.5s
2026-02-17 19:10:07,058 [INFO] New best accuracy: 86.82%
2026-02-17 19:13:05,593 [INFO] Epoch 46/50 | Train Loss: 1.0745, Train Acc: 91.77% | (validation skipped) | LR: 0.000057 | Time: 178.5s
2026-02-17 19:16:04,157 [INFO] Epoch 47/50 | Train Loss: 1.0677, Train Acc: 91.99% | (validation skipped) | LR: 0.000036 | Time: 178.5s
2026-02-17 19:19:02,698 [INFO] Epoch 48/50 | Train Loss: 1.0613, Train Acc: 92.11% | (validation skipped) | LR: 0.000022 | Time: 178.5s
2026-02-17 19:22:01,615 [INFO] Epoch 49/50 | Train Loss: 1.0543, Train Acc: 92.36% | (validation skipped) | LR: 0.000013 | Time: 178.9s
2026-02-17 19:25:03,999 [INFO] Epoch 50/50 | Train Loss: 1.0532, Train Acc: 92.41% | Val Loss: 1.2246, Val Acc: 87.34% | LR: 0.000010 | Time: 182.3s
2026-02-17 19:25:04,278 [INFO] New best accuracy: 87.34%
2026-02-17 19:25:04,532 [INFO] Training complete! Best accuracy: 87.34%
2026-02-17 19:25:04,533 [INFO] Outputs saved to: /projects/prjs0771/melle/projects/visionCNN/logs/convnext_medium_groupnorm_bs128_lr0.003
2026-02-17 19:25:04,634 [INFO] Gradient stats saved to: /projects/prjs0771/melle/projects/visionCNN/logs/convnext_medium_groupnorm_bs128_lr0.003/gradient_stats.csv
