[2026-02-17 17:27:25,880] torch.distributed.run: [WARNING] master_addr is only used for static rdzv_backend and when rdzv_endpoint is not specified.
/projects/prjs0771/melle/envs/pytorch21-cuda121/lib/python3.11/site-packages/torchvision/io/image.py:13: UserWarning: Failed to load image Python extension: '/gpfs/work1/0/prjs0771/melle/envs/pytorch21-cuda121/lib/python3.11/site-packages/torchvision/image.so: undefined symbol: _ZN3c106detail23torchInternalAssertFailEPKcS2_jS2_RKSs'If you don't plan on using image functionality from `torchvision.io`, you can ignore this warning. Otherwise, there might be something wrong with your environment. Did you have `libjpeg` or `libpng` installed before building `torchvision` from source?
  warn(
2026-02-17 17:27:32,085 [INFO] Distributed: DistributedManager(rank=0, local_rank=0, world_size=1, device=cuda:0, is_distributed=True)
2026-02-17 17:27:32,110 [INFO] Config: {'experiment_name': 'vgg_medium_layernorm_bs16_lr0.001', 'model': {'name': 'vgg_medium', 'num_classes': 100, 'norm_layer': 'layernorm'}, 'data': {'dataset': 'imagenet100', 'root': '/scratch-nvme/ml-datasets/imagenet/torchvision_ImageFolder', 'img_size': 224, 'backend': 'pytorch', 'num_workers': 16, 'pin_memory': True, 'persistent_workers': True, 'prefetch_factor': 2, 'gpu_transforms': True}, 'training': {'epochs': 50, 'batch_size': 16, 'lr': 0.001, 'min_lr': 1e-05, 'weight_decay': 0.05, 'optimizer': 'adamw', 'scheduler': 'cosine', 'label_smoothing': 0.1, 'use_amp': True, 'channels_last': True, 'seed': 42, 'val_frequency': 5, 'save_frequency': 10, 'disable_progress_bar': True, 'log_gradients': True, 'grad_log_freq': 50}, 'logging': {'log_dir': 'logs'}, 'wandb': {'enabled': True, 'project': 'norm-comparison-extended', 'tags': ['norm-experiment-extended', 'imagenet100']}}
2026-02-17 17:27:32,111 [INFO] Run directory: /projects/prjs0771/melle/projects/visionCNN/logs/vgg_medium_layernorm_bs16_lr0.001
2026-02-17 17:27:32,111 [INFO] Set random seed: 42 (rank offset applied)
2026-02-17 17:27:32,111 [INFO] Using device: cuda:0
2026-02-17 17:27:32,111 [INFO] World size: 1
2026-02-17 17:27:32,267 [INFO] Model: vgg_medium, Parameters: 14,774,436
2026-02-17 17:27:32,293 [INFO] Using channels-last (NHWC) memory format
2026-02-17 17:27:32,314 [INFO] Mixed precision training: True
2026-02-17 17:27:58,524 [INFO] Using GPU-accelerated transforms to reduce CPU bottleneck
2026-02-17 17:27:58,525 [INFO] Train samples: 128135, Val samples: 5000
2026-02-17 17:27:58,525 [INFO] Effective batch size: 16 (16 x 1 GPUs)
2026-02-17 17:27:58,525 [INFO] Resuming from: /projects/prjs0771/melle/projects/visionCNN/logs/vgg_medium_layernorm_bs16_lr0.001/last.pt
2026-02-17 17:27:59,583 [INFO] Resumed from epoch 30, best_acc: 74.30%
2026-02-17 17:27:59,584 [INFO] Starting training for 50 epochs...
2026-02-17 17:27:59,584 [INFO] Gradient flow logging enabled (every 50 steps)
2026-02-17 17:34:51,828 [INFO] Epoch 31/50 | Train Loss: 1.8337, Train Acc: 69.30% | (validation skipped) | LR: 0.000323 | Time: 412.2s
2026-02-17 17:41:42,400 [INFO] Epoch 32/50 | Train Loss: 1.8017, Train Acc: 70.06% | (validation skipped) | LR: 0.000294 | Time: 410.6s
2026-02-17 17:48:32,946 [INFO] Epoch 33/50 | Train Loss: 1.7711, Train Acc: 70.99% | (validation skipped) | LR: 0.000267 | Time: 410.5s
2026-02-17 17:55:23,484 [INFO] Epoch 34/50 | Train Loss: 1.7392, Train Acc: 71.92% | (validation skipped) | LR: 0.000240 | Time: 410.5s
2026-02-17 18:02:24,146 [INFO] Epoch 35/50 | Train Loss: 1.7054, Train Acc: 73.06% | Val Loss: 1.5151, Val Acc: 79.00% | LR: 0.000214 | Time: 420.6s
2026-02-17 18:02:24,424 [INFO] New best accuracy: 79.00%
2026-02-17 18:09:15,101 [INFO] Epoch 36/50 | Train Loss: 1.6742, Train Acc: 74.06% | (validation skipped) | LR: 0.000189 | Time: 410.7s
2026-02-17 18:16:05,681 [INFO] Epoch 37/50 | Train Loss: 1.6396, Train Acc: 74.98% | (validation skipped) | LR: 0.000166 | Time: 410.6s
2026-02-17 18:22:56,690 [INFO] Epoch 38/50 | Train Loss: 1.6059, Train Acc: 76.08% | (validation skipped) | LR: 0.000144 | Time: 411.0s
2026-02-17 18:29:47,262 [INFO] Epoch 39/50 | Train Loss: 1.5720, Train Acc: 77.06% | (validation skipped) | LR: 0.000124 | Time: 410.6s
2026-02-17 18:36:47,281 [INFO] Epoch 40/50 | Train Loss: 1.5363, Train Acc: 78.23% | Val Loss: 1.4091, Val Acc: 81.90% | LR: 0.000105 | Time: 420.0s
2026-02-17 18:36:47,551 [INFO] New best accuracy: 81.90%
2026-02-17 18:43:38,498 [INFO] Epoch 41/50 | Train Loss: 1.5029, Train Acc: 79.24% | (validation skipped) | LR: 0.000087 | Time: 410.6s
2026-02-17 18:50:28,996 [INFO] Epoch 42/50 | Train Loss: 1.4701, Train Acc: 80.27% | (validation skipped) | LR: 0.000071 | Time: 410.5s
2026-02-17 18:57:19,517 [INFO] Epoch 43/50 | Train Loss: 1.4436, Train Acc: 81.04% | (validation skipped) | LR: 0.000057 | Time: 410.5s
2026-02-17 19:04:10,024 [INFO] Epoch 44/50 | Train Loss: 1.4146, Train Acc: 82.01% | (validation skipped) | LR: 0.000045 | Time: 410.5s
2026-02-17 19:11:09,608 [INFO] Epoch 45/50 | Train Loss: 1.3877, Train Acc: 82.85% | Val Loss: 1.3123, Val Acc: 84.86% | LR: 0.000034 | Time: 419.5s
2026-02-17 19:11:09,856 [INFO] New best accuracy: 84.86%
2026-02-17 19:18:00,434 [INFO] Epoch 46/50 | Train Loss: 1.3630, Train Acc: 83.63% | (validation skipped) | LR: 0.000026 | Time: 410.6s
2026-02-17 19:24:50,968 [INFO] Epoch 47/50 | Train Loss: 1.3473, Train Acc: 84.20% | (validation skipped) | LR: 0.000019 | Time: 410.5s
2026-02-17 19:31:41,512 [INFO] Epoch 48/50 | Train Loss: 1.3302, Train Acc: 84.73% | (validation skipped) | LR: 0.000014 | Time: 410.5s
2026-02-17 19:38:32,303 [INFO] Epoch 49/50 | Train Loss: 1.3171, Train Acc: 85.17% | (validation skipped) | LR: 0.000011 | Time: 410.8s
2026-02-17 19:45:31,761 [INFO] Epoch 50/50 | Train Loss: 1.3075, Train Acc: 85.49% | Val Loss: 1.2622, Val Acc: 86.58% | LR: 0.000010 | Time: 419.4s
2026-02-17 19:45:32,040 [INFO] New best accuracy: 86.58%
2026-02-17 19:45:32,276 [INFO] Training complete! Best accuracy: 86.58%
2026-02-17 19:45:32,276 [INFO] Outputs saved to: /projects/prjs0771/melle/projects/visionCNN/logs/vgg_medium_layernorm_bs16_lr0.001
2026-02-17 19:45:32,566 [INFO] Gradient stats saved to: /projects/prjs0771/melle/projects/visionCNN/logs/vgg_medium_layernorm_bs16_lr0.001/gradient_stats.csv
