[2026-02-17 17:20:53,084] torch.distributed.run: [WARNING] master_addr is only used for static rdzv_backend and when rdzv_endpoint is not specified.
/projects/prjs0771/melle/envs/pytorch21-cuda121/lib/python3.11/site-packages/torchvision/io/image.py:13: UserWarning: Failed to load image Python extension: '/gpfs/work1/0/prjs0771/melle/envs/pytorch21-cuda121/lib/python3.11/site-packages/torchvision/image.so: undefined symbol: _ZN3c106detail23torchInternalAssertFailEPKcS2_jS2_RKSs'If you don't plan on using image functionality from `torchvision.io`, you can ignore this warning. Otherwise, there might be something wrong with your environment. Did you have `libjpeg` or `libpng` installed before building `torchvision` from source?
  warn(
2026-02-17 17:20:59,653 [INFO] Distributed: DistributedManager(rank=0, local_rank=0, world_size=1, device=cuda:0, is_distributed=True)
2026-02-17 17:20:59,659 [INFO] Config: {'experiment_name': 'vgg_medium_layernorm_bs128_lr0.003', 'model': {'name': 'vgg_medium', 'num_classes': 100, 'norm_layer': 'layernorm'}, 'data': {'dataset': 'imagenet100', 'root': '/scratch-nvme/ml-datasets/imagenet/torchvision_ImageFolder', 'img_size': 224, 'backend': 'pytorch', 'num_workers': 16, 'pin_memory': True, 'persistent_workers': True, 'prefetch_factor': 2, 'gpu_transforms': True}, 'training': {'epochs': 50, 'batch_size': 128, 'lr': 0.003, 'min_lr': 1e-05, 'weight_decay': 0.05, 'optimizer': 'adamw', 'scheduler': 'cosine', 'label_smoothing': 0.1, 'use_amp': True, 'channels_last': True, 'seed': 42, 'val_frequency': 5, 'save_frequency': 10, 'disable_progress_bar': True, 'log_gradients': True, 'grad_log_freq': 50}, 'logging': {'log_dir': 'logs'}, 'wandb': {'enabled': True, 'project': 'norm-comparison-extended', 'tags': ['norm-experiment-extended', 'imagenet100']}}
2026-02-17 17:20:59,659 [INFO] Run directory: /projects/prjs0771/melle/projects/visionCNN/logs/vgg_medium_layernorm_bs128_lr0.003
2026-02-17 17:20:59,659 [INFO] Set random seed: 42 (rank offset applied)
2026-02-17 17:20:59,660 [INFO] Using device: cuda:0
2026-02-17 17:20:59,660 [INFO] World size: 1
2026-02-17 17:20:59,817 [INFO] Model: vgg_medium, Parameters: 14,774,436
2026-02-17 17:20:59,843 [INFO] Using channels-last (NHWC) memory format
2026-02-17 17:20:59,876 [INFO] Mixed precision training: True
2026-02-17 17:22:09,084 [INFO] Using GPU-accelerated transforms to reduce CPU bottleneck
2026-02-17 17:22:09,085 [INFO] Train samples: 128135, Val samples: 5000
2026-02-17 17:22:09,085 [INFO] Effective batch size: 128 (128 x 1 GPUs)
2026-02-17 17:22:09,085 [INFO] Resuming from: /projects/prjs0771/melle/projects/visionCNN/logs/vgg_medium_layernorm_bs128_lr0.003/last.pt
2026-02-17 17:22:10,136 [INFO] Resumed from epoch 20, best_acc: 67.60%
2026-02-17 17:22:10,136 [INFO] Starting training for 50 epochs...
2026-02-17 17:22:10,136 [INFO] Gradient flow logging enabled (every 50 steps)
2026-02-17 17:26:41,739 [INFO] Epoch 21/50 | Train Loss: 1.9999, Train Acc: 64.95% | (validation skipped) | LR: 0.001877 | Time: 271.6s
2026-02-17 17:31:08,552 [INFO] Epoch 22/50 | Train Loss: 1.9682, Train Acc: 65.88% | (validation skipped) | LR: 0.001785 | Time: 266.8s
2026-02-17 17:35:35,375 [INFO] Epoch 23/50 | Train Loss: 1.9340, Train Acc: 66.83% | (validation skipped) | LR: 0.001692 | Time: 266.8s
2026-02-17 17:40:02,435 [INFO] Epoch 24/50 | Train Loss: 1.9009, Train Acc: 67.81% | (validation skipped) | LR: 0.001599 | Time: 267.0s
2026-02-17 17:44:35,708 [INFO] Epoch 25/50 | Train Loss: 1.8705, Train Acc: 68.70% | Val Loss: 1.7300, Val Acc: 73.46% | LR: 0.001505 | Time: 273.2s
2026-02-17 17:44:36,060 [INFO] New best accuracy: 73.46%
2026-02-17 17:49:02,965 [INFO] Epoch 26/50 | Train Loss: 1.8445, Train Acc: 69.38% | (validation skipped) | LR: 0.001411 | Time: 266.9s
2026-02-17 17:53:30,117 [INFO] Epoch 27/50 | Train Loss: 1.8118, Train Acc: 70.40% | (validation skipped) | LR: 0.001318 | Time: 267.1s
2026-02-17 17:57:57,151 [INFO] Epoch 28/50 | Train Loss: 1.7843, Train Acc: 71.27% | (validation skipped) | LR: 0.001225 | Time: 267.0s
2026-02-17 18:02:24,087 [INFO] Epoch 29/50 | Train Loss: 1.7493, Train Acc: 72.35% | (validation skipped) | LR: 0.001133 | Time: 266.9s
2026-02-17 18:06:56,790 [INFO] Epoch 30/50 | Train Loss: 1.7235, Train Acc: 73.20% | Val Loss: 1.6142, Val Acc: 76.46% | LR: 0.001043 | Time: 272.7s
2026-02-17 18:06:57,003 [INFO] New best accuracy: 76.46%
2026-02-17 18:11:24,248 [INFO] Epoch 31/50 | Train Loss: 1.6961, Train Acc: 74.00% | (validation skipped) | LR: 0.000955 | Time: 266.9s
2026-02-17 18:15:51,344 [INFO] Epoch 32/50 | Train Loss: 1.6695, Train Acc: 74.73% | (validation skipped) | LR: 0.000868 | Time: 267.1s
2026-02-17 18:20:18,410 [INFO] Epoch 33/50 | Train Loss: 1.6422, Train Acc: 75.57% | (validation skipped) | LR: 0.000785 | Time: 267.1s
2026-02-17 18:24:45,392 [INFO] Epoch 34/50 | Train Loss: 1.6104, Train Acc: 76.53% | (validation skipped) | LR: 0.000704 | Time: 267.0s
2026-02-17 18:29:18,406 [INFO] Epoch 35/50 | Train Loss: 1.5886, Train Acc: 77.24% | Val Loss: 1.5055, Val Acc: 79.88% | LR: 0.000626 | Time: 273.0s
2026-02-17 18:29:18,613 [INFO] New best accuracy: 79.88%
2026-02-17 18:33:45,438 [INFO] Epoch 36/50 | Train Loss: 1.5554, Train Acc: 78.36% | (validation skipped) | LR: 0.000552 | Time: 266.8s
2026-02-17 18:38:12,351 [INFO] Epoch 37/50 | Train Loss: 1.5343, Train Acc: 78.95% | (validation skipped) | LR: 0.000482 | Time: 266.9s
2026-02-17 18:42:39,471 [INFO] Epoch 38/50 | Train Loss: 1.5076, Train Acc: 79.78% | (validation skipped) | LR: 0.000415 | Time: 267.1s
2026-02-17 18:47:06,462 [INFO] Epoch 39/50 | Train Loss: 1.4805, Train Acc: 80.73% | (validation skipped) | LR: 0.000353 | Time: 267.0s
2026-02-17 18:51:39,497 [INFO] Epoch 40/50 | Train Loss: 1.4563, Train Acc: 81.42% | Val Loss: 1.4109, Val Acc: 82.76% | LR: 0.000296 | Time: 273.0s
2026-02-17 18:51:39,723 [INFO] New best accuracy: 82.76%
2026-02-17 18:56:06,832 [INFO] Epoch 41/50 | Train Loss: 1.4332, Train Acc: 82.30% | (validation skipped) | LR: 0.000243 | Time: 266.9s
2026-02-17 19:00:33,835 [INFO] Epoch 42/50 | Train Loss: 1.4097, Train Acc: 82.95% | (validation skipped) | LR: 0.000195 | Time: 267.0s
2026-02-17 19:05:00,899 [INFO] Epoch 43/50 | Train Loss: 1.3899, Train Acc: 83.68% | (validation skipped) | LR: 0.000152 | Time: 267.1s
2026-02-17 19:09:27,766 [INFO] Epoch 44/50 | Train Loss: 1.3732, Train Acc: 84.29% | (validation skipped) | LR: 0.000115 | Time: 266.8s
2026-02-17 19:14:00,621 [INFO] Epoch 45/50 | Train Loss: 1.3581, Train Acc: 84.60% | Val Loss: 1.3716, Val Acc: 83.68% | LR: 0.000083 | Time: 272.8s
2026-02-17 19:14:00,864 [INFO] New best accuracy: 83.68%
2026-02-17 19:18:27,693 [INFO] Epoch 46/50 | Train Loss: 1.3429, Train Acc: 85.24% | (validation skipped) | LR: 0.000057 | Time: 266.8s
2026-02-17 19:22:54,512 [INFO] Epoch 47/50 | Train Loss: 1.3338, Train Acc: 85.48% | (validation skipped) | LR: 0.000036 | Time: 266.8s
2026-02-17 19:27:21,376 [INFO] Epoch 48/50 | Train Loss: 1.3273, Train Acc: 85.65% | (validation skipped) | LR: 0.000022 | Time: 266.8s
2026-02-17 19:31:48,563 [INFO] Epoch 49/50 | Train Loss: 1.3197, Train Acc: 86.04% | (validation skipped) | LR: 0.000013 | Time: 267.2s
2026-02-17 19:36:21,462 [INFO] Epoch 50/50 | Train Loss: 1.3176, Train Acc: 86.00% | Val Loss: 1.3448, Val Acc: 84.40% | LR: 0.000010 | Time: 272.8s
2026-02-17 19:36:21,673 [INFO] New best accuracy: 84.40%
2026-02-17 19:36:21,909 [INFO] Training complete! Best accuracy: 84.40%
2026-02-17 19:36:21,909 [INFO] Outputs saved to: /projects/prjs0771/melle/projects/visionCNN/logs/vgg_medium_layernorm_bs128_lr0.003
2026-02-17 19:36:21,977 [INFO] Gradient stats saved to: /projects/prjs0771/melle/projects/visionCNN/logs/vgg_medium_layernorm_bs128_lr0.003/gradient_stats.csv
