[2026-02-18 10:25:14,998] torch.distributed.run: [WARNING] master_addr is only used for static rdzv_backend and when rdzv_endpoint is not specified.
/projects/prjs0771/melle/envs/pytorch21-cuda121/lib/python3.11/site-packages/torchvision/io/image.py:13: UserWarning: Failed to load image Python extension: '/gpfs/work1/0/prjs0771/melle/envs/pytorch21-cuda121/lib/python3.11/site-packages/torchvision/image.so: undefined symbol: _ZN3c106detail23torchInternalAssertFailEPKcS2_jS2_RKSs'If you don't plan on using image functionality from `torchvision.io`, you can ignore this warning. Otherwise, there might be something wrong with your environment. Did you have `libjpeg` or `libpng` installed before building `torchvision` from source?
  warn(
2026-02-18 10:25:19,502 [INFO] Distributed: DistributedManager(rank=0, local_rank=0, world_size=1, device=cuda:0, is_distributed=True)
2026-02-18 10:25:19,503 [INFO] Config: {'experiment_name': 'resnet_medium_nonorm_ws_bs128_lr0.001', 'model': {'name': 'resnet_medium', 'num_classes': 100, 'norm_layer': 'nonorm_ws'}, 'data': {'dataset': 'imagenet100', 'root': '/scratch-nvme/ml-datasets/imagenet/torchvision_ImageFolder', 'img_size': 224, 'backend': 'pytorch', 'num_workers': 16, 'pin_memory': True, 'persistent_workers': True, 'prefetch_factor': 2, 'gpu_transforms': True}, 'training': {'epochs': 50, 'batch_size': 128, 'lr': 0.001, 'min_lr': 1e-05, 'weight_decay': 0.05, 'optimizer': 'adamw', 'scheduler': 'cosine', 'label_smoothing': 0.1, 'use_amp': True, 'channels_last': True, 'seed': 42, 'val_frequency': 5, 'save_frequency': 10, 'disable_progress_bar': True, 'log_gradients': True, 'grad_log_freq': 50}, 'logging': {'log_dir': 'logs'}, 'wandb': {'enabled': True, 'project': 'norm-comparison-extended', 'tags': ['norm-experiment-extended', 'imagenet100']}}
2026-02-18 10:25:19,503 [INFO] Run directory: /projects/prjs0771/melle/projects/visionCNN/logs/resnet_medium_nonorm_ws_bs128_lr0.001
2026-02-18 10:25:19,522 [INFO] Set random seed: 42 (rank offset applied)
2026-02-18 10:25:19,522 [INFO] Using device: cuda:0
2026-02-18 10:25:19,522 [INFO] World size: 1
2026-02-18 10:25:19,754 [INFO] Model: resnet_medium, Parameters: 21,318,948
2026-02-18 10:25:19,796 [INFO] Using channels-last (NHWC) memory format
2026-02-18 10:25:19,824 [INFO] Mixed precision training: True
2026-02-18 10:25:40,370 [INFO] Using GPU-accelerated transforms to reduce CPU bottleneck
2026-02-18 10:25:40,370 [INFO] Train samples: 128135, Val samples: 5000
2026-02-18 10:25:40,370 [INFO] Effective batch size: 128 (128 x 1 GPUs)
2026-02-18 10:25:40,370 [INFO] Starting training for 50 epochs...
2026-02-18 10:25:40,370 [INFO] Gradient flow logging enabled (every 50 steps)
2026-02-18 10:25:40,370 [INFO] Adaptive Gradient Clipping (AGC) enabled
/sw/arch/RHEL8/EB_production/2023/software/PyTorch/2.1.2-foss-2023a-CUDA-12.1.1/lib/python3.11/site-packages/torch/optim/lr_scheduler.py:136: UserWarning: Detected call of `lr_scheduler.step()` before `optimizer.step()`. In PyTorch 1.1.0 and later, you should call them in the opposite order: `optimizer.step()` before `lr_scheduler.step()`.  Failure to do this will result in PyTorch skipping the first value of the learning rate schedule. See more details at https://pytorch.org/docs/stable/optim.html#how-to-adjust-learning-rate
  warnings.warn("Detected call of `lr_scheduler.step()` before `optimizer.step()`. "
2026-02-18 10:26:30,110 [INFO] Epoch 1/50 | Train Loss: nan, Train Acc: 1.02% | (validation skipped) | LR: 0.000999 | Time: 49.7s
2026-02-18 10:27:15,359 [INFO] Epoch 2/50 | Train Loss: nan, Train Acc: 1.02% | (validation skipped) | LR: 0.000996 | Time: 45.2s
2026-02-18 10:28:00,625 [INFO] Epoch 3/50 | Train Loss: nan, Train Acc: 1.02% | (validation skipped) | LR: 0.000991 | Time: 45.3s
2026-02-18 10:28:47,314 [INFO] Epoch 4/50 | Train Loss: nan, Train Acc: 1.02% | (validation skipped) | LR: 0.000984 | Time: 46.7s
2026-02-18 10:29:37,437 [INFO] Epoch 5/50 | Train Loss: nan, Train Acc: 1.02% | Val Loss: nan, Val Acc: 1.00% | LR: 0.000976 | Time: 50.1s
2026-02-18 10:29:37,611 [INFO] New best accuracy: 1.00%
2026-02-18 10:30:23,568 [INFO] Epoch 6/50 | Train Loss: nan, Train Acc: 1.01% | (validation skipped) | LR: 0.000965 | Time: 46.0s
2026-02-18 10:31:11,328 [INFO] Epoch 7/50 | Train Loss: nan, Train Acc: 1.01% | (validation skipped) | LR: 0.000953 | Time: 47.8s
2026-02-18 10:31:56,842 [INFO] Epoch 8/50 | Train Loss: nan, Train Acc: 1.02% | (validation skipped) | LR: 0.000939 | Time: 45.5s
2026-02-18 10:32:41,895 [INFO] Epoch 9/50 | Train Loss: nan, Train Acc: 1.02% | (validation skipped) | LR: 0.000923 | Time: 45.1s
2026-02-18 10:33:36,374 [INFO] Epoch 10/50 | Train Loss: nan, Train Acc: 1.02% | Val Loss: nan, Val Acc: 1.00% | LR: 0.000905 | Time: 54.5s
2026-02-18 10:34:22,427 [INFO] Epoch 11/50 | Train Loss: nan, Train Acc: 1.02% | (validation skipped) | LR: 0.000886 | Time: 45.9s
2026-02-18 10:35:07,882 [INFO] Epoch 12/50 | Train Loss: nan, Train Acc: 1.01% | (validation skipped) | LR: 0.000866 | Time: 45.5s
2026-02-18 10:35:53,844 [INFO] Epoch 13/50 | Train Loss: nan, Train Acc: 1.02% | (validation skipped) | LR: 0.000844 | Time: 46.0s
2026-02-18 10:36:39,200 [INFO] Epoch 14/50 | Train Loss: nan, Train Acc: 1.01% | (validation skipped) | LR: 0.000821 | Time: 45.4s
2026-02-18 10:37:27,662 [INFO] Epoch 15/50 | Train Loss: nan, Train Acc: 1.01% | Val Loss: nan, Val Acc: 1.00% | LR: 0.000796 | Time: 48.4s
2026-02-18 10:38:13,178 [INFO] Epoch 16/50 | Train Loss: nan, Train Acc: 1.02% | (validation skipped) | LR: 0.000770 | Time: 45.5s
2026-02-18 10:38:58,856 [INFO] Epoch 17/50 | Train Loss: nan, Train Acc: 1.02% | (validation skipped) | LR: 0.000743 | Time: 45.7s
2026-02-18 10:39:44,326 [INFO] Epoch 18/50 | Train Loss: nan, Train Acc: 1.02% | (validation skipped) | LR: 0.000716 | Time: 45.5s
2026-02-18 10:40:30,085 [INFO] Epoch 19/50 | Train Loss: nan, Train Acc: 1.02% | (validation skipped) | LR: 0.000687 | Time: 45.8s
2026-02-18 10:41:18,817 [INFO] Epoch 20/50 | Train Loss: nan, Train Acc: 1.02% | Val Loss: nan, Val Acc: 1.00% | LR: 0.000658 | Time: 48.6s
2026-02-18 10:42:05,444 [INFO] Epoch 21/50 | Train Loss: nan, Train Acc: 1.02% | (validation skipped) | LR: 0.000628 | Time: 46.5s
2026-02-18 10:42:51,064 [INFO] Epoch 22/50 | Train Loss: nan, Train Acc: 1.02% | (validation skipped) | LR: 0.000598 | Time: 45.6s
2026-02-18 10:43:37,362 [INFO] Epoch 23/50 | Train Loss: nan, Train Acc: 1.02% | (validation skipped) | LR: 0.000567 | Time: 46.3s
2026-02-18 10:44:22,847 [INFO] Epoch 24/50 | Train Loss: nan, Train Acc: 1.02% | (validation skipped) | LR: 0.000536 | Time: 45.5s
2026-02-18 10:45:12,118 [INFO] Epoch 25/50 | Train Loss: nan, Train Acc: 1.02% | Val Loss: nan, Val Acc: 1.00% | LR: 0.000505 | Time: 49.2s
2026-02-18 10:45:58,344 [INFO] Epoch 26/50 | Train Loss: nan, Train Acc: 1.01% | (validation skipped) | LR: 0.000474 | Time: 46.2s
2026-02-18 10:46:44,063 [INFO] Epoch 27/50 | Train Loss: nan, Train Acc: 1.02% | (validation skipped) | LR: 0.000443 | Time: 45.7s
2026-02-18 10:47:29,530 [INFO] Epoch 28/50 | Train Loss: nan, Train Acc: 1.02% | (validation skipped) | LR: 0.000412 | Time: 45.5s
2026-02-18 10:48:14,854 [INFO] Epoch 29/50 | Train Loss: nan, Train Acc: 1.02% | (validation skipped) | LR: 0.000382 | Time: 45.3s
2026-02-18 10:49:03,321 [INFO] Epoch 30/50 | Train Loss: nan, Train Acc: 1.02% | Val Loss: nan, Val Acc: 1.00% | LR: 0.000352 | Time: 48.5s
2026-02-18 10:49:48,849 [INFO] Epoch 31/50 | Train Loss: nan, Train Acc: 1.02% | (validation skipped) | LR: 0.000323 | Time: 45.4s
2026-02-18 10:50:34,002 [INFO] Epoch 32/50 | Train Loss: nan, Train Acc: 1.02% | (validation skipped) | LR: 0.000294 | Time: 45.2s
2026-02-18 10:51:19,437 [INFO] Epoch 33/50 | Train Loss: nan, Train Acc: 1.02% | (validation skipped) | LR: 0.000267 | Time: 45.4s
2026-02-18 10:52:04,753 [INFO] Epoch 34/50 | Train Loss: nan, Train Acc: 1.02% | (validation skipped) | LR: 0.000240 | Time: 45.3s
2026-02-18 10:52:53,090 [INFO] Epoch 35/50 | Train Loss: nan, Train Acc: 1.01% | Val Loss: nan, Val Acc: 1.00% | LR: 0.000214 | Time: 48.3s
2026-02-18 10:53:40,626 [INFO] Epoch 36/50 | Train Loss: nan, Train Acc: 1.01% | (validation skipped) | LR: 0.000189 | Time: 47.5s
2026-02-18 10:54:25,913 [INFO] Epoch 37/50 | Train Loss: nan, Train Acc: 1.01% | (validation skipped) | LR: 0.000166 | Time: 45.3s
2026-02-18 10:55:11,348 [INFO] Epoch 38/50 | Train Loss: nan, Train Acc: 1.02% | (validation skipped) | LR: 0.000144 | Time: 45.4s
2026-02-18 10:55:56,793 [INFO] Epoch 39/50 | Train Loss: nan, Train Acc: 1.02% | (validation skipped) | LR: 0.000124 | Time: 45.4s
2026-02-18 10:56:45,778 [INFO] Epoch 40/50 | Train Loss: nan, Train Acc: 1.01% | Val Loss: nan, Val Acc: 1.00% | LR: 0.000105 | Time: 49.0s
2026-02-18 10:57:31,392 [INFO] Epoch 41/50 | Train Loss: nan, Train Acc: 1.01% | (validation skipped) | LR: 0.000087 | Time: 45.5s
2026-02-18 10:58:16,641 [INFO] Epoch 42/50 | Train Loss: nan, Train Acc: 1.02% | (validation skipped) | LR: 0.000071 | Time: 45.2s
2026-02-18 10:59:02,113 [INFO] Epoch 43/50 | Train Loss: nan, Train Acc: 1.02% | (validation skipped) | LR: 0.000057 | Time: 45.5s
2026-02-18 10:59:47,537 [INFO] Epoch 44/50 | Train Loss: nan, Train Acc: 1.01% | (validation skipped) | LR: 0.000045 | Time: 45.4s
2026-02-18 11:00:36,584 [INFO] Epoch 45/50 | Train Loss: nan, Train Acc: 1.01% | Val Loss: nan, Val Acc: 1.00% | LR: 0.000034 | Time: 49.0s
2026-02-18 11:01:23,753 [INFO] Epoch 46/50 | Train Loss: nan, Train Acc: 1.02% | (validation skipped) | LR: 0.000026 | Time: 47.2s
2026-02-18 11:02:09,659 [INFO] Epoch 47/50 | Train Loss: nan, Train Acc: 1.02% | (validation skipped) | LR: 0.000019 | Time: 45.9s
2026-02-18 11:02:55,275 [INFO] Epoch 48/50 | Train Loss: nan, Train Acc: 1.02% | (validation skipped) | LR: 0.000014 | Time: 45.6s
2026-02-18 11:03:42,554 [INFO] Epoch 49/50 | Train Loss: nan, Train Acc: 1.02% | (validation skipped) | LR: 0.000011 | Time: 47.3s
2026-02-18 11:04:32,729 [INFO] Epoch 50/50 | Train Loss: nan, Train Acc: 1.02% | Val Loss: nan, Val Acc: 1.00% | LR: 0.000010 | Time: 50.2s
2026-02-18 11:04:32,902 [INFO] Training complete! Best accuracy: 1.00%
2026-02-18 11:04:32,902 [INFO] Outputs saved to: /projects/prjs0771/melle/projects/visionCNN/logs/resnet_medium_nonorm_ws_bs128_lr0.001
2026-02-18 11:04:32,927 [INFO] Gradient stats saved to: /projects/prjs0771/melle/projects/visionCNN/logs/resnet_medium_nonorm_ws_bs128_lr0.001/gradient_stats.csv
