[2026-02-18 09:50:29,898] torch.distributed.run: [WARNING] master_addr is only used for static rdzv_backend and when rdzv_endpoint is not specified.
/projects/prjs0771/melle/envs/pytorch21-cuda121/lib/python3.11/site-packages/torchvision/io/image.py:13: UserWarning: Failed to load image Python extension: '/gpfs/work1/0/prjs0771/melle/envs/pytorch21-cuda121/lib/python3.11/site-packages/torchvision/image.so: undefined symbol: _ZN3c106detail23torchInternalAssertFailEPKcS2_jS2_RKSs'If you don't plan on using image functionality from `torchvision.io`, you can ignore this warning. Otherwise, there might be something wrong with your environment. Did you have `libjpeg` or `libpng` installed before building `torchvision` from source?
  warn(
2026-02-18 09:50:33,859 [INFO] Distributed: DistributedManager(rank=0, local_rank=0, world_size=1, device=cuda:0, is_distributed=True)
2026-02-18 09:50:33,876 [INFO] Config: {'experiment_name': 'convnext_medium_layernorm_bs256_lr0.001', 'model': {'name': 'convnext_medium', 'num_classes': 100, 'norm_layer': 'layernorm'}, 'data': {'dataset': 'imagenet100', 'root': '/scratch-nvme/ml-datasets/imagenet/torchvision_ImageFolder', 'img_size': 224, 'backend': 'pytorch', 'num_workers': 16, 'pin_memory': True, 'persistent_workers': True, 'prefetch_factor': 2, 'gpu_transforms': True}, 'training': {'epochs': 50, 'batch_size': 256, 'lr': 0.001, 'min_lr': 1e-05, 'weight_decay': 0.05, 'optimizer': 'adamw', 'scheduler': 'cosine', 'label_smoothing': 0.1, 'use_amp': True, 'channels_last': True, 'seed': 42, 'val_frequency': 5, 'save_frequency': 10, 'disable_progress_bar': True, 'log_gradients': True, 'grad_log_freq': 50}, 'logging': {'log_dir': 'logs'}, 'wandb': {'enabled': True, 'project': 'norm-comparison-extended', 'tags': ['norm-experiment-extended', 'imagenet100']}}
2026-02-18 09:50:33,876 [INFO] Run directory: /projects/prjs0771/melle/projects/visionCNN/logs/convnext_medium_layernorm_bs256_lr0.001
2026-02-18 09:50:33,876 [INFO] Set random seed: 42 (rank offset applied)
2026-02-18 09:50:33,876 [INFO] Using device: cuda:0
2026-02-18 09:50:33,877 [INFO] World size: 1
2026-02-18 09:50:35,288 [INFO] Model: convnext_medium, Parameters: 19,173,700
2026-02-18 09:50:35,293 [INFO] Using channels-last (NHWC) memory format
2026-02-18 09:50:35,320 [INFO] Mixed precision training: True
2026-02-18 09:50:55,831 [INFO] Using GPU-accelerated transforms to reduce CPU bottleneck
2026-02-18 09:50:55,832 [INFO] Train samples: 128135, Val samples: 5000
2026-02-18 09:50:55,832 [INFO] Effective batch size: 256 (256 x 1 GPUs)
2026-02-18 09:50:55,832 [INFO] Resuming from: /projects/prjs0771/melle/projects/visionCNN/logs/convnext_medium_layernorm_bs256_lr0.001/last.pt
2026-02-18 09:50:56,991 [INFO] Resumed from epoch 40, best_acc: 83.28%
2026-02-18 09:50:56,992 [INFO] Starting training for 50 epochs...
2026-02-18 09:50:56,992 [INFO] Gradient flow logging enabled (every 50 steps)
2026-02-18 09:54:06,264 [INFO] Epoch 41/50 | Train Loss: 1.1746, Train Acc: 89.86% | (validation skipped) | LR: 0.000087 | Time: 189.3s
2026-02-18 09:57:00,787 [INFO] Epoch 42/50 | Train Loss: 1.1674, Train Acc: 90.08% | (validation skipped) | LR: 0.000071 | Time: 174.5s
2026-02-18 09:59:55,591 [INFO] Epoch 43/50 | Train Loss: 1.1569, Train Acc: 90.39% | (validation skipped) | LR: 0.000057 | Time: 174.8s
2026-02-18 10:02:50,649 [INFO] Epoch 44/50 | Train Loss: 1.1524, Train Acc: 90.60% | (validation skipped) | LR: 0.000045 | Time: 175.0s
2026-02-18 10:05:51,098 [INFO] Epoch 45/50 | Train Loss: 1.1481, Train Acc: 90.68% | Val Loss: 1.3617, Val Acc: 83.48% | LR: 0.000034 | Time: 180.4s
2026-02-18 10:05:51,431 [INFO] New best accuracy: 83.48%
2026-02-18 10:08:45,911 [INFO] Epoch 46/50 | Train Loss: 1.1404, Train Acc: 90.95% | (validation skipped) | LR: 0.000026 | Time: 174.5s
2026-02-18 10:11:40,755 [INFO] Epoch 47/50 | Train Loss: 1.1379, Train Acc: 90.97% | (validation skipped) | LR: 0.000019 | Time: 174.8s
2026-02-18 10:14:35,300 [INFO] Epoch 48/50 | Train Loss: 1.1327, Train Acc: 91.13% | (validation skipped) | LR: 0.000014 | Time: 174.5s
2026-02-18 10:17:30,515 [INFO] Epoch 49/50 | Train Loss: 1.1314, Train Acc: 91.12% | (validation skipped) | LR: 0.000011 | Time: 175.2s
2026-02-18 10:20:30,015 [INFO] Epoch 50/50 | Train Loss: 1.1296, Train Acc: 91.28% | Val Loss: 1.3536, Val Acc: 83.84% | LR: 0.000010 | Time: 179.4s
2026-02-18 10:20:30,303 [INFO] New best accuracy: 83.84%
2026-02-18 10:20:30,587 [INFO] Training complete! Best accuracy: 83.84%
2026-02-18 10:20:30,587 [INFO] Outputs saved to: /projects/prjs0771/melle/projects/visionCNN/logs/convnext_medium_layernorm_bs256_lr0.001
2026-02-18 10:20:30,620 [INFO] Gradient stats saved to: /projects/prjs0771/melle/projects/visionCNN/logs/convnext_medium_layernorm_bs256_lr0.001/gradient_stats.csv
