[2026-02-18 10:25:08,655] torch.distributed.run: [WARNING] master_addr is only used for static rdzv_backend and when rdzv_endpoint is not specified.
/projects/prjs0771/melle/envs/pytorch21-cuda121/lib/python3.11/site-packages/torchvision/io/image.py:13: UserWarning: Failed to load image Python extension: '/gpfs/work1/0/prjs0771/melle/envs/pytorch21-cuda121/lib/python3.11/site-packages/torchvision/image.so: undefined symbol: _ZN3c106detail23torchInternalAssertFailEPKcS2_jS2_RKSs'If you don't plan on using image functionality from `torchvision.io`, you can ignore this warning. Otherwise, there might be something wrong with your environment. Did you have `libjpeg` or `libpng` installed before building `torchvision` from source?
  warn(
2026-02-18 10:25:14,946 [INFO] Distributed: DistributedManager(rank=0, local_rank=0, world_size=1, device=cuda:0, is_distributed=True)
2026-02-18 10:25:14,957 [INFO] Config: {'experiment_name': 'vgg_medium_nonorm_bs128_lr0.001', 'model': {'name': 'vgg_medium', 'num_classes': 100, 'norm_layer': 'nonorm'}, 'data': {'dataset': 'imagenet100', 'root': '/scratch-nvme/ml-datasets/imagenet/torchvision_ImageFolder', 'img_size': 224, 'backend': 'pytorch', 'num_workers': 16, 'pin_memory': True, 'persistent_workers': True, 'prefetch_factor': 2, 'gpu_transforms': True}, 'training': {'epochs': 50, 'batch_size': 128, 'lr': 0.001, 'min_lr': 1e-05, 'weight_decay': 0.05, 'optimizer': 'adamw', 'scheduler': 'cosine', 'label_smoothing': 0.1, 'use_amp': True, 'channels_last': True, 'seed': 42, 'val_frequency': 5, 'save_frequency': 10, 'disable_progress_bar': True, 'log_gradients': True, 'grad_log_freq': 50}, 'logging': {'log_dir': 'logs'}, 'wandb': {'enabled': True, 'project': 'norm-comparison-extended', 'tags': ['norm-experiment-extended', 'imagenet100']}}
2026-02-18 10:25:14,958 [INFO] Run directory: /projects/prjs0771/melle/projects/visionCNN/logs/vgg_medium_nonorm_bs128_lr0.001
2026-02-18 10:25:14,958 [INFO] Set random seed: 42 (rank offset applied)
2026-02-18 10:25:14,958 [INFO] Using device: cuda:0
2026-02-18 10:25:14,958 [INFO] World size: 1
2026-02-18 10:25:15,136 [INFO] Model: vgg_medium, Parameters: 14,765,988
2026-02-18 10:25:15,164 [INFO] Using channels-last (NHWC) memory format
2026-02-18 10:25:15,205 [INFO] Mixed precision training: True
2026-02-18 10:25:40,370 [INFO] Using GPU-accelerated transforms to reduce CPU bottleneck
2026-02-18 10:25:40,370 [INFO] Train samples: 128135, Val samples: 5000
2026-02-18 10:25:40,370 [INFO] Effective batch size: 128 (128 x 1 GPUs)
2026-02-18 10:25:40,370 [INFO] Starting training for 50 epochs...
2026-02-18 10:25:40,370 [INFO] Gradient flow logging enabled (every 50 steps)
2026-02-18 10:27:20,202 [INFO] Epoch 1/50 | Train Loss: 4.6047, Train Acc: 0.93% | (validation skipped) | LR: 0.000999 | Time: 99.8s
2026-02-18 10:28:55,890 [INFO] Epoch 2/50 | Train Loss: 4.6043, Train Acc: 0.96% | (validation skipped) | LR: 0.000996 | Time: 95.7s
2026-02-18 10:30:31,517 [INFO] Epoch 3/50 | Train Loss: 4.6043, Train Acc: 0.94% | (validation skipped) | LR: 0.000991 | Time: 95.6s
2026-02-18 10:32:07,303 [INFO] Epoch 4/50 | Train Loss: 4.6043, Train Acc: 0.97% | (validation skipped) | LR: 0.000984 | Time: 95.8s
2026-02-18 10:33:51,180 [INFO] Epoch 5/50 | Train Loss: 4.6043, Train Acc: 0.95% | Val Loss: 4.6065, Val Acc: 1.00% | LR: 0.000976 | Time: 103.9s
2026-02-18 10:33:51,466 [INFO] New best accuracy: 1.00%
2026-02-18 10:35:27,024 [INFO] Epoch 6/50 | Train Loss: 4.6043, Train Acc: 0.96% | (validation skipped) | LR: 0.000965 | Time: 95.6s
2026-02-18 10:37:02,814 [INFO] Epoch 7/50 | Train Loss: 4.6043, Train Acc: 0.95% | (validation skipped) | LR: 0.000953 | Time: 95.8s
2026-02-18 10:38:38,390 [INFO] Epoch 8/50 | Train Loss: 4.6043, Train Acc: 0.97% | (validation skipped) | LR: 0.000939 | Time: 95.5s
2026-02-18 10:40:13,930 [INFO] Epoch 9/50 | Train Loss: 4.6043, Train Acc: 0.93% | (validation skipped) | LR: 0.000923 | Time: 95.5s
2026-02-18 10:41:53,219 [INFO] Epoch 10/50 | Train Loss: 4.6043, Train Acc: 0.91% | Val Loss: 4.6064, Val Acc: 1.00% | LR: 0.000905 | Time: 99.2s
2026-02-18 10:43:29,123 [INFO] Epoch 11/50 | Train Loss: 4.6042, Train Acc: 0.96% | (validation skipped) | LR: 0.000886 | Time: 95.6s
2026-02-18 10:45:04,806 [INFO] Epoch 12/50 | Train Loss: 4.6042, Train Acc: 0.96% | (validation skipped) | LR: 0.000866 | Time: 95.7s
2026-02-18 10:46:40,433 [INFO] Epoch 13/50 | Train Loss: 4.6042, Train Acc: 0.95% | (validation skipped) | LR: 0.000844 | Time: 95.6s
2026-02-18 10:48:16,110 [INFO] Epoch 14/50 | Train Loss: 4.6042, Train Acc: 0.95% | (validation skipped) | LR: 0.000821 | Time: 95.7s
2026-02-18 10:49:55,082 [INFO] Epoch 15/50 | Train Loss: 4.6042, Train Acc: 0.92% | Val Loss: 4.6063, Val Acc: 1.00% | LR: 0.000796 | Time: 99.0s
2026-02-18 10:51:30,505 [INFO] Epoch 16/50 | Train Loss: 4.6042, Train Acc: 0.92% | (validation skipped) | LR: 0.000770 | Time: 95.4s
2026-02-18 10:53:06,228 [INFO] Epoch 17/50 | Train Loss: 4.6042, Train Acc: 0.96% | (validation skipped) | LR: 0.000743 | Time: 95.7s
2026-02-18 10:54:41,771 [INFO] Epoch 18/50 | Train Loss: 4.6042, Train Acc: 0.96% | (validation skipped) | LR: 0.000716 | Time: 95.5s
2026-02-18 10:56:17,425 [INFO] Epoch 19/50 | Train Loss: 4.6042, Train Acc: 0.93% | (validation skipped) | LR: 0.000687 | Time: 95.7s
2026-02-18 10:57:56,359 [INFO] Epoch 20/50 | Train Loss: 4.6042, Train Acc: 0.96% | Val Loss: 4.6064, Val Acc: 1.00% | LR: 0.000658 | Time: 98.9s
2026-02-18 10:59:32,214 [INFO] Epoch 21/50 | Train Loss: 4.6042, Train Acc: 0.94% | (validation skipped) | LR: 0.000628 | Time: 95.6s
2026-02-18 11:01:07,842 [INFO] Epoch 22/50 | Train Loss: 4.6042, Train Acc: 0.92% | (validation skipped) | LR: 0.000598 | Time: 95.6s
2026-02-18 11:02:43,297 [INFO] Epoch 23/50 | Train Loss: 4.6041, Train Acc: 0.94% | (validation skipped) | LR: 0.000567 | Time: 95.5s
2026-02-18 11:04:18,995 [INFO] Epoch 24/50 | Train Loss: 4.6041, Train Acc: 0.94% | (validation skipped) | LR: 0.000536 | Time: 95.7s
2026-02-18 11:05:57,750 [INFO] Epoch 25/50 | Train Loss: 4.6041, Train Acc: 0.93% | Val Loss: 4.6064, Val Acc: 1.00% | LR: 0.000505 | Time: 98.8s
2026-02-18 11:07:33,189 [INFO] Epoch 26/50 | Train Loss: 4.6041, Train Acc: 0.94% | (validation skipped) | LR: 0.000474 | Time: 95.4s
2026-02-18 11:09:08,927 [INFO] Epoch 27/50 | Train Loss: 4.6041, Train Acc: 0.92% | (validation skipped) | LR: 0.000443 | Time: 95.7s
2026-02-18 11:10:44,547 [INFO] Epoch 28/50 | Train Loss: 4.6041, Train Acc: 0.91% | (validation skipped) | LR: 0.000412 | Time: 95.6s
2026-02-18 11:12:20,109 [INFO] Epoch 29/50 | Train Loss: 4.6041, Train Acc: 0.93% | (validation skipped) | LR: 0.000382 | Time: 95.6s
2026-02-18 11:13:59,023 [INFO] Epoch 30/50 | Train Loss: 4.6041, Train Acc: 0.96% | Val Loss: 4.6065, Val Acc: 1.00% | LR: 0.000352 | Time: 98.9s
2026-02-18 11:15:34,752 [INFO] Epoch 31/50 | Train Loss: 4.6040, Train Acc: 0.97% | (validation skipped) | LR: 0.000323 | Time: 95.5s
2026-02-18 11:17:10,428 [INFO] Epoch 32/50 | Train Loss: 4.6041, Train Acc: 0.94% | (validation skipped) | LR: 0.000294 | Time: 95.7s
2026-02-18 11:18:45,982 [INFO] Epoch 33/50 | Train Loss: 4.6041, Train Acc: 0.96% | (validation skipped) | LR: 0.000267 | Time: 95.6s
2026-02-18 11:20:21,607 [INFO] Epoch 34/50 | Train Loss: 4.6041, Train Acc: 0.93% | (validation skipped) | LR: 0.000240 | Time: 95.6s
2026-02-18 11:22:00,714 [INFO] Epoch 35/50 | Train Loss: 4.6041, Train Acc: 0.91% | Val Loss: 4.6066, Val Acc: 1.00% | LR: 0.000214 | Time: 99.1s
2026-02-18 11:23:36,159 [INFO] Epoch 36/50 | Train Loss: 4.6040, Train Acc: 0.91% | (validation skipped) | LR: 0.000189 | Time: 95.4s
2026-02-18 11:25:11,678 [INFO] Epoch 37/50 | Train Loss: 4.6040, Train Acc: 0.93% | (validation skipped) | LR: 0.000166 | Time: 95.5s
2026-02-18 11:26:47,269 [INFO] Epoch 38/50 | Train Loss: 4.6040, Train Acc: 0.92% | (validation skipped) | LR: 0.000144 | Time: 95.6s
2026-02-18 11:28:22,705 [INFO] Epoch 39/50 | Train Loss: 4.6040, Train Acc: 0.92% | (validation skipped) | LR: 0.000124 | Time: 95.4s
2026-02-18 11:30:01,747 [INFO] Epoch 40/50 | Train Loss: 4.6041, Train Acc: 0.97% | Val Loss: 4.6069, Val Acc: 1.00% | LR: 0.000105 | Time: 99.0s
2026-02-18 11:31:37,473 [INFO] Epoch 41/50 | Train Loss: 4.6041, Train Acc: 0.96% | (validation skipped) | LR: 0.000087 | Time: 95.5s
2026-02-18 11:33:12,919 [INFO] Epoch 42/50 | Train Loss: 4.6041, Train Acc: 0.90% | (validation skipped) | LR: 0.000071 | Time: 95.4s
2026-02-18 11:34:48,456 [INFO] Epoch 43/50 | Train Loss: 4.6042, Train Acc: 0.94% | (validation skipped) | LR: 0.000057 | Time: 95.5s
2026-02-18 11:36:24,112 [INFO] Epoch 44/50 | Train Loss: 4.6045, Train Acc: 0.95% | (validation skipped) | LR: 0.000045 | Time: 95.6s
2026-02-18 11:38:02,820 [INFO] Epoch 45/50 | Train Loss: 4.6046, Train Acc: 0.94% | Val Loss: 4.6073, Val Acc: 1.00% | LR: 0.000034 | Time: 98.7s
2026-02-18 11:39:38,131 [INFO] Epoch 46/50 | Train Loss: 4.6047, Train Acc: 0.96% | (validation skipped) | LR: 0.000026 | Time: 95.3s
2026-02-18 11:41:13,531 [INFO] Epoch 47/50 | Train Loss: 4.6048, Train Acc: 0.92% | (validation skipped) | LR: 0.000019 | Time: 95.4s
2026-02-18 11:42:49,260 [INFO] Epoch 48/50 | Train Loss: 4.6048, Train Acc: 0.97% | (validation skipped) | LR: 0.000014 | Time: 95.7s
2026-02-18 11:44:24,953 [INFO] Epoch 49/50 | Train Loss: 4.6049, Train Acc: 0.96% | (validation skipped) | LR: 0.000011 | Time: 95.7s
2026-02-18 11:46:03,953 [INFO] Epoch 50/50 | Train Loss: 4.6049, Train Acc: 0.99% | Val Loss: 4.6073, Val Acc: 1.00% | LR: 0.000010 | Time: 99.0s
2026-02-18 11:46:04,195 [INFO] Training complete! Best accuracy: 1.00%
2026-02-18 11:46:04,195 [INFO] Outputs saved to: /projects/prjs0771/melle/projects/visionCNN/logs/vgg_medium_nonorm_bs128_lr0.001
2026-02-18 11:46:04,212 [INFO] Gradient stats saved to: /projects/prjs0771/melle/projects/visionCNN/logs/vgg_medium_nonorm_bs128_lr0.001/gradient_stats.csv
