[2026-02-18 10:25:14,129] torch.distributed.run: [WARNING] master_addr is only used for static rdzv_backend and when rdzv_endpoint is not specified.
/projects/prjs0771/melle/envs/pytorch21-cuda121/lib/python3.11/site-packages/torchvision/io/image.py:13: UserWarning: Failed to load image Python extension: '/gpfs/work1/0/prjs0771/melle/envs/pytorch21-cuda121/lib/python3.11/site-packages/torchvision/image.so: undefined symbol: _ZN3c106detail23torchInternalAssertFailEPKcS2_jS2_RKSs'If you don't plan on using image functionality from `torchvision.io`, you can ignore this warning. Otherwise, there might be something wrong with your environment. Did you have `libjpeg` or `libpng` installed before building `torchvision` from source?
  warn(
2026-02-18 10:25:18,426 [INFO] Distributed: DistributedManager(rank=0, local_rank=0, world_size=1, device=cuda:0, is_distributed=True)
2026-02-18 10:25:18,427 [INFO] Config: {'experiment_name': 'vgg_medium_nonorm_ws_bs128_lr0.001', 'model': {'name': 'vgg_medium', 'num_classes': 100, 'norm_layer': 'nonorm_ws'}, 'data': {'dataset': 'imagenet100', 'root': '/scratch-nvme/ml-datasets/imagenet/torchvision_ImageFolder', 'img_size': 224, 'backend': 'pytorch', 'num_workers': 16, 'pin_memory': True, 'persistent_workers': True, 'prefetch_factor': 2, 'gpu_transforms': True}, 'training': {'epochs': 50, 'batch_size': 128, 'lr': 0.001, 'min_lr': 1e-05, 'weight_decay': 0.05, 'optimizer': 'adamw', 'scheduler': 'cosine', 'label_smoothing': 0.1, 'use_amp': True, 'channels_last': True, 'seed': 42, 'val_frequency': 5, 'save_frequency': 10, 'disable_progress_bar': True, 'log_gradients': True, 'grad_log_freq': 50}, 'logging': {'log_dir': 'logs'}, 'wandb': {'enabled': True, 'project': 'norm-comparison-extended', 'tags': ['norm-experiment-extended', 'imagenet100']}}
2026-02-18 10:25:18,427 [INFO] Run directory: /projects/prjs0771/melle/projects/visionCNN/logs/vgg_medium_nonorm_ws_bs128_lr0.001
2026-02-18 10:25:18,427 [INFO] Set random seed: 42 (rank offset applied)
2026-02-18 10:25:18,427 [INFO] Using device: cuda:0
2026-02-18 10:25:18,427 [INFO] World size: 1
2026-02-18 10:25:18,586 [INFO] Model: vgg_medium, Parameters: 14,765,988
2026-02-18 10:25:18,611 [INFO] Using channels-last (NHWC) memory format
2026-02-18 10:25:18,632 [INFO] Mixed precision training: True
2026-02-18 10:25:40,370 [INFO] Using GPU-accelerated transforms to reduce CPU bottleneck
2026-02-18 10:25:40,372 [INFO] Train samples: 128135, Val samples: 5000
2026-02-18 10:25:40,372 [INFO] Effective batch size: 128 (128 x 1 GPUs)
2026-02-18 10:25:40,372 [INFO] Starting training for 50 epochs...
2026-02-18 10:25:40,372 [INFO] Gradient flow logging enabled (every 50 steps)
2026-02-18 10:25:40,372 [INFO] Adaptive Gradient Clipping (AGC) enabled
/sw/arch/RHEL8/EB_production/2023/software/PyTorch/2.1.2-foss-2023a-CUDA-12.1.1/lib/python3.11/site-packages/torch/optim/lr_scheduler.py:136: UserWarning: Detected call of `lr_scheduler.step()` before `optimizer.step()`. In PyTorch 1.1.0 and later, you should call them in the opposite order: `optimizer.step()` before `lr_scheduler.step()`.  Failure to do this will result in PyTorch skipping the first value of the learning rate schedule. See more details at https://pytorch.org/docs/stable/optim.html#how-to-adjust-learning-rate
  warnings.warn("Detected call of `lr_scheduler.step()` before `optimizer.step()`. "
2026-02-18 10:27:24,025 [INFO] Epoch 1/50 | Train Loss: nan, Train Acc: 1.01% | (validation skipped) | LR: 0.000999 | Time: 103.7s
2026-02-18 10:29:03,700 [INFO] Epoch 2/50 | Train Loss: nan, Train Acc: 1.01% | (validation skipped) | LR: 0.000996 | Time: 99.7s
2026-02-18 10:30:43,304 [INFO] Epoch 3/50 | Train Loss: nan, Train Acc: 1.01% | (validation skipped) | LR: 0.000991 | Time: 99.6s
2026-02-18 10:32:23,136 [INFO] Epoch 4/50 | Train Loss: nan, Train Acc: 1.01% | (validation skipped) | LR: 0.000984 | Time: 99.8s
2026-02-18 10:34:10,719 [INFO] Epoch 5/50 | Train Loss: nan, Train Acc: 1.01% | Val Loss: nan, Val Acc: 1.00% | LR: 0.000976 | Time: 107.5s
2026-02-18 10:34:10,889 [INFO] New best accuracy: 1.00%
2026-02-18 10:35:50,524 [INFO] Epoch 6/50 | Train Loss: nan, Train Acc: 1.01% | (validation skipped) | LR: 0.000965 | Time: 99.6s
2026-02-18 10:37:30,322 [INFO] Epoch 7/50 | Train Loss: nan, Train Acc: 1.01% | (validation skipped) | LR: 0.000953 | Time: 99.8s
2026-02-18 10:39:09,983 [INFO] Epoch 8/50 | Train Loss: nan, Train Acc: 1.01% | (validation skipped) | LR: 0.000939 | Time: 99.7s
2026-02-18 10:40:49,660 [INFO] Epoch 9/50 | Train Loss: nan, Train Acc: 1.01% | (validation skipped) | LR: 0.000923 | Time: 99.7s
2026-02-18 10:42:32,704 [INFO] Epoch 10/50 | Train Loss: nan, Train Acc: 1.01% | Val Loss: nan, Val Acc: 1.00% | LR: 0.000905 | Time: 103.0s
2026-02-18 10:44:12,412 [INFO] Epoch 11/50 | Train Loss: nan, Train Acc: 1.01% | (validation skipped) | LR: 0.000886 | Time: 99.5s
2026-02-18 10:45:52,132 [INFO] Epoch 12/50 | Train Loss: nan, Train Acc: 1.01% | (validation skipped) | LR: 0.000866 | Time: 99.7s
2026-02-18 10:47:31,810 [INFO] Epoch 13/50 | Train Loss: nan, Train Acc: 1.01% | (validation skipped) | LR: 0.000844 | Time: 99.7s
2026-02-18 10:49:11,462 [INFO] Epoch 14/50 | Train Loss: nan, Train Acc: 1.01% | (validation skipped) | LR: 0.000821 | Time: 99.7s
2026-02-18 10:50:54,051 [INFO] Epoch 15/50 | Train Loss: nan, Train Acc: 1.01% | Val Loss: nan, Val Acc: 1.00% | LR: 0.000796 | Time: 102.6s
2026-02-18 10:52:33,551 [INFO] Epoch 16/50 | Train Loss: nan, Train Acc: 1.01% | (validation skipped) | LR: 0.000770 | Time: 99.5s
2026-02-18 10:54:13,375 [INFO] Epoch 17/50 | Train Loss: nan, Train Acc: 1.01% | (validation skipped) | LR: 0.000743 | Time: 99.8s
2026-02-18 10:55:52,993 [INFO] Epoch 18/50 | Train Loss: nan, Train Acc: 1.01% | (validation skipped) | LR: 0.000716 | Time: 99.6s
2026-02-18 10:57:32,666 [INFO] Epoch 19/50 | Train Loss: nan, Train Acc: 1.01% | (validation skipped) | LR: 0.000687 | Time: 99.6s
2026-02-18 10:59:15,764 [INFO] Epoch 20/50 | Train Loss: nan, Train Acc: 1.01% | Val Loss: nan, Val Acc: 1.00% | LR: 0.000658 | Time: 103.0s
2026-02-18 11:00:55,627 [INFO] Epoch 21/50 | Train Loss: nan, Train Acc: 1.01% | (validation skipped) | LR: 0.000628 | Time: 99.7s
2026-02-18 11:02:35,360 [INFO] Epoch 22/50 | Train Loss: nan, Train Acc: 1.01% | (validation skipped) | LR: 0.000598 | Time: 99.7s
2026-02-18 11:04:15,003 [INFO] Epoch 23/50 | Train Loss: nan, Train Acc: 1.01% | (validation skipped) | LR: 0.000567 | Time: 99.6s
2026-02-18 11:05:54,782 [INFO] Epoch 24/50 | Train Loss: nan, Train Acc: 1.01% | (validation skipped) | LR: 0.000536 | Time: 99.8s
2026-02-18 11:07:37,644 [INFO] Epoch 25/50 | Train Loss: nan, Train Acc: 1.01% | Val Loss: nan, Val Acc: 1.00% | LR: 0.000505 | Time: 102.8s
2026-02-18 11:09:17,177 [INFO] Epoch 26/50 | Train Loss: nan, Train Acc: 1.01% | (validation skipped) | LR: 0.000474 | Time: 99.5s
2026-02-18 11:10:56,973 [INFO] Epoch 27/50 | Train Loss: nan, Train Acc: 1.01% | (validation skipped) | LR: 0.000443 | Time: 99.8s
2026-02-18 11:12:36,668 [INFO] Epoch 28/50 | Train Loss: nan, Train Acc: 1.01% | (validation skipped) | LR: 0.000412 | Time: 99.7s
2026-02-18 11:14:16,318 [INFO] Epoch 29/50 | Train Loss: nan, Train Acc: 1.01% | (validation skipped) | LR: 0.000382 | Time: 99.6s
2026-02-18 11:15:59,141 [INFO] Epoch 30/50 | Train Loss: nan, Train Acc: 1.01% | Val Loss: nan, Val Acc: 1.00% | LR: 0.000352 | Time: 102.8s
2026-02-18 11:17:38,919 [INFO] Epoch 31/50 | Train Loss: nan, Train Acc: 1.01% | (validation skipped) | LR: 0.000323 | Time: 99.6s
2026-02-18 11:19:18,710 [INFO] Epoch 32/50 | Train Loss: nan, Train Acc: 1.01% | (validation skipped) | LR: 0.000294 | Time: 99.8s
2026-02-18 11:20:58,481 [INFO] Epoch 33/50 | Train Loss: nan, Train Acc: 1.01% | (validation skipped) | LR: 0.000267 | Time: 99.8s
2026-02-18 11:22:38,183 [INFO] Epoch 34/50 | Train Loss: nan, Train Acc: 1.01% | (validation skipped) | LR: 0.000240 | Time: 99.7s
2026-02-18 11:24:21,029 [INFO] Epoch 35/50 | Train Loss: nan, Train Acc: 1.01% | Val Loss: nan, Val Acc: 1.00% | LR: 0.000214 | Time: 102.8s
2026-02-18 11:26:00,645 [INFO] Epoch 36/50 | Train Loss: nan, Train Acc: 1.01% | (validation skipped) | LR: 0.000189 | Time: 99.6s
2026-02-18 11:27:40,435 [INFO] Epoch 37/50 | Train Loss: nan, Train Acc: 1.01% | (validation skipped) | LR: 0.000166 | Time: 99.8s
2026-02-18 11:29:20,132 [INFO] Epoch 38/50 | Train Loss: nan, Train Acc: 1.01% | (validation skipped) | LR: 0.000144 | Time: 99.7s
2026-02-18 11:30:59,668 [INFO] Epoch 39/50 | Train Loss: nan, Train Acc: 1.01% | (validation skipped) | LR: 0.000124 | Time: 99.5s
2026-02-18 11:32:42,726 [INFO] Epoch 40/50 | Train Loss: nan, Train Acc: 1.01% | Val Loss: nan, Val Acc: 1.00% | LR: 0.000105 | Time: 103.0s
2026-02-18 11:34:22,534 [INFO] Epoch 41/50 | Train Loss: nan, Train Acc: 1.01% | (validation skipped) | LR: 0.000087 | Time: 99.6s
2026-02-18 11:36:02,129 [INFO] Epoch 42/50 | Train Loss: nan, Train Acc: 1.01% | (validation skipped) | LR: 0.000071 | Time: 99.6s
2026-02-18 11:37:41,790 [INFO] Epoch 43/50 | Train Loss: nan, Train Acc: 1.01% | (validation skipped) | LR: 0.000057 | Time: 99.6s
2026-02-18 11:39:21,513 [INFO] Epoch 44/50 | Train Loss: nan, Train Acc: 1.01% | (validation skipped) | LR: 0.000045 | Time: 99.7s
2026-02-18 11:41:04,206 [INFO] Epoch 45/50 | Train Loss: nan, Train Acc: 1.01% | Val Loss: nan, Val Acc: 1.00% | LR: 0.000034 | Time: 102.6s
2026-02-18 11:42:43,691 [INFO] Epoch 46/50 | Train Loss: nan, Train Acc: 1.01% | (validation skipped) | LR: 0.000026 | Time: 99.5s
2026-02-18 11:44:23,238 [INFO] Epoch 47/50 | Train Loss: nan, Train Acc: 1.01% | (validation skipped) | LR: 0.000019 | Time: 99.5s
2026-02-18 11:46:02,733 [INFO] Epoch 48/50 | Train Loss: nan, Train Acc: 1.01% | (validation skipped) | LR: 0.000014 | Time: 99.5s
2026-02-18 11:47:42,527 [INFO] Epoch 49/50 | Train Loss: nan, Train Acc: 1.01% | (validation skipped) | LR: 0.000011 | Time: 99.8s
2026-02-18 11:49:25,944 [INFO] Epoch 50/50 | Train Loss: nan, Train Acc: 1.01% | Val Loss: nan, Val Acc: 1.00% | LR: 0.000010 | Time: 103.3s
2026-02-18 11:49:26,163 [INFO] Training complete! Best accuracy: 1.00%
2026-02-18 11:49:26,163 [INFO] Outputs saved to: /projects/prjs0771/melle/projects/visionCNN/logs/vgg_medium_nonorm_ws_bs128_lr0.001
2026-02-18 11:49:26,176 [INFO] Gradient stats saved to: /projects/prjs0771/melle/projects/visionCNN/logs/vgg_medium_nonorm_ws_bs128_lr0.001/gradient_stats.csv
