[2026-02-18 10:25:18,325] torch.distributed.run: [WARNING] master_addr is only used for static rdzv_backend and when rdzv_endpoint is not specified.
/projects/prjs0771/melle/envs/pytorch21-cuda121/lib/python3.11/site-packages/torchvision/io/image.py:13: UserWarning: Failed to load image Python extension: '/gpfs/work1/0/prjs0771/melle/envs/pytorch21-cuda121/lib/python3.11/site-packages/torchvision/image.so: undefined symbol: _ZN3c106detail23torchInternalAssertFailEPKcS2_jS2_RKSs'If you don't plan on using image functionality from `torchvision.io`, you can ignore this warning. Otherwise, there might be something wrong with your environment. Did you have `libjpeg` or `libpng` installed before building `torchvision` from source?
  warn(
2026-02-18 10:25:22,827 [INFO] Distributed: DistributedManager(rank=0, local_rank=0, world_size=1, device=cuda:0, is_distributed=True)
2026-02-18 10:25:22,827 [INFO] Config: {'experiment_name': 'convnext_medium_nonorm_ws_bs128_lr0.001', 'model': {'name': 'convnext_medium', 'num_classes': 100, 'norm_layer': 'nonorm_ws'}, 'data': {'dataset': 'imagenet100', 'root': '/scratch-nvme/ml-datasets/imagenet/torchvision_ImageFolder', 'img_size': 224, 'backend': 'pytorch', 'num_workers': 16, 'pin_memory': True, 'persistent_workers': True, 'prefetch_factor': 2, 'gpu_transforms': True}, 'training': {'epochs': 50, 'batch_size': 128, 'lr': 0.001, 'min_lr': 1e-05, 'weight_decay': 0.05, 'optimizer': 'adamw', 'scheduler': 'cosine', 'label_smoothing': 0.1, 'use_amp': True, 'channels_last': True, 'seed': 42, 'val_frequency': 5, 'save_frequency': 10, 'disable_progress_bar': True, 'log_gradients': True, 'grad_log_freq': 50}, 'logging': {'log_dir': 'logs'}, 'wandb': {'enabled': True, 'project': 'norm-comparison-extended', 'tags': ['norm-experiment-extended', 'imagenet100']}}
2026-02-18 10:25:22,827 [INFO] Run directory: /projects/prjs0771/melle/projects/visionCNN/logs/convnext_medium_nonorm_ws_bs128_lr0.001
2026-02-18 10:25:22,827 [INFO] Set random seed: 42 (rank offset applied)
2026-02-18 10:25:22,827 [INFO] Using device: cuda:0
2026-02-18 10:25:22,827 [INFO] World size: 1
2026-02-18 10:25:24,253 [INFO] Model: convnext_medium, Parameters: 19,161,796
2026-02-18 10:25:24,258 [INFO] Using channels-last (NHWC) memory format
2026-02-18 10:25:24,286 [INFO] Mixed precision training: True
2026-02-18 10:25:41,333 [INFO] Using GPU-accelerated transforms to reduce CPU bottleneck
2026-02-18 10:25:41,334 [INFO] Train samples: 128135, Val samples: 5000
2026-02-18 10:25:41,363 [INFO] Effective batch size: 128 (128 x 1 GPUs)
2026-02-18 10:25:41,363 [INFO] Starting training for 50 epochs...
2026-02-18 10:25:41,363 [INFO] Gradient flow logging enabled (every 50 steps)
2026-02-18 10:25:41,363 [INFO] Adaptive Gradient Clipping (AGC) enabled
/sw/arch/RHEL8/EB_production/2023/software/PyTorch/2.1.2-foss-2023a-CUDA-12.1.1/lib/python3.11/site-packages/torch/optim/lr_scheduler.py:136: UserWarning: Detected call of `lr_scheduler.step()` before `optimizer.step()`. In PyTorch 1.1.0 and later, you should call them in the opposite order: `optimizer.step()` before `lr_scheduler.step()`.  Failure to do this will result in PyTorch skipping the first value of the learning rate schedule. See more details at https://pytorch.org/docs/stable/optim.html#how-to-adjust-learning-rate
  warnings.warn("Detected call of `lr_scheduler.step()` before `optimizer.step()`. "
2026-02-18 10:28:16,556 [INFO] Epoch 1/50 | Train Loss: nan, Train Acc: 1.01% | (validation skipped) | LR: 0.000999 | Time: 155.2s
2026-02-18 10:30:45,072 [INFO] Epoch 2/50 | Train Loss: nan, Train Acc: 1.01% | (validation skipped) | LR: 0.000996 | Time: 148.5s
2026-02-18 10:33:13,408 [INFO] Epoch 3/50 | Train Loss: nan, Train Acc: 1.01% | (validation skipped) | LR: 0.000991 | Time: 148.3s
2026-02-18 10:35:43,785 [INFO] Epoch 4/50 | Train Loss: nan, Train Acc: 1.01% | (validation skipped) | LR: 0.000984 | Time: 150.4s
2026-02-18 10:38:16,873 [INFO] Epoch 5/50 | Train Loss: nan, Train Acc: 1.01% | Val Loss: nan, Val Acc: 1.00% | LR: 0.000976 | Time: 153.0s
2026-02-18 10:38:17,057 [INFO] New best accuracy: 1.00%
2026-02-18 10:40:45,670 [INFO] Epoch 6/50 | Train Loss: nan, Train Acc: 1.01% | (validation skipped) | LR: 0.000965 | Time: 148.6s
2026-02-18 10:43:14,257 [INFO] Epoch 7/50 | Train Loss: nan, Train Acc: 1.01% | (validation skipped) | LR: 0.000953 | Time: 148.6s
2026-02-18 10:45:42,723 [INFO] Epoch 8/50 | Train Loss: nan, Train Acc: 1.01% | (validation skipped) | LR: 0.000939 | Time: 148.4s
2026-02-18 10:48:11,291 [INFO] Epoch 9/50 | Train Loss: nan, Train Acc: 1.01% | (validation skipped) | LR: 0.000923 | Time: 148.6s
2026-02-18 10:50:43,286 [INFO] Epoch 10/50 | Train Loss: nan, Train Acc: 1.01% | Val Loss: nan, Val Acc: 1.00% | LR: 0.000905 | Time: 152.0s
2026-02-18 10:53:11,796 [INFO] Epoch 11/50 | Train Loss: nan, Train Acc: 1.02% | (validation skipped) | LR: 0.000886 | Time: 148.3s
2026-02-18 10:55:40,347 [INFO] Epoch 12/50 | Train Loss: nan, Train Acc: 1.01% | (validation skipped) | LR: 0.000866 | Time: 148.5s
2026-02-18 10:58:08,766 [INFO] Epoch 13/50 | Train Loss: nan, Train Acc: 1.01% | (validation skipped) | LR: 0.000844 | Time: 148.4s
2026-02-18 11:00:37,371 [INFO] Epoch 14/50 | Train Loss: nan, Train Acc: 1.01% | (validation skipped) | LR: 0.000821 | Time: 148.6s
2026-02-18 11:03:09,139 [INFO] Epoch 15/50 | Train Loss: nan, Train Acc: 1.01% | Val Loss: nan, Val Acc: 1.00% | LR: 0.000796 | Time: 151.7s
2026-02-18 11:05:37,431 [INFO] Epoch 16/50 | Train Loss: nan, Train Acc: 1.01% | (validation skipped) | LR: 0.000770 | Time: 148.3s
2026-02-18 11:08:06,046 [INFO] Epoch 17/50 | Train Loss: nan, Train Acc: 1.02% | (validation skipped) | LR: 0.000743 | Time: 148.6s
2026-02-18 11:10:34,535 [INFO] Epoch 18/50 | Train Loss: nan, Train Acc: 1.01% | (validation skipped) | LR: 0.000716 | Time: 148.5s
2026-02-18 11:13:03,094 [INFO] Epoch 19/50 | Train Loss: nan, Train Acc: 1.01% | (validation skipped) | LR: 0.000687 | Time: 148.5s
2026-02-18 11:15:34,973 [INFO] Epoch 20/50 | Train Loss: nan, Train Acc: 1.01% | Val Loss: nan, Val Acc: 1.00% | LR: 0.000658 | Time: 151.9s
2026-02-18 11:18:03,806 [INFO] Epoch 21/50 | Train Loss: nan, Train Acc: 1.01% | (validation skipped) | LR: 0.000628 | Time: 148.6s
2026-02-18 11:20:32,339 [INFO] Epoch 22/50 | Train Loss: nan, Train Acc: 1.01% | (validation skipped) | LR: 0.000598 | Time: 148.5s
2026-02-18 11:23:00,804 [INFO] Epoch 23/50 | Train Loss: nan, Train Acc: 1.01% | (validation skipped) | LR: 0.000567 | Time: 148.5s
2026-02-18 11:25:29,450 [INFO] Epoch 24/50 | Train Loss: nan, Train Acc: 1.01% | (validation skipped) | LR: 0.000536 | Time: 148.6s
2026-02-18 11:28:01,524 [INFO] Epoch 25/50 | Train Loss: nan, Train Acc: 1.01% | Val Loss: nan, Val Acc: 1.00% | LR: 0.000505 | Time: 152.1s
2026-02-18 11:30:29,893 [INFO] Epoch 26/50 | Train Loss: nan, Train Acc: 1.01% | (validation skipped) | LR: 0.000474 | Time: 148.4s
2026-02-18 11:32:58,575 [INFO] Epoch 27/50 | Train Loss: nan, Train Acc: 1.01% | (validation skipped) | LR: 0.000443 | Time: 148.7s
2026-02-18 11:35:27,143 [INFO] Epoch 28/50 | Train Loss: nan, Train Acc: 1.01% | (validation skipped) | LR: 0.000412 | Time: 148.6s
2026-02-18 11:37:55,651 [INFO] Epoch 29/50 | Train Loss: nan, Train Acc: 1.01% | (validation skipped) | LR: 0.000382 | Time: 148.5s
2026-02-18 11:40:27,841 [INFO] Epoch 30/50 | Train Loss: nan, Train Acc: 1.01% | Val Loss: nan, Val Acc: 1.00% | LR: 0.000352 | Time: 152.1s
2026-02-18 11:42:56,502 [INFO] Epoch 31/50 | Train Loss: nan, Train Acc: 1.02% | (validation skipped) | LR: 0.000323 | Time: 148.5s
2026-02-18 11:45:25,122 [INFO] Epoch 32/50 | Train Loss: nan, Train Acc: 1.01% | (validation skipped) | LR: 0.000294 | Time: 148.6s
2026-02-18 11:47:53,686 [INFO] Epoch 33/50 | Train Loss: nan, Train Acc: 1.01% | (validation skipped) | LR: 0.000267 | Time: 148.5s
2026-02-18 11:50:22,207 [INFO] Epoch 34/50 | Train Loss: nan, Train Acc: 1.02% | (validation skipped) | LR: 0.000240 | Time: 148.5s
2026-02-18 11:52:53,950 [INFO] Epoch 35/50 | Train Loss: nan, Train Acc: 1.01% | Val Loss: nan, Val Acc: 1.00% | LR: 0.000214 | Time: 151.7s
2026-02-18 11:55:22,291 [INFO] Epoch 36/50 | Train Loss: nan, Train Acc: 1.01% | (validation skipped) | LR: 0.000189 | Time: 148.3s
2026-02-18 11:57:50,808 [INFO] Epoch 37/50 | Train Loss: nan, Train Acc: 1.01% | (validation skipped) | LR: 0.000166 | Time: 148.5s
2026-02-18 12:00:19,355 [INFO] Epoch 38/50 | Train Loss: nan, Train Acc: 1.01% | (validation skipped) | LR: 0.000144 | Time: 148.5s
2026-02-18 12:02:47,765 [INFO] Epoch 39/50 | Train Loss: nan, Train Acc: 1.01% | (validation skipped) | LR: 0.000124 | Time: 148.4s
2026-02-18 12:05:19,460 [INFO] Epoch 40/50 | Train Loss: nan, Train Acc: 1.02% | Val Loss: nan, Val Acc: 1.00% | LR: 0.000105 | Time: 151.7s
2026-02-18 12:07:48,046 [INFO] Epoch 41/50 | Train Loss: nan, Train Acc: 1.02% | (validation skipped) | LR: 0.000087 | Time: 148.4s
2026-02-18 12:10:16,569 [INFO] Epoch 42/50 | Train Loss: nan, Train Acc: 1.01% | (validation skipped) | LR: 0.000071 | Time: 148.5s
2026-02-18 12:12:45,030 [INFO] Epoch 43/50 | Train Loss: nan, Train Acc: 1.01% | (validation skipped) | LR: 0.000057 | Time: 148.4s
2026-02-18 12:15:13,567 [INFO] Epoch 44/50 | Train Loss: nan, Train Acc: 1.01% | (validation skipped) | LR: 0.000045 | Time: 148.5s
2026-02-18 12:17:45,151 [INFO] Epoch 45/50 | Train Loss: nan, Train Acc: 1.01% | Val Loss: nan, Val Acc: 1.00% | LR: 0.000034 | Time: 151.5s
2026-02-18 12:20:13,456 [INFO] Epoch 46/50 | Train Loss: nan, Train Acc: 1.01% | (validation skipped) | LR: 0.000026 | Time: 148.3s
2026-02-18 12:22:41,851 [INFO] Epoch 47/50 | Train Loss: nan, Train Acc: 1.02% | (validation skipped) | LR: 0.000019 | Time: 148.4s
2026-02-18 12:25:10,170 [INFO] Epoch 48/50 | Train Loss: nan, Train Acc: 1.02% | (validation skipped) | LR: 0.000014 | Time: 148.3s
2026-02-18 12:27:38,771 [INFO] Epoch 49/50 | Train Loss: nan, Train Acc: 1.01% | (validation skipped) | LR: 0.000011 | Time: 148.6s
2026-02-18 12:30:10,409 [INFO] Epoch 50/50 | Train Loss: nan, Train Acc: 1.01% | Val Loss: nan, Val Acc: 1.00% | LR: 0.000010 | Time: 151.6s
2026-02-18 12:30:10,616 [INFO] Training complete! Best accuracy: 1.00%
2026-02-18 12:30:10,616 [INFO] Outputs saved to: /projects/prjs0771/melle/projects/visionCNN/logs/convnext_medium_nonorm_ws_bs128_lr0.001
2026-02-18 12:30:10,665 [INFO] Gradient stats saved to: /projects/prjs0771/melle/projects/visionCNN/logs/convnext_medium_nonorm_ws_bs128_lr0.001/gradient_stats.csv
