[2026-02-18 13:28:31,985] torch.distributed.run: [WARNING] master_addr is only used for static rdzv_backend and when rdzv_endpoint is not specified.
/projects/prjs0771/melle/envs/pytorch21-cuda121/lib/python3.11/site-packages/torchvision/io/image.py:13: UserWarning: Failed to load image Python extension: '/gpfs/work1/0/prjs0771/melle/envs/pytorch21-cuda121/lib/python3.11/site-packages/torchvision/image.so: undefined symbol: _ZN3c106detail23torchInternalAssertFailEPKcS2_jS2_RKSs'If you don't plan on using image functionality from `torchvision.io`, you can ignore this warning. Otherwise, there might be something wrong with your environment. Did you have `libjpeg` or `libpng` installed before building `torchvision` from source?
  warn(
2026-02-18 13:28:36,405 [INFO] Distributed: DistributedManager(rank=0, local_rank=0, world_size=1, device=cuda:0, is_distributed=True)
2026-02-18 13:28:36,415 [INFO] Config: {'experiment_name': 'convnext_medium_nonorm_ws_bs128_lr0.001', 'model': {'name': 'convnext_medium', 'num_classes': 100, 'norm_layer': 'nonorm_ws'}, 'data': {'dataset': 'imagenet100', 'root': '/scratch-nvme/ml-datasets/imagenet/torchvision_ImageFolder', 'img_size': 224, 'backend': 'pytorch', 'num_workers': 16, 'pin_memory': True, 'persistent_workers': True, 'prefetch_factor': 2, 'gpu_transforms': True}, 'training': {'epochs': 50, 'batch_size': 128, 'lr': 0.001, 'min_lr': 1e-05, 'weight_decay': 0.05, 'optimizer': 'adamw', 'scheduler': 'cosine', 'label_smoothing': 0.1, 'use_amp': True, 'channels_last': True, 'seed': 42, 'val_frequency': 5, 'save_frequency': 10, 'disable_progress_bar': True, 'log_gradients': True, 'grad_log_freq': 50}, 'logging': {'log_dir': 'logs'}, 'wandb': {'enabled': True, 'project': 'norm-comparison-extended', 'tags': ['norm-experiment-extended', 'imagenet100']}}
2026-02-18 13:28:36,416 [INFO] Run directory: /projects/prjs0771/melle/projects/visionCNN/logs/convnext_medium_nonorm_ws_bs128_lr0.001
2026-02-18 13:28:36,416 [INFO] Set random seed: 42 (rank offset applied)
2026-02-18 13:28:36,416 [INFO] Using device: cuda:0
2026-02-18 13:28:36,416 [INFO] World size: 1
2026-02-18 13:28:37,841 [INFO] Model: convnext_medium, Parameters: 19,161,796
2026-02-18 13:28:37,846 [INFO] Using channels-last (NHWC) memory format
2026-02-18 13:28:37,872 [INFO] Mixed precision training: True
2026-02-18 13:28:56,991 [INFO] Using GPU-accelerated transforms to reduce CPU bottleneck
2026-02-18 13:28:56,991 [INFO] Train samples: 128135, Val samples: 5000
2026-02-18 13:28:56,991 [INFO] Effective batch size: 128 (128 x 1 GPUs)
2026-02-18 13:28:56,991 [INFO] Starting training for 50 epochs...
2026-02-18 13:28:56,991 [INFO] Gradient flow logging enabled (every 50 steps)
2026-02-18 13:28:56,991 [INFO] Adaptive Gradient Clipping (AGC) enabled
/sw/arch/RHEL8/EB_production/2023/software/PyTorch/2.1.2-foss-2023a-CUDA-12.1.1/lib/python3.11/site-packages/torch/optim/lr_scheduler.py:136: UserWarning: Detected call of `lr_scheduler.step()` before `optimizer.step()`. In PyTorch 1.1.0 and later, you should call them in the opposite order: `optimizer.step()` before `lr_scheduler.step()`.  Failure to do this will result in PyTorch skipping the first value of the learning rate schedule. See more details at https://pytorch.org/docs/stable/optim.html#how-to-adjust-learning-rate
  warnings.warn("Detected call of `lr_scheduler.step()` before `optimizer.step()`. "
2026-02-18 13:31:32,250 [INFO] Epoch 1/50 | Train Loss: nan, Train Acc: 1.01% | (validation skipped) | LR: 0.000999 | Time: 155.3s
2026-02-18 13:34:00,777 [INFO] Epoch 2/50 | Train Loss: nan, Train Acc: 1.01% | (validation skipped) | LR: 0.000996 | Time: 148.5s
2026-02-18 13:36:29,251 [INFO] Epoch 3/50 | Train Loss: nan, Train Acc: 1.01% | (validation skipped) | LR: 0.000991 | Time: 148.5s
2026-02-18 13:38:57,842 [INFO] Epoch 4/50 | Train Loss: nan, Train Acc: 1.01% | (validation skipped) | LR: 0.000984 | Time: 148.6s
2026-02-18 13:41:30,491 [INFO] Epoch 5/50 | Train Loss: nan, Train Acc: 1.01% | Val Loss: nan, Val Acc: 1.00% | LR: 0.000976 | Time: 152.5s
2026-02-18 13:41:30,667 [INFO] New best accuracy: 1.00%
2026-02-18 13:43:59,133 [INFO] Epoch 6/50 | Train Loss: nan, Train Acc: 1.01% | (validation skipped) | LR: 0.000965 | Time: 148.5s
2026-02-18 13:46:27,813 [INFO] Epoch 7/50 | Train Loss: nan, Train Acc: 1.01% | (validation skipped) | LR: 0.000953 | Time: 148.7s
2026-02-18 13:48:56,242 [INFO] Epoch 8/50 | Train Loss: nan, Train Acc: 1.01% | (validation skipped) | LR: 0.000939 | Time: 148.4s
2026-02-18 13:51:24,774 [INFO] Epoch 9/50 | Train Loss: nan, Train Acc: 1.01% | (validation skipped) | LR: 0.000923 | Time: 148.5s
2026-02-18 13:53:56,601 [INFO] Epoch 10/50 | Train Loss: nan, Train Acc: 1.01% | Val Loss: nan, Val Acc: 1.00% | LR: 0.000905 | Time: 151.8s
2026-02-18 13:56:25,202 [INFO] Epoch 11/50 | Train Loss: nan, Train Acc: 1.02% | (validation skipped) | LR: 0.000886 | Time: 148.4s
2026-02-18 13:58:53,802 [INFO] Epoch 12/50 | Train Loss: nan, Train Acc: 1.01% | (validation skipped) | LR: 0.000866 | Time: 148.6s
2026-02-18 14:01:22,325 [INFO] Epoch 13/50 | Train Loss: nan, Train Acc: 1.01% | (validation skipped) | LR: 0.000844 | Time: 148.5s
2026-02-18 14:03:50,936 [INFO] Epoch 14/50 | Train Loss: nan, Train Acc: 1.01% | (validation skipped) | LR: 0.000821 | Time: 148.6s
2026-02-18 14:06:22,608 [INFO] Epoch 15/50 | Train Loss: nan, Train Acc: 1.01% | Val Loss: nan, Val Acc: 1.00% | LR: 0.000796 | Time: 151.6s
2026-02-18 14:08:50,991 [INFO] Epoch 16/50 | Train Loss: nan, Train Acc: 1.01% | (validation skipped) | LR: 0.000770 | Time: 148.4s
2026-02-18 14:11:19,746 [INFO] Epoch 17/50 | Train Loss: nan, Train Acc: 1.02% | (validation skipped) | LR: 0.000743 | Time: 148.7s
2026-02-18 14:13:48,267 [INFO] Epoch 18/50 | Train Loss: nan, Train Acc: 1.01% | (validation skipped) | LR: 0.000716 | Time: 148.5s
2026-02-18 14:16:16,821 [INFO] Epoch 19/50 | Train Loss: nan, Train Acc: 1.01% | (validation skipped) | LR: 0.000687 | Time: 148.5s
2026-02-18 14:18:48,653 [INFO] Epoch 20/50 | Train Loss: nan, Train Acc: 1.01% | Val Loss: nan, Val Acc: 1.00% | LR: 0.000658 | Time: 151.8s
2026-02-18 14:21:17,524 [INFO] Epoch 21/50 | Train Loss: nan, Train Acc: 1.01% | (validation skipped) | LR: 0.000628 | Time: 148.7s
2026-02-18 14:23:46,184 [INFO] Epoch 22/50 | Train Loss: nan, Train Acc: 1.01% | (validation skipped) | LR: 0.000598 | Time: 148.6s
2026-02-18 14:26:14,649 [INFO] Epoch 23/50 | Train Loss: nan, Train Acc: 1.01% | (validation skipped) | LR: 0.000567 | Time: 148.4s
2026-02-18 14:28:43,427 [INFO] Epoch 24/50 | Train Loss: nan, Train Acc: 1.01% | (validation skipped) | LR: 0.000536 | Time: 148.7s
2026-02-18 14:31:15,220 [INFO] Epoch 25/50 | Train Loss: nan, Train Acc: 1.01% | Val Loss: nan, Val Acc: 1.00% | LR: 0.000505 | Time: 151.8s
2026-02-18 14:33:43,672 [INFO] Epoch 26/50 | Train Loss: nan, Train Acc: 1.01% | (validation skipped) | LR: 0.000474 | Time: 148.4s
2026-02-18 14:36:12,394 [INFO] Epoch 27/50 | Train Loss: nan, Train Acc: 1.01% | (validation skipped) | LR: 0.000443 | Time: 148.7s
2026-02-18 14:38:41,065 [INFO] Epoch 28/50 | Train Loss: nan, Train Acc: 1.01% | (validation skipped) | LR: 0.000412 | Time: 148.7s
2026-02-18 14:41:09,626 [INFO] Epoch 29/50 | Train Loss: nan, Train Acc: 1.01% | (validation skipped) | LR: 0.000382 | Time: 148.5s
2026-02-18 14:43:41,327 [INFO] Epoch 30/50 | Train Loss: nan, Train Acc: 1.01% | Val Loss: nan, Val Acc: 1.00% | LR: 0.000352 | Time: 151.7s
2026-02-18 14:46:10,349 [INFO] Epoch 31/50 | Train Loss: nan, Train Acc: 1.02% | (validation skipped) | LR: 0.000323 | Time: 148.5s
2026-02-18 14:48:39,072 [INFO] Epoch 32/50 | Train Loss: nan, Train Acc: 1.01% | (validation skipped) | LR: 0.000294 | Time: 148.7s
2026-02-18 14:51:07,799 [INFO] Epoch 33/50 | Train Loss: nan, Train Acc: 1.01% | (validation skipped) | LR: 0.000267 | Time: 148.7s
2026-02-18 14:53:36,425 [INFO] Epoch 34/50 | Train Loss: nan, Train Acc: 1.02% | (validation skipped) | LR: 0.000240 | Time: 148.6s
2026-02-18 14:56:08,249 [INFO] Epoch 35/50 | Train Loss: nan, Train Acc: 1.01% | Val Loss: nan, Val Acc: 1.00% | LR: 0.000214 | Time: 151.8s
2026-02-18 14:58:36,788 [INFO] Epoch 36/50 | Train Loss: nan, Train Acc: 1.01% | (validation skipped) | LR: 0.000189 | Time: 148.5s
2026-02-18 15:01:05,307 [INFO] Epoch 37/50 | Train Loss: nan, Train Acc: 1.01% | (validation skipped) | LR: 0.000166 | Time: 148.5s
2026-02-18 15:03:34,004 [INFO] Epoch 38/50 | Train Loss: nan, Train Acc: 1.01% | (validation skipped) | LR: 0.000144 | Time: 148.7s
2026-02-18 15:06:02,503 [INFO] Epoch 39/50 | Train Loss: nan, Train Acc: 1.01% | (validation skipped) | LR: 0.000124 | Time: 148.5s
2026-02-18 15:08:34,468 [INFO] Epoch 40/50 | Train Loss: nan, Train Acc: 1.02% | Val Loss: nan, Val Acc: 1.00% | LR: 0.000105 | Time: 151.9s
2026-02-18 15:11:03,460 [INFO] Epoch 41/50 | Train Loss: nan, Train Acc: 1.02% | (validation skipped) | LR: 0.000087 | Time: 148.8s
2026-02-18 15:13:31,988 [INFO] Epoch 42/50 | Train Loss: nan, Train Acc: 1.01% | (validation skipped) | LR: 0.000071 | Time: 148.5s
2026-02-18 15:16:00,580 [INFO] Epoch 43/50 | Train Loss: nan, Train Acc: 1.01% | (validation skipped) | LR: 0.000057 | Time: 148.6s
2026-02-18 15:18:29,254 [INFO] Epoch 44/50 | Train Loss: nan, Train Acc: 1.01% | (validation skipped) | LR: 0.000045 | Time: 148.7s
2026-02-18 15:21:01,530 [INFO] Epoch 45/50 | Train Loss: nan, Train Acc: 1.01% | Val Loss: nan, Val Acc: 1.00% | LR: 0.000034 | Time: 152.2s
2026-02-18 15:23:30,055 [INFO] Epoch 46/50 | Train Loss: nan, Train Acc: 1.01% | (validation skipped) | LR: 0.000026 | Time: 148.5s
2026-02-18 15:25:58,473 [INFO] Epoch 47/50 | Train Loss: nan, Train Acc: 1.02% | (validation skipped) | LR: 0.000019 | Time: 148.4s
2026-02-18 15:28:26,954 [INFO] Epoch 48/50 | Train Loss: nan, Train Acc: 1.02% | (validation skipped) | LR: 0.000014 | Time: 148.4s
2026-02-18 15:30:55,651 [INFO] Epoch 49/50 | Train Loss: nan, Train Acc: 1.01% | (validation skipped) | LR: 0.000011 | Time: 148.7s
2026-02-18 15:33:28,922 [INFO] Epoch 50/50 | Train Loss: nan, Train Acc: 1.01% | Val Loss: nan, Val Acc: 1.00% | LR: 0.000010 | Time: 153.2s
2026-02-18 15:33:29,092 [INFO] Training complete! Best accuracy: 1.00%
2026-02-18 15:33:29,092 [INFO] Outputs saved to: /projects/prjs0771/melle/projects/visionCNN/logs/convnext_medium_nonorm_ws_bs128_lr0.001
2026-02-18 15:33:29,128 [INFO] Gradient stats saved to: /projects/prjs0771/melle/projects/visionCNN/logs/convnext_medium_nonorm_ws_bs128_lr0.001/gradient_stats.csv
