[2026-02-18 13:36:35,520] torch.distributed.run: [WARNING] master_addr is only used for static rdzv_backend and when rdzv_endpoint is not specified.
/projects/prjs0771/melle/envs/pytorch21-cuda121/lib/python3.11/site-packages/torchvision/io/image.py:13: UserWarning: Failed to load image Python extension: '/gpfs/work1/0/prjs0771/melle/envs/pytorch21-cuda121/lib/python3.11/site-packages/torchvision/image.so: undefined symbol: _ZN3c106detail23torchInternalAssertFailEPKcS2_jS2_RKSs'If you don't plan on using image functionality from `torchvision.io`, you can ignore this warning. Otherwise, there might be something wrong with your environment. Did you have `libjpeg` or `libpng` installed before building `torchvision` from source?
  warn(
2026-02-18 13:36:41,950 [INFO] Distributed: DistributedManager(rank=0, local_rank=0, world_size=1, device=cuda:0, is_distributed=True)
2026-02-18 13:36:41,950 [INFO] Config: {'experiment_name': 'resnet_medium_rmsnorm_bs128_lr0.001', 'model': {'name': 'resnet_medium', 'num_classes': 100, 'norm_layer': 'rmsnorm'}, 'data': {'dataset': 'imagenet100', 'root': '/scratch-nvme/ml-datasets/imagenet/torchvision_ImageFolder', 'img_size': 224, 'backend': 'pytorch', 'num_workers': 16, 'pin_memory': True, 'persistent_workers': True, 'prefetch_factor': 2, 'gpu_transforms': True}, 'training': {'epochs': 50, 'batch_size': 128, 'lr': 0.001, 'min_lr': 1e-05, 'weight_decay': 0.05, 'optimizer': 'adamw', 'scheduler': 'cosine', 'label_smoothing': 0.1, 'use_amp': True, 'channels_last': True, 'seed': 42, 'val_frequency': 5, 'save_frequency': 10, 'disable_progress_bar': True, 'log_gradients': True, 'grad_log_freq': 50}, 'logging': {'log_dir': 'logs'}, 'wandb': {'enabled': True, 'project': 'norm-comparison-extended', 'tags': ['norm-experiment-extended', 'imagenet100']}}
2026-02-18 13:36:41,950 [INFO] Run directory: /projects/prjs0771/melle/projects/visionCNN/logs/resnet_medium_rmsnorm_bs128_lr0.001
2026-02-18 13:36:41,950 [INFO] Set random seed: 42 (rank offset applied)
2026-02-18 13:36:41,951 [INFO] Using device: cuda:0
2026-02-18 13:36:41,951 [INFO] World size: 1
2026-02-18 13:36:42,182 [INFO] Model: resnet_medium, Parameters: 21,327,460
2026-02-18 13:36:42,224 [INFO] Using channels-last (NHWC) memory format
2026-02-18 13:36:42,252 [INFO] Mixed precision training: True
2026-02-18 13:37:17,593 [INFO] Using GPU-accelerated transforms to reduce CPU bottleneck
2026-02-18 13:37:17,593 [INFO] Train samples: 128135, Val samples: 5000
2026-02-18 13:37:17,593 [INFO] Effective batch size: 128 (128 x 1 GPUs)
2026-02-18 13:37:17,593 [INFO] Starting training for 50 epochs...
2026-02-18 13:37:17,593 [INFO] Gradient flow logging enabled (every 50 steps)
2026-02-18 13:39:13,089 [INFO] Epoch 1/50 | Train Loss: 4.4544, Train Acc: 3.10% | (validation skipped) | LR: 0.000999 | Time: 115.5s
2026-02-18 13:41:05,174 [INFO] Epoch 2/50 | Train Loss: 3.8013, Train Acc: 15.72% | (validation skipped) | LR: 0.000996 | Time: 112.1s
2026-02-18 13:42:57,055 [INFO] Epoch 3/50 | Train Loss: 3.1955, Train Acc: 30.23% | (validation skipped) | LR: 0.000991 | Time: 111.9s
2026-02-18 13:44:49,143 [INFO] Epoch 4/50 | Train Loss: 2.8773, Train Acc: 38.68% | (validation skipped) | LR: 0.000984 | Time: 112.1s
2026-02-18 13:46:44,994 [INFO] Epoch 5/50 | Train Loss: 2.6747, Train Acc: 44.33% | Val Loss: 2.3989, Val Acc: 51.74% | LR: 0.000976 | Time: 115.8s
2026-02-18 13:46:45,358 [INFO] New best accuracy: 51.74%
2026-02-18 13:48:37,469 [INFO] Epoch 6/50 | Train Loss: 2.5266, Train Acc: 48.57% | (validation skipped) | LR: 0.000965 | Time: 112.1s
2026-02-18 13:50:29,693 [INFO] Epoch 7/50 | Train Loss: 2.4109, Train Acc: 51.81% | (validation skipped) | LR: 0.000953 | Time: 112.2s
2026-02-18 13:52:21,764 [INFO] Epoch 8/50 | Train Loss: 2.3233, Train Acc: 54.41% | (validation skipped) | LR: 0.000939 | Time: 112.1s
2026-02-18 13:54:13,812 [INFO] Epoch 9/50 | Train Loss: 2.2458, Train Acc: 56.64% | (validation skipped) | LR: 0.000923 | Time: 112.0s
2026-02-18 13:56:09,028 [INFO] Epoch 10/50 | Train Loss: 2.1829, Train Acc: 58.38% | Val Loss: 1.9846, Val Acc: 63.86% | LR: 0.000905 | Time: 115.2s
2026-02-18 13:56:09,299 [INFO] New best accuracy: 63.86%
2026-02-18 13:58:01,477 [INFO] Epoch 11/50 | Train Loss: 2.1240, Train Acc: 60.16% | (validation skipped) | LR: 0.000886 | Time: 111.9s
2026-02-18 13:59:53,542 [INFO] Epoch 12/50 | Train Loss: 2.0755, Train Acc: 61.61% | (validation skipped) | LR: 0.000866 | Time: 112.1s
2026-02-18 14:01:45,538 [INFO] Epoch 13/50 | Train Loss: 2.0348, Train Acc: 62.78% | (validation skipped) | LR: 0.000844 | Time: 112.0s
2026-02-18 14:03:37,535 [INFO] Epoch 14/50 | Train Loss: 1.9912, Train Acc: 63.98% | (validation skipped) | LR: 0.000821 | Time: 112.0s
2026-02-18 14:05:32,519 [INFO] Epoch 15/50 | Train Loss: 1.9564, Train Acc: 64.97% | Val Loss: 1.8425, Val Acc: 68.82% | LR: 0.000796 | Time: 115.0s
2026-02-18 14:05:32,818 [INFO] New best accuracy: 68.82%
2026-02-18 14:07:24,694 [INFO] Epoch 16/50 | Train Loss: 1.9183, Train Acc: 66.19% | (validation skipped) | LR: 0.000770 | Time: 111.9s
2026-02-18 14:09:16,935 [INFO] Epoch 17/50 | Train Loss: 1.8841, Train Acc: 67.18% | (validation skipped) | LR: 0.000743 | Time: 112.2s
2026-02-18 14:11:08,950 [INFO] Epoch 18/50 | Train Loss: 1.8539, Train Acc: 67.92% | (validation skipped) | LR: 0.000716 | Time: 112.0s
2026-02-18 14:13:01,054 [INFO] Epoch 19/50 | Train Loss: 1.8271, Train Acc: 68.77% | (validation skipped) | LR: 0.000687 | Time: 112.1s
2026-02-18 14:14:56,245 [INFO] Epoch 20/50 | Train Loss: 1.7978, Train Acc: 69.61% | Val Loss: 1.6969, Val Acc: 72.80% | LR: 0.000658 | Time: 115.2s
2026-02-18 14:14:56,580 [INFO] New best accuracy: 72.80%
2026-02-18 14:16:49,215 [INFO] Epoch 21/50 | Train Loss: 1.7718, Train Acc: 70.50% | (validation skipped) | LR: 0.000628 | Time: 112.2s
2026-02-18 14:18:41,373 [INFO] Epoch 22/50 | Train Loss: 1.7432, Train Acc: 71.34% | (validation skipped) | LR: 0.000598 | Time: 112.1s
2026-02-18 14:20:33,380 [INFO] Epoch 23/50 | Train Loss: 1.7187, Train Acc: 72.03% | (validation skipped) | LR: 0.000567 | Time: 112.0s
2026-02-18 14:22:25,563 [INFO] Epoch 24/50 | Train Loss: 1.6920, Train Acc: 72.72% | (validation skipped) | LR: 0.000536 | Time: 112.2s
2026-02-18 14:24:20,678 [INFO] Epoch 25/50 | Train Loss: 1.6692, Train Acc: 73.49% | Val Loss: 1.6412, Val Acc: 74.16% | LR: 0.000505 | Time: 115.1s
2026-02-18 14:24:21,050 [INFO] New best accuracy: 74.16%
2026-02-18 14:26:12,958 [INFO] Epoch 26/50 | Train Loss: 1.6485, Train Acc: 74.08% | (validation skipped) | LR: 0.000474 | Time: 111.9s
2026-02-18 14:28:05,160 [INFO] Epoch 27/50 | Train Loss: 1.6214, Train Acc: 74.94% | (validation skipped) | LR: 0.000443 | Time: 112.2s
2026-02-18 14:29:57,307 [INFO] Epoch 28/50 | Train Loss: 1.5987, Train Acc: 75.66% | (validation skipped) | LR: 0.000412 | Time: 112.1s
2026-02-18 14:31:49,403 [INFO] Epoch 29/50 | Train Loss: 1.5791, Train Acc: 76.28% | (validation skipped) | LR: 0.000382 | Time: 112.1s
2026-02-18 14:33:44,520 [INFO] Epoch 30/50 | Train Loss: 1.5503, Train Acc: 77.17% | Val Loss: 1.5731, Val Acc: 76.56% | LR: 0.000352 | Time: 115.1s
2026-02-18 14:33:44,790 [INFO] New best accuracy: 76.56%
2026-02-18 14:35:37,137 [INFO] Epoch 31/50 | Train Loss: 1.5277, Train Acc: 77.71% | (validation skipped) | LR: 0.000323 | Time: 112.1s
2026-02-18 14:37:29,340 [INFO] Epoch 32/50 | Train Loss: 1.5082, Train Acc: 78.42% | (validation skipped) | LR: 0.000294 | Time: 112.2s
2026-02-18 14:39:21,549 [INFO] Epoch 33/50 | Train Loss: 1.4861, Train Acc: 79.15% | (validation skipped) | LR: 0.000267 | Time: 112.2s
2026-02-18 14:41:13,680 [INFO] Epoch 34/50 | Train Loss: 1.4631, Train Acc: 79.82% | (validation skipped) | LR: 0.000240 | Time: 112.1s
2026-02-18 14:43:08,914 [INFO] Epoch 35/50 | Train Loss: 1.4432, Train Acc: 80.46% | Val Loss: 1.5239, Val Acc: 77.76% | LR: 0.000214 | Time: 115.2s
2026-02-18 14:43:09,289 [INFO] New best accuracy: 77.76%
2026-02-18 14:45:01,293 [INFO] Epoch 36/50 | Train Loss: 1.4237, Train Acc: 81.10% | (validation skipped) | LR: 0.000189 | Time: 112.0s
2026-02-18 14:46:53,324 [INFO] Epoch 37/50 | Train Loss: 1.4069, Train Acc: 81.63% | (validation skipped) | LR: 0.000166 | Time: 112.0s
2026-02-18 14:48:45,505 [INFO] Epoch 38/50 | Train Loss: 1.3922, Train Acc: 82.16% | (validation skipped) | LR: 0.000144 | Time: 112.2s
2026-02-18 14:50:37,552 [INFO] Epoch 39/50 | Train Loss: 1.3679, Train Acc: 82.80% | (validation skipped) | LR: 0.000124 | Time: 112.0s
2026-02-18 14:52:32,712 [INFO] Epoch 40/50 | Train Loss: 1.3514, Train Acc: 83.35% | Val Loss: 1.4999, Val Acc: 78.84% | LR: 0.000105 | Time: 115.1s
2026-02-18 14:52:33,052 [INFO] New best accuracy: 78.84%
2026-02-18 14:54:25,466 [INFO] Epoch 41/50 | Train Loss: 1.3400, Train Acc: 83.74% | (validation skipped) | LR: 0.000087 | Time: 112.0s
2026-02-18 14:56:17,521 [INFO] Epoch 42/50 | Train Loss: 1.3207, Train Acc: 84.40% | (validation skipped) | LR: 0.000071 | Time: 112.0s
2026-02-18 14:58:09,585 [INFO] Epoch 43/50 | Train Loss: 1.3117, Train Acc: 84.76% | (validation skipped) | LR: 0.000057 | Time: 112.1s
2026-02-18 15:00:01,728 [INFO] Epoch 44/50 | Train Loss: 1.3019, Train Acc: 85.04% | (validation skipped) | LR: 0.000045 | Time: 112.1s
2026-02-18 15:01:56,800 [INFO] Epoch 45/50 | Train Loss: 1.2950, Train Acc: 85.30% | Val Loss: 1.4759, Val Acc: 79.84% | LR: 0.000034 | Time: 115.0s
2026-02-18 15:01:57,082 [INFO] New best accuracy: 79.84%
2026-02-18 15:03:49,163 [INFO] Epoch 46/50 | Train Loss: 1.2896, Train Acc: 85.45% | (validation skipped) | LR: 0.000026 | Time: 112.1s
2026-02-18 15:05:41,189 [INFO] Epoch 47/50 | Train Loss: 1.2805, Train Acc: 85.76% | (validation skipped) | LR: 0.000019 | Time: 112.0s
2026-02-18 15:07:33,205 [INFO] Epoch 48/50 | Train Loss: 1.2736, Train Acc: 86.11% | (validation skipped) | LR: 0.000014 | Time: 112.0s
2026-02-18 15:09:25,479 [INFO] Epoch 49/50 | Train Loss: 1.2748, Train Acc: 85.97% | (validation skipped) | LR: 0.000011 | Time: 112.2s
2026-02-18 15:11:20,639 [INFO] Epoch 50/50 | Train Loss: 1.2708, Train Acc: 86.07% | Val Loss: 1.4703, Val Acc: 80.18% | LR: 0.000010 | Time: 115.1s
2026-02-18 15:11:20,905 [INFO] New best accuracy: 80.18%
2026-02-18 15:11:21,154 [INFO] Training complete! Best accuracy: 80.18%
2026-02-18 15:11:21,154 [INFO] Outputs saved to: /projects/prjs0771/melle/projects/visionCNN/logs/resnet_medium_rmsnorm_bs128_lr0.001
2026-02-18 15:11:21,270 [INFO] Gradient stats saved to: /projects/prjs0771/melle/projects/visionCNN/logs/resnet_medium_rmsnorm_bs128_lr0.001/gradient_stats.csv
