[2026-02-18 13:26:32,028] torch.distributed.run: [WARNING] master_addr is only used for static rdzv_backend and when rdzv_endpoint is not specified.
/projects/prjs0771/melle/envs/pytorch21-cuda121/lib/python3.11/site-packages/torchvision/io/image.py:13: UserWarning: Failed to load image Python extension: '/gpfs/work1/0/prjs0771/melle/envs/pytorch21-cuda121/lib/python3.11/site-packages/torchvision/image.so: undefined symbol: _ZN3c106detail23torchInternalAssertFailEPKcS2_jS2_RKSs'If you don't plan on using image functionality from `torchvision.io`, you can ignore this warning. Otherwise, there might be something wrong with your environment. Did you have `libjpeg` or `libpng` installed before building `torchvision` from source?
  warn(
2026-02-18 13:26:38,424 [INFO] Distributed: DistributedManager(rank=0, local_rank=0, world_size=1, device=cuda:0, is_distributed=True)
2026-02-18 13:26:38,446 [INFO] Config: {'experiment_name': 'vgg_medium_nonorm_ws_bs128_lr0.001', 'model': {'name': 'vgg_medium', 'num_classes': 100, 'norm_layer': 'nonorm_ws'}, 'data': {'dataset': 'imagenet100', 'root': '/scratch-nvme/ml-datasets/imagenet/torchvision_ImageFolder', 'img_size': 224, 'backend': 'pytorch', 'num_workers': 16, 'pin_memory': True, 'persistent_workers': True, 'prefetch_factor': 2, 'gpu_transforms': True}, 'training': {'epochs': 50, 'batch_size': 128, 'lr': 0.001, 'min_lr': 1e-05, 'weight_decay': 0.05, 'optimizer': 'adamw', 'scheduler': 'cosine', 'label_smoothing': 0.1, 'use_amp': True, 'channels_last': True, 'seed': 42, 'val_frequency': 5, 'save_frequency': 10, 'disable_progress_bar': True, 'log_gradients': True, 'grad_log_freq': 50}, 'logging': {'log_dir': 'logs'}, 'wandb': {'enabled': True, 'project': 'norm-comparison-extended', 'tags': ['norm-experiment-extended', 'imagenet100']}}
2026-02-18 13:26:38,447 [INFO] Run directory: /projects/prjs0771/melle/projects/visionCNN/logs/vgg_medium_nonorm_ws_bs128_lr0.001
2026-02-18 13:26:38,447 [INFO] Set random seed: 42 (rank offset applied)
2026-02-18 13:26:38,447 [INFO] Using device: cuda:0
2026-02-18 13:26:38,447 [INFO] World size: 1
2026-02-18 13:26:38,605 [INFO] Model: vgg_medium, Parameters: 14,765,988
2026-02-18 13:26:38,629 [INFO] Using channels-last (NHWC) memory format
2026-02-18 13:26:38,649 [INFO] Mixed precision training: True
2026-02-18 13:26:59,622 [INFO] Using GPU-accelerated transforms to reduce CPU bottleneck
2026-02-18 13:26:59,622 [INFO] Train samples: 128135, Val samples: 5000
2026-02-18 13:26:59,622 [INFO] Effective batch size: 128 (128 x 1 GPUs)
2026-02-18 13:26:59,622 [INFO] Starting training for 50 epochs...
2026-02-18 13:26:59,622 [INFO] Gradient flow logging enabled (every 50 steps)
2026-02-18 13:26:59,622 [INFO] Adaptive Gradient Clipping (AGC) enabled
/sw/arch/RHEL8/EB_production/2023/software/PyTorch/2.1.2-foss-2023a-CUDA-12.1.1/lib/python3.11/site-packages/torch/optim/lr_scheduler.py:136: UserWarning: Detected call of `lr_scheduler.step()` before `optimizer.step()`. In PyTorch 1.1.0 and later, you should call them in the opposite order: `optimizer.step()` before `lr_scheduler.step()`.  Failure to do this will result in PyTorch skipping the first value of the learning rate schedule. See more details at https://pytorch.org/docs/stable/optim.html#how-to-adjust-learning-rate
  warnings.warn("Detected call of `lr_scheduler.step()` before `optimizer.step()`. "
2026-02-18 13:28:43,173 [INFO] Epoch 1/50 | Train Loss: nan, Train Acc: 1.01% | (validation skipped) | LR: 0.000999 | Time: 103.6s
2026-02-18 13:30:22,744 [INFO] Epoch 2/50 | Train Loss: nan, Train Acc: 1.01% | (validation skipped) | LR: 0.000996 | Time: 99.6s
2026-02-18 13:32:02,241 [INFO] Epoch 3/50 | Train Loss: nan, Train Acc: 1.01% | (validation skipped) | LR: 0.000991 | Time: 99.5s
2026-02-18 13:33:41,905 [INFO] Epoch 4/50 | Train Loss: nan, Train Acc: 1.01% | (validation skipped) | LR: 0.000984 | Time: 99.7s
2026-02-18 13:35:25,200 [INFO] Epoch 5/50 | Train Loss: nan, Train Acc: 1.01% | Val Loss: nan, Val Acc: 1.00% | LR: 0.000976 | Time: 103.3s
2026-02-18 13:35:25,375 [INFO] New best accuracy: 1.00%
2026-02-18 13:37:04,890 [INFO] Epoch 6/50 | Train Loss: nan, Train Acc: 1.01% | (validation skipped) | LR: 0.000965 | Time: 99.5s
2026-02-18 13:38:44,578 [INFO] Epoch 7/50 | Train Loss: nan, Train Acc: 1.01% | (validation skipped) | LR: 0.000953 | Time: 99.7s
2026-02-18 13:40:24,062 [INFO] Epoch 8/50 | Train Loss: nan, Train Acc: 1.01% | (validation skipped) | LR: 0.000939 | Time: 99.5s
2026-02-18 13:42:03,595 [INFO] Epoch 9/50 | Train Loss: nan, Train Acc: 1.01% | (validation skipped) | LR: 0.000923 | Time: 99.5s
2026-02-18 13:43:46,314 [INFO] Epoch 10/50 | Train Loss: nan, Train Acc: 1.01% | Val Loss: nan, Val Acc: 1.00% | LR: 0.000905 | Time: 102.7s
2026-02-18 13:45:25,890 [INFO] Epoch 11/50 | Train Loss: nan, Train Acc: 1.01% | (validation skipped) | LR: 0.000886 | Time: 99.4s
2026-02-18 13:47:05,478 [INFO] Epoch 12/50 | Train Loss: nan, Train Acc: 1.01% | (validation skipped) | LR: 0.000866 | Time: 99.6s
2026-02-18 13:48:45,013 [INFO] Epoch 13/50 | Train Loss: nan, Train Acc: 1.01% | (validation skipped) | LR: 0.000844 | Time: 99.5s
2026-02-18 13:50:24,522 [INFO] Epoch 14/50 | Train Loss: nan, Train Acc: 1.01% | (validation skipped) | LR: 0.000821 | Time: 99.5s
2026-02-18 13:52:07,019 [INFO] Epoch 15/50 | Train Loss: nan, Train Acc: 1.01% | Val Loss: nan, Val Acc: 1.00% | LR: 0.000796 | Time: 102.4s
2026-02-18 13:53:46,405 [INFO] Epoch 16/50 | Train Loss: nan, Train Acc: 1.01% | (validation skipped) | LR: 0.000770 | Time: 99.4s
2026-02-18 13:55:26,133 [INFO] Epoch 17/50 | Train Loss: nan, Train Acc: 1.01% | (validation skipped) | LR: 0.000743 | Time: 99.7s
2026-02-18 13:57:05,671 [INFO] Epoch 18/50 | Train Loss: nan, Train Acc: 1.01% | (validation skipped) | LR: 0.000716 | Time: 99.5s
2026-02-18 13:58:45,259 [INFO] Epoch 19/50 | Train Loss: nan, Train Acc: 1.01% | (validation skipped) | LR: 0.000687 | Time: 99.6s
2026-02-18 14:00:28,057 [INFO] Epoch 20/50 | Train Loss: nan, Train Acc: 1.01% | Val Loss: nan, Val Acc: 1.00% | LR: 0.000658 | Time: 102.8s
2026-02-18 14:02:07,881 [INFO] Epoch 21/50 | Train Loss: nan, Train Acc: 1.01% | (validation skipped) | LR: 0.000628 | Time: 99.7s
2026-02-18 14:03:47,502 [INFO] Epoch 22/50 | Train Loss: nan, Train Acc: 1.01% | (validation skipped) | LR: 0.000598 | Time: 99.6s
2026-02-18 14:05:26,994 [INFO] Epoch 23/50 | Train Loss: nan, Train Acc: 1.01% | (validation skipped) | LR: 0.000567 | Time: 99.5s
2026-02-18 14:07:06,755 [INFO] Epoch 24/50 | Train Loss: nan, Train Acc: 1.01% | (validation skipped) | LR: 0.000536 | Time: 99.7s
2026-02-18 14:08:49,337 [INFO] Epoch 25/50 | Train Loss: nan, Train Acc: 1.01% | Val Loss: nan, Val Acc: 1.00% | LR: 0.000505 | Time: 102.6s
2026-02-18 14:10:28,759 [INFO] Epoch 26/50 | Train Loss: nan, Train Acc: 1.01% | (validation skipped) | LR: 0.000474 | Time: 99.4s
2026-02-18 14:12:08,445 [INFO] Epoch 27/50 | Train Loss: nan, Train Acc: 1.01% | (validation skipped) | LR: 0.000443 | Time: 99.7s
2026-02-18 14:13:48,048 [INFO] Epoch 28/50 | Train Loss: nan, Train Acc: 1.01% | (validation skipped) | LR: 0.000412 | Time: 99.6s
2026-02-18 14:15:27,615 [INFO] Epoch 29/50 | Train Loss: nan, Train Acc: 1.01% | (validation skipped) | LR: 0.000382 | Time: 99.6s
2026-02-18 14:17:10,301 [INFO] Epoch 30/50 | Train Loss: nan, Train Acc: 1.01% | Val Loss: nan, Val Acc: 1.00% | LR: 0.000352 | Time: 102.6s
2026-02-18 14:18:50,007 [INFO] Epoch 31/50 | Train Loss: nan, Train Acc: 1.01% | (validation skipped) | LR: 0.000323 | Time: 99.5s
2026-02-18 14:20:29,673 [INFO] Epoch 32/50 | Train Loss: nan, Train Acc: 1.01% | (validation skipped) | LR: 0.000294 | Time: 99.7s
2026-02-18 14:22:09,314 [INFO] Epoch 33/50 | Train Loss: nan, Train Acc: 1.01% | (validation skipped) | LR: 0.000267 | Time: 99.6s
2026-02-18 14:23:48,894 [INFO] Epoch 34/50 | Train Loss: nan, Train Acc: 1.01% | (validation skipped) | LR: 0.000240 | Time: 99.6s
2026-02-18 14:25:31,589 [INFO] Epoch 35/50 | Train Loss: nan, Train Acc: 1.01% | Val Loss: nan, Val Acc: 1.00% | LR: 0.000214 | Time: 102.7s
2026-02-18 14:27:11,051 [INFO] Epoch 36/50 | Train Loss: nan, Train Acc: 1.01% | (validation skipped) | LR: 0.000189 | Time: 99.5s
2026-02-18 14:28:50,564 [INFO] Epoch 37/50 | Train Loss: nan, Train Acc: 1.01% | (validation skipped) | LR: 0.000166 | Time: 99.5s
2026-02-18 14:30:30,169 [INFO] Epoch 38/50 | Train Loss: nan, Train Acc: 1.01% | (validation skipped) | LR: 0.000144 | Time: 99.6s
2026-02-18 14:32:09,663 [INFO] Epoch 39/50 | Train Loss: nan, Train Acc: 1.01% | (validation skipped) | LR: 0.000124 | Time: 99.5s
2026-02-18 14:33:52,411 [INFO] Epoch 40/50 | Train Loss: nan, Train Acc: 1.01% | Val Loss: nan, Val Acc: 1.00% | LR: 0.000105 | Time: 102.7s
2026-02-18 14:35:32,096 [INFO] Epoch 41/50 | Train Loss: nan, Train Acc: 1.01% | (validation skipped) | LR: 0.000087 | Time: 99.6s
2026-02-18 14:37:11,600 [INFO] Epoch 42/50 | Train Loss: nan, Train Acc: 1.01% | (validation skipped) | LR: 0.000071 | Time: 99.5s
2026-02-18 14:38:51,135 [INFO] Epoch 43/50 | Train Loss: nan, Train Acc: 1.01% | (validation skipped) | LR: 0.000057 | Time: 99.5s
2026-02-18 14:40:30,759 [INFO] Epoch 44/50 | Train Loss: nan, Train Acc: 1.01% | (validation skipped) | LR: 0.000045 | Time: 99.6s
2026-02-18 14:42:13,316 [INFO] Epoch 45/50 | Train Loss: nan, Train Acc: 1.01% | Val Loss: nan, Val Acc: 1.00% | LR: 0.000034 | Time: 102.5s
2026-02-18 14:43:52,678 [INFO] Epoch 46/50 | Train Loss: nan, Train Acc: 1.01% | (validation skipped) | LR: 0.000026 | Time: 99.3s
2026-02-18 14:45:32,112 [INFO] Epoch 47/50 | Train Loss: nan, Train Acc: 1.01% | (validation skipped) | LR: 0.000019 | Time: 99.4s
2026-02-18 14:47:11,507 [INFO] Epoch 48/50 | Train Loss: nan, Train Acc: 1.01% | (validation skipped) | LR: 0.000014 | Time: 99.4s
2026-02-18 14:48:51,174 [INFO] Epoch 49/50 | Train Loss: nan, Train Acc: 1.01% | (validation skipped) | LR: 0.000011 | Time: 99.7s
2026-02-18 14:50:33,871 [INFO] Epoch 50/50 | Train Loss: nan, Train Acc: 1.01% | Val Loss: nan, Val Acc: 1.00% | LR: 0.000010 | Time: 102.7s
2026-02-18 14:50:33,993 [INFO] Training complete! Best accuracy: 1.00%
2026-02-18 14:50:33,993 [INFO] Outputs saved to: /projects/prjs0771/melle/projects/visionCNN/logs/vgg_medium_nonorm_ws_bs128_lr0.001
2026-02-18 14:50:34,005 [INFO] Gradient stats saved to: /projects/prjs0771/melle/projects/visionCNN/logs/vgg_medium_nonorm_ws_bs128_lr0.001/gradient_stats.csv
