==============================================
SLURM Job Information
==============================================
Job ID: 19681673
Job Name: convnext_rmsnorm
Partition: gpu_a100
Nodes: 1
Tasks per node: 1
GPUs per node: 1
CPUs per task: 18
Node list: gcn48
==============================================
Config: configs/norm_experiment_extended.yaml
Additional args: --set model.name=convnext_medium model.norm_layer=rmsnorm experiment_name=convnext_medium_rmsnorm_bs128_lr0.001
==============================================
Single-node training with 1 GPUs
Outputs will be saved to: /projects/prjs0771/melle/projects/visionCNN/logs
Error importing huggingface_hub.hf_api: No module named 'httpcore'
NCCL version 2.18.3+cuda12.1
[INFO] Auto-detected ImageNet root: /scratch-nvme/ml-datasets/imagenet/torchvision_ImageFolder
==============================================
Training complete!
==============================================
