[2026-02-19 11:28:15,711] torch.distributed.run: [WARNING] master_addr is only used for static rdzv_backend and when rdzv_endpoint is not specified.
/projects/prjs0771/melle/envs/pytorch21-cuda121/lib/python3.11/site-packages/torchvision/io/image.py:13: UserWarning: Failed to load image Python extension: '/gpfs/work1/0/prjs0771/melle/envs/pytorch21-cuda121/lib/python3.11/site-packages/torchvision/image.so: undefined symbol: _ZN3c106detail23torchInternalAssertFailEPKcS2_jS2_RKSs'If you don't plan on using image functionality from `torchvision.io`, you can ignore this warning. Otherwise, there might be something wrong with your environment. Did you have `libjpeg` or `libpng` installed before building `torchvision` from source?
  warn(
2026-02-19 11:28:20,258 [INFO] Distributed: DistributedManager(rank=0, local_rank=0, world_size=1, device=cuda:0, is_distributed=True)
2026-02-19 11:28:20,258 [INFO] Config: {'experiment_name': 'resnet_medium_rmsnorm_bias_bs128_lr0.001', 'model': {'name': 'resnet_medium', 'num_classes': 100, 'norm_layer': 'rmsnorm_bias'}, 'data': {'dataset': 'imagenet100', 'root': '/scratch-nvme/ml-datasets/imagenet/torchvision_ImageFolder', 'img_size': 224, 'backend': 'pytorch', 'num_workers': 16, 'pin_memory': True, 'persistent_workers': True, 'prefetch_factor': 2, 'gpu_transforms': True}, 'training': {'epochs': 50, 'batch_size': 128, 'lr': 0.001, 'min_lr': 1e-05, 'weight_decay': 0.05, 'optimizer': 'adamw', 'scheduler': 'cosine', 'label_smoothing': 0.1, 'use_amp': True, 'channels_last': True, 'seed': 42, 'val_frequency': 5, 'save_frequency': 10, 'disable_progress_bar': True, 'log_gradients': True, 'grad_log_freq': 50}, 'logging': {'log_dir': 'logs'}, 'wandb': {'enabled': True, 'project': 'norm-comparison-extended', 'tags': ['norm-experiment-extended', 'imagenet100']}}
2026-02-19 11:28:20,258 [INFO] Run directory: /projects/prjs0771/melle/projects/visionCNN/logs/resnet_medium_rmsnorm_bias_bs128_lr0.001
2026-02-19 11:28:20,259 [INFO] Set random seed: 42 (rank offset applied)
2026-02-19 11:28:20,259 [INFO] Using device: cuda:0
2026-02-19 11:28:20,259 [INFO] World size: 1
2026-02-19 11:28:20,489 [INFO] Model: resnet_medium, Parameters: 21,327,460
2026-02-19 11:28:20,528 [INFO] Using channels-last (NHWC) memory format
2026-02-19 11:28:20,566 [INFO] Mixed precision training: True
2026-02-19 11:28:38,560 [INFO] Using GPU-accelerated transforms to reduce CPU bottleneck
2026-02-19 11:28:38,560 [INFO] Train samples: 128135, Val samples: 5000
2026-02-19 11:28:38,560 [INFO] Effective batch size: 128 (128 x 1 GPUs)
2026-02-19 11:28:38,560 [INFO] Starting training for 50 epochs...
2026-02-19 11:28:38,560 [INFO] Gradient flow logging enabled (every 50 steps)
2026-02-19 11:30:33,581 [INFO] Epoch 1/50 | Train Loss: 4.4544, Train Acc: 3.10% | (validation skipped) | LR: 0.000999 | Time: 115.0s
2026-02-19 11:32:25,339 [INFO] Epoch 2/50 | Train Loss: 3.8013, Train Acc: 15.72% | (validation skipped) | LR: 0.000996 | Time: 111.8s
2026-02-19 11:34:16,958 [INFO] Epoch 3/50 | Train Loss: 3.1955, Train Acc: 30.23% | (validation skipped) | LR: 0.000991 | Time: 111.6s
2026-02-19 11:36:08,770 [INFO] Epoch 4/50 | Train Loss: 2.8773, Train Acc: 38.68% | (validation skipped) | LR: 0.000984 | Time: 111.8s
2026-02-19 11:38:04,493 [INFO] Epoch 5/50 | Train Loss: 2.6747, Train Acc: 44.33% | Val Loss: 2.3989, Val Acc: 51.74% | LR: 0.000976 | Time: 115.7s
2026-02-19 11:38:04,857 [INFO] New best accuracy: 51.74%
2026-02-19 11:39:56,683 [INFO] Epoch 6/50 | Train Loss: 2.5266, Train Acc: 48.57% | (validation skipped) | LR: 0.000965 | Time: 111.8s
2026-02-19 11:41:48,661 [INFO] Epoch 7/50 | Train Loss: 2.4109, Train Acc: 51.81% | (validation skipped) | LR: 0.000953 | Time: 112.0s
2026-02-19 11:43:40,404 [INFO] Epoch 8/50 | Train Loss: 2.3233, Train Acc: 54.41% | (validation skipped) | LR: 0.000939 | Time: 111.7s
2026-02-19 11:45:32,174 [INFO] Epoch 9/50 | Train Loss: 2.2458, Train Acc: 56.64% | (validation skipped) | LR: 0.000923 | Time: 111.8s
2026-02-19 11:47:27,141 [INFO] Epoch 10/50 | Train Loss: 2.1829, Train Acc: 58.38% | Val Loss: 1.9846, Val Acc: 63.86% | LR: 0.000905 | Time: 115.0s
2026-02-19 11:47:27,489 [INFO] New best accuracy: 63.86%
2026-02-19 11:49:19,400 [INFO] Epoch 11/50 | Train Loss: 2.1240, Train Acc: 60.16% | (validation skipped) | LR: 0.000886 | Time: 111.6s
2026-02-19 11:51:11,190 [INFO] Epoch 12/50 | Train Loss: 2.0755, Train Acc: 61.61% | (validation skipped) | LR: 0.000866 | Time: 111.8s
2026-02-19 11:53:02,881 [INFO] Epoch 13/50 | Train Loss: 2.0348, Train Acc: 62.78% | (validation skipped) | LR: 0.000844 | Time: 111.7s
2026-02-19 11:54:54,515 [INFO] Epoch 14/50 | Train Loss: 1.9912, Train Acc: 63.98% | (validation skipped) | LR: 0.000821 | Time: 111.6s
2026-02-19 11:56:49,286 [INFO] Epoch 15/50 | Train Loss: 1.9564, Train Acc: 64.97% | Val Loss: 1.8425, Val Acc: 68.82% | LR: 0.000796 | Time: 114.8s
2026-02-19 11:56:49,560 [INFO] New best accuracy: 68.82%
2026-02-19 11:58:41,135 [INFO] Epoch 16/50 | Train Loss: 1.9183, Train Acc: 66.19% | (validation skipped) | LR: 0.000770 | Time: 111.6s
2026-02-19 12:00:33,054 [INFO] Epoch 17/50 | Train Loss: 1.8841, Train Acc: 67.18% | (validation skipped) | LR: 0.000743 | Time: 111.9s
2026-02-19 12:02:24,776 [INFO] Epoch 18/50 | Train Loss: 1.8539, Train Acc: 67.92% | (validation skipped) | LR: 0.000716 | Time: 111.7s
2026-02-19 12:04:16,592 [INFO] Epoch 19/50 | Train Loss: 1.8271, Train Acc: 68.77% | (validation skipped) | LR: 0.000687 | Time: 111.8s
2026-02-19 12:06:11,608 [INFO] Epoch 20/50 | Train Loss: 1.7978, Train Acc: 69.61% | Val Loss: 1.6969, Val Acc: 72.80% | LR: 0.000658 | Time: 115.0s
2026-02-19 12:06:11,926 [INFO] New best accuracy: 72.80%
2026-02-19 12:08:04,156 [INFO] Epoch 21/50 | Train Loss: 1.7718, Train Acc: 70.50% | (validation skipped) | LR: 0.000628 | Time: 111.9s
2026-02-19 12:09:55,972 [INFO] Epoch 22/50 | Train Loss: 1.7432, Train Acc: 71.34% | (validation skipped) | LR: 0.000598 | Time: 111.8s
2026-02-19 12:11:47,633 [INFO] Epoch 23/50 | Train Loss: 1.7187, Train Acc: 72.03% | (validation skipped) | LR: 0.000567 | Time: 111.7s
2026-02-19 12:13:39,579 [INFO] Epoch 24/50 | Train Loss: 1.6920, Train Acc: 72.72% | (validation skipped) | LR: 0.000536 | Time: 111.9s
2026-02-19 12:15:34,499 [INFO] Epoch 25/50 | Train Loss: 1.6692, Train Acc: 73.49% | Val Loss: 1.6412, Val Acc: 74.16% | LR: 0.000505 | Time: 114.9s
2026-02-19 12:15:34,808 [INFO] New best accuracy: 74.16%
2026-02-19 12:17:26,375 [INFO] Epoch 26/50 | Train Loss: 1.6485, Train Acc: 74.08% | (validation skipped) | LR: 0.000474 | Time: 111.6s
2026-02-19 12:19:18,278 [INFO] Epoch 27/50 | Train Loss: 1.6214, Train Acc: 74.94% | (validation skipped) | LR: 0.000443 | Time: 111.9s
2026-02-19 12:21:10,120 [INFO] Epoch 28/50 | Train Loss: 1.5987, Train Acc: 75.66% | (validation skipped) | LR: 0.000412 | Time: 111.8s
2026-02-19 12:23:01,898 [INFO] Epoch 29/50 | Train Loss: 1.5791, Train Acc: 76.28% | (validation skipped) | LR: 0.000382 | Time: 111.8s
2026-02-19 12:24:56,823 [INFO] Epoch 30/50 | Train Loss: 1.5503, Train Acc: 77.17% | Val Loss: 1.5731, Val Acc: 76.56% | LR: 0.000352 | Time: 114.9s
2026-02-19 12:24:57,114 [INFO] New best accuracy: 76.56%
2026-02-19 12:26:49,157 [INFO] Epoch 31/50 | Train Loss: 1.5277, Train Acc: 77.71% | (validation skipped) | LR: 0.000323 | Time: 111.7s
2026-02-19 12:28:41,013 [INFO] Epoch 32/50 | Train Loss: 1.5082, Train Acc: 78.42% | (validation skipped) | LR: 0.000294 | Time: 111.9s
2026-02-19 12:30:32,824 [INFO] Epoch 33/50 | Train Loss: 1.4861, Train Acc: 79.15% | (validation skipped) | LR: 0.000267 | Time: 111.8s
2026-02-19 12:32:24,697 [INFO] Epoch 34/50 | Train Loss: 1.4631, Train Acc: 79.82% | (validation skipped) | LR: 0.000240 | Time: 111.9s
2026-02-19 12:34:19,673 [INFO] Epoch 35/50 | Train Loss: 1.4432, Train Acc: 80.46% | Val Loss: 1.5239, Val Acc: 77.76% | LR: 0.000214 | Time: 115.0s
2026-02-19 12:34:19,928 [INFO] New best accuracy: 77.76%
2026-02-19 12:36:11,852 [INFO] Epoch 36/50 | Train Loss: 1.4237, Train Acc: 81.10% | (validation skipped) | LR: 0.000189 | Time: 111.9s
2026-02-19 12:38:03,597 [INFO] Epoch 37/50 | Train Loss: 1.4069, Train Acc: 81.63% | (validation skipped) | LR: 0.000166 | Time: 111.7s
2026-02-19 12:39:55,455 [INFO] Epoch 38/50 | Train Loss: 1.3922, Train Acc: 82.16% | (validation skipped) | LR: 0.000144 | Time: 111.9s
2026-02-19 12:41:47,170 [INFO] Epoch 39/50 | Train Loss: 1.3679, Train Acc: 82.80% | (validation skipped) | LR: 0.000124 | Time: 111.7s
2026-02-19 12:43:42,157 [INFO] Epoch 40/50 | Train Loss: 1.3514, Train Acc: 83.35% | Val Loss: 1.4999, Val Acc: 78.84% | LR: 0.000105 | Time: 114.9s
2026-02-19 12:43:42,471 [INFO] New best accuracy: 78.84%
2026-02-19 12:45:34,608 [INFO] Epoch 41/50 | Train Loss: 1.3400, Train Acc: 83.74% | (validation skipped) | LR: 0.000087 | Time: 111.8s
2026-02-19 12:47:26,319 [INFO] Epoch 42/50 | Train Loss: 1.3207, Train Acc: 84.40% | (validation skipped) | LR: 0.000071 | Time: 111.7s
2026-02-19 12:49:18,038 [INFO] Epoch 43/50 | Train Loss: 1.3117, Train Acc: 84.76% | (validation skipped) | LR: 0.000057 | Time: 111.7s
2026-02-19 12:51:09,910 [INFO] Epoch 44/50 | Train Loss: 1.3019, Train Acc: 85.04% | (validation skipped) | LR: 0.000045 | Time: 111.9s
2026-02-19 12:53:04,732 [INFO] Epoch 45/50 | Train Loss: 1.2950, Train Acc: 85.30% | Val Loss: 1.4759, Val Acc: 79.84% | LR: 0.000034 | Time: 114.8s
2026-02-19 12:53:05,020 [INFO] New best accuracy: 79.84%
2026-02-19 12:54:56,629 [INFO] Epoch 46/50 | Train Loss: 1.2896, Train Acc: 85.45% | (validation skipped) | LR: 0.000026 | Time: 111.6s
2026-02-19 12:56:48,345 [INFO] Epoch 47/50 | Train Loss: 1.2805, Train Acc: 85.76% | (validation skipped) | LR: 0.000019 | Time: 111.7s
2026-02-19 12:58:40,044 [INFO] Epoch 48/50 | Train Loss: 1.2736, Train Acc: 86.11% | (validation skipped) | LR: 0.000014 | Time: 111.7s
2026-02-19 13:00:32,006 [INFO] Epoch 49/50 | Train Loss: 1.2748, Train Acc: 85.97% | (validation skipped) | LR: 0.000011 | Time: 111.9s
2026-02-19 13:02:27,217 [INFO] Epoch 50/50 | Train Loss: 1.2708, Train Acc: 86.07% | Val Loss: 1.4703, Val Acc: 80.18% | LR: 0.000010 | Time: 115.2s
2026-02-19 13:02:27,499 [INFO] New best accuracy: 80.18%
2026-02-19 13:02:27,803 [INFO] Training complete! Best accuracy: 80.18%
2026-02-19 13:02:27,803 [INFO] Outputs saved to: /projects/prjs0771/melle/projects/visionCNN/logs/resnet_medium_rmsnorm_bias_bs128_lr0.001
2026-02-19 13:02:27,922 [INFO] Gradient stats saved to: /projects/prjs0771/melle/projects/visionCNN/logs/resnet_medium_rmsnorm_bias_bs128_lr0.001/gradient_stats.csv
