[2026-02-19 11:28:15,711] torch.distributed.run: [WARNING] master_addr is only used for static rdzv_backend and when rdzv_endpoint is not specified.
/projects/prjs0771/melle/envs/pytorch21-cuda121/lib/python3.11/site-packages/torchvision/io/image.py:13: UserWarning: Failed to load image Python extension: '/gpfs/work1/0/prjs0771/melle/envs/pytorch21-cuda121/lib/python3.11/site-packages/torchvision/image.so: undefined symbol: _ZN3c106detail23torchInternalAssertFailEPKcS2_jS2_RKSs'If you don't plan on using image functionality from `torchvision.io`, you can ignore this warning. Otherwise, there might be something wrong with your environment. Did you have `libjpeg` or `libpng` installed before building `torchvision` from source?
  warn(
2026-02-19 11:28:20,296 [INFO] Distributed: DistributedManager(rank=0, local_rank=0, world_size=1, device=cuda:0, is_distributed=True)
2026-02-19 11:28:20,296 [INFO] Config: {'experiment_name': 'convnext_medium_rmsnorm_bias_bs128_lr0.001', 'model': {'name': 'convnext_medium', 'num_classes': 100, 'norm_layer': 'rmsnorm_bias'}, 'data': {'dataset': 'imagenet100', 'root': '/scratch-nvme/ml-datasets/imagenet/torchvision_ImageFolder', 'img_size': 224, 'backend': 'pytorch', 'num_workers': 16, 'pin_memory': True, 'persistent_workers': True, 'prefetch_factor': 2, 'gpu_transforms': True}, 'training': {'epochs': 50, 'batch_size': 128, 'lr': 0.001, 'min_lr': 1e-05, 'weight_decay': 0.05, 'optimizer': 'adamw', 'scheduler': 'cosine', 'label_smoothing': 0.1, 'use_amp': True, 'channels_last': True, 'seed': 42, 'val_frequency': 5, 'save_frequency': 10, 'disable_progress_bar': True, 'log_gradients': True, 'grad_log_freq': 50}, 'logging': {'log_dir': 'logs'}, 'wandb': {'enabled': True, 'project': 'norm-comparison-extended', 'tags': ['norm-experiment-extended', 'imagenet100']}}
2026-02-19 11:28:20,296 [INFO] Run directory: /projects/prjs0771/melle/projects/visionCNN/logs/convnext_medium_rmsnorm_bias_bs128_lr0.001
2026-02-19 11:28:20,296 [INFO] Set random seed: 42 (rank offset applied)
2026-02-19 11:28:20,296 [INFO] Using device: cuda:0
2026-02-19 11:28:20,297 [INFO] World size: 1
2026-02-19 11:28:21,733 [INFO] Model: convnext_medium, Parameters: 19,173,700
2026-02-19 11:28:21,738 [INFO] Using channels-last (NHWC) memory format
2026-02-19 11:28:21,765 [INFO] Mixed precision training: True
2026-02-19 11:28:38,560 [INFO] Using GPU-accelerated transforms to reduce CPU bottleneck
2026-02-19 11:28:38,560 [INFO] Train samples: 128135, Val samples: 5000
2026-02-19 11:28:38,560 [INFO] Effective batch size: 128 (128 x 1 GPUs)
2026-02-19 11:28:38,560 [INFO] Starting training for 50 epochs...
2026-02-19 11:28:38,560 [INFO] Gradient flow logging enabled (every 50 steps)
2026-02-19 11:31:53,647 [INFO] Epoch 1/50 | Train Loss: 4.1684, Train Acc: 8.74% | (validation skipped) | LR: 0.000999 | Time: 195.1s
2026-02-19 11:35:00,844 [INFO] Epoch 2/50 | Train Loss: 3.5613, Train Acc: 21.80% | (validation skipped) | LR: 0.000996 | Time: 187.2s
2026-02-19 11:38:07,975 [INFO] Epoch 3/50 | Train Loss: 3.1171, Train Acc: 32.98% | (validation skipped) | LR: 0.000991 | Time: 187.1s
2026-02-19 11:41:15,276 [INFO] Epoch 4/50 | Train Loss: 2.8268, Train Acc: 40.99% | (validation skipped) | LR: 0.000984 | Time: 187.3s
2026-02-19 11:44:26,801 [INFO] Epoch 5/50 | Train Loss: 2.6262, Train Acc: 46.47% | Val Loss: 2.2889, Val Acc: 56.92% | LR: 0.000976 | Time: 191.5s
2026-02-19 11:44:27,195 [INFO] New best accuracy: 56.92%
2026-02-19 11:47:34,561 [INFO] Epoch 6/50 | Train Loss: 2.4585, Train Acc: 51.36% | (validation skipped) | LR: 0.000965 | Time: 187.4s
2026-02-19 11:50:42,068 [INFO] Epoch 7/50 | Train Loss: 2.3222, Train Acc: 55.31% | (validation skipped) | LR: 0.000953 | Time: 187.5s
2026-02-19 11:53:49,299 [INFO] Epoch 8/50 | Train Loss: 2.2111, Train Acc: 58.49% | (validation skipped) | LR: 0.000939 | Time: 187.2s
2026-02-19 11:56:56,579 [INFO] Epoch 9/50 | Train Loss: 2.1243, Train Acc: 60.99% | (validation skipped) | LR: 0.000923 | Time: 187.3s
2026-02-19 12:00:07,307 [INFO] Epoch 10/50 | Train Loss: 2.0537, Train Acc: 63.03% | Val Loss: 1.8405, Val Acc: 69.06% | LR: 0.000905 | Time: 190.7s
2026-02-19 12:00:07,556 [INFO] New best accuracy: 69.06%
2026-02-19 12:03:14,907 [INFO] Epoch 11/50 | Train Loss: 1.9792, Train Acc: 65.16% | (validation skipped) | LR: 0.000886 | Time: 187.1s
2026-02-19 12:06:22,169 [INFO] Epoch 12/50 | Train Loss: 1.9293, Train Acc: 66.59% | (validation skipped) | LR: 0.000866 | Time: 187.3s
2026-02-19 12:09:29,337 [INFO] Epoch 13/50 | Train Loss: 1.8755, Train Acc: 68.18% | (validation skipped) | LR: 0.000844 | Time: 187.2s
2026-02-19 12:12:36,574 [INFO] Epoch 14/50 | Train Loss: 1.8242, Train Acc: 69.71% | (validation skipped) | LR: 0.000821 | Time: 187.2s
2026-02-19 12:15:48,518 [INFO] Epoch 15/50 | Train Loss: 1.7780, Train Acc: 70.97% | Val Loss: 1.6179, Val Acc: 76.04% | LR: 0.000796 | Time: 191.9s
2026-02-19 12:15:48,781 [INFO] New best accuracy: 76.04%
2026-02-19 12:18:55,802 [INFO] Epoch 16/50 | Train Loss: 1.7461, Train Acc: 71.98% | (validation skipped) | LR: 0.000770 | Time: 187.0s
2026-02-19 12:22:03,182 [INFO] Epoch 17/50 | Train Loss: 1.7091, Train Acc: 73.13% | (validation skipped) | LR: 0.000743 | Time: 187.4s
2026-02-19 12:25:10,396 [INFO] Epoch 18/50 | Train Loss: 1.6665, Train Acc: 74.45% | (validation skipped) | LR: 0.000716 | Time: 187.2s
2026-02-19 12:28:17,571 [INFO] Epoch 19/50 | Train Loss: 1.6299, Train Acc: 75.47% | (validation skipped) | LR: 0.000687 | Time: 187.2s
2026-02-19 12:31:28,294 [INFO] Epoch 20/50 | Train Loss: 1.6030, Train Acc: 76.28% | Val Loss: 1.5404, Val Acc: 78.24% | LR: 0.000658 | Time: 190.7s
2026-02-19 12:31:28,607 [INFO] New best accuracy: 78.24%
2026-02-19 12:34:36,350 [INFO] Epoch 21/50 | Train Loss: 1.5718, Train Acc: 77.13% | (validation skipped) | LR: 0.000628 | Time: 187.4s
2026-02-19 12:37:43,571 [INFO] Epoch 22/50 | Train Loss: 1.5411, Train Acc: 78.12% | (validation skipped) | LR: 0.000598 | Time: 187.2s
2026-02-19 12:40:50,621 [INFO] Epoch 23/50 | Train Loss: 1.5071, Train Acc: 79.20% | (validation skipped) | LR: 0.000567 | Time: 187.0s
2026-02-19 12:43:57,992 [INFO] Epoch 24/50 | Train Loss: 1.4838, Train Acc: 79.91% | (validation skipped) | LR: 0.000536 | Time: 187.4s
2026-02-19 12:47:08,694 [INFO] Epoch 25/50 | Train Loss: 1.4495, Train Acc: 80.99% | Val Loss: 1.4527, Val Acc: 80.10% | LR: 0.000505 | Time: 190.7s
2026-02-19 12:47:08,984 [INFO] New best accuracy: 80.10%
2026-02-19 12:50:16,054 [INFO] Epoch 26/50 | Train Loss: 1.4343, Train Acc: 81.38% | (validation skipped) | LR: 0.000474 | Time: 187.1s
2026-02-19 12:53:23,408 [INFO] Epoch 27/50 | Train Loss: 1.4031, Train Acc: 82.34% | (validation skipped) | LR: 0.000443 | Time: 187.3s
2026-02-19 12:56:30,691 [INFO] Epoch 28/50 | Train Loss: 1.3775, Train Acc: 83.10% | (validation skipped) | LR: 0.000412 | Time: 187.3s
2026-02-19 12:59:38,014 [INFO] Epoch 29/50 | Train Loss: 1.3626, Train Acc: 83.59% | (validation skipped) | LR: 0.000382 | Time: 187.3s
2026-02-19 13:02:48,437 [INFO] Epoch 30/50 | Train Loss: 1.3340, Train Acc: 84.52% | Val Loss: 1.4404, Val Acc: 80.64% | LR: 0.000352 | Time: 190.4s
2026-02-19 13:02:48,720 [INFO] New best accuracy: 80.64%
2026-02-19 13:05:56,201 [INFO] Epoch 31/50 | Train Loss: 1.3134, Train Acc: 85.18% | (validation skipped) | LR: 0.000323 | Time: 187.2s
2026-02-19 13:09:03,538 [INFO] Epoch 32/50 | Train Loss: 1.2936, Train Acc: 85.85% | (validation skipped) | LR: 0.000294 | Time: 187.3s
2026-02-19 13:12:10,897 [INFO] Epoch 33/50 | Train Loss: 1.2708, Train Acc: 86.44% | (validation skipped) | LR: 0.000267 | Time: 187.3s
2026-02-19 13:15:18,166 [INFO] Epoch 34/50 | Train Loss: 1.2541, Train Acc: 87.10% | (validation skipped) | LR: 0.000240 | Time: 187.3s
2026-02-19 13:18:28,837 [INFO] Epoch 35/50 | Train Loss: 1.2336, Train Acc: 87.69% | Val Loss: 1.3856, Val Acc: 82.38% | LR: 0.000214 | Time: 190.7s
2026-02-19 13:18:29,139 [INFO] New best accuracy: 82.38%
2026-02-19 13:21:36,244 [INFO] Epoch 36/50 | Train Loss: 1.2158, Train Acc: 88.13% | (validation skipped) | LR: 0.000189 | Time: 187.1s
2026-02-19 13:24:43,376 [INFO] Epoch 37/50 | Train Loss: 1.1999, Train Acc: 88.72% | (validation skipped) | LR: 0.000166 | Time: 187.1s
2026-02-19 13:27:50,725 [INFO] Epoch 38/50 | Train Loss: 1.1868, Train Acc: 89.18% | (validation skipped) | LR: 0.000144 | Time: 187.3s
2026-02-19 13:30:57,887 [INFO] Epoch 39/50 | Train Loss: 1.1743, Train Acc: 89.63% | (validation skipped) | LR: 0.000124 | Time: 187.1s
2026-02-19 13:34:08,588 [INFO] Epoch 40/50 | Train Loss: 1.1612, Train Acc: 89.92% | Val Loss: 1.3490, Val Acc: 83.36% | LR: 0.000105 | Time: 190.7s
2026-02-19 13:34:08,907 [INFO] New best accuracy: 83.36%
2026-02-19 13:37:16,359 [INFO] Epoch 41/50 | Train Loss: 1.1500, Train Acc: 90.23% | (validation skipped) | LR: 0.000087 | Time: 187.2s
2026-02-19 13:40:23,595 [INFO] Epoch 42/50 | Train Loss: 1.1416, Train Acc: 90.53% | (validation skipped) | LR: 0.000071 | Time: 187.2s
2026-02-19 13:43:30,815 [INFO] Epoch 43/50 | Train Loss: 1.1314, Train Acc: 90.80% | (validation skipped) | LR: 0.000057 | Time: 187.2s
2026-02-19 13:46:37,921 [INFO] Epoch 44/50 | Train Loss: 1.1244, Train Acc: 91.03% | (validation skipped) | LR: 0.000045 | Time: 187.1s
2026-02-19 13:49:48,516 [INFO] Epoch 45/50 | Train Loss: 1.1149, Train Acc: 91.35% | Val Loss: 1.3316, Val Acc: 84.18% | LR: 0.000034 | Time: 190.5s
2026-02-19 13:49:48,837 [INFO] New best accuracy: 84.18%
2026-02-19 13:52:55,800 [INFO] Epoch 46/50 | Train Loss: 1.1132, Train Acc: 91.42% | (validation skipped) | LR: 0.000026 | Time: 187.0s
2026-02-19 13:56:02,782 [INFO] Epoch 47/50 | Train Loss: 1.1091, Train Acc: 91.53% | (validation skipped) | LR: 0.000019 | Time: 187.0s
2026-02-19 13:59:09,817 [INFO] Epoch 48/50 | Train Loss: 1.1036, Train Acc: 91.65% | (validation skipped) | LR: 0.000014 | Time: 187.0s
2026-02-19 14:02:17,155 [INFO] Epoch 49/50 | Train Loss: 1.1001, Train Acc: 91.74% | (validation skipped) | LR: 0.000011 | Time: 187.3s
2026-02-19 14:05:28,717 [INFO] Epoch 50/50 | Train Loss: 1.1002, Train Acc: 91.74% | Val Loss: 1.3305, Val Acc: 84.02% | LR: 0.000010 | Time: 190.6s
2026-02-19 14:05:30,256 [INFO] Training complete! Best accuracy: 84.18%
2026-02-19 14:05:30,256 [INFO] Outputs saved to: /projects/prjs0771/melle/projects/visionCNN/logs/convnext_medium_rmsnorm_bias_bs128_lr0.001
2026-02-19 14:05:30,431 [INFO] Gradient stats saved to: /projects/prjs0771/melle/projects/visionCNN/logs/convnext_medium_rmsnorm_bias_bs128_lr0.001/gradient_stats.csv
