[2026-02-19 11:28:15,775] torch.distributed.run: [WARNING] master_addr is only used for static rdzv_backend and when rdzv_endpoint is not specified.
/projects/prjs0771/melle/envs/pytorch21-cuda121/lib/python3.11/site-packages/torchvision/io/image.py:13: UserWarning: Failed to load image Python extension: '/gpfs/work1/0/prjs0771/melle/envs/pytorch21-cuda121/lib/python3.11/site-packages/torchvision/image.so: undefined symbol: _ZN3c106detail23torchInternalAssertFailEPKcS2_jS2_RKSs'If you don't plan on using image functionality from `torchvision.io`, you can ignore this warning. Otherwise, there might be something wrong with your environment. Did you have `libjpeg` or `libpng` installed before building `torchvision` from source?
  warn(
2026-02-19 11:28:20,364 [INFO] Distributed: DistributedManager(rank=0, local_rank=0, world_size=1, device=cuda:0, is_distributed=True)
2026-02-19 11:28:20,378 [INFO] Config: {'experiment_name': 'convnext_medium_rmsnorm_bs128_lr0.001', 'model': {'name': 'convnext_medium', 'num_classes': 100, 'norm_layer': 'rmsnorm'}, 'data': {'dataset': 'imagenet100', 'root': '/scratch-nvme/ml-datasets/imagenet/torchvision_ImageFolder', 'img_size': 224, 'backend': 'pytorch', 'num_workers': 16, 'pin_memory': True, 'persistent_workers': True, 'prefetch_factor': 2, 'gpu_transforms': True}, 'training': {'epochs': 50, 'batch_size': 128, 'lr': 0.001, 'min_lr': 1e-05, 'weight_decay': 0.05, 'optimizer': 'adamw', 'scheduler': 'cosine', 'label_smoothing': 0.1, 'use_amp': True, 'channels_last': True, 'seed': 42, 'val_frequency': 5, 'save_frequency': 10, 'disable_progress_bar': True, 'log_gradients': True, 'grad_log_freq': 50}, 'logging': {'log_dir': 'logs'}, 'wandb': {'enabled': True, 'project': 'norm-comparison-extended', 'tags': ['norm-experiment-extended', 'imagenet100']}}
2026-02-19 11:28:20,378 [INFO] Run directory: /projects/prjs0771/melle/projects/visionCNN/logs/convnext_medium_rmsnorm_bs128_lr0.001
2026-02-19 11:28:20,379 [INFO] Set random seed: 42 (rank offset applied)
2026-02-19 11:28:20,379 [INFO] Using device: cuda:0
2026-02-19 11:28:20,379 [INFO] World size: 1
2026-02-19 11:28:21,782 [INFO] Model: convnext_medium, Parameters: 19,167,748
2026-02-19 11:28:21,787 [INFO] Using channels-last (NHWC) memory format
2026-02-19 11:28:21,814 [INFO] Mixed precision training: True
2026-02-19 11:28:38,560 [INFO] Using GPU-accelerated transforms to reduce CPU bottleneck
2026-02-19 11:28:38,560 [INFO] Train samples: 128135, Val samples: 5000
2026-02-19 11:28:38,560 [INFO] Effective batch size: 128 (128 x 1 GPUs)
2026-02-19 11:28:38,561 [INFO] Starting training for 50 epochs...
2026-02-19 11:28:38,561 [INFO] Gradient flow logging enabled (every 50 steps)
2026-02-19 11:31:50,451 [INFO] Epoch 1/50 | Train Loss: 4.1740, Train Acc: 8.56% | (validation skipped) | LR: 0.000999 | Time: 191.9s
2026-02-19 11:34:53,498 [INFO] Epoch 2/50 | Train Loss: 3.6077, Train Acc: 20.79% | (validation skipped) | LR: 0.000996 | Time: 183.0s
2026-02-19 11:37:56,536 [INFO] Epoch 3/50 | Train Loss: 3.1492, Train Acc: 32.22% | (validation skipped) | LR: 0.000991 | Time: 183.0s
2026-02-19 11:40:59,603 [INFO] Epoch 4/50 | Train Loss: 2.8445, Train Acc: 40.41% | (validation skipped) | LR: 0.000984 | Time: 183.1s
2026-02-19 11:44:06,980 [INFO] Epoch 5/50 | Train Loss: 2.6326, Train Acc: 46.39% | Val Loss: 2.2648, Val Acc: 57.28% | LR: 0.000976 | Time: 187.3s
2026-02-19 11:44:07,290 [INFO] New best accuracy: 57.28%
2026-02-19 11:47:10,346 [INFO] Epoch 6/50 | Train Loss: 2.4618, Train Acc: 51.32% | (validation skipped) | LR: 0.000965 | Time: 183.1s
2026-02-19 11:50:13,602 [INFO] Epoch 7/50 | Train Loss: 2.3248, Train Acc: 55.24% | (validation skipped) | LR: 0.000953 | Time: 183.3s
2026-02-19 11:53:16,676 [INFO] Epoch 8/50 | Train Loss: 2.2146, Train Acc: 58.29% | (validation skipped) | LR: 0.000939 | Time: 183.1s
2026-02-19 11:56:19,802 [INFO] Epoch 9/50 | Train Loss: 2.1244, Train Acc: 60.84% | (validation skipped) | LR: 0.000923 | Time: 183.1s
2026-02-19 11:59:26,281 [INFO] Epoch 10/50 | Train Loss: 2.0454, Train Acc: 63.19% | Val Loss: 1.8105, Val Acc: 70.02% | LR: 0.000905 | Time: 186.4s
2026-02-19 11:59:26,575 [INFO] New best accuracy: 70.02%
2026-02-19 12:02:29,773 [INFO] Epoch 11/50 | Train Loss: 1.9711, Train Acc: 65.46% | (validation skipped) | LR: 0.000886 | Time: 183.0s
2026-02-19 12:05:32,841 [INFO] Epoch 12/50 | Train Loss: 1.9151, Train Acc: 67.13% | (validation skipped) | LR: 0.000866 | Time: 183.1s
2026-02-19 12:08:35,821 [INFO] Epoch 13/50 | Train Loss: 1.8606, Train Acc: 68.59% | (validation skipped) | LR: 0.000844 | Time: 183.0s
2026-02-19 12:11:38,859 [INFO] Epoch 14/50 | Train Loss: 1.8055, Train Acc: 70.20% | (validation skipped) | LR: 0.000821 | Time: 183.0s
2026-02-19 12:14:45,208 [INFO] Epoch 15/50 | Train Loss: 1.7621, Train Acc: 71.45% | Val Loss: 1.6113, Val Acc: 75.64% | LR: 0.000796 | Time: 186.3s
2026-02-19 12:14:45,459 [INFO] New best accuracy: 75.64%
2026-02-19 12:17:48,281 [INFO] Epoch 16/50 | Train Loss: 1.7308, Train Acc: 72.42% | (validation skipped) | LR: 0.000770 | Time: 182.8s
2026-02-19 12:20:51,513 [INFO] Epoch 17/50 | Train Loss: 1.6906, Train Acc: 73.55% | (validation skipped) | LR: 0.000743 | Time: 183.2s
2026-02-19 12:23:54,576 [INFO] Epoch 18/50 | Train Loss: 1.6507, Train Acc: 74.76% | (validation skipped) | LR: 0.000716 | Time: 183.0s
2026-02-19 12:26:57,600 [INFO] Epoch 19/50 | Train Loss: 1.6154, Train Acc: 75.65% | (validation skipped) | LR: 0.000687 | Time: 183.0s
2026-02-19 12:30:04,161 [INFO] Epoch 20/50 | Train Loss: 1.5860, Train Acc: 76.71% | Val Loss: 1.5213, Val Acc: 78.44% | LR: 0.000658 | Time: 186.5s
2026-02-19 12:30:04,436 [INFO] New best accuracy: 78.44%
2026-02-19 12:33:07,899 [INFO] Epoch 21/50 | Train Loss: 1.5509, Train Acc: 77.78% | (validation skipped) | LR: 0.000628 | Time: 183.1s
2026-02-19 12:36:10,930 [INFO] Epoch 22/50 | Train Loss: 1.5244, Train Acc: 78.43% | (validation skipped) | LR: 0.000598 | Time: 183.0s
2026-02-19 12:39:13,782 [INFO] Epoch 23/50 | Train Loss: 1.4911, Train Acc: 79.50% | (validation skipped) | LR: 0.000567 | Time: 182.8s
2026-02-19 12:42:17,025 [INFO] Epoch 24/50 | Train Loss: 1.4663, Train Acc: 80.26% | (validation skipped) | LR: 0.000536 | Time: 183.2s
2026-02-19 12:45:23,530 [INFO] Epoch 25/50 | Train Loss: 1.4372, Train Acc: 81.24% | Val Loss: 1.4353, Val Acc: 81.12% | LR: 0.000505 | Time: 186.5s
2026-02-19 12:45:23,783 [INFO] New best accuracy: 81.12%
2026-02-19 12:48:26,683 [INFO] Epoch 26/50 | Train Loss: 1.4193, Train Acc: 81.83% | (validation skipped) | LR: 0.000474 | Time: 182.9s
2026-02-19 12:51:29,862 [INFO] Epoch 27/50 | Train Loss: 1.3907, Train Acc: 82.56% | (validation skipped) | LR: 0.000443 | Time: 183.2s
2026-02-19 12:54:32,970 [INFO] Epoch 28/50 | Train Loss: 1.3626, Train Acc: 83.60% | (validation skipped) | LR: 0.000412 | Time: 183.1s
2026-02-19 12:57:36,034 [INFO] Epoch 29/50 | Train Loss: 1.3503, Train Acc: 83.79% | (validation skipped) | LR: 0.000382 | Time: 183.0s
2026-02-19 13:00:42,457 [INFO] Epoch 30/50 | Train Loss: 1.3222, Train Acc: 84.86% | Val Loss: 1.4187, Val Acc: 81.92% | LR: 0.000352 | Time: 186.4s
2026-02-19 13:00:42,736 [INFO] New best accuracy: 81.92%
2026-02-19 13:03:45,993 [INFO] Epoch 31/50 | Train Loss: 1.3041, Train Acc: 85.35% | (validation skipped) | LR: 0.000323 | Time: 183.0s
2026-02-19 13:06:49,158 [INFO] Epoch 32/50 | Train Loss: 1.2838, Train Acc: 86.07% | (validation skipped) | LR: 0.000294 | Time: 183.1s
2026-02-19 13:09:52,276 [INFO] Epoch 33/50 | Train Loss: 1.2627, Train Acc: 86.64% | (validation skipped) | LR: 0.000267 | Time: 183.1s
2026-02-19 13:12:55,352 [INFO] Epoch 34/50 | Train Loss: 1.2448, Train Acc: 87.26% | (validation skipped) | LR: 0.000240 | Time: 183.1s
2026-02-19 13:16:01,984 [INFO] Epoch 35/50 | Train Loss: 1.2251, Train Acc: 87.86% | Val Loss: 1.3698, Val Acc: 83.00% | LR: 0.000214 | Time: 186.6s
2026-02-19 13:16:02,288 [INFO] New best accuracy: 83.00%
2026-02-19 13:19:05,182 [INFO] Epoch 36/50 | Train Loss: 1.2077, Train Acc: 88.39% | (validation skipped) | LR: 0.000189 | Time: 182.9s
2026-02-19 13:22:08,154 [INFO] Epoch 37/50 | Train Loss: 1.1916, Train Acc: 88.90% | (validation skipped) | LR: 0.000166 | Time: 183.0s
2026-02-19 13:25:11,267 [INFO] Epoch 38/50 | Train Loss: 1.1809, Train Acc: 89.20% | (validation skipped) | LR: 0.000144 | Time: 183.1s
2026-02-19 13:28:14,339 [INFO] Epoch 39/50 | Train Loss: 1.1676, Train Acc: 89.73% | (validation skipped) | LR: 0.000124 | Time: 183.1s
2026-02-19 13:31:21,628 [INFO] Epoch 40/50 | Train Loss: 1.1529, Train Acc: 90.07% | Val Loss: 1.3369, Val Acc: 84.24% | LR: 0.000105 | Time: 187.3s
2026-02-19 13:31:21,948 [INFO] New best accuracy: 84.24%
2026-02-19 13:34:25,284 [INFO] Epoch 41/50 | Train Loss: 1.1423, Train Acc: 90.46% | (validation skipped) | LR: 0.000087 | Time: 183.1s
2026-02-19 13:37:28,301 [INFO] Epoch 42/50 | Train Loss: 1.1344, Train Acc: 90.65% | (validation skipped) | LR: 0.000071 | Time: 183.0s
2026-02-19 13:40:31,321 [INFO] Epoch 43/50 | Train Loss: 1.1246, Train Acc: 90.97% | (validation skipped) | LR: 0.000057 | Time: 183.0s
2026-02-19 13:43:34,342 [INFO] Epoch 44/50 | Train Loss: 1.1184, Train Acc: 91.11% | (validation skipped) | LR: 0.000045 | Time: 183.0s
2026-02-19 13:46:40,881 [INFO] Epoch 45/50 | Train Loss: 1.1085, Train Acc: 91.39% | Val Loss: 1.3178, Val Acc: 84.64% | LR: 0.000034 | Time: 186.5s
2026-02-19 13:46:41,196 [INFO] New best accuracy: 84.64%
2026-02-19 13:49:44,033 [INFO] Epoch 46/50 | Train Loss: 1.1059, Train Acc: 91.58% | (validation skipped) | LR: 0.000026 | Time: 182.8s
2026-02-19 13:52:46,926 [INFO] Epoch 47/50 | Train Loss: 1.1050, Train Acc: 91.52% | (validation skipped) | LR: 0.000019 | Time: 182.9s
2026-02-19 13:55:49,877 [INFO] Epoch 48/50 | Train Loss: 1.0989, Train Acc: 91.72% | (validation skipped) | LR: 0.000014 | Time: 183.0s
2026-02-19 13:58:53,120 [INFO] Epoch 49/50 | Train Loss: 1.0933, Train Acc: 91.87% | (validation skipped) | LR: 0.000011 | Time: 183.2s
2026-02-19 14:01:59,815 [INFO] Epoch 50/50 | Train Loss: 1.0942, Train Acc: 91.85% | Val Loss: 1.3172, Val Acc: 85.04% | LR: 0.000010 | Time: 186.6s
2026-02-19 14:02:00,102 [INFO] New best accuracy: 85.04%
2026-02-19 14:02:00,364 [INFO] Training complete! Best accuracy: 85.04%
2026-02-19 14:02:00,364 [INFO] Outputs saved to: /projects/prjs0771/melle/projects/visionCNN/logs/convnext_medium_rmsnorm_bs128_lr0.001
2026-02-19 14:02:00,521 [INFO] Gradient stats saved to: /projects/prjs0771/melle/projects/visionCNN/logs/convnext_medium_rmsnorm_bs128_lr0.001/gradient_stats.csv
