[rank0]:[W316 10:43:12.202760843 ProcessGroupNCCL.cpp:4115] [PG ID 0 PG GUID 0 Rank 0]  using GPU 0 to perform barrier as devices used by this process are currently unknown. This can potentially cause a hang if this rank to GPU mapping is incorrect.Specify device_ids in barrier() to force use of a particular device,or call init_process_group() with a device_id.
2026-03-16 10:43:12,940 [INFO] Distributed: DistributedManager(rank=0, local_rank=0, world_size=1, device=cuda:0, is_distributed=True)
2026-03-16 10:43:12,942 [INFO] Config: {'experiment_name': 'resnet50_localnorm_imagenet_ecoset_ecovalid_seed42', 'model': {'name': 'resnet50_custom', 'num_classes': 136, 'norm_layer': 'localnorm'}, 'data': {'dataset': 'imagenet_ecoset136', 'root': '/scratch-nvme/ml-datasets/imagenet/torchvision_ImageFolder', 'img_size': 224, 'backend': 'pytorch', 'num_workers': 16, 'pin_memory': True, 'persistent_workers': True, 'prefetch_factor': 2, 'gpu_transforms': True, 'random_rotation': True, 'random_rotation_degrees': 15, 'color_jitter': True, 'color_jitter_brightness': 0.2, 'color_jitter_contrast': 0.2, 'color_jitter_saturation': 0.2, 'color_jitter_hue': 0.05, 'gaussian_blur': True, 'random_grayscale': True, 'random_grayscale_p': 0.1}, 'training': {'epochs': 25, 'batch_size': 256, 'lr': 0.001, 'min_lr': 1e-05, 'weight_decay': 0.05, 'optimizer': 'adamw', 'scheduler': 'cosine', 'label_smoothing': 0.1, 'use_amp': True, 'channels_last': True, 'seed': 42, 'checkpoint_schedule': [[10, 1], [20, 2], [25, 3]], 'disable_progress_bar': True}, 'logging': {'log_dir': 'logs'}, 'ood_eval': {'enabled': True, 'source_dataset': 'imagenet_ecoset136', 'datasets_root': '/scratch-nvme/ml-datasets', 'imagenet_c': {'during_training': True, 'corruptions_during_training': ['gaussian_noise', 'defocus_blur', 'fog', 'contrast'], 'severity_during_training': 3}, 'save_predictions': True}, 'wandb': {'enabled': True, 'project': 'norm-comparison', 'group': 'resnet50-imagenet-ecoset-ecovalid-norm-experiment', 'tags': ['ecovalid-aug', 'resnet50', 'snellius', 'norm-experiment', 'imagenet_ecoset136', 'a100', 'localnorm']}, '_machine': {'log_dir': '/projects/prjs0771/melle/projects/visionCNN/logs'}}
2026-03-16 10:43:12,942 [INFO] Run directory: logs/resnet50_localnorm_imagenet_ecoset_ecovalid_seed42
wandb: [wandb.login()] Loaded credentials for https://api.wandb.ai from /home/mbolding/.netrc.
wandb: Currently logged in as: mellebolding (mellebolding-university-of-amsterdam) to https://api.wandb.ai. Use `wandb login --relogin` to force relogin
wandb: setting up run 5b3bo67a
wandb: Tracking run with wandb version 0.25.0
wandb: Run data is saved locally in logs/resnet50_localnorm_imagenet_ecoset_ecovalid_seed42/wandb/run-20260316_104313-5b3bo67a
wandb: Run `wandb offline` to turn off syncing.
wandb: Syncing run resnet50_localnorm_imagenet_ecoset_ecovalid_seed42
wandb: ⭐️ View project at https://wandb.ai/mellebolding-university-of-amsterdam/norm-comparison
wandb: 🚀 View run at https://wandb.ai/mellebolding-university-of-amsterdam/norm-comparison/runs/5b3bo67a
2026-03-16 10:43:14,799 [INFO] Weights & Biases logging enabled
2026-03-16 10:43:14,803 [INFO] Set random seed: 42 (rank offset applied)
2026-03-16 10:43:14,803 [INFO] Using device: cuda:0
2026-03-16 10:43:14,804 [INFO] World size: 1
2026-03-16 10:43:15,136 [INFO] Model: resnet50_custom, Parameters: 23,839,816
2026-03-16 10:43:15,163 [INFO] Using channels-last (NHWC) memory format
2026-03-16 10:43:15,206 [INFO] Mixed precision training: True
2026-03-16 10:44:12,792 [INFO] Using GPU-accelerated transforms to reduce CPU bottleneck
2026-03-16 10:44:12,793 [INFO] Train samples: 176411, Val samples: 6800
2026-03-16 10:44:12,793 [INFO] Effective batch size: 256 (256 x 1 GPUs)
2026-03-16 10:44:17,183 [INFO] OOD evaluation enabled: 4 datasets loaded (imagenet_c_gaussian_noise_s3, imagenet_c_defocus_blur_s3, imagenet_c_fog_s3, imagenet_c_contrast_s3)
2026-03-16 10:44:17,183 [INFO] Saving per-image predictions to logs/resnet50_localnorm_imagenet_ecoset_ecovalid_seed42/predictions
2026-03-16 10:44:17,184 [INFO] Starting training for 25 epochs...
2026-03-16 10:52:18,764 [INFO] Running OOD evaluation (epoch 1)...
2026-03-16 10:53:04,194 [INFO] OOD accuracies: imagenet_c_contrast_s3: 0.7%, imagenet_c_defocus_blur_s3: 0.8%, imagenet_c_fog_s3: 0.8%, imagenet_c_gaussian_noise_s3: 0.8%
2026-03-16 10:53:04,204 [INFO] Epoch 1/25 | Train Loss: 4.5228, Train Acc: 6.39% | Val Loss: 6.2765, Val Acc: 0.75% | LR: 0.000996 | Time: 527.0s
2026-03-16 10:53:04,495 [INFO] New best accuracy: 0.75%
2026-03-16 11:01:04,032 [INFO] Running OOD evaluation (epoch 2)...
2026-03-16 11:01:49,644 [INFO] OOD accuracies: imagenet_c_contrast_s3: 0.7%, imagenet_c_defocus_blur_s3: 0.8%, imagenet_c_fog_s3: 0.8%, imagenet_c_gaussian_noise_s3: 0.8%
2026-03-16 11:01:49,700 [INFO] Epoch 2/25 | Train Loss: 3.9872, Train Acc: 15.34% | Val Loss: 6.7029, Val Acc: 0.72% | LR: 0.000984 | Time: 522.2s
2026-03-16 11:09:46,847 [INFO] Running OOD evaluation (epoch 3)...
2026-03-16 11:10:32,325 [INFO] OOD accuracies: imagenet_c_contrast_s3: 0.8%, imagenet_c_defocus_blur_s3: 0.7%, imagenet_c_fog_s3: 0.7%, imagenet_c_gaussian_noise_s3: 0.7%
2026-03-16 11:10:32,536 [INFO] Epoch 3/25 | Train Loss: 3.6506, Train Acc: 22.69% | Val Loss: 7.0355, Val Acc: 0.74% | LR: 0.000965 | Time: 522.3s
2026-03-16 11:18:29,317 [INFO] Running OOD evaluation (epoch 4)...
2026-03-16 11:19:15,532 [INFO] OOD accuracies: imagenet_c_contrast_s3: 0.9%, imagenet_c_defocus_blur_s3: 0.9%, imagenet_c_fog_s3: 0.8%, imagenet_c_gaussian_noise_s3: 1.0%
2026-03-16 11:19:15,548 [INFO] Epoch 4/25 | Train Loss: 3.3905, Train Acc: 28.82% | Val Loss: 6.2277, Val Acc: 0.87% | LR: 0.000939 | Time: 522.5s
2026-03-16 11:19:15,798 [INFO] New best accuracy: 0.87%
2026-03-16 11:27:13,871 [INFO] Running OOD evaluation (epoch 5)...
2026-03-16 11:28:00,139 [INFO] OOD accuracies: imagenet_c_contrast_s3: 0.7%, imagenet_c_defocus_blur_s3: 0.7%, imagenet_c_fog_s3: 0.7%, imagenet_c_gaussian_noise_s3: 0.7%
2026-03-16 11:28:00,148 [INFO] Epoch 5/25 | Train Loss: 3.1761, Train Acc: 34.21% | Val Loss: 6.1823, Val Acc: 0.74% | LR: 0.000905 | Time: 522.7s
2026-03-16 11:35:57,108 [INFO] Running OOD evaluation (epoch 6)...
2026-03-16 11:36:43,031 [INFO] OOD accuracies: imagenet_c_contrast_s3: 1.3%, imagenet_c_defocus_blur_s3: 1.2%, imagenet_c_fog_s3: 1.1%, imagenet_c_gaussian_noise_s3: 1.1%
2026-03-16 11:36:43,047 [INFO] Epoch 6/25 | Train Loss: 3.0028, Train Acc: 38.80% | Val Loss: 5.9721, Val Acc: 1.13% | LR: 0.000866 | Time: 522.4s
2026-03-16 11:36:43,297 [INFO] New best accuracy: 1.13%
srun: Job step aborted: Waiting up to 32 seconds for job step to finish.
[2026-03-16T11:39:27.117] error: *** JOB 20759719 ON gcn33 CANCELLED AT 2026-03-16T11:39:27 DUE to SIGNAL Terminated ***
[2026-03-16T11:39:27.118] error: *** STEP 20759719.0 ON gcn33 CANCELLED AT 2026-03-16T11:39:27 DUE to SIGNAL Terminated ***
W0316 11:39:27.118000 44657 site-packages/torch/distributed/elastic/agent/server/api.py:704] Received 15 death signal, shutting down workers
W0316 11:39:27.121000 44657 site-packages/torch/distributed/elastic/multiprocessing/api.py:897] Sending process 44665 closing signal SIGTERM
