[rank0]:[W316 10:43:10.545744543 ProcessGroupNCCL.cpp:4115] [PG ID 0 PG GUID 0 Rank 0]  using GPU 0 to perform barrier as devices used by this process are currently unknown. This can potentially cause a hang if this rank to GPU mapping is incorrect.Specify device_ids in barrier() to force use of a particular device,or call init_process_group() with a device_id.
2026-03-16 10:43:10,332 [INFO] Distributed: DistributedManager(rank=0, local_rank=0, world_size=1, device=cuda:0, is_distributed=True)
2026-03-16 10:43:10,333 [INFO] Config: {'experiment_name': 'resnet50_batchnorm_imagenet_ecoset_ecovalid_seed42', 'model': {'name': 'resnet50_custom', 'num_classes': 136, 'norm_layer': 'batchnorm'}, 'data': {'dataset': 'imagenet_ecoset136', 'root': '/scratch-nvme/ml-datasets/imagenet/torchvision_ImageFolder', 'img_size': 224, 'backend': 'pytorch', 'num_workers': 16, 'pin_memory': True, 'persistent_workers': True, 'prefetch_factor': 2, 'gpu_transforms': True, 'random_rotation': True, 'random_rotation_degrees': 15, 'color_jitter': True, 'color_jitter_brightness': 0.2, 'color_jitter_contrast': 0.2, 'color_jitter_saturation': 0.2, 'color_jitter_hue': 0.05, 'gaussian_blur': True, 'random_grayscale': True, 'random_grayscale_p': 0.1}, 'training': {'epochs': 25, 'batch_size': 256, 'val_batch_size': 512, 'lr': 0.001, 'min_lr': 1e-05, 'weight_decay': 0.05, 'optimizer': 'adamw', 'scheduler': 'cosine', 'label_smoothing': 0.1, 'use_amp': True, 'channels_last': True, 'seed': 42, 'checkpoint_schedule': [[10, 1], [20, 2], [25, 3]], 'disable_progress_bar': True}, 'logging': {'log_dir': 'logs'}, 'ood_eval': {'enabled': True, 'source_dataset': 'imagenet_ecoset136', 'datasets_root': '/scratch-nvme/ml-datasets', 'bn_adapt': True, 'imagenet_c': {'during_training': True, 'corruptions_during_training': ['gaussian_noise', 'defocus_blur', 'fog', 'contrast'], 'severity_during_training': 3}, 'save_predictions': True}, 'wandb': {'enabled': True, 'project': 'norm-comparison', 'group': 'resnet50-imagenet-ecoset-ecovalid-norm-experiment', 'tags': ['batchnorm', 'imagenet_ecoset136', 'snellius', 'resnet50', 'a100', 'norm-experiment', 'ecovalid-aug']}, '_machine': {'log_dir': '/projects/prjs0771/melle/projects/visionCNN/logs'}}
2026-03-16 10:43:10,333 [INFO] Run directory: logs/resnet50_batchnorm_imagenet_ecoset_ecovalid_seed42
wandb: [wandb.login()] Loaded credentials for https://api.wandb.ai from /home/mbolding/.netrc.
wandb: Currently logged in as: mellebolding (mellebolding-university-of-amsterdam) to https://api.wandb.ai. Use `wandb login --relogin` to force relogin
wandb: setting up run fcvaep3o
wandb: Tracking run with wandb version 0.25.0
wandb: Run data is saved locally in logs/resnet50_batchnorm_imagenet_ecoset_ecovalid_seed42/wandb/run-20260316_104310-fcvaep3o
wandb: Run `wandb offline` to turn off syncing.
wandb: Syncing run resnet50_batchnorm_imagenet_ecoset_ecovalid_seed42
wandb: ⭐️ View project at https://wandb.ai/mellebolding-university-of-amsterdam/norm-comparison
wandb: 🚀 View run at https://wandb.ai/mellebolding-university-of-amsterdam/norm-comparison/runs/fcvaep3o
2026-03-16 10:43:12,632 [INFO] Weights & Biases logging enabled
2026-03-16 10:43:12,637 [INFO] Set random seed: 42 (rank offset applied)
2026-03-16 10:43:12,637 [INFO] Using device: cuda:0
2026-03-16 10:43:12,637 [INFO] World size: 1
2026-03-16 10:43:12,978 [INFO] Model: resnet50_custom, Parameters: 23,786,696
2026-03-16 10:43:13,009 [INFO] Using channels-last (NHWC) memory format
2026-03-16 10:43:13,063 [INFO] Mixed precision training: True
2026-03-16 10:44:12,793 [INFO] Using GPU-accelerated transforms to reduce CPU bottleneck
2026-03-16 10:44:12,794 [INFO] Train samples: 176411, Val samples: 6800
2026-03-16 10:44:12,794 [INFO] Effective batch size: 256 (256 x 1 GPUs)
2026-03-16 10:44:21,650 [INFO] OOD evaluation enabled: 4 datasets loaded (imagenet_c_gaussian_noise_s3, imagenet_c_defocus_blur_s3, imagenet_c_fog_s3, imagenet_c_contrast_s3)
2026-03-16 10:44:21,651 [INFO] Saving per-image predictions to logs/resnet50_batchnorm_imagenet_ecoset_ecovalid_seed42/predictions
2026-03-16 10:44:21,651 [INFO] Starting training for 25 epochs...
2026-03-16 10:47:31,528 [INFO] Running OOD evaluation (epoch 1)...
2026-03-16 10:48:17,334 [INFO] OOD accuracies: imagenet_c_contrast_s3: 4.9%, imagenet_c_defocus_blur_s3: 6.3%, imagenet_c_fog_s3: 6.0%, imagenet_c_gaussian_noise_s3: 7.4%
2026-03-16 10:48:17,355 [INFO] Epoch 1/25 | Train Loss: 4.5282, Train Acc: 6.36% | Val Loss: 4.1226, Val Acc: 12.07% | LR: 0.000996 | Time: 235.7s
2026-03-16 10:48:17,654 [INFO] New best accuracy: 12.07%
2026-03-16 10:51:26,838 [INFO] Running OOD evaluation (epoch 2)...
2026-03-16 10:52:12,822 [INFO] OOD accuracies: imagenet_c_contrast_s3: 10.1%, imagenet_c_defocus_blur_s3: 10.0%, imagenet_c_fog_s3: 10.0%, imagenet_c_gaussian_noise_s3: 10.9%
2026-03-16 10:52:12,840 [INFO] Epoch 2/25 | Train Loss: 3.9742, Train Acc: 15.64% | Val Loss: 3.5806, Val Acc: 23.93% | LR: 0.000984 | Time: 232.3s
2026-03-16 10:52:13,101 [INFO] New best accuracy: 23.93%
2026-03-16 10:55:19,211 [INFO] Running OOD evaluation (epoch 3)...
2026-03-16 10:56:05,585 [INFO] OOD accuracies: imagenet_c_contrast_s3: 14.6%, imagenet_c_defocus_blur_s3: 13.8%, imagenet_c_fog_s3: 14.0%, imagenet_c_gaussian_noise_s3: 15.5%
2026-03-16 10:56:05,604 [INFO] Epoch 3/25 | Train Loss: 3.6289, Train Acc: 23.10% | Val Loss: 3.3841, Val Acc: 28.06% | LR: 0.000965 | Time: 230.9s
2026-03-16 10:56:05,869 [INFO] New best accuracy: 28.06%
2026-03-16 10:59:12,537 [INFO] Running OOD evaluation (epoch 4)...
2026-03-16 10:59:58,475 [INFO] OOD accuracies: imagenet_c_contrast_s3: 18.5%, imagenet_c_defocus_blur_s3: 17.5%, imagenet_c_fog_s3: 17.7%, imagenet_c_gaussian_noise_s3: 18.1%
2026-03-16 10:59:58,493 [INFO] Epoch 4/25 | Train Loss: 3.4084, Train Acc: 28.44% | Val Loss: 3.0105, Val Acc: 38.69% | LR: 0.000939 | Time: 231.0s
2026-03-16 10:59:58,752 [INFO] New best accuracy: 38.69%
2026-03-16 11:03:04,753 [INFO] Running OOD evaluation (epoch 5)...
2026-03-16 11:03:50,877 [INFO] OOD accuracies: imagenet_c_contrast_s3: 20.0%, imagenet_c_defocus_blur_s3: 18.3%, imagenet_c_fog_s3: 20.2%, imagenet_c_gaussian_noise_s3: 20.2%
2026-03-16 11:03:50,894 [INFO] Epoch 5/25 | Train Loss: 3.1811, Train Acc: 34.16% | Val Loss: 3.0647, Val Acc: 36.72% | LR: 0.000905 | Time: 230.5s
2026-03-16 11:06:55,131 [INFO] Running OOD evaluation (epoch 6)...
2026-03-16 11:07:41,235 [INFO] OOD accuracies: imagenet_c_contrast_s3: 23.8%, imagenet_c_defocus_blur_s3: 20.0%, imagenet_c_fog_s3: 22.7%, imagenet_c_gaussian_noise_s3: 23.0%
2026-03-16 11:07:41,253 [INFO] Epoch 6/25 | Train Loss: 3.0312, Train Acc: 37.97% | Val Loss: 2.8311, Val Acc: 44.62% | LR: 0.000866 | Time: 229.8s
2026-03-16 11:07:41,514 [INFO] New best accuracy: 44.62%
2026-03-16 11:10:47,929 [INFO] Running OOD evaluation (epoch 7)...
2026-03-16 11:11:33,787 [INFO] OOD accuracies: imagenet_c_contrast_s3: 28.3%, imagenet_c_defocus_blur_s3: 22.4%, imagenet_c_fog_s3: 25.8%, imagenet_c_gaussian_noise_s3: 25.4%
2026-03-16 11:11:33,804 [INFO] Epoch 7/25 | Train Loss: 2.8632, Train Acc: 42.45% | Val Loss: 2.5887, Val Acc: 49.38% | LR: 0.000821 | Time: 230.7s
2026-03-16 11:11:34,065 [INFO] New best accuracy: 49.38%
2026-03-16 11:14:40,889 [INFO] Running OOD evaluation (epoch 8)...
2026-03-16 11:15:27,230 [INFO] OOD accuracies: imagenet_c_contrast_s3: 29.5%, imagenet_c_defocus_blur_s3: 23.6%, imagenet_c_fog_s3: 27.9%, imagenet_c_gaussian_noise_s3: 27.0%
2026-03-16 11:15:27,247 [INFO] Epoch 8/25 | Train Loss: 2.7330, Train Acc: 45.89% | Val Loss: 2.4538, Val Acc: 53.43% | LR: 0.000770 | Time: 231.6s
2026-03-16 11:15:27,507 [INFO] New best accuracy: 53.43%
2026-03-16 11:18:33,819 [INFO] Running OOD evaluation (epoch 9)...
2026-03-16 11:19:19,966 [INFO] OOD accuracies: imagenet_c_contrast_s3: 33.2%, imagenet_c_defocus_blur_s3: 26.2%, imagenet_c_fog_s3: 30.1%, imagenet_c_gaussian_noise_s3: 28.4%
2026-03-16 11:19:19,983 [INFO] Epoch 9/25 | Train Loss: 2.6251, Train Acc: 48.96% | Val Loss: 2.3495, Val Acc: 55.90% | LR: 0.000716 | Time: 230.9s
2026-03-16 11:19:20,242 [INFO] New best accuracy: 55.90%
2026-03-16 11:22:26,084 [INFO] Running OOD evaluation (epoch 10)...
2026-03-16 11:23:12,310 [INFO] OOD accuracies: imagenet_c_contrast_s3: 34.5%, imagenet_c_defocus_blur_s3: 26.3%, imagenet_c_fog_s3: 31.2%, imagenet_c_gaussian_noise_s3: 29.7%
2026-03-16 11:23:12,328 [INFO] Epoch 10/25 | Train Loss: 2.5260, Train Acc: 51.84% | Val Loss: 2.3623, Val Acc: 55.54% | LR: 0.000658 | Time: 230.3s
2026-03-16 11:26:11,786 [INFO] Epoch 11/25 | Train Loss: 2.4489, Train Acc: 53.70% | (validation skipped) | LR: 0.000598 | Time: 178.9s
2026-03-16 11:29:17,053 [INFO] Running OOD evaluation (epoch 12)...
2026-03-16 11:30:03,608 [INFO] OOD accuracies: imagenet_c_contrast_s3: 37.2%, imagenet_c_defocus_blur_s3: 28.6%, imagenet_c_fog_s3: 34.4%, imagenet_c_gaussian_noise_s3: 30.2%
2026-03-16 11:30:03,625 [INFO] Epoch 12/25 | Train Loss: 2.3737, Train Acc: 56.06% | Val Loss: 2.1344, Val Acc: 61.99% | LR: 0.000536 | Time: 231.8s
2026-03-16 11:30:03,885 [INFO] New best accuracy: 61.99%
2026-03-16 11:33:04,638 [INFO] Epoch 13/25 | Train Loss: 2.3053, Train Acc: 57.95% | (validation skipped) | LR: 0.000474 | Time: 179.1s
2026-03-16 11:36:07,741 [INFO] Running OOD evaluation (epoch 14)...
2026-03-16 11:36:53,750 [INFO] OOD accuracies: imagenet_c_contrast_s3: 40.3%, imagenet_c_defocus_blur_s3: 29.1%, imagenet_c_fog_s3: 36.5%, imagenet_c_gaussian_noise_s3: 32.4%
2026-03-16 11:36:53,767 [INFO] Epoch 14/25 | Train Loss: 2.2446, Train Acc: 59.61% | Val Loss: 2.0443, Val Acc: 65.34% | LR: 0.000412 | Time: 229.1s
2026-03-16 11:36:54,026 [INFO] New best accuracy: 65.34%
2026-03-16 11:39:54,234 [INFO] Epoch 15/25 | Train Loss: 2.1824, Train Acc: 61.37% | (validation skipped) | LR: 0.000352 | Time: 178.6s
2026-03-16 11:42:59,888 [INFO] Running OOD evaluation (epoch 16)...
2026-03-16 11:43:46,278 [INFO] OOD accuracies: imagenet_c_contrast_s3: 42.1%, imagenet_c_defocus_blur_s3: 30.4%, imagenet_c_fog_s3: 38.2%, imagenet_c_gaussian_noise_s3: 33.3%
2026-03-16 11:43:46,295 [INFO] Epoch 16/25 | Train Loss: 2.1293, Train Acc: 62.92% | Val Loss: 2.1023, Val Acc: 63.37% | LR: 0.000294 | Time: 232.1s
2026-03-16 11:46:45,112 [INFO] Epoch 17/25 | Train Loss: 2.0793, Train Acc: 64.38% | (validation skipped) | LR: 0.000240 | Time: 178.3s
2026-03-16 11:49:50,017 [INFO] Running OOD evaluation (epoch 18)...
2026-03-16 11:50:36,267 [INFO] OOD accuracies: imagenet_c_contrast_s3: 43.4%, imagenet_c_defocus_blur_s3: 31.1%, imagenet_c_fog_s3: 38.9%, imagenet_c_gaussian_noise_s3: 34.4%
2026-03-16 11:50:36,284 [INFO] Epoch 18/25 | Train Loss: 2.0351, Train Acc: 65.62% | Val Loss: 1.8903, Val Acc: 69.76% | LR: 0.000189 | Time: 231.2s
2026-03-16 11:50:36,542 [INFO] New best accuracy: 69.76%
2026-03-16 11:53:37,205 [INFO] Epoch 19/25 | Train Loss: 1.9899, Train Acc: 67.04% | (validation skipped) | LR: 0.000144 | Time: 179.0s
2026-03-16 11:56:42,809 [INFO] Running OOD evaluation (epoch 20)...
2026-03-16 11:57:29,670 [INFO] OOD accuracies: imagenet_c_contrast_s3: 45.3%, imagenet_c_defocus_blur_s3: 33.4%, imagenet_c_fog_s3: 40.7%, imagenet_c_gaussian_noise_s3: 35.1%
2026-03-16 11:57:29,686 [INFO] Epoch 20/25 | Train Loss: 1.9548, Train Acc: 68.03% | Val Loss: 1.8371, Val Acc: 71.22% | LR: 0.000105 | Time: 232.5s
2026-03-16 11:57:29,958 [INFO] New best accuracy: 71.22%
2026-03-16 12:00:40,814 [INFO] Running OOD evaluation (epoch 21)...
2026-03-16 12:01:27,180 [INFO] OOD accuracies: imagenet_c_contrast_s3: 46.2%, imagenet_c_defocus_blur_s3: 33.1%, imagenet_c_fog_s3: 41.0%, imagenet_c_gaussian_noise_s3: 34.7%
2026-03-16 12:01:27,197 [INFO] Epoch 21/25 | Train Loss: 1.9226, Train Acc: 69.12% | Val Loss: 1.7989, Val Acc: 72.29% | LR: 0.000071 | Time: 235.6s
2026-03-16 12:01:27,456 [INFO] New best accuracy: 72.29%
2026-03-16 12:04:29,395 [INFO] Epoch 22/25 | Train Loss: 1.8977, Train Acc: 69.84% | (validation skipped) | LR: 0.000045 | Time: 180.3s
2026-03-16 12:07:30,598 [INFO] Epoch 23/25 | Train Loss: 1.8774, Train Acc: 70.47% | (validation skipped) | LR: 0.000026 | Time: 181.2s
2026-03-16 12:10:36,530 [INFO] Running OOD evaluation (epoch 24)...
2026-03-16 12:11:25,321 [INFO] OOD accuracies: imagenet_c_contrast_s3: 47.0%, imagenet_c_defocus_blur_s3: 34.2%, imagenet_c_fog_s3: 40.9%, imagenet_c_gaussian_noise_s3: 36.1%
2026-03-16 12:11:25,338 [INFO] Epoch 24/25 | Train Loss: 1.8641, Train Acc: 70.80% | Val Loss: 1.7741, Val Acc: 73.16% | LR: 0.000014 | Time: 234.7s
2026-03-16 12:11:25,597 [INFO] New best accuracy: 73.16%
2026-03-16 12:14:32,631 [INFO] Running OOD evaluation (epoch 25)...
2026-03-16 12:15:18,952 [INFO] OOD accuracies: imagenet_c_contrast_s3: 47.0%, imagenet_c_defocus_blur_s3: 33.9%, imagenet_c_fog_s3: 41.7%, imagenet_c_gaussian_noise_s3: 36.1%
2026-03-16 12:15:18,968 [INFO] Epoch 25/25 | Train Loss: 1.8589, Train Acc: 71.14% | Val Loss: 1.7700, Val Acc: 73.19% | LR: 0.000010 | Time: 231.7s
2026-03-16 12:15:19,230 [INFO] New best accuracy: 73.19%
2026-03-16 12:15:20,830 [INFO] Training complete! Best accuracy: 73.19%
2026-03-16 12:15:20,831 [INFO] Outputs saved to: logs/resnet50_batchnorm_imagenet_ecoset_ecovalid_seed42
wandb: uploading artifact resnet50_batchnorm_imagenet_ecoset_ecovalid_seed42-best
wandb: uploading artifact resnet50_batchnorm_imagenet_ecoset_ecovalid_seed42-best; uploading output.log; uploading wandb-summary.json
wandb: uploading artifact resnet50_batchnorm_imagenet_ecoset_ecovalid_seed42-best
wandb: uploading artifact resnet50_batchnorm_imagenet_ecoset_ecovalid_seed42-best; uploading history steps 24-24, summary, console lines 86-90
wandb: uploading artifact resnet50_batchnorm_imagenet_ecoset_ecovalid_seed42-best
wandb: 
wandb: Run history:
wandb:                                    epoch ▁▁▂▂▂▂▃▃▃▄▄▄▅▅▅▅▆▆▆▇▇▇▇██
wandb:                                       lr ████▇▇▇▆▆▆▅▅▄▄▃▃▃▂▂▂▁▁▁▁▁
wandb:                  ood/imagenet_c/mean_acc ▁▂▃▃▄▄▅▅▆▆▇▇▇▇████
wandb:           ood/imagenet_c_contrast_s3/acc ▁▂▃▃▄▄▅▅▆▆▆▇▇▇████
wandb:          ood/imagenet_c_contrast_s3/loss █▇▆▅▅▄▃▃▃▃▂▂▂▁▁▁▁▁
wandb:     ood/imagenet_c_contrast_s3/n_samples ▁▁▁▁▁▁▁▁▁▁▁▁▁▁▁▁▁▁
wandb:       ood/imagenet_c_defocus_blur_s3/acc ▁▂▃▄▄▄▅▅▆▆▇▇▇▇████
wandb:      ood/imagenet_c_defocus_blur_s3/loss █▇▆▅▄▄▃▃▃▂▂▂▂▁▁▁▁▁
wandb: ood/imagenet_c_defocus_blur_s3/n_samples ▁▁▁▁▁▁▁▁▁▁▁▁▁▁▁▁▁▁
wandb:                ood/imagenet_c_fog_s3/acc ▁▂▃▃▄▄▅▅▆▆▇▇▇▇████
wandb:                                       +9 ...
wandb: 
wandb: Run summary:
wandb:                                    epoch 25
wandb:                                       lr 1e-05
wandb:                  ood/imagenet_c/mean_acc 39.68382
wandb:           ood/imagenet_c_contrast_s3/acc 46.98529
wandb:          ood/imagenet_c_contrast_s3/loss 2.39208
wandb:     ood/imagenet_c_contrast_s3/n_samples 6800
wandb:       ood/imagenet_c_defocus_blur_s3/acc 33.94118
wandb:      ood/imagenet_c_defocus_blur_s3/loss 3.06274
wandb: ood/imagenet_c_defocus_blur_s3/n_samples 6800
wandb:                ood/imagenet_c_fog_s3/acc 41.70588
wandb:                                       +9 ...
wandb: 
wandb: 🚀 View run resnet50_batchnorm_imagenet_ecoset_ecovalid_seed42 at: https://wandb.ai/mellebolding-university-of-amsterdam/norm-comparison/runs/fcvaep3o
wandb: ⭐️ View project at: https://wandb.ai/mellebolding-university-of-amsterdam/norm-comparison
wandb: Synced 5 W&B file(s), 0 media file(s), 30 artifact file(s) and 0 other file(s)
wandb: Find logs at: logs/resnet50_batchnorm_imagenet_ecoset_ecovalid_seed42/wandb/run-20260316_104310-fcvaep3o/logs
