[rank0]:[W316 14:11:47.352356065 ProcessGroupNCCL.cpp:4115] [PG ID 0 PG GUID 0 Rank 0]  using GPU 0 to perform barrier as devices used by this process are currently unknown. This can potentially cause a hang if this rank to GPU mapping is incorrect.Specify device_ids in barrier() to force use of a particular device,or call init_process_group() with a device_id.
2026-03-16 14:11:48,010 [INFO] Distributed: DistributedManager(rank=0, local_rank=0, world_size=1, device=cuda:0, is_distributed=True)
2026-03-16 14:11:48,011 [INFO] Config: {'experiment_name': 'resnet50_layernorm_imagenet_ecoset_ecovalid_seed45', 'model': {'name': 'resnet50_custom', 'num_classes': 136, 'norm_layer': 'layernorm'}, 'data': {'dataset': 'imagenet_ecoset136', 'root': '/scratch-nvme/ml-datasets/imagenet/torchvision_ImageFolder', 'img_size': 224, 'backend': 'pytorch', 'num_workers': 16, 'pin_memory': True, 'persistent_workers': True, 'prefetch_factor': 2, 'gpu_transforms': True, 'random_rotation': True, 'random_rotation_degrees': 15, 'color_jitter': True, 'color_jitter_brightness': 0.2, 'color_jitter_contrast': 0.2, 'color_jitter_saturation': 0.2, 'color_jitter_hue': 0.05, 'gaussian_blur': True, 'random_grayscale': True, 'random_grayscale_p': 0.1}, 'training': {'epochs': 25, 'batch_size': 256, 'lr': 0.001, 'min_lr': 1e-05, 'weight_decay': 0.05, 'optimizer': 'adamw', 'scheduler': 'cosine', 'label_smoothing': 0.1, 'use_amp': True, 'channels_last': True, 'seed': 45, 'checkpoint_schedule': [[10, 1], [20, 2], [25, 3]], 'disable_progress_bar': True}, 'logging': {'log_dir': 'logs'}, 'ood_eval': {'enabled': True, 'source_dataset': 'imagenet_ecoset136', 'datasets_root': '/scratch-nvme/ml-datasets', 'imagenet_c': {'during_training': True, 'corruptions_during_training': ['gaussian_noise', 'defocus_blur', 'fog', 'contrast'], 'severity_during_training': 3}, 'save_predictions': True}, 'wandb': {'enabled': True, 'project': 'norm-comparison', 'group': 'resnet50-imagenet-ecoset-ecovalid-norm-experiment', 'tags': ['norm-experiment', 'layernorm', 'imagenet_ecoset136', 'a100', 'ecovalid-aug', 'resnet50', 'snellius']}, '_machine': {'log_dir': '/projects/prjs0771/melle/projects/visionCNN/logs'}}
2026-03-16 14:11:48,011 [INFO] Run directory: logs/resnet50_layernorm_imagenet_ecoset_ecovalid_seed45
wandb: [wandb.login()] Loaded credentials for https://api.wandb.ai from /home/mbolding/.netrc.
wandb: Currently logged in as: mellebolding (mellebolding-university-of-amsterdam) to https://api.wandb.ai. Use `wandb login --relogin` to force relogin
wandb: setting up run mnb2j3ok
wandb: Tracking run with wandb version 0.25.0
wandb: Run data is saved locally in logs/resnet50_layernorm_imagenet_ecoset_ecovalid_seed45/wandb/run-20260316_141148-mnb2j3ok
wandb: Run `wandb offline` to turn off syncing.
wandb: Syncing run resnet50_layernorm_imagenet_ecoset_ecovalid_seed45
wandb: ⭐️ View project at https://wandb.ai/mellebolding-university-of-amsterdam/norm-comparison
wandb: 🚀 View run at https://wandb.ai/mellebolding-university-of-amsterdam/norm-comparison/runs/mnb2j3ok
2026-03-16 14:11:49,510 [INFO] Weights & Biases logging enabled
2026-03-16 14:11:49,513 [INFO] Set random seed: 45 (rank offset applied)
2026-03-16 14:11:49,514 [INFO] Using device: cuda:0
2026-03-16 14:11:49,514 [INFO] World size: 1
2026-03-16 14:11:49,851 [INFO] Model: resnet50_custom, Parameters: 23,786,696
2026-03-16 14:11:49,882 [INFO] Using channels-last (NHWC) memory format
2026-03-16 14:11:49,917 [INFO] Mixed precision training: True
2026-03-16 14:12:07,485 [INFO] Using GPU-accelerated transforms to reduce CPU bottleneck
2026-03-16 14:12:07,485 [INFO] Train samples: 176411, Val samples: 6800
2026-03-16 14:12:07,486 [INFO] Effective batch size: 256 (256 x 1 GPUs)
2026-03-16 14:12:11,079 [INFO] OOD evaluation enabled: 4 datasets loaded (imagenet_c_gaussian_noise_s3, imagenet_c_defocus_blur_s3, imagenet_c_fog_s3, imagenet_c_contrast_s3)
2026-03-16 14:12:11,080 [INFO] Saving per-image predictions to logs/resnet50_layernorm_imagenet_ecoset_ecovalid_seed45/predictions
2026-03-16 14:12:11,080 [INFO] Starting training for 25 epochs...
2026-03-16 14:16:51,579 [INFO] Running OOD evaluation (epoch 1)...
2026-03-16 14:17:37,223 [INFO] OOD accuracies: imagenet_c_contrast_s3: 1.7%, imagenet_c_defocus_blur_s3: 1.7%, imagenet_c_fog_s3: 1.0%, imagenet_c_gaussian_noise_s3: 1.9%
2026-03-16 14:17:37,239 [INFO] Epoch 1/25 | Train Loss: 4.9132, Train Acc: 0.98% | Val Loss: 4.7925, Val Acc: 1.84% | LR: 0.000996 | Time: 326.2s
2026-03-16 14:17:37,494 [INFO] New best accuracy: 1.84%
2026-03-16 14:22:15,544 [INFO] Running OOD evaluation (epoch 2)...
2026-03-16 14:23:01,169 [INFO] OOD accuracies: imagenet_c_contrast_s3: 3.7%, imagenet_c_defocus_blur_s3: 3.8%, imagenet_c_fog_s3: 3.1%, imagenet_c_gaussian_noise_s3: 3.5%
2026-03-16 14:23:01,185 [INFO] Epoch 2/25 | Train Loss: 4.7077, Train Acc: 2.71% | Val Loss: 4.5271, Val Acc: 4.60% | LR: 0.000984 | Time: 320.9s
2026-03-16 14:23:01,438 [INFO] New best accuracy: 4.60%
2026-03-16 14:27:38,502 [INFO] Running OOD evaluation (epoch 3)...
2026-03-16 14:28:24,112 [INFO] OOD accuracies: imagenet_c_contrast_s3: 6.8%, imagenet_c_defocus_blur_s3: 8.4%, imagenet_c_fog_s3: 6.0%, imagenet_c_gaussian_noise_s3: 5.5%
2026-03-16 14:28:24,132 [INFO] Epoch 3/25 | Train Loss: 4.3949, Train Acc: 7.54% | Val Loss: 4.1552, Val Acc: 10.79% | LR: 0.000965 | Time: 320.9s
2026-03-16 14:28:24,381 [INFO] New best accuracy: 10.79%
2026-03-16 14:33:01,764 [INFO] Running OOD evaluation (epoch 4)...
2026-03-16 14:33:47,718 [INFO] OOD accuracies: imagenet_c_contrast_s3: 9.8%, imagenet_c_defocus_blur_s3: 11.2%, imagenet_c_fog_s3: 7.8%, imagenet_c_gaussian_noise_s3: 6.3%
2026-03-16 14:33:47,736 [INFO] Epoch 4/25 | Train Loss: 4.1383, Train Acc: 12.44% | Val Loss: 3.8629, Val Acc: 17.56% | LR: 0.000939 | Time: 321.7s
2026-03-16 14:33:47,988 [INFO] New best accuracy: 17.56%
2026-03-16 14:38:25,654 [INFO] Running OOD evaluation (epoch 5)...
2026-03-16 14:39:11,831 [INFO] OOD accuracies: imagenet_c_contrast_s3: 13.0%, imagenet_c_defocus_blur_s3: 15.2%, imagenet_c_fog_s3: 11.8%, imagenet_c_gaussian_noise_s3: 8.5%
2026-03-16 14:39:11,850 [INFO] Epoch 5/25 | Train Loss: 3.9568, Train Acc: 16.18% | Val Loss: 3.7515, Val Acc: 18.44% | LR: 0.000905 | Time: 322.2s
2026-03-16 14:39:12,102 [INFO] New best accuracy: 18.44%
2026-03-16 14:43:49,280 [INFO] Running OOD evaluation (epoch 6)...
2026-03-16 14:44:35,341 [INFO] OOD accuracies: imagenet_c_contrast_s3: 15.4%, imagenet_c_defocus_blur_s3: 15.6%, imagenet_c_fog_s3: 15.0%, imagenet_c_gaussian_noise_s3: 6.4%
2026-03-16 14:44:35,360 [INFO] Epoch 6/25 | Train Loss: 3.7981, Train Acc: 19.67% | Val Loss: 3.5194, Val Acc: 24.97% | LR: 0.000866 | Time: 321.6s
2026-03-16 14:44:35,613 [INFO] New best accuracy: 24.97%
2026-03-16 14:49:12,943 [INFO] Running OOD evaluation (epoch 7)...
2026-03-16 14:49:58,645 [INFO] OOD accuracies: imagenet_c_contrast_s3: 17.0%, imagenet_c_defocus_blur_s3: 18.4%, imagenet_c_fog_s3: 16.2%, imagenet_c_gaussian_noise_s3: 9.9%
2026-03-16 14:49:58,661 [INFO] Epoch 7/25 | Train Loss: 3.6519, Train Acc: 22.97% | Val Loss: 3.3919, Val Acc: 28.62% | LR: 0.000821 | Time: 321.4s
2026-03-16 14:49:58,912 [INFO] New best accuracy: 28.62%
2026-03-16 14:54:36,180 [INFO] Running OOD evaluation (epoch 8)...
2026-03-16 14:55:21,856 [INFO] OOD accuracies: imagenet_c_contrast_s3: 20.4%, imagenet_c_defocus_blur_s3: 21.1%, imagenet_c_fog_s3: 16.6%, imagenet_c_gaussian_noise_s3: 13.6%
2026-03-16 14:55:21,873 [INFO] Epoch 8/25 | Train Loss: 3.5165, Train Acc: 26.27% | Val Loss: 3.2906, Val Acc: 31.69% | LR: 0.000770 | Time: 321.3s
2026-03-16 14:55:22,124 [INFO] New best accuracy: 31.69%
2026-03-16 14:59:59,238 [INFO] Running OOD evaluation (epoch 9)...
2026-03-16 15:00:44,911 [INFO] OOD accuracies: imagenet_c_contrast_s3: 21.8%, imagenet_c_defocus_blur_s3: 21.5%, imagenet_c_fog_s3: 21.9%, imagenet_c_gaussian_noise_s3: 10.0%
Traceback (most recent call last):
  File "/gpfs/home1/mbolding/.local/share/mamba/envs/visioncnn/lib/python3.11/site-packages/numpy/lib/_npyio_impl.py", line 785, in _savez
    with zipf.open(fname, 'w', force_zip64=True) as fid:
  File "/gpfs/home1/mbolding/.local/share/mamba/envs/visioncnn/lib/python3.11/zipfile.py", line 1234, in close
    self._fileobj.seek(self._zinfo.header_offset)
OSError: [Errno 122] Disk quota exceeded

During handling of the above exception, another exception occurred:

Traceback (most recent call last):
  File "/gpfs/home1/mbolding/.local/share/mamba/envs/visioncnn/lib/python3.11/zipfile.py", line 1925, in close
    self.fp.seek(self.start_dir)
OSError: [Errno 122] Disk quota exceeded

During handling of the above exception, another exception occurred:

Traceback (most recent call last):
  File "/gpfs/home1/mbolding/visionCNN/scripts/train.py", line 836, in <module>
    main(args)
  File "/gpfs/home1/mbolding/visionCNN/scripts/train.py", line 712, in main
    save_predictions_to_file(
  File "/gpfs/home1/mbolding/visionCNN/src/evaluation/ood_eval.py", line 235, in save_predictions_to_file
    np.savez_compressed(filepath, **{
  File "/gpfs/home1/mbolding/.local/share/mamba/envs/visioncnn/lib/python3.11/site-packages/numpy/lib/_npyio_impl.py", line 753, in savez_compressed
    _savez(file, args, kwds, True, allow_pickle=allow_pickle)
  File "/gpfs/home1/mbolding/.local/share/mamba/envs/visioncnn/lib/python3.11/site-packages/numpy/lib/_npyio_impl.py", line 790, in _savez
    zipf.close()
  File "/gpfs/home1/mbolding/.local/share/mamba/envs/visioncnn/lib/python3.11/zipfile.py", line 1930, in close
    self._fpclose(fp)
  File "/gpfs/home1/mbolding/.local/share/mamba/envs/visioncnn/lib/python3.11/zipfile.py", line 2030, in _fpclose
    fp.close()
OSError: [Errno 122] Disk quota exceeded
[rank0]: Traceback (most recent call last):
[rank0]:   File "/gpfs/home1/mbolding/.local/share/mamba/envs/visioncnn/lib/python3.11/site-packages/numpy/lib/_npyio_impl.py", line 785, in _savez
[rank0]:     with zipf.open(fname, 'w', force_zip64=True) as fid:
[rank0]:   File "/gpfs/home1/mbolding/.local/share/mamba/envs/visioncnn/lib/python3.11/zipfile.py", line 1234, in close
[rank0]:     self._fileobj.seek(self._zinfo.header_offset)
[rank0]: OSError: [Errno 122] Disk quota exceeded

[rank0]: During handling of the above exception, another exception occurred:

[rank0]: Traceback (most recent call last):
[rank0]:   File "/gpfs/home1/mbolding/.local/share/mamba/envs/visioncnn/lib/python3.11/zipfile.py", line 1925, in close
[rank0]:     self.fp.seek(self.start_dir)
[rank0]: OSError: [Errno 122] Disk quota exceeded

[rank0]: During handling of the above exception, another exception occurred:

[rank0]: Traceback (most recent call last):
[rank0]:   File "/gpfs/home1/mbolding/visionCNN/scripts/train.py", line 836, in <module>
[rank0]:     main(args)
[rank0]:   File "/gpfs/home1/mbolding/visionCNN/scripts/train.py", line 712, in main
[rank0]:     save_predictions_to_file(
[rank0]:   File "/gpfs/home1/mbolding/visionCNN/src/evaluation/ood_eval.py", line 235, in save_predictions_to_file
[rank0]:     np.savez_compressed(filepath, **{
[rank0]:   File "/gpfs/home1/mbolding/.local/share/mamba/envs/visioncnn/lib/python3.11/site-packages/numpy/lib/_npyio_impl.py", line 753, in savez_compressed
[rank0]:     _savez(file, args, kwds, True, allow_pickle=allow_pickle)
[rank0]:   File "/gpfs/home1/mbolding/.local/share/mamba/envs/visioncnn/lib/python3.11/site-packages/numpy/lib/_npyio_impl.py", line 790, in _savez
[rank0]:     zipf.close()
[rank0]:   File "/gpfs/home1/mbolding/.local/share/mamba/envs/visioncnn/lib/python3.11/zipfile.py", line 1930, in close
[rank0]:     self._fpclose(fp)
[rank0]:   File "/gpfs/home1/mbolding/.local/share/mamba/envs/visioncnn/lib/python3.11/zipfile.py", line 2030, in _fpclose
[rank0]:     fp.close()
[rank0]: OSError: [Errno 122] Disk quota exceeded
E0316 15:03:28.427000 201723 site-packages/torch/distributed/elastic/multiprocessing/api.py:869] failed (exitcode: 1) local_rank: 0 (pid: 201867) of binary: /gpfs/home1/mbolding/.local/share/mamba/envs/visioncnn/bin/python
Traceback (most recent call last):
  File "/gpfs/home1/mbolding/.local/share/mamba/envs/visioncnn/bin/torchrun", line 33, in <module>
    sys.exit(load_entry_point('torch==2.5.1', 'console_scripts', 'torchrun')())
             ^^^^^^^^^^^^^^^^^^^^^^^^^^^^^^^^^^^^^^^^^^^^^^^^^^^^^^^^^^^^^^^^^
  File "/gpfs/home1/mbolding/.local/share/mamba/envs/visioncnn/lib/python3.11/site-packages/torch/distributed/elastic/multiprocessing/errors/__init__.py", line 355, in wrapper
    return f(*args, **kwargs)
           ^^^^^^^^^^^^^^^^^^
  File "/gpfs/home1/mbolding/.local/share/mamba/envs/visioncnn/lib/python3.11/site-packages/torch/distributed/run.py", line 919, in main
    run(args)
  File "/gpfs/home1/mbolding/.local/share/mamba/envs/visioncnn/lib/python3.11/site-packages/torch/distributed/run.py", line 910, in run
    elastic_launch(
  File "/gpfs/home1/mbolding/.local/share/mamba/envs/visioncnn/lib/python3.11/site-packages/torch/distributed/launcher/api.py", line 138, in __call__
    return launch_agent(self._config, self._entrypoint, list(args))
           ^^^^^^^^^^^^^^^^^^^^^^^^^^^^^^^^^^^^^^^^^^^^^^^^^^^^^^^^
  File "/gpfs/home1/mbolding/.local/share/mamba/envs/visioncnn/lib/python3.11/site-packages/torch/distributed/launcher/api.py", line 269, in launch_agent
    raise ChildFailedError(
torch.distributed.elastic.multiprocessing.errors.ChildFailedError: 
============================================================
scripts/train.py FAILED
------------------------------------------------------------
Failures:
  <NO_OTHER_FAILURES>
------------------------------------------------------------
Root Cause (first observed failure):
[0]:
  time      : 2026-03-16_15:03:28
  host      : gcn67.local.snellius.surf.nl
  rank      : 0 (local_rank: 0)
  exitcode  : 1 (pid: 201867)
  error_file: <N/A>
  traceback : To enable traceback see: https://pytorch.org/docs/stable/elastic/errors.html
============================================================
srun: error: gcn67: task 0: Exited with exit code 1
srun: Terminating StepId=20769796.0
