[rank0]:[W316 11:15:12.779150571 ProcessGroupNCCL.cpp:4115] [PG ID 0 PG GUID 0 Rank 0]  using GPU 0 to perform barrier as devices used by this process are currently unknown. This can potentially cause a hang if this rank to GPU mapping is incorrect.Specify device_ids in barrier() to force use of a particular device,or call init_process_group() with a device_id.
2026-03-16 11:15:13,468 [INFO] Distributed: DistributedManager(rank=0, local_rank=0, world_size=1, device=cuda:0, is_distributed=True)
2026-03-16 11:15:13,468 [INFO] Config: {'experiment_name': 'resnet50_groupnorm_imagenet_ecoset_ecovalid_seed42', 'model': {'name': 'resnet50_custom', 'num_classes': 136, 'norm_layer': 'groupnorm'}, 'data': {'dataset': 'imagenet_ecoset136', 'root': '/scratch-nvme/ml-datasets/imagenet/torchvision_ImageFolder', 'img_size': 224, 'backend': 'pytorch', 'num_workers': 16, 'pin_memory': True, 'persistent_workers': True, 'prefetch_factor': 2, 'gpu_transforms': True, 'random_rotation': True, 'random_rotation_degrees': 15, 'color_jitter': True, 'color_jitter_brightness': 0.2, 'color_jitter_contrast': 0.2, 'color_jitter_saturation': 0.2, 'color_jitter_hue': 0.05, 'gaussian_blur': True, 'random_grayscale': True, 'random_grayscale_p': 0.1}, 'training': {'epochs': 25, 'batch_size': 256, 'lr': 0.001, 'min_lr': 1e-05, 'weight_decay': 0.05, 'optimizer': 'adamw', 'scheduler': 'cosine', 'label_smoothing': 0.1, 'use_amp': True, 'channels_last': True, 'seed': 42, 'checkpoint_schedule': [[10, 1], [20, 2], [25, 3]], 'disable_progress_bar': True}, 'logging': {'log_dir': 'logs'}, 'ood_eval': {'enabled': True, 'source_dataset': 'imagenet_ecoset136', 'datasets_root': '/scratch-nvme/ml-datasets', 'imagenet_c': {'during_training': True, 'corruptions_during_training': ['gaussian_noise', 'defocus_blur', 'fog', 'contrast'], 'severity_during_training': 3}, 'save_predictions': True}, 'wandb': {'enabled': True, 'project': 'norm-comparison', 'group': 'resnet50-imagenet-ecoset-ecovalid-norm-experiment', 'tags': ['snellius', 'norm-experiment', 'imagenet_ecoset136', 'groupnorm', 'a100', 'resnet50', 'ecovalid-aug']}, '_machine': {'log_dir': '/projects/prjs0771/melle/projects/visionCNN/logs'}}
2026-03-16 11:15:13,468 [INFO] Run directory: logs/resnet50_groupnorm_imagenet_ecoset_ecovalid_seed42
wandb: [wandb.login()] Loaded credentials for https://api.wandb.ai from /home/mbolding/.netrc.
wandb: Currently logged in as: mellebolding (mellebolding-university-of-amsterdam) to https://api.wandb.ai. Use `wandb login --relogin` to force relogin
wandb: setting up run yeb0142m
wandb: Tracking run with wandb version 0.25.0
wandb: Run data is saved locally in logs/resnet50_groupnorm_imagenet_ecoset_ecovalid_seed42/wandb/run-20260316_111513-yeb0142m
wandb: Run `wandb offline` to turn off syncing.
wandb: Syncing run resnet50_groupnorm_imagenet_ecoset_ecovalid_seed42
wandb: ⭐️ View project at https://wandb.ai/mellebolding-university-of-amsterdam/norm-comparison
wandb: 🚀 View run at https://wandb.ai/mellebolding-university-of-amsterdam/norm-comparison/runs/yeb0142m
2026-03-16 11:15:15,240 [INFO] Weights & Biases logging enabled
2026-03-16 11:15:15,242 [INFO] Set random seed: 42 (rank offset applied)
2026-03-16 11:15:15,242 [INFO] Using device: cuda:0
2026-03-16 11:15:15,242 [INFO] World size: 1
2026-03-16 11:15:15,578 [INFO] Model: resnet50_custom, Parameters: 23,786,696
2026-03-16 11:15:15,609 [INFO] Using channels-last (NHWC) memory format
2026-03-16 11:15:15,644 [INFO] Mixed precision training: True
2026-03-16 11:15:42,637 [INFO] Using GPU-accelerated transforms to reduce CPU bottleneck
2026-03-16 11:15:42,637 [INFO] Train samples: 176411, Val samples: 6800
2026-03-16 11:15:42,638 [INFO] Effective batch size: 256 (256 x 1 GPUs)
2026-03-16 11:15:46,620 [INFO] OOD evaluation enabled: 4 datasets loaded (imagenet_c_gaussian_noise_s3, imagenet_c_defocus_blur_s3, imagenet_c_fog_s3, imagenet_c_contrast_s3)
2026-03-16 11:15:46,621 [INFO] Saving per-image predictions to logs/resnet50_groupnorm_imagenet_ecoset_ecovalid_seed42/predictions
2026-03-16 11:15:46,622 [INFO] Starting training for 25 epochs...
2026-03-16 11:20:27,041 [INFO] Running OOD evaluation (epoch 1)...
2026-03-16 11:21:12,405 [INFO] OOD accuracies: imagenet_c_contrast_s3: 1.1%, imagenet_c_defocus_blur_s3: 1.0%, imagenet_c_fog_s3: 0.7%, imagenet_c_gaussian_noise_s3: 0.9%
2026-03-16 11:21:15,001 [INFO] Epoch 1/25 | Train Loss: 4.9290, Train Acc: 0.85% | Val Loss: 4.9267, Val Acc: 0.93% | LR: 0.000996 | Time: 325.8s
2026-03-16 11:21:15,279 [INFO] New best accuracy: 0.93%
2026-03-16 11:25:53,022 [INFO] Running OOD evaluation (epoch 2)...
2026-03-16 11:26:38,337 [INFO] OOD accuracies: imagenet_c_contrast_s3: 3.2%, imagenet_c_defocus_blur_s3: 2.9%, imagenet_c_fog_s3: 3.2%, imagenet_c_gaussian_noise_s3: 2.3%
2026-03-16 11:26:38,352 [INFO] Epoch 2/25 | Train Loss: 4.7866, Train Acc: 2.04% | Val Loss: 4.6351, Val Acc: 3.60% | LR: 0.000984 | Time: 320.2s
2026-03-16 11:26:38,602 [INFO] New best accuracy: 3.60%
2026-03-16 11:31:14,861 [INFO] Running OOD evaluation (epoch 3)...
2026-03-16 11:32:00,621 [INFO] OOD accuracies: imagenet_c_contrast_s3: 6.1%, imagenet_c_defocus_blur_s3: 5.2%, imagenet_c_fog_s3: 4.9%, imagenet_c_gaussian_noise_s3: 5.3%
2026-03-16 11:32:00,699 [INFO] Epoch 3/25 | Train Loss: 4.5110, Train Acc: 5.06% | Val Loss: 4.3547, Val Acc: 6.99% | LR: 0.000965 | Time: 320.5s
2026-03-16 11:32:00,947 [INFO] New best accuracy: 6.99%
2026-03-16 11:36:37,106 [INFO] Running OOD evaluation (epoch 4)...
2026-03-16 11:37:22,386 [INFO] OOD accuracies: imagenet_c_contrast_s3: 9.5%, imagenet_c_defocus_blur_s3: 7.3%, imagenet_c_fog_s3: 7.3%, imagenet_c_gaussian_noise_s3: 6.9%
2026-03-16 11:37:22,400 [INFO] Epoch 4/25 | Train Loss: 4.2742, Train Acc: 9.12% | Val Loss: 4.1354, Val Acc: 11.34% | LR: 0.000939 | Time: 319.7s
2026-03-16 11:37:22,651 [INFO] New best accuracy: 11.34%
2026-03-16 11:41:59,098 [INFO] Running OOD evaluation (epoch 5)...
2026-03-16 11:42:44,384 [INFO] OOD accuracies: imagenet_c_contrast_s3: 13.6%, imagenet_c_defocus_blur_s3: 9.0%, imagenet_c_fog_s3: 8.9%, imagenet_c_gaussian_noise_s3: 8.6%
2026-03-16 11:42:44,514 [INFO] Epoch 5/25 | Train Loss: 4.0658, Train Acc: 13.29% | Val Loss: 3.8450, Val Acc: 17.28% | LR: 0.000905 | Time: 320.2s
2026-03-16 11:42:44,765 [INFO] New best accuracy: 17.28%
2026-03-16 11:47:21,529 [INFO] Running OOD evaluation (epoch 6)...
2026-03-16 11:48:06,752 [INFO] OOD accuracies: imagenet_c_contrast_s3: 15.6%, imagenet_c_defocus_blur_s3: 14.0%, imagenet_c_fog_s3: 12.4%, imagenet_c_gaussian_noise_s3: 7.1%
2026-03-16 11:48:06,768 [INFO] Epoch 6/25 | Train Loss: 3.9021, Train Acc: 16.80% | Val Loss: 3.6977, Val Acc: 20.49% | LR: 0.000866 | Time: 320.4s
2026-03-16 11:48:07,020 [INFO] New best accuracy: 20.49%
2026-03-16 11:52:43,632 [INFO] Running OOD evaluation (epoch 7)...
2026-03-16 11:53:30,567 [INFO] OOD accuracies: imagenet_c_contrast_s3: 19.2%, imagenet_c_defocus_blur_s3: 14.0%, imagenet_c_fog_s3: 13.2%, imagenet_c_gaussian_noise_s3: 8.6%
2026-03-16 11:53:30,584 [INFO] Epoch 7/25 | Train Loss: 3.7628, Train Acc: 19.85% | Val Loss: 3.5943, Val Acc: 23.56% | LR: 0.000821 | Time: 321.9s
2026-03-16 11:53:30,832 [INFO] New best accuracy: 23.56%
2026-03-16 11:58:07,376 [INFO] Running OOD evaluation (epoch 8)...
2026-03-16 11:58:53,226 [INFO] OOD accuracies: imagenet_c_contrast_s3: 22.7%, imagenet_c_defocus_blur_s3: 18.2%, imagenet_c_fog_s3: 16.7%, imagenet_c_gaussian_noise_s3: 12.2%
2026-03-16 11:58:53,244 [INFO] Epoch 8/25 | Train Loss: 3.6451, Train Acc: 22.59% | Val Loss: 3.4605, Val Acc: 26.12% | LR: 0.000770 | Time: 320.8s
2026-03-16 11:58:53,492 [INFO] New best accuracy: 26.12%
2026-03-16 12:03:30,132 [INFO] Running OOD evaluation (epoch 9)...
2026-03-16 12:04:15,365 [INFO] OOD accuracies: imagenet_c_contrast_s3: 24.9%, imagenet_c_defocus_blur_s3: 17.3%, imagenet_c_fog_s3: 18.8%, imagenet_c_gaussian_noise_s3: 11.4%
2026-03-16 12:04:15,382 [INFO] Epoch 9/25 | Train Loss: 3.5233, Train Acc: 25.40% | Val Loss: 3.2556, Val Acc: 31.34% | LR: 0.000716 | Time: 320.2s
2026-03-16 12:04:15,632 [INFO] New best accuracy: 31.34%
2026-03-16 12:08:51,886 [INFO] Running OOD evaluation (epoch 10)...
2026-03-16 12:09:37,352 [INFO] OOD accuracies: imagenet_c_contrast_s3: 26.9%, imagenet_c_defocus_blur_s3: 23.7%, imagenet_c_fog_s3: 19.5%, imagenet_c_gaussian_noise_s3: 11.9%
2026-03-16 12:09:37,368 [INFO] Epoch 10/25 | Train Loss: 3.4141, Train Acc: 28.12% | Val Loss: 3.2742, Val Acc: 31.88% | LR: 0.000658 | Time: 320.1s
2026-03-16 12:09:37,620 [INFO] New best accuracy: 31.88%
2026-03-16 12:14:25,593 [INFO] Epoch 11/25 | Train Loss: 3.3175, Train Acc: 30.62% | (validation skipped) | LR: 0.000598 | Time: 286.3s
2026-03-16 12:19:00,313 [INFO] Running OOD evaluation (epoch 12)...
2026-03-16 12:19:46,129 [INFO] OOD accuracies: imagenet_c_contrast_s3: 33.4%, imagenet_c_defocus_blur_s3: 26.7%, imagenet_c_fog_s3: 24.4%, imagenet_c_gaussian_noise_s3: 15.1%
2026-03-16 12:19:46,145 [INFO] Epoch 12/25 | Train Loss: 3.2163, Train Acc: 33.07% | Val Loss: 2.9386, Val Acc: 39.59% | LR: 0.000536 | Time: 320.6s
2026-03-16 12:19:46,394 [INFO] New best accuracy: 39.59%
2026-03-16 12:24:15,484 [INFO] Epoch 13/25 | Train Loss: 3.1242, Train Acc: 35.45% | (validation skipped) | LR: 0.000474 | Time: 267.5s
2026-03-16 12:28:49,732 [INFO] Running OOD evaluation (epoch 14)...
2026-03-16 12:29:35,428 [INFO] OOD accuracies: imagenet_c_contrast_s3: 37.1%, imagenet_c_defocus_blur_s3: 29.5%, imagenet_c_fog_s3: 28.5%, imagenet_c_gaussian_noise_s3: 16.1%
2026-03-16 12:29:35,444 [INFO] Epoch 14/25 | Train Loss: 3.0395, Train Acc: 37.67% | Val Loss: 2.8255, Val Acc: 42.85% | LR: 0.000412 | Time: 320.0s
2026-03-16 12:29:35,701 [INFO] New best accuracy: 42.85%
2026-03-16 12:34:05,248 [INFO] Epoch 15/25 | Train Loss: 2.9506, Train Acc: 40.09% | (validation skipped) | LR: 0.000352 | Time: 267.9s
2026-03-16 12:38:39,896 [INFO] Running OOD evaluation (epoch 16)...
2026-03-16 12:39:26,055 [INFO] OOD accuracies: imagenet_c_contrast_s3: 38.3%, imagenet_c_defocus_blur_s3: 31.9%, imagenet_c_fog_s3: 29.7%, imagenet_c_gaussian_noise_s3: 17.4%
2026-03-16 12:39:26,210 [INFO] Epoch 16/25 | Train Loss: 2.8803, Train Acc: 41.94% | Val Loss: 2.6534, Val Acc: 47.03% | LR: 0.000294 | Time: 321.0s
2026-03-16 12:39:26,457 [INFO] New best accuracy: 47.03%
2026-03-16 12:43:55,970 [INFO] Epoch 17/25 | Train Loss: 2.8162, Train Acc: 43.69% | (validation skipped) | LR: 0.000240 | Time: 267.9s
2026-03-16 12:48:31,137 [INFO] Running OOD evaluation (epoch 18)...
2026-03-16 12:49:16,592 [INFO] OOD accuracies: imagenet_c_contrast_s3: 44.2%, imagenet_c_defocus_blur_s3: 31.9%, imagenet_c_fog_s3: 31.9%, imagenet_c_gaussian_noise_s3: 18.8%
2026-03-16 12:49:17,481 [INFO] Epoch 18/25 | Train Loss: 2.7563, Train Acc: 45.40% | Val Loss: 2.5155, Val Acc: 51.57% | LR: 0.000189 | Time: 321.0s
2026-03-16 12:49:17,770 [INFO] New best accuracy: 51.57%
Traceback (most recent call last):
  File "/gpfs/home1/mbolding/visionCNN/scripts/train.py", line 836, in <module>
    main(args)
  File "/gpfs/home1/mbolding/visionCNN/scripts/train.py", line 790, in main
    artifact.add_file(os.path.join(run_dir, "best.pt"))
  File "/gpfs/home1/mbolding/.local/share/mamba/envs/visioncnn/lib/python3.11/site-packages/wandb/sdk/artifacts/_validators.py", line 272, in wrapper
    return method(self, *args, **kwargs)
           ^^^^^^^^^^^^^^^^^^^^^^^^^^^^^
  File "/gpfs/home1/mbolding/.local/share/mamba/envs/visioncnn/lib/python3.11/site-packages/wandb/sdk/artifacts/artifact.py", line 1488, in add_file
    return self._add_local_file(
           ^^^^^^^^^^^^^^^^^^^^^
  File "/gpfs/home1/mbolding/.local/share/mamba/envs/visioncnn/lib/python3.11/site-packages/wandb/sdk/artifacts/artifact.py", line 1769, in _add_local_file
    shutil.copyfile(path, staging_path)
  File "/gpfs/home1/mbolding/.local/share/mamba/envs/visioncnn/lib/python3.11/shutil.py", line 269, in copyfile
    _fastcopy_sendfile(fsrc, fdst)
  File "/gpfs/home1/mbolding/.local/share/mamba/envs/visioncnn/lib/python3.11/shutil.py", line 164, in _fastcopy_sendfile
    raise err
  File "/gpfs/home1/mbolding/.local/share/mamba/envs/visioncnn/lib/python3.11/shutil.py", line 144, in _fastcopy_sendfile
    sent = os.sendfile(outfd, infd, offset, blocksize)
           ^^^^^^^^^^^^^^^^^^^^^^^^^^^^^^^^^^^^^^^^^^^
OSError: [Errno 122] Disk quota exceeded: 'logs/resnet50_groupnorm_imagenet_ecoset_ecovalid_seed42/best.pt' -> '/home/mbolding/.local/share/wandb/artifacts/staging/tmpgo7_au09'
[rank0]: Traceback (most recent call last):
[rank0]:   File "/gpfs/home1/mbolding/visionCNN/scripts/train.py", line 836, in <module>
[rank0]:     main(args)
[rank0]:   File "/gpfs/home1/mbolding/visionCNN/scripts/train.py", line 790, in main
[rank0]:     artifact.add_file(os.path.join(run_dir, "best.pt"))
[rank0]:   File "/gpfs/home1/mbolding/.local/share/mamba/envs/visioncnn/lib/python3.11/site-packages/wandb/sdk/artifacts/_validators.py", line 272, in wrapper
[rank0]:     return method(self, *args, **kwargs)
[rank0]:            ^^^^^^^^^^^^^^^^^^^^^^^^^^^^^
[rank0]:   File "/gpfs/home1/mbolding/.local/share/mamba/envs/visioncnn/lib/python3.11/site-packages/wandb/sdk/artifacts/artifact.py", line 1488, in add_file
[rank0]:     return self._add_local_file(
[rank0]:            ^^^^^^^^^^^^^^^^^^^^^
[rank0]:   File "/gpfs/home1/mbolding/.local/share/mamba/envs/visioncnn/lib/python3.11/site-packages/wandb/sdk/artifacts/artifact.py", line 1769, in _add_local_file
[rank0]:     shutil.copyfile(path, staging_path)
[rank0]:   File "/gpfs/home1/mbolding/.local/share/mamba/envs/visioncnn/lib/python3.11/shutil.py", line 269, in copyfile
[rank0]:     _fastcopy_sendfile(fsrc, fdst)
[rank0]:   File "/gpfs/home1/mbolding/.local/share/mamba/envs/visioncnn/lib/python3.11/shutil.py", line 164, in _fastcopy_sendfile
[rank0]:     raise err
[rank0]:   File "/gpfs/home1/mbolding/.local/share/mamba/envs/visioncnn/lib/python3.11/shutil.py", line 144, in _fastcopy_sendfile
[rank0]:     sent = os.sendfile(outfd, infd, offset, blocksize)
[rank0]:            ^^^^^^^^^^^^^^^^^^^^^^^^^^^^^^^^^^^^^^^^^^^
[rank0]: OSError: [Errno 122] Disk quota exceeded: 'logs/resnet50_groupnorm_imagenet_ecoset_ecovalid_seed42/best.pt' -> '/home/mbolding/.local/share/wandb/artifacts/staging/tmpgo7_au09'
E0316 12:52:02.951000 4107141 site-packages/torch/distributed/elastic/multiprocessing/api.py:869] failed (exitcode: 1) local_rank: 0 (pid: 4107157) of binary: /gpfs/home1/mbolding/.local/share/mamba/envs/visioncnn/bin/python
Traceback (most recent call last):
  File "/gpfs/home1/mbolding/.local/share/mamba/envs/visioncnn/bin/torchrun", line 33, in <module>
    sys.exit(load_entry_point('torch==2.5.1', 'console_scripts', 'torchrun')())
             ^^^^^^^^^^^^^^^^^^^^^^^^^^^^^^^^^^^^^^^^^^^^^^^^^^^^^^^^^^^^^^^^^
  File "/gpfs/home1/mbolding/.local/share/mamba/envs/visioncnn/lib/python3.11/site-packages/torch/distributed/elastic/multiprocessing/errors/__init__.py", line 355, in wrapper
    return f(*args, **kwargs)
           ^^^^^^^^^^^^^^^^^^
  File "/gpfs/home1/mbolding/.local/share/mamba/envs/visioncnn/lib/python3.11/site-packages/torch/distributed/run.py", line 919, in main
    run(args)
  File "/gpfs/home1/mbolding/.local/share/mamba/envs/visioncnn/lib/python3.11/site-packages/torch/distributed/run.py", line 910, in run
    elastic_launch(
  File "/gpfs/home1/mbolding/.local/share/mamba/envs/visioncnn/lib/python3.11/site-packages/torch/distributed/launcher/api.py", line 138, in __call__
    return launch_agent(self._config, self._entrypoint, list(args))
           ^^^^^^^^^^^^^^^^^^^^^^^^^^^^^^^^^^^^^^^^^^^^^^^^^^^^^^^^
  File "/gpfs/home1/mbolding/.local/share/mamba/envs/visioncnn/lib/python3.11/site-packages/torch/distributed/launcher/api.py", line 269, in launch_agent
    raise ChildFailedError(
torch.distributed.elastic.multiprocessing.errors.ChildFailedError: 
============================================================
scripts/train.py FAILED
------------------------------------------------------------
Failures:
  <NO_OTHER_FAILURES>
------------------------------------------------------------
Root Cause (first observed failure):
[0]:
  time      : 2026-03-16_12:52:02
  host      : gcn56.local.snellius.surf.nl
  rank      : 0 (local_rank: 0)
  exitcode  : 1 (pid: 4107157)
  error_file: <N/A>
  traceback : To enable traceback see: https://pytorch.org/docs/stable/elastic/errors.html
============================================================
srun: error: gcn56: task 0: Exited with exit code 1
srun: Terminating StepId=20761164.0
