[rank0]:[W316 14:11:40.066571198 ProcessGroupNCCL.cpp:4115] [PG ID 0 PG GUID 0 Rank 0]  using GPU 0 to perform barrier as devices used by this process are currently unknown. This can potentially cause a hang if this rank to GPU mapping is incorrect.Specify device_ids in barrier() to force use of a particular device,or call init_process_group() with a device_id.
2026-03-16 14:11:41,128 [INFO] Distributed: DistributedManager(rank=0, local_rank=0, world_size=1, device=cuda:0, is_distributed=True)
2026-03-16 14:11:41,129 [INFO] Config: {'experiment_name': 'resnet50_layernorm_imagenet_ecoset_ecovalid_seed42', 'model': {'name': 'resnet50_custom', 'num_classes': 136, 'norm_layer': 'layernorm'}, 'data': {'dataset': 'imagenet_ecoset136', 'root': '/scratch-nvme/ml-datasets/imagenet/torchvision_ImageFolder', 'img_size': 224, 'backend': 'pytorch', 'num_workers': 16, 'pin_memory': True, 'persistent_workers': True, 'prefetch_factor': 2, 'gpu_transforms': True, 'random_rotation': True, 'random_rotation_degrees': 15, 'color_jitter': True, 'color_jitter_brightness': 0.2, 'color_jitter_contrast': 0.2, 'color_jitter_saturation': 0.2, 'color_jitter_hue': 0.05, 'gaussian_blur': True, 'random_grayscale': True, 'random_grayscale_p': 0.1}, 'training': {'epochs': 25, 'batch_size': 256, 'lr': 0.001, 'min_lr': 1e-05, 'weight_decay': 0.05, 'optimizer': 'adamw', 'scheduler': 'cosine', 'label_smoothing': 0.1, 'use_amp': True, 'channels_last': True, 'seed': 42, 'checkpoint_schedule': [[10, 1], [20, 2], [25, 3]], 'disable_progress_bar': True}, 'logging': {'log_dir': 'logs'}, 'ood_eval': {'enabled': True, 'source_dataset': 'imagenet_ecoset136', 'datasets_root': '/scratch-nvme/ml-datasets', 'imagenet_c': {'during_training': True, 'corruptions_during_training': ['gaussian_noise', 'defocus_blur', 'fog', 'contrast'], 'severity_during_training': 3}, 'save_predictions': True}, 'wandb': {'enabled': True, 'project': 'norm-comparison', 'group': 'resnet50-imagenet-ecoset-ecovalid-norm-experiment', 'tags': ['layernorm', 'resnet50', 'norm-experiment', 'snellius', 'imagenet_ecoset136', 'a100', 'ecovalid-aug']}, '_machine': {'log_dir': '/projects/prjs0771/melle/projects/visionCNN/logs'}}
2026-03-16 14:11:41,129 [INFO] Run directory: logs/resnet50_layernorm_imagenet_ecoset_ecovalid_seed42
wandb: [wandb.login()] Loaded credentials for https://api.wandb.ai from /home/mbolding/.netrc.
wandb: Currently logged in as: mellebolding (mellebolding-university-of-amsterdam) to https://api.wandb.ai. Use `wandb login --relogin` to force relogin
wandb: setting up run b21xhcvw
wandb: Tracking run with wandb version 0.25.0
wandb: Run data is saved locally in logs/resnet50_layernorm_imagenet_ecoset_ecovalid_seed42/wandb/run-20260316_141141-b21xhcvw
wandb: Run `wandb offline` to turn off syncing.
wandb: Syncing run resnet50_layernorm_imagenet_ecoset_ecovalid_seed42
wandb: ⭐️ View project at https://wandb.ai/mellebolding-university-of-amsterdam/norm-comparison
wandb: 🚀 View run at https://wandb.ai/mellebolding-university-of-amsterdam/norm-comparison/runs/b21xhcvw
2026-03-16 14:11:43,083 [INFO] Weights & Biases logging enabled
2026-03-16 14:11:43,087 [INFO] Set random seed: 42 (rank offset applied)
2026-03-16 14:11:43,087 [INFO] Using device: cuda:0
2026-03-16 14:11:43,088 [INFO] World size: 1
2026-03-16 14:11:43,429 [INFO] Model: resnet50_custom, Parameters: 23,786,696
2026-03-16 14:11:43,460 [INFO] Using channels-last (NHWC) memory format
2026-03-16 14:11:43,495 [INFO] Mixed precision training: True
2026-03-16 14:12:06,375 [INFO] Using GPU-accelerated transforms to reduce CPU bottleneck
2026-03-16 14:12:06,376 [INFO] Train samples: 176411, Val samples: 6800
2026-03-16 14:12:06,376 [INFO] Effective batch size: 256 (256 x 1 GPUs)
2026-03-16 14:12:09,595 [INFO] OOD evaluation enabled: 4 datasets loaded (imagenet_c_gaussian_noise_s3, imagenet_c_defocus_blur_s3, imagenet_c_fog_s3, imagenet_c_contrast_s3)
2026-03-16 14:12:09,595 [INFO] Saving per-image predictions to logs/resnet50_layernorm_imagenet_ecoset_ecovalid_seed42/predictions
2026-03-16 14:12:09,595 [INFO] Starting training for 25 epochs...
2026-03-16 14:16:50,870 [INFO] Running OOD evaluation (epoch 1)...
2026-03-16 14:17:38,216 [INFO] OOD accuracies: imagenet_c_contrast_s3: 1.2%, imagenet_c_defocus_blur_s3: 1.6%, imagenet_c_fog_s3: 0.8%, imagenet_c_gaussian_noise_s3: 1.7%
2026-03-16 14:17:38,234 [INFO] Epoch 1/25 | Train Loss: 4.9281, Train Acc: 0.93% | Val Loss: 4.8812, Val Acc: 1.60% | LR: 0.000996 | Time: 328.6s
2026-03-16 14:17:38,505 [INFO] New best accuracy: 1.60%
2026-03-16 14:22:18,138 [INFO] Running OOD evaluation (epoch 2)...
2026-03-16 14:23:05,149 [INFO] OOD accuracies: imagenet_c_contrast_s3: 3.2%, imagenet_c_defocus_blur_s3: 4.8%, imagenet_c_fog_s3: 2.7%, imagenet_c_gaussian_noise_s3: 4.8%
2026-03-16 14:23:05,166 [INFO] Epoch 2/25 | Train Loss: 4.7478, Train Acc: 2.73% | Val Loss: 4.5326, Val Acc: 5.60% | LR: 0.000984 | Time: 323.7s
2026-03-16 14:23:05,434 [INFO] New best accuracy: 5.60%
2026-03-16 14:27:43,505 [INFO] Running OOD evaluation (epoch 3)...
2026-03-16 14:28:30,843 [INFO] OOD accuracies: imagenet_c_contrast_s3: 6.9%, imagenet_c_defocus_blur_s3: 9.8%, imagenet_c_fog_s3: 4.6%, imagenet_c_gaussian_noise_s3: 7.0%
2026-03-16 14:28:30,862 [INFO] Epoch 3/25 | Train Loss: 4.4711, Train Acc: 6.68% | Val Loss: 4.1611, Val Acc: 12.10% | LR: 0.000965 | Time: 323.7s
2026-03-16 14:28:31,138 [INFO] New best accuracy: 12.10%
2026-03-16 14:33:08,813 [INFO] Running OOD evaluation (epoch 4)...
2026-03-16 14:33:55,705 [INFO] OOD accuracies: imagenet_c_contrast_s3: 9.6%, imagenet_c_defocus_blur_s3: 13.3%, imagenet_c_fog_s3: 7.1%, imagenet_c_gaussian_noise_s3: 11.2%
2026-03-16 14:33:55,724 [INFO] Epoch 4/25 | Train Loss: 4.1567, Train Acc: 12.48% | Val Loss: 3.9009, Val Acc: 17.43% | LR: 0.000939 | Time: 322.9s
2026-03-16 14:33:55,981 [INFO] New best accuracy: 17.43%
2026-03-16 14:38:34,031 [INFO] Running OOD evaluation (epoch 5)...
2026-03-16 14:39:20,855 [INFO] OOD accuracies: imagenet_c_contrast_s3: 14.9%, imagenet_c_defocus_blur_s3: 16.0%, imagenet_c_fog_s3: 10.2%, imagenet_c_gaussian_noise_s3: 13.5%
2026-03-16 14:39:20,874 [INFO] Epoch 5/25 | Train Loss: 3.9120, Train Acc: 17.58% | Val Loss: 3.6004, Val Acc: 25.00% | LR: 0.000905 | Time: 323.1s
2026-03-16 14:39:21,124 [INFO] New best accuracy: 25.00%
2026-03-16 14:43:59,376 [INFO] Running OOD evaluation (epoch 6)...
2026-03-16 14:44:46,421 [INFO] OOD accuracies: imagenet_c_contrast_s3: 17.3%, imagenet_c_defocus_blur_s3: 18.9%, imagenet_c_fog_s3: 11.4%, imagenet_c_gaussian_noise_s3: 11.8%
2026-03-16 14:44:46,440 [INFO] Epoch 6/25 | Train Loss: 3.7285, Train Acc: 21.59% | Val Loss: 3.4453, Val Acc: 27.18% | LR: 0.000866 | Time: 323.6s
2026-03-16 14:44:46,697 [INFO] New best accuracy: 27.18%
2026-03-16 14:49:25,067 [INFO] Running OOD evaluation (epoch 7)...
2026-03-16 14:50:12,252 [INFO] OOD accuracies: imagenet_c_contrast_s3: 18.2%, imagenet_c_defocus_blur_s3: 20.0%, imagenet_c_fog_s3: 13.2%, imagenet_c_gaussian_noise_s3: 11.6%
2026-03-16 14:50:12,270 [INFO] Epoch 7/25 | Train Loss: 3.5806, Train Acc: 25.12% | Val Loss: 3.2984, Val Acc: 31.18% | LR: 0.000821 | Time: 323.9s
2026-03-16 14:50:12,520 [INFO] New best accuracy: 31.18%
2026-03-16 14:54:51,061 [INFO] Running OOD evaluation (epoch 8)...
2026-03-16 14:55:38,014 [INFO] OOD accuracies: imagenet_c_contrast_s3: 22.6%, imagenet_c_defocus_blur_s3: 23.5%, imagenet_c_fog_s3: 16.2%, imagenet_c_gaussian_noise_s3: 15.4%
2026-03-16 14:55:38,031 [INFO] Epoch 8/25 | Train Loss: 3.4571, Train Acc: 28.01% | Val Loss: 3.1259, Val Acc: 35.62% | LR: 0.000770 | Time: 323.9s
2026-03-16 14:55:38,289 [INFO] New best accuracy: 35.62%
2026-03-16 15:00:16,513 [INFO] Running OOD evaluation (epoch 9)...
2026-03-16 15:01:03,917 [INFO] OOD accuracies: imagenet_c_contrast_s3: 24.9%, imagenet_c_defocus_blur_s3: 21.0%, imagenet_c_fog_s3: 14.6%, imagenet_c_gaussian_noise_s3: 15.0%
2026-03-16 15:01:04,035 [INFO] Epoch 9/25 | Train Loss: 3.3319, Train Acc: 30.98% | Val Loss: 3.0337, Val Acc: 37.66% | LR: 0.000716 | Time: 324.1s
2026-03-16 15:01:04,287 [INFO] New best accuracy: 37.66%
2026-03-16 15:05:42,536 [INFO] Running OOD evaluation (epoch 10)...
2026-03-16 15:06:29,493 [INFO] OOD accuracies: imagenet_c_contrast_s3: 27.0%, imagenet_c_defocus_blur_s3: 25.0%, imagenet_c_fog_s3: 18.9%, imagenet_c_gaussian_noise_s3: 15.2%
2026-03-16 15:06:29,511 [INFO] Epoch 10/25 | Train Loss: 3.2299, Train Acc: 33.65% | Val Loss: 2.9833, Val Acc: 39.44% | LR: 0.000658 | Time: 323.2s
2026-03-16 15:06:29,767 [INFO] New best accuracy: 39.44%
2026-03-16 15:11:00,902 [INFO] Epoch 11/25 | Train Loss: 3.1347, Train Acc: 35.96% | (validation skipped) | LR: 0.000598 | Time: 269.3s
2026-03-16 15:15:37,103 [INFO] Running OOD evaluation (epoch 12)...
2026-03-16 15:16:24,125 [INFO] OOD accuracies: imagenet_c_contrast_s3: 29.2%, imagenet_c_defocus_blur_s3: 25.8%, imagenet_c_fog_s3: 22.2%, imagenet_c_gaussian_noise_s3: 14.5%
2026-03-16 15:16:24,143 [INFO] Epoch 12/25 | Train Loss: 3.0460, Train Acc: 38.30% | Val Loss: 2.7765, Val Acc: 44.99% | LR: 0.000536 | Time: 323.2s
2026-03-16 15:16:24,403 [INFO] New best accuracy: 44.99%
2026-03-16 15:20:55,151 [INFO] Epoch 13/25 | Train Loss: 2.9685, Train Acc: 40.26% | (validation skipped) | LR: 0.000474 | Time: 269.0s
2026-03-16 15:25:30,795 [INFO] Running OOD evaluation (epoch 14)...
2026-03-16 15:26:18,216 [INFO] OOD accuracies: imagenet_c_contrast_s3: 34.0%, imagenet_c_defocus_blur_s3: 30.3%, imagenet_c_fog_s3: 24.5%, imagenet_c_gaussian_noise_s3: 17.6%
2026-03-16 15:26:18,234 [INFO] Epoch 14/25 | Train Loss: 2.8932, Train Acc: 42.31% | Val Loss: 2.6544, Val Acc: 48.47% | LR: 0.000412 | Time: 323.1s
2026-03-16 15:26:18,504 [INFO] New best accuracy: 48.47%
2026-03-16 15:30:49,632 [INFO] Epoch 15/25 | Train Loss: 2.8177, Train Acc: 44.29% | (validation skipped) | LR: 0.000352 | Time: 269.4s
2026-03-16 15:35:25,772 [INFO] Running OOD evaluation (epoch 16)...
2026-03-16 15:36:13,625 [INFO] OOD accuracies: imagenet_c_contrast_s3: 35.0%, imagenet_c_defocus_blur_s3: 34.0%, imagenet_c_fog_s3: 26.1%, imagenet_c_gaussian_noise_s3: 16.3%
2026-03-16 15:36:13,643 [INFO] Epoch 16/25 | Train Loss: 2.7593, Train Acc: 45.77% | Val Loss: 2.5654, Val Acc: 50.76% | LR: 0.000294 | Time: 324.0s
2026-03-16 15:36:13,907 [INFO] New best accuracy: 50.76%
2026-03-16 15:40:44,941 [INFO] Epoch 17/25 | Train Loss: 2.7041, Train Acc: 47.29% | (validation skipped) | LR: 0.000240 | Time: 269.2s
2026-03-16 15:45:21,313 [INFO] Running OOD evaluation (epoch 18)...
2026-03-16 15:46:08,453 [INFO] OOD accuracies: imagenet_c_contrast_s3: 38.3%, imagenet_c_defocus_blur_s3: 30.8%, imagenet_c_fog_s3: 25.0%, imagenet_c_gaussian_noise_s3: 18.5%
2026-03-16 15:46:08,472 [INFO] Epoch 18/25 | Train Loss: 2.6526, Train Acc: 48.65% | Val Loss: 2.4311, Val Acc: 54.69% | LR: 0.000189 | Time: 323.5s
2026-03-16 15:46:08,730 [INFO] New best accuracy: 54.69%
2026-03-16 15:50:39,549 [INFO] Epoch 19/25 | Train Loss: 2.6034, Train Acc: 50.03% | (validation skipped) | LR: 0.000144 | Time: 269.1s
2026-03-16 15:55:15,302 [INFO] Running OOD evaluation (epoch 20)...
2026-03-16 15:56:02,590 [INFO] OOD accuracies: imagenet_c_contrast_s3: 42.7%, imagenet_c_defocus_blur_s3: 32.0%, imagenet_c_fog_s3: 26.7%, imagenet_c_gaussian_noise_s3: 18.9%
2026-03-16 15:56:02,608 [INFO] Epoch 20/25 | Train Loss: 2.5587, Train Acc: 51.30% | Val Loss: 2.3664, Val Acc: 56.78% | LR: 0.000105 | Time: 323.1s
2026-03-16 15:56:02,880 [INFO] New best accuracy: 56.78%
Traceback (most recent call last):
  File "/gpfs/home1/mbolding/.local/share/mamba/envs/visioncnn/lib/python3.11/site-packages/torch/serialization.py", line 850, in save
    _save(
  File "/gpfs/home1/mbolding/.local/share/mamba/envs/visioncnn/lib/python3.11/site-packages/torch/serialization.py", line 1114, in _save
    zip_file.write_record(name, storage, num_bytes)
RuntimeError: [enforce fail at inline_container.cc:778] . PytorchStreamWriter failed writing file data/126: file write failed

During handling of the above exception, another exception occurred:

Traceback (most recent call last):
  File "/gpfs/home1/mbolding/visionCNN/scripts/train.py", line 836, in <module>
    main(args)
  File "/gpfs/home1/mbolding/visionCNN/scripts/train.py", line 803, in main
    save_checkpoint(
  File "/gpfs/home1/mbolding/visionCNN/scripts/train.py", line 368, in save_checkpoint
    torch.save(checkpoint, filepath)
  File "/gpfs/home1/mbolding/.local/share/mamba/envs/visioncnn/lib/python3.11/site-packages/torch/serialization.py", line 849, in save
    with _open_zipfile_writer(f) as opened_zipfile:
  File "/gpfs/home1/mbolding/.local/share/mamba/envs/visioncnn/lib/python3.11/site-packages/torch/serialization.py", line 690, in __exit__
    self.file_like.write_end_of_file()
RuntimeError: [enforce fail at inline_container.cc:603] . unexpected pos 12540352 vs 12540240
[rank0]: Traceback (most recent call last):
[rank0]:   File "/gpfs/home1/mbolding/.local/share/mamba/envs/visioncnn/lib/python3.11/site-packages/torch/serialization.py", line 850, in save
[rank0]:     _save(
[rank0]:   File "/gpfs/home1/mbolding/.local/share/mamba/envs/visioncnn/lib/python3.11/site-packages/torch/serialization.py", line 1114, in _save
[rank0]:     zip_file.write_record(name, storage, num_bytes)
[rank0]: RuntimeError: [enforce fail at inline_container.cc:778] . PytorchStreamWriter failed writing file data/126: file write failed

[rank0]: During handling of the above exception, another exception occurred:

[rank0]: Traceback (most recent call last):
[rank0]:   File "/gpfs/home1/mbolding/visionCNN/scripts/train.py", line 836, in <module>
[rank0]:     main(args)
[rank0]:   File "/gpfs/home1/mbolding/visionCNN/scripts/train.py", line 803, in main
[rank0]:     save_checkpoint(
[rank0]:   File "/gpfs/home1/mbolding/visionCNN/scripts/train.py", line 368, in save_checkpoint
[rank0]:     torch.save(checkpoint, filepath)
[rank0]:   File "/gpfs/home1/mbolding/.local/share/mamba/envs/visioncnn/lib/python3.11/site-packages/torch/serialization.py", line 849, in save
[rank0]:     with _open_zipfile_writer(f) as opened_zipfile:
[rank0]:   File "/gpfs/home1/mbolding/.local/share/mamba/envs/visioncnn/lib/python3.11/site-packages/torch/serialization.py", line 690, in __exit__
[rank0]:     self.file_like.write_end_of_file()
[rank0]: RuntimeError: [enforce fail at inline_container.cc:603] . unexpected pos 12540352 vs 12540240
E0316 15:58:50.517000 2905919 site-packages/torch/distributed/elastic/multiprocessing/api.py:869] failed (exitcode: 1) local_rank: 0 (pid: 2905927) of binary: /gpfs/home1/mbolding/.local/share/mamba/envs/visioncnn/bin/python
Traceback (most recent call last):
  File "/gpfs/home1/mbolding/.local/share/mamba/envs/visioncnn/bin/torchrun", line 33, in <module>
    sys.exit(load_entry_point('torch==2.5.1', 'console_scripts', 'torchrun')())
             ^^^^^^^^^^^^^^^^^^^^^^^^^^^^^^^^^^^^^^^^^^^^^^^^^^^^^^^^^^^^^^^^^
  File "/gpfs/home1/mbolding/.local/share/mamba/envs/visioncnn/lib/python3.11/site-packages/torch/distributed/elastic/multiprocessing/errors/__init__.py", line 355, in wrapper
    return f(*args, **kwargs)
           ^^^^^^^^^^^^^^^^^^
  File "/gpfs/home1/mbolding/.local/share/mamba/envs/visioncnn/lib/python3.11/site-packages/torch/distributed/run.py", line 919, in main
    run(args)
  File "/gpfs/home1/mbolding/.local/share/mamba/envs/visioncnn/lib/python3.11/site-packages/torch/distributed/run.py", line 910, in run
    elastic_launch(
  File "/gpfs/home1/mbolding/.local/share/mamba/envs/visioncnn/lib/python3.11/site-packages/torch/distributed/launcher/api.py", line 138, in __call__
    return launch_agent(self._config, self._entrypoint, list(args))
           ^^^^^^^^^^^^^^^^^^^^^^^^^^^^^^^^^^^^^^^^^^^^^^^^^^^^^^^^
  File "/gpfs/home1/mbolding/.local/share/mamba/envs/visioncnn/lib/python3.11/site-packages/torch/distributed/launcher/api.py", line 269, in launch_agent
    raise ChildFailedError(
torch.distributed.elastic.multiprocessing.errors.ChildFailedError: 
============================================================
scripts/train.py FAILED
------------------------------------------------------------
Failures:
  <NO_OTHER_FAILURES>
------------------------------------------------------------
Root Cause (first observed failure):
[0]:
  time      : 2026-03-16_15:58:50
  host      : gcn51.local.snellius.surf.nl
  rank      : 0 (local_rank: 0)
  exitcode  : 1 (pid: 2905927)
  error_file: <N/A>
  traceback : To enable traceback see: https://pytorch.org/docs/stable/elastic/errors.html
============================================================
srun: error: gcn51: task 0: Exited with exit code 1
srun: Terminating StepId=20769793.0
