[rank0]:[W316 11:16:06.717741441 ProcessGroupNCCL.cpp:4115] [PG ID 0 PG GUID 0 Rank 0]  using GPU 0 to perform barrier as devices used by this process are currently unknown. This can potentially cause a hang if this rank to GPU mapping is incorrect.Specify device_ids in barrier() to force use of a particular device,or call init_process_group() with a device_id.
2026-03-16 11:16:06,654 [INFO] Distributed: DistributedManager(rank=0, local_rank=0, world_size=1, device=cuda:0, is_distributed=True)
2026-03-16 11:16:06,655 [INFO] Config: {'experiment_name': 'resnet50_batchnorm_imagenet_ecoset_ecovalid_seed43', 'model': {'name': 'resnet50_custom', 'num_classes': 136, 'norm_layer': 'batchnorm'}, 'data': {'dataset': 'imagenet_ecoset136', 'root': '/scratch-nvme/ml-datasets/imagenet/torchvision_ImageFolder', 'img_size': 224, 'backend': 'pytorch', 'num_workers': 16, 'pin_memory': True, 'persistent_workers': True, 'prefetch_factor': 2, 'gpu_transforms': True, 'random_rotation': True, 'random_rotation_degrees': 15, 'color_jitter': True, 'color_jitter_brightness': 0.2, 'color_jitter_contrast': 0.2, 'color_jitter_saturation': 0.2, 'color_jitter_hue': 0.05, 'gaussian_blur': True, 'random_grayscale': True, 'random_grayscale_p': 0.1}, 'training': {'epochs': 25, 'batch_size': 256, 'val_batch_size': 512, 'lr': 0.001, 'min_lr': 1e-05, 'weight_decay': 0.05, 'optimizer': 'adamw', 'scheduler': 'cosine', 'label_smoothing': 0.1, 'use_amp': True, 'channels_last': True, 'seed': 43, 'checkpoint_schedule': [[10, 1], [20, 2], [25, 3]], 'disable_progress_bar': True}, 'logging': {'log_dir': 'logs'}, 'ood_eval': {'enabled': True, 'source_dataset': 'imagenet_ecoset136', 'datasets_root': '/scratch-nvme/ml-datasets', 'bn_adapt': True, 'imagenet_c': {'during_training': True, 'corruptions_during_training': ['gaussian_noise', 'defocus_blur', 'fog', 'contrast'], 'severity_during_training': 3}, 'save_predictions': True}, 'wandb': {'enabled': True, 'project': 'norm-comparison', 'group': 'resnet50-imagenet-ecoset-ecovalid-norm-experiment', 'tags': ['imagenet_ecoset136', 'a100', 'norm-experiment', 'resnet50', 'batchnorm', 'snellius', 'ecovalid-aug']}, '_machine': {'log_dir': '/projects/prjs0771/melle/projects/visionCNN/logs'}}
2026-03-16 11:16:06,655 [INFO] Run directory: logs/resnet50_batchnorm_imagenet_ecoset_ecovalid_seed43
wandb: [wandb.login()] Loaded credentials for https://api.wandb.ai from /home/mbolding/.netrc.
wandb: Currently logged in as: mellebolding (mellebolding-university-of-amsterdam) to https://api.wandb.ai. Use `wandb login --relogin` to force relogin
wandb: setting up run 5v1nx3tu
wandb: Tracking run with wandb version 0.25.0
wandb: Run data is saved locally in logs/resnet50_batchnorm_imagenet_ecoset_ecovalid_seed43/wandb/run-20260316_111607-5v1nx3tu
wandb: Run `wandb offline` to turn off syncing.
wandb: Syncing run resnet50_batchnorm_imagenet_ecoset_ecovalid_seed43
wandb: ⭐️ View project at https://wandb.ai/mellebolding-university-of-amsterdam/norm-comparison
wandb: 🚀 View run at https://wandb.ai/mellebolding-university-of-amsterdam/norm-comparison/runs/5v1nx3tu
2026-03-16 11:16:08,085 [INFO] Weights & Biases logging enabled
2026-03-16 11:16:08,088 [INFO] Set random seed: 43 (rank offset applied)
2026-03-16 11:16:08,089 [INFO] Using device: cuda:0
2026-03-16 11:16:08,089 [INFO] World size: 1
2026-03-16 11:16:08,429 [INFO] Model: resnet50_custom, Parameters: 23,786,696
2026-03-16 11:16:08,459 [INFO] Using channels-last (NHWC) memory format
2026-03-16 11:16:08,505 [INFO] Mixed precision training: True
2026-03-16 11:16:24,677 [INFO] Using GPU-accelerated transforms to reduce CPU bottleneck
2026-03-16 11:16:24,678 [INFO] Train samples: 176411, Val samples: 6800
2026-03-16 11:16:24,679 [INFO] Effective batch size: 256 (256 x 1 GPUs)
2026-03-16 11:16:28,470 [INFO] OOD evaluation enabled: 4 datasets loaded (imagenet_c_gaussian_noise_s3, imagenet_c_defocus_blur_s3, imagenet_c_fog_s3, imagenet_c_contrast_s3)
2026-03-16 11:16:28,471 [INFO] Saving per-image predictions to logs/resnet50_batchnorm_imagenet_ecoset_ecovalid_seed43/predictions
2026-03-16 11:16:28,471 [INFO] Starting training for 25 epochs...
2026-03-16 11:19:38,281 [INFO] Running OOD evaluation (epoch 1)...
2026-03-16 11:20:24,445 [INFO] OOD accuracies: imagenet_c_contrast_s3: 5.5%, imagenet_c_defocus_blur_s3: 6.4%, imagenet_c_fog_s3: 6.0%, imagenet_c_gaussian_noise_s3: 7.2%
2026-03-16 11:20:24,465 [INFO] Epoch 1/25 | Train Loss: 4.4943, Train Acc: 6.91% | Val Loss: nan, Val Acc: 14.07% | LR: 0.000996 | Time: 236.0s
2026-03-16 11:20:24,758 [INFO] New best accuracy: 14.07%
2026-03-16 11:23:31,955 [INFO] Running OOD evaluation (epoch 2)...
2026-03-16 11:24:17,919 [INFO] OOD accuracies: imagenet_c_contrast_s3: 10.4%, imagenet_c_defocus_blur_s3: 10.5%, imagenet_c_fog_s3: 10.2%, imagenet_c_gaussian_noise_s3: 11.4%
2026-03-16 11:24:18,592 [INFO] Epoch 2/25 | Train Loss: 3.9523, Train Acc: 16.37% | Val Loss: 3.6879, Val Acc: 21.03% | LR: 0.000984 | Time: 230.9s
2026-03-16 11:24:18,849 [INFO] New best accuracy: 21.03%
2026-03-16 11:27:27,679 [INFO] Running OOD evaluation (epoch 3)...
2026-03-16 11:28:13,779 [INFO] OOD accuracies: imagenet_c_contrast_s3: 14.0%, imagenet_c_defocus_blur_s3: 13.8%, imagenet_c_fog_s3: 14.6%, imagenet_c_gaussian_noise_s3: 15.1%
2026-03-16 11:28:13,798 [INFO] Epoch 3/25 | Train Loss: 3.6348, Train Acc: 23.05% | Val Loss: 3.2967, Val Acc: 30.79% | LR: 0.000965 | Time: 230.4s
2026-03-16 11:28:14,057 [INFO] New best accuracy: 30.79%
2026-03-16 11:31:24,361 [INFO] Running OOD evaluation (epoch 4)...
2026-03-16 11:32:10,417 [INFO] OOD accuracies: imagenet_c_contrast_s3: 17.9%, imagenet_c_defocus_blur_s3: 16.4%, imagenet_c_fog_s3: 17.8%, imagenet_c_gaussian_noise_s3: 17.2%
2026-03-16 11:32:10,435 [INFO] Epoch 4/25 | Train Loss: 3.3973, Train Acc: 28.70% | Val Loss: 3.1264, Val Acc: 35.22% | LR: 0.000939 | Time: 231.7s
2026-03-16 11:32:10,692 [INFO] New best accuracy: 35.22%
2026-03-16 11:35:16,469 [INFO] Running OOD evaluation (epoch 5)...
2026-03-16 11:36:02,985 [INFO] OOD accuracies: imagenet_c_contrast_s3: 21.1%, imagenet_c_defocus_blur_s3: 18.8%, imagenet_c_fog_s3: 20.8%, imagenet_c_gaussian_noise_s3: 20.4%
2026-03-16 11:36:03,004 [INFO] Epoch 5/25 | Train Loss: 3.1905, Train Acc: 34.01% | Val Loss: 2.9278, Val Acc: 40.09% | LR: 0.000905 | Time: 230.5s
2026-03-16 11:36:03,262 [INFO] New best accuracy: 40.09%
2026-03-16 11:39:09,182 [INFO] Running OOD evaluation (epoch 6)...
2026-03-16 11:39:55,356 [INFO] OOD accuracies: imagenet_c_contrast_s3: 23.9%, imagenet_c_defocus_blur_s3: 20.8%, imagenet_c_fog_s3: 23.1%, imagenet_c_gaussian_noise_s3: 22.4%
2026-03-16 11:39:55,375 [INFO] Epoch 6/25 | Train Loss: 3.0097, Train Acc: 38.63% | Val Loss: 2.8124, Val Acc: 42.91% | LR: 0.000866 | Time: 230.3s
2026-03-16 11:39:55,633 [INFO] New best accuracy: 42.91%
2026-03-16 11:43:04,582 [INFO] Running OOD evaluation (epoch 7)...
2026-03-16 11:43:51,236 [INFO] OOD accuracies: imagenet_c_contrast_s3: 28.6%, imagenet_c_defocus_blur_s3: 23.3%, imagenet_c_fog_s3: 26.1%, imagenet_c_gaussian_noise_s3: 25.8%
2026-03-16 11:43:51,253 [INFO] Epoch 7/25 | Train Loss: 2.8588, Train Acc: 42.54% | Val Loss: 2.5706, Val Acc: 50.00% | LR: 0.000821 | Time: 234.0s
2026-03-16 11:43:51,510 [INFO] New best accuracy: 50.00%
2026-03-16 11:46:57,764 [INFO] Running OOD evaluation (epoch 8)...
2026-03-16 11:47:43,818 [INFO] OOD accuracies: imagenet_c_contrast_s3: 30.8%, imagenet_c_defocus_blur_s3: 25.6%, imagenet_c_fog_s3: 28.5%, imagenet_c_gaussian_noise_s3: 27.9%
2026-03-16 11:47:49,178 [INFO] Epoch 8/25 | Train Loss: 2.7224, Train Acc: 46.24% | Val Loss: 2.5489, Val Acc: 52.06% | LR: 0.000770 | Time: 235.6s
2026-03-16 11:47:49,434 [INFO] New best accuracy: 52.06%
2026-03-16 11:51:00,641 [INFO] Running OOD evaluation (epoch 9)...
2026-03-16 11:51:47,069 [INFO] OOD accuracies: imagenet_c_contrast_s3: 31.6%, imagenet_c_defocus_blur_s3: 26.0%, imagenet_c_fog_s3: 29.0%, imagenet_c_gaussian_noise_s3: 27.7%
2026-03-16 11:51:52,218 [INFO] Epoch 9/25 | Train Loss: 2.6286, Train Acc: 48.86% | Val Loss: 2.4344, Val Acc: 53.50% | LR: 0.000716 | Time: 235.9s
2026-03-16 11:51:52,477 [INFO] New best accuracy: 53.50%
2026-03-16 11:55:03,330 [INFO] Running OOD evaluation (epoch 10)...
2026-03-16 11:55:49,712 [INFO] OOD accuracies: imagenet_c_contrast_s3: 33.9%, imagenet_c_defocus_blur_s3: 26.2%, imagenet_c_fog_s3: 30.8%, imagenet_c_gaussian_noise_s3: 28.8%
2026-03-16 11:55:51,478 [INFO] Epoch 10/25 | Train Loss: 2.5426, Train Acc: 51.29% | Val Loss: 2.3260, Val Acc: 56.24% | LR: 0.000658 | Time: 232.8s
2026-03-16 11:55:51,740 [INFO] New best accuracy: 56.24%
2026-03-16 11:58:55,441 [INFO] Epoch 11/25 | Train Loss: 2.4429, Train Acc: 54.07% | (validation skipped) | LR: 0.000598 | Time: 182.1s
2026-03-16 12:02:04,329 [INFO] Running OOD evaluation (epoch 12)...
2026-03-16 12:02:51,083 [INFO] OOD accuracies: imagenet_c_contrast_s3: 38.2%, imagenet_c_defocus_blur_s3: 28.9%, imagenet_c_fog_s3: 34.0%, imagenet_c_gaussian_noise_s3: 32.0%
2026-03-16 12:02:51,101 [INFO] Epoch 12/25 | Train Loss: 2.3654, Train Acc: 56.23% | Val Loss: 2.1369, Val Acc: 62.38% | LR: 0.000536 | Time: 235.7s
2026-03-16 12:02:51,362 [INFO] New best accuracy: 62.38%
2026-03-16 12:05:53,486 [INFO] Epoch 13/25 | Train Loss: 2.2904, Train Acc: 58.34% | (validation skipped) | LR: 0.000474 | Time: 180.5s
2026-03-16 12:09:01,884 [INFO] Running OOD evaluation (epoch 14)...
2026-03-16 12:09:48,074 [INFO] OOD accuracies: imagenet_c_contrast_s3: 40.6%, imagenet_c_defocus_blur_s3: 31.0%, imagenet_c_fog_s3: 36.8%, imagenet_c_gaussian_noise_s3: 33.2%
2026-03-16 12:09:48,092 [INFO] Epoch 14/25 | Train Loss: 2.2312, Train Acc: 59.96% | Val Loss: 2.0680, Val Acc: 64.37% | LR: 0.000412 | Time: 234.6s
2026-03-16 12:09:48,350 [INFO] New best accuracy: 64.37%
2026-03-16 12:12:49,214 [INFO] Epoch 15/25 | Train Loss: 2.1753, Train Acc: 61.51% | (validation skipped) | LR: 0.000352 | Time: 179.3s
2026-03-16 12:15:54,469 [INFO] Running OOD evaluation (epoch 16)...
2026-03-16 12:16:41,174 [INFO] OOD accuracies: imagenet_c_contrast_s3: 41.7%, imagenet_c_defocus_blur_s3: 31.2%, imagenet_c_fog_s3: 38.2%, imagenet_c_gaussian_noise_s3: 34.8%
2026-03-16 12:16:41,193 [INFO] Epoch 16/25 | Train Loss: 2.1171, Train Acc: 63.15% | Val Loss: 1.9550, Val Acc: 67.56% | LR: 0.000294 | Time: 232.0s
2026-03-16 12:16:41,452 [INFO] New best accuracy: 67.56%
2026-03-16 12:19:47,690 [INFO] Epoch 17/25 | Train Loss: 2.0683, Train Acc: 64.53% | (validation skipped) | LR: 0.000240 | Time: 184.6s
2026-03-16 12:22:54,724 [INFO] Running OOD evaluation (epoch 18)...
2026-03-16 12:23:41,286 [INFO] OOD accuracies: imagenet_c_contrast_s3: 43.9%, imagenet_c_defocus_blur_s3: 31.8%, imagenet_c_fog_s3: 39.2%, imagenet_c_gaussian_noise_s3: 36.0%
2026-03-16 12:23:41,303 [INFO] Epoch 18/25 | Train Loss: 2.0216, Train Acc: 66.02% | Val Loss: 1.8767, Val Acc: 69.72% | LR: 0.000189 | Time: 233.6s
2026-03-16 12:23:41,561 [INFO] New best accuracy: 69.72%
2026-03-16 12:26:43,879 [INFO] Epoch 19/25 | Train Loss: 1.9759, Train Acc: 67.43% | (validation skipped) | LR: 0.000144 | Time: 180.7s
2026-03-16 12:29:49,580 [INFO] Running OOD evaluation (epoch 20)...
2026-03-16 12:30:36,387 [INFO] OOD accuracies: imagenet_c_contrast_s3: 46.0%, imagenet_c_defocus_blur_s3: 34.5%, imagenet_c_fog_s3: 41.1%, imagenet_c_gaussian_noise_s3: 36.8%
2026-03-16 12:30:36,405 [INFO] Epoch 20/25 | Train Loss: 1.9433, Train Acc: 68.38% | Val Loss: 1.8152, Val Acc: 72.12% | LR: 0.000105 | Time: 232.5s
2026-03-16 12:30:36,681 [INFO] New best accuracy: 72.12%
2026-03-16 12:33:43,266 [INFO] Running OOD evaluation (epoch 21)...
2026-03-16 12:34:30,156 [INFO] OOD accuracies: imagenet_c_contrast_s3: 45.7%, imagenet_c_defocus_blur_s3: 34.1%, imagenet_c_fog_s3: 40.1%, imagenet_c_gaussian_noise_s3: 36.4%
2026-03-16 12:34:30,173 [INFO] Epoch 21/25 | Train Loss: 1.9119, Train Acc: 69.23% | Val Loss: 1.7842, Val Acc: 72.66% | LR: 0.000071 | Time: 231.9s
2026-03-16 12:34:30,435 [INFO] New best accuracy: 72.66%
2026-03-16 12:37:31,534 [INFO] Epoch 22/25 | Train Loss: 1.8852, Train Acc: 70.12% | (validation skipped) | LR: 0.000045 | Time: 179.5s
2026-03-16 12:40:30,434 [INFO] Epoch 23/25 | Train Loss: 1.8663, Train Acc: 70.70% | (validation skipped) | LR: 0.000026 | Time: 178.9s
2026-03-16 12:43:36,228 [INFO] Running OOD evaluation (epoch 24)...
2026-03-16 12:44:22,962 [INFO] OOD accuracies: imagenet_c_contrast_s3: 46.6%, imagenet_c_defocus_blur_s3: 35.5%, imagenet_c_fog_s3: 41.4%, imagenet_c_gaussian_noise_s3: 36.5%
Traceback (most recent call last):
  File "/gpfs/home1/mbolding/.local/share/mamba/envs/visioncnn/lib/python3.11/site-packages/numpy/lib/_npyio_impl.py", line 785, in _savez
    with zipf.open(fname, 'w', force_zip64=True) as fid:
  File "/gpfs/home1/mbolding/.local/share/mamba/envs/visioncnn/lib/python3.11/zipfile.py", line 1234, in close
    self._fileobj.seek(self._zinfo.header_offset)
OSError: [Errno 122] Disk quota exceeded

During handling of the above exception, another exception occurred:

Traceback (most recent call last):
  File "/gpfs/home1/mbolding/.local/share/mamba/envs/visioncnn/lib/python3.11/zipfile.py", line 1925, in close
    self.fp.seek(self.start_dir)
OSError: [Errno 122] Disk quota exceeded

During handling of the above exception, another exception occurred:

Traceback (most recent call last):
  File "/gpfs/home1/mbolding/visionCNN/scripts/train.py", line 836, in <module>
    main(args)
  File "/gpfs/home1/mbolding/visionCNN/scripts/train.py", line 712, in main
    save_predictions_to_file(
  File "/gpfs/home1/mbolding/visionCNN/src/evaluation/ood_eval.py", line 235, in save_predictions_to_file
    np.savez_compressed(filepath, **{
  File "/gpfs/home1/mbolding/.local/share/mamba/envs/visioncnn/lib/python3.11/site-packages/numpy/lib/_npyio_impl.py", line 753, in savez_compressed
    _savez(file, args, kwds, True, allow_pickle=allow_pickle)
  File "/gpfs/home1/mbolding/.local/share/mamba/envs/visioncnn/lib/python3.11/site-packages/numpy/lib/_npyio_impl.py", line 790, in _savez
    zipf.close()
  File "/gpfs/home1/mbolding/.local/share/mamba/envs/visioncnn/lib/python3.11/zipfile.py", line 1930, in close
    self._fpclose(fp)
  File "/gpfs/home1/mbolding/.local/share/mamba/envs/visioncnn/lib/python3.11/zipfile.py", line 2030, in _fpclose
    fp.close()
OSError: [Errno 122] Disk quota exceeded
[rank0]: Traceback (most recent call last):
[rank0]:   File "/gpfs/home1/mbolding/.local/share/mamba/envs/visioncnn/lib/python3.11/site-packages/numpy/lib/_npyio_impl.py", line 785, in _savez
[rank0]:     with zipf.open(fname, 'w', force_zip64=True) as fid:
[rank0]:   File "/gpfs/home1/mbolding/.local/share/mamba/envs/visioncnn/lib/python3.11/zipfile.py", line 1234, in close
[rank0]:     self._fileobj.seek(self._zinfo.header_offset)
[rank0]: OSError: [Errno 122] Disk quota exceeded

[rank0]: During handling of the above exception, another exception occurred:

[rank0]: Traceback (most recent call last):
[rank0]:   File "/gpfs/home1/mbolding/.local/share/mamba/envs/visioncnn/lib/python3.11/zipfile.py", line 1925, in close
[rank0]:     self.fp.seek(self.start_dir)
[rank0]: OSError: [Errno 122] Disk quota exceeded

[rank0]: During handling of the above exception, another exception occurred:

[rank0]: Traceback (most recent call last):
[rank0]:   File "/gpfs/home1/mbolding/visionCNN/scripts/train.py", line 836, in <module>
[rank0]:     main(args)
[rank0]:   File "/gpfs/home1/mbolding/visionCNN/scripts/train.py", line 712, in main
[rank0]:     save_predictions_to_file(
[rank0]:   File "/gpfs/home1/mbolding/visionCNN/src/evaluation/ood_eval.py", line 235, in save_predictions_to_file
[rank0]:     np.savez_compressed(filepath, **{
[rank0]:   File "/gpfs/home1/mbolding/.local/share/mamba/envs/visioncnn/lib/python3.11/site-packages/numpy/lib/_npyio_impl.py", line 753, in savez_compressed
[rank0]:     _savez(file, args, kwds, True, allow_pickle=allow_pickle)
[rank0]:   File "/gpfs/home1/mbolding/.local/share/mamba/envs/visioncnn/lib/python3.11/site-packages/numpy/lib/_npyio_impl.py", line 790, in _savez
[rank0]:     zipf.close()
[rank0]:   File "/gpfs/home1/mbolding/.local/share/mamba/envs/visioncnn/lib/python3.11/zipfile.py", line 1930, in close
[rank0]:     self._fpclose(fp)
[rank0]:   File "/gpfs/home1/mbolding/.local/share/mamba/envs/visioncnn/lib/python3.11/zipfile.py", line 2030, in _fpclose
[rank0]:     fp.close()
[rank0]: OSError: [Errno 122] Disk quota exceeded
E0316 12:47:10.143000 826356 site-packages/torch/distributed/elastic/multiprocessing/api.py:869] failed (exitcode: 1) local_rank: 0 (pid: 826364) of binary: /gpfs/home1/mbolding/.local/share/mamba/envs/visioncnn/bin/python
Traceback (most recent call last):
  File "/gpfs/home1/mbolding/.local/share/mamba/envs/visioncnn/bin/torchrun", line 33, in <module>
    sys.exit(load_entry_point('torch==2.5.1', 'console_scripts', 'torchrun')())
             ^^^^^^^^^^^^^^^^^^^^^^^^^^^^^^^^^^^^^^^^^^^^^^^^^^^^^^^^^^^^^^^^^
  File "/gpfs/home1/mbolding/.local/share/mamba/envs/visioncnn/lib/python3.11/site-packages/torch/distributed/elastic/multiprocessing/errors/__init__.py", line 355, in wrapper
    return f(*args, **kwargs)
           ^^^^^^^^^^^^^^^^^^
  File "/gpfs/home1/mbolding/.local/share/mamba/envs/visioncnn/lib/python3.11/site-packages/torch/distributed/run.py", line 919, in main
    run(args)
  File "/gpfs/home1/mbolding/.local/share/mamba/envs/visioncnn/lib/python3.11/site-packages/torch/distributed/run.py", line 910, in run
    elastic_launch(
  File "/gpfs/home1/mbolding/.local/share/mamba/envs/visioncnn/lib/python3.11/site-packages/torch/distributed/launcher/api.py", line 138, in __call__
    return launch_agent(self._config, self._entrypoint, list(args))
           ^^^^^^^^^^^^^^^^^^^^^^^^^^^^^^^^^^^^^^^^^^^^^^^^^^^^^^^^
  File "/gpfs/home1/mbolding/.local/share/mamba/envs/visioncnn/lib/python3.11/site-packages/torch/distributed/launcher/api.py", line 269, in launch_agent
    raise ChildFailedError(
torch.distributed.elastic.multiprocessing.errors.ChildFailedError: 
============================================================
scripts/train.py FAILED
------------------------------------------------------------
Failures:
  <NO_OTHER_FAILURES>
------------------------------------------------------------
Root Cause (first observed failure):
[0]:
  time      : 2026-03-16_12:47:10
  host      : gcn31.local.snellius.surf.nl
  rank      : 0 (local_rank: 0)
  exitcode  : 1 (pid: 826364)
  error_file: <N/A>
  traceback : To enable traceback see: https://pytorch.org/docs/stable/elastic/errors.html
============================================================
srun: error: gcn31: task 0: Exited with exit code 1
srun: Terminating StepId=20761155.0
