[rank0]:[W316 14:11:40.442103799 ProcessGroupNCCL.cpp:4115] [PG ID 0 PG GUID 0 Rank 0]  using GPU 0 to perform barrier as devices used by this process are currently unknown. This can potentially cause a hang if this rank to GPU mapping is incorrect.Specify device_ids in barrier() to force use of a particular device,or call init_process_group() with a device_id.
2026-03-16 14:11:41,117 [INFO] Distributed: DistributedManager(rank=0, local_rank=0, world_size=1, device=cuda:0, is_distributed=True)
2026-03-16 14:11:41,118 [INFO] Config: {'experiment_name': 'resnet50_layernorm_imagenet_ecoset_ecovalid_seed46', 'model': {'name': 'resnet50_custom', 'num_classes': 136, 'norm_layer': 'layernorm'}, 'data': {'dataset': 'imagenet_ecoset136', 'root': '/scratch-nvme/ml-datasets/imagenet/torchvision_ImageFolder', 'img_size': 224, 'backend': 'pytorch', 'num_workers': 16, 'pin_memory': True, 'persistent_workers': True, 'prefetch_factor': 2, 'gpu_transforms': True, 'random_rotation': True, 'random_rotation_degrees': 15, 'color_jitter': True, 'color_jitter_brightness': 0.2, 'color_jitter_contrast': 0.2, 'color_jitter_saturation': 0.2, 'color_jitter_hue': 0.05, 'gaussian_blur': True, 'random_grayscale': True, 'random_grayscale_p': 0.1}, 'training': {'epochs': 25, 'batch_size': 256, 'lr': 0.001, 'min_lr': 1e-05, 'weight_decay': 0.05, 'optimizer': 'adamw', 'scheduler': 'cosine', 'label_smoothing': 0.1, 'use_amp': True, 'channels_last': True, 'seed': 46, 'checkpoint_schedule': [[10, 1], [20, 2], [25, 3]], 'disable_progress_bar': True}, 'logging': {'log_dir': 'logs'}, 'ood_eval': {'enabled': True, 'source_dataset': 'imagenet_ecoset136', 'datasets_root': '/scratch-nvme/ml-datasets', 'imagenet_c': {'during_training': True, 'corruptions_during_training': ['gaussian_noise', 'defocus_blur', 'fog', 'contrast'], 'severity_during_training': 3}, 'save_predictions': True}, 'wandb': {'enabled': True, 'project': 'norm-comparison', 'group': 'resnet50-imagenet-ecoset-ecovalid-norm-experiment', 'tags': ['ecovalid-aug', 'imagenet_ecoset136', 'layernorm', 'resnet50', 'a100', 'snellius', 'norm-experiment']}, '_machine': {'log_dir': '/projects/prjs0771/melle/projects/visionCNN/logs'}}
2026-03-16 14:11:41,119 [INFO] Run directory: logs/resnet50_layernorm_imagenet_ecoset_ecovalid_seed46
wandb: [wandb.login()] Loaded credentials for https://api.wandb.ai from /home/mbolding/.netrc.
wandb: Currently logged in as: mellebolding (mellebolding-university-of-amsterdam) to https://api.wandb.ai. Use `wandb login --relogin` to force relogin
wandb: setting up run 6veeb6vi
wandb: Tracking run with wandb version 0.25.0
wandb: Run data is saved locally in logs/resnet50_layernorm_imagenet_ecoset_ecovalid_seed46/wandb/run-20260316_141141-6veeb6vi
wandb: Run `wandb offline` to turn off syncing.
wandb: Syncing run resnet50_layernorm_imagenet_ecoset_ecovalid_seed46
wandb: ⭐️ View project at https://wandb.ai/mellebolding-university-of-amsterdam/norm-comparison
wandb: 🚀 View run at https://wandb.ai/mellebolding-university-of-amsterdam/norm-comparison/runs/6veeb6vi
2026-03-16 14:11:43,083 [INFO] Weights & Biases logging enabled
2026-03-16 14:11:43,087 [INFO] Set random seed: 46 (rank offset applied)
2026-03-16 14:11:43,087 [INFO] Using device: cuda:0
2026-03-16 14:11:43,087 [INFO] World size: 1
2026-03-16 14:11:43,421 [INFO] Model: resnet50_custom, Parameters: 23,786,696
2026-03-16 14:11:43,452 [INFO] Using channels-last (NHWC) memory format
2026-03-16 14:11:43,487 [INFO] Mixed precision training: True
2026-03-16 14:12:06,376 [INFO] Using GPU-accelerated transforms to reduce CPU bottleneck
2026-03-16 14:12:06,376 [INFO] Train samples: 176411, Val samples: 6800
2026-03-16 14:12:06,377 [INFO] Effective batch size: 256 (256 x 1 GPUs)
2026-03-16 14:12:09,595 [INFO] OOD evaluation enabled: 4 datasets loaded (imagenet_c_gaussian_noise_s3, imagenet_c_defocus_blur_s3, imagenet_c_fog_s3, imagenet_c_contrast_s3)
2026-03-16 14:12:09,595 [INFO] Saving per-image predictions to logs/resnet50_layernorm_imagenet_ecoset_ecovalid_seed46/predictions
2026-03-16 14:12:09,596 [INFO] Starting training for 25 epochs...
2026-03-16 14:16:50,858 [INFO] Running OOD evaluation (epoch 1)...
2026-03-16 14:17:36,834 [INFO] OOD accuracies: imagenet_c_contrast_s3: 0.8%, imagenet_c_defocus_blur_s3: 0.7%, imagenet_c_fog_s3: 0.9%, imagenet_c_gaussian_noise_s3: 0.7%
2026-03-16 14:17:36,849 [INFO] Epoch 1/25 | Train Loss: 4.9315, Train Acc: 0.75% | Val Loss: 4.9144, Val Acc: 0.75% | LR: 0.000996 | Time: 327.3s
2026-03-16 14:17:37,154 [INFO] New best accuracy: 0.75%
2026-03-16 14:22:15,433 [INFO] Running OOD evaluation (epoch 2)...
2026-03-16 14:23:01,577 [INFO] OOD accuracies: imagenet_c_contrast_s3: 3.4%, imagenet_c_defocus_blur_s3: 4.0%, imagenet_c_fog_s3: 1.3%, imagenet_c_gaussian_noise_s3: 3.9%
2026-03-16 14:23:01,592 [INFO] Epoch 2/25 | Train Loss: 4.8121, Train Acc: 2.10% | Val Loss: 4.6235, Val Acc: 4.22% | LR: 0.000984 | Time: 321.6s
2026-03-16 14:23:01,840 [INFO] New best accuracy: 4.22%
2026-03-16 14:27:39,644 [INFO] Running OOD evaluation (epoch 3)...
2026-03-16 14:28:25,407 [INFO] OOD accuracies: imagenet_c_contrast_s3: 5.6%, imagenet_c_defocus_blur_s3: 8.2%, imagenet_c_fog_s3: 2.9%, imagenet_c_gaussian_noise_s3: 8.0%
2026-03-16 14:28:25,427 [INFO] Epoch 3/25 | Train Loss: 4.5527, Train Acc: 5.47% | Val Loss: 4.3279, Val Acc: 9.62% | LR: 0.000965 | Time: 321.9s
2026-03-16 14:28:25,676 [INFO] New best accuracy: 9.62%
2026-03-16 14:33:03,646 [INFO] Running OOD evaluation (epoch 4)...
2026-03-16 14:33:49,900 [INFO] OOD accuracies: imagenet_c_contrast_s3: 9.3%, imagenet_c_defocus_blur_s3: 12.5%, imagenet_c_fog_s3: 4.5%, imagenet_c_gaussian_noise_s3: 9.4%
2026-03-16 14:33:49,917 [INFO] Epoch 4/25 | Train Loss: 4.2425, Train Acc: 10.99% | Val Loss: 3.9881, Val Acc: 15.29% | LR: 0.000939 | Time: 322.5s
2026-03-16 14:33:50,167 [INFO] New best accuracy: 15.29%
2026-03-16 14:38:27,620 [INFO] Running OOD evaluation (epoch 5)...
2026-03-16 14:39:13,847 [INFO] OOD accuracies: imagenet_c_contrast_s3: 12.5%, imagenet_c_defocus_blur_s3: 13.7%, imagenet_c_fog_s3: 6.1%, imagenet_c_gaussian_noise_s3: 13.5%
2026-03-16 14:39:13,864 [INFO] Epoch 5/25 | Train Loss: 3.9869, Train Acc: 16.07% | Val Loss: 3.7378, Val Acc: 20.84% | LR: 0.000905 | Time: 322.1s
2026-03-16 14:39:14,113 [INFO] New best accuracy: 20.84%
2026-03-16 14:43:51,819 [INFO] Running OOD evaluation (epoch 6)...
2026-03-16 14:44:37,499 [INFO] OOD accuracies: imagenet_c_contrast_s3: 15.2%, imagenet_c_defocus_blur_s3: 17.5%, imagenet_c_fog_s3: 9.6%, imagenet_c_gaussian_noise_s3: 12.2%
2026-03-16 14:44:37,517 [INFO] Epoch 6/25 | Train Loss: 3.8036, Train Acc: 20.06% | Val Loss: 3.5766, Val Acc: 25.24% | LR: 0.000866 | Time: 321.8s
2026-03-16 14:44:37,765 [INFO] New best accuracy: 25.24%
2026-03-16 14:49:15,522 [INFO] Running OOD evaluation (epoch 7)...
2026-03-16 14:50:01,054 [INFO] OOD accuracies: imagenet_c_contrast_s3: 16.6%, imagenet_c_defocus_blur_s3: 19.9%, imagenet_c_fog_s3: 7.1%, imagenet_c_gaussian_noise_s3: 16.0%
2026-03-16 14:50:01,070 [INFO] Epoch 7/25 | Train Loss: 3.6588, Train Acc: 23.35% | Val Loss: 3.4417, Val Acc: 28.15% | LR: 0.000821 | Time: 321.6s
2026-03-16 14:50:01,318 [INFO] New best accuracy: 28.15%
2026-03-16 14:54:38,927 [INFO] Running OOD evaluation (epoch 8)...
2026-03-16 14:55:24,951 [INFO] OOD accuracies: imagenet_c_contrast_s3: 18.8%, imagenet_c_defocus_blur_s3: 20.2%, imagenet_c_fog_s3: 11.8%, imagenet_c_gaussian_noise_s3: 14.2%
2026-03-16 14:55:24,967 [INFO] Epoch 8/25 | Train Loss: 3.5303, Train Acc: 26.35% | Val Loss: 3.2535, Val Acc: 32.41% | LR: 0.000770 | Time: 321.9s
2026-03-16 14:55:25,214 [INFO] New best accuracy: 32.41%
2026-03-16 15:00:02,137 [INFO] Running OOD evaluation (epoch 9)...
2026-03-16 15:00:47,982 [INFO] OOD accuracies: imagenet_c_contrast_s3: 21.3%, imagenet_c_defocus_blur_s3: 22.0%, imagenet_c_fog_s3: 11.9%, imagenet_c_gaussian_noise_s3: 15.6%
Traceback (most recent call last):
  File "/gpfs/home1/mbolding/.local/share/mamba/envs/visioncnn/lib/python3.11/site-packages/numpy/lib/_npyio_impl.py", line 785, in _savez
    with zipf.open(fname, 'w', force_zip64=True) as fid:
  File "/gpfs/home1/mbolding/.local/share/mamba/envs/visioncnn/lib/python3.11/zipfile.py", line 1234, in close
    self._fileobj.seek(self._zinfo.header_offset)
OSError: [Errno 122] Disk quota exceeded

During handling of the above exception, another exception occurred:

Traceback (most recent call last):
  File "/gpfs/home1/mbolding/.local/share/mamba/envs/visioncnn/lib/python3.11/zipfile.py", line 1925, in close
    self.fp.seek(self.start_dir)
OSError: [Errno 122] Disk quota exceeded

During handling of the above exception, another exception occurred:

Traceback (most recent call last):
  File "/gpfs/home1/mbolding/visionCNN/scripts/train.py", line 836, in <module>
    main(args)
  File "/gpfs/home1/mbolding/visionCNN/scripts/train.py", line 712, in main
    save_predictions_to_file(
  File "/gpfs/home1/mbolding/visionCNN/src/evaluation/ood_eval.py", line 235, in save_predictions_to_file
    np.savez_compressed(filepath, **{
  File "/gpfs/home1/mbolding/.local/share/mamba/envs/visioncnn/lib/python3.11/site-packages/numpy/lib/_npyio_impl.py", line 753, in savez_compressed
    _savez(file, args, kwds, True, allow_pickle=allow_pickle)
  File "/gpfs/home1/mbolding/.local/share/mamba/envs/visioncnn/lib/python3.11/site-packages/numpy/lib/_npyio_impl.py", line 790, in _savez
    zipf.close()
  File "/gpfs/home1/mbolding/.local/share/mamba/envs/visioncnn/lib/python3.11/zipfile.py", line 1930, in close
    self._fpclose(fp)
  File "/gpfs/home1/mbolding/.local/share/mamba/envs/visioncnn/lib/python3.11/zipfile.py", line 2030, in _fpclose
    fp.close()
OSError: [Errno 122] Disk quota exceeded
[rank0]: Traceback (most recent call last):
[rank0]:   File "/gpfs/home1/mbolding/.local/share/mamba/envs/visioncnn/lib/python3.11/site-packages/numpy/lib/_npyio_impl.py", line 785, in _savez
[rank0]:     with zipf.open(fname, 'w', force_zip64=True) as fid:
[rank0]:   File "/gpfs/home1/mbolding/.local/share/mamba/envs/visioncnn/lib/python3.11/zipfile.py", line 1234, in close
[rank0]:     self._fileobj.seek(self._zinfo.header_offset)
[rank0]: OSError: [Errno 122] Disk quota exceeded

[rank0]: During handling of the above exception, another exception occurred:

[rank0]: Traceback (most recent call last):
[rank0]:   File "/gpfs/home1/mbolding/.local/share/mamba/envs/visioncnn/lib/python3.11/zipfile.py", line 1925, in close
[rank0]:     self.fp.seek(self.start_dir)
[rank0]: OSError: [Errno 122] Disk quota exceeded

[rank0]: During handling of the above exception, another exception occurred:

[rank0]: Traceback (most recent call last):
[rank0]:   File "/gpfs/home1/mbolding/visionCNN/scripts/train.py", line 836, in <module>
[rank0]:     main(args)
[rank0]:   File "/gpfs/home1/mbolding/visionCNN/scripts/train.py", line 712, in main
[rank0]:     save_predictions_to_file(
[rank0]:   File "/gpfs/home1/mbolding/visionCNN/src/evaluation/ood_eval.py", line 235, in save_predictions_to_file
[rank0]:     np.savez_compressed(filepath, **{
[rank0]:   File "/gpfs/home1/mbolding/.local/share/mamba/envs/visioncnn/lib/python3.11/site-packages/numpy/lib/_npyio_impl.py", line 753, in savez_compressed
[rank0]:     _savez(file, args, kwds, True, allow_pickle=allow_pickle)
[rank0]:   File "/gpfs/home1/mbolding/.local/share/mamba/envs/visioncnn/lib/python3.11/site-packages/numpy/lib/_npyio_impl.py", line 790, in _savez
[rank0]:     zipf.close()
[rank0]:   File "/gpfs/home1/mbolding/.local/share/mamba/envs/visioncnn/lib/python3.11/zipfile.py", line 1930, in close
[rank0]:     self._fpclose(fp)
[rank0]:   File "/gpfs/home1/mbolding/.local/share/mamba/envs/visioncnn/lib/python3.11/zipfile.py", line 2030, in _fpclose
[rank0]:     fp.close()
[rank0]: OSError: [Errno 122] Disk quota exceeded
E0316 15:03:31.461000 2535477 site-packages/torch/distributed/elastic/multiprocessing/api.py:869] failed (exitcode: 1) local_rank: 0 (pid: 2535487) of binary: /gpfs/home1/mbolding/.local/share/mamba/envs/visioncnn/bin/python
Traceback (most recent call last):
  File "/gpfs/home1/mbolding/.local/share/mamba/envs/visioncnn/bin/torchrun", line 33, in <module>
    sys.exit(load_entry_point('torch==2.5.1', 'console_scripts', 'torchrun')())
             ^^^^^^^^^^^^^^^^^^^^^^^^^^^^^^^^^^^^^^^^^^^^^^^^^^^^^^^^^^^^^^^^^
  File "/gpfs/home1/mbolding/.local/share/mamba/envs/visioncnn/lib/python3.11/site-packages/torch/distributed/elastic/multiprocessing/errors/__init__.py", line 355, in wrapper
    return f(*args, **kwargs)
           ^^^^^^^^^^^^^^^^^^
  File "/gpfs/home1/mbolding/.local/share/mamba/envs/visioncnn/lib/python3.11/site-packages/torch/distributed/run.py", line 919, in main
    run(args)
  File "/gpfs/home1/mbolding/.local/share/mamba/envs/visioncnn/lib/python3.11/site-packages/torch/distributed/run.py", line 910, in run
    elastic_launch(
  File "/gpfs/home1/mbolding/.local/share/mamba/envs/visioncnn/lib/python3.11/site-packages/torch/distributed/launcher/api.py", line 138, in __call__
    return launch_agent(self._config, self._entrypoint, list(args))
           ^^^^^^^^^^^^^^^^^^^^^^^^^^^^^^^^^^^^^^^^^^^^^^^^^^^^^^^^
  File "/gpfs/home1/mbolding/.local/share/mamba/envs/visioncnn/lib/python3.11/site-packages/torch/distributed/launcher/api.py", line 269, in launch_agent
    raise ChildFailedError(
torch.distributed.elastic.multiprocessing.errors.ChildFailedError: 
============================================================
scripts/train.py FAILED
------------------------------------------------------------
Failures:
  <NO_OTHER_FAILURES>
------------------------------------------------------------
Root Cause (first observed failure):
[0]:
  time      : 2026-03-16_15:03:31
  host      : gcn69.local.snellius.surf.nl
  rank      : 0 (local_rank: 0)
  exitcode  : 1 (pid: 2535487)
  error_file: <N/A>
  traceback : To enable traceback see: https://pytorch.org/docs/stable/elastic/errors.html
============================================================
srun: error: gcn69: task 0: Exited with exit code 1
srun: Terminating StepId=20769797.0
