[rank0]:[W316 14:11:40.675258685 ProcessGroupNCCL.cpp:4115] [PG ID 0 PG GUID 0 Rank 0]  using GPU 0 to perform barrier as devices used by this process are currently unknown. This can potentially cause a hang if this rank to GPU mapping is incorrect.Specify device_ids in barrier() to force use of a particular device,or call init_process_group() with a device_id.
2026-03-16 14:11:41,117 [INFO] Distributed: DistributedManager(rank=0, local_rank=0, world_size=1, device=cuda:0, is_distributed=True)
2026-03-16 14:11:41,118 [INFO] Config: {'experiment_name': 'resnet50_batchnorm_imagenet_ecoset_ecovalid_seed46', 'model': {'name': 'resnet50_custom', 'num_classes': 136, 'norm_layer': 'batchnorm'}, 'data': {'dataset': 'imagenet_ecoset136', 'root': '/scratch-nvme/ml-datasets/imagenet/torchvision_ImageFolder', 'img_size': 224, 'backend': 'pytorch', 'num_workers': 16, 'pin_memory': True, 'persistent_workers': True, 'prefetch_factor': 2, 'gpu_transforms': True, 'random_rotation': True, 'random_rotation_degrees': 15, 'color_jitter': True, 'color_jitter_brightness': 0.2, 'color_jitter_contrast': 0.2, 'color_jitter_saturation': 0.2, 'color_jitter_hue': 0.05, 'gaussian_blur': True, 'random_grayscale': True, 'random_grayscale_p': 0.1}, 'training': {'epochs': 25, 'batch_size': 256, 'val_batch_size': 512, 'lr': 0.001, 'min_lr': 1e-05, 'weight_decay': 0.05, 'optimizer': 'adamw', 'scheduler': 'cosine', 'label_smoothing': 0.1, 'use_amp': True, 'channels_last': True, 'seed': 46, 'checkpoint_schedule': [[10, 1], [20, 2], [25, 3]], 'disable_progress_bar': True}, 'logging': {'log_dir': 'logs'}, 'ood_eval': {'enabled': True, 'source_dataset': 'imagenet_ecoset136', 'datasets_root': '/scratch-nvme/ml-datasets', 'bn_adapt': True, 'imagenet_c': {'during_training': True, 'corruptions_during_training': ['gaussian_noise', 'defocus_blur', 'fog', 'contrast'], 'severity_during_training': 3}, 'save_predictions': True}, 'wandb': {'enabled': True, 'project': 'norm-comparison', 'group': 'resnet50-imagenet-ecoset-ecovalid-norm-experiment', 'tags': ['resnet50', 'ecovalid-aug', 'snellius', 'batchnorm', 'a100', 'imagenet_ecoset136', 'norm-experiment']}, '_machine': {'log_dir': '/projects/prjs0771/melle/projects/visionCNN/logs'}}
2026-03-16 14:11:41,123 [INFO] Run directory: logs/resnet50_batchnorm_imagenet_ecoset_ecovalid_seed46
wandb: [wandb.login()] Loaded credentials for https://api.wandb.ai from /home/mbolding/.netrc.
wandb: Currently logged in as: mellebolding (mellebolding-university-of-amsterdam) to https://api.wandb.ai. Use `wandb login --relogin` to force relogin
wandb: setting up run telozrdl
wandb: Tracking run with wandb version 0.25.0
wandb: Run data is saved locally in logs/resnet50_batchnorm_imagenet_ecoset_ecovalid_seed46/wandb/run-20260316_141141-telozrdl
wandb: Run `wandb offline` to turn off syncing.
wandb: Syncing run resnet50_batchnorm_imagenet_ecoset_ecovalid_seed46
wandb: ⭐️ View project at https://wandb.ai/mellebolding-university-of-amsterdam/norm-comparison
wandb: 🚀 View run at https://wandb.ai/mellebolding-university-of-amsterdam/norm-comparison/runs/telozrdl
2026-03-16 14:11:43,083 [INFO] Weights & Biases logging enabled
2026-03-16 14:11:43,087 [INFO] Set random seed: 46 (rank offset applied)
2026-03-16 14:11:43,087 [INFO] Using device: cuda:0
2026-03-16 14:11:43,087 [INFO] World size: 1
2026-03-16 14:11:43,425 [INFO] Model: resnet50_custom, Parameters: 23,786,696
2026-03-16 14:11:43,460 [INFO] Using channels-last (NHWC) memory format
2026-03-16 14:11:43,501 [INFO] Mixed precision training: True
2026-03-16 14:12:06,375 [INFO] Using GPU-accelerated transforms to reduce CPU bottleneck
2026-03-16 14:12:06,376 [INFO] Train samples: 176411, Val samples: 6800
2026-03-16 14:12:06,376 [INFO] Effective batch size: 256 (256 x 1 GPUs)
2026-03-16 14:12:09,596 [INFO] OOD evaluation enabled: 4 datasets loaded (imagenet_c_gaussian_noise_s3, imagenet_c_defocus_blur_s3, imagenet_c_fog_s3, imagenet_c_contrast_s3)
2026-03-16 14:12:09,597 [INFO] Saving per-image predictions to logs/resnet50_batchnorm_imagenet_ecoset_ecovalid_seed46/predictions
2026-03-16 14:12:09,597 [INFO] Starting training for 25 epochs...
2026-03-16 14:15:24,457 [INFO] Running OOD evaluation (epoch 1)...
2026-03-16 14:16:11,990 [INFO] OOD accuracies: imagenet_c_contrast_s3: 5.6%, imagenet_c_defocus_blur_s3: 7.0%, imagenet_c_fog_s3: 6.9%, imagenet_c_gaussian_noise_s3: 8.0%
2026-03-16 14:16:12,010 [INFO] Epoch 1/25 | Train Loss: 4.4868, Train Acc: 6.97% | Val Loss: 4.0139, Val Acc: 14.43% | LR: 0.000996 | Time: 242.4s
2026-03-16 14:16:12,276 [INFO] New best accuracy: 14.43%
2026-03-16 14:19:22,343 [INFO] Running OOD evaluation (epoch 2)...
2026-03-16 14:20:08,865 [INFO] OOD accuracies: imagenet_c_contrast_s3: 10.0%, imagenet_c_defocus_blur_s3: 10.4%, imagenet_c_fog_s3: 10.2%, imagenet_c_gaussian_noise_s3: 11.4%
2026-03-16 14:20:08,884 [INFO] Epoch 2/25 | Train Loss: 3.9431, Train Acc: 16.28% | Val Loss: 3.7819, Val Acc: 23.04% | LR: 0.000984 | Time: 233.0s
2026-03-16 14:20:09,140 [INFO] New best accuracy: 23.04%
2026-03-16 14:23:18,827 [INFO] Running OOD evaluation (epoch 3)...
2026-03-16 14:24:05,729 [INFO] OOD accuracies: imagenet_c_contrast_s3: 14.3%, imagenet_c_defocus_blur_s3: 13.9%, imagenet_c_fog_s3: 14.3%, imagenet_c_gaussian_noise_s3: 14.9%
2026-03-16 14:24:05,750 [INFO] Epoch 3/25 | Train Loss: 3.6077, Train Acc: 23.63% | Val Loss: 3.3018, Val Acc: 30.34% | LR: 0.000965 | Time: 235.0s
2026-03-16 14:24:06,008 [INFO] New best accuracy: 30.34%
2026-03-16 14:27:17,039 [INFO] Running OOD evaluation (epoch 4)...
2026-03-16 14:28:03,448 [INFO] OOD accuracies: imagenet_c_contrast_s3: 18.1%, imagenet_c_defocus_blur_s3: 17.3%, imagenet_c_fog_s3: 17.9%, imagenet_c_gaussian_noise_s3: 17.7%
2026-03-16 14:28:03,468 [INFO] Epoch 4/25 | Train Loss: 3.3840, Train Acc: 29.03% | Val Loss: 3.0124, Val Acc: 38.59% | LR: 0.000939 | Time: 235.8s
2026-03-16 14:28:03,728 [INFO] New best accuracy: 38.59%
2026-03-16 14:31:13,949 [INFO] Running OOD evaluation (epoch 5)...
2026-03-16 14:32:00,780 [INFO] OOD accuracies: imagenet_c_contrast_s3: 21.6%, imagenet_c_defocus_blur_s3: 19.0%, imagenet_c_fog_s3: 20.7%, imagenet_c_gaussian_noise_s3: 20.4%
2026-03-16 14:32:00,800 [INFO] Epoch 5/25 | Train Loss: 3.1791, Train Acc: 34.18% | Val Loss: 2.9290, Val Acc: 40.62% | LR: 0.000905 | Time: 235.4s
2026-03-16 14:32:01,057 [INFO] New best accuracy: 40.62%
2026-03-16 14:35:12,007 [INFO] Running OOD evaluation (epoch 6)...
2026-03-16 14:35:58,435 [INFO] OOD accuracies: imagenet_c_contrast_s3: 25.0%, imagenet_c_defocus_blur_s3: 21.0%, imagenet_c_fog_s3: 23.0%, imagenet_c_gaussian_noise_s3: 22.8%
2026-03-16 14:35:58,455 [INFO] Epoch 6/25 | Train Loss: 3.0231, Train Acc: 38.24% | Val Loss: 2.8062, Val Acc: 44.03% | LR: 0.000866 | Time: 235.5s
2026-03-16 14:35:58,713 [INFO] New best accuracy: 44.03%
2026-03-16 14:39:09,749 [INFO] Running OOD evaluation (epoch 7)...
2026-03-16 14:39:56,632 [INFO] OOD accuracies: imagenet_c_contrast_s3: 28.1%, imagenet_c_defocus_blur_s3: 22.2%, imagenet_c_fog_s3: 24.8%, imagenet_c_gaussian_noise_s3: 24.2%
2026-03-16 14:39:56,649 [INFO] Epoch 7/25 | Train Loss: 2.8590, Train Acc: 42.71% | Val Loss: 2.6442, Val Acc: 47.21% | LR: 0.000821 | Time: 236.2s
2026-03-16 14:39:56,905 [INFO] New best accuracy: 47.21%
2026-03-16 14:43:07,800 [INFO] Running OOD evaluation (epoch 8)...
2026-03-16 14:43:54,638 [INFO] OOD accuracies: imagenet_c_contrast_s3: 30.0%, imagenet_c_defocus_blur_s3: 23.7%, imagenet_c_fog_s3: 28.5%, imagenet_c_gaussian_noise_s3: 27.6%
2026-03-16 14:43:54,657 [INFO] Epoch 8/25 | Train Loss: 2.7254, Train Acc: 46.26% | Val Loss: 2.4691, Val Acc: 52.72% | LR: 0.000770 | Time: 236.1s
2026-03-16 14:43:54,916 [INFO] New best accuracy: 52.72%
2026-03-16 14:47:05,348 [INFO] Running OOD evaluation (epoch 9)...
2026-03-16 14:47:52,377 [INFO] OOD accuracies: imagenet_c_contrast_s3: 32.0%, imagenet_c_defocus_blur_s3: 24.8%, imagenet_c_fog_s3: 28.8%, imagenet_c_gaussian_noise_s3: 28.0%
2026-03-16 14:47:52,398 [INFO] Epoch 9/25 | Train Loss: 2.6160, Train Acc: 49.27% | Val Loss: 2.4358, Val Acc: 54.12% | LR: 0.000716 | Time: 235.7s
2026-03-16 14:47:52,655 [INFO] New best accuracy: 54.12%
2026-03-16 14:51:03,343 [INFO] Running OOD evaluation (epoch 10)...
2026-03-16 14:51:50,214 [INFO] OOD accuracies: imagenet_c_contrast_s3: 34.0%, imagenet_c_defocus_blur_s3: 26.3%, imagenet_c_fog_s3: 30.9%, imagenet_c_gaussian_noise_s3: 28.9%
2026-03-16 14:51:50,233 [INFO] Epoch 10/25 | Train Loss: 2.5234, Train Acc: 51.72% | Val Loss: 2.3203, Val Acc: 56.75% | LR: 0.000658 | Time: 235.6s
2026-03-16 14:51:50,493 [INFO] New best accuracy: 56.75%
2026-03-16 14:54:54,798 [INFO] Epoch 11/25 | Train Loss: 2.4374, Train Acc: 54.16% | (validation skipped) | LR: 0.000598 | Time: 182.6s
2026-03-16 14:58:03,031 [INFO] Running OOD evaluation (epoch 12)...
2026-03-16 14:58:49,935 [INFO] OOD accuracies: imagenet_c_contrast_s3: 37.2%, imagenet_c_defocus_blur_s3: 28.6%, imagenet_c_fog_s3: 34.4%, imagenet_c_gaussian_noise_s3: 31.1%
Traceback (most recent call last):
  File "/gpfs/home1/mbolding/.local/share/mamba/envs/visioncnn/lib/python3.11/site-packages/numpy/lib/_npyio_impl.py", line 785, in _savez
    with zipf.open(fname, 'w', force_zip64=True) as fid:
  File "/gpfs/home1/mbolding/.local/share/mamba/envs/visioncnn/lib/python3.11/zipfile.py", line 1234, in close
    self._fileobj.seek(self._zinfo.header_offset)
OSError: [Errno 122] Disk quota exceeded

During handling of the above exception, another exception occurred:

Traceback (most recent call last):
  File "/gpfs/home1/mbolding/.local/share/mamba/envs/visioncnn/lib/python3.11/zipfile.py", line 1925, in close
    self.fp.seek(self.start_dir)
OSError: [Errno 122] Disk quota exceeded

During handling of the above exception, another exception occurred:

Traceback (most recent call last):
  File "/gpfs/home1/mbolding/visionCNN/scripts/train.py", line 836, in <module>
    main(args)
  File "/gpfs/home1/mbolding/visionCNN/scripts/train.py", line 712, in main
    save_predictions_to_file(
  File "/gpfs/home1/mbolding/visionCNN/src/evaluation/ood_eval.py", line 235, in save_predictions_to_file
    np.savez_compressed(filepath, **{
  File "/gpfs/home1/mbolding/.local/share/mamba/envs/visioncnn/lib/python3.11/site-packages/numpy/lib/_npyio_impl.py", line 753, in savez_compressed
    _savez(file, args, kwds, True, allow_pickle=allow_pickle)
  File "/gpfs/home1/mbolding/.local/share/mamba/envs/visioncnn/lib/python3.11/site-packages/numpy/lib/_npyio_impl.py", line 790, in _savez
    zipf.close()
  File "/gpfs/home1/mbolding/.local/share/mamba/envs/visioncnn/lib/python3.11/zipfile.py", line 1930, in close
    self._fpclose(fp)
  File "/gpfs/home1/mbolding/.local/share/mamba/envs/visioncnn/lib/python3.11/zipfile.py", line 2030, in _fpclose
    fp.close()
OSError: [Errno 122] Disk quota exceeded
[rank0]: Traceback (most recent call last):
[rank0]:   File "/gpfs/home1/mbolding/.local/share/mamba/envs/visioncnn/lib/python3.11/site-packages/numpy/lib/_npyio_impl.py", line 785, in _savez
[rank0]:     with zipf.open(fname, 'w', force_zip64=True) as fid:
[rank0]:   File "/gpfs/home1/mbolding/.local/share/mamba/envs/visioncnn/lib/python3.11/zipfile.py", line 1234, in close
[rank0]:     self._fileobj.seek(self._zinfo.header_offset)
[rank0]: OSError: [Errno 122] Disk quota exceeded

[rank0]: During handling of the above exception, another exception occurred:

[rank0]: Traceback (most recent call last):
[rank0]:   File "/gpfs/home1/mbolding/.local/share/mamba/envs/visioncnn/lib/python3.11/zipfile.py", line 1925, in close
[rank0]:     self.fp.seek(self.start_dir)
[rank0]: OSError: [Errno 122] Disk quota exceeded

[rank0]: During handling of the above exception, another exception occurred:

[rank0]: Traceback (most recent call last):
[rank0]:   File "/gpfs/home1/mbolding/visionCNN/scripts/train.py", line 836, in <module>
[rank0]:     main(args)
[rank0]:   File "/gpfs/home1/mbolding/visionCNN/scripts/train.py", line 712, in main
[rank0]:     save_predictions_to_file(
[rank0]:   File "/gpfs/home1/mbolding/visionCNN/src/evaluation/ood_eval.py", line 235, in save_predictions_to_file
[rank0]:     np.savez_compressed(filepath, **{
[rank0]:   File "/gpfs/home1/mbolding/.local/share/mamba/envs/visioncnn/lib/python3.11/site-packages/numpy/lib/_npyio_impl.py", line 753, in savez_compressed
[rank0]:     _savez(file, args, kwds, True, allow_pickle=allow_pickle)
[rank0]:   File "/gpfs/home1/mbolding/.local/share/mamba/envs/visioncnn/lib/python3.11/site-packages/numpy/lib/_npyio_impl.py", line 790, in _savez
[rank0]:     zipf.close()
[rank0]:   File "/gpfs/home1/mbolding/.local/share/mamba/envs/visioncnn/lib/python3.11/zipfile.py", line 1930, in close
[rank0]:     self._fpclose(fp)
[rank0]:   File "/gpfs/home1/mbolding/.local/share/mamba/envs/visioncnn/lib/python3.11/zipfile.py", line 2030, in _fpclose
[rank0]:     fp.close()
[rank0]: OSError: [Errno 122] Disk quota exceeded
E0316 15:01:33.919000 2579151 site-packages/torch/distributed/elastic/multiprocessing/api.py:869] failed (exitcode: 1) local_rank: 0 (pid: 2579171) of binary: /gpfs/home1/mbolding/.local/share/mamba/envs/visioncnn/bin/python
Traceback (most recent call last):
  File "/gpfs/home1/mbolding/.local/share/mamba/envs/visioncnn/bin/torchrun", line 33, in <module>
    sys.exit(load_entry_point('torch==2.5.1', 'console_scripts', 'torchrun')())
             ^^^^^^^^^^^^^^^^^^^^^^^^^^^^^^^^^^^^^^^^^^^^^^^^^^^^^^^^^^^^^^^^^
  File "/gpfs/home1/mbolding/.local/share/mamba/envs/visioncnn/lib/python3.11/site-packages/torch/distributed/elastic/multiprocessing/errors/__init__.py", line 355, in wrapper
    return f(*args, **kwargs)
           ^^^^^^^^^^^^^^^^^^
  File "/gpfs/home1/mbolding/.local/share/mamba/envs/visioncnn/lib/python3.11/site-packages/torch/distributed/run.py", line 919, in main
    run(args)
  File "/gpfs/home1/mbolding/.local/share/mamba/envs/visioncnn/lib/python3.11/site-packages/torch/distributed/run.py", line 910, in run
    elastic_launch(
  File "/gpfs/home1/mbolding/.local/share/mamba/envs/visioncnn/lib/python3.11/site-packages/torch/distributed/launcher/api.py", line 138, in __call__
    return launch_agent(self._config, self._entrypoint, list(args))
           ^^^^^^^^^^^^^^^^^^^^^^^^^^^^^^^^^^^^^^^^^^^^^^^^^^^^^^^^
  File "/gpfs/home1/mbolding/.local/share/mamba/envs/visioncnn/lib/python3.11/site-packages/torch/distributed/launcher/api.py", line 269, in launch_agent
    raise ChildFailedError(
torch.distributed.elastic.multiprocessing.errors.ChildFailedError: 
============================================================
scripts/train.py FAILED
------------------------------------------------------------
Failures:
  <NO_OTHER_FAILURES>
------------------------------------------------------------
Root Cause (first observed failure):
[0]:
  time      : 2026-03-16_15:01:33
  host      : gcn15.local.snellius.surf.nl
  rank      : 0 (local_rank: 0)
  exitcode  : 1 (pid: 2579171)
  error_file: <N/A>
  traceback : To enable traceback see: https://pytorch.org/docs/stable/elastic/errors.html
============================================================
srun: error: gcn15: task 0: Exited with exit code 1
srun: Terminating StepId=20769792.0
