[rank0]:[W316 14:12:40.850504558 ProcessGroupNCCL.cpp:4115] [PG ID 0 PG GUID 0 Rank 0]  using GPU 0 to perform barrier as devices used by this process are currently unknown. This can potentially cause a hang if this rank to GPU mapping is incorrect.Specify device_ids in barrier() to force use of a particular device,or call init_process_group() with a device_id.
2026-03-16 14:12:41,125 [INFO] Distributed: DistributedManager(rank=0, local_rank=0, world_size=1, device=cuda:0, is_distributed=True)
2026-03-16 14:12:41,125 [INFO] Config: {'experiment_name': 'resnet50_batchnorm_imagenet_ecoset_ecovalid_seed44', 'model': {'name': 'resnet50_custom', 'num_classes': 136, 'norm_layer': 'batchnorm'}, 'data': {'dataset': 'imagenet_ecoset136', 'root': '/scratch-nvme/ml-datasets/imagenet/torchvision_ImageFolder', 'img_size': 224, 'backend': 'pytorch', 'num_workers': 16, 'pin_memory': True, 'persistent_workers': True, 'prefetch_factor': 2, 'gpu_transforms': True, 'random_rotation': True, 'random_rotation_degrees': 15, 'color_jitter': True, 'color_jitter_brightness': 0.2, 'color_jitter_contrast': 0.2, 'color_jitter_saturation': 0.2, 'color_jitter_hue': 0.05, 'gaussian_blur': True, 'random_grayscale': True, 'random_grayscale_p': 0.1}, 'training': {'epochs': 25, 'batch_size': 256, 'val_batch_size': 512, 'lr': 0.001, 'min_lr': 1e-05, 'weight_decay': 0.05, 'optimizer': 'adamw', 'scheduler': 'cosine', 'label_smoothing': 0.1, 'use_amp': True, 'channels_last': True, 'seed': 44, 'checkpoint_schedule': [[10, 1], [20, 2], [25, 3]], 'disable_progress_bar': True}, 'logging': {'log_dir': 'logs'}, 'ood_eval': {'enabled': True, 'source_dataset': 'imagenet_ecoset136', 'datasets_root': '/scratch-nvme/ml-datasets', 'bn_adapt': True, 'imagenet_c': {'during_training': True, 'corruptions_during_training': ['gaussian_noise', 'defocus_blur', 'fog', 'contrast'], 'severity_during_training': 3}, 'save_predictions': True}, 'wandb': {'enabled': True, 'project': 'norm-comparison', 'group': 'resnet50-imagenet-ecoset-ecovalid-norm-experiment', 'tags': ['resnet50', 'snellius', 'norm-experiment', 'a100', 'imagenet_ecoset136', 'ecovalid-aug', 'batchnorm']}, '_machine': {'log_dir': '/projects/prjs0771/melle/projects/visionCNN/logs'}}
2026-03-16 14:12:41,127 [INFO] Run directory: logs/resnet50_batchnorm_imagenet_ecoset_ecovalid_seed44
wandb: [wandb.login()] Loaded credentials for https://api.wandb.ai from /home/mbolding/.netrc.
wandb: Currently logged in as: mellebolding (mellebolding-university-of-amsterdam) to https://api.wandb.ai. Use `wandb login --relogin` to force relogin
wandb: setting up run 6al3dt58
wandb: Tracking run with wandb version 0.25.0
wandb: Run data is saved locally in logs/resnet50_batchnorm_imagenet_ecoset_ecovalid_seed44/wandb/run-20260316_141241-6al3dt58
wandb: Run `wandb offline` to turn off syncing.
wandb: Syncing run resnet50_batchnorm_imagenet_ecoset_ecovalid_seed44
wandb: ⭐️ View project at https://wandb.ai/mellebolding-university-of-amsterdam/norm-comparison
wandb: 🚀 View run at https://wandb.ai/mellebolding-university-of-amsterdam/norm-comparison/runs/6al3dt58
2026-03-16 14:12:42,696 [INFO] Weights & Biases logging enabled
2026-03-16 14:12:42,699 [INFO] Set random seed: 44 (rank offset applied)
2026-03-16 14:12:42,700 [INFO] Using device: cuda:0
2026-03-16 14:12:42,700 [INFO] World size: 1
2026-03-16 14:12:43,040 [INFO] Model: resnet50_custom, Parameters: 23,786,696
2026-03-16 14:12:43,075 [INFO] Using channels-last (NHWC) memory format
2026-03-16 14:12:43,124 [INFO] Mixed precision training: True
2026-03-16 14:13:00,319 [INFO] Using GPU-accelerated transforms to reduce CPU bottleneck
2026-03-16 14:13:00,319 [INFO] Train samples: 176411, Val samples: 6800
2026-03-16 14:13:00,320 [INFO] Effective batch size: 256 (256 x 1 GPUs)
2026-03-16 14:13:22,569 [INFO] OOD evaluation enabled: 4 datasets loaded (imagenet_c_gaussian_noise_s3, imagenet_c_defocus_blur_s3, imagenet_c_fog_s3, imagenet_c_contrast_s3)
2026-03-16 14:13:22,571 [INFO] Saving per-image predictions to logs/resnet50_batchnorm_imagenet_ecoset_ecovalid_seed44/predictions
2026-03-16 14:13:22,572 [INFO] Starting training for 25 epochs...
2026-03-16 14:16:35,284 [INFO] Running OOD evaluation (epoch 1)...
2026-03-16 14:17:22,428 [INFO] OOD accuracies: imagenet_c_contrast_s3: 5.7%, imagenet_c_defocus_blur_s3: 7.9%, imagenet_c_fog_s3: 6.8%, imagenet_c_gaussian_noise_s3: 8.2%
2026-03-16 14:17:22,449 [INFO] Epoch 1/25 | Train Loss: 4.5014, Train Acc: 6.76% | Val Loss: 4.0577, Val Acc: 15.12% | LR: 0.000996 | Time: 239.9s
2026-03-16 14:17:22,751 [INFO] New best accuracy: 15.12%
2026-03-16 14:20:32,908 [INFO] Running OOD evaluation (epoch 2)...
2026-03-16 14:21:20,078 [INFO] OOD accuracies: imagenet_c_contrast_s3: 9.8%, imagenet_c_defocus_blur_s3: 10.9%, imagenet_c_fog_s3: 10.1%, imagenet_c_gaussian_noise_s3: 10.9%
2026-03-16 14:21:20,097 [INFO] Epoch 2/25 | Train Loss: 3.9485, Train Acc: 16.32% | Val Loss: 3.6211, Val Acc: 23.04% | LR: 0.000984 | Time: 234.0s
2026-03-16 14:21:20,357 [INFO] New best accuracy: 23.04%
2026-03-16 14:24:29,966 [INFO] Running OOD evaluation (epoch 3)...
2026-03-16 14:25:16,724 [INFO] OOD accuracies: imagenet_c_contrast_s3: 14.2%, imagenet_c_defocus_blur_s3: 14.4%, imagenet_c_fog_s3: 14.7%, imagenet_c_gaussian_noise_s3: 15.1%
2026-03-16 14:25:16,744 [INFO] Epoch 3/25 | Train Loss: 3.6231, Train Acc: 23.25% | Val Loss: 3.3310, Val Acc: 30.18% | LR: 0.000965 | Time: 234.7s
2026-03-16 14:25:17,003 [INFO] New best accuracy: 30.18%
2026-03-16 14:28:25,640 [INFO] Running OOD evaluation (epoch 4)...
2026-03-16 14:29:12,128 [INFO] OOD accuracies: imagenet_c_contrast_s3: 18.0%, imagenet_c_defocus_blur_s3: 17.3%, imagenet_c_fog_s3: 16.8%, imagenet_c_gaussian_noise_s3: 18.2%
2026-03-16 14:29:12,148 [INFO] Epoch 4/25 | Train Loss: 3.3747, Train Acc: 29.25% | Val Loss: 3.1459, Val Acc: 35.21% | LR: 0.000939 | Time: 233.5s
2026-03-16 14:29:12,406 [INFO] New best accuracy: 35.21%
2026-03-16 14:32:22,112 [INFO] Running OOD evaluation (epoch 5)...
2026-03-16 14:33:08,953 [INFO] OOD accuracies: imagenet_c_contrast_s3: 20.7%, imagenet_c_defocus_blur_s3: 18.9%, imagenet_c_fog_s3: 20.5%, imagenet_c_gaussian_noise_s3: 21.2%
2026-03-16 14:33:08,974 [INFO] Epoch 5/25 | Train Loss: 3.1812, Train Acc: 34.10% | Val Loss: 2.8629, Val Acc: 41.32% | LR: 0.000905 | Time: 234.8s
2026-03-16 14:33:09,233 [INFO] New best accuracy: 41.32%
2026-03-16 14:36:20,567 [INFO] Running OOD evaluation (epoch 6)...
2026-03-16 14:37:07,446 [INFO] OOD accuracies: imagenet_c_contrast_s3: 26.0%, imagenet_c_defocus_blur_s3: 21.9%, imagenet_c_fog_s3: 24.0%, imagenet_c_gaussian_noise_s3: 23.7%
2026-03-16 14:37:07,465 [INFO] Epoch 6/25 | Train Loss: 3.0196, Train Acc: 38.44% | Val Loss: 2.6890, Val Acc: 46.50% | LR: 0.000866 | Time: 236.5s
2026-03-16 14:37:07,723 [INFO] New best accuracy: 46.50%
2026-03-16 14:40:17,387 [INFO] Running OOD evaluation (epoch 7)...
2026-03-16 14:41:04,742 [INFO] OOD accuracies: imagenet_c_contrast_s3: 27.5%, imagenet_c_defocus_blur_s3: 23.5%, imagenet_c_fog_s3: 26.5%, imagenet_c_gaussian_noise_s3: 24.8%
2026-03-16 14:41:04,760 [INFO] Epoch 7/25 | Train Loss: 2.8739, Train Acc: 42.26% | Val Loss: 2.6101, Val Acc: 49.22% | LR: 0.000821 | Time: 235.4s
2026-03-16 14:41:05,021 [INFO] New best accuracy: 49.22%
2026-03-16 14:44:17,089 [INFO] Running OOD evaluation (epoch 8)...
2026-03-16 14:45:04,681 [INFO] OOD accuracies: imagenet_c_contrast_s3: 29.2%, imagenet_c_defocus_blur_s3: 23.5%, imagenet_c_fog_s3: 26.5%, imagenet_c_gaussian_noise_s3: 25.7%
2026-03-16 14:45:04,700 [INFO] Epoch 8/25 | Train Loss: 2.7492, Train Acc: 45.59% | Val Loss: 2.4712, Val Acc: 52.81% | LR: 0.000770 | Time: 238.0s
2026-03-16 14:45:04,961 [INFO] New best accuracy: 52.81%
2026-03-16 14:48:17,513 [INFO] Running OOD evaluation (epoch 9)...
2026-03-16 14:49:05,450 [INFO] OOD accuracies: imagenet_c_contrast_s3: 31.6%, imagenet_c_defocus_blur_s3: 24.7%, imagenet_c_fog_s3: 28.2%, imagenet_c_gaussian_noise_s3: 28.6%
2026-03-16 14:49:05,469 [INFO] Epoch 9/25 | Train Loss: 2.6494, Train Acc: 48.33% | Val Loss: 2.4015, Val Acc: 54.15% | LR: 0.000716 | Time: 238.8s
2026-03-16 14:49:05,731 [INFO] New best accuracy: 54.15%
2026-03-16 14:52:19,593 [INFO] Running OOD evaluation (epoch 10)...
2026-03-16 14:53:07,093 [INFO] OOD accuracies: imagenet_c_contrast_s3: 33.6%, imagenet_c_defocus_blur_s3: 26.2%, imagenet_c_fog_s3: 31.1%, imagenet_c_gaussian_noise_s3: 28.8%
2026-03-16 14:53:07,114 [INFO] Epoch 10/25 | Train Loss: 2.5386, Train Acc: 51.23% | Val Loss: 2.3000, Val Acc: 56.65% | LR: 0.000658 | Time: 239.4s
2026-03-16 14:53:07,374 [INFO] New best accuracy: 56.65%
2026-03-16 14:56:14,722 [INFO] Epoch 11/25 | Train Loss: 2.4603, Train Acc: 53.61% | (validation skipped) | LR: 0.000598 | Time: 185.7s
2026-03-16 14:59:25,271 [INFO] Running OOD evaluation (epoch 12)...
2026-03-16 15:00:13,233 [INFO] OOD accuracies: imagenet_c_contrast_s3: 36.1%, imagenet_c_defocus_blur_s3: 27.1%, imagenet_c_fog_s3: 33.2%, imagenet_c_gaussian_noise_s3: 30.9%
Traceback (most recent call last):
  File "/gpfs/home1/mbolding/.local/share/mamba/envs/visioncnn/lib/python3.11/site-packages/numpy/lib/_npyio_impl.py", line 785, in _savez
    with zipf.open(fname, 'w', force_zip64=True) as fid:
  File "/gpfs/home1/mbolding/.local/share/mamba/envs/visioncnn/lib/python3.11/zipfile.py", line 1234, in close
    self._fileobj.seek(self._zinfo.header_offset)
OSError: [Errno 122] Disk quota exceeded

During handling of the above exception, another exception occurred:

Traceback (most recent call last):
  File "/gpfs/home1/mbolding/.local/share/mamba/envs/visioncnn/lib/python3.11/zipfile.py", line 1925, in close
    self.fp.seek(self.start_dir)
OSError: [Errno 122] Disk quota exceeded

During handling of the above exception, another exception occurred:

Traceback (most recent call last):
  File "/gpfs/home1/mbolding/visionCNN/scripts/train.py", line 836, in <module>
    main(args)
  File "/gpfs/home1/mbolding/visionCNN/scripts/train.py", line 712, in main
    save_predictions_to_file(
  File "/gpfs/home1/mbolding/visionCNN/src/evaluation/ood_eval.py", line 235, in save_predictions_to_file
    np.savez_compressed(filepath, **{
  File "/gpfs/home1/mbolding/.local/share/mamba/envs/visioncnn/lib/python3.11/site-packages/numpy/lib/_npyio_impl.py", line 753, in savez_compressed
    _savez(file, args, kwds, True, allow_pickle=allow_pickle)
  File "/gpfs/home1/mbolding/.local/share/mamba/envs/visioncnn/lib/python3.11/site-packages/numpy/lib/_npyio_impl.py", line 790, in _savez
    zipf.close()
  File "/gpfs/home1/mbolding/.local/share/mamba/envs/visioncnn/lib/python3.11/zipfile.py", line 1930, in close
    self._fpclose(fp)
  File "/gpfs/home1/mbolding/.local/share/mamba/envs/visioncnn/lib/python3.11/zipfile.py", line 2030, in _fpclose
    fp.close()
OSError: [Errno 122] Disk quota exceeded
[rank0]: Traceback (most recent call last):
[rank0]:   File "/gpfs/home1/mbolding/.local/share/mamba/envs/visioncnn/lib/python3.11/site-packages/numpy/lib/_npyio_impl.py", line 785, in _savez
[rank0]:     with zipf.open(fname, 'w', force_zip64=True) as fid:
[rank0]:   File "/gpfs/home1/mbolding/.local/share/mamba/envs/visioncnn/lib/python3.11/zipfile.py", line 1234, in close
[rank0]:     self._fileobj.seek(self._zinfo.header_offset)
[rank0]: OSError: [Errno 122] Disk quota exceeded

[rank0]: During handling of the above exception, another exception occurred:

[rank0]: Traceback (most recent call last):
[rank0]:   File "/gpfs/home1/mbolding/.local/share/mamba/envs/visioncnn/lib/python3.11/zipfile.py", line 1925, in close
[rank0]:     self.fp.seek(self.start_dir)
[rank0]: OSError: [Errno 122] Disk quota exceeded

[rank0]: During handling of the above exception, another exception occurred:

[rank0]: Traceback (most recent call last):
[rank0]:   File "/gpfs/home1/mbolding/visionCNN/scripts/train.py", line 836, in <module>
[rank0]:     main(args)
[rank0]:   File "/gpfs/home1/mbolding/visionCNN/scripts/train.py", line 712, in main
[rank0]:     save_predictions_to_file(
[rank0]:   File "/gpfs/home1/mbolding/visionCNN/src/evaluation/ood_eval.py", line 235, in save_predictions_to_file
[rank0]:     np.savez_compressed(filepath, **{
[rank0]:   File "/gpfs/home1/mbolding/.local/share/mamba/envs/visioncnn/lib/python3.11/site-packages/numpy/lib/_npyio_impl.py", line 753, in savez_compressed
[rank0]:     _savez(file, args, kwds, True, allow_pickle=allow_pickle)
[rank0]:   File "/gpfs/home1/mbolding/.local/share/mamba/envs/visioncnn/lib/python3.11/site-packages/numpy/lib/_npyio_impl.py", line 790, in _savez
[rank0]:     zipf.close()
[rank0]:   File "/gpfs/home1/mbolding/.local/share/mamba/envs/visioncnn/lib/python3.11/zipfile.py", line 1930, in close
[rank0]:     self._fpclose(fp)
[rank0]:   File "/gpfs/home1/mbolding/.local/share/mamba/envs/visioncnn/lib/python3.11/zipfile.py", line 2030, in _fpclose
[rank0]:     fp.close()
[rank0]: OSError: [Errno 122] Disk quota exceeded
E0316 15:02:57.555000 2636933 site-packages/torch/distributed/elastic/multiprocessing/api.py:869] failed (exitcode: 1) local_rank: 0 (pid: 2636947) of binary: /gpfs/home1/mbolding/.local/share/mamba/envs/visioncnn/bin/python
Traceback (most recent call last):
  File "/gpfs/home1/mbolding/.local/share/mamba/envs/visioncnn/bin/torchrun", line 33, in <module>
    sys.exit(load_entry_point('torch==2.5.1', 'console_scripts', 'torchrun')())
             ^^^^^^^^^^^^^^^^^^^^^^^^^^^^^^^^^^^^^^^^^^^^^^^^^^^^^^^^^^^^^^^^^
  File "/gpfs/home1/mbolding/.local/share/mamba/envs/visioncnn/lib/python3.11/site-packages/torch/distributed/elastic/multiprocessing/errors/__init__.py", line 355, in wrapper
    return f(*args, **kwargs)
           ^^^^^^^^^^^^^^^^^^
  File "/gpfs/home1/mbolding/.local/share/mamba/envs/visioncnn/lib/python3.11/site-packages/torch/distributed/run.py", line 919, in main
    run(args)
  File "/gpfs/home1/mbolding/.local/share/mamba/envs/visioncnn/lib/python3.11/site-packages/torch/distributed/run.py", line 910, in run
    elastic_launch(
  File "/gpfs/home1/mbolding/.local/share/mamba/envs/visioncnn/lib/python3.11/site-packages/torch/distributed/launcher/api.py", line 138, in __call__
    return launch_agent(self._config, self._entrypoint, list(args))
           ^^^^^^^^^^^^^^^^^^^^^^^^^^^^^^^^^^^^^^^^^^^^^^^^^^^^^^^^
  File "/gpfs/home1/mbolding/.local/share/mamba/envs/visioncnn/lib/python3.11/site-packages/torch/distributed/launcher/api.py", line 269, in launch_agent
    raise ChildFailedError(
torch.distributed.elastic.multiprocessing.errors.ChildFailedError: 
============================================================
scripts/train.py FAILED
------------------------------------------------------------
Failures:
  <NO_OTHER_FAILURES>
------------------------------------------------------------
Root Cause (first observed failure):
[0]:
  time      : 2026-03-16_15:02:57
  host      : gcn11.local.snellius.surf.nl
  rank      : 0 (local_rank: 0)
  exitcode  : 1 (pid: 2636947)
  error_file: <N/A>
  traceback : To enable traceback see: https://pytorch.org/docs/stable/elastic/errors.html
============================================================
srun: error: gcn11: task 0: Exited with exit code 1
srun: Terminating StepId=20769790.0
