[rank0]:[W316 11:15:19.395272315 ProcessGroupNCCL.cpp:4115] [PG ID 0 PG GUID 0 Rank 0]  using GPU 0 to perform barrier as devices used by this process are currently unknown. This can potentially cause a hang if this rank to GPU mapping is incorrect.Specify device_ids in barrier() to force use of a particular device,or call init_process_group() with a device_id.
2026-03-16 11:15:19,429 [INFO] Distributed: DistributedManager(rank=0, local_rank=0, world_size=1, device=cuda:0, is_distributed=True)
2026-03-16 11:15:19,429 [INFO] Config: {'experiment_name': 'resnet50_layernorm_imagenet_ecoset_ecovalid_seed44', 'model': {'name': 'resnet50_custom', 'num_classes': 136, 'norm_layer': 'layernorm'}, 'data': {'dataset': 'imagenet_ecoset136', 'root': '/scratch-nvme/ml-datasets/imagenet/torchvision_ImageFolder', 'img_size': 224, 'backend': 'pytorch', 'num_workers': 16, 'pin_memory': True, 'persistent_workers': True, 'prefetch_factor': 2, 'gpu_transforms': True, 'random_rotation': True, 'random_rotation_degrees': 15, 'color_jitter': True, 'color_jitter_brightness': 0.2, 'color_jitter_contrast': 0.2, 'color_jitter_saturation': 0.2, 'color_jitter_hue': 0.05, 'gaussian_blur': True, 'random_grayscale': True, 'random_grayscale_p': 0.1}, 'training': {'epochs': 25, 'batch_size': 256, 'lr': 0.001, 'min_lr': 1e-05, 'weight_decay': 0.05, 'optimizer': 'adamw', 'scheduler': 'cosine', 'label_smoothing': 0.1, 'use_amp': True, 'channels_last': True, 'seed': 44, 'checkpoint_schedule': [[10, 1], [20, 2], [25, 3]], 'disable_progress_bar': True}, 'logging': {'log_dir': 'logs'}, 'ood_eval': {'enabled': True, 'source_dataset': 'imagenet_ecoset136', 'datasets_root': '/scratch-nvme/ml-datasets', 'imagenet_c': {'during_training': True, 'corruptions_during_training': ['gaussian_noise', 'defocus_blur', 'fog', 'contrast'], 'severity_during_training': 3}, 'save_predictions': True}, 'wandb': {'enabled': True, 'project': 'norm-comparison', 'group': 'resnet50-imagenet-ecoset-ecovalid-norm-experiment', 'tags': ['imagenet_ecoset136', 'snellius', 'layernorm', 'norm-experiment', 'ecovalid-aug', 'resnet50', 'a100']}, '_machine': {'log_dir': '/projects/prjs0771/melle/projects/visionCNN/logs'}}
2026-03-16 11:15:19,429 [INFO] Run directory: logs/resnet50_layernorm_imagenet_ecoset_ecovalid_seed44
wandb: [wandb.login()] Loaded credentials for https://api.wandb.ai from /home/mbolding/.netrc.
wandb: Currently logged in as: mellebolding (mellebolding-university-of-amsterdam) to https://api.wandb.ai. Use `wandb login --relogin` to force relogin
wandb: setting up run 715jpab1
wandb: Tracking run with wandb version 0.25.0
wandb: Run data is saved locally in logs/resnet50_layernorm_imagenet_ecoset_ecovalid_seed44/wandb/run-20260316_111519-715jpab1
wandb: Run `wandb offline` to turn off syncing.
wandb: Syncing run resnet50_layernorm_imagenet_ecoset_ecovalid_seed44
wandb: ⭐️ View project at https://wandb.ai/mellebolding-university-of-amsterdam/norm-comparison
wandb: 🚀 View run at https://wandb.ai/mellebolding-university-of-amsterdam/norm-comparison/runs/715jpab1
2026-03-16 11:15:20,821 [INFO] Weights & Biases logging enabled
2026-03-16 11:15:20,825 [INFO] Set random seed: 44 (rank offset applied)
2026-03-16 11:15:20,825 [INFO] Using device: cuda:0
2026-03-16 11:15:20,826 [INFO] World size: 1
2026-03-16 11:15:21,163 [INFO] Model: resnet50_custom, Parameters: 23,786,696
2026-03-16 11:15:21,192 [INFO] Using channels-last (NHWC) memory format
2026-03-16 11:15:21,233 [INFO] Mixed precision training: True
2026-03-16 11:15:42,636 [INFO] Using GPU-accelerated transforms to reduce CPU bottleneck
2026-03-16 11:15:42,637 [INFO] Train samples: 176411, Val samples: 6800
2026-03-16 11:15:42,637 [INFO] Effective batch size: 256 (256 x 1 GPUs)
2026-03-16 11:15:46,756 [INFO] OOD evaluation enabled: 4 datasets loaded (imagenet_c_gaussian_noise_s3, imagenet_c_defocus_blur_s3, imagenet_c_fog_s3, imagenet_c_contrast_s3)
2026-03-16 11:15:46,757 [INFO] Saving per-image predictions to logs/resnet50_layernorm_imagenet_ecoset_ecovalid_seed44/predictions
2026-03-16 11:15:46,757 [INFO] Starting training for 25 epochs...
2026-03-16 11:20:27,254 [INFO] Running OOD evaluation (epoch 1)...
2026-03-16 11:21:13,080 [INFO] OOD accuracies: imagenet_c_contrast_s3: 2.0%, imagenet_c_defocus_blur_s3: 2.6%, imagenet_c_fog_s3: 1.1%, imagenet_c_gaussian_noise_s3: 2.5%
2026-03-16 11:21:13,098 [INFO] Epoch 1/25 | Train Loss: 4.9087, Train Acc: 1.04% | Val Loss: 4.7693, Val Acc: 2.60% | LR: 0.000996 | Time: 326.3s
2026-03-16 11:21:13,392 [INFO] New best accuracy: 2.60%
2026-03-16 11:25:51,506 [INFO] Running OOD evaluation (epoch 2)...
2026-03-16 11:26:36,785 [INFO] OOD accuracies: imagenet_c_contrast_s3: 4.9%, imagenet_c_defocus_blur_s3: 6.6%, imagenet_c_fog_s3: 2.1%, imagenet_c_gaussian_noise_s3: 6.8%
2026-03-16 11:26:36,800 [INFO] Epoch 2/25 | Train Loss: 4.6704, Train Acc: 3.80% | Val Loss: 4.4404, Val Acc: 6.94% | LR: 0.000984 | Time: 320.3s
2026-03-16 11:26:37,048 [INFO] New best accuracy: 6.94%
2026-03-16 11:31:13,698 [INFO] Running OOD evaluation (epoch 3)...
2026-03-16 11:31:59,024 [INFO] OOD accuracies: imagenet_c_contrast_s3: 7.0%, imagenet_c_defocus_blur_s3: 9.4%, imagenet_c_fog_s3: 2.9%, imagenet_c_gaussian_noise_s3: 10.2%
2026-03-16 11:31:59,040 [INFO] Epoch 3/25 | Train Loss: 4.4101, Train Acc: 7.74% | Val Loss: 4.1682, Val Acc: 11.78% | LR: 0.000965 | Time: 320.3s
2026-03-16 11:31:59,287 [INFO] New best accuracy: 11.78%
2026-03-16 11:36:35,812 [INFO] Running OOD evaluation (epoch 4)...
2026-03-16 11:37:21,084 [INFO] OOD accuracies: imagenet_c_contrast_s3: 11.6%, imagenet_c_defocus_blur_s3: 13.2%, imagenet_c_fog_s3: 4.5%, imagenet_c_gaussian_noise_s3: 13.2%
2026-03-16 11:37:21,100 [INFO] Epoch 4/25 | Train Loss: 4.1635, Train Acc: 12.32% | Val Loss: 3.8790, Val Acc: 18.40% | LR: 0.000939 | Time: 320.1s
2026-03-16 11:37:21,348 [INFO] New best accuracy: 18.40%
2026-03-16 11:41:58,330 [INFO] Running OOD evaluation (epoch 5)...
2026-03-16 11:42:43,515 [INFO] OOD accuracies: imagenet_c_contrast_s3: 13.0%, imagenet_c_defocus_blur_s3: 14.1%, imagenet_c_fog_s3: 5.5%, imagenet_c_gaussian_noise_s3: 13.8%
2026-03-16 11:42:43,531 [INFO] Epoch 5/25 | Train Loss: 3.9470, Train Acc: 16.95% | Val Loss: 3.6831, Val Acc: 22.74% | LR: 0.000905 | Time: 320.6s
2026-03-16 11:42:43,779 [INFO] New best accuracy: 22.74%
2026-03-16 11:47:20,622 [INFO] Running OOD evaluation (epoch 6)...
2026-03-16 11:48:06,281 [INFO] OOD accuracies: imagenet_c_contrast_s3: 17.0%, imagenet_c_defocus_blur_s3: 20.1%, imagenet_c_fog_s3: 6.6%, imagenet_c_gaussian_noise_s3: 15.4%
2026-03-16 11:48:06,297 [INFO] Epoch 6/25 | Train Loss: 3.7840, Train Acc: 20.47% | Val Loss: 3.5406, Val Acc: 25.56% | LR: 0.000866 | Time: 320.9s
2026-03-16 11:48:06,545 [INFO] New best accuracy: 25.56%
2026-03-16 11:52:42,966 [INFO] Running OOD evaluation (epoch 7)...
2026-03-16 11:53:28,448 [INFO] OOD accuracies: imagenet_c_contrast_s3: 19.3%, imagenet_c_defocus_blur_s3: 19.4%, imagenet_c_fog_s3: 9.7%, imagenet_c_gaussian_noise_s3: 16.7%
2026-03-16 11:53:28,464 [INFO] Epoch 7/25 | Train Loss: 3.6395, Train Acc: 23.71% | Val Loss: 3.3537, Val Acc: 29.78% | LR: 0.000821 | Time: 320.3s
2026-03-16 11:53:28,713 [INFO] New best accuracy: 29.78%
2026-03-16 11:58:05,573 [INFO] Running OOD evaluation (epoch 8)...
2026-03-16 11:58:50,953 [INFO] OOD accuracies: imagenet_c_contrast_s3: 21.0%, imagenet_c_defocus_blur_s3: 23.5%, imagenet_c_fog_s3: 12.2%, imagenet_c_gaussian_noise_s3: 14.4%
2026-03-16 11:58:50,970 [INFO] Epoch 8/25 | Train Loss: 3.5312, Train Acc: 26.23% | Val Loss: 3.2675, Val Acc: 32.97% | LR: 0.000770 | Time: 320.6s
2026-03-16 11:58:51,219 [INFO] New best accuracy: 32.97%
2026-03-16 12:03:28,952 [INFO] Running OOD evaluation (epoch 9)...
2026-03-16 12:04:14,300 [INFO] OOD accuracies: imagenet_c_contrast_s3: 22.1%, imagenet_c_defocus_blur_s3: 23.6%, imagenet_c_fog_s3: 11.3%, imagenet_c_gaussian_noise_s3: 17.2%
2026-03-16 12:04:14,316 [INFO] Epoch 9/25 | Train Loss: 3.4129, Train Acc: 29.02% | Val Loss: 3.1616, Val Acc: 35.01% | LR: 0.000716 | Time: 320.1s
2026-03-16 12:04:14,565 [INFO] New best accuracy: 35.01%
2026-03-16 12:08:51,110 [INFO] Running OOD evaluation (epoch 10)...
2026-03-16 12:09:36,709 [INFO] OOD accuracies: imagenet_c_contrast_s3: 24.4%, imagenet_c_defocus_blur_s3: 27.4%, imagenet_c_fog_s3: 11.2%, imagenet_c_gaussian_noise_s3: 14.4%
2026-03-16 12:09:36,726 [INFO] Epoch 10/25 | Train Loss: 3.3073, Train Acc: 31.57% | Val Loss: 3.0264, Val Acc: 38.60% | LR: 0.000658 | Time: 320.5s
2026-03-16 12:09:36,979 [INFO] New best accuracy: 38.60%
2026-03-16 12:14:06,346 [INFO] Epoch 11/25 | Train Loss: 3.2134, Train Acc: 33.94% | (validation skipped) | LR: 0.000598 | Time: 267.8s
2026-03-16 12:18:40,773 [INFO] Running OOD evaluation (epoch 12)...
2026-03-16 12:19:25,832 [INFO] OOD accuracies: imagenet_c_contrast_s3: 27.1%, imagenet_c_defocus_blur_s3: 32.4%, imagenet_c_fog_s3: 14.6%, imagenet_c_gaussian_noise_s3: 16.8%
2026-03-16 12:19:31,012 [INFO] Epoch 12/25 | Train Loss: 3.1222, Train Acc: 36.30% | Val Loss: 2.8641, Val Acc: 43.53% | LR: 0.000536 | Time: 324.7s
2026-03-16 12:19:31,259 [INFO] New best accuracy: 43.53%
2026-03-16 12:24:06,003 [INFO] Epoch 13/25 | Train Loss: 3.0394, Train Acc: 38.35% | (validation skipped) | LR: 0.000474 | Time: 268.2s
2026-03-16 12:28:40,720 [INFO] Running OOD evaluation (epoch 14)...
2026-03-16 12:29:26,282 [INFO] OOD accuracies: imagenet_c_contrast_s3: 29.8%, imagenet_c_defocus_blur_s3: 31.3%, imagenet_c_fog_s3: 14.3%, imagenet_c_gaussian_noise_s3: 12.7%
2026-03-16 12:29:29,323 [INFO] Epoch 14/25 | Train Loss: 2.9637, Train Acc: 40.19% | Val Loss: 2.7223, Val Acc: 46.65% | LR: 0.000412 | Time: 323.3s
2026-03-16 12:29:29,572 [INFO] New best accuracy: 46.65%
2026-03-16 12:33:59,523 [INFO] Epoch 15/25 | Train Loss: 2.8953, Train Acc: 42.05% | (validation skipped) | LR: 0.000352 | Time: 268.2s
2026-03-16 12:38:34,114 [INFO] Running OOD evaluation (epoch 16)...
2026-03-16 12:39:20,380 [INFO] OOD accuracies: imagenet_c_contrast_s3: 36.4%, imagenet_c_defocus_blur_s3: 35.8%, imagenet_c_fog_s3: 18.1%, imagenet_c_gaussian_noise_s3: 13.1%
2026-03-16 12:39:20,397 [INFO] Epoch 16/25 | Train Loss: 2.8307, Train Acc: 43.73% | Val Loss: 2.6277, Val Acc: 49.34% | LR: 0.000294 | Time: 320.9s
2026-03-16 12:39:20,646 [INFO] New best accuracy: 49.34%
2026-03-16 12:43:50,061 [INFO] Epoch 17/25 | Train Loss: 2.7715, Train Acc: 45.31% | (validation skipped) | LR: 0.000240 | Time: 267.8s
2026-03-16 12:48:25,130 [INFO] Running OOD evaluation (epoch 18)...
2026-03-16 12:49:10,902 [INFO] OOD accuracies: imagenet_c_contrast_s3: 38.8%, imagenet_c_defocus_blur_s3: 34.7%, imagenet_c_fog_s3: 17.9%, imagenet_c_gaussian_noise_s3: 14.9%
Traceback (most recent call last):
  File "/gpfs/home1/mbolding/.local/share/mamba/envs/visioncnn/lib/python3.11/site-packages/numpy/lib/_npyio_impl.py", line 785, in _savez
    with zipf.open(fname, 'w', force_zip64=True) as fid:
  File "/gpfs/home1/mbolding/.local/share/mamba/envs/visioncnn/lib/python3.11/zipfile.py", line 1234, in close
    self._fileobj.seek(self._zinfo.header_offset)
OSError: [Errno 122] Disk quota exceeded

During handling of the above exception, another exception occurred:

Traceback (most recent call last):
  File "/gpfs/home1/mbolding/.local/share/mamba/envs/visioncnn/lib/python3.11/zipfile.py", line 1925, in close
    self.fp.seek(self.start_dir)
OSError: [Errno 122] Disk quota exceeded

During handling of the above exception, another exception occurred:

Traceback (most recent call last):
  File "/gpfs/home1/mbolding/visionCNN/scripts/train.py", line 836, in <module>
    main(args)
  File "/gpfs/home1/mbolding/visionCNN/scripts/train.py", line 712, in main
    save_predictions_to_file(
  File "/gpfs/home1/mbolding/visionCNN/src/evaluation/ood_eval.py", line 235, in save_predictions_to_file
    np.savez_compressed(filepath, **{
  File "/gpfs/home1/mbolding/.local/share/mamba/envs/visioncnn/lib/python3.11/site-packages/numpy/lib/_npyio_impl.py", line 753, in savez_compressed
    _savez(file, args, kwds, True, allow_pickle=allow_pickle)
  File "/gpfs/home1/mbolding/.local/share/mamba/envs/visioncnn/lib/python3.11/site-packages/numpy/lib/_npyio_impl.py", line 790, in _savez
    zipf.close()
  File "/gpfs/home1/mbolding/.local/share/mamba/envs/visioncnn/lib/python3.11/zipfile.py", line 1930, in close
    self._fpclose(fp)
  File "/gpfs/home1/mbolding/.local/share/mamba/envs/visioncnn/lib/python3.11/zipfile.py", line 2030, in _fpclose
    fp.close()
OSError: [Errno 122] Disk quota exceeded
[rank0]: Traceback (most recent call last):
[rank0]:   File "/gpfs/home1/mbolding/.local/share/mamba/envs/visioncnn/lib/python3.11/site-packages/numpy/lib/_npyio_impl.py", line 785, in _savez
[rank0]:     with zipf.open(fname, 'w', force_zip64=True) as fid:
[rank0]:   File "/gpfs/home1/mbolding/.local/share/mamba/envs/visioncnn/lib/python3.11/zipfile.py", line 1234, in close
[rank0]:     self._fileobj.seek(self._zinfo.header_offset)
[rank0]: OSError: [Errno 122] Disk quota exceeded

[rank0]: During handling of the above exception, another exception occurred:

[rank0]: Traceback (most recent call last):
[rank0]:   File "/gpfs/home1/mbolding/.local/share/mamba/envs/visioncnn/lib/python3.11/zipfile.py", line 1925, in close
[rank0]:     self.fp.seek(self.start_dir)
[rank0]: OSError: [Errno 122] Disk quota exceeded

[rank0]: During handling of the above exception, another exception occurred:

[rank0]: Traceback (most recent call last):
[rank0]:   File "/gpfs/home1/mbolding/visionCNN/scripts/train.py", line 836, in <module>
[rank0]:     main(args)
[rank0]:   File "/gpfs/home1/mbolding/visionCNN/scripts/train.py", line 712, in main
[rank0]:     save_predictions_to_file(
[rank0]:   File "/gpfs/home1/mbolding/visionCNN/src/evaluation/ood_eval.py", line 235, in save_predictions_to_file
[rank0]:     np.savez_compressed(filepath, **{
[rank0]:   File "/gpfs/home1/mbolding/.local/share/mamba/envs/visioncnn/lib/python3.11/site-packages/numpy/lib/_npyio_impl.py", line 753, in savez_compressed
[rank0]:     _savez(file, args, kwds, True, allow_pickle=allow_pickle)
[rank0]:   File "/gpfs/home1/mbolding/.local/share/mamba/envs/visioncnn/lib/python3.11/site-packages/numpy/lib/_npyio_impl.py", line 790, in _savez
[rank0]:     zipf.close()
[rank0]:   File "/gpfs/home1/mbolding/.local/share/mamba/envs/visioncnn/lib/python3.11/zipfile.py", line 1930, in close
[rank0]:     self._fpclose(fp)
[rank0]:   File "/gpfs/home1/mbolding/.local/share/mamba/envs/visioncnn/lib/python3.11/zipfile.py", line 2030, in _fpclose
[rank0]:     fp.close()
[rank0]: OSError: [Errno 122] Disk quota exceeded
E0316 12:51:54.586000 2574808 site-packages/torch/distributed/elastic/multiprocessing/api.py:869] failed (exitcode: 1) local_rank: 0 (pid: 2574822) of binary: /gpfs/home1/mbolding/.local/share/mamba/envs/visioncnn/bin/python
Traceback (most recent call last):
  File "/gpfs/home1/mbolding/.local/share/mamba/envs/visioncnn/bin/torchrun", line 33, in <module>
    sys.exit(load_entry_point('torch==2.5.1', 'console_scripts', 'torchrun')())
             ^^^^^^^^^^^^^^^^^^^^^^^^^^^^^^^^^^^^^^^^^^^^^^^^^^^^^^^^^^^^^^^^^
  File "/gpfs/home1/mbolding/.local/share/mamba/envs/visioncnn/lib/python3.11/site-packages/torch/distributed/elastic/multiprocessing/errors/__init__.py", line 355, in wrapper
    return f(*args, **kwargs)
           ^^^^^^^^^^^^^^^^^^
  File "/gpfs/home1/mbolding/.local/share/mamba/envs/visioncnn/lib/python3.11/site-packages/torch/distributed/run.py", line 919, in main
    run(args)
  File "/gpfs/home1/mbolding/.local/share/mamba/envs/visioncnn/lib/python3.11/site-packages/torch/distributed/run.py", line 910, in run
    elastic_launch(
  File "/gpfs/home1/mbolding/.local/share/mamba/envs/visioncnn/lib/python3.11/site-packages/torch/distributed/launcher/api.py", line 138, in __call__
    return launch_agent(self._config, self._entrypoint, list(args))
           ^^^^^^^^^^^^^^^^^^^^^^^^^^^^^^^^^^^^^^^^^^^^^^^^^^^^^^^^
  File "/gpfs/home1/mbolding/.local/share/mamba/envs/visioncnn/lib/python3.11/site-packages/torch/distributed/launcher/api.py", line 269, in launch_agent
    raise ChildFailedError(
torch.distributed.elastic.multiprocessing.errors.ChildFailedError: 
============================================================
scripts/train.py FAILED
------------------------------------------------------------
Failures:
  <NO_OTHER_FAILURES>
------------------------------------------------------------
Root Cause (first observed failure):
[0]:
  time      : 2026-03-16_12:51:54
  host      : gcn44.local.snellius.surf.nl
  rank      : 0 (local_rank: 0)
  exitcode  : 1 (pid: 2574822)
  error_file: <N/A>
  traceback : To enable traceback see: https://pytorch.org/docs/stable/elastic/errors.html
============================================================
srun: error: gcn44: task 0: Exited with exit code 1
srun: Terminating StepId=20761161.0
