[rank0]:[W316 11:28:33.373475291 ProcessGroupNCCL.cpp:4115] [PG ID 0 PG GUID 0 Rank 0]  using GPU 0 to perform barrier as devices used by this process are currently unknown. This can potentially cause a hang if this rank to GPU mapping is incorrect.Specify device_ids in barrier() to force use of a particular device,or call init_process_group() with a device_id.
2026-03-16 11:28:33,642 [INFO] Distributed: DistributedManager(rank=0, local_rank=0, world_size=1, device=cuda:0, is_distributed=True)
2026-03-16 11:28:33,643 [INFO] Config: {'experiment_name': 'resnet50_rmsnorm_imagenet_ecoset_ecovalid_seed43', 'model': {'name': 'resnet50_custom', 'num_classes': 136, 'norm_layer': 'rmsnorm'}, 'data': {'dataset': 'imagenet_ecoset136', 'root': '/scratch-nvme/ml-datasets/imagenet/torchvision_ImageFolder', 'img_size': 224, 'backend': 'pytorch', 'num_workers': 16, 'pin_memory': True, 'persistent_workers': True, 'prefetch_factor': 2, 'gpu_transforms': True, 'random_rotation': True, 'random_rotation_degrees': 15, 'color_jitter': True, 'color_jitter_brightness': 0.2, 'color_jitter_contrast': 0.2, 'color_jitter_saturation': 0.2, 'color_jitter_hue': 0.05, 'gaussian_blur': True, 'random_grayscale': True, 'random_grayscale_p': 0.1}, 'training': {'epochs': 25, 'batch_size': 256, 'lr': 0.001, 'min_lr': 1e-05, 'weight_decay': 0.05, 'optimizer': 'adamw', 'scheduler': 'cosine', 'label_smoothing': 0.1, 'use_amp': True, 'channels_last': True, 'seed': 43, 'checkpoint_schedule': [[10, 1], [20, 2], [25, 3]], 'disable_progress_bar': True}, 'logging': {'log_dir': 'logs'}, 'ood_eval': {'enabled': True, 'source_dataset': 'imagenet_ecoset136', 'datasets_root': '/scratch-nvme/ml-datasets', 'imagenet_c': {'during_training': True, 'corruptions_during_training': ['gaussian_noise', 'defocus_blur', 'fog', 'contrast'], 'severity_during_training': 3}, 'save_predictions': True}, 'wandb': {'enabled': True, 'project': 'norm-comparison', 'group': 'resnet50-imagenet-ecoset-ecovalid-norm-experiment', 'tags': ['rmsnorm', 'ecovalid-aug', 'a100', 'norm-experiment', 'snellius', 'imagenet_ecoset136', 'resnet50']}, '_machine': {'log_dir': '/projects/prjs0771/melle/projects/visionCNN/logs'}}
2026-03-16 11:28:33,644 [INFO] Run directory: logs/resnet50_rmsnorm_imagenet_ecoset_ecovalid_seed43
wandb: [wandb.login()] Loaded credentials for https://api.wandb.ai from /home/mbolding/.netrc.
wandb: Currently logged in as: mellebolding (mellebolding-university-of-amsterdam) to https://api.wandb.ai. Use `wandb login --relogin` to force relogin
wandb: setting up run 6p6wf6bh
wandb: Tracking run with wandb version 0.25.0
wandb: Run data is saved locally in logs/resnet50_rmsnorm_imagenet_ecoset_ecovalid_seed43/wandb/run-20260316_112834-6p6wf6bh
wandb: Run `wandb offline` to turn off syncing.
wandb: Syncing run resnet50_rmsnorm_imagenet_ecoset_ecovalid_seed43
wandb: ⭐️ View project at https://wandb.ai/mellebolding-university-of-amsterdam/norm-comparison
wandb: 🚀 View run at https://wandb.ai/mellebolding-university-of-amsterdam/norm-comparison/runs/6p6wf6bh
2026-03-16 11:28:35,382 [INFO] Weights & Biases logging enabled
2026-03-16 11:28:35,385 [INFO] Set random seed: 43 (rank offset applied)
2026-03-16 11:28:35,385 [INFO] Using device: cuda:0
2026-03-16 11:28:35,385 [INFO] World size: 1
2026-03-16 11:28:35,719 [INFO] Model: resnet50_custom, Parameters: 23,760,136
2026-03-16 11:28:35,746 [INFO] Using channels-last (NHWC) memory format
2026-03-16 11:28:35,785 [INFO] Mixed precision training: True
2026-03-16 11:29:14,025 [INFO] Using GPU-accelerated transforms to reduce CPU bottleneck
2026-03-16 11:29:14,026 [INFO] Train samples: 176411, Val samples: 6800
2026-03-16 11:29:14,026 [INFO] Effective batch size: 256 (256 x 1 GPUs)
2026-03-16 11:29:18,981 [INFO] OOD evaluation enabled: 4 datasets loaded (imagenet_c_gaussian_noise_s3, imagenet_c_defocus_blur_s3, imagenet_c_fog_s3, imagenet_c_contrast_s3)
2026-03-16 11:29:18,984 [INFO] Saving per-image predictions to logs/resnet50_rmsnorm_imagenet_ecoset_ecovalid_seed43/predictions
2026-03-16 11:29:18,984 [INFO] Starting training for 25 epochs...
2026-03-16 11:35:13,294 [INFO] Running OOD evaluation (epoch 1)...
2026-03-16 11:35:58,174 [INFO] OOD accuracies: imagenet_c_contrast_s3: 2.7%, imagenet_c_defocus_blur_s3: 4.4%, imagenet_c_fog_s3: 1.8%, imagenet_c_gaussian_noise_s3: 4.4%
2026-03-16 11:35:58,195 [INFO] Epoch 1/25 | Train Loss: 4.7942, Train Acc: 2.19% | Val Loss: 4.5567, Val Acc: 4.53% | LR: 0.000996 | Time: 399.2s
2026-03-16 11:35:58,591 [INFO] New best accuracy: 4.53%
2026-03-16 11:41:48,136 [INFO] Running OOD evaluation (epoch 2)...
2026-03-16 11:42:33,259 [INFO] OOD accuracies: imagenet_c_contrast_s3: 6.7%, imagenet_c_defocus_blur_s3: 10.9%, imagenet_c_fog_s3: 4.8%, imagenet_c_gaussian_noise_s3: 11.4%
2026-03-16 11:42:33,275 [INFO] Epoch 2/25 | Train Loss: 4.4405, Train Acc: 7.30% | Val Loss: 4.1046, Val Acc: 13.60% | LR: 0.000984 | Time: 391.8s
2026-03-16 11:42:33,516 [INFO] New best accuracy: 13.60%
2026-03-16 11:48:22,250 [INFO] Running OOD evaluation (epoch 3)...
2026-03-16 11:49:07,219 [INFO] OOD accuracies: imagenet_c_contrast_s3: 12.8%, imagenet_c_defocus_blur_s3: 14.6%, imagenet_c_fog_s3: 7.6%, imagenet_c_gaussian_noise_s3: 14.1%
2026-03-16 11:49:07,237 [INFO] Epoch 3/25 | Train Loss: 4.0494, Train Acc: 14.84% | Val Loss: 3.6774, Val Acc: 22.56% | LR: 0.000965 | Time: 391.9s
2026-03-16 11:49:07,497 [INFO] New best accuracy: 22.56%
2026-03-16 11:54:55,637 [INFO] Running OOD evaluation (epoch 4)...
2026-03-16 11:55:40,511 [INFO] OOD accuracies: imagenet_c_contrast_s3: 16.9%, imagenet_c_defocus_blur_s3: 18.5%, imagenet_c_fog_s3: 13.5%, imagenet_c_gaussian_noise_s3: 13.3%
2026-03-16 11:55:40,528 [INFO] Epoch 4/25 | Train Loss: 3.7491, Train Acc: 21.05% | Val Loss: 3.4135, Val Acc: 28.66% | LR: 0.000939 | Time: 391.5s
2026-03-16 11:55:40,793 [INFO] New best accuracy: 28.66%
2026-03-16 12:01:32,613 [INFO] Running OOD evaluation (epoch 5)...
2026-03-16 12:02:18,811 [INFO] OOD accuracies: imagenet_c_contrast_s3: 22.4%, imagenet_c_defocus_blur_s3: 22.9%, imagenet_c_fog_s3: 14.5%, imagenet_c_gaussian_noise_s3: 13.2%
2026-03-16 12:02:18,827 [INFO] Epoch 5/25 | Train Loss: 3.5402, Train Acc: 25.84% | Val Loss: 3.2817, Val Acc: 31.28% | LR: 0.000905 | Time: 396.4s
2026-03-16 12:02:19,084 [INFO] New best accuracy: 31.28%
2026-03-16 12:08:08,264 [INFO] Running OOD evaluation (epoch 6)...
2026-03-16 12:08:58,555 [INFO] OOD accuracies: imagenet_c_contrast_s3: 22.4%, imagenet_c_defocus_blur_s3: 22.1%, imagenet_c_fog_s3: 15.1%, imagenet_c_gaussian_noise_s3: 11.1%
2026-03-16 12:08:58,571 [INFO] Epoch 6/25 | Train Loss: 3.3721, Train Acc: 29.97% | Val Loss: 3.1272, Val Acc: 35.12% | LR: 0.000866 | Time: 397.9s
2026-03-16 12:08:58,815 [INFO] New best accuracy: 35.12%
2026-03-16 12:14:47,908 [INFO] Running OOD evaluation (epoch 7)...
2026-03-16 12:15:35,627 [INFO] OOD accuracies: imagenet_c_contrast_s3: 24.5%, imagenet_c_defocus_blur_s3: 26.3%, imagenet_c_fog_s3: 14.5%, imagenet_c_gaussian_noise_s3: 14.1%
2026-03-16 12:15:35,644 [INFO] Epoch 7/25 | Train Loss: 3.2448, Train Acc: 32.94% | Val Loss: 3.0432, Val Acc: 37.41% | LR: 0.000821 | Time: 395.2s
2026-03-16 12:15:35,900 [INFO] New best accuracy: 37.41%
2026-03-16 12:21:26,025 [INFO] Running OOD evaluation (epoch 8)...
2026-03-16 12:22:18,626 [INFO] OOD accuracies: imagenet_c_contrast_s3: 29.2%, imagenet_c_defocus_blur_s3: 26.5%, imagenet_c_fog_s3: 21.6%, imagenet_c_gaussian_noise_s3: 13.8%
2026-03-16 12:22:18,643 [INFO] Epoch 8/25 | Train Loss: 3.1254, Train Acc: 36.04% | Val Loss: 2.8229, Val Acc: 43.82% | LR: 0.000770 | Time: 400.4s
2026-03-16 12:22:19,014 [INFO] New best accuracy: 43.82%
2026-03-16 12:28:09,055 [INFO] Running OOD evaluation (epoch 9)...
2026-03-16 12:28:55,257 [INFO] OOD accuracies: imagenet_c_contrast_s3: 29.2%, imagenet_c_defocus_blur_s3: 29.5%, imagenet_c_fog_s3: 22.6%, imagenet_c_gaussian_noise_s3: 16.1%
2026-03-16 12:28:55,274 [INFO] Epoch 9/25 | Train Loss: 3.0292, Train Acc: 38.44% | Val Loss: 2.7911, Val Acc: 44.32% | LR: 0.000716 | Time: 394.4s
2026-03-16 12:28:55,517 [INFO] New best accuracy: 44.32%
2026-03-16 12:34:43,830 [INFO] Running OOD evaluation (epoch 10)...
2026-03-16 12:35:29,106 [INFO] OOD accuracies: imagenet_c_contrast_s3: 33.6%, imagenet_c_defocus_blur_s3: 29.9%, imagenet_c_fog_s3: 21.8%, imagenet_c_gaussian_noise_s3: 16.2%
2026-03-16 12:35:29,123 [INFO] Epoch 10/25 | Train Loss: 2.9395, Train Acc: 40.82% | Val Loss: 2.7192, Val Acc: 46.10% | LR: 0.000658 | Time: 392.0s
2026-03-16 12:35:29,383 [INFO] New best accuracy: 46.10%
2026-03-16 12:41:17,216 [INFO] Epoch 11/25 | Train Loss: 2.8617, Train Acc: 42.88% | (validation skipped) | LR: 0.000598 | Time: 341.0s
2026-03-16 12:47:05,855 [INFO] Running OOD evaluation (epoch 12)...
2026-03-16 12:47:50,904 [INFO] OOD accuracies: imagenet_c_contrast_s3: 34.5%, imagenet_c_defocus_blur_s3: 33.4%, imagenet_c_fog_s3: 27.0%, imagenet_c_gaussian_noise_s3: 15.5%
2026-03-16 12:47:51,091 [INFO] Epoch 12/25 | Train Loss: 2.7884, Train Acc: 44.86% | Val Loss: 2.5760, Val Acc: 50.44% | LR: 0.000536 | Time: 393.9s
2026-03-16 12:47:51,332 [INFO] New best accuracy: 50.44%
Traceback (most recent call last):
  File "/gpfs/home1/mbolding/visionCNN/scripts/train.py", line 836, in <module>
    main(args)
  File "/gpfs/home1/mbolding/visionCNN/scripts/train.py", line 790, in main
    artifact.add_file(os.path.join(run_dir, "best.pt"))
  File "/gpfs/home1/mbolding/.local/share/mamba/envs/visioncnn/lib/python3.11/site-packages/wandb/sdk/artifacts/_validators.py", line 272, in wrapper
    return method(self, *args, **kwargs)
           ^^^^^^^^^^^^^^^^^^^^^^^^^^^^^
  File "/gpfs/home1/mbolding/.local/share/mamba/envs/visioncnn/lib/python3.11/site-packages/wandb/sdk/artifacts/artifact.py", line 1488, in add_file
    return self._add_local_file(
           ^^^^^^^^^^^^^^^^^^^^^
  File "/gpfs/home1/mbolding/.local/share/mamba/envs/visioncnn/lib/python3.11/site-packages/wandb/sdk/artifacts/artifact.py", line 1769, in _add_local_file
    shutil.copyfile(path, staging_path)
  File "/gpfs/home1/mbolding/.local/share/mamba/envs/visioncnn/lib/python3.11/shutil.py", line 269, in copyfile
    _fastcopy_sendfile(fsrc, fdst)
  File "/gpfs/home1/mbolding/.local/share/mamba/envs/visioncnn/lib/python3.11/shutil.py", line 164, in _fastcopy_sendfile
    raise err
  File "/gpfs/home1/mbolding/.local/share/mamba/envs/visioncnn/lib/python3.11/shutil.py", line 144, in _fastcopy_sendfile
    sent = os.sendfile(outfd, infd, offset, blocksize)
           ^^^^^^^^^^^^^^^^^^^^^^^^^^^^^^^^^^^^^^^^^^^
OSError: [Errno 122] Disk quota exceeded: 'logs/resnet50_rmsnorm_imagenet_ecoset_ecovalid_seed43/best.pt' -> '/home/mbolding/.local/share/wandb/artifacts/staging/tmpqj_o3p3y'
[rank0]: Traceback (most recent call last):
[rank0]:   File "/gpfs/home1/mbolding/visionCNN/scripts/train.py", line 836, in <module>
[rank0]:     main(args)
[rank0]:   File "/gpfs/home1/mbolding/visionCNN/scripts/train.py", line 790, in main
[rank0]:     artifact.add_file(os.path.join(run_dir, "best.pt"))
[rank0]:   File "/gpfs/home1/mbolding/.local/share/mamba/envs/visioncnn/lib/python3.11/site-packages/wandb/sdk/artifacts/_validators.py", line 272, in wrapper
[rank0]:     return method(self, *args, **kwargs)
[rank0]:            ^^^^^^^^^^^^^^^^^^^^^^^^^^^^^
[rank0]:   File "/gpfs/home1/mbolding/.local/share/mamba/envs/visioncnn/lib/python3.11/site-packages/wandb/sdk/artifacts/artifact.py", line 1488, in add_file
[rank0]:     return self._add_local_file(
[rank0]:            ^^^^^^^^^^^^^^^^^^^^^
[rank0]:   File "/gpfs/home1/mbolding/.local/share/mamba/envs/visioncnn/lib/python3.11/site-packages/wandb/sdk/artifacts/artifact.py", line 1769, in _add_local_file
[rank0]:     shutil.copyfile(path, staging_path)
[rank0]:   File "/gpfs/home1/mbolding/.local/share/mamba/envs/visioncnn/lib/python3.11/shutil.py", line 269, in copyfile
[rank0]:     _fastcopy_sendfile(fsrc, fdst)
[rank0]:   File "/gpfs/home1/mbolding/.local/share/mamba/envs/visioncnn/lib/python3.11/shutil.py", line 164, in _fastcopy_sendfile
[rank0]:     raise err
[rank0]:   File "/gpfs/home1/mbolding/.local/share/mamba/envs/visioncnn/lib/python3.11/shutil.py", line 144, in _fastcopy_sendfile
[rank0]:     sent = os.sendfile(outfd, infd, offset, blocksize)
[rank0]:            ^^^^^^^^^^^^^^^^^^^^^^^^^^^^^^^^^^^^^^^^^^^
[rank0]: OSError: [Errno 122] Disk quota exceeded: 'logs/resnet50_rmsnorm_imagenet_ecoset_ecovalid_seed43/best.pt' -> '/home/mbolding/.local/share/wandb/artifacts/staging/tmpqj_o3p3y'
E0316 12:50:40.786000 4027861 site-packages/torch/distributed/elastic/multiprocessing/api.py:869] failed (exitcode: 1) local_rank: 0 (pid: 4027950) of binary: /gpfs/home1/mbolding/.local/share/mamba/envs/visioncnn/bin/python
Traceback (most recent call last):
  File "/gpfs/home1/mbolding/.local/share/mamba/envs/visioncnn/bin/torchrun", line 33, in <module>
    sys.exit(load_entry_point('torch==2.5.1', 'console_scripts', 'torchrun')())
             ^^^^^^^^^^^^^^^^^^^^^^^^^^^^^^^^^^^^^^^^^^^^^^^^^^^^^^^^^^^^^^^^^
  File "/gpfs/home1/mbolding/.local/share/mamba/envs/visioncnn/lib/python3.11/site-packages/torch/distributed/elastic/multiprocessing/errors/__init__.py", line 355, in wrapper
    return f(*args, **kwargs)
           ^^^^^^^^^^^^^^^^^^
  File "/gpfs/home1/mbolding/.local/share/mamba/envs/visioncnn/lib/python3.11/site-packages/torch/distributed/run.py", line 919, in main
    run(args)
  File "/gpfs/home1/mbolding/.local/share/mamba/envs/visioncnn/lib/python3.11/site-packages/torch/distributed/run.py", line 910, in run
    elastic_launch(
  File "/gpfs/home1/mbolding/.local/share/mamba/envs/visioncnn/lib/python3.11/site-packages/torch/distributed/launcher/api.py", line 138, in __call__
    return launch_agent(self._config, self._entrypoint, list(args))
           ^^^^^^^^^^^^^^^^^^^^^^^^^^^^^^^^^^^^^^^^^^^^^^^^^^^^^^^^
  File "/gpfs/home1/mbolding/.local/share/mamba/envs/visioncnn/lib/python3.11/site-packages/torch/distributed/launcher/api.py", line 269, in launch_agent
    raise ChildFailedError(
torch.distributed.elastic.multiprocessing.errors.ChildFailedError: 
============================================================
scripts/train.py FAILED
------------------------------------------------------------
Failures:
  <NO_OTHER_FAILURES>
------------------------------------------------------------
Root Cause (first observed failure):
[0]:
  time      : 2026-03-16_12:50:40
  host      : gcn13.local.snellius.surf.nl
  rank      : 0 (local_rank: 0)
  exitcode  : 1 (pid: 4027950)
  error_file: <N/A>
  traceback : To enable traceback see: https://pytorch.org/docs/stable/elastic/errors.html
============================================================
srun: error: gcn13: task 0: Exited with exit code 1
srun: Terminating StepId=20761755.0
