[rank0]:[W316 11:57:47.164354057 ProcessGroupNCCL.cpp:4115] [PG ID 0 PG GUID 0 Rank 0]  using GPU 0 to perform barrier as devices used by this process are currently unknown. This can potentially cause a hang if this rank to GPU mapping is incorrect.Specify device_ids in barrier() to force use of a particular device,or call init_process_group() with a device_id.
2026-03-16 11:57:47,547 [INFO] Distributed: DistributedManager(rank=0, local_rank=0, world_size=1, device=cuda:0, is_distributed=True)
2026-03-16 11:57:47,549 [INFO] Config: {'experiment_name': 'resnet50_derf_imagenet_ecoset_ecovalid_seed43', 'model': {'name': 'resnet50_custom', 'num_classes': 136, 'norm_layer': 'derf_vp'}, 'data': {'dataset': 'imagenet_ecoset136', 'root': '/scratch-nvme/ml-datasets/imagenet/torchvision_ImageFolder', 'img_size': 224, 'backend': 'pytorch', 'num_workers': 16, 'pin_memory': True, 'persistent_workers': True, 'prefetch_factor': 2, 'gpu_transforms': True, 'random_rotation': True, 'random_rotation_degrees': 15, 'color_jitter': True, 'color_jitter_brightness': 0.2, 'color_jitter_contrast': 0.2, 'color_jitter_saturation': 0.2, 'color_jitter_hue': 0.05, 'gaussian_blur': True, 'random_grayscale': True, 'random_grayscale_p': 0.1}, 'training': {'epochs': 25, 'batch_size': 128, 'lr': 0.001, 'min_lr': 1e-05, 'weight_decay': 0.05, 'optimizer': 'adamw', 'scheduler': 'cosine', 'label_smoothing': 0.1, 'use_amp': True, 'channels_last': True, 'seed': 43, 'checkpoint_schedule': [[10, 1], [20, 2], [25, 3]], 'disable_progress_bar': True}, 'logging': {'log_dir': 'logs'}, 'ood_eval': {'enabled': True, 'source_dataset': 'imagenet_ecoset136', 'datasets_root': '/scratch-nvme/ml-datasets', 'imagenet_c': {'during_training': True, 'corruptions_during_training': ['gaussian_noise', 'defocus_blur', 'fog', 'contrast'], 'severity_during_training': 3}, 'save_predictions': True}, 'wandb': {'enabled': True, 'project': 'norm-comparison', 'group': 'resnet50-imagenet-ecoset-ecovalid-norm-experiment', 'tags': ['a100', 'ecovalid-aug', 'norm-experiment', 'snellius', 'derf_vp', 'imagenet_ecoset136', 'resnet50']}, '_machine': {'log_dir': '/projects/prjs0771/melle/projects/visionCNN/logs'}}
2026-03-16 11:57:47,549 [INFO] Run directory: logs/resnet50_derf_imagenet_ecoset_ecovalid_seed43
wandb: [wandb.login()] Loaded credentials for https://api.wandb.ai from /home/mbolding/.netrc.
wandb: Currently logged in as: mellebolding (mellebolding-university-of-amsterdam) to https://api.wandb.ai. Use `wandb login --relogin` to force relogin
wandb: setting up run qvypyjsz
wandb: Tracking run with wandb version 0.25.0
wandb: Run data is saved locally in logs/resnet50_derf_imagenet_ecoset_ecovalid_seed43/wandb/run-20260316_115747-qvypyjsz
wandb: Run `wandb offline` to turn off syncing.
wandb: Syncing run resnet50_derf_imagenet_ecoset_ecovalid_seed43
wandb: ⭐️ View project at https://wandb.ai/mellebolding-university-of-amsterdam/norm-comparison
wandb: 🚀 View run at https://wandb.ai/mellebolding-university-of-amsterdam/norm-comparison/runs/qvypyjsz
2026-03-16 11:57:48,898 [INFO] Weights & Biases logging enabled
2026-03-16 11:57:48,900 [INFO] Set random seed: 43 (rank offset applied)
2026-03-16 11:57:48,900 [INFO] Using device: cuda:0
2026-03-16 11:57:48,900 [INFO] World size: 1
2026-03-16 11:57:49,266 [INFO] Model: resnet50_custom, Parameters: 23,786,802
2026-03-16 11:57:49,299 [INFO] Using channels-last (NHWC) memory format
2026-03-16 11:57:49,360 [INFO] Mixed precision training: True
2026-03-16 11:58:06,883 [INFO] Using GPU-accelerated transforms to reduce CPU bottleneck
2026-03-16 11:58:06,884 [INFO] Train samples: 176411, Val samples: 6800
2026-03-16 11:58:06,884 [INFO] Effective batch size: 128 (128 x 1 GPUs)
2026-03-16 11:58:11,489 [INFO] OOD evaluation enabled: 4 datasets loaded (imagenet_c_gaussian_noise_s3, imagenet_c_defocus_blur_s3, imagenet_c_fog_s3, imagenet_c_contrast_s3)
2026-03-16 11:58:11,490 [INFO] Saving per-image predictions to logs/resnet50_derf_imagenet_ecoset_ecovalid_seed43/predictions
2026-03-16 11:58:11,490 [INFO] Starting training for 25 epochs...
2026-03-16 12:06:37,966 [INFO] Running OOD evaluation (epoch 1)...
2026-03-16 12:07:19,776 [INFO] OOD accuracies: imagenet_c_contrast_s3: 2.2%, imagenet_c_defocus_blur_s3: 2.8%, imagenet_c_fog_s3: 1.4%, imagenet_c_gaussian_noise_s3: 2.8%
2026-03-16 12:07:19,791 [INFO] Epoch 1/25 | Train Loss: 4.9022, Train Acc: 1.18% | Val Loss: 4.7390, Val Acc: 2.79% | LR: 0.000996 | Time: 548.3s
2026-03-16 12:07:20,204 [INFO] New best accuracy: 2.79%
2026-03-16 12:15:50,956 [INFO] Running OOD evaluation (epoch 2)...
2026-03-16 12:16:32,256 [INFO] OOD accuracies: imagenet_c_contrast_s3: 5.2%, imagenet_c_defocus_blur_s3: 8.8%, imagenet_c_fog_s3: 2.7%, imagenet_c_gaussian_noise_s3: 8.8%
2026-03-16 12:16:32,270 [INFO] Epoch 2/25 | Train Loss: 4.6539, Train Acc: 4.09% | Val Loss: 4.3459, Val Acc: 9.16% | LR: 0.000984 | Time: 542.7s
2026-03-16 12:16:32,560 [INFO] New best accuracy: 9.16%
2026-03-16 12:25:00,682 [INFO] Running OOD evaluation (epoch 3)...
2026-03-16 12:25:41,764 [INFO] OOD accuracies: imagenet_c_contrast_s3: 9.4%, imagenet_c_defocus_blur_s3: 15.3%, imagenet_c_fog_s3: 5.1%, imagenet_c_gaussian_noise_s3: 13.7%
2026-03-16 12:25:41,781 [INFO] Epoch 3/25 | Train Loss: 4.2462, Train Acc: 11.08% | Val Loss: 3.8637, Val Acc: 18.78% | LR: 0.000965 | Time: 542.2s
2026-03-16 12:25:42,159 [INFO] New best accuracy: 18.78%
2026-03-16 12:34:06,870 [INFO] Running OOD evaluation (epoch 4)...
2026-03-16 12:34:48,407 [INFO] OOD accuracies: imagenet_c_contrast_s3: 14.4%, imagenet_c_defocus_blur_s3: 17.9%, imagenet_c_fog_s3: 6.9%, imagenet_c_gaussian_noise_s3: 16.5%
2026-03-16 12:34:48,423 [INFO] Epoch 4/25 | Train Loss: 3.8775, Train Acc: 18.28% | Val Loss: 3.5595, Val Acc: 25.84% | LR: 0.000939 | Time: 542.8s
2026-03-16 12:34:48,842 [INFO] New best accuracy: 25.84%
2026-03-16 12:43:12,472 [INFO] Running OOD evaluation (epoch 5)...
2026-03-16 12:43:53,745 [INFO] OOD accuracies: imagenet_c_contrast_s3: 18.6%, imagenet_c_defocus_blur_s3: 20.9%, imagenet_c_fog_s3: 10.1%, imagenet_c_gaussian_noise_s3: 14.7%
2026-03-16 12:43:56,193 [INFO] Epoch 5/25 | Train Loss: 3.6653, Train Acc: 23.11% | Val Loss: 3.4004, Val Acc: 29.24% | LR: 0.000905 | Time: 545.3s
2026-03-16 12:43:56,613 [INFO] New best accuracy: 29.24%
Traceback (most recent call last):
  File "/gpfs/home1/mbolding/visionCNN/scripts/train.py", line 836, in <module>
    main(args)
  File "/gpfs/home1/mbolding/visionCNN/scripts/train.py", line 790, in main
    artifact.add_file(os.path.join(run_dir, "best.pt"))
  File "/gpfs/home1/mbolding/.local/share/mamba/envs/visioncnn/lib/python3.11/site-packages/wandb/sdk/artifacts/_validators.py", line 272, in wrapper
    return method(self, *args, **kwargs)
           ^^^^^^^^^^^^^^^^^^^^^^^^^^^^^
  File "/gpfs/home1/mbolding/.local/share/mamba/envs/visioncnn/lib/python3.11/site-packages/wandb/sdk/artifacts/artifact.py", line 1488, in add_file
    return self._add_local_file(
           ^^^^^^^^^^^^^^^^^^^^^
  File "/gpfs/home1/mbolding/.local/share/mamba/envs/visioncnn/lib/python3.11/site-packages/wandb/sdk/artifacts/artifact.py", line 1769, in _add_local_file
    shutil.copyfile(path, staging_path)
  File "/gpfs/home1/mbolding/.local/share/mamba/envs/visioncnn/lib/python3.11/shutil.py", line 269, in copyfile
    _fastcopy_sendfile(fsrc, fdst)
  File "/gpfs/home1/mbolding/.local/share/mamba/envs/visioncnn/lib/python3.11/shutil.py", line 164, in _fastcopy_sendfile
    raise err
  File "/gpfs/home1/mbolding/.local/share/mamba/envs/visioncnn/lib/python3.11/shutil.py", line 144, in _fastcopy_sendfile
    sent = os.sendfile(outfd, infd, offset, blocksize)
           ^^^^^^^^^^^^^^^^^^^^^^^^^^^^^^^^^^^^^^^^^^^
OSError: [Errno 122] Disk quota exceeded: 'logs/resnet50_derf_imagenet_ecoset_ecovalid_seed43/best.pt' -> '/home/mbolding/.local/share/wandb/artifacts/staging/tmpwjno5czg'
[rank0]: Traceback (most recent call last):
[rank0]:   File "/gpfs/home1/mbolding/visionCNN/scripts/train.py", line 836, in <module>
[rank0]:     main(args)
[rank0]:   File "/gpfs/home1/mbolding/visionCNN/scripts/train.py", line 790, in main
[rank0]:     artifact.add_file(os.path.join(run_dir, "best.pt"))
[rank0]:   File "/gpfs/home1/mbolding/.local/share/mamba/envs/visioncnn/lib/python3.11/site-packages/wandb/sdk/artifacts/_validators.py", line 272, in wrapper
[rank0]:     return method(self, *args, **kwargs)
[rank0]:            ^^^^^^^^^^^^^^^^^^^^^^^^^^^^^
[rank0]:   File "/gpfs/home1/mbolding/.local/share/mamba/envs/visioncnn/lib/python3.11/site-packages/wandb/sdk/artifacts/artifact.py", line 1488, in add_file
[rank0]:     return self._add_local_file(
[rank0]:            ^^^^^^^^^^^^^^^^^^^^^
[rank0]:   File "/gpfs/home1/mbolding/.local/share/mamba/envs/visioncnn/lib/python3.11/site-packages/wandb/sdk/artifacts/artifact.py", line 1769, in _add_local_file
[rank0]:     shutil.copyfile(path, staging_path)
[rank0]:   File "/gpfs/home1/mbolding/.local/share/mamba/envs/visioncnn/lib/python3.11/shutil.py", line 269, in copyfile
[rank0]:     _fastcopy_sendfile(fsrc, fdst)
[rank0]:   File "/gpfs/home1/mbolding/.local/share/mamba/envs/visioncnn/lib/python3.11/shutil.py", line 164, in _fastcopy_sendfile
[rank0]:     raise err
[rank0]:   File "/gpfs/home1/mbolding/.local/share/mamba/envs/visioncnn/lib/python3.11/shutil.py", line 144, in _fastcopy_sendfile
[rank0]:     sent = os.sendfile(outfd, infd, offset, blocksize)
[rank0]:            ^^^^^^^^^^^^^^^^^^^^^^^^^^^^^^^^^^^^^^^^^^^
[rank0]: OSError: [Errno 122] Disk quota exceeded: 'logs/resnet50_derf_imagenet_ecoset_ecovalid_seed43/best.pt' -> '/home/mbolding/.local/share/wandb/artifacts/staging/tmpwjno5czg'
E0316 12:46:42.942000 1768022 site-packages/torch/distributed/elastic/multiprocessing/api.py:869] failed (exitcode: 1) local_rank: 0 (pid: 1768251) of binary: /gpfs/home1/mbolding/.local/share/mamba/envs/visioncnn/bin/python
Traceback (most recent call last):
  File "/gpfs/home1/mbolding/.local/share/mamba/envs/visioncnn/bin/torchrun", line 33, in <module>
    sys.exit(load_entry_point('torch==2.5.1', 'console_scripts', 'torchrun')())
             ^^^^^^^^^^^^^^^^^^^^^^^^^^^^^^^^^^^^^^^^^^^^^^^^^^^^^^^^^^^^^^^^^
  File "/gpfs/home1/mbolding/.local/share/mamba/envs/visioncnn/lib/python3.11/site-packages/torch/distributed/elastic/multiprocessing/errors/__init__.py", line 355, in wrapper
    return f(*args, **kwargs)
           ^^^^^^^^^^^^^^^^^^
  File "/gpfs/home1/mbolding/.local/share/mamba/envs/visioncnn/lib/python3.11/site-packages/torch/distributed/run.py", line 919, in main
    run(args)
  File "/gpfs/home1/mbolding/.local/share/mamba/envs/visioncnn/lib/python3.11/site-packages/torch/distributed/run.py", line 910, in run
    elastic_launch(
  File "/gpfs/home1/mbolding/.local/share/mamba/envs/visioncnn/lib/python3.11/site-packages/torch/distributed/launcher/api.py", line 138, in __call__
    return launch_agent(self._config, self._entrypoint, list(args))
           ^^^^^^^^^^^^^^^^^^^^^^^^^^^^^^^^^^^^^^^^^^^^^^^^^^^^^^^^
  File "/gpfs/home1/mbolding/.local/share/mamba/envs/visioncnn/lib/python3.11/site-packages/torch/distributed/launcher/api.py", line 269, in launch_agent
    raise ChildFailedError(
torch.distributed.elastic.multiprocessing.errors.ChildFailedError: 
============================================================
scripts/train.py FAILED
------------------------------------------------------------
Failures:
  <NO_OTHER_FAILURES>
------------------------------------------------------------
Root Cause (first observed failure):
[0]:
  time      : 2026-03-16_12:46:42
  host      : gcn20.local.snellius.surf.nl
  rank      : 0 (local_rank: 0)
  exitcode  : 1 (pid: 1768251)
  error_file: <N/A>
  traceback : To enable traceback see: https://pytorch.org/docs/stable/elastic/errors.html
============================================================
srun: error: gcn20: task 0: Exited with exit code 1
srun: Terminating StepId=20763111.0
