[rank0]:[W316 14:11:53.098315971 ProcessGroupNCCL.cpp:4115] [PG ID 0 PG GUID 0 Rank 0]  using GPU 0 to perform barrier as devices used by this process are currently unknown. This can potentially cause a hang if this rank to GPU mapping is incorrect.Specify device_ids in barrier() to force use of a particular device,or call init_process_group() with a device_id.
2026-03-16 14:11:54,181 [INFO] Distributed: DistributedManager(rank=0, local_rank=0, world_size=1, device=cuda:0, is_distributed=True)
2026-03-16 14:11:54,185 [INFO] Config: {'experiment_name': 'resnet50_groupnorm_imagenet_ecoset_ecovalid_seed43', 'model': {'name': 'resnet50_custom', 'num_classes': 136, 'norm_layer': 'groupnorm'}, 'data': {'dataset': 'imagenet_ecoset136', 'root': '/scratch-nvme/ml-datasets/imagenet/torchvision_ImageFolder', 'img_size': 224, 'backend': 'pytorch', 'num_workers': 16, 'pin_memory': True, 'persistent_workers': True, 'prefetch_factor': 2, 'gpu_transforms': True, 'random_rotation': True, 'random_rotation_degrees': 15, 'color_jitter': True, 'color_jitter_brightness': 0.2, 'color_jitter_contrast': 0.2, 'color_jitter_saturation': 0.2, 'color_jitter_hue': 0.05, 'gaussian_blur': True, 'random_grayscale': True, 'random_grayscale_p': 0.1}, 'training': {'epochs': 25, 'batch_size': 256, 'lr': 0.001, 'min_lr': 1e-05, 'weight_decay': 0.05, 'optimizer': 'adamw', 'scheduler': 'cosine', 'label_smoothing': 0.1, 'use_amp': True, 'channels_last': True, 'seed': 43, 'checkpoint_schedule': [[10, 1], [20, 2], [25, 3]], 'disable_progress_bar': True}, 'logging': {'log_dir': 'logs'}, 'ood_eval': {'enabled': True, 'source_dataset': 'imagenet_ecoset136', 'datasets_root': '/scratch-nvme/ml-datasets', 'imagenet_c': {'during_training': True, 'corruptions_during_training': ['gaussian_noise', 'defocus_blur', 'fog', 'contrast'], 'severity_during_training': 3}, 'save_predictions': True}, 'wandb': {'enabled': True, 'project': 'norm-comparison', 'group': 'resnet50-imagenet-ecoset-ecovalid-norm-experiment', 'tags': ['snellius', 'groupnorm', 'resnet50', 'a100', 'ecovalid-aug', 'norm-experiment', 'imagenet_ecoset136']}, '_machine': {'log_dir': '/projects/prjs0771/melle/projects/visionCNN/logs'}}
2026-03-16 14:11:54,186 [INFO] Run directory: logs/resnet50_groupnorm_imagenet_ecoset_ecovalid_seed43
wandb: [wandb.login()] Loaded credentials for https://api.wandb.ai from /home/mbolding/.netrc.
wandb: Currently logged in as: mellebolding (mellebolding-university-of-amsterdam) to https://api.wandb.ai. Use `wandb login --relogin` to force relogin
wandb: setting up run fljphmjh
wandb: Tracking run with wandb version 0.25.0
wandb: Run data is saved locally in logs/resnet50_groupnorm_imagenet_ecoset_ecovalid_seed43/wandb/run-20260316_141154-fljphmjh
wandb: Run `wandb offline` to turn off syncing.
wandb: Syncing run resnet50_groupnorm_imagenet_ecoset_ecovalid_seed43
wandb: ⭐️ View project at https://wandb.ai/mellebolding-university-of-amsterdam/norm-comparison
wandb: 🚀 View run at https://wandb.ai/mellebolding-university-of-amsterdam/norm-comparison/runs/fljphmjh
2026-03-16 14:11:57,607 [INFO] Weights & Biases logging enabled
2026-03-16 14:11:57,619 [INFO] Set random seed: 43 (rank offset applied)
2026-03-16 14:11:57,620 [INFO] Using device: cuda:0
2026-03-16 14:11:57,620 [INFO] World size: 1
2026-03-16 14:11:57,954 [INFO] Model: resnet50_custom, Parameters: 23,786,696
2026-03-16 14:11:57,985 [INFO] Using channels-last (NHWC) memory format
2026-03-16 14:11:58,020 [INFO] Mixed precision training: True
2026-03-16 14:13:23,173 [INFO] Using GPU-accelerated transforms to reduce CPU bottleneck
2026-03-16 14:13:23,174 [INFO] Train samples: 176411, Val samples: 6800
2026-03-16 14:13:23,174 [INFO] Effective batch size: 256 (256 x 1 GPUs)
2026-03-16 14:14:31,458 [INFO] OOD evaluation enabled: 4 datasets loaded (imagenet_c_gaussian_noise_s3, imagenet_c_defocus_blur_s3, imagenet_c_fog_s3, imagenet_c_contrast_s3)
2026-03-16 14:14:31,461 [INFO] Saving per-image predictions to logs/resnet50_groupnorm_imagenet_ecoset_ecovalid_seed43/predictions
2026-03-16 14:14:31,461 [INFO] Starting training for 25 epochs...
2026-03-16 14:19:14,298 [INFO] Running OOD evaluation (epoch 1)...
2026-03-16 14:20:00,815 [INFO] OOD accuracies: imagenet_c_contrast_s3: 1.6%, imagenet_c_defocus_blur_s3: 1.6%, imagenet_c_fog_s3: 1.1%, imagenet_c_gaussian_noise_s3: 1.5%
2026-03-16 14:20:00,850 [INFO] Epoch 1/25 | Train Loss: 4.9254, Train Acc: 0.91% | Val Loss: 4.8712, Val Acc: 1.46% | LR: 0.000996 | Time: 329.4s
2026-03-16 14:20:01,145 [INFO] New best accuracy: 1.46%
2026-03-16 14:24:42,039 [INFO] Running OOD evaluation (epoch 2)...
2026-03-16 14:25:29,036 [INFO] OOD accuracies: imagenet_c_contrast_s3: 3.1%, imagenet_c_defocus_blur_s3: 3.8%, imagenet_c_fog_s3: 2.2%, imagenet_c_gaussian_noise_s3: 3.4%
2026-03-16 14:25:29,061 [INFO] Epoch 2/25 | Train Loss: 4.7419, Train Acc: 2.72% | Val Loss: 4.6337, Val Acc: 3.96% | LR: 0.000984 | Time: 323.8s
2026-03-16 14:25:29,360 [INFO] New best accuracy: 3.96%
2026-03-16 14:30:08,170 [INFO] Running OOD evaluation (epoch 3)...
2026-03-16 14:30:54,777 [INFO] OOD accuracies: imagenet_c_contrast_s3: 8.5%, imagenet_c_defocus_blur_s3: 8.6%, imagenet_c_fog_s3: 5.5%, imagenet_c_gaussian_noise_s3: 5.6%
2026-03-16 14:30:54,812 [INFO] Epoch 3/25 | Train Loss: 4.4330, Train Acc: 6.74% | Val Loss: 4.2002, Val Acc: 10.34% | LR: 0.000965 | Time: 323.6s
2026-03-16 14:30:55,110 [INFO] New best accuracy: 10.34%
2026-03-16 14:35:33,678 [INFO] Running OOD evaluation (epoch 4)...
2026-03-16 14:36:19,900 [INFO] OOD accuracies: imagenet_c_contrast_s3: 11.9%, imagenet_c_defocus_blur_s3: 11.8%, imagenet_c_fog_s3: 6.7%, imagenet_c_gaussian_noise_s3: 6.1%
2026-03-16 14:36:19,925 [INFO] Epoch 4/25 | Train Loss: 4.1849, Train Acc: 11.22% | Val Loss: 4.0174, Val Acc: 14.87% | LR: 0.000939 | Time: 323.0s
2026-03-16 14:36:20,218 [INFO] New best accuracy: 14.87%
2026-03-16 14:40:58,974 [INFO] Running OOD evaluation (epoch 5)...
2026-03-16 14:41:45,756 [INFO] OOD accuracies: imagenet_c_contrast_s3: 14.6%, imagenet_c_defocus_blur_s3: 14.1%, imagenet_c_fog_s3: 9.8%, imagenet_c_gaussian_noise_s3: 7.1%
2026-03-16 14:41:45,783 [INFO] Epoch 5/25 | Train Loss: 3.9908, Train Acc: 15.25% | Val Loss: 3.7639, Val Acc: 18.87% | LR: 0.000905 | Time: 323.8s
2026-03-16 14:41:46,082 [INFO] New best accuracy: 18.87%
2026-03-16 14:46:25,031 [INFO] Running OOD evaluation (epoch 6)...
2026-03-16 14:47:11,482 [INFO] OOD accuracies: imagenet_c_contrast_s3: 17.7%, imagenet_c_defocus_blur_s3: 17.0%, imagenet_c_fog_s3: 11.3%, imagenet_c_gaussian_noise_s3: 8.5%
2026-03-16 14:47:11,512 [INFO] Epoch 6/25 | Train Loss: 3.8190, Train Acc: 19.00% | Val Loss: 3.5444, Val Acc: 24.07% | LR: 0.000866 | Time: 323.6s
2026-03-16 14:47:11,806 [INFO] New best accuracy: 24.07%
2026-03-16 14:51:50,698 [INFO] Running OOD evaluation (epoch 7)...
2026-03-16 14:52:37,336 [INFO] OOD accuracies: imagenet_c_contrast_s3: 20.8%, imagenet_c_defocus_blur_s3: 21.9%, imagenet_c_fog_s3: 14.9%, imagenet_c_gaussian_noise_s3: 12.0%
2026-03-16 14:52:37,359 [INFO] Epoch 7/25 | Train Loss: 3.6613, Train Acc: 22.80% | Val Loss: 3.4838, Val Acc: 25.32% | LR: 0.000821 | Time: 323.8s
2026-03-16 14:52:37,657 [INFO] New best accuracy: 25.32%
2026-03-16 14:57:15,960 [INFO] Running OOD evaluation (epoch 8)...
2026-03-16 14:58:02,572 [INFO] OOD accuracies: imagenet_c_contrast_s3: 25.2%, imagenet_c_defocus_blur_s3: 22.9%, imagenet_c_fog_s3: 16.5%, imagenet_c_gaussian_noise_s3: 10.6%
2026-03-16 14:58:02,598 [INFO] Epoch 8/25 | Train Loss: 3.5061, Train Acc: 26.39% | Val Loss: 3.2005, Val Acc: 33.31% | LR: 0.000770 | Time: 323.2s
2026-03-16 14:58:02,890 [INFO] New best accuracy: 33.31%
2026-03-16 15:02:41,476 [INFO] Running OOD evaluation (epoch 9)...
2026-03-16 15:03:27,698 [INFO] OOD accuracies: imagenet_c_contrast_s3: 29.1%, imagenet_c_defocus_blur_s3: 25.0%, imagenet_c_fog_s3: 19.6%, imagenet_c_gaussian_noise_s3: 12.2%
2026-03-16 15:03:27,728 [INFO] Epoch 9/25 | Train Loss: 3.3776, Train Acc: 29.59% | Val Loss: 3.0881, Val Acc: 36.43% | LR: 0.000716 | Time: 323.1s
2026-03-16 15:03:28,012 [INFO] New best accuracy: 36.43%
2026-03-16 15:08:06,535 [INFO] Running OOD evaluation (epoch 10)...
2026-03-16 15:08:52,833 [INFO] OOD accuracies: imagenet_c_contrast_s3: 31.9%, imagenet_c_defocus_blur_s3: 28.3%, imagenet_c_fog_s3: 19.0%, imagenet_c_gaussian_noise_s3: 13.2%
Traceback (most recent call last):
  File "/gpfs/home1/mbolding/.local/share/mamba/envs/visioncnn/lib/python3.11/site-packages/numpy/lib/_npyio_impl.py", line 785, in _savez
    with zipf.open(fname, 'w', force_zip64=True) as fid:
  File "/gpfs/home1/mbolding/.local/share/mamba/envs/visioncnn/lib/python3.11/zipfile.py", line 1234, in close
    self._fileobj.seek(self._zinfo.header_offset)
OSError: [Errno 122] Disk quota exceeded

During handling of the above exception, another exception occurred:

Traceback (most recent call last):
  File "/gpfs/home1/mbolding/.local/share/mamba/envs/visioncnn/lib/python3.11/zipfile.py", line 1925, in close
    self.fp.seek(self.start_dir)
OSError: [Errno 122] Disk quota exceeded

During handling of the above exception, another exception occurred:

Traceback (most recent call last):
  File "/gpfs/home1/mbolding/visionCNN/scripts/train.py", line 836, in <module>
    main(args)
  File "/gpfs/home1/mbolding/visionCNN/scripts/train.py", line 712, in main
    save_predictions_to_file(
  File "/gpfs/home1/mbolding/visionCNN/src/evaluation/ood_eval.py", line 235, in save_predictions_to_file
    np.savez_compressed(filepath, **{
  File "/gpfs/home1/mbolding/.local/share/mamba/envs/visioncnn/lib/python3.11/site-packages/numpy/lib/_npyio_impl.py", line 753, in savez_compressed
    _savez(file, args, kwds, True, allow_pickle=allow_pickle)
  File "/gpfs/home1/mbolding/.local/share/mamba/envs/visioncnn/lib/python3.11/site-packages/numpy/lib/_npyio_impl.py", line 790, in _savez
    zipf.close()
  File "/gpfs/home1/mbolding/.local/share/mamba/envs/visioncnn/lib/python3.11/zipfile.py", line 1930, in close
    self._fpclose(fp)
  File "/gpfs/home1/mbolding/.local/share/mamba/envs/visioncnn/lib/python3.11/zipfile.py", line 2030, in _fpclose
    fp.close()
OSError: [Errno 122] Disk quota exceeded
[rank0]: Traceback (most recent call last):
[rank0]:   File "/gpfs/home1/mbolding/.local/share/mamba/envs/visioncnn/lib/python3.11/site-packages/numpy/lib/_npyio_impl.py", line 785, in _savez
[rank0]:     with zipf.open(fname, 'w', force_zip64=True) as fid:
[rank0]:   File "/gpfs/home1/mbolding/.local/share/mamba/envs/visioncnn/lib/python3.11/zipfile.py", line 1234, in close
[rank0]:     self._fileobj.seek(self._zinfo.header_offset)
[rank0]: OSError: [Errno 122] Disk quota exceeded

[rank0]: During handling of the above exception, another exception occurred:

[rank0]: Traceback (most recent call last):
[rank0]:   File "/gpfs/home1/mbolding/.local/share/mamba/envs/visioncnn/lib/python3.11/zipfile.py", line 1925, in close
[rank0]:     self.fp.seek(self.start_dir)
[rank0]: OSError: [Errno 122] Disk quota exceeded

[rank0]: During handling of the above exception, another exception occurred:

[rank0]: Traceback (most recent call last):
[rank0]:   File "/gpfs/home1/mbolding/visionCNN/scripts/train.py", line 836, in <module>
[rank0]:     main(args)
[rank0]:   File "/gpfs/home1/mbolding/visionCNN/scripts/train.py", line 712, in main
[rank0]:     save_predictions_to_file(
[rank0]:   File "/gpfs/home1/mbolding/visionCNN/src/evaluation/ood_eval.py", line 235, in save_predictions_to_file
[rank0]:     np.savez_compressed(filepath, **{
[rank0]:   File "/gpfs/home1/mbolding/.local/share/mamba/envs/visioncnn/lib/python3.11/site-packages/numpy/lib/_npyio_impl.py", line 753, in savez_compressed
[rank0]:     _savez(file, args, kwds, True, allow_pickle=allow_pickle)
[rank0]:   File "/gpfs/home1/mbolding/.local/share/mamba/envs/visioncnn/lib/python3.11/site-packages/numpy/lib/_npyio_impl.py", line 790, in _savez
[rank0]:     zipf.close()
[rank0]:   File "/gpfs/home1/mbolding/.local/share/mamba/envs/visioncnn/lib/python3.11/zipfile.py", line 1930, in close
[rank0]:     self._fpclose(fp)
[rank0]:   File "/gpfs/home1/mbolding/.local/share/mamba/envs/visioncnn/lib/python3.11/zipfile.py", line 2030, in _fpclose
[rank0]:     fp.close()
[rank0]: OSError: [Errno 122] Disk quota exceeded
E0316 15:11:36.503000 3687689 site-packages/torch/distributed/elastic/multiprocessing/api.py:869] failed (exitcode: 1) local_rank: 0 (pid: 3687701) of binary: /gpfs/home1/mbolding/.local/share/mamba/envs/visioncnn/bin/python
Traceback (most recent call last):
  File "/gpfs/home1/mbolding/.local/share/mamba/envs/visioncnn/bin/torchrun", line 33, in <module>
    sys.exit(load_entry_point('torch==2.5.1', 'console_scripts', 'torchrun')())
             ^^^^^^^^^^^^^^^^^^^^^^^^^^^^^^^^^^^^^^^^^^^^^^^^^^^^^^^^^^^^^^^^^
  File "/gpfs/home1/mbolding/.local/share/mamba/envs/visioncnn/lib/python3.11/site-packages/torch/distributed/elastic/multiprocessing/errors/__init__.py", line 355, in wrapper
    return f(*args, **kwargs)
           ^^^^^^^^^^^^^^^^^^
  File "/gpfs/home1/mbolding/.local/share/mamba/envs/visioncnn/lib/python3.11/site-packages/torch/distributed/run.py", line 919, in main
    run(args)
  File "/gpfs/home1/mbolding/.local/share/mamba/envs/visioncnn/lib/python3.11/site-packages/torch/distributed/run.py", line 910, in run
    elastic_launch(
  File "/gpfs/home1/mbolding/.local/share/mamba/envs/visioncnn/lib/python3.11/site-packages/torch/distributed/launcher/api.py", line 138, in __call__
    return launch_agent(self._config, self._entrypoint, list(args))
           ^^^^^^^^^^^^^^^^^^^^^^^^^^^^^^^^^^^^^^^^^^^^^^^^^^^^^^^^
  File "/gpfs/home1/mbolding/.local/share/mamba/envs/visioncnn/lib/python3.11/site-packages/torch/distributed/launcher/api.py", line 269, in launch_agent
    raise ChildFailedError(
torch.distributed.elastic.multiprocessing.errors.ChildFailedError: 
============================================================
scripts/train.py FAILED
------------------------------------------------------------
Failures:
  <NO_OTHER_FAILURES>
------------------------------------------------------------
Root Cause (first observed failure):
[0]:
  time      : 2026-03-16_15:11:36
  host      : gcn57.local.snellius.surf.nl
  rank      : 0 (local_rank: 0)
  exitcode  : 1 (pid: 3687701)
  error_file: <N/A>
  traceback : To enable traceback see: https://pytorch.org/docs/stable/elastic/errors.html
============================================================
srun: error: gcn57: task 0: Exited with exit code 1
srun: Terminating StepId=20769800.0
