[rank0]:[W316 14:11:46.609759265 ProcessGroupNCCL.cpp:4115] [PG ID 0 PG GUID 0 Rank 0]  using GPU 0 to perform barrier as devices used by this process are currently unknown. This can potentially cause a hang if this rank to GPU mapping is incorrect.Specify device_ids in barrier() to force use of a particular device,or call init_process_group() with a device_id.
2026-03-16 14:11:47,028 [INFO] Distributed: DistributedManager(rank=0, local_rank=0, world_size=1, device=cuda:0, is_distributed=True)
2026-03-16 14:11:47,029 [INFO] Config: {'experiment_name': 'resnet50_layernorm_imagenet_ecoset_ecovalid_seed44', 'model': {'name': 'resnet50_custom', 'num_classes': 136, 'norm_layer': 'layernorm'}, 'data': {'dataset': 'imagenet_ecoset136', 'root': '/scratch-nvme/ml-datasets/imagenet/torchvision_ImageFolder', 'img_size': 224, 'backend': 'pytorch', 'num_workers': 16, 'pin_memory': True, 'persistent_workers': True, 'prefetch_factor': 2, 'gpu_transforms': True, 'random_rotation': True, 'random_rotation_degrees': 15, 'color_jitter': True, 'color_jitter_brightness': 0.2, 'color_jitter_contrast': 0.2, 'color_jitter_saturation': 0.2, 'color_jitter_hue': 0.05, 'gaussian_blur': True, 'random_grayscale': True, 'random_grayscale_p': 0.1}, 'training': {'epochs': 25, 'batch_size': 256, 'lr': 0.001, 'min_lr': 1e-05, 'weight_decay': 0.05, 'optimizer': 'adamw', 'scheduler': 'cosine', 'label_smoothing': 0.1, 'use_amp': True, 'channels_last': True, 'seed': 44, 'checkpoint_schedule': [[10, 1], [20, 2], [25, 3]], 'disable_progress_bar': True}, 'logging': {'log_dir': 'logs'}, 'ood_eval': {'enabled': True, 'source_dataset': 'imagenet_ecoset136', 'datasets_root': '/scratch-nvme/ml-datasets', 'imagenet_c': {'during_training': True, 'corruptions_during_training': ['gaussian_noise', 'defocus_blur', 'fog', 'contrast'], 'severity_during_training': 3}, 'save_predictions': True}, 'wandb': {'enabled': True, 'project': 'norm-comparison', 'group': 'resnet50-imagenet-ecoset-ecovalid-norm-experiment', 'tags': ['ecovalid-aug', 'snellius', 'a100', 'imagenet_ecoset136', 'layernorm', 'norm-experiment', 'resnet50']}, '_machine': {'log_dir': '/projects/prjs0771/melle/projects/visionCNN/logs'}}
2026-03-16 14:11:47,029 [INFO] Run directory: logs/resnet50_layernorm_imagenet_ecoset_ecovalid_seed44
wandb: [wandb.login()] Loaded credentials for https://api.wandb.ai from /home/mbolding/.netrc.
wandb: Currently logged in as: mellebolding (mellebolding-university-of-amsterdam) to https://api.wandb.ai. Use `wandb login --relogin` to force relogin
wandb: setting up run 2jyjcnqu
wandb: Tracking run with wandb version 0.25.0
wandb: Run data is saved locally in logs/resnet50_layernorm_imagenet_ecoset_ecovalid_seed44/wandb/run-20260316_141147-2jyjcnqu
wandb: Run `wandb offline` to turn off syncing.
wandb: Syncing run resnet50_layernorm_imagenet_ecoset_ecovalid_seed44
wandb: ⭐️ View project at https://wandb.ai/mellebolding-university-of-amsterdam/norm-comparison
wandb: 🚀 View run at https://wandb.ai/mellebolding-university-of-amsterdam/norm-comparison/runs/2jyjcnqu
2026-03-16 14:11:49,397 [INFO] Weights & Biases logging enabled
2026-03-16 14:11:49,408 [INFO] Set random seed: 44 (rank offset applied)
2026-03-16 14:11:49,408 [INFO] Using device: cuda:0
2026-03-16 14:11:49,408 [INFO] World size: 1
2026-03-16 14:11:49,749 [INFO] Model: resnet50_custom, Parameters: 23,786,696
2026-03-16 14:11:49,782 [INFO] Using channels-last (NHWC) memory format
2026-03-16 14:11:49,817 [INFO] Mixed precision training: True
2026-03-16 14:13:07,509 [INFO] Using GPU-accelerated transforms to reduce CPU bottleneck
2026-03-16 14:13:07,510 [INFO] Train samples: 176411, Val samples: 6800
2026-03-16 14:13:07,510 [INFO] Effective batch size: 256 (256 x 1 GPUs)
2026-03-16 14:13:31,862 [INFO] OOD evaluation enabled: 4 datasets loaded (imagenet_c_gaussian_noise_s3, imagenet_c_defocus_blur_s3, imagenet_c_fog_s3, imagenet_c_contrast_s3)
2026-03-16 14:13:31,864 [INFO] Saving per-image predictions to logs/resnet50_layernorm_imagenet_ecoset_ecovalid_seed44/predictions
2026-03-16 14:13:31,864 [INFO] Starting training for 25 epochs...
2026-03-16 14:18:16,700 [INFO] Running OOD evaluation (epoch 1)...
2026-03-16 14:19:03,227 [INFO] OOD accuracies: imagenet_c_contrast_s3: 1.9%, imagenet_c_defocus_blur_s3: 2.5%, imagenet_c_fog_s3: 1.2%, imagenet_c_gaussian_noise_s3: 2.4%
2026-03-16 14:19:03,253 [INFO] Epoch 1/25 | Train Loss: 4.8936, Train Acc: 1.28% | Val Loss: 4.7669, Val Acc: 2.41% | LR: 0.000996 | Time: 331.4s
2026-03-16 14:19:03,531 [INFO] New best accuracy: 2.41%
2026-03-16 14:23:46,529 [INFO] Running OOD evaluation (epoch 2)...
2026-03-16 14:24:33,362 [INFO] OOD accuracies: imagenet_c_contrast_s3: 4.6%, imagenet_c_defocus_blur_s3: 8.1%, imagenet_c_fog_s3: 2.3%, imagenet_c_gaussian_noise_s3: 7.0%
2026-03-16 14:24:33,389 [INFO] Epoch 2/25 | Train Loss: 4.6544, Train Acc: 4.05% | Val Loss: 4.4016, Val Acc: 8.16% | LR: 0.000984 | Time: 325.8s
2026-03-16 14:24:33,725 [INFO] New best accuracy: 8.16%
2026-03-16 14:29:15,106 [INFO] Running OOD evaluation (epoch 3)...
2026-03-16 14:30:02,044 [INFO] OOD accuracies: imagenet_c_contrast_s3: 7.4%, imagenet_c_defocus_blur_s3: 10.1%, imagenet_c_fog_s3: 4.6%, imagenet_c_gaussian_noise_s3: 11.3%
2026-03-16 14:30:02,066 [INFO] Epoch 3/25 | Train Loss: 4.3144, Train Acc: 9.74% | Val Loss: 4.0519, Val Acc: 14.40% | LR: 0.000965 | Time: 326.6s
2026-03-16 14:30:02,339 [INFO] New best accuracy: 14.40%
2026-03-16 14:34:42,949 [INFO] Running OOD evaluation (epoch 4)...
2026-03-16 14:35:30,624 [INFO] OOD accuracies: imagenet_c_contrast_s3: 12.7%, imagenet_c_defocus_blur_s3: 15.8%, imagenet_c_fog_s3: 7.0%, imagenet_c_gaussian_noise_s3: 13.9%
2026-03-16 14:35:30,650 [INFO] Epoch 4/25 | Train Loss: 4.0480, Train Acc: 14.96% | Val Loss: 3.7802, Val Acc: 20.44% | LR: 0.000939 | Time: 326.4s
2026-03-16 14:35:30,917 [INFO] New best accuracy: 20.44%
2026-03-16 14:40:11,791 [INFO] Running OOD evaluation (epoch 5)...
2026-03-16 14:40:58,794 [INFO] OOD accuracies: imagenet_c_contrast_s3: 14.4%, imagenet_c_defocus_blur_s3: 16.9%, imagenet_c_fog_s3: 6.9%, imagenet_c_gaussian_noise_s3: 14.0%
2026-03-16 14:40:58,819 [INFO] Epoch 5/25 | Train Loss: 3.8429, Train Acc: 19.21% | Val Loss: 3.5851, Val Acc: 24.66% | LR: 0.000905 | Time: 326.1s
2026-03-16 14:40:59,083 [INFO] New best accuracy: 24.66%
2026-03-16 14:45:40,095 [INFO] Running OOD evaluation (epoch 6)...
2026-03-16 14:46:27,821 [INFO] OOD accuracies: imagenet_c_contrast_s3: 16.3%, imagenet_c_defocus_blur_s3: 21.2%, imagenet_c_fog_s3: 8.8%, imagenet_c_gaussian_noise_s3: 15.1%
2026-03-16 14:46:27,845 [INFO] Epoch 6/25 | Train Loss: 3.6850, Train Acc: 22.62% | Val Loss: 3.4660, Val Acc: 27.18% | LR: 0.000866 | Time: 327.0s
2026-03-16 14:46:28,117 [INFO] New best accuracy: 27.18%
2026-03-16 14:51:08,375 [INFO] Running OOD evaluation (epoch 7)...
2026-03-16 14:51:55,578 [INFO] OOD accuracies: imagenet_c_contrast_s3: 22.1%, imagenet_c_defocus_blur_s3: 21.4%, imagenet_c_fog_s3: 11.1%, imagenet_c_gaussian_noise_s3: 15.4%
2026-03-16 14:51:55,601 [INFO] Epoch 7/25 | Train Loss: 3.5341, Train Acc: 26.32% | Val Loss: 3.2408, Val Acc: 33.53% | LR: 0.000821 | Time: 325.8s
2026-03-16 14:51:55,870 [INFO] New best accuracy: 33.53%
2026-03-16 14:56:37,194 [INFO] Running OOD evaluation (epoch 8)...
2026-03-16 14:57:24,352 [INFO] OOD accuracies: imagenet_c_contrast_s3: 22.8%, imagenet_c_defocus_blur_s3: 24.4%, imagenet_c_fog_s3: 14.4%, imagenet_c_gaussian_noise_s3: 15.6%
2026-03-16 14:57:24,376 [INFO] Epoch 8/25 | Train Loss: 3.4109, Train Acc: 29.10% | Val Loss: 3.1346, Val Acc: 36.66% | LR: 0.000770 | Time: 326.8s
2026-03-16 14:57:24,649 [INFO] New best accuracy: 36.66%
2026-03-16 15:02:05,223 [INFO] Running OOD evaluation (epoch 9)...
2026-03-16 15:02:52,638 [INFO] OOD accuracies: imagenet_c_contrast_s3: 26.4%, imagenet_c_defocus_blur_s3: 25.7%, imagenet_c_fog_s3: 11.5%, imagenet_c_gaussian_noise_s3: 18.9%
2026-03-16 15:02:52,699 [INFO] Epoch 9/25 | Train Loss: 3.2875, Train Acc: 32.13% | Val Loss: 3.0264, Val Acc: 38.32% | LR: 0.000716 | Time: 326.3s
2026-03-16 15:02:52,967 [INFO] New best accuracy: 38.32%
2026-03-16 15:07:33,926 [INFO] Running OOD evaluation (epoch 10)...
2026-03-16 15:08:20,612 [INFO] OOD accuracies: imagenet_c_contrast_s3: 28.7%, imagenet_c_defocus_blur_s3: 28.9%, imagenet_c_fog_s3: 15.8%, imagenet_c_gaussian_noise_s3: 16.3%
Traceback (most recent call last):
  File "/gpfs/home1/mbolding/.local/share/mamba/envs/visioncnn/lib/python3.11/site-packages/numpy/lib/_npyio_impl.py", line 785, in _savez
    with zipf.open(fname, 'w', force_zip64=True) as fid:
  File "/gpfs/home1/mbolding/.local/share/mamba/envs/visioncnn/lib/python3.11/zipfile.py", line 1234, in close
    self._fileobj.seek(self._zinfo.header_offset)
OSError: [Errno 122] Disk quota exceeded

During handling of the above exception, another exception occurred:

Traceback (most recent call last):
  File "/gpfs/home1/mbolding/.local/share/mamba/envs/visioncnn/lib/python3.11/zipfile.py", line 1925, in close
    self.fp.seek(self.start_dir)
OSError: [Errno 122] Disk quota exceeded

During handling of the above exception, another exception occurred:

Traceback (most recent call last):
  File "/gpfs/home1/mbolding/visionCNN/scripts/train.py", line 836, in <module>
    main(args)
  File "/gpfs/home1/mbolding/visionCNN/scripts/train.py", line 712, in main
    save_predictions_to_file(
  File "/gpfs/home1/mbolding/visionCNN/src/evaluation/ood_eval.py", line 235, in save_predictions_to_file
    np.savez_compressed(filepath, **{
  File "/gpfs/home1/mbolding/.local/share/mamba/envs/visioncnn/lib/python3.11/site-packages/numpy/lib/_npyio_impl.py", line 753, in savez_compressed
    _savez(file, args, kwds, True, allow_pickle=allow_pickle)
  File "/gpfs/home1/mbolding/.local/share/mamba/envs/visioncnn/lib/python3.11/site-packages/numpy/lib/_npyio_impl.py", line 790, in _savez
    zipf.close()
  File "/gpfs/home1/mbolding/.local/share/mamba/envs/visioncnn/lib/python3.11/zipfile.py", line 1930, in close
    self._fpclose(fp)
  File "/gpfs/home1/mbolding/.local/share/mamba/envs/visioncnn/lib/python3.11/zipfile.py", line 2030, in _fpclose
    fp.close()
OSError: [Errno 122] Disk quota exceeded
[rank0]: Traceback (most recent call last):
[rank0]:   File "/gpfs/home1/mbolding/.local/share/mamba/envs/visioncnn/lib/python3.11/site-packages/numpy/lib/_npyio_impl.py", line 785, in _savez
[rank0]:     with zipf.open(fname, 'w', force_zip64=True) as fid:
[rank0]:   File "/gpfs/home1/mbolding/.local/share/mamba/envs/visioncnn/lib/python3.11/zipfile.py", line 1234, in close
[rank0]:     self._fileobj.seek(self._zinfo.header_offset)
[rank0]: OSError: [Errno 122] Disk quota exceeded

[rank0]: During handling of the above exception, another exception occurred:

[rank0]: Traceback (most recent call last):
[rank0]:   File "/gpfs/home1/mbolding/.local/share/mamba/envs/visioncnn/lib/python3.11/zipfile.py", line 1925, in close
[rank0]:     self.fp.seek(self.start_dir)
[rank0]: OSError: [Errno 122] Disk quota exceeded

[rank0]: During handling of the above exception, another exception occurred:

[rank0]: Traceback (most recent call last):
[rank0]:   File "/gpfs/home1/mbolding/visionCNN/scripts/train.py", line 836, in <module>
[rank0]:     main(args)
[rank0]:   File "/gpfs/home1/mbolding/visionCNN/scripts/train.py", line 712, in main
[rank0]:     save_predictions_to_file(
[rank0]:   File "/gpfs/home1/mbolding/visionCNN/src/evaluation/ood_eval.py", line 235, in save_predictions_to_file
[rank0]:     np.savez_compressed(filepath, **{
[rank0]:   File "/gpfs/home1/mbolding/.local/share/mamba/envs/visioncnn/lib/python3.11/site-packages/numpy/lib/_npyio_impl.py", line 753, in savez_compressed
[rank0]:     _savez(file, args, kwds, True, allow_pickle=allow_pickle)
[rank0]:   File "/gpfs/home1/mbolding/.local/share/mamba/envs/visioncnn/lib/python3.11/site-packages/numpy/lib/_npyio_impl.py", line 790, in _savez
[rank0]:     zipf.close()
[rank0]:   File "/gpfs/home1/mbolding/.local/share/mamba/envs/visioncnn/lib/python3.11/zipfile.py", line 1930, in close
[rank0]:     self._fpclose(fp)
[rank0]:   File "/gpfs/home1/mbolding/.local/share/mamba/envs/visioncnn/lib/python3.11/zipfile.py", line 2030, in _fpclose
[rank0]:     fp.close()
[rank0]: OSError: [Errno 122] Disk quota exceeded
E0316 15:11:04.983000 463892 site-packages/torch/distributed/elastic/multiprocessing/api.py:869] failed (exitcode: 1) local_rank: 0 (pid: 463916) of binary: /gpfs/home1/mbolding/.local/share/mamba/envs/visioncnn/bin/python
Traceback (most recent call last):
  File "/gpfs/home1/mbolding/.local/share/mamba/envs/visioncnn/bin/torchrun", line 33, in <module>
    sys.exit(load_entry_point('torch==2.5.1', 'console_scripts', 'torchrun')())
             ^^^^^^^^^^^^^^^^^^^^^^^^^^^^^^^^^^^^^^^^^^^^^^^^^^^^^^^^^^^^^^^^^
  File "/gpfs/home1/mbolding/.local/share/mamba/envs/visioncnn/lib/python3.11/site-packages/torch/distributed/elastic/multiprocessing/errors/__init__.py", line 355, in wrapper
    return f(*args, **kwargs)
           ^^^^^^^^^^^^^^^^^^
  File "/gpfs/home1/mbolding/.local/share/mamba/envs/visioncnn/lib/python3.11/site-packages/torch/distributed/run.py", line 919, in main
    run(args)
  File "/gpfs/home1/mbolding/.local/share/mamba/envs/visioncnn/lib/python3.11/site-packages/torch/distributed/run.py", line 910, in run
    elastic_launch(
  File "/gpfs/home1/mbolding/.local/share/mamba/envs/visioncnn/lib/python3.11/site-packages/torch/distributed/launcher/api.py", line 138, in __call__
    return launch_agent(self._config, self._entrypoint, list(args))
           ^^^^^^^^^^^^^^^^^^^^^^^^^^^^^^^^^^^^^^^^^^^^^^^^^^^^^^^^
  File "/gpfs/home1/mbolding/.local/share/mamba/envs/visioncnn/lib/python3.11/site-packages/torch/distributed/launcher/api.py", line 269, in launch_agent
    raise ChildFailedError(
torch.distributed.elastic.multiprocessing.errors.ChildFailedError: 
============================================================
scripts/train.py FAILED
------------------------------------------------------------
Failures:
  <NO_OTHER_FAILURES>
------------------------------------------------------------
Root Cause (first observed failure):
[0]:
  time      : 2026-03-16_15:11:04
  host      : gcn37.local.snellius.surf.nl
  rank      : 0 (local_rank: 0)
  exitcode  : 1 (pid: 463916)
  error_file: <N/A>
  traceback : To enable traceback see: https://pytorch.org/docs/stable/elastic/errors.html
============================================================
srun: error: gcn37: task 0: Exited with exit code 1
srun: Terminating StepId=20769795.0
