[rank0]:[W316 14:12:24.263999110 ProcessGroupNCCL.cpp:4115] [PG ID 0 PG GUID 0 Rank 0]  using GPU 0 to perform barrier as devices used by this process are currently unknown. This can potentially cause a hang if this rank to GPU mapping is incorrect.Specify device_ids in barrier() to force use of a particular device,or call init_process_group() with a device_id.
2026-03-16 14:12:24,815 [INFO] Distributed: DistributedManager(rank=0, local_rank=0, world_size=1, device=cuda:0, is_distributed=True)
2026-03-16 14:12:24,816 [INFO] Config: {'experiment_name': 'resnet50_localnorm_imagenet_ecoset_ecovalid_seed42', 'model': {'name': 'resnet50_custom', 'num_classes': 136, 'norm_layer': 'localnorm'}, 'data': {'dataset': 'imagenet_ecoset136', 'root': '/scratch-nvme/ml-datasets/imagenet/torchvision_ImageFolder', 'img_size': 224, 'backend': 'pytorch', 'num_workers': 16, 'pin_memory': True, 'persistent_workers': True, 'prefetch_factor': 2, 'gpu_transforms': True, 'random_rotation': True, 'random_rotation_degrees': 15, 'color_jitter': True, 'color_jitter_brightness': 0.2, 'color_jitter_contrast': 0.2, 'color_jitter_saturation': 0.2, 'color_jitter_hue': 0.05, 'gaussian_blur': True, 'random_grayscale': True, 'random_grayscale_p': 0.1}, 'training': {'epochs': 25, 'batch_size': 128, 'lr': 0.001, 'min_lr': 1e-05, 'weight_decay': 0.05, 'optimizer': 'adamw', 'scheduler': 'cosine', 'label_smoothing': 0.1, 'use_amp': True, 'channels_last': True, 'seed': 42, 'checkpoint_schedule': [[10, 1], [20, 2], [25, 3]], 'disable_progress_bar': True}, 'logging': {'log_dir': 'logs'}, 'ood_eval': {'enabled': True, 'source_dataset': 'imagenet_ecoset136', 'datasets_root': '/scratch-nvme/ml-datasets', 'imagenet_c': {'during_training': True, 'corruptions_during_training': ['gaussian_noise', 'defocus_blur', 'fog', 'contrast'], 'severity_during_training': 3}, 'save_predictions': True}, 'wandb': {'enabled': True, 'project': 'norm-comparison', 'group': 'resnet50-imagenet-ecoset-ecovalid-norm-experiment', 'tags': ['localnorm', 'resnet50', 'imagenet_ecoset136', 'ecovalid-aug', 'a100', 'norm-experiment', 'snellius']}, '_machine': {'log_dir': '/projects/prjs0771/melle/projects/visionCNN/logs'}}
2026-03-16 14:12:24,821 [INFO] Run directory: logs/resnet50_localnorm_imagenet_ecoset_ecovalid_seed42
wandb: [wandb.login()] Loaded credentials for https://api.wandb.ai from /home/mbolding/.netrc.
wandb: Currently logged in as: mellebolding (mellebolding-university-of-amsterdam) to https://api.wandb.ai. Use `wandb login --relogin` to force relogin
wandb: setting up run afwx36j1
wandb: Tracking run with wandb version 0.25.0
wandb: Run data is saved locally in logs/resnet50_localnorm_imagenet_ecoset_ecovalid_seed42/wandb/run-20260316_141225-afwx36j1
wandb: Run `wandb offline` to turn off syncing.
wandb: Syncing run resnet50_localnorm_imagenet_ecoset_ecovalid_seed42
wandb: ⭐️ View project at https://wandb.ai/mellebolding-university-of-amsterdam/norm-comparison
wandb: 🚀 View run at https://wandb.ai/mellebolding-university-of-amsterdam/norm-comparison/runs/afwx36j1
2026-03-16 14:12:26,309 [INFO] Weights & Biases logging enabled
2026-03-16 14:12:26,312 [INFO] Set random seed: 42 (rank offset applied)
2026-03-16 14:12:26,312 [INFO] Using device: cuda:0
2026-03-16 14:12:26,313 [INFO] World size: 1
2026-03-16 14:12:26,649 [INFO] Model: resnet50_custom, Parameters: 23,839,816
2026-03-16 14:12:26,677 [INFO] Using channels-last (NHWC) memory format
2026-03-16 14:12:26,715 [INFO] Mixed precision training: True
2026-03-16 14:12:44,369 [INFO] Using GPU-accelerated transforms to reduce CPU bottleneck
2026-03-16 14:12:44,370 [INFO] Train samples: 176411, Val samples: 6800
2026-03-16 14:12:44,370 [INFO] Effective batch size: 128 (128 x 1 GPUs)
2026-03-16 14:12:48,861 [INFO] OOD evaluation enabled: 4 datasets loaded (imagenet_c_gaussian_noise_s3, imagenet_c_defocus_blur_s3, imagenet_c_fog_s3, imagenet_c_contrast_s3)
2026-03-16 14:12:48,862 [INFO] Saving per-image predictions to logs/resnet50_localnorm_imagenet_ecoset_ecovalid_seed42/predictions
2026-03-16 14:12:48,862 [INFO] Starting training for 25 epochs...
2026-03-16 14:20:16,244 [INFO] Running OOD evaluation (epoch 1)...
2026-03-16 14:20:58,065 [INFO] OOD accuracies: imagenet_c_contrast_s3: 6.0%, imagenet_c_defocus_blur_s3: 9.0%, imagenet_c_fog_s3: 6.1%, imagenet_c_gaussian_noise_s3: 4.6%
2026-03-16 14:20:58,083 [INFO] Epoch 1/25 | Train Loss: 4.4666, Train Acc: 7.16% | Val Loss: 4.1773, Val Acc: 13.25% | LR: 0.000996 | Time: 489.2s
2026-03-16 14:20:58,437 [INFO] New best accuracy: 13.25%
2026-03-16 14:28:25,274 [INFO] Running OOD evaluation (epoch 2)...
2026-03-16 14:29:06,431 [INFO] OOD accuracies: imagenet_c_contrast_s3: 7.8%, imagenet_c_defocus_blur_s3: 8.3%, imagenet_c_fog_s3: 7.7%, imagenet_c_gaussian_noise_s3: 6.1%
2026-03-16 14:29:06,446 [INFO] Epoch 2/25 | Train Loss: 3.9222, Train Acc: 16.72% | Val Loss: 3.6736, Val Acc: 23.09% | LR: 0.000984 | Time: 484.9s
2026-03-16 14:29:06,706 [INFO] New best accuracy: 23.09%
2026-03-16 14:36:32,168 [INFO] Running OOD evaluation (epoch 3)...
2026-03-16 14:37:12,432 [INFO] OOD accuracies: imagenet_c_contrast_s3: 9.4%, imagenet_c_defocus_blur_s3: 10.2%, imagenet_c_fog_s3: 10.8%, imagenet_c_gaussian_noise_s3: 9.2%
2026-03-16 14:37:12,448 [INFO] Epoch 3/25 | Train Loss: 3.5913, Train Acc: 24.18% | Val Loss: 3.1963, Val Acc: 34.04% | LR: 0.000965 | Time: 484.0s
2026-03-16 14:37:12,711 [INFO] New best accuracy: 34.04%
2026-03-16 14:44:38,379 [INFO] Running OOD evaluation (epoch 4)...
2026-03-16 14:45:18,608 [INFO] OOD accuracies: imagenet_c_contrast_s3: 13.8%, imagenet_c_defocus_blur_s3: 15.5%, imagenet_c_fog_s3: 19.4%, imagenet_c_gaussian_noise_s3: 8.8%
2026-03-16 14:45:18,627 [INFO] Epoch 4/25 | Train Loss: 3.3372, Train Acc: 30.31% | Val Loss: 3.0683, Val Acc: 36.93% | LR: 0.000939 | Time: 484.2s
2026-03-16 14:45:18,890 [INFO] New best accuracy: 36.93%
2026-03-16 14:52:44,238 [INFO] Running OOD evaluation (epoch 5)...
2026-03-16 14:53:25,302 [INFO] OOD accuracies: imagenet_c_contrast_s3: 16.3%, imagenet_c_defocus_blur_s3: 15.2%, imagenet_c_fog_s3: 25.1%, imagenet_c_gaussian_noise_s3: 15.9%
2026-03-16 14:53:25,319 [INFO] Epoch 5/25 | Train Loss: 3.1333, Train Acc: 35.38% | Val Loss: 2.8826, Val Acc: 41.91% | LR: 0.000905 | Time: 484.8s
2026-03-16 14:53:25,578 [INFO] New best accuracy: 41.91%
2026-03-16 15:00:51,374 [INFO] Running OOD evaluation (epoch 6)...
2026-03-16 15:01:31,236 [INFO] OOD accuracies: imagenet_c_contrast_s3: 19.5%, imagenet_c_defocus_blur_s3: 12.6%, imagenet_c_fog_s3: 21.6%, imagenet_c_gaussian_noise_s3: 15.1%
2026-03-16 15:01:31,253 [INFO] Epoch 6/25 | Train Loss: 2.9653, Train Acc: 39.89% | Val Loss: 2.6885, Val Acc: 46.69% | LR: 0.000866 | Time: 484.0s
2026-03-16 15:01:31,514 [INFO] New best accuracy: 46.69%
2026-03-16 15:08:57,180 [INFO] Running OOD evaluation (epoch 7)...
2026-03-16 15:09:37,559 [INFO] OOD accuracies: imagenet_c_contrast_s3: 26.5%, imagenet_c_defocus_blur_s3: 20.1%, imagenet_c_fog_s3: 30.4%, imagenet_c_gaussian_noise_s3: 18.3%
Traceback (most recent call last):
  File "/gpfs/home1/mbolding/.local/share/mamba/envs/visioncnn/lib/python3.11/site-packages/numpy/lib/_npyio_impl.py", line 785, in _savez
    with zipf.open(fname, 'w', force_zip64=True) as fid:
  File "/gpfs/home1/mbolding/.local/share/mamba/envs/visioncnn/lib/python3.11/zipfile.py", line 1234, in close
    self._fileobj.seek(self._zinfo.header_offset)
OSError: [Errno 122] Disk quota exceeded

During handling of the above exception, another exception occurred:

Traceback (most recent call last):
  File "/gpfs/home1/mbolding/.local/share/mamba/envs/visioncnn/lib/python3.11/zipfile.py", line 1925, in close
    self.fp.seek(self.start_dir)
OSError: [Errno 122] Disk quota exceeded

During handling of the above exception, another exception occurred:

Traceback (most recent call last):
  File "/gpfs/home1/mbolding/visionCNN/scripts/train.py", line 836, in <module>
    main(args)
  File "/gpfs/home1/mbolding/visionCNN/scripts/train.py", line 712, in main
    save_predictions_to_file(
  File "/gpfs/home1/mbolding/visionCNN/src/evaluation/ood_eval.py", line 235, in save_predictions_to_file
    np.savez_compressed(filepath, **{
  File "/gpfs/home1/mbolding/.local/share/mamba/envs/visioncnn/lib/python3.11/site-packages/numpy/lib/_npyio_impl.py", line 753, in savez_compressed
    _savez(file, args, kwds, True, allow_pickle=allow_pickle)
  File "/gpfs/home1/mbolding/.local/share/mamba/envs/visioncnn/lib/python3.11/site-packages/numpy/lib/_npyio_impl.py", line 790, in _savez
    zipf.close()
  File "/gpfs/home1/mbolding/.local/share/mamba/envs/visioncnn/lib/python3.11/zipfile.py", line 1930, in close
    self._fpclose(fp)
  File "/gpfs/home1/mbolding/.local/share/mamba/envs/visioncnn/lib/python3.11/zipfile.py", line 2030, in _fpclose
    fp.close()
OSError: [Errno 122] Disk quota exceeded
[rank0]: Traceback (most recent call last):
[rank0]:   File "/gpfs/home1/mbolding/.local/share/mamba/envs/visioncnn/lib/python3.11/site-packages/numpy/lib/_npyio_impl.py", line 785, in _savez
[rank0]:     with zipf.open(fname, 'w', force_zip64=True) as fid:
[rank0]:   File "/gpfs/home1/mbolding/.local/share/mamba/envs/visioncnn/lib/python3.11/zipfile.py", line 1234, in close
[rank0]:     self._fileobj.seek(self._zinfo.header_offset)
[rank0]: OSError: [Errno 122] Disk quota exceeded

[rank0]: During handling of the above exception, another exception occurred:

[rank0]: Traceback (most recent call last):
[rank0]:   File "/gpfs/home1/mbolding/.local/share/mamba/envs/visioncnn/lib/python3.11/zipfile.py", line 1925, in close
[rank0]:     self.fp.seek(self.start_dir)
[rank0]: OSError: [Errno 122] Disk quota exceeded

[rank0]: During handling of the above exception, another exception occurred:

[rank0]: Traceback (most recent call last):
[rank0]:   File "/gpfs/home1/mbolding/visionCNN/scripts/train.py", line 836, in <module>
[rank0]:     main(args)
[rank0]:   File "/gpfs/home1/mbolding/visionCNN/scripts/train.py", line 712, in main
[rank0]:     save_predictions_to_file(
[rank0]:   File "/gpfs/home1/mbolding/visionCNN/src/evaluation/ood_eval.py", line 235, in save_predictions_to_file
[rank0]:     np.savez_compressed(filepath, **{
[rank0]:   File "/gpfs/home1/mbolding/.local/share/mamba/envs/visioncnn/lib/python3.11/site-packages/numpy/lib/_npyio_impl.py", line 753, in savez_compressed
[rank0]:     _savez(file, args, kwds, True, allow_pickle=allow_pickle)
[rank0]:   File "/gpfs/home1/mbolding/.local/share/mamba/envs/visioncnn/lib/python3.11/site-packages/numpy/lib/_npyio_impl.py", line 790, in _savez
[rank0]:     zipf.close()
[rank0]:   File "/gpfs/home1/mbolding/.local/share/mamba/envs/visioncnn/lib/python3.11/zipfile.py", line 1930, in close
[rank0]:     self._fpclose(fp)
[rank0]:   File "/gpfs/home1/mbolding/.local/share/mamba/envs/visioncnn/lib/python3.11/zipfile.py", line 2030, in _fpclose
[rank0]:     fp.close()
[rank0]: OSError: [Errno 122] Disk quota exceeded
E0316 15:12:20.835000 681511 site-packages/torch/distributed/elastic/multiprocessing/api.py:869] failed (exitcode: 1) local_rank: 0 (pid: 681521) of binary: /gpfs/home1/mbolding/.local/share/mamba/envs/visioncnn/bin/python
Traceback (most recent call last):
  File "/gpfs/home1/mbolding/.local/share/mamba/envs/visioncnn/bin/torchrun", line 33, in <module>
    sys.exit(load_entry_point('torch==2.5.1', 'console_scripts', 'torchrun')())
             ^^^^^^^^^^^^^^^^^^^^^^^^^^^^^^^^^^^^^^^^^^^^^^^^^^^^^^^^^^^^^^^^^
  File "/gpfs/home1/mbolding/.local/share/mamba/envs/visioncnn/lib/python3.11/site-packages/torch/distributed/elastic/multiprocessing/errors/__init__.py", line 355, in wrapper
    return f(*args, **kwargs)
           ^^^^^^^^^^^^^^^^^^
  File "/gpfs/home1/mbolding/.local/share/mamba/envs/visioncnn/lib/python3.11/site-packages/torch/distributed/run.py", line 919, in main
    run(args)
  File "/gpfs/home1/mbolding/.local/share/mamba/envs/visioncnn/lib/python3.11/site-packages/torch/distributed/run.py", line 910, in run
    elastic_launch(
  File "/gpfs/home1/mbolding/.local/share/mamba/envs/visioncnn/lib/python3.11/site-packages/torch/distributed/launcher/api.py", line 138, in __call__
    return launch_agent(self._config, self._entrypoint, list(args))
           ^^^^^^^^^^^^^^^^^^^^^^^^^^^^^^^^^^^^^^^^^^^^^^^^^^^^^^^^
  File "/gpfs/home1/mbolding/.local/share/mamba/envs/visioncnn/lib/python3.11/site-packages/torch/distributed/launcher/api.py", line 269, in launch_agent
    raise ChildFailedError(
torch.distributed.elastic.multiprocessing.errors.ChildFailedError: 
============================================================
scripts/train.py FAILED
------------------------------------------------------------
Failures:
  <NO_OTHER_FAILURES>
------------------------------------------------------------
Root Cause (first observed failure):
[0]:
  time      : 2026-03-16_15:12:20
  host      : gcn25.local.snellius.surf.nl
  rank      : 0 (local_rank: 0)
  exitcode  : 1 (pid: 681521)
  error_file: <N/A>
  traceback : To enable traceback see: https://pytorch.org/docs/stable/elastic/errors.html
============================================================
srun: error: gcn25: task 0: Exited with exit code 1
srun: Terminating StepId=20769822.0
