[rank0]:[W316 14:11:40.979793281 ProcessGroupNCCL.cpp:4115] [PG ID 0 PG GUID 0 Rank 0]  using GPU 0 to perform barrier as devices used by this process are currently unknown. This can potentially cause a hang if this rank to GPU mapping is incorrect.Specify device_ids in barrier() to force use of a particular device,or call init_process_group() with a device_id.
2026-03-16 14:11:41,140 [INFO] Distributed: DistributedManager(rank=0, local_rank=0, world_size=1, device=cuda:0, is_distributed=True)
2026-03-16 14:11:41,141 [INFO] Config: {'experiment_name': 'resnet50_batchnorm_imagenet_ecoset_ecovalid_seed45', 'model': {'name': 'resnet50_custom', 'num_classes': 136, 'norm_layer': 'batchnorm'}, 'data': {'dataset': 'imagenet_ecoset136', 'root': '/scratch-nvme/ml-datasets/imagenet/torchvision_ImageFolder', 'img_size': 224, 'backend': 'pytorch', 'num_workers': 16, 'pin_memory': True, 'persistent_workers': True, 'prefetch_factor': 2, 'gpu_transforms': True, 'random_rotation': True, 'random_rotation_degrees': 15, 'color_jitter': True, 'color_jitter_brightness': 0.2, 'color_jitter_contrast': 0.2, 'color_jitter_saturation': 0.2, 'color_jitter_hue': 0.05, 'gaussian_blur': True, 'random_grayscale': True, 'random_grayscale_p': 0.1}, 'training': {'epochs': 25, 'batch_size': 256, 'val_batch_size': 512, 'lr': 0.001, 'min_lr': 1e-05, 'weight_decay': 0.05, 'optimizer': 'adamw', 'scheduler': 'cosine', 'label_smoothing': 0.1, 'use_amp': True, 'channels_last': True, 'seed': 45, 'checkpoint_schedule': [[10, 1], [20, 2], [25, 3]], 'disable_progress_bar': True}, 'logging': {'log_dir': 'logs'}, 'ood_eval': {'enabled': True, 'source_dataset': 'imagenet_ecoset136', 'datasets_root': '/scratch-nvme/ml-datasets', 'bn_adapt': True, 'imagenet_c': {'during_training': True, 'corruptions_during_training': ['gaussian_noise', 'defocus_blur', 'fog', 'contrast'], 'severity_during_training': 3}, 'save_predictions': True}, 'wandb': {'enabled': True, 'project': 'norm-comparison', 'group': 'resnet50-imagenet-ecoset-ecovalid-norm-experiment', 'tags': ['norm-experiment', 'imagenet_ecoset136', 'ecovalid-aug', 'resnet50', 'snellius', 'batchnorm', 'a100']}, '_machine': {'log_dir': '/projects/prjs0771/melle/projects/visionCNN/logs'}}
2026-03-16 14:11:41,146 [INFO] Run directory: logs/resnet50_batchnorm_imagenet_ecoset_ecovalid_seed45
wandb: [wandb.login()] Loaded credentials for https://api.wandb.ai from /home/mbolding/.netrc.
wandb: Currently logged in as: mellebolding (mellebolding-university-of-amsterdam) to https://api.wandb.ai. Use `wandb login --relogin` to force relogin
wandb: setting up run l77z9bbp
wandb: Tracking run with wandb version 0.25.0
wandb: Run data is saved locally in logs/resnet50_batchnorm_imagenet_ecoset_ecovalid_seed45/wandb/run-20260316_141141-l77z9bbp
wandb: Run `wandb offline` to turn off syncing.
wandb: Syncing run resnet50_batchnorm_imagenet_ecoset_ecovalid_seed45
wandb: ⭐️ View project at https://wandb.ai/mellebolding-university-of-amsterdam/norm-comparison
wandb: 🚀 View run at https://wandb.ai/mellebolding-university-of-amsterdam/norm-comparison/runs/l77z9bbp
2026-03-16 14:11:43,083 [INFO] Weights & Biases logging enabled
2026-03-16 14:11:43,087 [INFO] Set random seed: 45 (rank offset applied)
2026-03-16 14:11:43,087 [INFO] Using device: cuda:0
2026-03-16 14:11:43,087 [INFO] World size: 1
2026-03-16 14:11:43,428 [INFO] Model: resnet50_custom, Parameters: 23,786,696
2026-03-16 14:11:43,459 [INFO] Using channels-last (NHWC) memory format
2026-03-16 14:11:43,499 [INFO] Mixed precision training: True
2026-03-16 14:12:06,375 [INFO] Using GPU-accelerated transforms to reduce CPU bottleneck
2026-03-16 14:12:06,376 [INFO] Train samples: 176411, Val samples: 6800
2026-03-16 14:12:06,376 [INFO] Effective batch size: 256 (256 x 1 GPUs)
2026-03-16 14:12:10,461 [INFO] OOD evaluation enabled: 4 datasets loaded (imagenet_c_gaussian_noise_s3, imagenet_c_defocus_blur_s3, imagenet_c_fog_s3, imagenet_c_contrast_s3)
2026-03-16 14:12:10,462 [INFO] Saving per-image predictions to logs/resnet50_batchnorm_imagenet_ecoset_ecovalid_seed45/predictions
2026-03-16 14:12:10,462 [INFO] Starting training for 25 epochs...
2026-03-16 14:15:23,767 [INFO] Running OOD evaluation (epoch 1)...
2026-03-16 14:16:12,581 [INFO] OOD accuracies: imagenet_c_contrast_s3: 5.5%, imagenet_c_defocus_blur_s3: 6.8%, imagenet_c_fog_s3: 5.1%, imagenet_c_gaussian_noise_s3: 7.5%
2026-03-16 14:16:12,602 [INFO] Epoch 1/25 | Train Loss: 4.5229, Train Acc: 6.53% | Val Loss: 4.1426, Val Acc: 12.75% | LR: 0.000996 | Time: 242.1s
2026-03-16 14:16:12,888 [INFO] New best accuracy: 12.75%
2026-03-16 14:19:26,677 [INFO] Running OOD evaluation (epoch 2)...
2026-03-16 14:20:15,441 [INFO] OOD accuracies: imagenet_c_contrast_s3: 10.5%, imagenet_c_defocus_blur_s3: 11.2%, imagenet_c_fog_s3: 10.9%, imagenet_c_gaussian_noise_s3: 12.4%
2026-03-16 14:20:15,459 [INFO] Epoch 2/25 | Train Loss: 3.9556, Train Acc: 16.16% | Val Loss: 3.5633, Val Acc: 24.13% | LR: 0.000984 | Time: 239.6s
2026-03-16 14:20:15,725 [INFO] New best accuracy: 24.13%
2026-03-16 14:23:27,943 [INFO] Running OOD evaluation (epoch 3)...
2026-03-16 14:24:16,999 [INFO] OOD accuracies: imagenet_c_contrast_s3: 14.4%, imagenet_c_defocus_blur_s3: 14.4%, imagenet_c_fog_s3: 14.8%, imagenet_c_gaussian_noise_s3: 14.8%
2026-03-16 14:24:17,019 [INFO] Epoch 3/25 | Train Loss: 3.6236, Train Acc: 23.33% | Val Loss: 3.2820, Val Acc: 30.68% | LR: 0.000965 | Time: 239.5s
2026-03-16 14:24:17,287 [INFO] New best accuracy: 30.68%
2026-03-16 14:27:29,399 [INFO] Running OOD evaluation (epoch 4)...
2026-03-16 14:28:18,143 [INFO] OOD accuracies: imagenet_c_contrast_s3: 17.9%, imagenet_c_defocus_blur_s3: 18.3%, imagenet_c_fog_s3: 18.1%, imagenet_c_gaussian_noise_s3: 18.6%
2026-03-16 14:28:18,165 [INFO] Epoch 4/25 | Train Loss: 3.3621, Train Acc: 29.71% | Val Loss: 3.0613, Val Acc: 37.19% | LR: 0.000939 | Time: 239.1s
2026-03-16 14:28:18,430 [INFO] New best accuracy: 37.19%
2026-03-16 14:31:33,262 [INFO] Running OOD evaluation (epoch 5)...
2026-03-16 14:32:21,881 [INFO] OOD accuracies: imagenet_c_contrast_s3: 22.0%, imagenet_c_defocus_blur_s3: 19.2%, imagenet_c_fog_s3: 20.8%, imagenet_c_gaussian_noise_s3: 20.9%
2026-03-16 14:32:21,900 [INFO] Epoch 5/25 | Train Loss: 3.1444, Train Acc: 35.19% | Val Loss: 2.8410, Val Acc: 43.01% | LR: 0.000905 | Time: 241.7s
2026-03-16 14:32:22,167 [INFO] New best accuracy: 43.01%
2026-03-16 14:35:34,624 [INFO] Running OOD evaluation (epoch 6)...
2026-03-16 14:36:23,069 [INFO] OOD accuracies: imagenet_c_contrast_s3: 25.5%, imagenet_c_defocus_blur_s3: 21.4%, imagenet_c_fog_s3: 24.1%, imagenet_c_gaussian_noise_s3: 24.2%
2026-03-16 14:36:23,089 [INFO] Epoch 6/25 | Train Loss: 2.9794, Train Acc: 39.51% | Val Loss: 2.6693, Val Acc: 47.03% | LR: 0.000866 | Time: 239.2s
2026-03-16 14:36:23,357 [INFO] New best accuracy: 47.03%
2026-03-16 14:39:35,308 [INFO] Running OOD evaluation (epoch 7)...
2026-03-16 14:40:24,395 [INFO] OOD accuracies: imagenet_c_contrast_s3: 27.7%, imagenet_c_defocus_blur_s3: 23.0%, imagenet_c_fog_s3: 25.2%, imagenet_c_gaussian_noise_s3: 25.1%
2026-03-16 14:40:24,414 [INFO] Epoch 7/25 | Train Loss: 2.8662, Train Acc: 42.70% | Val Loss: 2.5918, Val Acc: 48.78% | LR: 0.000821 | Time: 239.3s
2026-03-16 14:40:24,680 [INFO] New best accuracy: 48.78%
2026-03-16 14:43:37,718 [INFO] Running OOD evaluation (epoch 8)...
2026-03-16 14:44:26,898 [INFO] OOD accuracies: imagenet_c_contrast_s3: 28.3%, imagenet_c_defocus_blur_s3: 22.6%, imagenet_c_fog_s3: 26.9%, imagenet_c_gaussian_noise_s3: 26.8%
2026-03-16 14:44:26,918 [INFO] Epoch 8/25 | Train Loss: 2.7527, Train Acc: 45.71% | Val Loss: 2.4981, Val Acc: 52.41% | LR: 0.000770 | Time: 240.5s
2026-03-16 14:44:27,181 [INFO] New best accuracy: 52.41%
2026-03-16 14:47:41,665 [INFO] Running OOD evaluation (epoch 9)...
2026-03-16 14:48:30,712 [INFO] OOD accuracies: imagenet_c_contrast_s3: 31.9%, imagenet_c_defocus_blur_s3: 25.7%, imagenet_c_fog_s3: 29.9%, imagenet_c_gaussian_noise_s3: 27.4%
2026-03-16 14:48:30,731 [INFO] Epoch 9/25 | Train Loss: 2.6220, Train Acc: 49.11% | Val Loss: 2.3562, Val Acc: 55.46% | LR: 0.000716 | Time: 241.9s
2026-03-16 14:48:31,192 [INFO] New best accuracy: 55.46%
2026-03-16 14:51:43,882 [INFO] Running OOD evaluation (epoch 10)...
2026-03-16 14:52:32,321 [INFO] OOD accuracies: imagenet_c_contrast_s3: 33.5%, imagenet_c_defocus_blur_s3: 26.0%, imagenet_c_fog_s3: 31.1%, imagenet_c_gaussian_noise_s3: 29.5%
2026-03-16 14:52:32,342 [INFO] Epoch 10/25 | Train Loss: 2.5270, Train Acc: 51.72% | Val Loss: 2.3172, Val Acc: 56.97% | LR: 0.000658 | Time: 239.4s
2026-03-16 14:52:32,607 [INFO] New best accuracy: 56.97%
2026-03-16 14:55:39,367 [INFO] Epoch 11/25 | Train Loss: 2.4476, Train Acc: 53.99% | (validation skipped) | LR: 0.000598 | Time: 185.0s
2026-03-16 14:58:50,538 [INFO] Running OOD evaluation (epoch 12)...
2026-03-16 14:59:39,036 [INFO] OOD accuracies: imagenet_c_contrast_s3: 34.9%, imagenet_c_defocus_blur_s3: 26.8%, imagenet_c_fog_s3: 32.2%, imagenet_c_gaussian_noise_s3: 31.6%
Traceback (most recent call last):
  File "/gpfs/home1/mbolding/.local/share/mamba/envs/visioncnn/lib/python3.11/site-packages/numpy/lib/_npyio_impl.py", line 785, in _savez
    with zipf.open(fname, 'w', force_zip64=True) as fid:
  File "/gpfs/home1/mbolding/.local/share/mamba/envs/visioncnn/lib/python3.11/zipfile.py", line 1234, in close
    self._fileobj.seek(self._zinfo.header_offset)
OSError: [Errno 122] Disk quota exceeded

During handling of the above exception, another exception occurred:

Traceback (most recent call last):
  File "/gpfs/home1/mbolding/.local/share/mamba/envs/visioncnn/lib/python3.11/zipfile.py", line 1925, in close
    self.fp.seek(self.start_dir)
OSError: [Errno 122] Disk quota exceeded

During handling of the above exception, another exception occurred:

Traceback (most recent call last):
  File "/gpfs/home1/mbolding/visionCNN/scripts/train.py", line 836, in <module>
    main(args)
  File "/gpfs/home1/mbolding/visionCNN/scripts/train.py", line 712, in main
    save_predictions_to_file(
  File "/gpfs/home1/mbolding/visionCNN/src/evaluation/ood_eval.py", line 235, in save_predictions_to_file
    np.savez_compressed(filepath, **{
  File "/gpfs/home1/mbolding/.local/share/mamba/envs/visioncnn/lib/python3.11/site-packages/numpy/lib/_npyio_impl.py", line 753, in savez_compressed
    _savez(file, args, kwds, True, allow_pickle=allow_pickle)
  File "/gpfs/home1/mbolding/.local/share/mamba/envs/visioncnn/lib/python3.11/site-packages/numpy/lib/_npyio_impl.py", line 790, in _savez
    zipf.close()
  File "/gpfs/home1/mbolding/.local/share/mamba/envs/visioncnn/lib/python3.11/zipfile.py", line 1930, in close
    self._fpclose(fp)
  File "/gpfs/home1/mbolding/.local/share/mamba/envs/visioncnn/lib/python3.11/zipfile.py", line 2030, in _fpclose
    fp.close()
OSError: [Errno 122] Disk quota exceeded
[rank0]: Traceback (most recent call last):
[rank0]:   File "/gpfs/home1/mbolding/.local/share/mamba/envs/visioncnn/lib/python3.11/site-packages/numpy/lib/_npyio_impl.py", line 785, in _savez
[rank0]:     with zipf.open(fname, 'w', force_zip64=True) as fid:
[rank0]:   File "/gpfs/home1/mbolding/.local/share/mamba/envs/visioncnn/lib/python3.11/zipfile.py", line 1234, in close
[rank0]:     self._fileobj.seek(self._zinfo.header_offset)
[rank0]: OSError: [Errno 122] Disk quota exceeded

[rank0]: During handling of the above exception, another exception occurred:

[rank0]: Traceback (most recent call last):
[rank0]:   File "/gpfs/home1/mbolding/.local/share/mamba/envs/visioncnn/lib/python3.11/zipfile.py", line 1925, in close
[rank0]:     self.fp.seek(self.start_dir)
[rank0]: OSError: [Errno 122] Disk quota exceeded

[rank0]: During handling of the above exception, another exception occurred:

[rank0]: Traceback (most recent call last):
[rank0]:   File "/gpfs/home1/mbolding/visionCNN/scripts/train.py", line 836, in <module>
[rank0]:     main(args)
[rank0]:   File "/gpfs/home1/mbolding/visionCNN/scripts/train.py", line 712, in main
[rank0]:     save_predictions_to_file(
[rank0]:   File "/gpfs/home1/mbolding/visionCNN/src/evaluation/ood_eval.py", line 235, in save_predictions_to_file
[rank0]:     np.savez_compressed(filepath, **{
[rank0]:   File "/gpfs/home1/mbolding/.local/share/mamba/envs/visioncnn/lib/python3.11/site-packages/numpy/lib/_npyio_impl.py", line 753, in savez_compressed
[rank0]:     _savez(file, args, kwds, True, allow_pickle=allow_pickle)
[rank0]:   File "/gpfs/home1/mbolding/.local/share/mamba/envs/visioncnn/lib/python3.11/site-packages/numpy/lib/_npyio_impl.py", line 790, in _savez
[rank0]:     zipf.close()
[rank0]:   File "/gpfs/home1/mbolding/.local/share/mamba/envs/visioncnn/lib/python3.11/zipfile.py", line 1930, in close
[rank0]:     self._fpclose(fp)
[rank0]:   File "/gpfs/home1/mbolding/.local/share/mamba/envs/visioncnn/lib/python3.11/zipfile.py", line 2030, in _fpclose
[rank0]:     fp.close()
[rank0]: OSError: [Errno 122] Disk quota exceeded
E0316 15:02:23.018000 2540067 site-packages/torch/distributed/elastic/multiprocessing/api.py:869] failed (exitcode: 1) local_rank: 0 (pid: 2540113) of binary: /gpfs/home1/mbolding/.local/share/mamba/envs/visioncnn/bin/python
Traceback (most recent call last):
  File "/gpfs/home1/mbolding/.local/share/mamba/envs/visioncnn/bin/torchrun", line 33, in <module>
    sys.exit(load_entry_point('torch==2.5.1', 'console_scripts', 'torchrun')())
             ^^^^^^^^^^^^^^^^^^^^^^^^^^^^^^^^^^^^^^^^^^^^^^^^^^^^^^^^^^^^^^^^^
  File "/gpfs/home1/mbolding/.local/share/mamba/envs/visioncnn/lib/python3.11/site-packages/torch/distributed/elastic/multiprocessing/errors/__init__.py", line 355, in wrapper
    return f(*args, **kwargs)
           ^^^^^^^^^^^^^^^^^^
  File "/gpfs/home1/mbolding/.local/share/mamba/envs/visioncnn/lib/python3.11/site-packages/torch/distributed/run.py", line 919, in main
    run(args)
  File "/gpfs/home1/mbolding/.local/share/mamba/envs/visioncnn/lib/python3.11/site-packages/torch/distributed/run.py", line 910, in run
    elastic_launch(
  File "/gpfs/home1/mbolding/.local/share/mamba/envs/visioncnn/lib/python3.11/site-packages/torch/distributed/launcher/api.py", line 138, in __call__
    return launch_agent(self._config, self._entrypoint, list(args))
           ^^^^^^^^^^^^^^^^^^^^^^^^^^^^^^^^^^^^^^^^^^^^^^^^^^^^^^^^
  File "/gpfs/home1/mbolding/.local/share/mamba/envs/visioncnn/lib/python3.11/site-packages/torch/distributed/launcher/api.py", line 269, in launch_agent
    raise ChildFailedError(
torch.distributed.elastic.multiprocessing.errors.ChildFailedError: 
============================================================
scripts/train.py FAILED
------------------------------------------------------------
Failures:
  <NO_OTHER_FAILURES>
------------------------------------------------------------
Root Cause (first observed failure):
[0]:
  time      : 2026-03-16_15:02:23
  host      : gcn12.local.snellius.surf.nl
  rank      : 0 (local_rank: 0)
  exitcode  : 1 (pid: 2540113)
  error_file: <N/A>
  traceback : To enable traceback see: https://pytorch.org/docs/stable/elastic/errors.html
============================================================
srun: error: gcn12: task 0: Exited with exit code 1
srun: Terminating StepId=20769791.0
