[rank0]:[W316 11:57:59.734785648 ProcessGroupNCCL.cpp:4115] [PG ID 0 PG GUID 0 Rank 0]  using GPU 0 to perform barrier as devices used by this process are currently unknown. This can potentially cause a hang if this rank to GPU mapping is incorrect.Specify device_ids in barrier() to force use of a particular device,or call init_process_group() with a device_id.
2026-03-16 11:57:59,336 [INFO] Distributed: DistributedManager(rank=0, local_rank=0, world_size=1, device=cuda:0, is_distributed=True)
2026-03-16 11:57:59,337 [INFO] Config: {'experiment_name': 'resnet50_localnorm_imagenet_ecoset_ecovalid_seed43', 'model': {'name': 'resnet50_custom', 'num_classes': 136, 'norm_layer': 'localnorm'}, 'data': {'dataset': 'imagenet_ecoset136', 'root': '/scratch-nvme/ml-datasets/imagenet/torchvision_ImageFolder', 'img_size': 224, 'backend': 'pytorch', 'num_workers': 16, 'pin_memory': True, 'persistent_workers': True, 'prefetch_factor': 2, 'gpu_transforms': True, 'random_rotation': True, 'random_rotation_degrees': 15, 'color_jitter': True, 'color_jitter_brightness': 0.2, 'color_jitter_contrast': 0.2, 'color_jitter_saturation': 0.2, 'color_jitter_hue': 0.05, 'gaussian_blur': True, 'random_grayscale': True, 'random_grayscale_p': 0.1}, 'training': {'epochs': 25, 'batch_size': 128, 'lr': 0.001, 'min_lr': 1e-05, 'weight_decay': 0.05, 'optimizer': 'adamw', 'scheduler': 'cosine', 'label_smoothing': 0.1, 'use_amp': True, 'channels_last': True, 'seed': 43, 'checkpoint_schedule': [[10, 1], [20, 2], [25, 3]], 'disable_progress_bar': True}, 'logging': {'log_dir': 'logs'}, 'ood_eval': {'enabled': True, 'source_dataset': 'imagenet_ecoset136', 'datasets_root': '/scratch-nvme/ml-datasets', 'imagenet_c': {'during_training': True, 'corruptions_during_training': ['gaussian_noise', 'defocus_blur', 'fog', 'contrast'], 'severity_during_training': 3}, 'save_predictions': True}, 'wandb': {'enabled': True, 'project': 'norm-comparison', 'group': 'resnet50-imagenet-ecoset-ecovalid-norm-experiment', 'tags': ['snellius', 'imagenet_ecoset136', 'ecovalid-aug', 'a100', 'localnorm', 'resnet50', 'norm-experiment']}, '_machine': {'log_dir': '/projects/prjs0771/melle/projects/visionCNN/logs'}}
2026-03-16 11:57:59,343 [INFO] Run directory: logs/resnet50_localnorm_imagenet_ecoset_ecovalid_seed43
wandb: [wandb.login()] Loaded credentials for https://api.wandb.ai from /home/mbolding/.netrc.
wandb: Currently logged in as: mellebolding (mellebolding-university-of-amsterdam) to https://api.wandb.ai. Use `wandb login --relogin` to force relogin
wandb: setting up run pwu5rwh1
wandb: Tracking run with wandb version 0.25.0
wandb: Run data is saved locally in logs/resnet50_localnorm_imagenet_ecoset_ecovalid_seed43/wandb/run-20260316_115759-pwu5rwh1
wandb: Run `wandb offline` to turn off syncing.
wandb: Syncing run resnet50_localnorm_imagenet_ecoset_ecovalid_seed43
wandb: ⭐️ View project at https://wandb.ai/mellebolding-university-of-amsterdam/norm-comparison
wandb: 🚀 View run at https://wandb.ai/mellebolding-university-of-amsterdam/norm-comparison/runs/pwu5rwh1
2026-03-16 11:58:01,441 [INFO] Weights & Biases logging enabled
2026-03-16 11:58:01,444 [INFO] Set random seed: 43 (rank offset applied)
2026-03-16 11:58:01,444 [INFO] Using device: cuda:0
2026-03-16 11:58:01,444 [INFO] World size: 1
2026-03-16 11:58:01,782 [INFO] Model: resnet50_custom, Parameters: 23,839,816
2026-03-16 11:58:01,817 [INFO] Using channels-last (NHWC) memory format
2026-03-16 11:58:01,861 [INFO] Mixed precision training: True
2026-03-16 11:58:28,430 [INFO] Using GPU-accelerated transforms to reduce CPU bottleneck
2026-03-16 11:58:28,431 [INFO] Train samples: 176411, Val samples: 6800
2026-03-16 11:58:28,431 [INFO] Effective batch size: 128 (128 x 1 GPUs)
2026-03-16 11:58:31,292 [INFO] OOD evaluation enabled: 4 datasets loaded (imagenet_c_gaussian_noise_s3, imagenet_c_defocus_blur_s3, imagenet_c_fog_s3, imagenet_c_contrast_s3)
2026-03-16 11:58:31,293 [INFO] Saving per-image predictions to logs/resnet50_localnorm_imagenet_ecoset_ecovalid_seed43/predictions
2026-03-16 11:58:31,294 [INFO] Starting training for 25 epochs...
2026-03-16 12:05:58,972 [INFO] Running OOD evaluation (epoch 1)...
2026-03-16 12:06:40,192 [INFO] OOD accuracies: imagenet_c_contrast_s3: 4.0%, imagenet_c_defocus_blur_s3: 6.6%, imagenet_c_fog_s3: 5.4%, imagenet_c_gaussian_noise_s3: 5.3%
2026-03-16 12:06:40,207 [INFO] Epoch 1/25 | Train Loss: 4.4558, Train Acc: 7.49% | Val Loss: 3.9787, Val Acc: 15.26% | LR: 0.000996 | Time: 488.9s
2026-03-16 12:06:40,606 [INFO] New best accuracy: 15.26%
2026-03-16 12:14:06,738 [INFO] Running OOD evaluation (epoch 2)...
2026-03-16 12:14:47,779 [INFO] OOD accuracies: imagenet_c_contrast_s3: 7.8%, imagenet_c_defocus_blur_s3: 10.5%, imagenet_c_fog_s3: 9.7%, imagenet_c_gaussian_noise_s3: 5.7%
2026-03-16 12:14:47,794 [INFO] Epoch 2/25 | Train Loss: 3.9108, Train Acc: 16.92% | Val Loss: 3.5026, Val Acc: 25.81% | LR: 0.000984 | Time: 484.3s
2026-03-16 12:14:48,058 [INFO] New best accuracy: 25.81%
2026-03-16 12:22:13,920 [INFO] Running OOD evaluation (epoch 3)...
2026-03-16 12:22:53,767 [INFO] OOD accuracies: imagenet_c_contrast_s3: 12.5%, imagenet_c_defocus_blur_s3: 14.5%, imagenet_c_fog_s3: 15.6%, imagenet_c_gaussian_noise_s3: 7.0%
2026-03-16 12:22:53,783 [INFO] Epoch 3/25 | Train Loss: 3.5857, Train Acc: 24.33% | Val Loss: 3.4451, Val Acc: 29.06% | LR: 0.000965 | Time: 484.1s
2026-03-16 12:22:54,047 [INFO] New best accuracy: 29.06%
2026-03-16 12:30:19,517 [INFO] Running OOD evaluation (epoch 4)...
2026-03-16 12:30:59,411 [INFO] OOD accuracies: imagenet_c_contrast_s3: 13.1%, imagenet_c_defocus_blur_s3: 15.5%, imagenet_c_fog_s3: 18.9%, imagenet_c_gaussian_noise_s3: 13.5%
2026-03-16 12:30:59,428 [INFO] Epoch 4/25 | Train Loss: 3.3503, Train Acc: 30.05% | Val Loss: 3.0700, Val Acc: 38.71% | LR: 0.000939 | Time: 483.7s
2026-03-16 12:30:59,692 [INFO] New best accuracy: 38.71%
2026-03-16 12:38:26,119 [INFO] Running OOD evaluation (epoch 5)...
2026-03-16 12:39:06,357 [INFO] OOD accuracies: imagenet_c_contrast_s3: 16.6%, imagenet_c_defocus_blur_s3: 14.6%, imagenet_c_fog_s3: 21.0%, imagenet_c_gaussian_noise_s3: 11.5%
2026-03-16 12:39:06,371 [INFO] Epoch 5/25 | Train Loss: 3.1611, Train Acc: 34.76% | Val Loss: 2.8364, Val Acc: 42.57% | LR: 0.000905 | Time: 484.8s
2026-03-16 12:39:06,638 [INFO] New best accuracy: 42.57%
2026-03-16 12:46:33,374 [INFO] Running OOD evaluation (epoch 6)...
2026-03-16 12:47:14,119 [INFO] OOD accuracies: imagenet_c_contrast_s3: 17.6%, imagenet_c_defocus_blur_s3: 19.6%, imagenet_c_fog_s3: 25.7%, imagenet_c_gaussian_noise_s3: 12.9%
2026-03-16 12:47:14,642 [INFO] Epoch 6/25 | Train Loss: 3.0333, Train Acc: 38.15% | Val Loss: 2.7193, Val Acc: 45.62% | LR: 0.000866 | Time: 486.3s
2026-03-16 12:47:14,903 [INFO] New best accuracy: 45.62%
Traceback (most recent call last):
  File "/gpfs/home1/mbolding/.local/share/mamba/envs/visioncnn/lib/python3.11/shutil.py", line 279, in copyfile
    copyfileobj(fsrc, fdst)
  File "/gpfs/home1/mbolding/.local/share/mamba/envs/visioncnn/lib/python3.11/shutil.py", line 200, in copyfileobj
    fdst_write(buf)
OSError: [Errno 122] Disk quota exceeded

During handling of the above exception, another exception occurred:

Traceback (most recent call last):
  File "/gpfs/home1/mbolding/visionCNN/scripts/train.py", line 836, in <module>
    main(args)
  File "/gpfs/home1/mbolding/visionCNN/scripts/train.py", line 790, in main
    artifact.add_file(os.path.join(run_dir, "best.pt"))
  File "/gpfs/home1/mbolding/.local/share/mamba/envs/visioncnn/lib/python3.11/site-packages/wandb/sdk/artifacts/_validators.py", line 272, in wrapper
    return method(self, *args, **kwargs)
           ^^^^^^^^^^^^^^^^^^^^^^^^^^^^^
  File "/gpfs/home1/mbolding/.local/share/mamba/envs/visioncnn/lib/python3.11/site-packages/wandb/sdk/artifacts/artifact.py", line 1488, in add_file
    return self._add_local_file(
           ^^^^^^^^^^^^^^^^^^^^^
  File "/gpfs/home1/mbolding/.local/share/mamba/envs/visioncnn/lib/python3.11/site-packages/wandb/sdk/artifacts/artifact.py", line 1769, in _add_local_file
    shutil.copyfile(path, staging_path)
  File "/gpfs/home1/mbolding/.local/share/mamba/envs/visioncnn/lib/python3.11/shutil.py", line 258, in copyfile
    with open(dst, 'wb') as fdst:
OSError: [Errno 122] Disk quota exceeded
[rank0]: Traceback (most recent call last):
[rank0]:   File "/gpfs/home1/mbolding/.local/share/mamba/envs/visioncnn/lib/python3.11/shutil.py", line 279, in copyfile
[rank0]:     copyfileobj(fsrc, fdst)
[rank0]:   File "/gpfs/home1/mbolding/.local/share/mamba/envs/visioncnn/lib/python3.11/shutil.py", line 200, in copyfileobj
[rank0]:     fdst_write(buf)
[rank0]: OSError: [Errno 122] Disk quota exceeded

[rank0]: During handling of the above exception, another exception occurred:

[rank0]: Traceback (most recent call last):
[rank0]:   File "/gpfs/home1/mbolding/visionCNN/scripts/train.py", line 836, in <module>
[rank0]:     main(args)
[rank0]:   File "/gpfs/home1/mbolding/visionCNN/scripts/train.py", line 790, in main
[rank0]:     artifact.add_file(os.path.join(run_dir, "best.pt"))
[rank0]:   File "/gpfs/home1/mbolding/.local/share/mamba/envs/visioncnn/lib/python3.11/site-packages/wandb/sdk/artifacts/_validators.py", line 272, in wrapper
[rank0]:     return method(self, *args, **kwargs)
[rank0]:            ^^^^^^^^^^^^^^^^^^^^^^^^^^^^^
[rank0]:   File "/gpfs/home1/mbolding/.local/share/mamba/envs/visioncnn/lib/python3.11/site-packages/wandb/sdk/artifacts/artifact.py", line 1488, in add_file
[rank0]:     return self._add_local_file(
[rank0]:            ^^^^^^^^^^^^^^^^^^^^^
[rank0]:   File "/gpfs/home1/mbolding/.local/share/mamba/envs/visioncnn/lib/python3.11/site-packages/wandb/sdk/artifacts/artifact.py", line 1769, in _add_local_file
[rank0]:     shutil.copyfile(path, staging_path)
[rank0]:   File "/gpfs/home1/mbolding/.local/share/mamba/envs/visioncnn/lib/python3.11/shutil.py", line 258, in copyfile
[rank0]:     with open(dst, 'wb') as fdst:
[rank0]: OSError: [Errno 122] Disk quota exceeded
E0316 12:50:01.714000 622375 site-packages/torch/distributed/elastic/multiprocessing/api.py:869] failed (exitcode: 1) local_rank: 0 (pid: 622388) of binary: /gpfs/home1/mbolding/.local/share/mamba/envs/visioncnn/bin/python
Traceback (most recent call last):
  File "/gpfs/home1/mbolding/.local/share/mamba/envs/visioncnn/bin/torchrun", line 33, in <module>
    sys.exit(load_entry_point('torch==2.5.1', 'console_scripts', 'torchrun')())
             ^^^^^^^^^^^^^^^^^^^^^^^^^^^^^^^^^^^^^^^^^^^^^^^^^^^^^^^^^^^^^^^^^
  File "/gpfs/home1/mbolding/.local/share/mamba/envs/visioncnn/lib/python3.11/site-packages/torch/distributed/elastic/multiprocessing/errors/__init__.py", line 355, in wrapper
    return f(*args, **kwargs)
           ^^^^^^^^^^^^^^^^^^
  File "/gpfs/home1/mbolding/.local/share/mamba/envs/visioncnn/lib/python3.11/site-packages/torch/distributed/run.py", line 919, in main
    run(args)
  File "/gpfs/home1/mbolding/.local/share/mamba/envs/visioncnn/lib/python3.11/site-packages/torch/distributed/run.py", line 910, in run
    elastic_launch(
  File "/gpfs/home1/mbolding/.local/share/mamba/envs/visioncnn/lib/python3.11/site-packages/torch/distributed/launcher/api.py", line 138, in __call__
    return launch_agent(self._config, self._entrypoint, list(args))
           ^^^^^^^^^^^^^^^^^^^^^^^^^^^^^^^^^^^^^^^^^^^^^^^^^^^^^^^^
  File "/gpfs/home1/mbolding/.local/share/mamba/envs/visioncnn/lib/python3.11/site-packages/torch/distributed/launcher/api.py", line 269, in launch_agent
    raise ChildFailedError(
torch.distributed.elastic.multiprocessing.errors.ChildFailedError: 
============================================================
scripts/train.py FAILED
------------------------------------------------------------
Failures:
  <NO_OTHER_FAILURES>
------------------------------------------------------------
Root Cause (first observed failure):
[0]:
  time      : 2026-03-16_12:50:01
  host      : gcn25.local.snellius.surf.nl
  rank      : 0 (local_rank: 0)
  exitcode  : 1 (pid: 622388)
  error_file: <N/A>
  traceback : To enable traceback see: https://pytorch.org/docs/stable/elastic/errors.html
============================================================
srun: error: gcn25: task 0: Exited with exit code 1
srun: Terminating StepId=20763116.0
