[rank0]:[W316 11:28:35.311776203 ProcessGroupNCCL.cpp:4115] [PG ID 0 PG GUID 0 Rank 0]  using GPU 0 to perform barrier as devices used by this process are currently unknown. This can potentially cause a hang if this rank to GPU mapping is incorrect.Specify device_ids in barrier() to force use of a particular device,or call init_process_group() with a device_id.
2026-03-16 11:28:36,096 [INFO] Distributed: DistributedManager(rank=0, local_rank=0, world_size=1, device=cuda:0, is_distributed=True)
2026-03-16 11:28:36,097 [INFO] Config: {'experiment_name': 'resnet50_rmsnorm_imagenet_ecoset_ecovalid_seed42', 'model': {'name': 'resnet50_custom', 'num_classes': 136, 'norm_layer': 'rmsnorm'}, 'data': {'dataset': 'imagenet_ecoset136', 'root': '/scratch-nvme/ml-datasets/imagenet/torchvision_ImageFolder', 'img_size': 224, 'backend': 'pytorch', 'num_workers': 16, 'pin_memory': True, 'persistent_workers': True, 'prefetch_factor': 2, 'gpu_transforms': True, 'random_rotation': True, 'random_rotation_degrees': 15, 'color_jitter': True, 'color_jitter_brightness': 0.2, 'color_jitter_contrast': 0.2, 'color_jitter_saturation': 0.2, 'color_jitter_hue': 0.05, 'gaussian_blur': True, 'random_grayscale': True, 'random_grayscale_p': 0.1}, 'training': {'epochs': 25, 'batch_size': 256, 'lr': 0.001, 'min_lr': 1e-05, 'weight_decay': 0.05, 'optimizer': 'adamw', 'scheduler': 'cosine', 'label_smoothing': 0.1, 'use_amp': True, 'channels_last': True, 'seed': 42, 'checkpoint_schedule': [[10, 1], [20, 2], [25, 3]], 'disable_progress_bar': True}, 'logging': {'log_dir': 'logs'}, 'ood_eval': {'enabled': True, 'source_dataset': 'imagenet_ecoset136', 'datasets_root': '/scratch-nvme/ml-datasets', 'imagenet_c': {'during_training': True, 'corruptions_during_training': ['gaussian_noise', 'defocus_blur', 'fog', 'contrast'], 'severity_during_training': 3}, 'save_predictions': True}, 'wandb': {'enabled': True, 'project': 'norm-comparison', 'group': 'resnet50-imagenet-ecoset-ecovalid-norm-experiment', 'tags': ['norm-experiment', 'resnet50', 'imagenet_ecoset136', 'rmsnorm', 'ecovalid-aug', 'a100', 'snellius']}, '_machine': {'log_dir': '/projects/prjs0771/melle/projects/visionCNN/logs'}}
2026-03-16 11:28:36,098 [INFO] Run directory: logs/resnet50_rmsnorm_imagenet_ecoset_ecovalid_seed42
wandb: [wandb.login()] Loaded credentials for https://api.wandb.ai from /home/mbolding/.netrc.
wandb: Currently logged in as: mellebolding (mellebolding-university-of-amsterdam) to https://api.wandb.ai. Use `wandb login --relogin` to force relogin
wandb: setting up run fg7kestu
wandb: Tracking run with wandb version 0.25.0
wandb: Run data is saved locally in logs/resnet50_rmsnorm_imagenet_ecoset_ecovalid_seed42/wandb/run-20260316_112836-fg7kestu
wandb: Run `wandb offline` to turn off syncing.
wandb: Syncing run resnet50_rmsnorm_imagenet_ecoset_ecovalid_seed42
wandb: ⭐️ View project at https://wandb.ai/mellebolding-university-of-amsterdam/norm-comparison
wandb: 🚀 View run at https://wandb.ai/mellebolding-university-of-amsterdam/norm-comparison/runs/fg7kestu
2026-03-16 11:28:37,607 [INFO] Weights & Biases logging enabled
2026-03-16 11:28:37,611 [INFO] Set random seed: 42 (rank offset applied)
2026-03-16 11:28:37,611 [INFO] Using device: cuda:0
2026-03-16 11:28:37,611 [INFO] World size: 1
2026-03-16 11:28:37,946 [INFO] Model: resnet50_custom, Parameters: 23,760,136
2026-03-16 11:28:37,974 [INFO] Using channels-last (NHWC) memory format
2026-03-16 11:28:38,012 [INFO] Mixed precision training: True
2026-03-16 11:29:14,031 [INFO] Using GPU-accelerated transforms to reduce CPU bottleneck
2026-03-16 11:29:14,033 [INFO] Train samples: 176411, Val samples: 6800
2026-03-16 11:29:14,033 [INFO] Effective batch size: 256 (256 x 1 GPUs)
2026-03-16 11:29:18,275 [INFO] OOD evaluation enabled: 4 datasets loaded (imagenet_c_gaussian_noise_s3, imagenet_c_defocus_blur_s3, imagenet_c_fog_s3, imagenet_c_contrast_s3)
2026-03-16 11:29:18,276 [INFO] Saving per-image predictions to logs/resnet50_rmsnorm_imagenet_ecoset_ecovalid_seed42/predictions
2026-03-16 11:29:18,276 [INFO] Starting training for 25 epochs...
2026-03-16 11:35:11,187 [INFO] Running OOD evaluation (epoch 1)...
2026-03-16 11:35:55,784 [INFO] OOD accuracies: imagenet_c_contrast_s3: 2.3%, imagenet_c_defocus_blur_s3: 3.7%, imagenet_c_fog_s3: 1.7%, imagenet_c_gaussian_noise_s3: 4.3%
2026-03-16 11:35:55,806 [INFO] Epoch 1/25 | Train Loss: 4.8320, Train Acc: 1.97% | Val Loss: 4.6310, Val Acc: 4.47% | LR: 0.000996 | Time: 397.5s
2026-03-16 11:35:56,213 [INFO] New best accuracy: 4.47%
2026-03-16 11:41:46,409 [INFO] Running OOD evaluation (epoch 2)...
2026-03-16 11:42:31,207 [INFO] OOD accuracies: imagenet_c_contrast_s3: 6.6%, imagenet_c_defocus_blur_s3: 7.2%, imagenet_c_fog_s3: 5.0%, imagenet_c_gaussian_noise_s3: 4.2%
2026-03-16 11:42:31,225 [INFO] Epoch 2/25 | Train Loss: 4.5093, Train Acc: 6.25% | Val Loss: 4.2337, Val Acc: 10.75% | LR: 0.000984 | Time: 391.7s
2026-03-16 11:42:31,466 [INFO] New best accuracy: 10.75%
2026-03-16 11:48:19,633 [INFO] Running OOD evaluation (epoch 3)...
2026-03-16 11:49:04,597 [INFO] OOD accuracies: imagenet_c_contrast_s3: 9.9%, imagenet_c_defocus_blur_s3: 12.4%, imagenet_c_fog_s3: 9.9%, imagenet_c_gaussian_noise_s3: 7.5%
2026-03-16 11:49:04,614 [INFO] Epoch 3/25 | Train Loss: 4.1674, Train Acc: 12.27% | Val Loss: 3.8388, Val Acc: 18.88% | LR: 0.000965 | Time: 391.6s
2026-03-16 11:49:04,857 [INFO] New best accuracy: 18.88%
2026-03-16 11:54:52,930 [INFO] Running OOD evaluation (epoch 4)...
2026-03-16 11:55:38,283 [INFO] OOD accuracies: imagenet_c_contrast_s3: 14.8%, imagenet_c_defocus_blur_s3: 15.8%, imagenet_c_fog_s3: 10.5%, imagenet_c_gaussian_noise_s3: 12.0%
2026-03-16 11:55:38,301 [INFO] Epoch 4/25 | Train Loss: 3.8992, Train Acc: 17.80% | Val Loss: 3.7047, Val Acc: 22.13% | LR: 0.000939 | Time: 391.9s
2026-03-16 11:55:38,540 [INFO] New best accuracy: 22.13%
2026-03-16 12:01:27,892 [INFO] Running OOD evaluation (epoch 5)...
2026-03-16 12:02:13,941 [INFO] OOD accuracies: imagenet_c_contrast_s3: 17.8%, imagenet_c_defocus_blur_s3: 17.4%, imagenet_c_fog_s3: 16.2%, imagenet_c_gaussian_noise_s3: 9.5%
2026-03-16 12:02:13,959 [INFO] Epoch 5/25 | Train Loss: 3.6824, Train Acc: 22.66% | Val Loss: 3.3567, Val Acc: 30.22% | LR: 0.000905 | Time: 393.8s
2026-03-16 12:02:14,202 [INFO] New best accuracy: 30.22%
2026-03-16 12:08:03,455 [INFO] Running OOD evaluation (epoch 6)...
2026-03-16 12:08:48,950 [INFO] OOD accuracies: imagenet_c_contrast_s3: 20.4%, imagenet_c_defocus_blur_s3: 22.1%, imagenet_c_fog_s3: 17.5%, imagenet_c_gaussian_noise_s3: 10.1%
2026-03-16 12:08:48,967 [INFO] Epoch 6/25 | Train Loss: 3.5147, Train Acc: 26.44% | Val Loss: 3.2421, Val Acc: 33.07% | LR: 0.000866 | Time: 393.1s
2026-03-16 12:08:49,210 [INFO] New best accuracy: 33.07%
2026-03-16 12:14:38,382 [INFO] Running OOD evaluation (epoch 7)...
2026-03-16 12:15:23,998 [INFO] OOD accuracies: imagenet_c_contrast_s3: 22.6%, imagenet_c_defocus_blur_s3: 22.7%, imagenet_c_fog_s3: 18.2%, imagenet_c_gaussian_noise_s3: 10.1%
2026-03-16 12:15:24,013 [INFO] Epoch 7/25 | Train Loss: 3.3708, Train Acc: 29.86% | Val Loss: 3.0588, Val Acc: 37.93% | LR: 0.000821 | Time: 393.2s
2026-03-16 12:15:24,256 [INFO] New best accuracy: 37.93%
2026-03-16 12:21:13,815 [INFO] Running OOD evaluation (epoch 8)...
2026-03-16 12:21:59,364 [INFO] OOD accuracies: imagenet_c_contrast_s3: 24.7%, imagenet_c_defocus_blur_s3: 27.7%, imagenet_c_fog_s3: 20.9%, imagenet_c_gaussian_noise_s3: 13.9%
2026-03-16 12:21:59,382 [INFO] Epoch 8/25 | Train Loss: 3.2522, Train Acc: 32.82% | Val Loss: 3.0063, Val Acc: 38.65% | LR: 0.000770 | Time: 393.5s
2026-03-16 12:21:59,621 [INFO] New best accuracy: 38.65%
2026-03-16 12:27:49,109 [INFO] Running OOD evaluation (epoch 9)...
2026-03-16 12:28:34,273 [INFO] OOD accuracies: imagenet_c_contrast_s3: 27.4%, imagenet_c_defocus_blur_s3: 23.4%, imagenet_c_fog_s3: 21.4%, imagenet_c_gaussian_noise_s3: 14.6%
2026-03-16 12:28:34,290 [INFO] Epoch 9/25 | Train Loss: 3.1420, Train Acc: 35.53% | Val Loss: 2.8529, Val Acc: 43.25% | LR: 0.000716 | Time: 392.9s
2026-03-16 12:28:34,531 [INFO] New best accuracy: 43.25%
2026-03-16 12:34:23,404 [INFO] Running OOD evaluation (epoch 10)...
2026-03-16 12:35:08,560 [INFO] OOD accuracies: imagenet_c_contrast_s3: 27.8%, imagenet_c_defocus_blur_s3: 28.5%, imagenet_c_fog_s3: 23.0%, imagenet_c_gaussian_noise_s3: 16.5%
2026-03-16 12:35:08,579 [INFO] Epoch 10/25 | Train Loss: 3.0484, Train Acc: 37.90% | Val Loss: 2.8958, Val Acc: 42.81% | LR: 0.000658 | Time: 392.4s
2026-03-16 12:40:49,647 [INFO] Epoch 11/25 | Train Loss: 2.9611, Train Acc: 40.23% | (validation skipped) | LR: 0.000598 | Time: 340.6s
2026-03-16 12:46:36,658 [INFO] Running OOD evaluation (epoch 12)...
2026-03-16 12:47:21,880 [INFO] OOD accuracies: imagenet_c_contrast_s3: 31.4%, imagenet_c_defocus_blur_s3: 28.7%, imagenet_c_fog_s3: 25.1%, imagenet_c_gaussian_noise_s3: 17.1%
2026-03-16 12:47:22,237 [INFO] Epoch 12/25 | Train Loss: 2.8901, Train Acc: 42.04% | Val Loss: 2.6473, Val Acc: 48.71% | LR: 0.000536 | Time: 392.6s
2026-03-16 12:47:22,482 [INFO] New best accuracy: 48.71%
Traceback (most recent call last):
  File "/gpfs/home1/mbolding/visionCNN/scripts/train.py", line 836, in <module>
    main(args)
  File "/gpfs/home1/mbolding/visionCNN/scripts/train.py", line 790, in main
    artifact.add_file(os.path.join(run_dir, "best.pt"))
  File "/gpfs/home1/mbolding/.local/share/mamba/envs/visioncnn/lib/python3.11/site-packages/wandb/sdk/artifacts/_validators.py", line 272, in wrapper
    return method(self, *args, **kwargs)
           ^^^^^^^^^^^^^^^^^^^^^^^^^^^^^
  File "/gpfs/home1/mbolding/.local/share/mamba/envs/visioncnn/lib/python3.11/site-packages/wandb/sdk/artifacts/artifact.py", line 1488, in add_file
    return self._add_local_file(
           ^^^^^^^^^^^^^^^^^^^^^
  File "/gpfs/home1/mbolding/.local/share/mamba/envs/visioncnn/lib/python3.11/site-packages/wandb/sdk/artifacts/artifact.py", line 1769, in _add_local_file
    shutil.copyfile(path, staging_path)
  File "/gpfs/home1/mbolding/.local/share/mamba/envs/visioncnn/lib/python3.11/shutil.py", line 269, in copyfile
    _fastcopy_sendfile(fsrc, fdst)
  File "/gpfs/home1/mbolding/.local/share/mamba/envs/visioncnn/lib/python3.11/shutil.py", line 164, in _fastcopy_sendfile
    raise err
  File "/gpfs/home1/mbolding/.local/share/mamba/envs/visioncnn/lib/python3.11/shutil.py", line 144, in _fastcopy_sendfile
    sent = os.sendfile(outfd, infd, offset, blocksize)
           ^^^^^^^^^^^^^^^^^^^^^^^^^^^^^^^^^^^^^^^^^^^
OSError: [Errno 122] Disk quota exceeded: 'logs/resnet50_rmsnorm_imagenet_ecoset_ecovalid_seed42/best.pt' -> '/home/mbolding/.local/share/wandb/artifacts/staging/tmph3r7rkbe'
[rank0]: Traceback (most recent call last):
[rank0]:   File "/gpfs/home1/mbolding/visionCNN/scripts/train.py", line 836, in <module>
[rank0]:     main(args)
[rank0]:   File "/gpfs/home1/mbolding/visionCNN/scripts/train.py", line 790, in main
[rank0]:     artifact.add_file(os.path.join(run_dir, "best.pt"))
[rank0]:   File "/gpfs/home1/mbolding/.local/share/mamba/envs/visioncnn/lib/python3.11/site-packages/wandb/sdk/artifacts/_validators.py", line 272, in wrapper
[rank0]:     return method(self, *args, **kwargs)
[rank0]:            ^^^^^^^^^^^^^^^^^^^^^^^^^^^^^
[rank0]:   File "/gpfs/home1/mbolding/.local/share/mamba/envs/visioncnn/lib/python3.11/site-packages/wandb/sdk/artifacts/artifact.py", line 1488, in add_file
[rank0]:     return self._add_local_file(
[rank0]:            ^^^^^^^^^^^^^^^^^^^^^
[rank0]:   File "/gpfs/home1/mbolding/.local/share/mamba/envs/visioncnn/lib/python3.11/site-packages/wandb/sdk/artifacts/artifact.py", line 1769, in _add_local_file
[rank0]:     shutil.copyfile(path, staging_path)
[rank0]:   File "/gpfs/home1/mbolding/.local/share/mamba/envs/visioncnn/lib/python3.11/shutil.py", line 269, in copyfile
[rank0]:     _fastcopy_sendfile(fsrc, fdst)
[rank0]:   File "/gpfs/home1/mbolding/.local/share/mamba/envs/visioncnn/lib/python3.11/shutil.py", line 164, in _fastcopy_sendfile
[rank0]:     raise err
[rank0]:   File "/gpfs/home1/mbolding/.local/share/mamba/envs/visioncnn/lib/python3.11/shutil.py", line 144, in _fastcopy_sendfile
[rank0]:     sent = os.sendfile(outfd, infd, offset, blocksize)
[rank0]:            ^^^^^^^^^^^^^^^^^^^^^^^^^^^^^^^^^^^^^^^^^^^
[rank0]: OSError: [Errno 122] Disk quota exceeded: 'logs/resnet50_rmsnorm_imagenet_ecoset_ecovalid_seed42/best.pt' -> '/home/mbolding/.local/share/wandb/artifacts/staging/tmph3r7rkbe'
E0316 12:50:08.624000 108530 site-packages/torch/distributed/elastic/multiprocessing/api.py:869] failed (exitcode: 1) local_rank: 0 (pid: 108550) of binary: /gpfs/home1/mbolding/.local/share/mamba/envs/visioncnn/bin/python
Traceback (most recent call last):
  File "/gpfs/home1/mbolding/.local/share/mamba/envs/visioncnn/bin/torchrun", line 33, in <module>
    sys.exit(load_entry_point('torch==2.5.1', 'console_scripts', 'torchrun')())
             ^^^^^^^^^^^^^^^^^^^^^^^^^^^^^^^^^^^^^^^^^^^^^^^^^^^^^^^^^^^^^^^^^
  File "/gpfs/home1/mbolding/.local/share/mamba/envs/visioncnn/lib/python3.11/site-packages/torch/distributed/elastic/multiprocessing/errors/__init__.py", line 355, in wrapper
    return f(*args, **kwargs)
           ^^^^^^^^^^^^^^^^^^
  File "/gpfs/home1/mbolding/.local/share/mamba/envs/visioncnn/lib/python3.11/site-packages/torch/distributed/run.py", line 919, in main
    run(args)
  File "/gpfs/home1/mbolding/.local/share/mamba/envs/visioncnn/lib/python3.11/site-packages/torch/distributed/run.py", line 910, in run
    elastic_launch(
  File "/gpfs/home1/mbolding/.local/share/mamba/envs/visioncnn/lib/python3.11/site-packages/torch/distributed/launcher/api.py", line 138, in __call__
    return launch_agent(self._config, self._entrypoint, list(args))
           ^^^^^^^^^^^^^^^^^^^^^^^^^^^^^^^^^^^^^^^^^^^^^^^^^^^^^^^^
  File "/gpfs/home1/mbolding/.local/share/mamba/envs/visioncnn/lib/python3.11/site-packages/torch/distributed/launcher/api.py", line 269, in launch_agent
    raise ChildFailedError(
torch.distributed.elastic.multiprocessing.errors.ChildFailedError: 
============================================================
scripts/train.py FAILED
------------------------------------------------------------
Failures:
  <NO_OTHER_FAILURES>
------------------------------------------------------------
Root Cause (first observed failure):
[0]:
  time      : 2026-03-16_12:50:08
  host      : gcn34.local.snellius.surf.nl
  rank      : 0 (local_rank: 0)
  exitcode  : 1 (pid: 108550)
  error_file: <N/A>
  traceback : To enable traceback see: https://pytorch.org/docs/stable/elastic/errors.html
============================================================
srun: error: gcn34: task 0: Exited with exit code 1
srun: Terminating StepId=20761754.0
