[rank0]:[W316 11:15:16.579800019 ProcessGroupNCCL.cpp:4115] [PG ID 0 PG GUID 0 Rank 0]  using GPU 0 to perform barrier as devices used by this process are currently unknown. This can potentially cause a hang if this rank to GPU mapping is incorrect.Specify device_ids in barrier() to force use of a particular device,or call init_process_group() with a device_id.
2026-03-16 11:15:17,081 [INFO] Distributed: DistributedManager(rank=0, local_rank=0, world_size=1, device=cuda:0, is_distributed=True)
2026-03-16 11:15:17,081 [INFO] Config: {'experiment_name': 'resnet50_groupnorm_imagenet_ecoset_ecovalid_seed46', 'model': {'name': 'resnet50_custom', 'num_classes': 136, 'norm_layer': 'groupnorm'}, 'data': {'dataset': 'imagenet_ecoset136', 'root': '/scratch-nvme/ml-datasets/imagenet/torchvision_ImageFolder', 'img_size': 224, 'backend': 'pytorch', 'num_workers': 16, 'pin_memory': True, 'persistent_workers': True, 'prefetch_factor': 2, 'gpu_transforms': True, 'random_rotation': True, 'random_rotation_degrees': 15, 'color_jitter': True, 'color_jitter_brightness': 0.2, 'color_jitter_contrast': 0.2, 'color_jitter_saturation': 0.2, 'color_jitter_hue': 0.05, 'gaussian_blur': True, 'random_grayscale': True, 'random_grayscale_p': 0.1}, 'training': {'epochs': 25, 'batch_size': 256, 'lr': 0.001, 'min_lr': 1e-05, 'weight_decay': 0.05, 'optimizer': 'adamw', 'scheduler': 'cosine', 'label_smoothing': 0.1, 'use_amp': True, 'channels_last': True, 'seed': 46, 'checkpoint_schedule': [[10, 1], [20, 2], [25, 3]], 'disable_progress_bar': True}, 'logging': {'log_dir': 'logs'}, 'ood_eval': {'enabled': True, 'source_dataset': 'imagenet_ecoset136', 'datasets_root': '/scratch-nvme/ml-datasets', 'imagenet_c': {'during_training': True, 'corruptions_during_training': ['gaussian_noise', 'defocus_blur', 'fog', 'contrast'], 'severity_during_training': 3}, 'save_predictions': True}, 'wandb': {'enabled': True, 'project': 'norm-comparison', 'group': 'resnet50-imagenet-ecoset-ecovalid-norm-experiment', 'tags': ['imagenet_ecoset136', 'ecovalid-aug', 'snellius', 'resnet50', 'groupnorm', 'norm-experiment', 'a100']}, '_machine': {'log_dir': '/projects/prjs0771/melle/projects/visionCNN/logs'}}
2026-03-16 11:15:17,081 [INFO] Run directory: logs/resnet50_groupnorm_imagenet_ecoset_ecovalid_seed46
wandb: [wandb.login()] Loaded credentials for https://api.wandb.ai from /home/mbolding/.netrc.
wandb: Currently logged in as: mellebolding (mellebolding-university-of-amsterdam) to https://api.wandb.ai. Use `wandb login --relogin` to force relogin
wandb: setting up run 4a9fctof
wandb: Tracking run with wandb version 0.25.0
wandb: Run data is saved locally in logs/resnet50_groupnorm_imagenet_ecoset_ecovalid_seed46/wandb/run-20260316_111517-4a9fctof
wandb: Run `wandb offline` to turn off syncing.
wandb: Syncing run resnet50_groupnorm_imagenet_ecoset_ecovalid_seed46
wandb: ⭐️ View project at https://wandb.ai/mellebolding-university-of-amsterdam/norm-comparison
wandb: 🚀 View run at https://wandb.ai/mellebolding-university-of-amsterdam/norm-comparison/runs/4a9fctof
2026-03-16 11:15:19,057 [INFO] Weights & Biases logging enabled
2026-03-16 11:15:19,060 [INFO] Set random seed: 46 (rank offset applied)
2026-03-16 11:15:19,061 [INFO] Using device: cuda:0
2026-03-16 11:15:19,061 [INFO] World size: 1
2026-03-16 11:15:19,397 [INFO] Model: resnet50_custom, Parameters: 23,786,696
2026-03-16 11:15:19,427 [INFO] Using channels-last (NHWC) memory format
2026-03-16 11:15:19,467 [INFO] Mixed precision training: True
2026-03-16 11:15:42,636 [INFO] Using GPU-accelerated transforms to reduce CPU bottleneck
2026-03-16 11:15:42,637 [INFO] Train samples: 176411, Val samples: 6800
2026-03-16 11:15:42,637 [INFO] Effective batch size: 256 (256 x 1 GPUs)
2026-03-16 11:15:46,441 [INFO] OOD evaluation enabled: 4 datasets loaded (imagenet_c_gaussian_noise_s3, imagenet_c_defocus_blur_s3, imagenet_c_fog_s3, imagenet_c_contrast_s3)
2026-03-16 11:15:46,443 [INFO] Saving per-image predictions to logs/resnet50_groupnorm_imagenet_ecoset_ecovalid_seed46/predictions
2026-03-16 11:15:46,443 [INFO] Starting training for 25 epochs...
2026-03-16 11:20:26,761 [INFO] Running OOD evaluation (epoch 1)...
2026-03-16 11:21:12,345 [INFO] OOD accuracies: imagenet_c_contrast_s3: 2.0%, imagenet_c_defocus_blur_s3: 2.6%, imagenet_c_fog_s3: 1.2%, imagenet_c_gaussian_noise_s3: 2.4%
2026-03-16 11:21:12,362 [INFO] Epoch 1/25 | Train Loss: 4.9010, Train Acc: 1.15% | Val Loss: 4.7484, Val Acc: 2.54% | LR: 0.000996 | Time: 325.9s
2026-03-16 11:21:12,647 [INFO] New best accuracy: 2.54%
2026-03-16 11:25:50,408 [INFO] Running OOD evaluation (epoch 2)...
2026-03-16 11:26:35,959 [INFO] OOD accuracies: imagenet_c_contrast_s3: 5.5%, imagenet_c_defocus_blur_s3: 6.4%, imagenet_c_fog_s3: 2.6%, imagenet_c_gaussian_noise_s3: 5.8%
2026-03-16 11:26:35,974 [INFO] Epoch 2/25 | Train Loss: 4.6550, Train Acc: 3.93% | Val Loss: 4.4377, Val Acc: 7.15% | LR: 0.000984 | Time: 320.4s
2026-03-16 11:26:36,224 [INFO] New best accuracy: 7.15%
2026-03-16 11:31:13,898 [INFO] Running OOD evaluation (epoch 3)...
2026-03-16 11:31:59,879 [INFO] OOD accuracies: imagenet_c_contrast_s3: 9.1%, imagenet_c_defocus_blur_s3: 10.8%, imagenet_c_fog_s3: 3.3%, imagenet_c_gaussian_noise_s3: 11.2%
2026-03-16 11:31:59,894 [INFO] Epoch 3/25 | Train Loss: 4.3527, Train Acc: 8.66% | Val Loss: 4.1155, Val Acc: 13.09% | LR: 0.000965 | Time: 322.1s
2026-03-16 11:32:00,145 [INFO] New best accuracy: 13.09%
2026-03-16 11:36:37,467 [INFO] Running OOD evaluation (epoch 4)...
2026-03-16 11:37:23,428 [INFO] OOD accuracies: imagenet_c_contrast_s3: 14.2%, imagenet_c_defocus_blur_s3: 16.1%, imagenet_c_fog_s3: 5.7%, imagenet_c_gaussian_noise_s3: 14.4%
2026-03-16 11:37:23,444 [INFO] Epoch 4/25 | Train Loss: 4.1169, Train Acc: 13.01% | Val Loss: 3.8245, Val Acc: 18.65% | LR: 0.000939 | Time: 321.6s
2026-03-16 11:37:23,690 [INFO] New best accuracy: 18.65%
2026-03-16 11:42:00,600 [INFO] Running OOD evaluation (epoch 5)...
2026-03-16 11:42:45,945 [INFO] OOD accuracies: imagenet_c_contrast_s3: 17.8%, imagenet_c_defocus_blur_s3: 18.2%, imagenet_c_fog_s3: 7.5%, imagenet_c_gaussian_noise_s3: 16.4%
2026-03-16 11:42:45,962 [INFO] Epoch 5/25 | Train Loss: 3.8982, Train Acc: 17.57% | Val Loss: 3.5949, Val Acc: 23.75% | LR: 0.000905 | Time: 320.7s
2026-03-16 11:42:46,210 [INFO] New best accuracy: 23.75%
2026-03-16 11:47:24,801 [INFO] Running OOD evaluation (epoch 6)...
2026-03-16 11:48:11,179 [INFO] OOD accuracies: imagenet_c_contrast_s3: 18.8%, imagenet_c_defocus_blur_s3: 22.7%, imagenet_c_fog_s3: 10.1%, imagenet_c_gaussian_noise_s3: 13.2%
2026-03-16 11:48:11,195 [INFO] Epoch 6/25 | Train Loss: 3.7199, Train Acc: 21.62% | Val Loss: 3.4932, Val Acc: 26.82% | LR: 0.000866 | Time: 323.1s
2026-03-16 11:48:11,446 [INFO] New best accuracy: 26.82%
2026-03-16 11:52:48,703 [INFO] Running OOD evaluation (epoch 7)...
2026-03-16 11:53:34,162 [INFO] OOD accuracies: imagenet_c_contrast_s3: 22.0%, imagenet_c_defocus_blur_s3: 24.1%, imagenet_c_fog_s3: 10.2%, imagenet_c_gaussian_noise_s3: 17.8%
2026-03-16 11:53:34,178 [INFO] Epoch 7/25 | Train Loss: 3.5760, Train Acc: 24.99% | Val Loss: 3.3890, Val Acc: 29.04% | LR: 0.000821 | Time: 321.1s
2026-03-16 11:53:34,429 [INFO] New best accuracy: 29.04%
2026-03-16 11:58:11,046 [INFO] Running OOD evaluation (epoch 8)...
2026-03-16 11:58:56,643 [INFO] OOD accuracies: imagenet_c_contrast_s3: 23.4%, imagenet_c_defocus_blur_s3: 24.2%, imagenet_c_fog_s3: 14.7%, imagenet_c_gaussian_noise_s3: 13.4%
2026-03-16 11:58:56,660 [INFO] Epoch 8/25 | Train Loss: 3.4451, Train Acc: 28.12% | Val Loss: 3.1591, Val Acc: 34.43% | LR: 0.000770 | Time: 320.6s
2026-03-16 11:58:56,912 [INFO] New best accuracy: 34.43%
2026-03-16 12:03:32,820 [INFO] Running OOD evaluation (epoch 9)...
2026-03-16 12:04:18,785 [INFO] OOD accuracies: imagenet_c_contrast_s3: 28.5%, imagenet_c_defocus_blur_s3: 28.3%, imagenet_c_fog_s3: 14.3%, imagenet_c_gaussian_noise_s3: 16.1%
2026-03-16 12:04:18,803 [INFO] Epoch 9/25 | Train Loss: 3.3278, Train Acc: 30.89% | Val Loss: 3.0547, Val Acc: 37.35% | LR: 0.000716 | Time: 320.3s
2026-03-16 12:04:19,055 [INFO] New best accuracy: 37.35%
2026-03-16 12:08:55,088 [INFO] Running OOD evaluation (epoch 10)...
2026-03-16 12:09:40,767 [INFO] OOD accuracies: imagenet_c_contrast_s3: 31.1%, imagenet_c_defocus_blur_s3: 28.6%, imagenet_c_fog_s3: 17.2%, imagenet_c_gaussian_noise_s3: 18.1%
2026-03-16 12:09:40,784 [INFO] Epoch 10/25 | Train Loss: 3.2179, Train Acc: 33.62% | Val Loss: 2.9475, Val Acc: 40.59% | LR: 0.000658 | Time: 320.1s
2026-03-16 12:09:41,032 [INFO] New best accuracy: 40.59%
2026-03-16 12:14:10,522 [INFO] Epoch 11/25 | Train Loss: 3.1163, Train Acc: 36.24% | (validation skipped) | LR: 0.000598 | Time: 267.9s
2026-03-16 12:18:44,908 [INFO] Running OOD evaluation (epoch 12)...
2026-03-16 12:19:31,017 [INFO] OOD accuracies: imagenet_c_contrast_s3: 34.3%, imagenet_c_defocus_blur_s3: 30.7%, imagenet_c_fog_s3: 20.1%, imagenet_c_gaussian_noise_s3: 14.7%
2026-03-16 12:19:31,032 [INFO] Epoch 12/25 | Train Loss: 3.0340, Train Acc: 38.32% | Val Loss: 2.7827, Val Acc: 45.00% | LR: 0.000536 | Time: 320.5s
2026-03-16 12:19:31,280 [INFO] New best accuracy: 45.00%
2026-03-16 12:24:00,946 [INFO] Epoch 13/25 | Train Loss: 2.9467, Train Acc: 40.60% | (validation skipped) | LR: 0.000474 | Time: 268.1s
2026-03-16 12:28:35,359 [INFO] Running OOD evaluation (epoch 14)...
2026-03-16 12:29:21,105 [INFO] OOD accuracies: imagenet_c_contrast_s3: 40.3%, imagenet_c_defocus_blur_s3: 31.9%, imagenet_c_fog_s3: 23.1%, imagenet_c_gaussian_noise_s3: 16.5%
2026-03-16 12:29:21,122 [INFO] Epoch 14/25 | Train Loss: 2.8708, Train Acc: 42.68% | Val Loss: 2.6169, Val Acc: 49.62% | LR: 0.000412 | Time: 320.2s
2026-03-16 12:29:21,369 [INFO] New best accuracy: 49.62%
2026-03-16 12:33:50,613 [INFO] Epoch 15/25 | Train Loss: 2.7981, Train Acc: 44.62% | (validation skipped) | LR: 0.000352 | Time: 267.6s
2026-03-16 12:38:25,329 [INFO] Running OOD evaluation (epoch 16)...
2026-03-16 12:39:11,641 [INFO] OOD accuracies: imagenet_c_contrast_s3: 44.4%, imagenet_c_defocus_blur_s3: 34.8%, imagenet_c_fog_s3: 23.3%, imagenet_c_gaussian_noise_s3: 16.6%
2026-03-16 12:39:11,657 [INFO] Epoch 16/25 | Train Loss: 2.7305, Train Acc: 46.39% | Val Loss: 2.5069, Val Acc: 53.13% | LR: 0.000294 | Time: 321.0s
2026-03-16 12:39:11,906 [INFO] New best accuracy: 53.13%
2026-03-16 12:43:41,275 [INFO] Epoch 17/25 | Train Loss: 2.6659, Train Acc: 48.09% | (validation skipped) | LR: 0.000240 | Time: 267.7s
2026-03-16 12:48:16,357 [INFO] Running OOD evaluation (epoch 18)...
2026-03-16 12:49:02,375 [INFO] OOD accuracies: imagenet_c_contrast_s3: 46.6%, imagenet_c_defocus_blur_s3: 35.4%, imagenet_c_fog_s3: 25.9%, imagenet_c_gaussian_noise_s3: 18.8%
Traceback (most recent call last):
  File "/gpfs/home1/mbolding/.local/share/mamba/envs/visioncnn/lib/python3.11/site-packages/numpy/lib/_npyio_impl.py", line 785, in _savez
    with zipf.open(fname, 'w', force_zip64=True) as fid:
  File "/gpfs/home1/mbolding/.local/share/mamba/envs/visioncnn/lib/python3.11/zipfile.py", line 1234, in close
    self._fileobj.seek(self._zinfo.header_offset)
OSError: [Errno 122] Disk quota exceeded

During handling of the above exception, another exception occurred:

Traceback (most recent call last):
  File "/gpfs/home1/mbolding/.local/share/mamba/envs/visioncnn/lib/python3.11/zipfile.py", line 1925, in close
    self.fp.seek(self.start_dir)
OSError: [Errno 122] Disk quota exceeded

During handling of the above exception, another exception occurred:

Traceback (most recent call last):
  File "/gpfs/home1/mbolding/visionCNN/scripts/train.py", line 836, in <module>
    main(args)
  File "/gpfs/home1/mbolding/visionCNN/scripts/train.py", line 712, in main
    save_predictions_to_file(
  File "/gpfs/home1/mbolding/visionCNN/src/evaluation/ood_eval.py", line 235, in save_predictions_to_file
    np.savez_compressed(filepath, **{
  File "/gpfs/home1/mbolding/.local/share/mamba/envs/visioncnn/lib/python3.11/site-packages/numpy/lib/_npyio_impl.py", line 753, in savez_compressed
    _savez(file, args, kwds, True, allow_pickle=allow_pickle)
  File "/gpfs/home1/mbolding/.local/share/mamba/envs/visioncnn/lib/python3.11/site-packages/numpy/lib/_npyio_impl.py", line 790, in _savez
    zipf.close()
  File "/gpfs/home1/mbolding/.local/share/mamba/envs/visioncnn/lib/python3.11/zipfile.py", line 1930, in close
    self._fpclose(fp)
  File "/gpfs/home1/mbolding/.local/share/mamba/envs/visioncnn/lib/python3.11/zipfile.py", line 2030, in _fpclose
    fp.close()
OSError: [Errno 122] Disk quota exceeded
[rank0]: Traceback (most recent call last):
[rank0]:   File "/gpfs/home1/mbolding/.local/share/mamba/envs/visioncnn/lib/python3.11/site-packages/numpy/lib/_npyio_impl.py", line 785, in _savez
[rank0]:     with zipf.open(fname, 'w', force_zip64=True) as fid:
[rank0]:   File "/gpfs/home1/mbolding/.local/share/mamba/envs/visioncnn/lib/python3.11/zipfile.py", line 1234, in close
[rank0]:     self._fileobj.seek(self._zinfo.header_offset)
[rank0]: OSError: [Errno 122] Disk quota exceeded

[rank0]: During handling of the above exception, another exception occurred:

[rank0]: Traceback (most recent call last):
[rank0]:   File "/gpfs/home1/mbolding/.local/share/mamba/envs/visioncnn/lib/python3.11/zipfile.py", line 1925, in close
[rank0]:     self.fp.seek(self.start_dir)
[rank0]: OSError: [Errno 122] Disk quota exceeded

[rank0]: During handling of the above exception, another exception occurred:

[rank0]: Traceback (most recent call last):
[rank0]:   File "/gpfs/home1/mbolding/visionCNN/scripts/train.py", line 836, in <module>
[rank0]:     main(args)
[rank0]:   File "/gpfs/home1/mbolding/visionCNN/scripts/train.py", line 712, in main
[rank0]:     save_predictions_to_file(
[rank0]:   File "/gpfs/home1/mbolding/visionCNN/src/evaluation/ood_eval.py", line 235, in save_predictions_to_file
[rank0]:     np.savez_compressed(filepath, **{
[rank0]:   File "/gpfs/home1/mbolding/.local/share/mamba/envs/visioncnn/lib/python3.11/site-packages/numpy/lib/_npyio_impl.py", line 753, in savez_compressed
[rank0]:     _savez(file, args, kwds, True, allow_pickle=allow_pickle)
[rank0]:   File "/gpfs/home1/mbolding/.local/share/mamba/envs/visioncnn/lib/python3.11/site-packages/numpy/lib/_npyio_impl.py", line 790, in _savez
[rank0]:     zipf.close()
[rank0]:   File "/gpfs/home1/mbolding/.local/share/mamba/envs/visioncnn/lib/python3.11/zipfile.py", line 1930, in close
[rank0]:     self._fpclose(fp)
[rank0]:   File "/gpfs/home1/mbolding/.local/share/mamba/envs/visioncnn/lib/python3.11/zipfile.py", line 2030, in _fpclose
[rank0]:     fp.close()
[rank0]: OSError: [Errno 122] Disk quota exceeded
E0316 12:51:47.490000 3787474 site-packages/torch/distributed/elastic/multiprocessing/api.py:869] failed (exitcode: 1) local_rank: 0 (pid: 3787697) of binary: /gpfs/home1/mbolding/.local/share/mamba/envs/visioncnn/bin/python
Traceback (most recent call last):
  File "/gpfs/home1/mbolding/.local/share/mamba/envs/visioncnn/bin/torchrun", line 33, in <module>
    sys.exit(load_entry_point('torch==2.5.1', 'console_scripts', 'torchrun')())
             ^^^^^^^^^^^^^^^^^^^^^^^^^^^^^^^^^^^^^^^^^^^^^^^^^^^^^^^^^^^^^^^^^
  File "/gpfs/home1/mbolding/.local/share/mamba/envs/visioncnn/lib/python3.11/site-packages/torch/distributed/elastic/multiprocessing/errors/__init__.py", line 355, in wrapper
    return f(*args, **kwargs)
           ^^^^^^^^^^^^^^^^^^
  File "/gpfs/home1/mbolding/.local/share/mamba/envs/visioncnn/lib/python3.11/site-packages/torch/distributed/run.py", line 919, in main
    run(args)
  File "/gpfs/home1/mbolding/.local/share/mamba/envs/visioncnn/lib/python3.11/site-packages/torch/distributed/run.py", line 910, in run
    elastic_launch(
  File "/gpfs/home1/mbolding/.local/share/mamba/envs/visioncnn/lib/python3.11/site-packages/torch/distributed/launcher/api.py", line 138, in __call__
    return launch_agent(self._config, self._entrypoint, list(args))
           ^^^^^^^^^^^^^^^^^^^^^^^^^^^^^^^^^^^^^^^^^^^^^^^^^^^^^^^^
  File "/gpfs/home1/mbolding/.local/share/mamba/envs/visioncnn/lib/python3.11/site-packages/torch/distributed/launcher/api.py", line 269, in launch_agent
    raise ChildFailedError(
torch.distributed.elastic.multiprocessing.errors.ChildFailedError: 
============================================================
scripts/train.py FAILED
------------------------------------------------------------
Failures:
  <NO_OTHER_FAILURES>
------------------------------------------------------------
Root Cause (first observed failure):
[0]:
  time      : 2026-03-16_12:51:47
  host      : gcn58.local.snellius.surf.nl
  rank      : 0 (local_rank: 0)
  exitcode  : 1 (pid: 3787697)
  error_file: <N/A>
  traceback : To enable traceback see: https://pytorch.org/docs/stable/elastic/errors.html
============================================================
srun: error: gcn58: task 0: Exited with exit code 1
srun: Terminating StepId=20761169.0
