[rank0]:[W316 11:58:00.920441488 ProcessGroupNCCL.cpp:4115] [PG ID 0 PG GUID 0 Rank 0]  using GPU 0 to perform barrier as devices used by this process are currently unknown. This can potentially cause a hang if this rank to GPU mapping is incorrect.Specify device_ids in barrier() to force use of a particular device,or call init_process_group() with a device_id.
2026-03-16 11:58:00,583 [INFO] Distributed: DistributedManager(rank=0, local_rank=0, world_size=1, device=cuda:0, is_distributed=True)
2026-03-16 11:58:00,584 [INFO] Config: {'experiment_name': 'resnet50_localnorm_imagenet_ecoset_ecovalid_seed46', 'model': {'name': 'resnet50_custom', 'num_classes': 136, 'norm_layer': 'localnorm'}, 'data': {'dataset': 'imagenet_ecoset136', 'root': '/scratch-nvme/ml-datasets/imagenet/torchvision_ImageFolder', 'img_size': 224, 'backend': 'pytorch', 'num_workers': 16, 'pin_memory': True, 'persistent_workers': True, 'prefetch_factor': 2, 'gpu_transforms': True, 'random_rotation': True, 'random_rotation_degrees': 15, 'color_jitter': True, 'color_jitter_brightness': 0.2, 'color_jitter_contrast': 0.2, 'color_jitter_saturation': 0.2, 'color_jitter_hue': 0.05, 'gaussian_blur': True, 'random_grayscale': True, 'random_grayscale_p': 0.1}, 'training': {'epochs': 25, 'batch_size': 128, 'lr': 0.001, 'min_lr': 1e-05, 'weight_decay': 0.05, 'optimizer': 'adamw', 'scheduler': 'cosine', 'label_smoothing': 0.1, 'use_amp': True, 'channels_last': True, 'seed': 46, 'checkpoint_schedule': [[10, 1], [20, 2], [25, 3]], 'disable_progress_bar': True}, 'logging': {'log_dir': 'logs'}, 'ood_eval': {'enabled': True, 'source_dataset': 'imagenet_ecoset136', 'datasets_root': '/scratch-nvme/ml-datasets', 'imagenet_c': {'during_training': True, 'corruptions_during_training': ['gaussian_noise', 'defocus_blur', 'fog', 'contrast'], 'severity_during_training': 3}, 'save_predictions': True}, 'wandb': {'enabled': True, 'project': 'norm-comparison', 'group': 'resnet50-imagenet-ecoset-ecovalid-norm-experiment', 'tags': ['localnorm', 'ecovalid-aug', 'a100', 'imagenet_ecoset136', 'resnet50', 'snellius', 'norm-experiment']}, '_machine': {'log_dir': '/projects/prjs0771/melle/projects/visionCNN/logs'}}
2026-03-16 11:58:00,589 [INFO] Run directory: logs/resnet50_localnorm_imagenet_ecoset_ecovalid_seed46
wandb: [wandb.login()] Loaded credentials for https://api.wandb.ai from /home/mbolding/.netrc.
wandb: Currently logged in as: mellebolding (mellebolding-university-of-amsterdam) to https://api.wandb.ai. Use `wandb login --relogin` to force relogin
wandb: setting up run johnybul
wandb: Tracking run with wandb version 0.25.0
wandb: Run data is saved locally in logs/resnet50_localnorm_imagenet_ecoset_ecovalid_seed46/wandb/run-20260316_115800-johnybul
wandb: Run `wandb offline` to turn off syncing.
wandb: Syncing run resnet50_localnorm_imagenet_ecoset_ecovalid_seed46
wandb: ⭐️ View project at https://wandb.ai/mellebolding-university-of-amsterdam/norm-comparison
wandb: 🚀 View run at https://wandb.ai/mellebolding-university-of-amsterdam/norm-comparison/runs/johnybul
2026-03-16 11:58:06,869 [INFO] Weights & Biases logging enabled
2026-03-16 11:58:06,874 [INFO] Set random seed: 46 (rank offset applied)
2026-03-16 11:58:06,874 [INFO] Using device: cuda:0
2026-03-16 11:58:06,875 [INFO] World size: 1
2026-03-16 11:58:07,218 [INFO] Model: resnet50_custom, Parameters: 23,839,816
2026-03-16 11:58:07,258 [INFO] Using channels-last (NHWC) memory format
2026-03-16 11:58:07,311 [INFO] Mixed precision training: True
2026-03-16 11:58:25,217 [INFO] Using GPU-accelerated transforms to reduce CPU bottleneck
2026-03-16 11:58:25,218 [INFO] Train samples: 176411, Val samples: 6800
2026-03-16 11:58:25,218 [INFO] Effective batch size: 128 (128 x 1 GPUs)
2026-03-16 11:58:29,429 [INFO] OOD evaluation enabled: 4 datasets loaded (imagenet_c_gaussian_noise_s3, imagenet_c_defocus_blur_s3, imagenet_c_fog_s3, imagenet_c_contrast_s3)
2026-03-16 11:58:29,429 [INFO] Saving per-image predictions to logs/resnet50_localnorm_imagenet_ecoset_ecovalid_seed46/predictions
2026-03-16 11:58:29,430 [INFO] Starting training for 25 epochs...
2026-03-16 12:05:57,162 [INFO] Running OOD evaluation (epoch 1)...
2026-03-16 12:06:37,633 [INFO] OOD accuracies: imagenet_c_contrast_s3: 4.2%, imagenet_c_defocus_blur_s3: 7.4%, imagenet_c_fog_s3: 4.9%, imagenet_c_gaussian_noise_s3: 4.6%
2026-03-16 12:06:37,651 [INFO] Epoch 1/25 | Train Loss: 4.4851, Train Acc: 6.95% | Val Loss: 4.0497, Val Acc: 14.79% | LR: 0.000996 | Time: 488.2s
2026-03-16 12:06:38,074 [INFO] New best accuracy: 14.79%
2026-03-16 12:14:04,935 [INFO] Running OOD evaluation (epoch 2)...
2026-03-16 12:14:45,072 [INFO] OOD accuracies: imagenet_c_contrast_s3: 7.2%, imagenet_c_defocus_blur_s3: 10.5%, imagenet_c_fog_s3: 9.7%, imagenet_c_gaussian_noise_s3: 9.8%
2026-03-16 12:14:45,087 [INFO] Epoch 2/25 | Train Loss: 3.9866, Train Acc: 15.54% | Val Loss: 3.5853, Val Acc: 23.90% | LR: 0.000984 | Time: 483.7s
2026-03-16 12:14:45,490 [INFO] New best accuracy: 23.90%
2026-03-16 12:22:11,296 [INFO] Running OOD evaluation (epoch 3)...
2026-03-16 12:22:51,490 [INFO] OOD accuracies: imagenet_c_contrast_s3: 11.1%, imagenet_c_defocus_blur_s3: 16.7%, imagenet_c_fog_s3: 16.6%, imagenet_c_gaussian_noise_s3: 7.0%
2026-03-16 12:22:51,509 [INFO] Epoch 3/25 | Train Loss: 3.6651, Train Acc: 22.48% | Val Loss: 3.4465, Val Acc: 29.16% | LR: 0.000965 | Time: 484.2s
2026-03-16 12:22:51,954 [INFO] New best accuracy: 29.16%
2026-03-16 12:30:17,658 [INFO] Running OOD evaluation (epoch 4)...
2026-03-16 12:30:57,789 [INFO] OOD accuracies: imagenet_c_contrast_s3: 14.1%, imagenet_c_defocus_blur_s3: 11.9%, imagenet_c_fog_s3: 15.8%, imagenet_c_gaussian_noise_s3: 11.5%
2026-03-16 12:30:57,805 [INFO] Epoch 4/25 | Train Loss: 3.4009, Train Acc: 28.81% | Val Loss: 3.0649, Val Acc: 36.84% | LR: 0.000939 | Time: 484.0s
2026-03-16 12:30:58,073 [INFO] New best accuracy: 36.84%
2026-03-16 12:38:24,097 [INFO] Running OOD evaluation (epoch 5)...
2026-03-16 12:39:04,839 [INFO] OOD accuracies: imagenet_c_contrast_s3: 16.5%, imagenet_c_defocus_blur_s3: 14.1%, imagenet_c_fog_s3: 19.4%, imagenet_c_gaussian_noise_s3: 14.8%
2026-03-16 12:39:04,855 [INFO] Epoch 5/25 | Train Loss: 3.2114, Train Acc: 33.60% | Val Loss: 2.8768, Val Acc: 41.34% | LR: 0.000905 | Time: 484.8s
2026-03-16 12:39:05,255 [INFO] New best accuracy: 41.34%
2026-03-16 12:46:31,450 [INFO] Running OOD evaluation (epoch 6)...
2026-03-16 12:47:11,692 [INFO] OOD accuracies: imagenet_c_contrast_s3: 19.3%, imagenet_c_defocus_blur_s3: 23.0%, imagenet_c_fog_s3: 23.6%, imagenet_c_gaussian_noise_s3: 17.6%
Traceback (most recent call last):
  File "/gpfs/home1/mbolding/.local/share/mamba/envs/visioncnn/lib/python3.11/site-packages/numpy/lib/_npyio_impl.py", line 785, in _savez
    with zipf.open(fname, 'w', force_zip64=True) as fid:
  File "/gpfs/home1/mbolding/.local/share/mamba/envs/visioncnn/lib/python3.11/zipfile.py", line 1234, in close
    self._fileobj.seek(self._zinfo.header_offset)
OSError: [Errno 122] Disk quota exceeded

During handling of the above exception, another exception occurred:

Traceback (most recent call last):
  File "/gpfs/home1/mbolding/.local/share/mamba/envs/visioncnn/lib/python3.11/zipfile.py", line 1925, in close
    self.fp.seek(self.start_dir)
OSError: [Errno 122] Disk quota exceeded

During handling of the above exception, another exception occurred:

Traceback (most recent call last):
  File "/gpfs/home1/mbolding/visionCNN/scripts/train.py", line 836, in <module>
    main(args)
  File "/gpfs/home1/mbolding/visionCNN/scripts/train.py", line 712, in main
    save_predictions_to_file(
  File "/gpfs/home1/mbolding/visionCNN/src/evaluation/ood_eval.py", line 235, in save_predictions_to_file
    np.savez_compressed(filepath, **{
  File "/gpfs/home1/mbolding/.local/share/mamba/envs/visioncnn/lib/python3.11/site-packages/numpy/lib/_npyio_impl.py", line 753, in savez_compressed
    _savez(file, args, kwds, True, allow_pickle=allow_pickle)
  File "/gpfs/home1/mbolding/.local/share/mamba/envs/visioncnn/lib/python3.11/site-packages/numpy/lib/_npyio_impl.py", line 790, in _savez
    zipf.close()
  File "/gpfs/home1/mbolding/.local/share/mamba/envs/visioncnn/lib/python3.11/zipfile.py", line 1930, in close
    self._fpclose(fp)
  File "/gpfs/home1/mbolding/.local/share/mamba/envs/visioncnn/lib/python3.11/zipfile.py", line 2030, in _fpclose
    fp.close()
OSError: [Errno 122] Disk quota exceeded
[rank0]: Traceback (most recent call last):
[rank0]:   File "/gpfs/home1/mbolding/.local/share/mamba/envs/visioncnn/lib/python3.11/site-packages/numpy/lib/_npyio_impl.py", line 785, in _savez
[rank0]:     with zipf.open(fname, 'w', force_zip64=True) as fid:
[rank0]:   File "/gpfs/home1/mbolding/.local/share/mamba/envs/visioncnn/lib/python3.11/zipfile.py", line 1234, in close
[rank0]:     self._fileobj.seek(self._zinfo.header_offset)
[rank0]: OSError: [Errno 122] Disk quota exceeded

[rank0]: During handling of the above exception, another exception occurred:

[rank0]: Traceback (most recent call last):
[rank0]:   File "/gpfs/home1/mbolding/.local/share/mamba/envs/visioncnn/lib/python3.11/zipfile.py", line 1925, in close
[rank0]:     self.fp.seek(self.start_dir)
[rank0]: OSError: [Errno 122] Disk quota exceeded

[rank0]: During handling of the above exception, another exception occurred:

[rank0]: Traceback (most recent call last):
[rank0]:   File "/gpfs/home1/mbolding/visionCNN/scripts/train.py", line 836, in <module>
[rank0]:     main(args)
[rank0]:   File "/gpfs/home1/mbolding/visionCNN/scripts/train.py", line 712, in main
[rank0]:     save_predictions_to_file(
[rank0]:   File "/gpfs/home1/mbolding/visionCNN/src/evaluation/ood_eval.py", line 235, in save_predictions_to_file
[rank0]:     np.savez_compressed(filepath, **{
[rank0]:   File "/gpfs/home1/mbolding/.local/share/mamba/envs/visioncnn/lib/python3.11/site-packages/numpy/lib/_npyio_impl.py", line 753, in savez_compressed
[rank0]:     _savez(file, args, kwds, True, allow_pickle=allow_pickle)
[rank0]:   File "/gpfs/home1/mbolding/.local/share/mamba/envs/visioncnn/lib/python3.11/site-packages/numpy/lib/_npyio_impl.py", line 790, in _savez
[rank0]:     zipf.close()
[rank0]:   File "/gpfs/home1/mbolding/.local/share/mamba/envs/visioncnn/lib/python3.11/zipfile.py", line 1930, in close
[rank0]:     self._fpclose(fp)
[rank0]:   File "/gpfs/home1/mbolding/.local/share/mamba/envs/visioncnn/lib/python3.11/zipfile.py", line 2030, in _fpclose
[rank0]:     fp.close()
[rank0]: OSError: [Errno 122] Disk quota exceeded
E0316 12:49:55.762000 2712251 site-packages/torch/distributed/elastic/multiprocessing/api.py:869] failed (exitcode: 1) local_rank: 0 (pid: 2712591) of binary: /gpfs/home1/mbolding/.local/share/mamba/envs/visioncnn/bin/python
Traceback (most recent call last):
  File "/gpfs/home1/mbolding/.local/share/mamba/envs/visioncnn/bin/torchrun", line 33, in <module>
    sys.exit(load_entry_point('torch==2.5.1', 'console_scripts', 'torchrun')())
             ^^^^^^^^^^^^^^^^^^^^^^^^^^^^^^^^^^^^^^^^^^^^^^^^^^^^^^^^^^^^^^^^^
  File "/gpfs/home1/mbolding/.local/share/mamba/envs/visioncnn/lib/python3.11/site-packages/torch/distributed/elastic/multiprocessing/errors/__init__.py", line 355, in wrapper
    return f(*args, **kwargs)
           ^^^^^^^^^^^^^^^^^^
  File "/gpfs/home1/mbolding/.local/share/mamba/envs/visioncnn/lib/python3.11/site-packages/torch/distributed/run.py", line 919, in main
    run(args)
  File "/gpfs/home1/mbolding/.local/share/mamba/envs/visioncnn/lib/python3.11/site-packages/torch/distributed/run.py", line 910, in run
    elastic_launch(
  File "/gpfs/home1/mbolding/.local/share/mamba/envs/visioncnn/lib/python3.11/site-packages/torch/distributed/launcher/api.py", line 138, in __call__
    return launch_agent(self._config, self._entrypoint, list(args))
           ^^^^^^^^^^^^^^^^^^^^^^^^^^^^^^^^^^^^^^^^^^^^^^^^^^^^^^^^
  File "/gpfs/home1/mbolding/.local/share/mamba/envs/visioncnn/lib/python3.11/site-packages/torch/distributed/launcher/api.py", line 269, in launch_agent
    raise ChildFailedError(
torch.distributed.elastic.multiprocessing.errors.ChildFailedError: 
============================================================
scripts/train.py FAILED
------------------------------------------------------------
Failures:
  <NO_OTHER_FAILURES>
------------------------------------------------------------
Root Cause (first observed failure):
[0]:
  time      : 2026-03-16_12:49:55
  host      : gcn26.local.snellius.surf.nl
  rank      : 0 (local_rank: 0)
  exitcode  : 1 (pid: 2712591)
  error_file: <N/A>
  traceback : To enable traceback see: https://pytorch.org/docs/stable/elastic/errors.html
============================================================
srun: error: gcn26: task 0: Exited with exit code 1
srun: Terminating StepId=20763119.0
