[rank0]:[W316 14:11:57.714024941 ProcessGroupNCCL.cpp:4115] [PG ID 0 PG GUID 0 Rank 0]  using GPU 0 to perform barrier as devices used by this process are currently unknown. This can potentially cause a hang if this rank to GPU mapping is incorrect.Specify device_ids in barrier() to force use of a particular device,or call init_process_group() with a device_id.
2026-03-16 14:11:57,484 [INFO] Distributed: DistributedManager(rank=0, local_rank=0, world_size=1, device=cuda:0, is_distributed=True)
2026-03-16 14:11:57,485 [INFO] Config: {'experiment_name': 'resnet50_rmsnorm_imagenet_ecoset_ecovalid_seed42', 'model': {'name': 'resnet50_custom', 'num_classes': 136, 'norm_layer': 'rmsnorm'}, 'data': {'dataset': 'imagenet_ecoset136', 'root': '/scratch-nvme/ml-datasets/imagenet/torchvision_ImageFolder', 'img_size': 224, 'backend': 'pytorch', 'num_workers': 16, 'pin_memory': True, 'persistent_workers': True, 'prefetch_factor': 2, 'gpu_transforms': True, 'random_rotation': True, 'random_rotation_degrees': 15, 'color_jitter': True, 'color_jitter_brightness': 0.2, 'color_jitter_contrast': 0.2, 'color_jitter_saturation': 0.2, 'color_jitter_hue': 0.05, 'gaussian_blur': True, 'random_grayscale': True, 'random_grayscale_p': 0.1}, 'training': {'epochs': 25, 'batch_size': 256, 'lr': 0.001, 'min_lr': 1e-05, 'weight_decay': 0.05, 'optimizer': 'adamw', 'scheduler': 'cosine', 'label_smoothing': 0.1, 'use_amp': True, 'channels_last': True, 'seed': 42, 'checkpoint_schedule': [[10, 1], [20, 2], [25, 3]], 'disable_progress_bar': True}, 'logging': {'log_dir': 'logs'}, 'ood_eval': {'enabled': True, 'source_dataset': 'imagenet_ecoset136', 'datasets_root': '/scratch-nvme/ml-datasets', 'imagenet_c': {'during_training': True, 'corruptions_during_training': ['gaussian_noise', 'defocus_blur', 'fog', 'contrast'], 'severity_during_training': 3}, 'save_predictions': True}, 'wandb': {'enabled': True, 'project': 'norm-comparison', 'group': 'resnet50-imagenet-ecoset-ecovalid-norm-experiment', 'tags': ['norm-experiment', 'resnet50', 'snellius', 'a100', 'ecovalid-aug', 'imagenet_ecoset136', 'rmsnorm']}, '_machine': {'log_dir': '/projects/prjs0771/melle/projects/visionCNN/logs'}}
2026-03-16 14:11:57,485 [INFO] Run directory: logs/resnet50_rmsnorm_imagenet_ecoset_ecovalid_seed42
wandb: [wandb.login()] Loaded credentials for https://api.wandb.ai from /home/mbolding/.netrc.
wandb: Currently logged in as: mellebolding (mellebolding-university-of-amsterdam) to https://api.wandb.ai. Use `wandb login --relogin` to force relogin
wandb: setting up run ibhu6wx6
wandb: Tracking run with wandb version 0.25.0
wandb: Run data is saved locally in logs/resnet50_rmsnorm_imagenet_ecoset_ecovalid_seed42/wandb/run-20260316_141157-ibhu6wx6
wandb: Run `wandb offline` to turn off syncing.
wandb: Syncing run resnet50_rmsnorm_imagenet_ecoset_ecovalid_seed42
wandb: ⭐️ View project at https://wandb.ai/mellebolding-university-of-amsterdam/norm-comparison
wandb: 🚀 View run at https://wandb.ai/mellebolding-university-of-amsterdam/norm-comparison/runs/ibhu6wx6
2026-03-16 14:11:58,999 [INFO] Weights & Biases logging enabled
2026-03-16 14:11:59,003 [INFO] Set random seed: 42 (rank offset applied)
2026-03-16 14:11:59,003 [INFO] Using device: cuda:0
2026-03-16 14:11:59,004 [INFO] World size: 1
2026-03-16 14:11:59,342 [INFO] Model: resnet50_custom, Parameters: 23,760,136
2026-03-16 14:11:59,368 [INFO] Using channels-last (NHWC) memory format
2026-03-16 14:11:59,406 [INFO] Mixed precision training: True
2026-03-16 14:12:16,451 [INFO] Using GPU-accelerated transforms to reduce CPU bottleneck
2026-03-16 14:12:16,452 [INFO] Train samples: 176411, Val samples: 6800
2026-03-16 14:12:16,452 [INFO] Effective batch size: 256 (256 x 1 GPUs)
2026-03-16 14:12:19,751 [INFO] OOD evaluation enabled: 4 datasets loaded (imagenet_c_gaussian_noise_s3, imagenet_c_defocus_blur_s3, imagenet_c_fog_s3, imagenet_c_contrast_s3)
2026-03-16 14:12:19,752 [INFO] Saving per-image predictions to logs/resnet50_rmsnorm_imagenet_ecoset_ecovalid_seed42/predictions
2026-03-16 14:12:19,752 [INFO] Starting training for 25 epochs...
2026-03-16 14:18:14,257 [INFO] Running OOD evaluation (epoch 1)...
2026-03-16 14:19:00,948 [INFO] OOD accuracies: imagenet_c_contrast_s3: 2.4%, imagenet_c_defocus_blur_s3: 2.4%, imagenet_c_fog_s3: 2.1%, imagenet_c_gaussian_noise_s3: 2.7%
2026-03-16 14:19:00,965 [INFO] Epoch 1/25 | Train Loss: 4.8335, Train Acc: 1.82% | Val Loss: 4.6304, Val Acc: 3.90% | LR: 0.000996 | Time: 401.2s
2026-03-16 14:19:01,341 [INFO] New best accuracy: 3.90%
2026-03-16 14:24:51,507 [INFO] Running OOD evaluation (epoch 2)...
2026-03-16 14:25:37,858 [INFO] OOD accuracies: imagenet_c_contrast_s3: 7.4%, imagenet_c_defocus_blur_s3: 8.5%, imagenet_c_fog_s3: 6.3%, imagenet_c_gaussian_noise_s3: 5.4%
2026-03-16 14:25:37,875 [INFO] Epoch 2/25 | Train Loss: 4.4626, Train Acc: 6.39% | Val Loss: 4.1563, Val Acc: 11.25% | LR: 0.000984 | Time: 393.7s
2026-03-16 14:25:38,124 [INFO] New best accuracy: 11.25%
2026-03-16 14:31:27,454 [INFO] Running OOD evaluation (epoch 3)...
2026-03-16 14:32:14,033 [INFO] OOD accuracies: imagenet_c_contrast_s3: 11.5%, imagenet_c_defocus_blur_s3: 13.5%, imagenet_c_fog_s3: 11.0%, imagenet_c_gaussian_noise_s3: 8.9%
2026-03-16 14:32:14,049 [INFO] Epoch 3/25 | Train Loss: 4.1244, Train Acc: 12.71% | Val Loss: 3.8530, Val Acc: 17.74% | LR: 0.000965 | Time: 394.2s
2026-03-16 14:32:14,296 [INFO] New best accuracy: 17.74%
2026-03-16 14:38:02,969 [INFO] Running OOD evaluation (epoch 4)...
2026-03-16 14:38:49,807 [INFO] OOD accuracies: imagenet_c_contrast_s3: 14.5%, imagenet_c_defocus_blur_s3: 15.7%, imagenet_c_fog_s3: 13.2%, imagenet_c_gaussian_noise_s3: 11.5%
2026-03-16 14:38:49,823 [INFO] Epoch 4/25 | Train Loss: 3.8535, Train Acc: 18.48% | Val Loss: 3.5565, Val Acc: 24.53% | LR: 0.000939 | Time: 393.7s
2026-03-16 14:38:50,208 [INFO] New best accuracy: 24.53%
2026-03-16 14:44:39,402 [INFO] Running OOD evaluation (epoch 5)...
2026-03-16 14:45:25,928 [INFO] OOD accuracies: imagenet_c_contrast_s3: 19.2%, imagenet_c_defocus_blur_s3: 19.7%, imagenet_c_fog_s3: 18.8%, imagenet_c_gaussian_noise_s3: 9.7%
2026-03-16 14:45:25,945 [INFO] Epoch 5/25 | Train Loss: 3.6301, Train Acc: 23.58% | Val Loss: 3.3141, Val Acc: 30.46% | LR: 0.000905 | Time: 394.0s
2026-03-16 14:45:26,197 [INFO] New best accuracy: 30.46%
2026-03-16 14:51:15,213 [INFO] Running OOD evaluation (epoch 6)...
2026-03-16 14:52:02,005 [INFO] OOD accuracies: imagenet_c_contrast_s3: 21.6%, imagenet_c_defocus_blur_s3: 24.3%, imagenet_c_fog_s3: 21.7%, imagenet_c_gaussian_noise_s3: 10.1%
2026-03-16 14:52:02,021 [INFO] Epoch 6/25 | Train Loss: 3.4672, Train Acc: 27.36% | Val Loss: 3.1987, Val Acc: 33.56% | LR: 0.000866 | Time: 394.2s
2026-03-16 14:52:02,266 [INFO] New best accuracy: 33.56%
2026-03-16 14:57:51,466 [INFO] Running OOD evaluation (epoch 7)...
2026-03-16 14:58:38,049 [INFO] OOD accuracies: imagenet_c_contrast_s3: 25.5%, imagenet_c_defocus_blur_s3: 22.9%, imagenet_c_fog_s3: 21.5%, imagenet_c_gaussian_noise_s3: 10.3%
Traceback (most recent call last):
  File "/gpfs/home1/mbolding/.local/share/mamba/envs/visioncnn/lib/python3.11/site-packages/numpy/lib/_npyio_impl.py", line 785, in _savez
    with zipf.open(fname, 'w', force_zip64=True) as fid:
  File "/gpfs/home1/mbolding/.local/share/mamba/envs/visioncnn/lib/python3.11/zipfile.py", line 1234, in close
    self._fileobj.seek(self._zinfo.header_offset)
OSError: [Errno 122] Disk quota exceeded

During handling of the above exception, another exception occurred:

Traceback (most recent call last):
  File "/gpfs/home1/mbolding/.local/share/mamba/envs/visioncnn/lib/python3.11/zipfile.py", line 1925, in close
    self.fp.seek(self.start_dir)
OSError: [Errno 122] Disk quota exceeded

During handling of the above exception, another exception occurred:

Traceback (most recent call last):
  File "/gpfs/home1/mbolding/visionCNN/scripts/train.py", line 836, in <module>
    main(args)
  File "/gpfs/home1/mbolding/visionCNN/scripts/train.py", line 712, in main
    save_predictions_to_file(
  File "/gpfs/home1/mbolding/visionCNN/src/evaluation/ood_eval.py", line 235, in save_predictions_to_file
    np.savez_compressed(filepath, **{
  File "/gpfs/home1/mbolding/.local/share/mamba/envs/visioncnn/lib/python3.11/site-packages/numpy/lib/_npyio_impl.py", line 753, in savez_compressed
    _savez(file, args, kwds, True, allow_pickle=allow_pickle)
  File "/gpfs/home1/mbolding/.local/share/mamba/envs/visioncnn/lib/python3.11/site-packages/numpy/lib/_npyio_impl.py", line 790, in _savez
    zipf.close()
  File "/gpfs/home1/mbolding/.local/share/mamba/envs/visioncnn/lib/python3.11/zipfile.py", line 1930, in close
    self._fpclose(fp)
  File "/gpfs/home1/mbolding/.local/share/mamba/envs/visioncnn/lib/python3.11/zipfile.py", line 2030, in _fpclose
    fp.close()
OSError: [Errno 122] Disk quota exceeded
[rank0]: Traceback (most recent call last):
[rank0]:   File "/gpfs/home1/mbolding/.local/share/mamba/envs/visioncnn/lib/python3.11/site-packages/numpy/lib/_npyio_impl.py", line 785, in _savez
[rank0]:     with zipf.open(fname, 'w', force_zip64=True) as fid:
[rank0]:   File "/gpfs/home1/mbolding/.local/share/mamba/envs/visioncnn/lib/python3.11/zipfile.py", line 1234, in close
[rank0]:     self._fileobj.seek(self._zinfo.header_offset)
[rank0]: OSError: [Errno 122] Disk quota exceeded

[rank0]: During handling of the above exception, another exception occurred:

[rank0]: Traceback (most recent call last):
[rank0]:   File "/gpfs/home1/mbolding/.local/share/mamba/envs/visioncnn/lib/python3.11/zipfile.py", line 1925, in close
[rank0]:     self.fp.seek(self.start_dir)
[rank0]: OSError: [Errno 122] Disk quota exceeded

[rank0]: During handling of the above exception, another exception occurred:

[rank0]: Traceback (most recent call last):
[rank0]:   File "/gpfs/home1/mbolding/visionCNN/scripts/train.py", line 836, in <module>
[rank0]:     main(args)
[rank0]:   File "/gpfs/home1/mbolding/visionCNN/scripts/train.py", line 712, in main
[rank0]:     save_predictions_to_file(
[rank0]:   File "/gpfs/home1/mbolding/visionCNN/src/evaluation/ood_eval.py", line 235, in save_predictions_to_file
[rank0]:     np.savez_compressed(filepath, **{
[rank0]:   File "/gpfs/home1/mbolding/.local/share/mamba/envs/visioncnn/lib/python3.11/site-packages/numpy/lib/_npyio_impl.py", line 753, in savez_compressed
[rank0]:     _savez(file, args, kwds, True, allow_pickle=allow_pickle)
[rank0]:   File "/gpfs/home1/mbolding/.local/share/mamba/envs/visioncnn/lib/python3.11/site-packages/numpy/lib/_npyio_impl.py", line 790, in _savez
[rank0]:     zipf.close()
[rank0]:   File "/gpfs/home1/mbolding/.local/share/mamba/envs/visioncnn/lib/python3.11/zipfile.py", line 1930, in close
[rank0]:     self._fpclose(fp)
[rank0]:   File "/gpfs/home1/mbolding/.local/share/mamba/envs/visioncnn/lib/python3.11/zipfile.py", line 2030, in _fpclose
[rank0]:     fp.close()
[rank0]: OSError: [Errno 122] Disk quota exceeded
E0316 15:01:22.066000 1419812 site-packages/torch/distributed/elastic/multiprocessing/api.py:869] failed (exitcode: 1) local_rank: 0 (pid: 1419970) of binary: /gpfs/home1/mbolding/.local/share/mamba/envs/visioncnn/bin/python
Traceback (most recent call last):
  File "/gpfs/home1/mbolding/.local/share/mamba/envs/visioncnn/bin/torchrun", line 33, in <module>
    sys.exit(load_entry_point('torch==2.5.1', 'console_scripts', 'torchrun')())
             ^^^^^^^^^^^^^^^^^^^^^^^^^^^^^^^^^^^^^^^^^^^^^^^^^^^^^^^^^^^^^^^^^
  File "/gpfs/home1/mbolding/.local/share/mamba/envs/visioncnn/lib/python3.11/site-packages/torch/distributed/elastic/multiprocessing/errors/__init__.py", line 355, in wrapper
    return f(*args, **kwargs)
           ^^^^^^^^^^^^^^^^^^
  File "/gpfs/home1/mbolding/.local/share/mamba/envs/visioncnn/lib/python3.11/site-packages/torch/distributed/run.py", line 919, in main
    run(args)
  File "/gpfs/home1/mbolding/.local/share/mamba/envs/visioncnn/lib/python3.11/site-packages/torch/distributed/run.py", line 910, in run
    elastic_launch(
  File "/gpfs/home1/mbolding/.local/share/mamba/envs/visioncnn/lib/python3.11/site-packages/torch/distributed/launcher/api.py", line 138, in __call__
    return launch_agent(self._config, self._entrypoint, list(args))
           ^^^^^^^^^^^^^^^^^^^^^^^^^^^^^^^^^^^^^^^^^^^^^^^^^^^^^^^^
  File "/gpfs/home1/mbolding/.local/share/mamba/envs/visioncnn/lib/python3.11/site-packages/torch/distributed/launcher/api.py", line 269, in launch_agent
    raise ChildFailedError(
torch.distributed.elastic.multiprocessing.errors.ChildFailedError: 
============================================================
scripts/train.py FAILED
------------------------------------------------------------
Failures:
  <NO_OTHER_FAILURES>
------------------------------------------------------------
Root Cause (first observed failure):
[0]:
  time      : 2026-03-16_15:01:22
  host      : gcn32.local.snellius.surf.nl
  rank      : 0 (local_rank: 0)
  exitcode  : 1 (pid: 1419970)
  error_file: <N/A>
  traceback : To enable traceback see: https://pytorch.org/docs/stable/elastic/errors.html
============================================================
srun: error: gcn32: task 0: Exited with exit code 1
srun: Terminating StepId=20769807.0
