[rank0]:[W316 14:11:49.013413966 ProcessGroupNCCL.cpp:4115] [PG ID 0 PG GUID 0 Rank 0]  using GPU 0 to perform barrier as devices used by this process are currently unknown. This can potentially cause a hang if this rank to GPU mapping is incorrect.Specify device_ids in barrier() to force use of a particular device,or call init_process_group() with a device_id.
2026-03-16 14:11:49,617 [INFO] Distributed: DistributedManager(rank=0, local_rank=0, world_size=1, device=cuda:0, is_distributed=True)
2026-03-16 14:11:49,619 [INFO] Config: {'experiment_name': 'resnet50_batchnorm_imagenet_ecoset_ecovalid_seed42', 'model': {'name': 'resnet50_custom', 'num_classes': 136, 'norm_layer': 'batchnorm'}, 'data': {'dataset': 'imagenet_ecoset136', 'root': '/scratch-nvme/ml-datasets/imagenet/torchvision_ImageFolder', 'img_size': 224, 'backend': 'pytorch', 'num_workers': 16, 'pin_memory': True, 'persistent_workers': True, 'prefetch_factor': 2, 'gpu_transforms': True, 'random_rotation': True, 'random_rotation_degrees': 15, 'color_jitter': True, 'color_jitter_brightness': 0.2, 'color_jitter_contrast': 0.2, 'color_jitter_saturation': 0.2, 'color_jitter_hue': 0.05, 'gaussian_blur': True, 'random_grayscale': True, 'random_grayscale_p': 0.1}, 'training': {'epochs': 25, 'batch_size': 256, 'val_batch_size': 512, 'lr': 0.001, 'min_lr': 1e-05, 'weight_decay': 0.05, 'optimizer': 'adamw', 'scheduler': 'cosine', 'label_smoothing': 0.1, 'use_amp': True, 'channels_last': True, 'seed': 42, 'checkpoint_schedule': [[10, 1], [20, 2], [25, 3]], 'disable_progress_bar': True}, 'logging': {'log_dir': 'logs'}, 'ood_eval': {'enabled': True, 'source_dataset': 'imagenet_ecoset136', 'datasets_root': '/scratch-nvme/ml-datasets', 'bn_adapt': True, 'imagenet_c': {'during_training': True, 'corruptions_during_training': ['gaussian_noise', 'defocus_blur', 'fog', 'contrast'], 'severity_during_training': 3}, 'save_predictions': True}, 'wandb': {'enabled': True, 'project': 'norm-comparison', 'group': 'resnet50-imagenet-ecoset-ecovalid-norm-experiment', 'tags': ['resnet50', 'a100', 'norm-experiment', 'snellius', 'ecovalid-aug', 'batchnorm', 'imagenet_ecoset136']}, '_machine': {'log_dir': '/projects/prjs0771/melle/projects/visionCNN/logs'}}
2026-03-16 14:11:49,619 [INFO] Run directory: logs/resnet50_batchnorm_imagenet_ecoset_ecovalid_seed42
wandb: [wandb.login()] Loaded credentials for https://api.wandb.ai from /home/mbolding/.netrc.
wandb: Currently logged in as: mellebolding (mellebolding-university-of-amsterdam) to https://api.wandb.ai. Use `wandb login --relogin` to force relogin
wandb: setting up run gf2e4t0q
wandb: Tracking run with wandb version 0.25.0
wandb: Run data is saved locally in logs/resnet50_batchnorm_imagenet_ecoset_ecovalid_seed42/wandb/run-20260316_141150-gf2e4t0q
wandb: Run `wandb offline` to turn off syncing.
wandb: Syncing run resnet50_batchnorm_imagenet_ecoset_ecovalid_seed42
wandb: ⭐️ View project at https://wandb.ai/mellebolding-university-of-amsterdam/norm-comparison
wandb: 🚀 View run at https://wandb.ai/mellebolding-university-of-amsterdam/norm-comparison/runs/gf2e4t0q
2026-03-16 14:11:51,221 [INFO] Weights & Biases logging enabled
2026-03-16 14:11:51,224 [INFO] Set random seed: 42 (rank offset applied)
2026-03-16 14:11:51,224 [INFO] Using device: cuda:0
2026-03-16 14:11:51,224 [INFO] World size: 1
2026-03-16 14:11:51,563 [INFO] Model: resnet50_custom, Parameters: 23,786,696
2026-03-16 14:11:51,594 [INFO] Using channels-last (NHWC) memory format
2026-03-16 14:11:51,640 [INFO] Mixed precision training: True
2026-03-16 14:12:08,239 [INFO] Using GPU-accelerated transforms to reduce CPU bottleneck
2026-03-16 14:12:08,240 [INFO] Train samples: 176411, Val samples: 6800
2026-03-16 14:12:08,241 [INFO] Effective batch size: 256 (256 x 1 GPUs)
2026-03-16 14:12:12,070 [INFO] OOD evaluation enabled: 4 datasets loaded (imagenet_c_gaussian_noise_s3, imagenet_c_defocus_blur_s3, imagenet_c_fog_s3, imagenet_c_contrast_s3)
2026-03-16 14:12:12,071 [INFO] Saving per-image predictions to logs/resnet50_batchnorm_imagenet_ecoset_ecovalid_seed42/predictions
2026-03-16 14:12:12,071 [INFO] Starting training for 25 epochs...
2026-03-16 14:15:27,378 [INFO] Running OOD evaluation (epoch 1)...
2026-03-16 14:16:15,610 [INFO] OOD accuracies: imagenet_c_contrast_s3: 5.1%, imagenet_c_defocus_blur_s3: 6.1%, imagenet_c_fog_s3: 5.3%, imagenet_c_gaussian_noise_s3: 6.5%
2026-03-16 14:16:15,634 [INFO] Epoch 1/25 | Train Loss: 4.5279, Train Acc: 6.43% | Val Loss: 4.1429, Val Acc: 11.90% | LR: 0.000996 | Time: 243.6s
2026-03-16 14:16:15,946 [INFO] New best accuracy: 11.90%
2026-03-16 14:19:30,854 [INFO] Running OOD evaluation (epoch 2)...
2026-03-16 14:20:19,124 [INFO] OOD accuracies: imagenet_c_contrast_s3: 9.7%, imagenet_c_defocus_blur_s3: 10.6%, imagenet_c_fog_s3: 9.6%, imagenet_c_gaussian_noise_s3: 11.6%
2026-03-16 14:20:19,144 [INFO] Epoch 2/25 | Train Loss: 3.9989, Train Acc: 15.20% | Val Loss: 3.6516, Val Acc: 22.96% | LR: 0.000984 | Time: 240.1s
2026-03-16 14:20:19,408 [INFO] New best accuracy: 22.96%
2026-03-16 14:23:31,329 [INFO] Running OOD evaluation (epoch 3)...
2026-03-16 14:24:19,505 [INFO] OOD accuracies: imagenet_c_contrast_s3: 13.7%, imagenet_c_defocus_blur_s3: 13.7%, imagenet_c_fog_s3: 13.6%, imagenet_c_gaussian_noise_s3: 15.2%
2026-03-16 14:24:19,524 [INFO] Epoch 3/25 | Train Loss: 3.6785, Train Acc: 22.08% | Val Loss: 3.3256, Val Acc: 30.99% | LR: 0.000965 | Time: 238.3s
2026-03-16 14:24:19,789 [INFO] New best accuracy: 30.99%
2026-03-16 14:27:31,248 [INFO] Running OOD evaluation (epoch 4)...
2026-03-16 14:28:19,552 [INFO] OOD accuracies: imagenet_c_contrast_s3: 16.4%, imagenet_c_defocus_blur_s3: 16.0%, imagenet_c_fog_s3: 16.2%, imagenet_c_gaussian_noise_s3: 16.8%
2026-03-16 14:28:19,572 [INFO] Epoch 4/25 | Train Loss: 3.4626, Train Acc: 27.20% | Val Loss: 3.0874, Val Acc: 36.24% | LR: 0.000939 | Time: 238.1s
2026-03-16 14:28:19,837 [INFO] New best accuracy: 36.24%
2026-03-16 14:31:32,433 [INFO] Running OOD evaluation (epoch 5)...
2026-03-16 14:32:20,736 [INFO] OOD accuracies: imagenet_c_contrast_s3: 19.7%, imagenet_c_defocus_blur_s3: 17.2%, imagenet_c_fog_s3: 19.3%, imagenet_c_gaussian_noise_s3: 19.8%
2026-03-16 14:32:20,754 [INFO] Epoch 5/25 | Train Loss: 3.2438, Train Acc: 32.63% | Val Loss: 3.1309, Val Acc: 36.12% | LR: 0.000905 | Time: 239.2s
2026-03-16 14:35:31,280 [INFO] Running OOD evaluation (epoch 6)...
2026-03-16 14:36:20,057 [INFO] OOD accuracies: imagenet_c_contrast_s3: 23.4%, imagenet_c_defocus_blur_s3: 19.9%, imagenet_c_fog_s3: 22.4%, imagenet_c_gaussian_noise_s3: 23.0%
2026-03-16 14:36:20,077 [INFO] Epoch 6/25 | Train Loss: 3.0610, Train Acc: 37.21% | Val Loss: 2.8214, Val Acc: 42.57% | LR: 0.000866 | Time: 238.8s
2026-03-16 14:36:20,341 [INFO] New best accuracy: 42.57%
2026-03-16 14:39:31,945 [INFO] Running OOD evaluation (epoch 7)...
2026-03-16 14:40:20,700 [INFO] OOD accuracies: imagenet_c_contrast_s3: 26.5%, imagenet_c_defocus_blur_s3: 22.8%, imagenet_c_fog_s3: 24.7%, imagenet_c_gaussian_noise_s3: 25.3%
2026-03-16 14:40:20,719 [INFO] Epoch 7/25 | Train Loss: 2.9219, Train Acc: 41.00% | Val Loss: 2.6142, Val Acc: 48.96% | LR: 0.000821 | Time: 238.7s
2026-03-16 14:40:20,983 [INFO] New best accuracy: 48.96%
2026-03-16 14:43:34,195 [INFO] Running OOD evaluation (epoch 8)...
2026-03-16 14:44:22,227 [INFO] OOD accuracies: imagenet_c_contrast_s3: 29.0%, imagenet_c_defocus_blur_s3: 23.1%, imagenet_c_fog_s3: 26.8%, imagenet_c_gaussian_noise_s3: 26.4%
2026-03-16 14:44:22,247 [INFO] Epoch 8/25 | Train Loss: 2.7868, Train Acc: 44.59% | Val Loss: 2.6113, Val Acc: 48.85% | LR: 0.000770 | Time: 239.6s
2026-03-16 14:47:33,696 [INFO] Running OOD evaluation (epoch 9)...
2026-03-16 14:48:21,278 [INFO] OOD accuracies: imagenet_c_contrast_s3: 31.6%, imagenet_c_defocus_blur_s3: 25.1%, imagenet_c_fog_s3: 29.8%, imagenet_c_gaussian_noise_s3: 28.6%
2026-03-16 14:48:21,297 [INFO] Epoch 9/25 | Train Loss: 2.6714, Train Acc: 47.74% | Val Loss: 2.4240, Val Acc: 54.15% | LR: 0.000716 | Time: 238.5s
2026-03-16 14:48:21,560 [INFO] New best accuracy: 54.15%
2026-03-16 14:51:34,112 [INFO] Running OOD evaluation (epoch 10)...
2026-03-16 14:52:22,707 [INFO] OOD accuracies: imagenet_c_contrast_s3: 33.4%, imagenet_c_defocus_blur_s3: 27.1%, imagenet_c_fog_s3: 30.3%, imagenet_c_gaussian_noise_s3: 29.5%
2026-03-16 14:52:22,726 [INFO] Epoch 10/25 | Train Loss: 2.5651, Train Acc: 50.65% | Val Loss: 2.3641, Val Acc: 55.38% | LR: 0.000658 | Time: 239.4s
2026-03-16 14:52:22,989 [INFO] New best accuracy: 55.38%
2026-03-16 14:55:29,960 [INFO] Epoch 11/25 | Train Loss: 2.4919, Train Acc: 52.59% | (validation skipped) | LR: 0.000598 | Time: 185.2s
2026-03-16 14:58:40,203 [INFO] Running OOD evaluation (epoch 12)...
2026-03-16 14:59:26,245 [INFO] OOD accuracies: imagenet_c_contrast_s3: 36.3%, imagenet_c_defocus_blur_s3: 27.8%, imagenet_c_fog_s3: 33.8%, imagenet_c_gaussian_noise_s3: 31.6%
Traceback (most recent call last):
  File "/gpfs/home1/mbolding/.local/share/mamba/envs/visioncnn/lib/python3.11/site-packages/numpy/lib/_npyio_impl.py", line 785, in _savez
    with zipf.open(fname, 'w', force_zip64=True) as fid:
  File "/gpfs/home1/mbolding/.local/share/mamba/envs/visioncnn/lib/python3.11/zipfile.py", line 1234, in close
    self._fileobj.seek(self._zinfo.header_offset)
OSError: [Errno 122] Disk quota exceeded

During handling of the above exception, another exception occurred:

Traceback (most recent call last):
  File "/gpfs/home1/mbolding/.local/share/mamba/envs/visioncnn/lib/python3.11/zipfile.py", line 1925, in close
    self.fp.seek(self.start_dir)
OSError: [Errno 122] Disk quota exceeded

During handling of the above exception, another exception occurred:

Traceback (most recent call last):
  File "/gpfs/home1/mbolding/visionCNN/scripts/train.py", line 836, in <module>
    main(args)
  File "/gpfs/home1/mbolding/visionCNN/scripts/train.py", line 712, in main
    save_predictions_to_file(
  File "/gpfs/home1/mbolding/visionCNN/src/evaluation/ood_eval.py", line 235, in save_predictions_to_file
    np.savez_compressed(filepath, **{
  File "/gpfs/home1/mbolding/.local/share/mamba/envs/visioncnn/lib/python3.11/site-packages/numpy/lib/_npyio_impl.py", line 753, in savez_compressed
    _savez(file, args, kwds, True, allow_pickle=allow_pickle)
  File "/gpfs/home1/mbolding/.local/share/mamba/envs/visioncnn/lib/python3.11/site-packages/numpy/lib/_npyio_impl.py", line 790, in _savez
    zipf.close()
  File "/gpfs/home1/mbolding/.local/share/mamba/envs/visioncnn/lib/python3.11/zipfile.py", line 1930, in close
    self._fpclose(fp)
  File "/gpfs/home1/mbolding/.local/share/mamba/envs/visioncnn/lib/python3.11/zipfile.py", line 2030, in _fpclose
    fp.close()
OSError: [Errno 122] Disk quota exceeded
[rank0]: Traceback (most recent call last):
[rank0]:   File "/gpfs/home1/mbolding/.local/share/mamba/envs/visioncnn/lib/python3.11/site-packages/numpy/lib/_npyio_impl.py", line 785, in _savez
[rank0]:     with zipf.open(fname, 'w', force_zip64=True) as fid:
[rank0]:   File "/gpfs/home1/mbolding/.local/share/mamba/envs/visioncnn/lib/python3.11/zipfile.py", line 1234, in close
[rank0]:     self._fileobj.seek(self._zinfo.header_offset)
[rank0]: OSError: [Errno 122] Disk quota exceeded

[rank0]: During handling of the above exception, another exception occurred:

[rank0]: Traceback (most recent call last):
[rank0]:   File "/gpfs/home1/mbolding/.local/share/mamba/envs/visioncnn/lib/python3.11/zipfile.py", line 1925, in close
[rank0]:     self.fp.seek(self.start_dir)
[rank0]: OSError: [Errno 122] Disk quota exceeded

[rank0]: During handling of the above exception, another exception occurred:

[rank0]: Traceback (most recent call last):
[rank0]:   File "/gpfs/home1/mbolding/visionCNN/scripts/train.py", line 836, in <module>
[rank0]:     main(args)
[rank0]:   File "/gpfs/home1/mbolding/visionCNN/scripts/train.py", line 712, in main
[rank0]:     save_predictions_to_file(
[rank0]:   File "/gpfs/home1/mbolding/visionCNN/src/evaluation/ood_eval.py", line 235, in save_predictions_to_file
[rank0]:     np.savez_compressed(filepath, **{
[rank0]:   File "/gpfs/home1/mbolding/.local/share/mamba/envs/visioncnn/lib/python3.11/site-packages/numpy/lib/_npyio_impl.py", line 753, in savez_compressed
[rank0]:     _savez(file, args, kwds, True, allow_pickle=allow_pickle)
[rank0]:   File "/gpfs/home1/mbolding/.local/share/mamba/envs/visioncnn/lib/python3.11/site-packages/numpy/lib/_npyio_impl.py", line 790, in _savez
[rank0]:     zipf.close()
[rank0]:   File "/gpfs/home1/mbolding/.local/share/mamba/envs/visioncnn/lib/python3.11/zipfile.py", line 1930, in close
[rank0]:     self._fpclose(fp)
[rank0]:   File "/gpfs/home1/mbolding/.local/share/mamba/envs/visioncnn/lib/python3.11/zipfile.py", line 2030, in _fpclose
[rank0]:     fp.close()
[rank0]: OSError: [Errno 122] Disk quota exceeded
E0316 15:02:09.940000 2595801 site-packages/torch/distributed/elastic/multiprocessing/api.py:869] failed (exitcode: 1) local_rank: 0 (pid: 2595913) of binary: /gpfs/home1/mbolding/.local/share/mamba/envs/visioncnn/bin/python
Traceback (most recent call last):
  File "/gpfs/home1/mbolding/.local/share/mamba/envs/visioncnn/bin/torchrun", line 33, in <module>
    sys.exit(load_entry_point('torch==2.5.1', 'console_scripts', 'torchrun')())
             ^^^^^^^^^^^^^^^^^^^^^^^^^^^^^^^^^^^^^^^^^^^^^^^^^^^^^^^^^^^^^^^^^
  File "/gpfs/home1/mbolding/.local/share/mamba/envs/visioncnn/lib/python3.11/site-packages/torch/distributed/elastic/multiprocessing/errors/__init__.py", line 355, in wrapper
    return f(*args, **kwargs)
           ^^^^^^^^^^^^^^^^^^
  File "/gpfs/home1/mbolding/.local/share/mamba/envs/visioncnn/lib/python3.11/site-packages/torch/distributed/run.py", line 919, in main
    run(args)
  File "/gpfs/home1/mbolding/.local/share/mamba/envs/visioncnn/lib/python3.11/site-packages/torch/distributed/run.py", line 910, in run
    elastic_launch(
  File "/gpfs/home1/mbolding/.local/share/mamba/envs/visioncnn/lib/python3.11/site-packages/torch/distributed/launcher/api.py", line 138, in __call__
    return launch_agent(self._config, self._entrypoint, list(args))
           ^^^^^^^^^^^^^^^^^^^^^^^^^^^^^^^^^^^^^^^^^^^^^^^^^^^^^^^^
  File "/gpfs/home1/mbolding/.local/share/mamba/envs/visioncnn/lib/python3.11/site-packages/torch/distributed/launcher/api.py", line 269, in launch_agent
    raise ChildFailedError(
torch.distributed.elastic.multiprocessing.errors.ChildFailedError: 
============================================================
scripts/train.py FAILED
------------------------------------------------------------
Failures:
  <NO_OTHER_FAILURES>
------------------------------------------------------------
Root Cause (first observed failure):
[0]:
  time      : 2026-03-16_15:02:09
  host      : gcn19.local.snellius.surf.nl
  rank      : 0 (local_rank: 0)
  exitcode  : 1 (pid: 2595913)
  error_file: <N/A>
  traceback : To enable traceback see: https://pytorch.org/docs/stable/elastic/errors.html
============================================================
srun: error: gcn19: task 0: Exited with exit code 1
srun: Terminating StepId=20769788.0
