[rank0]:[W316 14:11:46.826096089 ProcessGroupNCCL.cpp:4115] [PG ID 0 PG GUID 0 Rank 0]  using GPU 0 to perform barrier as devices used by this process are currently unknown. This can potentially cause a hang if this rank to GPU mapping is incorrect.Specify device_ids in barrier() to force use of a particular device,or call init_process_group() with a device_id.
2026-03-16 14:11:46,399 [INFO] Distributed: DistributedManager(rank=0, local_rank=0, world_size=1, device=cuda:0, is_distributed=True)
2026-03-16 14:11:46,401 [INFO] Config: {'experiment_name': 'resnet50_groupnorm_imagenet_ecoset_ecovalid_seed44', 'model': {'name': 'resnet50_custom', 'num_classes': 136, 'norm_layer': 'groupnorm'}, 'data': {'dataset': 'imagenet_ecoset136', 'root': '/scratch-nvme/ml-datasets/imagenet/torchvision_ImageFolder', 'img_size': 224, 'backend': 'pytorch', 'num_workers': 16, 'pin_memory': True, 'persistent_workers': True, 'prefetch_factor': 2, 'gpu_transforms': True, 'random_rotation': True, 'random_rotation_degrees': 15, 'color_jitter': True, 'color_jitter_brightness': 0.2, 'color_jitter_contrast': 0.2, 'color_jitter_saturation': 0.2, 'color_jitter_hue': 0.05, 'gaussian_blur': True, 'random_grayscale': True, 'random_grayscale_p': 0.1}, 'training': {'epochs': 25, 'batch_size': 256, 'lr': 0.001, 'min_lr': 1e-05, 'weight_decay': 0.05, 'optimizer': 'adamw', 'scheduler': 'cosine', 'label_smoothing': 0.1, 'use_amp': True, 'channels_last': True, 'seed': 44, 'checkpoint_schedule': [[10, 1], [20, 2], [25, 3]], 'disable_progress_bar': True}, 'logging': {'log_dir': 'logs'}, 'ood_eval': {'enabled': True, 'source_dataset': 'imagenet_ecoset136', 'datasets_root': '/scratch-nvme/ml-datasets', 'imagenet_c': {'during_training': True, 'corruptions_during_training': ['gaussian_noise', 'defocus_blur', 'fog', 'contrast'], 'severity_during_training': 3}, 'save_predictions': True}, 'wandb': {'enabled': True, 'project': 'norm-comparison', 'group': 'resnet50-imagenet-ecoset-ecovalid-norm-experiment', 'tags': ['a100', 'norm-experiment', 'imagenet_ecoset136', 'resnet50', 'ecovalid-aug', 'groupnorm', 'snellius']}, '_machine': {'log_dir': '/projects/prjs0771/melle/projects/visionCNN/logs'}}
2026-03-16 14:11:46,401 [INFO] Run directory: logs/resnet50_groupnorm_imagenet_ecoset_ecovalid_seed44
wandb: [wandb.login()] Loaded credentials for https://api.wandb.ai from /home/mbolding/.netrc.
wandb: Currently logged in as: mellebolding (mellebolding-university-of-amsterdam) to https://api.wandb.ai. Use `wandb login --relogin` to force relogin
wandb: setting up run nmta82m6
wandb: Tracking run with wandb version 0.25.0
wandb: Run data is saved locally in logs/resnet50_groupnorm_imagenet_ecoset_ecovalid_seed44/wandb/run-20260316_141146-nmta82m6
wandb: Run `wandb offline` to turn off syncing.
wandb: Syncing run resnet50_groupnorm_imagenet_ecoset_ecovalid_seed44
wandb: ⭐️ View project at https://wandb.ai/mellebolding-university-of-amsterdam/norm-comparison
wandb: 🚀 View run at https://wandb.ai/mellebolding-university-of-amsterdam/norm-comparison/runs/nmta82m6
2026-03-16 14:11:47,891 [INFO] Weights & Biases logging enabled
2026-03-16 14:11:47,895 [INFO] Set random seed: 44 (rank offset applied)
2026-03-16 14:11:47,895 [INFO] Using device: cuda:0
2026-03-16 14:11:47,895 [INFO] World size: 1
2026-03-16 14:11:48,247 [INFO] Model: resnet50_custom, Parameters: 23,786,696
2026-03-16 14:11:48,276 [INFO] Using channels-last (NHWC) memory format
2026-03-16 14:11:48,327 [INFO] Mixed precision training: True
2026-03-16 14:12:07,865 [INFO] Using GPU-accelerated transforms to reduce CPU bottleneck
2026-03-16 14:12:07,866 [INFO] Train samples: 176411, Val samples: 6800
2026-03-16 14:12:07,866 [INFO] Effective batch size: 256 (256 x 1 GPUs)
2026-03-16 14:12:11,093 [INFO] OOD evaluation enabled: 4 datasets loaded (imagenet_c_gaussian_noise_s3, imagenet_c_defocus_blur_s3, imagenet_c_fog_s3, imagenet_c_contrast_s3)
2026-03-16 14:12:11,095 [INFO] Saving per-image predictions to logs/resnet50_groupnorm_imagenet_ecoset_ecovalid_seed44/predictions
2026-03-16 14:12:11,095 [INFO] Starting training for 25 epochs...
2026-03-16 14:16:51,439 [INFO] Running OOD evaluation (epoch 1)...
2026-03-16 14:17:36,816 [INFO] OOD accuracies: imagenet_c_contrast_s3: 1.9%, imagenet_c_defocus_blur_s3: 2.3%, imagenet_c_fog_s3: 1.3%, imagenet_c_gaussian_noise_s3: 2.4%
2026-03-16 14:17:36,834 [INFO] Epoch 1/25 | Train Loss: 4.9082, Train Acc: 1.14% | Val Loss: 4.7702, Val Acc: 2.41% | LR: 0.000996 | Time: 325.7s
2026-03-16 14:17:37,101 [INFO] New best accuracy: 2.41%
2026-03-16 14:22:14,945 [INFO] Running OOD evaluation (epoch 2)...
2026-03-16 14:23:00,416 [INFO] OOD accuracies: imagenet_c_contrast_s3: 5.4%, imagenet_c_defocus_blur_s3: 6.8%, imagenet_c_fog_s3: 3.1%, imagenet_c_gaussian_noise_s3: 6.2%
2026-03-16 14:23:00,433 [INFO] Epoch 2/25 | Train Loss: 4.6727, Train Acc: 3.54% | Val Loss: 4.3980, Val Acc: 7.43% | LR: 0.000984 | Time: 320.5s
2026-03-16 14:23:00,682 [INFO] New best accuracy: 7.43%
2026-03-16 14:27:37,700 [INFO] Running OOD evaluation (epoch 3)...
2026-03-16 14:28:22,849 [INFO] OOD accuracies: imagenet_c_contrast_s3: 8.7%, imagenet_c_defocus_blur_s3: 10.6%, imagenet_c_fog_s3: 5.6%, imagenet_c_gaussian_noise_s3: 8.9%
2026-03-16 14:28:22,870 [INFO] Epoch 3/25 | Train Loss: 4.3544, Train Acc: 8.34% | Val Loss: 4.0944, Val Acc: 12.44% | LR: 0.000965 | Time: 320.4s
2026-03-16 14:28:23,118 [INFO] New best accuracy: 12.44%
2026-03-16 14:32:59,895 [INFO] Running OOD evaluation (epoch 4)...
2026-03-16 14:33:45,736 [INFO] OOD accuracies: imagenet_c_contrast_s3: 15.5%, imagenet_c_defocus_blur_s3: 14.9%, imagenet_c_fog_s3: 7.9%, imagenet_c_gaussian_noise_s3: 12.9%
2026-03-16 14:33:45,754 [INFO] Epoch 4/25 | Train Loss: 4.0939, Train Acc: 13.46% | Val Loss: 3.7949, Val Acc: 19.59% | LR: 0.000939 | Time: 321.0s
2026-03-16 14:33:46,006 [INFO] New best accuracy: 19.59%
2026-03-16 14:38:23,479 [INFO] Running OOD evaluation (epoch 5)...
2026-03-16 14:39:09,508 [INFO] OOD accuracies: imagenet_c_contrast_s3: 18.0%, imagenet_c_defocus_blur_s3: 16.5%, imagenet_c_fog_s3: 10.1%, imagenet_c_gaussian_noise_s3: 14.3%
2026-03-16 14:39:09,526 [INFO] Epoch 5/25 | Train Loss: 3.8562, Train Acc: 18.49% | Val Loss: 3.5421, Val Acc: 24.94% | LR: 0.000905 | Time: 321.9s
2026-03-16 14:39:09,844 [INFO] New best accuracy: 24.94%
2026-03-16 14:43:47,063 [INFO] Running OOD evaluation (epoch 6)...
2026-03-16 14:44:32,777 [INFO] OOD accuracies: imagenet_c_contrast_s3: 21.8%, imagenet_c_defocus_blur_s3: 22.7%, imagenet_c_fog_s3: 11.6%, imagenet_c_gaussian_noise_s3: 14.4%
2026-03-16 14:44:32,796 [INFO] Epoch 6/25 | Train Loss: 3.6688, Train Acc: 22.65% | Val Loss: 3.3668, Val Acc: 28.62% | LR: 0.000866 | Time: 321.3s
2026-03-16 14:44:33,045 [INFO] New best accuracy: 28.62%
2026-03-16 14:49:09,646 [INFO] Running OOD evaluation (epoch 7)...
2026-03-16 14:49:55,036 [INFO] OOD accuracies: imagenet_c_contrast_s3: 24.8%, imagenet_c_defocus_blur_s3: 23.4%, imagenet_c_fog_s3: 14.4%, imagenet_c_gaussian_noise_s3: 14.3%
2026-03-16 14:49:55,053 [INFO] Epoch 7/25 | Train Loss: 3.5026, Train Acc: 26.75% | Val Loss: 3.1801, Val Acc: 33.63% | LR: 0.000821 | Time: 320.3s
2026-03-16 14:49:55,300 [INFO] New best accuracy: 33.63%
2026-03-16 14:54:32,537 [INFO] Running OOD evaluation (epoch 8)...
2026-03-16 14:55:18,259 [INFO] OOD accuracies: imagenet_c_contrast_s3: 27.8%, imagenet_c_defocus_blur_s3: 27.7%, imagenet_c_fog_s3: 17.3%, imagenet_c_gaussian_noise_s3: 15.7%
2026-03-16 14:55:18,276 [INFO] Epoch 8/25 | Train Loss: 3.3668, Train Acc: 29.83% | Val Loss: 3.1344, Val Acc: 35.78% | LR: 0.000770 | Time: 321.3s
2026-03-16 14:55:18,523 [INFO] New best accuracy: 35.78%
2026-03-16 14:59:55,438 [INFO] Running OOD evaluation (epoch 9)...
2026-03-16 15:00:41,219 [INFO] OOD accuracies: imagenet_c_contrast_s3: 31.8%, imagenet_c_defocus_blur_s3: 27.2%, imagenet_c_fog_s3: 13.1%, imagenet_c_gaussian_noise_s3: 17.9%
Traceback (most recent call last):
  File "/gpfs/home1/mbolding/.local/share/mamba/envs/visioncnn/lib/python3.11/site-packages/numpy/lib/_npyio_impl.py", line 785, in _savez
    with zipf.open(fname, 'w', force_zip64=True) as fid:
  File "/gpfs/home1/mbolding/.local/share/mamba/envs/visioncnn/lib/python3.11/zipfile.py", line 1234, in close
    self._fileobj.seek(self._zinfo.header_offset)
OSError: [Errno 122] Disk quota exceeded

During handling of the above exception, another exception occurred:

Traceback (most recent call last):
  File "/gpfs/home1/mbolding/.local/share/mamba/envs/visioncnn/lib/python3.11/zipfile.py", line 1925, in close
    self.fp.seek(self.start_dir)
OSError: [Errno 122] Disk quota exceeded

During handling of the above exception, another exception occurred:

Traceback (most recent call last):
  File "/gpfs/home1/mbolding/visionCNN/scripts/train.py", line 836, in <module>
    main(args)
  File "/gpfs/home1/mbolding/visionCNN/scripts/train.py", line 712, in main
    save_predictions_to_file(
  File "/gpfs/home1/mbolding/visionCNN/src/evaluation/ood_eval.py", line 235, in save_predictions_to_file
    np.savez_compressed(filepath, **{
  File "/gpfs/home1/mbolding/.local/share/mamba/envs/visioncnn/lib/python3.11/site-packages/numpy/lib/_npyio_impl.py", line 753, in savez_compressed
    _savez(file, args, kwds, True, allow_pickle=allow_pickle)
  File "/gpfs/home1/mbolding/.local/share/mamba/envs/visioncnn/lib/python3.11/site-packages/numpy/lib/_npyio_impl.py", line 790, in _savez
    zipf.close()
  File "/gpfs/home1/mbolding/.local/share/mamba/envs/visioncnn/lib/python3.11/zipfile.py", line 1930, in close
    self._fpclose(fp)
  File "/gpfs/home1/mbolding/.local/share/mamba/envs/visioncnn/lib/python3.11/zipfile.py", line 2030, in _fpclose
    fp.close()
OSError: [Errno 122] Disk quota exceeded
[rank0]: Traceback (most recent call last):
[rank0]:   File "/gpfs/home1/mbolding/.local/share/mamba/envs/visioncnn/lib/python3.11/site-packages/numpy/lib/_npyio_impl.py", line 785, in _savez
[rank0]:     with zipf.open(fname, 'w', force_zip64=True) as fid:
[rank0]:   File "/gpfs/home1/mbolding/.local/share/mamba/envs/visioncnn/lib/python3.11/zipfile.py", line 1234, in close
[rank0]:     self._fileobj.seek(self._zinfo.header_offset)
[rank0]: OSError: [Errno 122] Disk quota exceeded

[rank0]: During handling of the above exception, another exception occurred:

[rank0]: Traceback (most recent call last):
[rank0]:   File "/gpfs/home1/mbolding/.local/share/mamba/envs/visioncnn/lib/python3.11/zipfile.py", line 1925, in close
[rank0]:     self.fp.seek(self.start_dir)
[rank0]: OSError: [Errno 122] Disk quota exceeded

[rank0]: During handling of the above exception, another exception occurred:

[rank0]: Traceback (most recent call last):
[rank0]:   File "/gpfs/home1/mbolding/visionCNN/scripts/train.py", line 836, in <module>
[rank0]:     main(args)
[rank0]:   File "/gpfs/home1/mbolding/visionCNN/scripts/train.py", line 712, in main
[rank0]:     save_predictions_to_file(
[rank0]:   File "/gpfs/home1/mbolding/visionCNN/src/evaluation/ood_eval.py", line 235, in save_predictions_to_file
[rank0]:     np.savez_compressed(filepath, **{
[rank0]:   File "/gpfs/home1/mbolding/.local/share/mamba/envs/visioncnn/lib/python3.11/site-packages/numpy/lib/_npyio_impl.py", line 753, in savez_compressed
[rank0]:     _savez(file, args, kwds, True, allow_pickle=allow_pickle)
[rank0]:   File "/gpfs/home1/mbolding/.local/share/mamba/envs/visioncnn/lib/python3.11/site-packages/numpy/lib/_npyio_impl.py", line 790, in _savez
[rank0]:     zipf.close()
[rank0]:   File "/gpfs/home1/mbolding/.local/share/mamba/envs/visioncnn/lib/python3.11/zipfile.py", line 1930, in close
[rank0]:     self._fpclose(fp)
[rank0]:   File "/gpfs/home1/mbolding/.local/share/mamba/envs/visioncnn/lib/python3.11/zipfile.py", line 2030, in _fpclose
[rank0]:     fp.close()
[rank0]: OSError: [Errno 122] Disk quota exceeded
E0316 15:03:25.135000 2842874 site-packages/torch/distributed/elastic/multiprocessing/api.py:869] failed (exitcode: 1) local_rank: 0 (pid: 2844322) of binary: /gpfs/home1/mbolding/.local/share/mamba/envs/visioncnn/bin/python
Traceback (most recent call last):
  File "/gpfs/home1/mbolding/.local/share/mamba/envs/visioncnn/bin/torchrun", line 33, in <module>
    sys.exit(load_entry_point('torch==2.5.1', 'console_scripts', 'torchrun')())
             ^^^^^^^^^^^^^^^^^^^^^^^^^^^^^^^^^^^^^^^^^^^^^^^^^^^^^^^^^^^^^^^^^
  File "/gpfs/home1/mbolding/.local/share/mamba/envs/visioncnn/lib/python3.11/site-packages/torch/distributed/elastic/multiprocessing/errors/__init__.py", line 355, in wrapper
    return f(*args, **kwargs)
           ^^^^^^^^^^^^^^^^^^
  File "/gpfs/home1/mbolding/.local/share/mamba/envs/visioncnn/lib/python3.11/site-packages/torch/distributed/run.py", line 919, in main
    run(args)
  File "/gpfs/home1/mbolding/.local/share/mamba/envs/visioncnn/lib/python3.11/site-packages/torch/distributed/run.py", line 910, in run
    elastic_launch(
  File "/gpfs/home1/mbolding/.local/share/mamba/envs/visioncnn/lib/python3.11/site-packages/torch/distributed/launcher/api.py", line 138, in __call__
    return launch_agent(self._config, self._entrypoint, list(args))
           ^^^^^^^^^^^^^^^^^^^^^^^^^^^^^^^^^^^^^^^^^^^^^^^^^^^^^^^^
  File "/gpfs/home1/mbolding/.local/share/mamba/envs/visioncnn/lib/python3.11/site-packages/torch/distributed/launcher/api.py", line 269, in launch_agent
    raise ChildFailedError(
torch.distributed.elastic.multiprocessing.errors.ChildFailedError: 
============================================================
scripts/train.py FAILED
------------------------------------------------------------
Failures:
  <NO_OTHER_FAILURES>
------------------------------------------------------------
Root Cause (first observed failure):
[0]:
  time      : 2026-03-16_15:03:25
  host      : gcn60.local.snellius.surf.nl
  rank      : 0 (local_rank: 0)
  exitcode  : 1 (pid: 2844322)
  error_file: <N/A>
  traceback : To enable traceback see: https://pytorch.org/docs/stable/elastic/errors.html
============================================================
srun: error: gcn60: task 0: Exited with exit code 1
srun: Terminating StepId=20769802.0
