[rank0]:[W316 11:28:37.803065741 ProcessGroupNCCL.cpp:4115] [PG ID 0 PG GUID 0 Rank 0]  using GPU 0 to perform barrier as devices used by this process are currently unknown. This can potentially cause a hang if this rank to GPU mapping is incorrect.Specify device_ids in barrier() to force use of a particular device,or call init_process_group() with a device_id.
2026-03-16 11:28:37,491 [INFO] Distributed: DistributedManager(rank=0, local_rank=0, world_size=1, device=cuda:0, is_distributed=True)
2026-03-16 11:28:37,493 [INFO] Config: {'experiment_name': 'resnet50_rmsnorm_imagenet_ecoset_ecovalid_seed46', 'model': {'name': 'resnet50_custom', 'num_classes': 136, 'norm_layer': 'rmsnorm'}, 'data': {'dataset': 'imagenet_ecoset136', 'root': '/scratch-nvme/ml-datasets/imagenet/torchvision_ImageFolder', 'img_size': 224, 'backend': 'pytorch', 'num_workers': 16, 'pin_memory': True, 'persistent_workers': True, 'prefetch_factor': 2, 'gpu_transforms': True, 'random_rotation': True, 'random_rotation_degrees': 15, 'color_jitter': True, 'color_jitter_brightness': 0.2, 'color_jitter_contrast': 0.2, 'color_jitter_saturation': 0.2, 'color_jitter_hue': 0.05, 'gaussian_blur': True, 'random_grayscale': True, 'random_grayscale_p': 0.1}, 'training': {'epochs': 25, 'batch_size': 256, 'lr': 0.001, 'min_lr': 1e-05, 'weight_decay': 0.05, 'optimizer': 'adamw', 'scheduler': 'cosine', 'label_smoothing': 0.1, 'use_amp': True, 'channels_last': True, 'seed': 46, 'checkpoint_schedule': [[10, 1], [20, 2], [25, 3]], 'disable_progress_bar': True}, 'logging': {'log_dir': 'logs'}, 'ood_eval': {'enabled': True, 'source_dataset': 'imagenet_ecoset136', 'datasets_root': '/scratch-nvme/ml-datasets', 'imagenet_c': {'during_training': True, 'corruptions_during_training': ['gaussian_noise', 'defocus_blur', 'fog', 'contrast'], 'severity_during_training': 3}, 'save_predictions': True}, 'wandb': {'enabled': True, 'project': 'norm-comparison', 'group': 'resnet50-imagenet-ecoset-ecovalid-norm-experiment', 'tags': ['imagenet_ecoset136', 'norm-experiment', 'rmsnorm', 'resnet50', 'snellius', 'ecovalid-aug', 'a100']}, '_machine': {'log_dir': '/projects/prjs0771/melle/projects/visionCNN/logs'}}
2026-03-16 11:28:37,494 [INFO] Run directory: logs/resnet50_rmsnorm_imagenet_ecoset_ecovalid_seed46
wandb: [wandb.login()] Loaded credentials for https://api.wandb.ai from /home/mbolding/.netrc.
wandb: Currently logged in as: mellebolding (mellebolding-university-of-amsterdam) to https://api.wandb.ai. Use `wandb login --relogin` to force relogin
wandb: setting up run mwex3u8q
wandb: Tracking run with wandb version 0.25.0
wandb: Run data is saved locally in logs/resnet50_rmsnorm_imagenet_ecoset_ecovalid_seed46/wandb/run-20260316_112837-mwex3u8q
wandb: Run `wandb offline` to turn off syncing.
wandb: Syncing run resnet50_rmsnorm_imagenet_ecoset_ecovalid_seed46
wandb: ⭐️ View project at https://wandb.ai/mellebolding-university-of-amsterdam/norm-comparison
wandb: 🚀 View run at https://wandb.ai/mellebolding-university-of-amsterdam/norm-comparison/runs/mwex3u8q
2026-03-16 11:28:38,940 [INFO] Weights & Biases logging enabled
2026-03-16 11:28:38,943 [INFO] Set random seed: 46 (rank offset applied)
2026-03-16 11:28:38,943 [INFO] Using device: cuda:0
2026-03-16 11:28:38,944 [INFO] World size: 1
2026-03-16 11:28:39,297 [INFO] Model: resnet50_custom, Parameters: 23,760,136
2026-03-16 11:28:39,327 [INFO] Using channels-last (NHWC) memory format
2026-03-16 11:28:39,368 [INFO] Mixed precision training: True
2026-03-16 11:29:14,025 [INFO] Using GPU-accelerated transforms to reduce CPU bottleneck
2026-03-16 11:29:14,026 [INFO] Train samples: 176411, Val samples: 6800
2026-03-16 11:29:14,026 [INFO] Effective batch size: 256 (256 x 1 GPUs)
2026-03-16 11:29:17,993 [INFO] OOD evaluation enabled: 4 datasets loaded (imagenet_c_gaussian_noise_s3, imagenet_c_defocus_blur_s3, imagenet_c_fog_s3, imagenet_c_contrast_s3)
2026-03-16 11:29:17,996 [INFO] Saving per-image predictions to logs/resnet50_rmsnorm_imagenet_ecoset_ecovalid_seed46/predictions
2026-03-16 11:29:17,996 [INFO] Starting training for 25 epochs...
2026-03-16 11:35:10,654 [INFO] Running OOD evaluation (epoch 1)...
2026-03-16 11:35:56,006 [INFO] OOD accuracies: imagenet_c_contrast_s3: 2.8%, imagenet_c_defocus_blur_s3: 4.7%, imagenet_c_fog_s3: 2.8%, imagenet_c_gaussian_noise_s3: 5.0%
2026-03-16 11:35:56,027 [INFO] Epoch 1/25 | Train Loss: 4.7994, Train Acc: 2.16% | Val Loss: 4.5317, Val Acc: 5.19% | LR: 0.000996 | Time: 398.0s
2026-03-16 11:35:56,427 [INFO] New best accuracy: 5.19%
2026-03-16 11:41:46,260 [INFO] Running OOD evaluation (epoch 2)...
2026-03-16 11:42:31,509 [INFO] OOD accuracies: imagenet_c_contrast_s3: 8.9%, imagenet_c_defocus_blur_s3: 12.2%, imagenet_c_fog_s3: 5.0%, imagenet_c_gaussian_noise_s3: 10.7%
2026-03-16 11:42:31,525 [INFO] Epoch 2/25 | Train Loss: 4.3958, Train Acc: 7.89% | Val Loss: 4.0626, Val Acc: 14.26% | LR: 0.000984 | Time: 391.5s
2026-03-16 11:42:31,768 [INFO] New best accuracy: 14.26%
2026-03-16 11:48:20,251 [INFO] Running OOD evaluation (epoch 3)...
2026-03-16 11:49:05,370 [INFO] OOD accuracies: imagenet_c_contrast_s3: 14.0%, imagenet_c_defocus_blur_s3: 16.7%, imagenet_c_fog_s3: 10.7%, imagenet_c_gaussian_noise_s3: 13.2%
2026-03-16 11:49:05,387 [INFO] Epoch 3/25 | Train Loss: 3.9920, Train Acc: 15.87% | Val Loss: 3.5910, Val Acc: 24.31% | LR: 0.000965 | Time: 391.7s
2026-03-16 11:49:05,627 [INFO] New best accuracy: 24.31%
2026-03-16 11:54:53,917 [INFO] Running OOD evaluation (epoch 4)...
2026-03-16 11:55:39,051 [INFO] OOD accuracies: imagenet_c_contrast_s3: 18.0%, imagenet_c_defocus_blur_s3: 21.9%, imagenet_c_fog_s3: 11.8%, imagenet_c_gaussian_noise_s3: 14.3%
2026-03-16 11:55:39,068 [INFO] Epoch 4/25 | Train Loss: 3.7027, Train Acc: 21.99% | Val Loss: 3.4903, Val Acc: 26.49% | LR: 0.000939 | Time: 391.8s
2026-03-16 11:55:39,310 [INFO] New best accuracy: 26.49%
2026-03-16 12:01:27,197 [INFO] Running OOD evaluation (epoch 5)...
2026-03-16 12:02:12,587 [INFO] OOD accuracies: imagenet_c_contrast_s3: 23.5%, imagenet_c_defocus_blur_s3: 22.1%, imagenet_c_fog_s3: 15.0%, imagenet_c_gaussian_noise_s3: 14.0%
2026-03-16 12:02:12,603 [INFO] Epoch 5/25 | Train Loss: 3.4918, Train Acc: 26.90% | Val Loss: 3.1661, Val Acc: 34.07% | LR: 0.000905 | Time: 391.7s
2026-03-16 12:02:12,849 [INFO] New best accuracy: 34.07%
2026-03-16 12:08:00,760 [INFO] Running OOD evaluation (epoch 6)...
2026-03-16 12:08:46,101 [INFO] OOD accuracies: imagenet_c_contrast_s3: 24.5%, imagenet_c_defocus_blur_s3: 27.2%, imagenet_c_fog_s3: 19.7%, imagenet_c_gaussian_noise_s3: 17.1%
2026-03-16 12:08:46,118 [INFO] Epoch 6/25 | Train Loss: 3.3282, Train Acc: 30.72% | Val Loss: 3.0234, Val Acc: 38.75% | LR: 0.000866 | Time: 391.7s
2026-03-16 12:08:46,363 [INFO] New best accuracy: 38.75%
2026-03-16 12:14:34,405 [INFO] Running OOD evaluation (epoch 7)...
2026-03-16 12:15:19,790 [INFO] OOD accuracies: imagenet_c_contrast_s3: 27.4%, imagenet_c_defocus_blur_s3: 27.1%, imagenet_c_fog_s3: 16.8%, imagenet_c_gaussian_noise_s3: 19.0%
2026-03-16 12:15:19,806 [INFO] Epoch 7/25 | Train Loss: 3.1977, Train Acc: 34.10% | Val Loss: 2.9592, Val Acc: 39.74% | LR: 0.000821 | Time: 391.9s
2026-03-16 12:15:20,048 [INFO] New best accuracy: 39.74%
2026-03-16 12:21:07,773 [INFO] Running OOD evaluation (epoch 8)...
2026-03-16 12:21:52,818 [INFO] OOD accuracies: imagenet_c_contrast_s3: 29.6%, imagenet_c_defocus_blur_s3: 29.1%, imagenet_c_fog_s3: 23.4%, imagenet_c_gaussian_noise_s3: 13.4%
2026-03-16 12:21:52,835 [INFO] Epoch 8/25 | Train Loss: 3.0762, Train Acc: 37.16% | Val Loss: 2.8205, Val Acc: 43.79% | LR: 0.000770 | Time: 391.2s
2026-03-16 12:21:53,079 [INFO] New best accuracy: 43.79%
2026-03-16 12:27:40,669 [INFO] Running OOD evaluation (epoch 9)...
2026-03-16 12:28:26,061 [INFO] OOD accuracies: imagenet_c_contrast_s3: 33.8%, imagenet_c_defocus_blur_s3: 29.9%, imagenet_c_fog_s3: 23.2%, imagenet_c_gaussian_noise_s3: 18.4%
2026-03-16 12:28:26,079 [INFO] Epoch 9/25 | Train Loss: 2.9732, Train Acc: 39.80% | Val Loss: 2.6792, Val Acc: 47.63% | LR: 0.000716 | Time: 391.4s
2026-03-16 12:28:26,401 [INFO] New best accuracy: 47.63%
2026-03-16 12:34:14,113 [INFO] Running OOD evaluation (epoch 10)...
2026-03-16 12:34:59,709 [INFO] OOD accuracies: imagenet_c_contrast_s3: 32.2%, imagenet_c_defocus_blur_s3: 34.0%, imagenet_c_fog_s3: 27.1%, imagenet_c_gaussian_noise_s3: 19.2%
2026-03-16 12:34:59,726 [INFO] Epoch 10/25 | Train Loss: 2.8790, Train Acc: 42.29% | Val Loss: 2.6559, Val Acc: 48.29% | LR: 0.000658 | Time: 391.7s
2026-03-16 12:34:59,966 [INFO] New best accuracy: 48.29%
2026-03-16 12:40:41,770 [INFO] Epoch 11/25 | Train Loss: 2.7970, Train Acc: 44.44% | (validation skipped) | LR: 0.000598 | Time: 340.1s
2026-03-16 12:46:28,165 [INFO] Running OOD evaluation (epoch 12)...
2026-03-16 12:47:13,502 [INFO] OOD accuracies: imagenet_c_contrast_s3: 38.9%, imagenet_c_defocus_blur_s3: 33.8%, imagenet_c_fog_s3: 28.3%, imagenet_c_gaussian_noise_s3: 17.3%
Traceback (most recent call last):
  File "/gpfs/home1/mbolding/.local/share/mamba/envs/visioncnn/lib/python3.11/site-packages/numpy/lib/_npyio_impl.py", line 785, in _savez
    with zipf.open(fname, 'w', force_zip64=True) as fid:
  File "/gpfs/home1/mbolding/.local/share/mamba/envs/visioncnn/lib/python3.11/zipfile.py", line 1234, in close
    self._fileobj.seek(self._zinfo.header_offset)
OSError: [Errno 122] Disk quota exceeded

During handling of the above exception, another exception occurred:

Traceback (most recent call last):
  File "/gpfs/home1/mbolding/.local/share/mamba/envs/visioncnn/lib/python3.11/zipfile.py", line 1925, in close
    self.fp.seek(self.start_dir)
OSError: [Errno 122] Disk quota exceeded

During handling of the above exception, another exception occurred:

Traceback (most recent call last):
  File "/gpfs/home1/mbolding/visionCNN/scripts/train.py", line 836, in <module>
    main(args)
  File "/gpfs/home1/mbolding/visionCNN/scripts/train.py", line 712, in main
    save_predictions_to_file(
  File "/gpfs/home1/mbolding/visionCNN/src/evaluation/ood_eval.py", line 235, in save_predictions_to_file
    np.savez_compressed(filepath, **{
  File "/gpfs/home1/mbolding/.local/share/mamba/envs/visioncnn/lib/python3.11/site-packages/numpy/lib/_npyio_impl.py", line 753, in savez_compressed
    _savez(file, args, kwds, True, allow_pickle=allow_pickle)
  File "/gpfs/home1/mbolding/.local/share/mamba/envs/visioncnn/lib/python3.11/site-packages/numpy/lib/_npyio_impl.py", line 790, in _savez
    zipf.close()
  File "/gpfs/home1/mbolding/.local/share/mamba/envs/visioncnn/lib/python3.11/zipfile.py", line 1930, in close
    self._fpclose(fp)
  File "/gpfs/home1/mbolding/.local/share/mamba/envs/visioncnn/lib/python3.11/zipfile.py", line 2030, in _fpclose
    fp.close()
OSError: [Errno 122] Disk quota exceeded
[rank0]: Traceback (most recent call last):
[rank0]:   File "/gpfs/home1/mbolding/.local/share/mamba/envs/visioncnn/lib/python3.11/site-packages/numpy/lib/_npyio_impl.py", line 785, in _savez
[rank0]:     with zipf.open(fname, 'w', force_zip64=True) as fid:
[rank0]:   File "/gpfs/home1/mbolding/.local/share/mamba/envs/visioncnn/lib/python3.11/zipfile.py", line 1234, in close
[rank0]:     self._fileobj.seek(self._zinfo.header_offset)
[rank0]: OSError: [Errno 122] Disk quota exceeded

[rank0]: During handling of the above exception, another exception occurred:

[rank0]: Traceback (most recent call last):
[rank0]:   File "/gpfs/home1/mbolding/.local/share/mamba/envs/visioncnn/lib/python3.11/zipfile.py", line 1925, in close
[rank0]:     self.fp.seek(self.start_dir)
[rank0]: OSError: [Errno 122] Disk quota exceeded

[rank0]: During handling of the above exception, another exception occurred:

[rank0]: Traceback (most recent call last):
[rank0]:   File "/gpfs/home1/mbolding/visionCNN/scripts/train.py", line 836, in <module>
[rank0]:     main(args)
[rank0]:   File "/gpfs/home1/mbolding/visionCNN/scripts/train.py", line 712, in main
[rank0]:     save_predictions_to_file(
[rank0]:   File "/gpfs/home1/mbolding/visionCNN/src/evaluation/ood_eval.py", line 235, in save_predictions_to_file
[rank0]:     np.savez_compressed(filepath, **{
[rank0]:   File "/gpfs/home1/mbolding/.local/share/mamba/envs/visioncnn/lib/python3.11/site-packages/numpy/lib/_npyio_impl.py", line 753, in savez_compressed
[rank0]:     _savez(file, args, kwds, True, allow_pickle=allow_pickle)
[rank0]:   File "/gpfs/home1/mbolding/.local/share/mamba/envs/visioncnn/lib/python3.11/site-packages/numpy/lib/_npyio_impl.py", line 790, in _savez
[rank0]:     zipf.close()
[rank0]:   File "/gpfs/home1/mbolding/.local/share/mamba/envs/visioncnn/lib/python3.11/zipfile.py", line 1930, in close
[rank0]:     self._fpclose(fp)
[rank0]:   File "/gpfs/home1/mbolding/.local/share/mamba/envs/visioncnn/lib/python3.11/zipfile.py", line 2030, in _fpclose
[rank0]:     fp.close()
[rank0]: OSError: [Errno 122] Disk quota exceeded
E0316 12:49:57.824000 3532113 site-packages/torch/distributed/elastic/multiprocessing/api.py:869] failed (exitcode: 1) local_rank: 0 (pid: 3532583) of binary: /gpfs/home1/mbolding/.local/share/mamba/envs/visioncnn/bin/python
Traceback (most recent call last):
  File "/gpfs/home1/mbolding/.local/share/mamba/envs/visioncnn/bin/torchrun", line 33, in <module>
    sys.exit(load_entry_point('torch==2.5.1', 'console_scripts', 'torchrun')())
             ^^^^^^^^^^^^^^^^^^^^^^^^^^^^^^^^^^^^^^^^^^^^^^^^^^^^^^^^^^^^^^^^^
  File "/gpfs/home1/mbolding/.local/share/mamba/envs/visioncnn/lib/python3.11/site-packages/torch/distributed/elastic/multiprocessing/errors/__init__.py", line 355, in wrapper
    return f(*args, **kwargs)
           ^^^^^^^^^^^^^^^^^^
  File "/gpfs/home1/mbolding/.local/share/mamba/envs/visioncnn/lib/python3.11/site-packages/torch/distributed/run.py", line 919, in main
    run(args)
  File "/gpfs/home1/mbolding/.local/share/mamba/envs/visioncnn/lib/python3.11/site-packages/torch/distributed/run.py", line 910, in run
    elastic_launch(
  File "/gpfs/home1/mbolding/.local/share/mamba/envs/visioncnn/lib/python3.11/site-packages/torch/distributed/launcher/api.py", line 138, in __call__
    return launch_agent(self._config, self._entrypoint, list(args))
           ^^^^^^^^^^^^^^^^^^^^^^^^^^^^^^^^^^^^^^^^^^^^^^^^^^^^^^^^
  File "/gpfs/home1/mbolding/.local/share/mamba/envs/visioncnn/lib/python3.11/site-packages/torch/distributed/launcher/api.py", line 269, in launch_agent
    raise ChildFailedError(
torch.distributed.elastic.multiprocessing.errors.ChildFailedError: 
============================================================
scripts/train.py FAILED
------------------------------------------------------------
Failures:
  <NO_OTHER_FAILURES>
------------------------------------------------------------
Root Cause (first observed failure):
[0]:
  time      : 2026-03-16_12:49:57
  host      : gcn67.local.snellius.surf.nl
  rank      : 0 (local_rank: 0)
  exitcode  : 1 (pid: 3532583)
  error_file: <N/A>
  traceback : To enable traceback see: https://pytorch.org/docs/stable/elastic/errors.html
============================================================
srun: error: gcn67: task 0: Exited with exit code 1
srun: Terminating StepId=20761758.0
