[rank0]:[W316 14:11:56.170677220 ProcessGroupNCCL.cpp:4115] [PG ID 0 PG GUID 0 Rank 0]  using GPU 0 to perform barrier as devices used by this process are currently unknown. This can potentially cause a hang if this rank to GPU mapping is incorrect.Specify device_ids in barrier() to force use of a particular device,or call init_process_group() with a device_id.
2026-03-16 14:11:56,503 [INFO] Distributed: DistributedManager(rank=0, local_rank=0, world_size=1, device=cuda:0, is_distributed=True)
2026-03-16 14:11:56,504 [INFO] Config: {'experiment_name': 'resnet50_groupnorm_imagenet_ecoset_ecovalid_seed42', 'model': {'name': 'resnet50_custom', 'num_classes': 136, 'norm_layer': 'groupnorm'}, 'data': {'dataset': 'imagenet_ecoset136', 'root': '/scratch-nvme/ml-datasets/imagenet/torchvision_ImageFolder', 'img_size': 224, 'backend': 'pytorch', 'num_workers': 16, 'pin_memory': True, 'persistent_workers': True, 'prefetch_factor': 2, 'gpu_transforms': True, 'random_rotation': True, 'random_rotation_degrees': 15, 'color_jitter': True, 'color_jitter_brightness': 0.2, 'color_jitter_contrast': 0.2, 'color_jitter_saturation': 0.2, 'color_jitter_hue': 0.05, 'gaussian_blur': True, 'random_grayscale': True, 'random_grayscale_p': 0.1}, 'training': {'epochs': 25, 'batch_size': 256, 'lr': 0.001, 'min_lr': 1e-05, 'weight_decay': 0.05, 'optimizer': 'adamw', 'scheduler': 'cosine', 'label_smoothing': 0.1, 'use_amp': True, 'channels_last': True, 'seed': 42, 'checkpoint_schedule': [[10, 1], [20, 2], [25, 3]], 'disable_progress_bar': True}, 'logging': {'log_dir': 'logs'}, 'ood_eval': {'enabled': True, 'source_dataset': 'imagenet_ecoset136', 'datasets_root': '/scratch-nvme/ml-datasets', 'imagenet_c': {'during_training': True, 'corruptions_during_training': ['gaussian_noise', 'defocus_blur', 'fog', 'contrast'], 'severity_during_training': 3}, 'save_predictions': True}, 'wandb': {'enabled': True, 'project': 'norm-comparison', 'group': 'resnet50-imagenet-ecoset-ecovalid-norm-experiment', 'tags': ['ecovalid-aug', 'imagenet_ecoset136', 'norm-experiment', 'groupnorm', 'resnet50', 'snellius', 'a100']}, '_machine': {'log_dir': '/projects/prjs0771/melle/projects/visionCNN/logs'}}
2026-03-16 14:11:56,505 [INFO] Run directory: logs/resnet50_groupnorm_imagenet_ecoset_ecovalid_seed42
wandb: [wandb.login()] Loaded credentials for https://api.wandb.ai from /home/mbolding/.netrc.
wandb: Currently logged in as: mellebolding (mellebolding-university-of-amsterdam) to https://api.wandb.ai. Use `wandb login --relogin` to force relogin
wandb: setting up run 0wwit0j9
wandb: Tracking run with wandb version 0.25.0
wandb: Run data is saved locally in logs/resnet50_groupnorm_imagenet_ecoset_ecovalid_seed42/wandb/run-20260316_141156-0wwit0j9
wandb: Run `wandb offline` to turn off syncing.
wandb: Syncing run resnet50_groupnorm_imagenet_ecoset_ecovalid_seed42
wandb: ⭐️ View project at https://wandb.ai/mellebolding-university-of-amsterdam/norm-comparison
wandb: 🚀 View run at https://wandb.ai/mellebolding-university-of-amsterdam/norm-comparison/runs/0wwit0j9
2026-03-16 14:11:57,958 [INFO] Weights & Biases logging enabled
2026-03-16 14:11:57,961 [INFO] Set random seed: 42 (rank offset applied)
2026-03-16 14:11:57,961 [INFO] Using device: cuda:0
2026-03-16 14:11:57,962 [INFO] World size: 1
2026-03-16 14:11:58,301 [INFO] Model: resnet50_custom, Parameters: 23,786,696
2026-03-16 14:11:58,332 [INFO] Using channels-last (NHWC) memory format
2026-03-16 14:11:58,368 [INFO] Mixed precision training: True
2026-03-16 14:12:15,444 [INFO] Using GPU-accelerated transforms to reduce CPU bottleneck
2026-03-16 14:12:15,444 [INFO] Train samples: 176411, Val samples: 6800
2026-03-16 14:12:15,444 [INFO] Effective batch size: 256 (256 x 1 GPUs)
2026-03-16 14:12:18,731 [INFO] OOD evaluation enabled: 4 datasets loaded (imagenet_c_gaussian_noise_s3, imagenet_c_defocus_blur_s3, imagenet_c_fog_s3, imagenet_c_contrast_s3)
2026-03-16 14:12:18,732 [INFO] Saving per-image predictions to logs/resnet50_groupnorm_imagenet_ecoset_ecovalid_seed42/predictions
2026-03-16 14:12:18,732 [INFO] Starting training for 25 epochs...
2026-03-16 14:16:58,577 [INFO] Running OOD evaluation (epoch 1)...
2026-03-16 14:17:43,425 [INFO] OOD accuracies: imagenet_c_contrast_s3: 1.2%, imagenet_c_defocus_blur_s3: 1.2%, imagenet_c_fog_s3: 0.8%, imagenet_c_gaussian_noise_s3: 1.1%
2026-03-16 14:17:43,442 [INFO] Epoch 1/25 | Train Loss: 4.9309, Train Acc: 0.79% | Val Loss: 4.8957, Val Acc: 1.16% | LR: 0.000996 | Time: 324.7s
2026-03-16 14:17:43,697 [INFO] New best accuracy: 1.16%
2026-03-16 14:22:21,499 [INFO] Running OOD evaluation (epoch 2)...
2026-03-16 14:23:06,827 [INFO] OOD accuracies: imagenet_c_contrast_s3: 1.8%, imagenet_c_defocus_blur_s3: 2.1%, imagenet_c_fog_s3: 1.3%, imagenet_c_gaussian_noise_s3: 2.1%
2026-03-16 14:23:06,843 [INFO] Epoch 2/25 | Train Loss: 4.8162, Train Acc: 1.78% | Val Loss: 4.7501, Val Acc: 2.15% | LR: 0.000984 | Time: 320.3s
2026-03-16 14:23:07,090 [INFO] New best accuracy: 2.15%
2026-03-16 14:27:43,778 [INFO] Running OOD evaluation (epoch 3)...
2026-03-16 14:28:28,999 [INFO] OOD accuracies: imagenet_c_contrast_s3: 4.4%, imagenet_c_defocus_blur_s3: 4.0%, imagenet_c_fog_s3: 2.9%, imagenet_c_gaussian_noise_s3: 2.7%
2026-03-16 14:28:29,015 [INFO] Epoch 3/25 | Train Loss: 4.6108, Train Acc: 3.95% | Val Loss: 4.4141, Val Acc: 6.37% | LR: 0.000965 | Time: 320.3s
2026-03-16 14:28:29,263 [INFO] New best accuracy: 6.37%
2026-03-16 14:33:06,179 [INFO] Running OOD evaluation (epoch 4)...
2026-03-16 14:33:51,838 [INFO] OOD accuracies: imagenet_c_contrast_s3: 8.3%, imagenet_c_defocus_blur_s3: 8.5%, imagenet_c_fog_s3: 6.1%, imagenet_c_gaussian_noise_s3: 5.0%
2026-03-16 14:33:51,855 [INFO] Epoch 4/25 | Train Loss: 4.2994, Train Acc: 8.61% | Val Loss: 4.1665, Val Acc: 10.82% | LR: 0.000939 | Time: 320.9s
2026-03-16 14:33:52,104 [INFO] New best accuracy: 10.82%
2026-03-16 14:38:28,641 [INFO] Running OOD evaluation (epoch 5)...
2026-03-16 14:39:14,310 [INFO] OOD accuracies: imagenet_c_contrast_s3: 11.8%, imagenet_c_defocus_blur_s3: 11.6%, imagenet_c_fog_s3: 7.5%, imagenet_c_gaussian_noise_s3: 7.1%
2026-03-16 14:39:14,327 [INFO] Epoch 5/25 | Train Loss: 4.0780, Train Acc: 13.08% | Val Loss: 3.8918, Val Acc: 16.47% | LR: 0.000905 | Time: 320.6s
2026-03-16 14:39:14,574 [INFO] New best accuracy: 16.47%
2026-03-16 14:43:51,137 [INFO] Running OOD evaluation (epoch 6)...
2026-03-16 14:44:37,117 [INFO] OOD accuracies: imagenet_c_contrast_s3: 14.7%, imagenet_c_defocus_blur_s3: 17.0%, imagenet_c_fog_s3: 9.1%, imagenet_c_gaussian_noise_s3: 6.9%
2026-03-16 14:44:37,136 [INFO] Epoch 6/25 | Train Loss: 3.8855, Train Acc: 17.30% | Val Loss: 3.7714, Val Acc: 19.50% | LR: 0.000866 | Time: 320.9s
2026-03-16 14:44:37,387 [INFO] New best accuracy: 19.50%
2026-03-16 14:49:14,040 [INFO] Running OOD evaluation (epoch 7)...
2026-03-16 14:49:59,738 [INFO] OOD accuracies: imagenet_c_contrast_s3: 18.1%, imagenet_c_defocus_blur_s3: 16.5%, imagenet_c_fog_s3: 14.2%, imagenet_c_gaussian_noise_s3: 8.4%
2026-03-16 14:49:59,755 [INFO] Epoch 7/25 | Train Loss: 3.7223, Train Acc: 21.05% | Val Loss: 3.4954, Val Acc: 24.97% | LR: 0.000821 | Time: 320.7s
2026-03-16 14:50:00,007 [INFO] New best accuracy: 24.97%
2026-03-16 14:54:36,856 [INFO] Running OOD evaluation (epoch 8)...
2026-03-16 14:55:22,723 [INFO] OOD accuracies: imagenet_c_contrast_s3: 23.0%, imagenet_c_defocus_blur_s3: 21.5%, imagenet_c_fog_s3: 15.2%, imagenet_c_gaussian_noise_s3: 10.9%
2026-03-16 14:55:22,740 [INFO] Epoch 8/25 | Train Loss: 3.5900, Train Acc: 24.18% | Val Loss: 3.3493, Val Acc: 28.59% | LR: 0.000770 | Time: 321.0s
2026-03-16 14:55:22,988 [INFO] New best accuracy: 28.59%
2026-03-16 14:59:59,840 [INFO] Running OOD evaluation (epoch 9)...
2026-03-16 15:00:45,479 [INFO] OOD accuracies: imagenet_c_contrast_s3: 25.6%, imagenet_c_defocus_blur_s3: 22.8%, imagenet_c_fog_s3: 17.2%, imagenet_c_gaussian_noise_s3: 11.5%
Traceback (most recent call last):
  File "/gpfs/home1/mbolding/.local/share/mamba/envs/visioncnn/lib/python3.11/site-packages/numpy/lib/_npyio_impl.py", line 785, in _savez
    with zipf.open(fname, 'w', force_zip64=True) as fid:
  File "/gpfs/home1/mbolding/.local/share/mamba/envs/visioncnn/lib/python3.11/zipfile.py", line 1234, in close
    self._fileobj.seek(self._zinfo.header_offset)
OSError: [Errno 122] Disk quota exceeded

During handling of the above exception, another exception occurred:

Traceback (most recent call last):
  File "/gpfs/home1/mbolding/.local/share/mamba/envs/visioncnn/lib/python3.11/zipfile.py", line 1925, in close
    self.fp.seek(self.start_dir)
OSError: [Errno 122] Disk quota exceeded

During handling of the above exception, another exception occurred:

Traceback (most recent call last):
  File "/gpfs/home1/mbolding/visionCNN/scripts/train.py", line 836, in <module>
    main(args)
  File "/gpfs/home1/mbolding/visionCNN/scripts/train.py", line 712, in main
    save_predictions_to_file(
  File "/gpfs/home1/mbolding/visionCNN/src/evaluation/ood_eval.py", line 235, in save_predictions_to_file
    np.savez_compressed(filepath, **{
  File "/gpfs/home1/mbolding/.local/share/mamba/envs/visioncnn/lib/python3.11/site-packages/numpy/lib/_npyio_impl.py", line 753, in savez_compressed
    _savez(file, args, kwds, True, allow_pickle=allow_pickle)
  File "/gpfs/home1/mbolding/.local/share/mamba/envs/visioncnn/lib/python3.11/site-packages/numpy/lib/_npyio_impl.py", line 790, in _savez
    zipf.close()
  File "/gpfs/home1/mbolding/.local/share/mamba/envs/visioncnn/lib/python3.11/zipfile.py", line 1930, in close
    self._fpclose(fp)
  File "/gpfs/home1/mbolding/.local/share/mamba/envs/visioncnn/lib/python3.11/zipfile.py", line 2030, in _fpclose
    fp.close()
OSError: [Errno 122] Disk quota exceeded
[rank0]: Traceback (most recent call last):
[rank0]:   File "/gpfs/home1/mbolding/.local/share/mamba/envs/visioncnn/lib/python3.11/site-packages/numpy/lib/_npyio_impl.py", line 785, in _savez
[rank0]:     with zipf.open(fname, 'w', force_zip64=True) as fid:
[rank0]:   File "/gpfs/home1/mbolding/.local/share/mamba/envs/visioncnn/lib/python3.11/zipfile.py", line 1234, in close
[rank0]:     self._fileobj.seek(self._zinfo.header_offset)
[rank0]: OSError: [Errno 122] Disk quota exceeded

[rank0]: During handling of the above exception, another exception occurred:

[rank0]: Traceback (most recent call last):
[rank0]:   File "/gpfs/home1/mbolding/.local/share/mamba/envs/visioncnn/lib/python3.11/zipfile.py", line 1925, in close
[rank0]:     self.fp.seek(self.start_dir)
[rank0]: OSError: [Errno 122] Disk quota exceeded

[rank0]: During handling of the above exception, another exception occurred:

[rank0]: Traceback (most recent call last):
[rank0]:   File "/gpfs/home1/mbolding/visionCNN/scripts/train.py", line 836, in <module>
[rank0]:     main(args)
[rank0]:   File "/gpfs/home1/mbolding/visionCNN/scripts/train.py", line 712, in main
[rank0]:     save_predictions_to_file(
[rank0]:   File "/gpfs/home1/mbolding/visionCNN/src/evaluation/ood_eval.py", line 235, in save_predictions_to_file
[rank0]:     np.savez_compressed(filepath, **{
[rank0]:   File "/gpfs/home1/mbolding/.local/share/mamba/envs/visioncnn/lib/python3.11/site-packages/numpy/lib/_npyio_impl.py", line 753, in savez_compressed
[rank0]:     _savez(file, args, kwds, True, allow_pickle=allow_pickle)
[rank0]:   File "/gpfs/home1/mbolding/.local/share/mamba/envs/visioncnn/lib/python3.11/site-packages/numpy/lib/_npyio_impl.py", line 790, in _savez
[rank0]:     zipf.close()
[rank0]:   File "/gpfs/home1/mbolding/.local/share/mamba/envs/visioncnn/lib/python3.11/zipfile.py", line 1930, in close
[rank0]:     self._fpclose(fp)
[rank0]:   File "/gpfs/home1/mbolding/.local/share/mamba/envs/visioncnn/lib/python3.11/zipfile.py", line 2030, in _fpclose
[rank0]:     fp.close()
[rank0]: OSError: [Errno 122] Disk quota exceeded
E0316 15:03:28.799000 172437 site-packages/torch/distributed/elastic/multiprocessing/api.py:869] failed (exitcode: 1) local_rank: 0 (pid: 172450) of binary: /gpfs/home1/mbolding/.local/share/mamba/envs/visioncnn/bin/python
Traceback (most recent call last):
  File "/gpfs/home1/mbolding/.local/share/mamba/envs/visioncnn/bin/torchrun", line 33, in <module>
    sys.exit(load_entry_point('torch==2.5.1', 'console_scripts', 'torchrun')())
             ^^^^^^^^^^^^^^^^^^^^^^^^^^^^^^^^^^^^^^^^^^^^^^^^^^^^^^^^^^^^^^^^^
  File "/gpfs/home1/mbolding/.local/share/mamba/envs/visioncnn/lib/python3.11/site-packages/torch/distributed/elastic/multiprocessing/errors/__init__.py", line 355, in wrapper
    return f(*args, **kwargs)
           ^^^^^^^^^^^^^^^^^^
  File "/gpfs/home1/mbolding/.local/share/mamba/envs/visioncnn/lib/python3.11/site-packages/torch/distributed/run.py", line 919, in main
    run(args)
  File "/gpfs/home1/mbolding/.local/share/mamba/envs/visioncnn/lib/python3.11/site-packages/torch/distributed/run.py", line 910, in run
    elastic_launch(
  File "/gpfs/home1/mbolding/.local/share/mamba/envs/visioncnn/lib/python3.11/site-packages/torch/distributed/launcher/api.py", line 138, in __call__
    return launch_agent(self._config, self._entrypoint, list(args))
           ^^^^^^^^^^^^^^^^^^^^^^^^^^^^^^^^^^^^^^^^^^^^^^^^^^^^^^^^
  File "/gpfs/home1/mbolding/.local/share/mamba/envs/visioncnn/lib/python3.11/site-packages/torch/distributed/launcher/api.py", line 269, in launch_agent
    raise ChildFailedError(
torch.distributed.elastic.multiprocessing.errors.ChildFailedError: 
============================================================
scripts/train.py FAILED
------------------------------------------------------------
Failures:
  <NO_OTHER_FAILURES>
------------------------------------------------------------
Root Cause (first observed failure):
[0]:
  time      : 2026-03-16_15:03:28
  host      : gcn55.local.snellius.surf.nl
  rank      : 0 (local_rank: 0)
  exitcode  : 1 (pid: 172450)
  error_file: <N/A>
  traceback : To enable traceback see: https://pytorch.org/docs/stable/elastic/errors.html
============================================================
srun: error: gcn55: task 0: Exited with exit code 1
srun: Terminating StepId=20769798.0
