[rank0]:[W316 14:11:46.693826667 ProcessGroupNCCL.cpp:4115] [PG ID 0 PG GUID 0 Rank 0]  using GPU 0 to perform barrier as devices used by this process are currently unknown. This can potentially cause a hang if this rank to GPU mapping is incorrect.Specify device_ids in barrier() to force use of a particular device,or call init_process_group() with a device_id.
2026-03-16 14:11:46,742 [INFO] Distributed: DistributedManager(rank=0, local_rank=0, world_size=1, device=cuda:0, is_distributed=True)
2026-03-16 14:11:46,746 [INFO] Config: {'experiment_name': 'resnet50_batchnorm_imagenet_ecoset_ecovalid_seed43', 'model': {'name': 'resnet50_custom', 'num_classes': 136, 'norm_layer': 'batchnorm'}, 'data': {'dataset': 'imagenet_ecoset136', 'root': '/scratch-nvme/ml-datasets/imagenet/torchvision_ImageFolder', 'img_size': 224, 'backend': 'pytorch', 'num_workers': 16, 'pin_memory': True, 'persistent_workers': True, 'prefetch_factor': 2, 'gpu_transforms': True, 'random_rotation': True, 'random_rotation_degrees': 15, 'color_jitter': True, 'color_jitter_brightness': 0.2, 'color_jitter_contrast': 0.2, 'color_jitter_saturation': 0.2, 'color_jitter_hue': 0.05, 'gaussian_blur': True, 'random_grayscale': True, 'random_grayscale_p': 0.1}, 'training': {'epochs': 25, 'batch_size': 256, 'val_batch_size': 512, 'lr': 0.001, 'min_lr': 1e-05, 'weight_decay': 0.05, 'optimizer': 'adamw', 'scheduler': 'cosine', 'label_smoothing': 0.1, 'use_amp': True, 'channels_last': True, 'seed': 43, 'checkpoint_schedule': [[10, 1], [20, 2], [25, 3]], 'disable_progress_bar': True}, 'logging': {'log_dir': 'logs'}, 'ood_eval': {'enabled': True, 'source_dataset': 'imagenet_ecoset136', 'datasets_root': '/scratch-nvme/ml-datasets', 'bn_adapt': True, 'imagenet_c': {'during_training': True, 'corruptions_during_training': ['gaussian_noise', 'defocus_blur', 'fog', 'contrast'], 'severity_during_training': 3}, 'save_predictions': True}, 'wandb': {'enabled': True, 'project': 'norm-comparison', 'group': 'resnet50-imagenet-ecoset-ecovalid-norm-experiment', 'tags': ['ecovalid-aug', 'norm-experiment', 'batchnorm', 'snellius', 'imagenet_ecoset136', 'a100', 'resnet50']}, '_machine': {'log_dir': '/projects/prjs0771/melle/projects/visionCNN/logs'}}
2026-03-16 14:11:46,754 [INFO] Run directory: logs/resnet50_batchnorm_imagenet_ecoset_ecovalid_seed43
wandb: [wandb.login()] Loaded credentials for https://api.wandb.ai from /home/mbolding/.netrc.
wandb: Currently logged in as: mellebolding (mellebolding-university-of-amsterdam) to https://api.wandb.ai. Use `wandb login --relogin` to force relogin
wandb: setting up run 35zp3kfs
wandb: Tracking run with wandb version 0.25.0
wandb: Run data is saved locally in logs/resnet50_batchnorm_imagenet_ecoset_ecovalid_seed43/wandb/run-20260316_141147-35zp3kfs
wandb: Run `wandb offline` to turn off syncing.
wandb: Syncing run resnet50_batchnorm_imagenet_ecoset_ecovalid_seed43
wandb: ⭐️ View project at https://wandb.ai/mellebolding-university-of-amsterdam/norm-comparison
wandb: 🚀 View run at https://wandb.ai/mellebolding-university-of-amsterdam/norm-comparison/runs/35zp3kfs
2026-03-16 14:11:48,809 [INFO] Weights & Biases logging enabled
2026-03-16 14:11:48,818 [INFO] Set random seed: 43 (rank offset applied)
2026-03-16 14:11:48,818 [INFO] Using device: cuda:0
2026-03-16 14:11:48,818 [INFO] World size: 1
2026-03-16 14:11:49,156 [INFO] Model: resnet50_custom, Parameters: 23,786,696
2026-03-16 14:11:49,191 [INFO] Using channels-last (NHWC) memory format
2026-03-16 14:11:49,232 [INFO] Mixed precision training: True
2026-03-16 14:13:18,550 [INFO] Using GPU-accelerated transforms to reduce CPU bottleneck
2026-03-16 14:13:18,550 [INFO] Train samples: 176411, Val samples: 6800
2026-03-16 14:13:18,550 [INFO] Effective batch size: 256 (256 x 1 GPUs)
2026-03-16 14:13:56,421 [INFO] OOD evaluation enabled: 4 datasets loaded (imagenet_c_gaussian_noise_s3, imagenet_c_defocus_blur_s3, imagenet_c_fog_s3, imagenet_c_contrast_s3)
2026-03-16 14:13:56,424 [INFO] Saving per-image predictions to logs/resnet50_batchnorm_imagenet_ecoset_ecovalid_seed43/predictions
2026-03-16 14:13:56,424 [INFO] Starting training for 25 epochs...
2026-03-16 14:17:42,043 [INFO] Running OOD evaluation (epoch 1)...
2026-03-16 14:18:30,292 [INFO] OOD accuracies: imagenet_c_contrast_s3: 5.3%, imagenet_c_defocus_blur_s3: 7.0%, imagenet_c_fog_s3: 5.7%, imagenet_c_gaussian_noise_s3: 7.4%
2026-03-16 14:18:30,318 [INFO] Epoch 1/25 | Train Loss: 4.5135, Train Acc: 6.75% | Val Loss: 4.0072, Val Acc: 14.49% | LR: 0.000996 | Time: 273.9s
2026-03-16 14:18:30,606 [INFO] New best accuracy: 14.49%
2026-03-16 14:22:10,418 [INFO] Running OOD evaluation (epoch 2)...
2026-03-16 14:22:58,427 [INFO] OOD accuracies: imagenet_c_contrast_s3: 10.4%, imagenet_c_defocus_blur_s3: 11.1%, imagenet_c_fog_s3: 10.9%, imagenet_c_gaussian_noise_s3: 11.5%
2026-03-16 14:22:58,453 [INFO] Epoch 2/25 | Train Loss: 3.9502, Train Acc: 16.32% | Val Loss: 3.6311, Val Acc: 22.38% | LR: 0.000984 | Time: 264.0s
2026-03-16 14:22:58,739 [INFO] New best accuracy: 22.38%
2026-03-16 14:26:42,145 [INFO] Running OOD evaluation (epoch 3)...
2026-03-16 14:27:31,130 [INFO] OOD accuracies: imagenet_c_contrast_s3: 14.9%, imagenet_c_defocus_blur_s3: 14.3%, imagenet_c_fog_s3: 14.6%, imagenet_c_gaussian_noise_s3: 15.0%
2026-03-16 14:27:31,158 [INFO] Epoch 3/25 | Train Loss: 3.6030, Train Acc: 23.66% | Val Loss: 3.3156, Val Acc: 31.15% | LR: 0.000965 | Time: 270.6s
2026-03-16 14:27:31,445 [INFO] New best accuracy: 31.15%
2026-03-16 14:31:10,827 [INFO] Running OOD evaluation (epoch 4)...
2026-03-16 14:31:58,948 [INFO] OOD accuracies: imagenet_c_contrast_s3: 19.8%, imagenet_c_defocus_blur_s3: 18.4%, imagenet_c_fog_s3: 18.7%, imagenet_c_gaussian_noise_s3: 17.4%
2026-03-16 14:31:58,976 [INFO] Epoch 4/25 | Train Loss: 3.3397, Train Acc: 30.18% | Val Loss: 2.9984, Val Acc: 38.28% | LR: 0.000939 | Time: 265.7s
2026-03-16 14:31:59,259 [INFO] New best accuracy: 38.28%
2026-03-16 14:35:39,269 [INFO] Running OOD evaluation (epoch 5)...
2026-03-16 14:36:27,710 [INFO] OOD accuracies: imagenet_c_contrast_s3: 22.9%, imagenet_c_defocus_blur_s3: 20.0%, imagenet_c_fog_s3: 21.4%, imagenet_c_gaussian_noise_s3: 21.2%
2026-03-16 14:36:27,742 [INFO] Epoch 5/25 | Train Loss: 3.1328, Train Acc: 35.35% | Val Loss: 2.8154, Val Acc: 42.15% | LR: 0.000905 | Time: 266.6s
2026-03-16 14:36:28,025 [INFO] New best accuracy: 42.15%
2026-03-16 14:40:06,057 [INFO] Running OOD evaluation (epoch 6)...
2026-03-16 14:40:54,554 [INFO] OOD accuracies: imagenet_c_contrast_s3: 24.8%, imagenet_c_defocus_blur_s3: 22.1%, imagenet_c_fog_s3: 23.1%, imagenet_c_gaussian_noise_s3: 24.0%
2026-03-16 14:40:54,580 [INFO] Epoch 6/25 | Train Loss: 2.9774, Train Acc: 39.45% | Val Loss: 2.7148, Val Acc: 45.29% | LR: 0.000866 | Time: 264.8s
2026-03-16 14:40:54,867 [INFO] New best accuracy: 45.29%
2026-03-16 14:44:35,537 [INFO] Running OOD evaluation (epoch 7)...
2026-03-16 14:45:24,823 [INFO] OOD accuracies: imagenet_c_contrast_s3: 28.7%, imagenet_c_defocus_blur_s3: 23.4%, imagenet_c_fog_s3: 26.2%, imagenet_c_gaussian_noise_s3: 25.6%
2026-03-16 14:45:24,849 [INFO] Epoch 7/25 | Train Loss: 2.8464, Train Acc: 42.99% | Val Loss: 2.5569, Val Acc: 50.87% | LR: 0.000821 | Time: 268.2s
2026-03-16 14:45:25,136 [INFO] New best accuracy: 50.87%
2026-03-16 14:49:03,846 [INFO] Running OOD evaluation (epoch 8)...
2026-03-16 14:49:52,492 [INFO] OOD accuracies: imagenet_c_contrast_s3: 29.8%, imagenet_c_defocus_blur_s3: 25.4%, imagenet_c_fog_s3: 28.2%, imagenet_c_gaussian_noise_s3: 28.2%
2026-03-16 14:49:52,518 [INFO] Epoch 8/25 | Train Loss: 2.7191, Train Acc: 46.40% | Val Loss: 2.4501, Val Acc: 53.22% | LR: 0.000770 | Time: 265.6s
2026-03-16 14:49:52,794 [INFO] New best accuracy: 53.22%
2026-03-16 14:53:31,681 [INFO] Running OOD evaluation (epoch 9)...
2026-03-16 14:54:20,592 [INFO] OOD accuracies: imagenet_c_contrast_s3: 31.9%, imagenet_c_defocus_blur_s3: 25.7%, imagenet_c_fog_s3: 29.3%, imagenet_c_gaussian_noise_s3: 27.6%
2026-03-16 14:54:20,618 [INFO] Epoch 9/25 | Train Loss: 2.6192, Train Acc: 49.16% | Val Loss: 2.4495, Val Acc: 53.63% | LR: 0.000716 | Time: 265.9s
2026-03-16 14:54:20,905 [INFO] New best accuracy: 53.63%
2026-03-16 14:57:59,739 [INFO] Running OOD evaluation (epoch 10)...
2026-03-16 14:58:48,530 [INFO] OOD accuracies: imagenet_c_contrast_s3: 33.1%, imagenet_c_defocus_blur_s3: 26.0%, imagenet_c_fog_s3: 30.9%, imagenet_c_gaussian_noise_s3: 28.7%
Traceback (most recent call last):
  File "/gpfs/home1/mbolding/.local/share/mamba/envs/visioncnn/lib/python3.11/site-packages/numpy/lib/_npyio_impl.py", line 785, in _savez
    with zipf.open(fname, 'w', force_zip64=True) as fid:
  File "/gpfs/home1/mbolding/.local/share/mamba/envs/visioncnn/lib/python3.11/zipfile.py", line 1234, in close
    self._fileobj.seek(self._zinfo.header_offset)
OSError: [Errno 122] Disk quota exceeded

During handling of the above exception, another exception occurred:

Traceback (most recent call last):
  File "/gpfs/home1/mbolding/.local/share/mamba/envs/visioncnn/lib/python3.11/zipfile.py", line 1925, in close
    self.fp.seek(self.start_dir)
OSError: [Errno 122] Disk quota exceeded

During handling of the above exception, another exception occurred:

Traceback (most recent call last):
  File "/gpfs/home1/mbolding/visionCNN/scripts/train.py", line 836, in <module>
    main(args)
  File "/gpfs/home1/mbolding/visionCNN/scripts/train.py", line 712, in main
    save_predictions_to_file(
  File "/gpfs/home1/mbolding/visionCNN/src/evaluation/ood_eval.py", line 235, in save_predictions_to_file
    np.savez_compressed(filepath, **{
  File "/gpfs/home1/mbolding/.local/share/mamba/envs/visioncnn/lib/python3.11/site-packages/numpy/lib/_npyio_impl.py", line 753, in savez_compressed
    _savez(file, args, kwds, True, allow_pickle=allow_pickle)
  File "/gpfs/home1/mbolding/.local/share/mamba/envs/visioncnn/lib/python3.11/site-packages/numpy/lib/_npyio_impl.py", line 790, in _savez
    zipf.close()
  File "/gpfs/home1/mbolding/.local/share/mamba/envs/visioncnn/lib/python3.11/zipfile.py", line 1930, in close
    self._fpclose(fp)
  File "/gpfs/home1/mbolding/.local/share/mamba/envs/visioncnn/lib/python3.11/zipfile.py", line 2030, in _fpclose
    fp.close()
OSError: [Errno 122] Disk quota exceeded
[rank0]: Traceback (most recent call last):
[rank0]:   File "/gpfs/home1/mbolding/.local/share/mamba/envs/visioncnn/lib/python3.11/site-packages/numpy/lib/_npyio_impl.py", line 785, in _savez
[rank0]:     with zipf.open(fname, 'w', force_zip64=True) as fid:
[rank0]:   File "/gpfs/home1/mbolding/.local/share/mamba/envs/visioncnn/lib/python3.11/zipfile.py", line 1234, in close
[rank0]:     self._fileobj.seek(self._zinfo.header_offset)
[rank0]: OSError: [Errno 122] Disk quota exceeded

[rank0]: During handling of the above exception, another exception occurred:

[rank0]: Traceback (most recent call last):
[rank0]:   File "/gpfs/home1/mbolding/.local/share/mamba/envs/visioncnn/lib/python3.11/zipfile.py", line 1925, in close
[rank0]:     self.fp.seek(self.start_dir)
[rank0]: OSError: [Errno 122] Disk quota exceeded

[rank0]: During handling of the above exception, another exception occurred:

[rank0]: Traceback (most recent call last):
[rank0]:   File "/gpfs/home1/mbolding/visionCNN/scripts/train.py", line 836, in <module>
[rank0]:     main(args)
[rank0]:   File "/gpfs/home1/mbolding/visionCNN/scripts/train.py", line 712, in main
[rank0]:     save_predictions_to_file(
[rank0]:   File "/gpfs/home1/mbolding/visionCNN/src/evaluation/ood_eval.py", line 235, in save_predictions_to_file
[rank0]:     np.savez_compressed(filepath, **{
[rank0]:   File "/gpfs/home1/mbolding/.local/share/mamba/envs/visioncnn/lib/python3.11/site-packages/numpy/lib/_npyio_impl.py", line 753, in savez_compressed
[rank0]:     _savez(file, args, kwds, True, allow_pickle=allow_pickle)
[rank0]:   File "/gpfs/home1/mbolding/.local/share/mamba/envs/visioncnn/lib/python3.11/site-packages/numpy/lib/_npyio_impl.py", line 790, in _savez
[rank0]:     zipf.close()
[rank0]:   File "/gpfs/home1/mbolding/.local/share/mamba/envs/visioncnn/lib/python3.11/zipfile.py", line 1930, in close
[rank0]:     self._fpclose(fp)
[rank0]:   File "/gpfs/home1/mbolding/.local/share/mamba/envs/visioncnn/lib/python3.11/zipfile.py", line 2030, in _fpclose
[rank0]:     fp.close()
[rank0]: OSError: [Errno 122] Disk quota exceeded
E0316 15:01:32.570000 1573968 site-packages/torch/distributed/elastic/multiprocessing/api.py:869] failed (exitcode: 1) local_rank: 0 (pid: 1573979) of binary: /gpfs/home1/mbolding/.local/share/mamba/envs/visioncnn/bin/python
Traceback (most recent call last):
  File "/gpfs/home1/mbolding/.local/share/mamba/envs/visioncnn/bin/torchrun", line 33, in <module>
    sys.exit(load_entry_point('torch==2.5.1', 'console_scripts', 'torchrun')())
             ^^^^^^^^^^^^^^^^^^^^^^^^^^^^^^^^^^^^^^^^^^^^^^^^^^^^^^^^^^^^^^^^^
  File "/gpfs/home1/mbolding/.local/share/mamba/envs/visioncnn/lib/python3.11/site-packages/torch/distributed/elastic/multiprocessing/errors/__init__.py", line 355, in wrapper
    return f(*args, **kwargs)
           ^^^^^^^^^^^^^^^^^^
  File "/gpfs/home1/mbolding/.local/share/mamba/envs/visioncnn/lib/python3.11/site-packages/torch/distributed/run.py", line 919, in main
    run(args)
  File "/gpfs/home1/mbolding/.local/share/mamba/envs/visioncnn/lib/python3.11/site-packages/torch/distributed/run.py", line 910, in run
    elastic_launch(
  File "/gpfs/home1/mbolding/.local/share/mamba/envs/visioncnn/lib/python3.11/site-packages/torch/distributed/launcher/api.py", line 138, in __call__
    return launch_agent(self._config, self._entrypoint, list(args))
           ^^^^^^^^^^^^^^^^^^^^^^^^^^^^^^^^^^^^^^^^^^^^^^^^^^^^^^^^
  File "/gpfs/home1/mbolding/.local/share/mamba/envs/visioncnn/lib/python3.11/site-packages/torch/distributed/launcher/api.py", line 269, in launch_agent
    raise ChildFailedError(
torch.distributed.elastic.multiprocessing.errors.ChildFailedError: 
============================================================
scripts/train.py FAILED
------------------------------------------------------------
Failures:
  <NO_OTHER_FAILURES>
------------------------------------------------------------
Root Cause (first observed failure):
[0]:
  time      : 2026-03-16_15:01:32
  host      : gcn22.local.snellius.surf.nl
  rank      : 0 (local_rank: 0)
  exitcode  : 1 (pid: 1573979)
  error_file: <N/A>
  traceback : To enable traceback see: https://pytorch.org/docs/stable/elastic/errors.html
============================================================
srun: error: gcn22: task 0: Exited with exit code 1
srun: Terminating StepId=20769789.0
