[rank0]:[W316 11:57:58.490563879 ProcessGroupNCCL.cpp:4115] [PG ID 0 PG GUID 0 Rank 0]  using GPU 0 to perform barrier as devices used by this process are currently unknown. This can potentially cause a hang if this rank to GPU mapping is incorrect.Specify device_ids in barrier() to force use of a particular device,or call init_process_group() with a device_id.
2026-03-16 11:57:58,761 [INFO] Distributed: DistributedManager(rank=0, local_rank=0, world_size=1, device=cuda:0, is_distributed=True)
2026-03-16 11:57:58,762 [INFO] Config: {'experiment_name': 'resnet50_localnorm_imagenet_ecoset_ecovalid_seed42', 'model': {'name': 'resnet50_custom', 'num_classes': 136, 'norm_layer': 'localnorm'}, 'data': {'dataset': 'imagenet_ecoset136', 'root': '/scratch-nvme/ml-datasets/imagenet/torchvision_ImageFolder', 'img_size': 224, 'backend': 'pytorch', 'num_workers': 16, 'pin_memory': True, 'persistent_workers': True, 'prefetch_factor': 2, 'gpu_transforms': True, 'random_rotation': True, 'random_rotation_degrees': 15, 'color_jitter': True, 'color_jitter_brightness': 0.2, 'color_jitter_contrast': 0.2, 'color_jitter_saturation': 0.2, 'color_jitter_hue': 0.05, 'gaussian_blur': True, 'random_grayscale': True, 'random_grayscale_p': 0.1}, 'training': {'epochs': 25, 'batch_size': 128, 'lr': 0.001, 'min_lr': 1e-05, 'weight_decay': 0.05, 'optimizer': 'adamw', 'scheduler': 'cosine', 'label_smoothing': 0.1, 'use_amp': True, 'channels_last': True, 'seed': 42, 'checkpoint_schedule': [[10, 1], [20, 2], [25, 3]], 'disable_progress_bar': True}, 'logging': {'log_dir': 'logs'}, 'ood_eval': {'enabled': True, 'source_dataset': 'imagenet_ecoset136', 'datasets_root': '/scratch-nvme/ml-datasets', 'imagenet_c': {'during_training': True, 'corruptions_during_training': ['gaussian_noise', 'defocus_blur', 'fog', 'contrast'], 'severity_during_training': 3}, 'save_predictions': True}, 'wandb': {'enabled': True, 'project': 'norm-comparison', 'group': 'resnet50-imagenet-ecoset-ecovalid-norm-experiment', 'tags': ['ecovalid-aug', 'localnorm', 'imagenet_ecoset136', 'a100', 'norm-experiment', 'resnet50', 'snellius']}, '_machine': {'log_dir': '/projects/prjs0771/melle/projects/visionCNN/logs'}}
2026-03-16 11:57:58,762 [INFO] Run directory: logs/resnet50_localnorm_imagenet_ecoset_ecovalid_seed42
wandb: [wandb.login()] Loaded credentials for https://api.wandb.ai from /home/mbolding/.netrc.
wandb: Currently logged in as: mellebolding (mellebolding-university-of-amsterdam) to https://api.wandb.ai. Use `wandb login --relogin` to force relogin
wandb: Tracking run with wandb version 0.25.0
wandb: Run data is saved locally in logs/resnet50_localnorm_imagenet_ecoset_ecovalid_seed42/wandb/run-20260316_115759-xrvszy4x
wandb: Run `wandb offline` to turn off syncing.
wandb: Syncing run resnet50_localnorm_imagenet_ecoset_ecovalid_seed42
wandb: ⭐️ View project at https://wandb.ai/mellebolding-university-of-amsterdam/norm-comparison
wandb: 🚀 View run at https://wandb.ai/mellebolding-university-of-amsterdam/norm-comparison/runs/xrvszy4x
2026-03-16 11:58:00,184 [INFO] Weights & Biases logging enabled
2026-03-16 11:58:00,188 [INFO] Set random seed: 42 (rank offset applied)
2026-03-16 11:58:00,188 [INFO] Using device: cuda:0
2026-03-16 11:58:00,188 [INFO] World size: 1
2026-03-16 11:58:00,528 [INFO] Model: resnet50_custom, Parameters: 23,839,816
2026-03-16 11:58:00,555 [INFO] Using channels-last (NHWC) memory format
2026-03-16 11:58:00,598 [INFO] Mixed precision training: True
2026-03-16 11:58:19,134 [INFO] Using GPU-accelerated transforms to reduce CPU bottleneck
2026-03-16 11:58:19,134 [INFO] Train samples: 176411, Val samples: 6800
2026-03-16 11:58:19,135 [INFO] Effective batch size: 128 (128 x 1 GPUs)
2026-03-16 11:58:23,068 [INFO] OOD evaluation enabled: 4 datasets loaded (imagenet_c_gaussian_noise_s3, imagenet_c_defocus_blur_s3, imagenet_c_fog_s3, imagenet_c_contrast_s3)
2026-03-16 11:58:23,071 [INFO] Saving per-image predictions to logs/resnet50_localnorm_imagenet_ecoset_ecovalid_seed42/predictions
2026-03-16 11:58:23,071 [INFO] Starting training for 25 epochs...
2026-03-16 12:05:50,919 [INFO] Running OOD evaluation (epoch 1)...
2026-03-16 12:06:31,112 [INFO] OOD accuracies: imagenet_c_contrast_s3: 4.4%, imagenet_c_defocus_blur_s3: 8.5%, imagenet_c_fog_s3: 5.0%, imagenet_c_gaussian_noise_s3: 4.8%
2026-03-16 12:06:31,131 [INFO] Epoch 1/25 | Train Loss: 4.5092, Train Acc: 6.48% | Val Loss: 4.1045, Val Acc: 12.54% | LR: 0.000996 | Time: 488.1s
2026-03-16 12:06:31,552 [INFO] New best accuracy: 12.54%
2026-03-16 12:14:02,204 [INFO] Running OOD evaluation (epoch 2)...
2026-03-16 12:14:42,776 [INFO] OOD accuracies: imagenet_c_contrast_s3: 8.1%, imagenet_c_defocus_blur_s3: 8.5%, imagenet_c_fog_s3: 7.7%, imagenet_c_gaussian_noise_s3: 6.4%
2026-03-16 12:14:42,792 [INFO] Epoch 2/25 | Train Loss: 3.9739, Train Acc: 15.68% | Val Loss: 3.6497, Val Acc: 22.62% | LR: 0.000984 | Time: 483.8s
2026-03-16 12:14:43,075 [INFO] New best accuracy: 22.62%
2026-03-16 12:22:07,987 [INFO] Running OOD evaluation (epoch 3)...
2026-03-16 12:22:48,294 [INFO] OOD accuracies: imagenet_c_contrast_s3: 9.9%, imagenet_c_defocus_blur_s3: 10.7%, imagenet_c_fog_s3: 8.6%, imagenet_c_gaussian_noise_s3: 8.7%
2026-03-16 12:22:48,311 [INFO] Epoch 3/25 | Train Loss: 3.6448, Train Acc: 22.90% | Val Loss: 3.2386, Val Acc: 32.75% | LR: 0.000965 | Time: 483.5s
2026-03-16 12:22:48,713 [INFO] New best accuracy: 32.75%
2026-03-16 12:30:13,705 [INFO] Running OOD evaluation (epoch 4)...
2026-03-16 12:30:54,380 [INFO] OOD accuracies: imagenet_c_contrast_s3: 12.6%, imagenet_c_defocus_blur_s3: 16.7%, imagenet_c_fog_s3: 15.6%, imagenet_c_gaussian_noise_s3: 8.4%
2026-03-16 12:30:54,398 [INFO] Epoch 4/25 | Train Loss: 3.4156, Train Acc: 28.38% | Val Loss: 3.1898, Val Acc: 34.82% | LR: 0.000939 | Time: 483.9s
2026-03-16 12:30:54,678 [INFO] New best accuracy: 34.82%
2026-03-16 12:38:19,624 [INFO] Running OOD evaluation (epoch 5)...
2026-03-16 12:39:00,138 [INFO] OOD accuracies: imagenet_c_contrast_s3: 15.7%, imagenet_c_defocus_blur_s3: 13.0%, imagenet_c_fog_s3: 22.9%, imagenet_c_gaussian_noise_s3: 18.3%
2026-03-16 12:39:00,155 [INFO] Epoch 5/25 | Train Loss: 3.2055, Train Acc: 33.65% | Val Loss: 3.0410, Val Acc: 38.71% | LR: 0.000905 | Time: 483.8s
2026-03-16 12:39:00,437 [INFO] New best accuracy: 38.71%
2026-03-16 12:46:25,421 [INFO] Running OOD evaluation (epoch 6)...
2026-03-16 12:47:06,008 [INFO] OOD accuracies: imagenet_c_contrast_s3: 16.6%, imagenet_c_defocus_blur_s3: 13.6%, imagenet_c_fog_s3: 22.7%, imagenet_c_gaussian_noise_s3: 18.3%
2026-03-16 12:47:06,461 [INFO] Epoch 6/25 | Train Loss: 3.0467, Train Acc: 37.90% | Val Loss: 2.7922, Val Acc: 44.50% | LR: 0.000866 | Time: 484.3s
2026-03-16 12:47:06,739 [INFO] New best accuracy: 44.50%
Traceback (most recent call last):
  File "/gpfs/home1/mbolding/visionCNN/scripts/train.py", line 836, in <module>
    main(args)
  File "/gpfs/home1/mbolding/visionCNN/scripts/train.py", line 790, in main
    artifact.add_file(os.path.join(run_dir, "best.pt"))
  File "/gpfs/home1/mbolding/.local/share/mamba/envs/visioncnn/lib/python3.11/site-packages/wandb/sdk/artifacts/_validators.py", line 272, in wrapper
    return method(self, *args, **kwargs)
           ^^^^^^^^^^^^^^^^^^^^^^^^^^^^^
  File "/gpfs/home1/mbolding/.local/share/mamba/envs/visioncnn/lib/python3.11/site-packages/wandb/sdk/artifacts/artifact.py", line 1488, in add_file
    return self._add_local_file(
           ^^^^^^^^^^^^^^^^^^^^^
  File "/gpfs/home1/mbolding/.local/share/mamba/envs/visioncnn/lib/python3.11/site-packages/wandb/sdk/artifacts/artifact.py", line 1769, in _add_local_file
    shutil.copyfile(path, staging_path)
  File "/gpfs/home1/mbolding/.local/share/mamba/envs/visioncnn/lib/python3.11/shutil.py", line 269, in copyfile
    _fastcopy_sendfile(fsrc, fdst)
  File "/gpfs/home1/mbolding/.local/share/mamba/envs/visioncnn/lib/python3.11/shutil.py", line 164, in _fastcopy_sendfile
    raise err
  File "/gpfs/home1/mbolding/.local/share/mamba/envs/visioncnn/lib/python3.11/shutil.py", line 144, in _fastcopy_sendfile
    sent = os.sendfile(outfd, infd, offset, blocksize)
           ^^^^^^^^^^^^^^^^^^^^^^^^^^^^^^^^^^^^^^^^^^^
OSError: [Errno 122] Disk quota exceeded: 'logs/resnet50_localnorm_imagenet_ecoset_ecovalid_seed42/best.pt' -> '/home/mbolding/.local/share/wandb/artifacts/staging/tmppv1e_px6'
[rank0]: Traceback (most recent call last):
[rank0]:   File "/gpfs/home1/mbolding/visionCNN/scripts/train.py", line 836, in <module>
[rank0]:     main(args)
[rank0]:   File "/gpfs/home1/mbolding/visionCNN/scripts/train.py", line 790, in main
[rank0]:     artifact.add_file(os.path.join(run_dir, "best.pt"))
[rank0]:   File "/gpfs/home1/mbolding/.local/share/mamba/envs/visioncnn/lib/python3.11/site-packages/wandb/sdk/artifacts/_validators.py", line 272, in wrapper
[rank0]:     return method(self, *args, **kwargs)
[rank0]:            ^^^^^^^^^^^^^^^^^^^^^^^^^^^^^
[rank0]:   File "/gpfs/home1/mbolding/.local/share/mamba/envs/visioncnn/lib/python3.11/site-packages/wandb/sdk/artifacts/artifact.py", line 1488, in add_file
[rank0]:     return self._add_local_file(
[rank0]:            ^^^^^^^^^^^^^^^^^^^^^
[rank0]:   File "/gpfs/home1/mbolding/.local/share/mamba/envs/visioncnn/lib/python3.11/site-packages/wandb/sdk/artifacts/artifact.py", line 1769, in _add_local_file
[rank0]:     shutil.copyfile(path, staging_path)
[rank0]:   File "/gpfs/home1/mbolding/.local/share/mamba/envs/visioncnn/lib/python3.11/shutil.py", line 269, in copyfile
[rank0]:     _fastcopy_sendfile(fsrc, fdst)
[rank0]:   File "/gpfs/home1/mbolding/.local/share/mamba/envs/visioncnn/lib/python3.11/shutil.py", line 164, in _fastcopy_sendfile
[rank0]:     raise err
[rank0]:   File "/gpfs/home1/mbolding/.local/share/mamba/envs/visioncnn/lib/python3.11/shutil.py", line 144, in _fastcopy_sendfile
[rank0]:     sent = os.sendfile(outfd, infd, offset, blocksize)
[rank0]:            ^^^^^^^^^^^^^^^^^^^^^^^^^^^^^^^^^^^^^^^^^^^
[rank0]: OSError: [Errno 122] Disk quota exceeded: 'logs/resnet50_localnorm_imagenet_ecoset_ecovalid_seed42/best.pt' -> '/home/mbolding/.local/share/wandb/artifacts/staging/tmppv1e_px6'
E0316 12:49:53.918000 606457 site-packages/torch/distributed/elastic/multiprocessing/api.py:869] failed (exitcode: 1) local_rank: 0 (pid: 606621) of binary: /gpfs/home1/mbolding/.local/share/mamba/envs/visioncnn/bin/python
Traceback (most recent call last):
  File "/gpfs/home1/mbolding/.local/share/mamba/envs/visioncnn/bin/torchrun", line 33, in <module>
    sys.exit(load_entry_point('torch==2.5.1', 'console_scripts', 'torchrun')())
             ^^^^^^^^^^^^^^^^^^^^^^^^^^^^^^^^^^^^^^^^^^^^^^^^^^^^^^^^^^^^^^^^^
  File "/gpfs/home1/mbolding/.local/share/mamba/envs/visioncnn/lib/python3.11/site-packages/torch/distributed/elastic/multiprocessing/errors/__init__.py", line 355, in wrapper
    return f(*args, **kwargs)
           ^^^^^^^^^^^^^^^^^^
  File "/gpfs/home1/mbolding/.local/share/mamba/envs/visioncnn/lib/python3.11/site-packages/torch/distributed/run.py", line 919, in main
    run(args)
  File "/gpfs/home1/mbolding/.local/share/mamba/envs/visioncnn/lib/python3.11/site-packages/torch/distributed/run.py", line 910, in run
    elastic_launch(
  File "/gpfs/home1/mbolding/.local/share/mamba/envs/visioncnn/lib/python3.11/site-packages/torch/distributed/launcher/api.py", line 138, in __call__
    return launch_agent(self._config, self._entrypoint, list(args))
           ^^^^^^^^^^^^^^^^^^^^^^^^^^^^^^^^^^^^^^^^^^^^^^^^^^^^^^^^
  File "/gpfs/home1/mbolding/.local/share/mamba/envs/visioncnn/lib/python3.11/site-packages/torch/distributed/launcher/api.py", line 269, in launch_agent
    raise ChildFailedError(
torch.distributed.elastic.multiprocessing.errors.ChildFailedError: 
============================================================
scripts/train.py FAILED
------------------------------------------------------------
Failures:
  <NO_OTHER_FAILURES>
------------------------------------------------------------
Root Cause (first observed failure):
[0]:
  time      : 2026-03-16_12:49:53
  host      : gcn24.local.snellius.surf.nl
  rank      : 0 (local_rank: 0)
  exitcode  : 1 (pid: 606621)
  error_file: <N/A>
  traceback : To enable traceback see: https://pytorch.org/docs/stable/elastic/errors.html
============================================================
srun: error: gcn24: task 0: Exited with exit code 1
srun: Terminating StepId=20763115.0
