[rank0]:[W316 11:15:12.792384333 ProcessGroupNCCL.cpp:4115] [PG ID 0 PG GUID 0 Rank 0]  using GPU 0 to perform barrier as devices used by this process are currently unknown. This can potentially cause a hang if this rank to GPU mapping is incorrect.Specify device_ids in barrier() to force use of a particular device,or call init_process_group() with a device_id.
2026-03-16 11:15:12,895 [INFO] Distributed: DistributedManager(rank=0, local_rank=0, world_size=1, device=cuda:0, is_distributed=True)
2026-03-16 11:15:12,895 [INFO] Config: {'experiment_name': 'resnet50_groupnorm_imagenet_ecoset_ecovalid_seed43', 'model': {'name': 'resnet50_custom', 'num_classes': 136, 'norm_layer': 'groupnorm'}, 'data': {'dataset': 'imagenet_ecoset136', 'root': '/scratch-nvme/ml-datasets/imagenet/torchvision_ImageFolder', 'img_size': 224, 'backend': 'pytorch', 'num_workers': 16, 'pin_memory': True, 'persistent_workers': True, 'prefetch_factor': 2, 'gpu_transforms': True, 'random_rotation': True, 'random_rotation_degrees': 15, 'color_jitter': True, 'color_jitter_brightness': 0.2, 'color_jitter_contrast': 0.2, 'color_jitter_saturation': 0.2, 'color_jitter_hue': 0.05, 'gaussian_blur': True, 'random_grayscale': True, 'random_grayscale_p': 0.1}, 'training': {'epochs': 25, 'batch_size': 256, 'lr': 0.001, 'min_lr': 1e-05, 'weight_decay': 0.05, 'optimizer': 'adamw', 'scheduler': 'cosine', 'label_smoothing': 0.1, 'use_amp': True, 'channels_last': True, 'seed': 43, 'checkpoint_schedule': [[10, 1], [20, 2], [25, 3]], 'disable_progress_bar': True}, 'logging': {'log_dir': 'logs'}, 'ood_eval': {'enabled': True, 'source_dataset': 'imagenet_ecoset136', 'datasets_root': '/scratch-nvme/ml-datasets', 'imagenet_c': {'during_training': True, 'corruptions_during_training': ['gaussian_noise', 'defocus_blur', 'fog', 'contrast'], 'severity_during_training': 3}, 'save_predictions': True}, 'wandb': {'enabled': True, 'project': 'norm-comparison', 'group': 'resnet50-imagenet-ecoset-ecovalid-norm-experiment', 'tags': ['norm-experiment', 'ecovalid-aug', 'a100', 'snellius', 'imagenet_ecoset136', 'resnet50', 'groupnorm']}, '_machine': {'log_dir': '/projects/prjs0771/melle/projects/visionCNN/logs'}}
2026-03-16 11:15:12,895 [INFO] Run directory: logs/resnet50_groupnorm_imagenet_ecoset_ecovalid_seed43
wandb: [wandb.login()] Loaded credentials for https://api.wandb.ai from /home/mbolding/.netrc.
wandb: Currently logged in as: mellebolding (mellebolding-university-of-amsterdam) to https://api.wandb.ai. Use `wandb login --relogin` to force relogin
wandb: setting up run lvzcni7j
wandb: Tracking run with wandb version 0.25.0
wandb: Run data is saved locally in logs/resnet50_groupnorm_imagenet_ecoset_ecovalid_seed43/wandb/run-20260316_111513-lvzcni7j
wandb: Run `wandb offline` to turn off syncing.
wandb: Syncing run resnet50_groupnorm_imagenet_ecoset_ecovalid_seed43
wandb: ⭐️ View project at https://wandb.ai/mellebolding-university-of-amsterdam/norm-comparison
wandb: 🚀 View run at https://wandb.ai/mellebolding-university-of-amsterdam/norm-comparison/runs/lvzcni7j
2026-03-16 11:15:14,613 [INFO] Weights & Biases logging enabled
2026-03-16 11:15:14,617 [INFO] Set random seed: 43 (rank offset applied)
2026-03-16 11:15:14,617 [INFO] Using device: cuda:0
2026-03-16 11:15:14,617 [INFO] World size: 1
2026-03-16 11:15:14,952 [INFO] Model: resnet50_custom, Parameters: 23,786,696
2026-03-16 11:15:14,985 [INFO] Using channels-last (NHWC) memory format
2026-03-16 11:15:15,029 [INFO] Mixed precision training: True
2026-03-16 11:15:42,637 [INFO] Using GPU-accelerated transforms to reduce CPU bottleneck
2026-03-16 11:15:42,637 [INFO] Train samples: 176411, Val samples: 6800
2026-03-16 11:15:42,638 [INFO] Effective batch size: 256 (256 x 1 GPUs)
2026-03-16 11:15:46,620 [INFO] OOD evaluation enabled: 4 datasets loaded (imagenet_c_gaussian_noise_s3, imagenet_c_defocus_blur_s3, imagenet_c_fog_s3, imagenet_c_contrast_s3)
2026-03-16 11:15:46,621 [INFO] Saving per-image predictions to logs/resnet50_groupnorm_imagenet_ecoset_ecovalid_seed43/predictions
2026-03-16 11:15:46,622 [INFO] Starting training for 25 epochs...
2026-03-16 11:20:27,593 [INFO] Running OOD evaluation (epoch 1)...
2026-03-16 11:21:12,403 [INFO] OOD accuracies: imagenet_c_contrast_s3: 1.1%, imagenet_c_defocus_blur_s3: 1.1%, imagenet_c_fog_s3: 1.1%, imagenet_c_gaussian_noise_s3: 1.2%
2026-03-16 11:21:13,629 [INFO] Epoch 1/25 | Train Loss: 4.9272, Train Acc: 0.94% | Val Loss: 4.8863, Val Acc: 1.13% | LR: 0.000996 | Time: 325.8s
2026-03-16 11:21:15,293 [INFO] New best accuracy: 1.13%
2026-03-16 11:25:53,026 [INFO] Running OOD evaluation (epoch 2)...
2026-03-16 11:26:38,353 [INFO] OOD accuracies: imagenet_c_contrast_s3: 2.7%, imagenet_c_defocus_blur_s3: 2.8%, imagenet_c_fog_s3: 2.7%, imagenet_c_gaussian_noise_s3: 1.8%
2026-03-16 11:26:38,403 [INFO] Epoch 2/25 | Train Loss: 4.7937, Train Acc: 1.88% | Val Loss: 4.6356, Val Acc: 3.18% | LR: 0.000984 | Time: 320.2s
2026-03-16 11:26:38,659 [INFO] New best accuracy: 3.18%
2026-03-16 11:31:15,381 [INFO] Running OOD evaluation (epoch 3)...
2026-03-16 11:32:00,572 [INFO] OOD accuracies: imagenet_c_contrast_s3: 6.8%, imagenet_c_defocus_blur_s3: 5.8%, imagenet_c_fog_s3: 5.4%, imagenet_c_gaussian_noise_s3: 2.5%
2026-03-16 11:32:00,691 [INFO] Epoch 3/25 | Train Loss: 4.5068, Train Acc: 5.12% | Val Loss: 4.3426, Val Acc: 7.51% | LR: 0.000965 | Time: 320.4s
2026-03-16 11:32:00,943 [INFO] New best accuracy: 7.51%
2026-03-16 11:36:37,285 [INFO] Running OOD evaluation (epoch 4)...
2026-03-16 11:37:22,373 [INFO] OOD accuracies: imagenet_c_contrast_s3: 9.1%, imagenet_c_defocus_blur_s3: 7.9%, imagenet_c_fog_s3: 6.9%, imagenet_c_gaussian_noise_s3: 5.0%
2026-03-16 11:37:22,390 [INFO] Epoch 4/25 | Train Loss: 4.2557, Train Acc: 9.39% | Val Loss: 4.1352, Val Acc: 11.21% | LR: 0.000939 | Time: 319.7s
2026-03-16 11:37:22,641 [INFO] New best accuracy: 11.21%
2026-03-16 11:41:59,128 [INFO] Running OOD evaluation (epoch 5)...
2026-03-16 11:42:44,390 [INFO] OOD accuracies: imagenet_c_contrast_s3: 14.3%, imagenet_c_defocus_blur_s3: 12.2%, imagenet_c_fog_s3: 11.2%, imagenet_c_gaussian_noise_s3: 6.7%
2026-03-16 11:42:44,493 [INFO] Epoch 5/25 | Train Loss: 4.0585, Train Acc: 13.43% | Val Loss: 3.9503, Val Acc: 15.72% | LR: 0.000905 | Time: 320.2s
2026-03-16 11:42:44,743 [INFO] New best accuracy: 15.72%
2026-03-16 11:47:21,523 [INFO] Running OOD evaluation (epoch 6)...
2026-03-16 11:48:06,745 [INFO] OOD accuracies: imagenet_c_contrast_s3: 16.0%, imagenet_c_defocus_blur_s3: 11.0%, imagenet_c_fog_s3: 11.8%, imagenet_c_gaussian_noise_s3: 7.0%
2026-03-16 11:48:06,761 [INFO] Epoch 6/25 | Train Loss: 3.9023, Train Acc: 16.80% | Val Loss: 3.6845, Val Acc: 20.56% | LR: 0.000866 | Time: 320.4s
2026-03-16 11:48:07,013 [INFO] New best accuracy: 20.56%
2026-03-16 11:52:43,948 [INFO] Running OOD evaluation (epoch 7)...
2026-03-16 11:53:31,856 [INFO] OOD accuracies: imagenet_c_contrast_s3: 18.6%, imagenet_c_defocus_blur_s3: 17.5%, imagenet_c_fog_s3: 13.8%, imagenet_c_gaussian_noise_s3: 10.1%
2026-03-16 11:53:31,871 [INFO] Epoch 7/25 | Train Loss: 3.7569, Train Acc: 19.99% | Val Loss: 3.6310, Val Acc: 21.87% | LR: 0.000821 | Time: 323.2s
2026-03-16 11:53:32,122 [INFO] New best accuracy: 21.87%
2026-03-16 11:58:08,383 [INFO] Running OOD evaluation (epoch 8)...
2026-03-16 11:58:53,252 [INFO] OOD accuracies: imagenet_c_contrast_s3: 23.1%, imagenet_c_defocus_blur_s3: 17.6%, imagenet_c_fog_s3: 15.8%, imagenet_c_gaussian_noise_s3: 7.5%
2026-03-16 11:58:53,269 [INFO] Epoch 8/25 | Train Loss: 3.6136, Train Acc: 23.37% | Val Loss: 3.3462, Val Acc: 28.97% | LR: 0.000770 | Time: 319.5s
2026-03-16 11:58:53,524 [INFO] New best accuracy: 28.97%
2026-03-16 12:03:30,155 [INFO] Running OOD evaluation (epoch 9)...
2026-03-16 12:04:15,365 [INFO] OOD accuracies: imagenet_c_contrast_s3: 24.5%, imagenet_c_defocus_blur_s3: 23.1%, imagenet_c_fog_s3: 19.1%, imagenet_c_gaussian_noise_s3: 10.9%
2026-03-16 12:04:15,382 [INFO] Epoch 9/25 | Train Loss: 3.4851, Train Acc: 26.52% | Val Loss: 3.3144, Val Acc: 30.50% | LR: 0.000716 | Time: 320.2s
2026-03-16 12:04:15,634 [INFO] New best accuracy: 30.50%
2026-03-16 12:08:52,327 [INFO] Running OOD evaluation (epoch 10)...
2026-03-16 12:09:37,354 [INFO] OOD accuracies: imagenet_c_contrast_s3: 27.3%, imagenet_c_defocus_blur_s3: 25.3%, imagenet_c_fog_s3: 20.7%, imagenet_c_gaussian_noise_s3: 12.6%
2026-03-16 12:09:37,371 [INFO] Epoch 10/25 | Train Loss: 3.3686, Train Acc: 29.44% | Val Loss: 3.1581, Val Acc: 34.41% | LR: 0.000658 | Time: 319.8s
2026-03-16 12:09:37,628 [INFO] New best accuracy: 34.41%
2026-03-16 12:14:25,710 [INFO] Epoch 11/25 | Train Loss: 3.2674, Train Acc: 32.04% | (validation skipped) | LR: 0.000598 | Time: 286.4s
2026-03-16 12:19:00,360 [INFO] Running OOD evaluation (epoch 12)...
2026-03-16 12:19:45,682 [INFO] OOD accuracies: imagenet_c_contrast_s3: 34.2%, imagenet_c_defocus_blur_s3: 27.6%, imagenet_c_fog_s3: 23.6%, imagenet_c_gaussian_noise_s3: 14.5%
2026-03-16 12:19:45,698 [INFO] Epoch 12/25 | Train Loss: 3.1696, Train Acc: 34.56% | Val Loss: 2.9705, Val Acc: 39.62% | LR: 0.000536 | Time: 320.0s
2026-03-16 12:19:45,950 [INFO] New best accuracy: 39.62%
2026-03-16 12:24:15,752 [INFO] Epoch 13/25 | Train Loss: 3.0765, Train Acc: 36.90% | (validation skipped) | LR: 0.000474 | Time: 268.2s
2026-03-16 12:28:50,315 [INFO] Running OOD evaluation (epoch 14)...
2026-03-16 12:29:35,392 [INFO] OOD accuracies: imagenet_c_contrast_s3: 38.4%, imagenet_c_defocus_blur_s3: 27.6%, imagenet_c_fog_s3: 25.0%, imagenet_c_gaussian_noise_s3: 12.2%
2026-03-16 12:29:35,408 [INFO] Epoch 14/25 | Train Loss: 2.9962, Train Acc: 38.90% | Val Loss: 2.7252, Val Acc: 46.04% | LR: 0.000412 | Time: 319.7s
2026-03-16 12:29:35,662 [INFO] New best accuracy: 46.04%
2026-03-16 12:34:05,585 [INFO] Epoch 15/25 | Train Loss: 2.9263, Train Acc: 40.82% | (validation skipped) | LR: 0.000352 | Time: 268.3s
2026-03-16 12:38:40,447 [INFO] Running OOD evaluation (epoch 16)...
2026-03-16 12:39:26,441 [INFO] OOD accuracies: imagenet_c_contrast_s3: 40.7%, imagenet_c_defocus_blur_s3: 26.6%, imagenet_c_fog_s3: 24.8%, imagenet_c_gaussian_noise_s3: 14.7%
2026-03-16 12:39:26,455 [INFO] Epoch 16/25 | Train Loss: 2.8489, Train Acc: 42.85% | Val Loss: 2.6013, Val Acc: 49.43% | LR: 0.000294 | Time: 320.9s
2026-03-16 12:39:26,706 [INFO] New best accuracy: 49.43%
2026-03-16 12:43:57,048 [INFO] Epoch 17/25 | Train Loss: 2.7903, Train Acc: 44.44% | (validation skipped) | LR: 0.000240 | Time: 268.7s
2026-03-16 12:48:31,847 [INFO] Running OOD evaluation (epoch 18)...
2026-03-16 12:49:16,961 [INFO] OOD accuracies: imagenet_c_contrast_s3: 44.1%, imagenet_c_defocus_blur_s3: 31.8%, imagenet_c_fog_s3: 30.1%, imagenet_c_gaussian_noise_s3: 14.3%
2026-03-16 12:49:17,526 [INFO] Epoch 18/25 | Train Loss: 2.7330, Train Acc: 45.94% | Val Loss: 2.5013, Val Acc: 52.28% | LR: 0.000189 | Time: 320.5s
2026-03-16 12:49:18,174 [INFO] New best accuracy: 52.28%
Traceback (most recent call last):
  File "/gpfs/home1/mbolding/.local/share/mamba/envs/visioncnn/lib/python3.11/shutil.py", line 279, in copyfile
    copyfileobj(fsrc, fdst)
  File "/gpfs/home1/mbolding/.local/share/mamba/envs/visioncnn/lib/python3.11/shutil.py", line 200, in copyfileobj
    fdst_write(buf)
OSError: [Errno 122] Disk quota exceeded

During handling of the above exception, another exception occurred:

Traceback (most recent call last):
  File "/gpfs/home1/mbolding/visionCNN/scripts/train.py", line 836, in <module>
    main(args)
  File "/gpfs/home1/mbolding/visionCNN/scripts/train.py", line 790, in main
    artifact.add_file(os.path.join(run_dir, "best.pt"))
  File "/gpfs/home1/mbolding/.local/share/mamba/envs/visioncnn/lib/python3.11/site-packages/wandb/sdk/artifacts/_validators.py", line 272, in wrapper
    return method(self, *args, **kwargs)
           ^^^^^^^^^^^^^^^^^^^^^^^^^^^^^
  File "/gpfs/home1/mbolding/.local/share/mamba/envs/visioncnn/lib/python3.11/site-packages/wandb/sdk/artifacts/artifact.py", line 1488, in add_file
    return self._add_local_file(
           ^^^^^^^^^^^^^^^^^^^^^
  File "/gpfs/home1/mbolding/.local/share/mamba/envs/visioncnn/lib/python3.11/site-packages/wandb/sdk/artifacts/artifact.py", line 1769, in _add_local_file
    shutil.copyfile(path, staging_path)
  File "/gpfs/home1/mbolding/.local/share/mamba/envs/visioncnn/lib/python3.11/shutil.py", line 258, in copyfile
    with open(dst, 'wb') as fdst:
OSError: [Errno 122] Disk quota exceeded
[rank0]: Traceback (most recent call last):
[rank0]:   File "/gpfs/home1/mbolding/.local/share/mamba/envs/visioncnn/lib/python3.11/shutil.py", line 279, in copyfile
[rank0]:     copyfileobj(fsrc, fdst)
[rank0]:   File "/gpfs/home1/mbolding/.local/share/mamba/envs/visioncnn/lib/python3.11/shutil.py", line 200, in copyfileobj
[rank0]:     fdst_write(buf)
[rank0]: OSError: [Errno 122] Disk quota exceeded

[rank0]: During handling of the above exception, another exception occurred:

[rank0]: Traceback (most recent call last):
[rank0]:   File "/gpfs/home1/mbolding/visionCNN/scripts/train.py", line 836, in <module>
[rank0]:     main(args)
[rank0]:   File "/gpfs/home1/mbolding/visionCNN/scripts/train.py", line 790, in main
[rank0]:     artifact.add_file(os.path.join(run_dir, "best.pt"))
[rank0]:   File "/gpfs/home1/mbolding/.local/share/mamba/envs/visioncnn/lib/python3.11/site-packages/wandb/sdk/artifacts/_validators.py", line 272, in wrapper
[rank0]:     return method(self, *args, **kwargs)
[rank0]:            ^^^^^^^^^^^^^^^^^^^^^^^^^^^^^
[rank0]:   File "/gpfs/home1/mbolding/.local/share/mamba/envs/visioncnn/lib/python3.11/site-packages/wandb/sdk/artifacts/artifact.py", line 1488, in add_file
[rank0]:     return self._add_local_file(
[rank0]:            ^^^^^^^^^^^^^^^^^^^^^
[rank0]:   File "/gpfs/home1/mbolding/.local/share/mamba/envs/visioncnn/lib/python3.11/site-packages/wandb/sdk/artifacts/artifact.py", line 1769, in _add_local_file
[rank0]:     shutil.copyfile(path, staging_path)
[rank0]:   File "/gpfs/home1/mbolding/.local/share/mamba/envs/visioncnn/lib/python3.11/shutil.py", line 258, in copyfile
[rank0]:     with open(dst, 'wb') as fdst:
[rank0]: OSError: [Errno 122] Disk quota exceeded
E0316 12:52:04.106000 4107139 site-packages/torch/distributed/elastic/multiprocessing/api.py:869] failed (exitcode: 1) local_rank: 0 (pid: 4107156) of binary: /gpfs/home1/mbolding/.local/share/mamba/envs/visioncnn/bin/python
Traceback (most recent call last):
  File "/gpfs/home1/mbolding/.local/share/mamba/envs/visioncnn/bin/torchrun", line 33, in <module>
    sys.exit(load_entry_point('torch==2.5.1', 'console_scripts', 'torchrun')())
             ^^^^^^^^^^^^^^^^^^^^^^^^^^^^^^^^^^^^^^^^^^^^^^^^^^^^^^^^^^^^^^^^^
  File "/gpfs/home1/mbolding/.local/share/mamba/envs/visioncnn/lib/python3.11/site-packages/torch/distributed/elastic/multiprocessing/errors/__init__.py", line 355, in wrapper
    return f(*args, **kwargs)
           ^^^^^^^^^^^^^^^^^^
  File "/gpfs/home1/mbolding/.local/share/mamba/envs/visioncnn/lib/python3.11/site-packages/torch/distributed/run.py", line 919, in main
    run(args)
  File "/gpfs/home1/mbolding/.local/share/mamba/envs/visioncnn/lib/python3.11/site-packages/torch/distributed/run.py", line 910, in run
    elastic_launch(
  File "/gpfs/home1/mbolding/.local/share/mamba/envs/visioncnn/lib/python3.11/site-packages/torch/distributed/launcher/api.py", line 138, in __call__
    return launch_agent(self._config, self._entrypoint, list(args))
           ^^^^^^^^^^^^^^^^^^^^^^^^^^^^^^^^^^^^^^^^^^^^^^^^^^^^^^^^
  File "/gpfs/home1/mbolding/.local/share/mamba/envs/visioncnn/lib/python3.11/site-packages/torch/distributed/launcher/api.py", line 269, in launch_agent
    raise ChildFailedError(
torch.distributed.elastic.multiprocessing.errors.ChildFailedError: 
============================================================
scripts/train.py FAILED
------------------------------------------------------------
Failures:
  <NO_OTHER_FAILURES>
------------------------------------------------------------
Root Cause (first observed failure):
[0]:
  time      : 2026-03-16_12:52:04
  host      : gcn56.local.snellius.surf.nl
  rank      : 0 (local_rank: 0)
  exitcode  : 1 (pid: 4107156)
  error_file: <N/A>
  traceback : To enable traceback see: https://pytorch.org/docs/stable/elastic/errors.html
============================================================
srun: error: gcn56: task 0: Exited with exit code 1
srun: Terminating StepId=20761166.0
