==============================================
SLURM Job Information
==============================================
Job ID: 20763117
Job Name: localnorm_s44
Partition: gpu_a100
Nodes: 1
Tasks per node: 1
GPUs per node: 1
CPUs per task: 
Node list: gcn25
==============================================
Config: configs/imagenet_ecoset_norm_experiment_ecovalid/localnorm.yaml
Additional args: --set training.seed=44 training.batch_size=128 experiment_name=resnet50_localnorm_imagenet_ecoset_ecovalid_seed44
==============================================
Single-node training with 1 GPUs
Outputs will be saved to: logs
NCCL version 2.21.5+cuda12.1
[INFO] Machine: snellius
[INFO] ImageNet root: /scratch-nvme/ml-datasets/imagenet/torchvision_ImageFolder
[1;34mwandb[0m: 
[1;34mwandb[0m: 🚀 View run [33mresnet50_localnorm_imagenet_ecoset_ecovalid_seed44[0m at: [34mhttps://wandb.ai/mellebolding-university-of-amsterdam/norm-comparison/runs/s8js2f1i[0m
