[rank0]:[W316 14:12:37.884936452 ProcessGroupNCCL.cpp:4115] [PG ID 0 PG GUID 0 Rank 0]  using GPU 0 to perform barrier as devices used by this process are currently unknown. This can potentially cause a hang if this rank to GPU mapping is incorrect.Specify device_ids in barrier() to force use of a particular device,or call init_process_group() with a device_id.
2026-03-16 14:12:37,650 [INFO] Distributed: DistributedManager(rank=0, local_rank=0, world_size=1, device=cuda:0, is_distributed=True)
2026-03-16 14:12:37,651 [INFO] Config: {'experiment_name': 'resnet50_rmsnorm_imagenet_ecoset_ecovalid_seed45', 'model': {'name': 'resnet50_custom', 'num_classes': 136, 'norm_layer': 'rmsnorm'}, 'data': {'dataset': 'imagenet_ecoset136', 'root': '/scratch-nvme/ml-datasets/imagenet/torchvision_ImageFolder', 'img_size': 224, 'backend': 'pytorch', 'num_workers': 16, 'pin_memory': True, 'persistent_workers': True, 'prefetch_factor': 2, 'gpu_transforms': True, 'random_rotation': True, 'random_rotation_degrees': 15, 'color_jitter': True, 'color_jitter_brightness': 0.2, 'color_jitter_contrast': 0.2, 'color_jitter_saturation': 0.2, 'color_jitter_hue': 0.05, 'gaussian_blur': True, 'random_grayscale': True, 'random_grayscale_p': 0.1}, 'training': {'epochs': 25, 'batch_size': 256, 'lr': 0.001, 'min_lr': 1e-05, 'weight_decay': 0.05, 'optimizer': 'adamw', 'scheduler': 'cosine', 'label_smoothing': 0.1, 'use_amp': True, 'channels_last': True, 'seed': 45, 'checkpoint_schedule': [[10, 1], [20, 2], [25, 3]], 'disable_progress_bar': True}, 'logging': {'log_dir': 'logs'}, 'ood_eval': {'enabled': True, 'source_dataset': 'imagenet_ecoset136', 'datasets_root': '/scratch-nvme/ml-datasets', 'imagenet_c': {'during_training': True, 'corruptions_during_training': ['gaussian_noise', 'defocus_blur', 'fog', 'contrast'], 'severity_during_training': 3}, 'save_predictions': True}, 'wandb': {'enabled': True, 'project': 'norm-comparison', 'group': 'resnet50-imagenet-ecoset-ecovalid-norm-experiment', 'tags': ['norm-experiment', 'a100', 'resnet50', 'snellius', 'imagenet_ecoset136', 'ecovalid-aug', 'rmsnorm']}, '_machine': {'log_dir': '/projects/prjs0771/melle/projects/visionCNN/logs'}}
2026-03-16 14:12:37,651 [INFO] Run directory: logs/resnet50_rmsnorm_imagenet_ecoset_ecovalid_seed45
wandb: [wandb.login()] Loaded credentials for https://api.wandb.ai from /home/mbolding/.netrc.
wandb: Currently logged in as: mellebolding (mellebolding-university-of-amsterdam) to https://api.wandb.ai. Use `wandb login --relogin` to force relogin
wandb: setting up run vhgcs7dw
wandb: Tracking run with wandb version 0.25.0
wandb: Run data is saved locally in logs/resnet50_rmsnorm_imagenet_ecoset_ecovalid_seed45/wandb/run-20260316_141238-vhgcs7dw
wandb: Run `wandb offline` to turn off syncing.
wandb: Syncing run resnet50_rmsnorm_imagenet_ecoset_ecovalid_seed45
wandb: ⭐️ View project at https://wandb.ai/mellebolding-university-of-amsterdam/norm-comparison
wandb: 🚀 View run at https://wandb.ai/mellebolding-university-of-amsterdam/norm-comparison/runs/vhgcs7dw
2026-03-16 14:12:39,219 [INFO] Weights & Biases logging enabled
2026-03-16 14:12:39,222 [INFO] Set random seed: 45 (rank offset applied)
2026-03-16 14:12:39,222 [INFO] Using device: cuda:0
2026-03-16 14:12:39,223 [INFO] World size: 1
2026-03-16 14:12:39,554 [INFO] Model: resnet50_custom, Parameters: 23,760,136
2026-03-16 14:12:39,581 [INFO] Using channels-last (NHWC) memory format
2026-03-16 14:12:39,614 [INFO] Mixed precision training: True
2026-03-16 14:12:57,515 [INFO] Using GPU-accelerated transforms to reduce CPU bottleneck
2026-03-16 14:12:57,516 [INFO] Train samples: 176411, Val samples: 6800
2026-03-16 14:12:57,516 [INFO] Effective batch size: 256 (256 x 1 GPUs)
2026-03-16 14:13:08,257 [INFO] OOD evaluation enabled: 4 datasets loaded (imagenet_c_gaussian_noise_s3, imagenet_c_defocus_blur_s3, imagenet_c_fog_s3, imagenet_c_contrast_s3)
2026-03-16 14:13:08,257 [INFO] Saving per-image predictions to logs/resnet50_rmsnorm_imagenet_ecoset_ecovalid_seed45/predictions
2026-03-16 14:13:08,258 [INFO] Starting training for 25 epochs...
2026-03-16 14:19:01,597 [INFO] Running OOD evaluation (epoch 1)...
2026-03-16 14:19:46,718 [INFO] OOD accuracies: imagenet_c_contrast_s3: 2.7%, imagenet_c_defocus_blur_s3: 4.7%, imagenet_c_fog_s3: 2.0%, imagenet_c_gaussian_noise_s3: 4.6%
2026-03-16 14:19:46,742 [INFO] Epoch 1/25 | Train Loss: 4.8257, Train Acc: 1.87% | Val Loss: 4.5916, Val Acc: 4.79% | LR: 0.000996 | Time: 398.5s
2026-03-16 14:19:46,991 [INFO] New best accuracy: 4.79%
2026-03-16 14:25:37,067 [INFO] Running OOD evaluation (epoch 2)...
2026-03-16 14:26:22,329 [INFO] OOD accuracies: imagenet_c_contrast_s3: 6.6%, imagenet_c_defocus_blur_s3: 8.7%, imagenet_c_fog_s3: 6.3%, imagenet_c_gaussian_noise_s3: 8.9%
2026-03-16 14:26:22,346 [INFO] Epoch 2/25 | Train Loss: 4.4794, Train Acc: 6.59% | Val Loss: 4.2215, Val Acc: 11.50% | LR: 0.000984 | Time: 392.4s
2026-03-16 14:26:22,688 [INFO] New best accuracy: 11.50%
2026-03-16 14:32:11,650 [INFO] Running OOD evaluation (epoch 3)...
2026-03-16 14:32:56,567 [INFO] OOD accuracies: imagenet_c_contrast_s3: 12.3%, imagenet_c_defocus_blur_s3: 16.9%, imagenet_c_fog_s3: 9.1%, imagenet_c_gaussian_noise_s3: 12.0%
2026-03-16 14:32:56,586 [INFO] Epoch 3/25 | Train Loss: 4.0930, Train Acc: 13.73% | Val Loss: 3.7266, Val Acc: 20.78% | LR: 0.000965 | Time: 392.1s
2026-03-16 14:32:56,828 [INFO] New best accuracy: 20.78%
2026-03-16 14:38:46,289 [INFO] Running OOD evaluation (epoch 4)...
2026-03-16 14:39:31,952 [INFO] OOD accuracies: imagenet_c_contrast_s3: 15.8%, imagenet_c_defocus_blur_s3: 19.5%, imagenet_c_fog_s3: 10.8%, imagenet_c_gaussian_noise_s3: 12.3%
2026-03-16 14:39:31,970 [INFO] Epoch 4/25 | Train Loss: 3.7877, Train Acc: 20.17% | Val Loss: 3.4383, Val Acc: 26.94% | LR: 0.000939 | Time: 393.5s
2026-03-16 14:39:32,217 [INFO] New best accuracy: 26.94%
2026-03-16 14:45:21,610 [INFO] Running OOD evaluation (epoch 5)...
2026-03-16 14:46:07,094 [INFO] OOD accuracies: imagenet_c_contrast_s3: 19.9%, imagenet_c_defocus_blur_s3: 22.8%, imagenet_c_fog_s3: 13.7%, imagenet_c_gaussian_noise_s3: 15.9%
2026-03-16 14:46:07,111 [INFO] Epoch 5/25 | Train Loss: 3.5630, Train Acc: 25.25% | Val Loss: 3.2453, Val Acc: 32.66% | LR: 0.000905 | Time: 393.2s
2026-03-16 14:46:07,352 [INFO] New best accuracy: 32.66%
2026-03-16 14:51:56,861 [INFO] Running OOD evaluation (epoch 6)...
2026-03-16 14:52:42,416 [INFO] OOD accuracies: imagenet_c_contrast_s3: 24.0%, imagenet_c_defocus_blur_s3: 24.9%, imagenet_c_fog_s3: 19.5%, imagenet_c_gaussian_noise_s3: 12.9%
2026-03-16 14:52:42,433 [INFO] Epoch 6/25 | Train Loss: 3.3887, Train Acc: 29.40% | Val Loss: 3.0753, Val Acc: 36.53% | LR: 0.000866 | Time: 393.4s
2026-03-16 14:52:42,675 [INFO] New best accuracy: 36.53%
2026-03-16 14:58:31,619 [INFO] Running OOD evaluation (epoch 7)...
2026-03-16 14:59:16,461 [INFO] OOD accuracies: imagenet_c_contrast_s3: 24.8%, imagenet_c_defocus_blur_s3: 26.3%, imagenet_c_fog_s3: 20.6%, imagenet_c_gaussian_noise_s3: 14.6%
Traceback (most recent call last):
  File "/gpfs/home1/mbolding/.local/share/mamba/envs/visioncnn/lib/python3.11/site-packages/numpy/lib/_npyio_impl.py", line 785, in _savez
    with zipf.open(fname, 'w', force_zip64=True) as fid:
  File "/gpfs/home1/mbolding/.local/share/mamba/envs/visioncnn/lib/python3.11/zipfile.py", line 1234, in close
    self._fileobj.seek(self._zinfo.header_offset)
OSError: [Errno 122] Disk quota exceeded

During handling of the above exception, another exception occurred:

Traceback (most recent call last):
  File "/gpfs/home1/mbolding/.local/share/mamba/envs/visioncnn/lib/python3.11/zipfile.py", line 1925, in close
    self.fp.seek(self.start_dir)
OSError: [Errno 122] Disk quota exceeded

During handling of the above exception, another exception occurred:

Traceback (most recent call last):
  File "/gpfs/home1/mbolding/visionCNN/scripts/train.py", line 836, in <module>
    main(args)
  File "/gpfs/home1/mbolding/visionCNN/scripts/train.py", line 712, in main
    save_predictions_to_file(
  File "/gpfs/home1/mbolding/visionCNN/src/evaluation/ood_eval.py", line 235, in save_predictions_to_file
    np.savez_compressed(filepath, **{
  File "/gpfs/home1/mbolding/.local/share/mamba/envs/visioncnn/lib/python3.11/site-packages/numpy/lib/_npyio_impl.py", line 753, in savez_compressed
    _savez(file, args, kwds, True, allow_pickle=allow_pickle)
  File "/gpfs/home1/mbolding/.local/share/mamba/envs/visioncnn/lib/python3.11/site-packages/numpy/lib/_npyio_impl.py", line 790, in _savez
    zipf.close()
  File "/gpfs/home1/mbolding/.local/share/mamba/envs/visioncnn/lib/python3.11/zipfile.py", line 1930, in close
    self._fpclose(fp)
  File "/gpfs/home1/mbolding/.local/share/mamba/envs/visioncnn/lib/python3.11/zipfile.py", line 2030, in _fpclose
    fp.close()
OSError: [Errno 122] Disk quota exceeded
[rank0]: Traceback (most recent call last):
[rank0]:   File "/gpfs/home1/mbolding/.local/share/mamba/envs/visioncnn/lib/python3.11/site-packages/numpy/lib/_npyio_impl.py", line 785, in _savez
[rank0]:     with zipf.open(fname, 'w', force_zip64=True) as fid:
[rank0]:   File "/gpfs/home1/mbolding/.local/share/mamba/envs/visioncnn/lib/python3.11/zipfile.py", line 1234, in close
[rank0]:     self._fileobj.seek(self._zinfo.header_offset)
[rank0]: OSError: [Errno 122] Disk quota exceeded

[rank0]: During handling of the above exception, another exception occurred:

[rank0]: Traceback (most recent call last):
[rank0]:   File "/gpfs/home1/mbolding/.local/share/mamba/envs/visioncnn/lib/python3.11/zipfile.py", line 1925, in close
[rank0]:     self.fp.seek(self.start_dir)
[rank0]: OSError: [Errno 122] Disk quota exceeded

[rank0]: During handling of the above exception, another exception occurred:

[rank0]: Traceback (most recent call last):
[rank0]:   File "/gpfs/home1/mbolding/visionCNN/scripts/train.py", line 836, in <module>
[rank0]:     main(args)
[rank0]:   File "/gpfs/home1/mbolding/visionCNN/scripts/train.py", line 712, in main
[rank0]:     save_predictions_to_file(
[rank0]:   File "/gpfs/home1/mbolding/visionCNN/src/evaluation/ood_eval.py", line 235, in save_predictions_to_file
[rank0]:     np.savez_compressed(filepath, **{
[rank0]:   File "/gpfs/home1/mbolding/.local/share/mamba/envs/visioncnn/lib/python3.11/site-packages/numpy/lib/_npyio_impl.py", line 753, in savez_compressed
[rank0]:     _savez(file, args, kwds, True, allow_pickle=allow_pickle)
[rank0]:   File "/gpfs/home1/mbolding/.local/share/mamba/envs/visioncnn/lib/python3.11/site-packages/numpy/lib/_npyio_impl.py", line 790, in _savez
[rank0]:     zipf.close()
[rank0]:   File "/gpfs/home1/mbolding/.local/share/mamba/envs/visioncnn/lib/python3.11/zipfile.py", line 1930, in close
[rank0]:     self._fpclose(fp)
[rank0]:   File "/gpfs/home1/mbolding/.local/share/mamba/envs/visioncnn/lib/python3.11/zipfile.py", line 2030, in _fpclose
[rank0]:     fp.close()
[rank0]: OSError: [Errno 122] Disk quota exceeded
E0316 15:02:00.400000 419307 site-packages/torch/distributed/elastic/multiprocessing/api.py:869] failed (exitcode: 1) local_rank: 0 (pid: 419321) of binary: /gpfs/home1/mbolding/.local/share/mamba/envs/visioncnn/bin/python
Traceback (most recent call last):
  File "/gpfs/home1/mbolding/.local/share/mamba/envs/visioncnn/bin/torchrun", line 33, in <module>
    sys.exit(load_entry_point('torch==2.5.1', 'console_scripts', 'torchrun')())
             ^^^^^^^^^^^^^^^^^^^^^^^^^^^^^^^^^^^^^^^^^^^^^^^^^^^^^^^^^^^^^^^^^
  File "/gpfs/home1/mbolding/.local/share/mamba/envs/visioncnn/lib/python3.11/site-packages/torch/distributed/elastic/multiprocessing/errors/__init__.py", line 355, in wrapper
    return f(*args, **kwargs)
           ^^^^^^^^^^^^^^^^^^
  File "/gpfs/home1/mbolding/.local/share/mamba/envs/visioncnn/lib/python3.11/site-packages/torch/distributed/run.py", line 919, in main
    run(args)
  File "/gpfs/home1/mbolding/.local/share/mamba/envs/visioncnn/lib/python3.11/site-packages/torch/distributed/run.py", line 910, in run
    elastic_launch(
  File "/gpfs/home1/mbolding/.local/share/mamba/envs/visioncnn/lib/python3.11/site-packages/torch/distributed/launcher/api.py", line 138, in __call__
    return launch_agent(self._config, self._entrypoint, list(args))
           ^^^^^^^^^^^^^^^^^^^^^^^^^^^^^^^^^^^^^^^^^^^^^^^^^^^^^^^^
  File "/gpfs/home1/mbolding/.local/share/mamba/envs/visioncnn/lib/python3.11/site-packages/torch/distributed/launcher/api.py", line 269, in launch_agent
    raise ChildFailedError(
torch.distributed.elastic.multiprocessing.errors.ChildFailedError: 
============================================================
scripts/train.py FAILED
------------------------------------------------------------
Failures:
  <NO_OTHER_FAILURES>
------------------------------------------------------------
Root Cause (first observed failure):
[0]:
  time      : 2026-03-16_15:02:00
  host      : gcn34.local.snellius.surf.nl
  rank      : 0 (local_rank: 0)
  exitcode  : 1 (pid: 419321)
  error_file: <N/A>
  traceback : To enable traceback see: https://pytorch.org/docs/stable/elastic/errors.html
============================================================
srun: error: gcn34: task 0: Exited with exit code 1
srun: Terminating StepId=20769812.0
