[rank0]:[W316 11:15:05.786538510 ProcessGroupNCCL.cpp:4115] [PG ID 0 PG GUID 0 Rank 0]  using GPU 0 to perform barrier as devices used by this process are currently unknown. This can potentially cause a hang if this rank to GPU mapping is incorrect.Specify device_ids in barrier() to force use of a particular device,or call init_process_group() with a device_id.
2026-03-16 11:15:06,139 [INFO] Distributed: DistributedManager(rank=0, local_rank=0, world_size=1, device=cuda:0, is_distributed=True)
2026-03-16 11:15:06,139 [INFO] Config: {'experiment_name': 'resnet50_layernorm_imagenet_ecoset_ecovalid_seed46', 'model': {'name': 'resnet50_custom', 'num_classes': 136, 'norm_layer': 'layernorm'}, 'data': {'dataset': 'imagenet_ecoset136', 'root': '/scratch-nvme/ml-datasets/imagenet/torchvision_ImageFolder', 'img_size': 224, 'backend': 'pytorch', 'num_workers': 16, 'pin_memory': True, 'persistent_workers': True, 'prefetch_factor': 2, 'gpu_transforms': True, 'random_rotation': True, 'random_rotation_degrees': 15, 'color_jitter': True, 'color_jitter_brightness': 0.2, 'color_jitter_contrast': 0.2, 'color_jitter_saturation': 0.2, 'color_jitter_hue': 0.05, 'gaussian_blur': True, 'random_grayscale': True, 'random_grayscale_p': 0.1}, 'training': {'epochs': 25, 'batch_size': 256, 'lr': 0.001, 'min_lr': 1e-05, 'weight_decay': 0.05, 'optimizer': 'adamw', 'scheduler': 'cosine', 'label_smoothing': 0.1, 'use_amp': True, 'channels_last': True, 'seed': 46, 'checkpoint_schedule': [[10, 1], [20, 2], [25, 3]], 'disable_progress_bar': True}, 'logging': {'log_dir': 'logs'}, 'ood_eval': {'enabled': True, 'source_dataset': 'imagenet_ecoset136', 'datasets_root': '/scratch-nvme/ml-datasets', 'imagenet_c': {'during_training': True, 'corruptions_during_training': ['gaussian_noise', 'defocus_blur', 'fog', 'contrast'], 'severity_during_training': 3}, 'save_predictions': True}, 'wandb': {'enabled': True, 'project': 'norm-comparison', 'group': 'resnet50-imagenet-ecoset-ecovalid-norm-experiment', 'tags': ['resnet50', 'a100', 'ecovalid-aug', 'snellius', 'norm-experiment', 'imagenet_ecoset136', 'layernorm']}, '_machine': {'log_dir': '/projects/prjs0771/melle/projects/visionCNN/logs'}}
2026-03-16 11:15:06,140 [INFO] Run directory: logs/resnet50_layernorm_imagenet_ecoset_ecovalid_seed46
wandb: [wandb.login()] Loaded credentials for https://api.wandb.ai from /home/mbolding/.netrc.
wandb: Currently logged in as: mellebolding (mellebolding-university-of-amsterdam) to https://api.wandb.ai. Use `wandb login --relogin` to force relogin
wandb: setting up run z99g4knv
wandb: Tracking run with wandb version 0.25.0
wandb: Run data is saved locally in logs/resnet50_layernorm_imagenet_ecoset_ecovalid_seed46/wandb/run-20260316_111506-z99g4knv
wandb: Run `wandb offline` to turn off syncing.
wandb: Syncing run resnet50_layernorm_imagenet_ecoset_ecovalid_seed46
wandb: ⭐️ View project at https://wandb.ai/mellebolding-university-of-amsterdam/norm-comparison
wandb: 🚀 View run at https://wandb.ai/mellebolding-university-of-amsterdam/norm-comparison/runs/z99g4knv
2026-03-16 11:15:08,785 [INFO] Weights & Biases logging enabled
2026-03-16 11:15:08,788 [INFO] Set random seed: 46 (rank offset applied)
2026-03-16 11:15:08,789 [INFO] Using device: cuda:0
2026-03-16 11:15:08,789 [INFO] World size: 1
2026-03-16 11:15:09,143 [INFO] Model: resnet50_custom, Parameters: 23,786,696
2026-03-16 11:15:09,175 [INFO] Using channels-last (NHWC) memory format
2026-03-16 11:15:09,216 [INFO] Mixed precision training: True
2026-03-16 11:15:42,637 [INFO] Using GPU-accelerated transforms to reduce CPU bottleneck
2026-03-16 11:15:42,638 [INFO] Train samples: 176411, Val samples: 6800
2026-03-16 11:15:42,638 [INFO] Effective batch size: 256 (256 x 1 GPUs)
2026-03-16 11:15:52,123 [INFO] OOD evaluation enabled: 4 datasets loaded (imagenet_c_gaussian_noise_s3, imagenet_c_defocus_blur_s3, imagenet_c_fog_s3, imagenet_c_contrast_s3)
2026-03-16 11:15:52,124 [INFO] Saving per-image predictions to logs/resnet50_layernorm_imagenet_ecoset_ecovalid_seed46/predictions
2026-03-16 11:15:52,124 [INFO] Starting training for 25 epochs...
2026-03-16 11:20:33,801 [INFO] Running OOD evaluation (epoch 1)...
2026-03-16 11:21:19,787 [INFO] OOD accuracies: imagenet_c_contrast_s3: 2.3%, imagenet_c_defocus_blur_s3: 2.6%, imagenet_c_fog_s3: 1.2%, imagenet_c_gaussian_noise_s3: 2.8%
2026-03-16 11:21:19,805 [INFO] Epoch 1/25 | Train Loss: 4.8976, Train Acc: 1.21% | Val Loss: 4.7529, Val Acc: 2.62% | LR: 0.000996 | Time: 327.7s
2026-03-16 11:21:20,116 [INFO] New best accuracy: 2.62%
2026-03-16 11:25:59,002 [INFO] Running OOD evaluation (epoch 2)...
2026-03-16 11:26:44,024 [INFO] OOD accuracies: imagenet_c_contrast_s3: 4.8%, imagenet_c_defocus_blur_s3: 6.8%, imagenet_c_fog_s3: 1.9%, imagenet_c_gaussian_noise_s3: 5.9%
2026-03-16 11:26:44,040 [INFO] Epoch 2/25 | Train Loss: 4.6734, Train Acc: 3.88% | Val Loss: 4.4478, Val Acc: 7.50% | LR: 0.000984 | Time: 321.0s
2026-03-16 11:26:44,290 [INFO] New best accuracy: 7.50%
2026-03-16 11:31:22,104 [INFO] Running OOD evaluation (epoch 3)...
2026-03-16 11:32:07,418 [INFO] OOD accuracies: imagenet_c_contrast_s3: 7.7%, imagenet_c_defocus_blur_s3: 11.1%, imagenet_c_fog_s3: 3.3%, imagenet_c_gaussian_noise_s3: 11.8%
2026-03-16 11:32:07,435 [INFO] Epoch 3/25 | Train Loss: 4.3674, Train Acc: 8.72% | Val Loss: 4.0846, Val Acc: 14.31% | LR: 0.000965 | Time: 321.5s
2026-03-16 11:32:07,683 [INFO] New best accuracy: 14.31%
2026-03-16 11:36:45,533 [INFO] Running OOD evaluation (epoch 4)...
2026-03-16 11:37:31,636 [INFO] OOD accuracies: imagenet_c_contrast_s3: 11.5%, imagenet_c_defocus_blur_s3: 15.4%, imagenet_c_fog_s3: 5.9%, imagenet_c_gaussian_noise_s3: 12.7%
2026-03-16 11:37:31,652 [INFO] Epoch 4/25 | Train Loss: 4.0925, Train Acc: 14.07% | Val Loss: 3.8767, Val Acc: 17.84% | LR: 0.000939 | Time: 322.4s
2026-03-16 11:37:31,902 [INFO] New best accuracy: 17.84%
2026-03-16 11:42:09,320 [INFO] Running OOD evaluation (epoch 5)...
2026-03-16 11:42:54,540 [INFO] OOD accuracies: imagenet_c_contrast_s3: 13.7%, imagenet_c_defocus_blur_s3: 16.6%, imagenet_c_fog_s3: 7.7%, imagenet_c_gaussian_noise_s3: 13.2%
2026-03-16 11:42:54,558 [INFO] Epoch 5/25 | Train Loss: 3.8793, Train Acc: 18.43% | Val Loss: 3.6045, Val Acc: 24.63% | LR: 0.000905 | Time: 321.1s
2026-03-16 11:42:54,810 [INFO] New best accuracy: 24.63%
2026-03-16 11:47:32,404 [INFO] Running OOD evaluation (epoch 6)...
2026-03-16 11:48:17,426 [INFO] OOD accuracies: imagenet_c_contrast_s3: 16.1%, imagenet_c_defocus_blur_s3: 19.8%, imagenet_c_fog_s3: 9.3%, imagenet_c_gaussian_noise_s3: 12.5%
2026-03-16 11:48:17,442 [INFO] Epoch 6/25 | Train Loss: 3.7123, Train Acc: 22.12% | Val Loss: 3.4673, Val Acc: 27.44% | LR: 0.000866 | Time: 321.0s
2026-03-16 11:48:17,692 [INFO] New best accuracy: 27.44%
2026-03-16 11:52:55,341 [INFO] Running OOD evaluation (epoch 7)...
2026-03-16 11:53:40,661 [INFO] OOD accuracies: imagenet_c_contrast_s3: 18.5%, imagenet_c_defocus_blur_s3: 23.1%, imagenet_c_fog_s3: 10.3%, imagenet_c_gaussian_noise_s3: 14.7%
2026-03-16 11:53:40,791 [INFO] Epoch 7/25 | Train Loss: 3.5771, Train Acc: 25.21% | Val Loss: 3.3471, Val Acc: 30.00% | LR: 0.000821 | Time: 321.5s
2026-03-16 11:53:41,041 [INFO] New best accuracy: 30.00%
2026-03-16 11:58:18,391 [INFO] Running OOD evaluation (epoch 8)...
2026-03-16 11:59:03,698 [INFO] OOD accuracies: imagenet_c_contrast_s3: 21.0%, imagenet_c_defocus_blur_s3: 21.4%, imagenet_c_fog_s3: 13.8%, imagenet_c_gaussian_noise_s3: 12.9%
2026-03-16 11:59:03,715 [INFO] Epoch 8/25 | Train Loss: 3.4531, Train Acc: 28.08% | Val Loss: 3.1255, Val Acc: 35.19% | LR: 0.000770 | Time: 321.1s
2026-03-16 11:59:03,965 [INFO] New best accuracy: 35.19%
2026-03-16 12:03:41,063 [INFO] Running OOD evaluation (epoch 9)...
2026-03-16 12:04:26,441 [INFO] OOD accuracies: imagenet_c_contrast_s3: 22.9%, imagenet_c_defocus_blur_s3: 24.7%, imagenet_c_fog_s3: 13.5%, imagenet_c_gaussian_noise_s3: 12.2%
2026-03-16 12:04:26,457 [INFO] Epoch 9/25 | Train Loss: 3.3369, Train Acc: 30.87% | Val Loss: 3.0447, Val Acc: 38.34% | LR: 0.000716 | Time: 320.8s
2026-03-16 12:04:26,710 [INFO] New best accuracy: 38.34%
2026-03-16 12:09:03,910 [INFO] Running OOD evaluation (epoch 10)...
2026-03-16 12:09:49,220 [INFO] OOD accuracies: imagenet_c_contrast_s3: 26.3%, imagenet_c_defocus_blur_s3: 25.4%, imagenet_c_fog_s3: 17.0%, imagenet_c_gaussian_noise_s3: 14.9%
2026-03-16 12:09:49,238 [INFO] Epoch 10/25 | Train Loss: 3.2325, Train Acc: 33.58% | Val Loss: 2.9569, Val Acc: 40.88% | LR: 0.000658 | Time: 320.9s
2026-03-16 12:09:49,490 [INFO] New best accuracy: 40.88%
2026-03-16 12:14:20,010 [INFO] Epoch 11/25 | Train Loss: 3.1373, Train Acc: 35.93% | (validation skipped) | LR: 0.000598 | Time: 268.9s
2026-03-16 12:18:55,652 [INFO] Running OOD evaluation (epoch 12)...
2026-03-16 12:19:41,205 [INFO] OOD accuracies: imagenet_c_contrast_s3: 29.4%, imagenet_c_defocus_blur_s3: 25.0%, imagenet_c_fog_s3: 16.6%, imagenet_c_gaussian_noise_s3: 11.6%
2026-03-16 12:19:44,432 [INFO] Epoch 12/25 | Train Loss: 3.0528, Train Acc: 38.00% | Val Loss: 2.7827, Val Acc: 44.97% | LR: 0.000536 | Time: 324.4s
2026-03-16 12:19:44,681 [INFO] New best accuracy: 44.97%
2026-03-16 12:24:15,506 [INFO] Epoch 13/25 | Train Loss: 2.9765, Train Acc: 40.09% | (validation skipped) | LR: 0.000474 | Time: 269.2s
2026-03-16 12:28:51,248 [INFO] Running OOD evaluation (epoch 14)...
2026-03-16 12:29:36,396 [INFO] OOD accuracies: imagenet_c_contrast_s3: 34.3%, imagenet_c_defocus_blur_s3: 25.7%, imagenet_c_fog_s3: 19.8%, imagenet_c_gaussian_noise_s3: 15.3%
2026-03-16 12:29:42,373 [INFO] Epoch 14/25 | Train Loss: 2.8986, Train Acc: 42.07% | Val Loss: 2.6509, Val Acc: 48.99% | LR: 0.000412 | Time: 326.9s
2026-03-16 12:29:42,623 [INFO] New best accuracy: 48.99%
2026-03-16 12:34:12,994 [INFO] Epoch 15/25 | Train Loss: 2.8266, Train Acc: 43.93% | (validation skipped) | LR: 0.000352 | Time: 268.8s
2026-03-16 12:38:48,857 [INFO] Running OOD evaluation (epoch 16)...
2026-03-16 12:39:35,254 [INFO] OOD accuracies: imagenet_c_contrast_s3: 36.6%, imagenet_c_defocus_blur_s3: 30.2%, imagenet_c_fog_s3: 20.5%, imagenet_c_gaussian_noise_s3: 14.3%
2026-03-16 12:39:35,271 [INFO] Epoch 16/25 | Train Loss: 2.7649, Train Acc: 45.63% | Val Loss: 2.5585, Val Acc: 51.53% | LR: 0.000294 | Time: 322.3s
2026-03-16 12:39:35,520 [INFO] New best accuracy: 51.53%
2026-03-16 12:44:06,077 [INFO] Epoch 17/25 | Train Loss: 2.7044, Train Acc: 47.07% | (validation skipped) | LR: 0.000240 | Time: 268.9s
2026-03-16 12:48:42,361 [INFO] Running OOD evaluation (epoch 18)...
2026-03-16 12:49:28,449 [INFO] OOD accuracies: imagenet_c_contrast_s3: 40.1%, imagenet_c_defocus_blur_s3: 31.2%, imagenet_c_fog_s3: 22.5%, imagenet_c_gaussian_noise_s3: 14.7%
2026-03-16 12:49:29,161 [INFO] Epoch 18/25 | Train Loss: 2.6560, Train Acc: 48.47% | Val Loss: 2.4811, Val Acc: 53.25% | LR: 0.000189 | Time: 323.1s
2026-03-16 12:49:29,414 [INFO] New best accuracy: 53.25%
Traceback (most recent call last):
  File "/gpfs/home1/mbolding/visionCNN/scripts/train.py", line 836, in <module>
    main(args)
  File "/gpfs/home1/mbolding/visionCNN/scripts/train.py", line 790, in main
    artifact.add_file(os.path.join(run_dir, "best.pt"))
  File "/gpfs/home1/mbolding/.local/share/mamba/envs/visioncnn/lib/python3.11/site-packages/wandb/sdk/artifacts/_validators.py", line 272, in wrapper
    return method(self, *args, **kwargs)
           ^^^^^^^^^^^^^^^^^^^^^^^^^^^^^
  File "/gpfs/home1/mbolding/.local/share/mamba/envs/visioncnn/lib/python3.11/site-packages/wandb/sdk/artifacts/artifact.py", line 1488, in add_file
    return self._add_local_file(
           ^^^^^^^^^^^^^^^^^^^^^
  File "/gpfs/home1/mbolding/.local/share/mamba/envs/visioncnn/lib/python3.11/site-packages/wandb/sdk/artifacts/artifact.py", line 1769, in _add_local_file
    shutil.copyfile(path, staging_path)
  File "/gpfs/home1/mbolding/.local/share/mamba/envs/visioncnn/lib/python3.11/shutil.py", line 269, in copyfile
    _fastcopy_sendfile(fsrc, fdst)
  File "/gpfs/home1/mbolding/.local/share/mamba/envs/visioncnn/lib/python3.11/shutil.py", line 164, in _fastcopy_sendfile
    raise err
  File "/gpfs/home1/mbolding/.local/share/mamba/envs/visioncnn/lib/python3.11/shutil.py", line 144, in _fastcopy_sendfile
    sent = os.sendfile(outfd, infd, offset, blocksize)
           ^^^^^^^^^^^^^^^^^^^^^^^^^^^^^^^^^^^^^^^^^^^
OSError: [Errno 122] Disk quota exceeded: 'logs/resnet50_layernorm_imagenet_ecoset_ecovalid_seed46/best.pt' -> '/home/mbolding/.local/share/wandb/artifacts/staging/tmpxrpf657c'
[rank0]: Traceback (most recent call last):
[rank0]:   File "/gpfs/home1/mbolding/visionCNN/scripts/train.py", line 836, in <module>
[rank0]:     main(args)
[rank0]:   File "/gpfs/home1/mbolding/visionCNN/scripts/train.py", line 790, in main
[rank0]:     artifact.add_file(os.path.join(run_dir, "best.pt"))
[rank0]:   File "/gpfs/home1/mbolding/.local/share/mamba/envs/visioncnn/lib/python3.11/site-packages/wandb/sdk/artifacts/_validators.py", line 272, in wrapper
[rank0]:     return method(self, *args, **kwargs)
[rank0]:            ^^^^^^^^^^^^^^^^^^^^^^^^^^^^^
[rank0]:   File "/gpfs/home1/mbolding/.local/share/mamba/envs/visioncnn/lib/python3.11/site-packages/wandb/sdk/artifacts/artifact.py", line 1488, in add_file
[rank0]:     return self._add_local_file(
[rank0]:            ^^^^^^^^^^^^^^^^^^^^^
[rank0]:   File "/gpfs/home1/mbolding/.local/share/mamba/envs/visioncnn/lib/python3.11/site-packages/wandb/sdk/artifacts/artifact.py", line 1769, in _add_local_file
[rank0]:     shutil.copyfile(path, staging_path)
[rank0]:   File "/gpfs/home1/mbolding/.local/share/mamba/envs/visioncnn/lib/python3.11/shutil.py", line 269, in copyfile
[rank0]:     _fastcopy_sendfile(fsrc, fdst)
[rank0]:   File "/gpfs/home1/mbolding/.local/share/mamba/envs/visioncnn/lib/python3.11/shutil.py", line 164, in _fastcopy_sendfile
[rank0]:     raise err
[rank0]:   File "/gpfs/home1/mbolding/.local/share/mamba/envs/visioncnn/lib/python3.11/shutil.py", line 144, in _fastcopy_sendfile
[rank0]:     sent = os.sendfile(outfd, infd, offset, blocksize)
[rank0]:            ^^^^^^^^^^^^^^^^^^^^^^^^^^^^^^^^^^^^^^^^^^^
[rank0]: OSError: [Errno 122] Disk quota exceeded: 'logs/resnet50_layernorm_imagenet_ecoset_ecovalid_seed46/best.pt' -> '/home/mbolding/.local/share/wandb/artifacts/staging/tmpxrpf657c'
E0316 12:52:15.152000 60322 site-packages/torch/distributed/elastic/multiprocessing/api.py:869] failed (exitcode: 1) local_rank: 0 (pid: 60330) of binary: /gpfs/home1/mbolding/.local/share/mamba/envs/visioncnn/bin/python
Traceback (most recent call last):
  File "/gpfs/home1/mbolding/.local/share/mamba/envs/visioncnn/bin/torchrun", line 33, in <module>
    sys.exit(load_entry_point('torch==2.5.1', 'console_scripts', 'torchrun')())
             ^^^^^^^^^^^^^^^^^^^^^^^^^^^^^^^^^^^^^^^^^^^^^^^^^^^^^^^^^^^^^^^^^
  File "/gpfs/home1/mbolding/.local/share/mamba/envs/visioncnn/lib/python3.11/site-packages/torch/distributed/elastic/multiprocessing/errors/__init__.py", line 355, in wrapper
    return f(*args, **kwargs)
           ^^^^^^^^^^^^^^^^^^
  File "/gpfs/home1/mbolding/.local/share/mamba/envs/visioncnn/lib/python3.11/site-packages/torch/distributed/run.py", line 919, in main
    run(args)
  File "/gpfs/home1/mbolding/.local/share/mamba/envs/visioncnn/lib/python3.11/site-packages/torch/distributed/run.py", line 910, in run
    elastic_launch(
  File "/gpfs/home1/mbolding/.local/share/mamba/envs/visioncnn/lib/python3.11/site-packages/torch/distributed/launcher/api.py", line 138, in __call__
    return launch_agent(self._config, self._entrypoint, list(args))
           ^^^^^^^^^^^^^^^^^^^^^^^^^^^^^^^^^^^^^^^^^^^^^^^^^^^^^^^^
  File "/gpfs/home1/mbolding/.local/share/mamba/envs/visioncnn/lib/python3.11/site-packages/torch/distributed/launcher/api.py", line 269, in launch_agent
    raise ChildFailedError(
torch.distributed.elastic.multiprocessing.errors.ChildFailedError: 
============================================================
scripts/train.py FAILED
------------------------------------------------------------
Failures:
  <NO_OTHER_FAILURES>
------------------------------------------------------------
Root Cause (first observed failure):
[0]:
  time      : 2026-03-16_12:52:15
  host      : gcn55.local.snellius.surf.nl
  rank      : 0 (local_rank: 0)
  exitcode  : 1 (pid: 60330)
  error_file: <N/A>
  traceback : To enable traceback see: https://pytorch.org/docs/stable/elastic/errors.html
============================================================
srun: error: gcn55: task 0: Exited with exit code 1
srun: Terminating StepId=20761163.0
