==============================================
SLURM Job Information
==============================================
Job ID: 20763112
Job Name: derf_s44
Partition: gpu_a100
Nodes: 1
Tasks per node: 1
GPUs per node: 1
CPUs per task: 
Node list: gcn22
==============================================
Config: configs/imagenet_ecoset_norm_experiment_ecovalid/derf.yaml
Additional args: --set training.seed=44 training.batch_size=128 experiment_name=resnet50_derf_imagenet_ecoset_ecovalid_seed44
==============================================
Single-node training with 1 GPUs
Outputs will be saved to: logs
NCCL version 2.21.5+cuda12.1
[INFO] Machine: snellius
[INFO] ImageNet root: /scratch-nvme/ml-datasets/imagenet/torchvision_ImageFolder
[1;34mwandb[0m: 
[1;34mwandb[0m: 🚀 View run [33mresnet50_derf_imagenet_ecoset_ecovalid_seed44[0m at: [34mhttps://wandb.ai/mellebolding-university-of-amsterdam/norm-comparison/runs/0s0yt06b[0m
