[rank0]:[W316 11:41:36.805153793 ProcessGroupNCCL.cpp:4115] [PG ID 0 PG GUID 0 Rank 0]  using GPU 0 to perform barrier as devices used by this process are currently unknown. This can potentially cause a hang if this rank to GPU mapping is incorrect.Specify device_ids in barrier() to force use of a particular device,or call init_process_group() with a device_id.
2026-03-16 11:41:36,483 [INFO] Distributed: DistributedManager(rank=0, local_rank=0, world_size=1, device=cuda:0, is_distributed=True)
2026-03-16 11:41:36,485 [INFO] Config: {'experiment_name': 'resnet50_localnorm_imagenet_ecoset_ecovalid_seed43', 'model': {'name': 'resnet50_custom', 'num_classes': 136, 'norm_layer': 'localnorm'}, 'data': {'dataset': 'imagenet_ecoset136', 'root': '/scratch-nvme/ml-datasets/imagenet/torchvision_ImageFolder', 'img_size': 224, 'backend': 'pytorch', 'num_workers': 16, 'pin_memory': True, 'persistent_workers': True, 'prefetch_factor': 2, 'gpu_transforms': True, 'random_rotation': True, 'random_rotation_degrees': 15, 'color_jitter': True, 'color_jitter_brightness': 0.2, 'color_jitter_contrast': 0.2, 'color_jitter_saturation': 0.2, 'color_jitter_hue': 0.05, 'gaussian_blur': True, 'random_grayscale': True, 'random_grayscale_p': 0.1}, 'training': {'epochs': 25, 'batch_size': 256, 'lr': 0.001, 'min_lr': 1e-05, 'weight_decay': 0.05, 'optimizer': 'adamw', 'scheduler': 'cosine', 'label_smoothing': 0.1, 'use_amp': True, 'channels_last': True, 'seed': 43, 'checkpoint_schedule': [[10, 1], [20, 2], [25, 3]], 'disable_progress_bar': True}, 'logging': {'log_dir': 'logs'}, 'ood_eval': {'enabled': True, 'source_dataset': 'imagenet_ecoset136', 'datasets_root': '/scratch-nvme/ml-datasets', 'imagenet_c': {'during_training': True, 'corruptions_during_training': ['gaussian_noise', 'defocus_blur', 'fog', 'contrast'], 'severity_during_training': 3}, 'save_predictions': True}, 'wandb': {'enabled': True, 'project': 'norm-comparison', 'group': 'resnet50-imagenet-ecoset-ecovalid-norm-experiment', 'tags': ['a100', 'ecovalid-aug', 'localnorm', 'snellius', 'resnet50', 'imagenet_ecoset136', 'norm-experiment']}, '_machine': {'log_dir': '/projects/prjs0771/melle/projects/visionCNN/logs'}}
2026-03-16 11:41:36,485 [INFO] Run directory: logs/resnet50_localnorm_imagenet_ecoset_ecovalid_seed43
wandb: [wandb.login()] Loaded credentials for https://api.wandb.ai from /home/mbolding/.netrc.
wandb: Currently logged in as: mellebolding (mellebolding-university-of-amsterdam) to https://api.wandb.ai. Use `wandb login --relogin` to force relogin
wandb: setting up run rljvmreq
wandb: Tracking run with wandb version 0.25.0
wandb: Run data is saved locally in logs/resnet50_localnorm_imagenet_ecoset_ecovalid_seed43/wandb/run-20260316_114136-rljvmreq
wandb: Run `wandb offline` to turn off syncing.
wandb: Syncing run resnet50_localnorm_imagenet_ecoset_ecovalid_seed43
wandb: ⭐️ View project at https://wandb.ai/mellebolding-university-of-amsterdam/norm-comparison
wandb: 🚀 View run at https://wandb.ai/mellebolding-university-of-amsterdam/norm-comparison/runs/rljvmreq
2026-03-16 11:41:37,997 [INFO] Weights & Biases logging enabled
2026-03-16 11:41:38,001 [INFO] Set random seed: 43 (rank offset applied)
2026-03-16 11:41:38,002 [INFO] Using device: cuda:0
2026-03-16 11:41:38,002 [INFO] World size: 1
2026-03-16 11:41:38,338 [INFO] Model: resnet50_custom, Parameters: 23,839,816
2026-03-16 11:41:38,367 [INFO] Using channels-last (NHWC) memory format
2026-03-16 11:41:38,406 [INFO] Mixed precision training: True
2026-03-16 11:42:05,239 [INFO] Using GPU-accelerated transforms to reduce CPU bottleneck
2026-03-16 11:42:05,240 [INFO] Train samples: 176411, Val samples: 6800
2026-03-16 11:42:05,240 [INFO] Effective batch size: 256 (256 x 1 GPUs)
2026-03-16 11:42:09,616 [INFO] OOD evaluation enabled: 4 datasets loaded (imagenet_c_gaussian_noise_s3, imagenet_c_defocus_blur_s3, imagenet_c_fog_s3, imagenet_c_contrast_s3)
2026-03-16 11:42:09,618 [INFO] Saving per-image predictions to logs/resnet50_localnorm_imagenet_ecoset_ecovalid_seed43/predictions
2026-03-16 11:42:09,618 [INFO] Starting training for 25 epochs...
srun: Job step aborted: Waiting up to 32 seconds for job step to finish.
[2026-03-16T11:49:00.509] error: *** JOB 20762284 ON gcn61 CANCELLED AT 2026-03-16T11:49:00 DUE to SIGNAL Terminated ***
[2026-03-16T11:49:00.509] error: *** STEP 20762284.0 ON gcn61 CANCELLED AT 2026-03-16T11:49:00 DUE to SIGNAL Terminated ***
W0316 11:49:00.510000 211516 site-packages/torch/distributed/elastic/agent/server/api.py:704] Received 15 death signal, shutting down workers
W0316 11:49:00.512000 211516 site-packages/torch/distributed/elastic/multiprocessing/api.py:897] Sending process 211527 closing signal SIGTERM
