[rank0]:[W316 11:15:22.854676959 ProcessGroupNCCL.cpp:4115] [PG ID 0 PG GUID 0 Rank 0]  using GPU 0 to perform barrier as devices used by this process are currently unknown. This can potentially cause a hang if this rank to GPU mapping is incorrect.Specify device_ids in barrier() to force use of a particular device,or call init_process_group() with a device_id.
2026-03-16 11:15:24,482 [INFO] Distributed: DistributedManager(rank=0, local_rank=0, world_size=1, device=cuda:0, is_distributed=True)
2026-03-16 11:15:24,482 [INFO] Config: {'experiment_name': 'resnet50_groupnorm_imagenet_ecoset_ecovalid_seed45', 'model': {'name': 'resnet50_custom', 'num_classes': 136, 'norm_layer': 'groupnorm'}, 'data': {'dataset': 'imagenet_ecoset136', 'root': '/scratch-nvme/ml-datasets/imagenet/torchvision_ImageFolder', 'img_size': 224, 'backend': 'pytorch', 'num_workers': 16, 'pin_memory': True, 'persistent_workers': True, 'prefetch_factor': 2, 'gpu_transforms': True, 'random_rotation': True, 'random_rotation_degrees': 15, 'color_jitter': True, 'color_jitter_brightness': 0.2, 'color_jitter_contrast': 0.2, 'color_jitter_saturation': 0.2, 'color_jitter_hue': 0.05, 'gaussian_blur': True, 'random_grayscale': True, 'random_grayscale_p': 0.1}, 'training': {'epochs': 25, 'batch_size': 256, 'lr': 0.001, 'min_lr': 1e-05, 'weight_decay': 0.05, 'optimizer': 'adamw', 'scheduler': 'cosine', 'label_smoothing': 0.1, 'use_amp': True, 'channels_last': True, 'seed': 45, 'checkpoint_schedule': [[10, 1], [20, 2], [25, 3]], 'disable_progress_bar': True}, 'logging': {'log_dir': 'logs'}, 'ood_eval': {'enabled': True, 'source_dataset': 'imagenet_ecoset136', 'datasets_root': '/scratch-nvme/ml-datasets', 'imagenet_c': {'during_training': True, 'corruptions_during_training': ['gaussian_noise', 'defocus_blur', 'fog', 'contrast'], 'severity_during_training': 3}, 'save_predictions': True}, 'wandb': {'enabled': True, 'project': 'norm-comparison', 'group': 'resnet50-imagenet-ecoset-ecovalid-norm-experiment', 'tags': ['ecovalid-aug', 'snellius', 'norm-experiment', 'a100', 'resnet50', 'imagenet_ecoset136', 'groupnorm']}, '_machine': {'log_dir': '/projects/prjs0771/melle/projects/visionCNN/logs'}}
2026-03-16 11:15:24,482 [INFO] Run directory: logs/resnet50_groupnorm_imagenet_ecoset_ecovalid_seed45
wandb: [wandb.login()] Loaded credentials for https://api.wandb.ai from /home/mbolding/.netrc.
wandb: Currently logged in as: mellebolding (mellebolding-university-of-amsterdam) to https://api.wandb.ai. Use `wandb login --relogin` to force relogin
wandb: setting up run casrg11b
wandb: Tracking run with wandb version 0.25.0
wandb: Run data is saved locally in logs/resnet50_groupnorm_imagenet_ecoset_ecovalid_seed45/wandb/run-20260316_111524-casrg11b
wandb: Run `wandb offline` to turn off syncing.
wandb: Syncing run resnet50_groupnorm_imagenet_ecoset_ecovalid_seed45
wandb: ⭐️ View project at https://wandb.ai/mellebolding-university-of-amsterdam/norm-comparison
wandb: 🚀 View run at https://wandb.ai/mellebolding-university-of-amsterdam/norm-comparison/runs/casrg11b
2026-03-16 11:15:27,164 [INFO] Weights & Biases logging enabled
2026-03-16 11:15:27,166 [INFO] Set random seed: 45 (rank offset applied)
2026-03-16 11:15:27,167 [INFO] Using device: cuda:0
2026-03-16 11:15:27,167 [INFO] World size: 1
2026-03-16 11:15:27,500 [INFO] Model: resnet50_custom, Parameters: 23,786,696
2026-03-16 11:15:27,531 [INFO] Using channels-last (NHWC) memory format
2026-03-16 11:15:27,566 [INFO] Mixed precision training: True
2026-03-16 11:16:43,849 [INFO] Using GPU-accelerated transforms to reduce CPU bottleneck
2026-03-16 11:16:43,849 [INFO] Train samples: 176411, Val samples: 6800
2026-03-16 11:16:43,850 [INFO] Effective batch size: 256 (256 x 1 GPUs)
2026-03-16 11:17:12,537 [INFO] OOD evaluation enabled: 4 datasets loaded (imagenet_c_gaussian_noise_s3, imagenet_c_defocus_blur_s3, imagenet_c_fog_s3, imagenet_c_contrast_s3)
2026-03-16 11:17:12,538 [INFO] Saving per-image predictions to logs/resnet50_groupnorm_imagenet_ecoset_ecovalid_seed45/predictions
2026-03-16 11:17:12,538 [INFO] Starting training for 25 epochs...
2026-03-16 11:21:54,340 [INFO] Running OOD evaluation (epoch 1)...
2026-03-16 11:22:40,406 [INFO] OOD accuracies: imagenet_c_contrast_s3: 1.2%, imagenet_c_defocus_blur_s3: 1.4%, imagenet_c_fog_s3: 1.3%, imagenet_c_gaussian_noise_s3: 1.1%
2026-03-16 11:22:40,424 [INFO] Epoch 1/25 | Train Loss: 4.9357, Train Acc: 0.91% | Val Loss: 4.8935, Val Acc: 1.24% | LR: 0.000996 | Time: 327.9s
2026-03-16 11:22:40,884 [INFO] New best accuracy: 1.24%
2026-03-16 11:27:21,582 [INFO] Running OOD evaluation (epoch 2)...
2026-03-16 11:28:07,740 [INFO] OOD accuracies: imagenet_c_contrast_s3: 3.8%, imagenet_c_defocus_blur_s3: 3.2%, imagenet_c_fog_s3: 2.9%, imagenet_c_gaussian_noise_s3: 3.0%
2026-03-16 11:28:07,756 [INFO] Epoch 2/25 | Train Loss: 4.6953, Train Acc: 2.86% | Val Loss: 4.5554, Val Acc: 4.46% | LR: 0.000984 | Time: 322.5s
2026-03-16 11:28:08,028 [INFO] New best accuracy: 4.46%
2026-03-16 11:32:45,992 [INFO] Running OOD evaluation (epoch 3)...
2026-03-16 11:33:32,145 [INFO] OOD accuracies: imagenet_c_contrast_s3: 8.4%, imagenet_c_defocus_blur_s3: 7.6%, imagenet_c_fog_s3: 5.2%, imagenet_c_gaussian_noise_s3: 4.0%
2026-03-16 11:33:32,166 [INFO] Epoch 3/25 | Train Loss: 4.4163, Train Acc: 6.85% | Val Loss: 4.3375, Val Acc: 7.96% | LR: 0.000965 | Time: 322.4s
2026-03-16 11:33:32,439 [INFO] New best accuracy: 7.96%
2026-03-16 11:38:10,401 [INFO] Running OOD evaluation (epoch 4)...
2026-03-16 11:38:56,582 [INFO] OOD accuracies: imagenet_c_contrast_s3: 11.6%, imagenet_c_defocus_blur_s3: 9.5%, imagenet_c_fog_s3: 9.3%, imagenet_c_gaussian_noise_s3: 7.1%
2026-03-16 11:38:56,604 [INFO] Epoch 4/25 | Train Loss: 4.1855, Train Acc: 10.93% | Val Loss: 4.0658, Val Acc: 12.38% | LR: 0.000939 | Time: 322.5s
2026-03-16 11:38:56,873 [INFO] New best accuracy: 12.38%
2026-03-16 11:43:35,280 [INFO] Running OOD evaluation (epoch 5)...
2026-03-16 11:44:21,193 [INFO] OOD accuracies: imagenet_c_contrast_s3: 15.2%, imagenet_c_defocus_blur_s3: 13.4%, imagenet_c_fog_s3: 10.3%, imagenet_c_gaussian_noise_s3: 10.1%
2026-03-16 11:44:21,218 [INFO] Epoch 5/25 | Train Loss: 3.9787, Train Acc: 15.08% | Val Loss: 3.8420, Val Acc: 16.49% | LR: 0.000905 | Time: 322.6s
2026-03-16 11:44:21,498 [INFO] New best accuracy: 16.49%
2026-03-16 11:48:59,824 [INFO] Running OOD evaluation (epoch 6)...
2026-03-16 11:49:45,997 [INFO] OOD accuracies: imagenet_c_contrast_s3: 18.2%, imagenet_c_defocus_blur_s3: 12.5%, imagenet_c_fog_s3: 13.9%, imagenet_c_gaussian_noise_s3: 10.7%
2026-03-16 11:49:46,019 [INFO] Epoch 6/25 | Train Loss: 3.7979, Train Acc: 19.01% | Val Loss: 3.5649, Val Acc: 23.16% | LR: 0.000866 | Time: 322.8s
2026-03-16 11:49:46,294 [INFO] New best accuracy: 23.16%
2026-03-16 11:54:24,194 [INFO] Running OOD evaluation (epoch 7)...
2026-03-16 11:55:10,336 [INFO] OOD accuracies: imagenet_c_contrast_s3: 22.5%, imagenet_c_defocus_blur_s3: 17.9%, imagenet_c_fog_s3: 17.4%, imagenet_c_gaussian_noise_s3: 12.8%
2026-03-16 11:55:10,355 [INFO] Epoch 7/25 | Train Loss: 3.6471, Train Acc: 22.61% | Val Loss: 3.4031, Val Acc: 27.24% | LR: 0.000821 | Time: 322.3s
2026-03-16 11:55:10,623 [INFO] New best accuracy: 27.24%
2026-03-16 11:59:48,953 [INFO] Running OOD evaluation (epoch 8)...
2026-03-16 12:00:35,330 [INFO] OOD accuracies: imagenet_c_contrast_s3: 24.2%, imagenet_c_defocus_blur_s3: 20.2%, imagenet_c_fog_s3: 16.6%, imagenet_c_gaussian_noise_s3: 15.1%
2026-03-16 12:00:35,353 [INFO] Epoch 8/25 | Train Loss: 3.5007, Train Acc: 26.06% | Val Loss: 3.3782, Val Acc: 28.51% | LR: 0.000770 | Time: 323.0s
2026-03-16 12:00:35,618 [INFO] New best accuracy: 28.51%
2026-03-16 12:05:13,693 [INFO] Running OOD evaluation (epoch 9)...
2026-03-16 12:05:59,926 [INFO] OOD accuracies: imagenet_c_contrast_s3: 27.7%, imagenet_c_defocus_blur_s3: 21.3%, imagenet_c_fog_s3: 20.2%, imagenet_c_gaussian_noise_s3: 14.6%
2026-03-16 12:06:12,401 [INFO] Epoch 9/25 | Train Loss: 3.3711, Train Acc: 29.15% | Val Loss: 3.1362, Val Acc: 34.96% | LR: 0.000716 | Time: 335.0s
2026-03-16 12:06:12,680 [INFO] New best accuracy: 34.96%
2026-03-16 12:10:53,133 [INFO] Running OOD evaluation (epoch 10)...
2026-03-16 12:11:38,837 [INFO] OOD accuracies: imagenet_c_contrast_s3: 31.4%, imagenet_c_defocus_blur_s3: 23.9%, imagenet_c_fog_s3: 20.8%, imagenet_c_gaussian_noise_s3: 14.3%
2026-03-16 12:11:51,640 [INFO] Epoch 10/25 | Train Loss: 3.2486, Train Acc: 32.40% | Val Loss: 3.0017, Val Acc: 38.75% | LR: 0.000658 | Time: 333.6s
2026-03-16 12:11:51,921 [INFO] New best accuracy: 38.75%
2026-03-16 12:16:22,466 [INFO] Epoch 11/25 | Train Loss: 3.1477, Train Acc: 35.00% | (validation skipped) | LR: 0.000598 | Time: 268.8s
2026-03-16 12:20:57,798 [INFO] Running OOD evaluation (epoch 12)...
2026-03-16 12:21:43,964 [INFO] OOD accuracies: imagenet_c_contrast_s3: 37.8%, imagenet_c_defocus_blur_s3: 25.5%, imagenet_c_fog_s3: 26.5%, imagenet_c_gaussian_noise_s3: 15.2%
2026-03-16 12:21:50,261 [INFO] Epoch 12/25 | Train Loss: 3.0458, Train Acc: 37.61% | Val Loss: 2.7776, Val Acc: 44.32% | LR: 0.000536 | Time: 327.8s
2026-03-16 12:21:50,538 [INFO] New best accuracy: 44.32%
2026-03-16 12:26:23,881 [INFO] Epoch 13/25 | Train Loss: 2.9606, Train Acc: 39.84% | (validation skipped) | LR: 0.000474 | Time: 268.8s
2026-03-16 12:30:59,118 [INFO] Running OOD evaluation (epoch 14)...
2026-03-16 12:31:45,265 [INFO] OOD accuracies: imagenet_c_contrast_s3: 41.8%, imagenet_c_defocus_blur_s3: 27.1%, imagenet_c_fog_s3: 26.6%, imagenet_c_gaussian_noise_s3: 17.3%
2026-03-16 12:31:45,287 [INFO] Epoch 14/25 | Train Loss: 2.8784, Train Acc: 42.08% | Val Loss: 2.6358, Val Acc: 48.62% | LR: 0.000412 | Time: 321.4s
2026-03-16 12:31:45,555 [INFO] New best accuracy: 48.62%
2026-03-16 12:36:37,848 [INFO] Epoch 15/25 | Train Loss: 2.8034, Train Acc: 44.29% | (validation skipped) | LR: 0.000352 | Time: 269.0s
2026-03-16 12:41:13,940 [INFO] Running OOD evaluation (epoch 16)...
2026-03-16 12:42:00,198 [INFO] OOD accuracies: imagenet_c_contrast_s3: 46.0%, imagenet_c_defocus_blur_s3: 32.9%, imagenet_c_fog_s3: 31.3%, imagenet_c_gaussian_noise_s3: 19.1%
2026-03-16 12:42:11,546 [INFO] Epoch 16/25 | Train Loss: 2.7318, Train Acc: 46.01% | Val Loss: 2.4951, Val Acc: 52.75% | LR: 0.000294 | Time: 333.7s
2026-03-16 12:42:11,837 [INFO] New best accuracy: 52.75%
2026-03-16 12:46:42,778 [INFO] Epoch 17/25 | Train Loss: 2.6683, Train Acc: 47.81% | (validation skipped) | LR: 0.000240 | Time: 269.2s
2026-03-16 12:51:18,601 [INFO] Running OOD evaluation (epoch 18)...
2026-03-16 12:52:04,111 [INFO] OOD accuracies: imagenet_c_contrast_s3: 46.2%, imagenet_c_defocus_blur_s3: 33.2%, imagenet_c_fog_s3: 32.2%, imagenet_c_gaussian_noise_s3: 15.6%
2026-03-16 12:52:04,823 [INFO] Epoch 18/25 | Train Loss: 2.6092, Train Acc: 49.35% | Val Loss: 2.4092, Val Acc: 54.93% | LR: 0.000189 | Time: 322.0s
2026-03-16 12:52:05,097 [INFO] New best accuracy: 54.93%
Traceback (most recent call last):
  File "/gpfs/home1/mbolding/visionCNN/scripts/train.py", line 836, in <module>
    main(args)
  File "/gpfs/home1/mbolding/visionCNN/scripts/train.py", line 790, in main
    artifact.add_file(os.path.join(run_dir, "best.pt"))
  File "/gpfs/home1/mbolding/.local/share/mamba/envs/visioncnn/lib/python3.11/site-packages/wandb/sdk/artifacts/_validators.py", line 272, in wrapper
    return method(self, *args, **kwargs)
           ^^^^^^^^^^^^^^^^^^^^^^^^^^^^^
  File "/gpfs/home1/mbolding/.local/share/mamba/envs/visioncnn/lib/python3.11/site-packages/wandb/sdk/artifacts/artifact.py", line 1488, in add_file
    return self._add_local_file(
           ^^^^^^^^^^^^^^^^^^^^^
  File "/gpfs/home1/mbolding/.local/share/mamba/envs/visioncnn/lib/python3.11/site-packages/wandb/sdk/artifacts/artifact.py", line 1769, in _add_local_file
    shutil.copyfile(path, staging_path)
  File "/gpfs/home1/mbolding/.local/share/mamba/envs/visioncnn/lib/python3.11/shutil.py", line 269, in copyfile
    _fastcopy_sendfile(fsrc, fdst)
  File "/gpfs/home1/mbolding/.local/share/mamba/envs/visioncnn/lib/python3.11/shutil.py", line 164, in _fastcopy_sendfile
    raise err
  File "/gpfs/home1/mbolding/.local/share/mamba/envs/visioncnn/lib/python3.11/shutil.py", line 144, in _fastcopy_sendfile
    sent = os.sendfile(outfd, infd, offset, blocksize)
           ^^^^^^^^^^^^^^^^^^^^^^^^^^^^^^^^^^^^^^^^^^^
OSError: [Errno 122] Disk quota exceeded: 'logs/resnet50_groupnorm_imagenet_ecoset_ecovalid_seed45/best.pt' -> '/home/mbolding/.local/share/wandb/artifacts/staging/tmpg5w0k43j'
[rank0]: Traceback (most recent call last):
[rank0]:   File "/gpfs/home1/mbolding/visionCNN/scripts/train.py", line 836, in <module>
[rank0]:     main(args)
[rank0]:   File "/gpfs/home1/mbolding/visionCNN/scripts/train.py", line 790, in main
[rank0]:     artifact.add_file(os.path.join(run_dir, "best.pt"))
[rank0]:   File "/gpfs/home1/mbolding/.local/share/mamba/envs/visioncnn/lib/python3.11/site-packages/wandb/sdk/artifacts/_validators.py", line 272, in wrapper
[rank0]:     return method(self, *args, **kwargs)
[rank0]:            ^^^^^^^^^^^^^^^^^^^^^^^^^^^^^
[rank0]:   File "/gpfs/home1/mbolding/.local/share/mamba/envs/visioncnn/lib/python3.11/site-packages/wandb/sdk/artifacts/artifact.py", line 1488, in add_file
[rank0]:     return self._add_local_file(
[rank0]:            ^^^^^^^^^^^^^^^^^^^^^
[rank0]:   File "/gpfs/home1/mbolding/.local/share/mamba/envs/visioncnn/lib/python3.11/site-packages/wandb/sdk/artifacts/artifact.py", line 1769, in _add_local_file
[rank0]:     shutil.copyfile(path, staging_path)
[rank0]:   File "/gpfs/home1/mbolding/.local/share/mamba/envs/visioncnn/lib/python3.11/shutil.py", line 269, in copyfile
[rank0]:     _fastcopy_sendfile(fsrc, fdst)
[rank0]:   File "/gpfs/home1/mbolding/.local/share/mamba/envs/visioncnn/lib/python3.11/shutil.py", line 164, in _fastcopy_sendfile
[rank0]:     raise err
[rank0]:   File "/gpfs/home1/mbolding/.local/share/mamba/envs/visioncnn/lib/python3.11/shutil.py", line 144, in _fastcopy_sendfile
[rank0]:     sent = os.sendfile(outfd, infd, offset, blocksize)
[rank0]:            ^^^^^^^^^^^^^^^^^^^^^^^^^^^^^^^^^^^^^^^^^^^
[rank0]: OSError: [Errno 122] Disk quota exceeded: 'logs/resnet50_groupnorm_imagenet_ecoset_ecovalid_seed45/best.pt' -> '/home/mbolding/.local/share/wandb/artifacts/staging/tmpg5w0k43j'
E0316 12:54:53.184000 3630319 site-packages/torch/distributed/elastic/multiprocessing/api.py:869] failed (exitcode: 1) local_rank: 0 (pid: 3630330) of binary: /gpfs/home1/mbolding/.local/share/mamba/envs/visioncnn/bin/python
Traceback (most recent call last):
  File "/gpfs/home1/mbolding/.local/share/mamba/envs/visioncnn/bin/torchrun", line 33, in <module>
    sys.exit(load_entry_point('torch==2.5.1', 'console_scripts', 'torchrun')())
             ^^^^^^^^^^^^^^^^^^^^^^^^^^^^^^^^^^^^^^^^^^^^^^^^^^^^^^^^^^^^^^^^^
  File "/gpfs/home1/mbolding/.local/share/mamba/envs/visioncnn/lib/python3.11/site-packages/torch/distributed/elastic/multiprocessing/errors/__init__.py", line 355, in wrapper
    return f(*args, **kwargs)
           ^^^^^^^^^^^^^^^^^^
  File "/gpfs/home1/mbolding/.local/share/mamba/envs/visioncnn/lib/python3.11/site-packages/torch/distributed/run.py", line 919, in main
    run(args)
  File "/gpfs/home1/mbolding/.local/share/mamba/envs/visioncnn/lib/python3.11/site-packages/torch/distributed/run.py", line 910, in run
    elastic_launch(
  File "/gpfs/home1/mbolding/.local/share/mamba/envs/visioncnn/lib/python3.11/site-packages/torch/distributed/launcher/api.py", line 138, in __call__
    return launch_agent(self._config, self._entrypoint, list(args))
           ^^^^^^^^^^^^^^^^^^^^^^^^^^^^^^^^^^^^^^^^^^^^^^^^^^^^^^^^
  File "/gpfs/home1/mbolding/.local/share/mamba/envs/visioncnn/lib/python3.11/site-packages/torch/distributed/launcher/api.py", line 269, in launch_agent
    raise ChildFailedError(
torch.distributed.elastic.multiprocessing.errors.ChildFailedError: 
============================================================
scripts/train.py FAILED
------------------------------------------------------------
Failures:
  <NO_OTHER_FAILURES>
------------------------------------------------------------
Root Cause (first observed failure):
[0]:
  time      : 2026-03-16_12:54:53
  host      : gcn57.local.snellius.surf.nl
  rank      : 0 (local_rank: 0)
  exitcode  : 1 (pid: 3630330)
  error_file: <N/A>
  traceback : To enable traceback see: https://pytorch.org/docs/stable/elastic/errors.html
============================================================
srun: error: gcn57: task 0: Exited with exit code 1
srun: Terminating StepId=20761168.0
