[rank0]:[W316 11:15:22.841019834 ProcessGroupNCCL.cpp:4115] [PG ID 0 PG GUID 0 Rank 0]  using GPU 0 to perform barrier as devices used by this process are currently unknown. This can potentially cause a hang if this rank to GPU mapping is incorrect.Specify device_ids in barrier() to force use of a particular device,or call init_process_group() with a device_id.
2026-03-16 11:15:23,948 [INFO] Distributed: DistributedManager(rank=0, local_rank=0, world_size=1, device=cuda:0, is_distributed=True)
2026-03-16 11:15:23,948 [INFO] Config: {'experiment_name': 'resnet50_groupnorm_imagenet_ecoset_ecovalid_seed44', 'model': {'name': 'resnet50_custom', 'num_classes': 136, 'norm_layer': 'groupnorm'}, 'data': {'dataset': 'imagenet_ecoset136', 'root': '/scratch-nvme/ml-datasets/imagenet/torchvision_ImageFolder', 'img_size': 224, 'backend': 'pytorch', 'num_workers': 16, 'pin_memory': True, 'persistent_workers': True, 'prefetch_factor': 2, 'gpu_transforms': True, 'random_rotation': True, 'random_rotation_degrees': 15, 'color_jitter': True, 'color_jitter_brightness': 0.2, 'color_jitter_contrast': 0.2, 'color_jitter_saturation': 0.2, 'color_jitter_hue': 0.05, 'gaussian_blur': True, 'random_grayscale': True, 'random_grayscale_p': 0.1}, 'training': {'epochs': 25, 'batch_size': 256, 'lr': 0.001, 'min_lr': 1e-05, 'weight_decay': 0.05, 'optimizer': 'adamw', 'scheduler': 'cosine', 'label_smoothing': 0.1, 'use_amp': True, 'channels_last': True, 'seed': 44, 'checkpoint_schedule': [[10, 1], [20, 2], [25, 3]], 'disable_progress_bar': True}, 'logging': {'log_dir': 'logs'}, 'ood_eval': {'enabled': True, 'source_dataset': 'imagenet_ecoset136', 'datasets_root': '/scratch-nvme/ml-datasets', 'imagenet_c': {'during_training': True, 'corruptions_during_training': ['gaussian_noise', 'defocus_blur', 'fog', 'contrast'], 'severity_during_training': 3}, 'save_predictions': True}, 'wandb': {'enabled': True, 'project': 'norm-comparison', 'group': 'resnet50-imagenet-ecoset-ecovalid-norm-experiment', 'tags': ['groupnorm', 'a100', 'norm-experiment', 'resnet50', 'imagenet_ecoset136', 'snellius', 'ecovalid-aug']}, '_machine': {'log_dir': '/projects/prjs0771/melle/projects/visionCNN/logs'}}
2026-03-16 11:15:23,948 [INFO] Run directory: logs/resnet50_groupnorm_imagenet_ecoset_ecovalid_seed44
wandb: [wandb.login()] Loaded credentials for https://api.wandb.ai from /home/mbolding/.netrc.
wandb: Currently logged in as: mellebolding (mellebolding-university-of-amsterdam) to https://api.wandb.ai. Use `wandb login --relogin` to force relogin
wandb: setting up run behf87w4
wandb: Tracking run with wandb version 0.25.0
wandb: Run data is saved locally in logs/resnet50_groupnorm_imagenet_ecoset_ecovalid_seed44/wandb/run-20260316_111524-behf87w4
wandb: Run `wandb offline` to turn off syncing.
wandb: Syncing run resnet50_groupnorm_imagenet_ecoset_ecovalid_seed44
wandb: ⭐️ View project at https://wandb.ai/mellebolding-university-of-amsterdam/norm-comparison
wandb: 🚀 View run at https://wandb.ai/mellebolding-university-of-amsterdam/norm-comparison/runs/behf87w4
2026-03-16 11:15:25,891 [INFO] Weights & Biases logging enabled
2026-03-16 11:15:25,901 [INFO] Set random seed: 44 (rank offset applied)
2026-03-16 11:15:25,901 [INFO] Using device: cuda:0
2026-03-16 11:15:25,902 [INFO] World size: 1
2026-03-16 11:15:26,245 [INFO] Model: resnet50_custom, Parameters: 23,786,696
2026-03-16 11:15:26,278 [INFO] Using channels-last (NHWC) memory format
2026-03-16 11:15:26,322 [INFO] Mixed precision training: True
2026-03-16 11:16:43,849 [INFO] Using GPU-accelerated transforms to reduce CPU bottleneck
2026-03-16 11:16:43,849 [INFO] Train samples: 176411, Val samples: 6800
2026-03-16 11:16:43,849 [INFO] Effective batch size: 256 (256 x 1 GPUs)
2026-03-16 11:17:12,537 [INFO] OOD evaluation enabled: 4 datasets loaded (imagenet_c_gaussian_noise_s3, imagenet_c_defocus_blur_s3, imagenet_c_fog_s3, imagenet_c_contrast_s3)
2026-03-16 11:17:12,539 [INFO] Saving per-image predictions to logs/resnet50_groupnorm_imagenet_ecoset_ecovalid_seed44/predictions
2026-03-16 11:17:12,539 [INFO] Starting training for 25 epochs...
2026-03-16 11:21:54,328 [INFO] Running OOD evaluation (epoch 1)...
2026-03-16 11:22:40,403 [INFO] OOD accuracies: imagenet_c_contrast_s3: 1.4%, imagenet_c_defocus_blur_s3: 1.6%, imagenet_c_fog_s3: 0.9%, imagenet_c_gaussian_noise_s3: 1.5%
2026-03-16 11:22:40,427 [INFO] Epoch 1/25 | Train Loss: 4.9310, Train Acc: 0.92% | Val Loss: 4.8650, Val Acc: 1.54% | LR: 0.000996 | Time: 327.9s
2026-03-16 11:22:40,890 [INFO] New best accuracy: 1.54%
2026-03-16 11:27:21,474 [INFO] Running OOD evaluation (epoch 2)...
2026-03-16 11:28:07,731 [INFO] OOD accuracies: imagenet_c_contrast_s3: 3.5%, imagenet_c_defocus_blur_s3: 5.5%, imagenet_c_fog_s3: 2.5%, imagenet_c_gaussian_noise_s3: 5.2%
2026-03-16 11:28:07,752 [INFO] Epoch 2/25 | Train Loss: 4.7337, Train Acc: 3.09% | Val Loss: 4.5533, Val Acc: 5.44% | LR: 0.000984 | Time: 322.6s
2026-03-16 11:28:08,024 [INFO] New best accuracy: 5.44%
2026-03-16 11:32:46,002 [INFO] Running OOD evaluation (epoch 3)...
2026-03-16 11:33:32,149 [INFO] OOD accuracies: imagenet_c_contrast_s3: 7.3%, imagenet_c_defocus_blur_s3: 7.8%, imagenet_c_fog_s3: 4.0%, imagenet_c_gaussian_noise_s3: 7.0%
2026-03-16 11:33:32,168 [INFO] Epoch 3/25 | Train Loss: 4.4424, Train Acc: 6.93% | Val Loss: 4.2558, Val Acc: 9.00% | LR: 0.000965 | Time: 322.4s
2026-03-16 11:33:32,437 [INFO] New best accuracy: 9.00%
2026-03-16 11:38:10,366 [INFO] Running OOD evaluation (epoch 4)...
2026-03-16 11:38:56,629 [INFO] OOD accuracies: imagenet_c_contrast_s3: 10.2%, imagenet_c_defocus_blur_s3: 10.4%, imagenet_c_fog_s3: 4.6%, imagenet_c_gaussian_noise_s3: 8.1%
2026-03-16 11:38:56,646 [INFO] Epoch 4/25 | Train Loss: 4.2264, Train Acc: 10.42% | Val Loss: 4.0224, Val Acc: 13.65% | LR: 0.000939 | Time: 322.5s
2026-03-16 11:38:56,921 [INFO] New best accuracy: 13.65%
2026-03-16 11:43:35,234 [INFO] Running OOD evaluation (epoch 5)...
2026-03-16 11:44:21,199 [INFO] OOD accuracies: imagenet_c_contrast_s3: 11.5%, imagenet_c_defocus_blur_s3: 12.2%, imagenet_c_fog_s3: 5.3%, imagenet_c_gaussian_noise_s3: 8.1%
2026-03-16 11:44:21,228 [INFO] Epoch 5/25 | Train Loss: 4.0680, Train Acc: 13.64% | Val Loss: 3.8754, Val Acc: 16.87% | LR: 0.000905 | Time: 322.6s
2026-03-16 11:44:21,505 [INFO] New best accuracy: 16.87%
2026-03-16 11:48:59,821 [INFO] Running OOD evaluation (epoch 6)...
2026-03-16 11:49:46,000 [INFO] OOD accuracies: imagenet_c_contrast_s3: 16.0%, imagenet_c_defocus_blur_s3: 16.2%, imagenet_c_fog_s3: 8.6%, imagenet_c_gaussian_noise_s3: 8.7%
2026-03-16 11:49:46,020 [INFO] Epoch 6/25 | Train Loss: 3.9210, Train Acc: 16.58% | Val Loss: 3.7151, Val Acc: 19.68% | LR: 0.000866 | Time: 322.8s
2026-03-16 11:49:46,293 [INFO] New best accuracy: 19.68%
2026-03-16 11:54:24,178 [INFO] Running OOD evaluation (epoch 7)...
2026-03-16 11:55:10,339 [INFO] OOD accuracies: imagenet_c_contrast_s3: 19.2%, imagenet_c_defocus_blur_s3: 18.8%, imagenet_c_fog_s3: 11.0%, imagenet_c_gaussian_noise_s3: 11.0%
2026-03-16 11:55:10,359 [INFO] Epoch 7/25 | Train Loss: 3.7756, Train Acc: 19.98% | Val Loss: 3.5783, Val Acc: 23.78% | LR: 0.000821 | Time: 322.4s
2026-03-16 11:55:10,631 [INFO] New best accuracy: 23.78%
2026-03-16 11:59:48,922 [INFO] Running OOD evaluation (epoch 8)...
2026-03-16 12:00:35,533 [INFO] OOD accuracies: imagenet_c_contrast_s3: 20.4%, imagenet_c_defocus_blur_s3: 19.9%, imagenet_c_fog_s3: 11.2%, imagenet_c_gaussian_noise_s3: 9.9%
2026-03-16 12:00:35,552 [INFO] Epoch 8/25 | Train Loss: 3.6503, Train Acc: 22.66% | Val Loss: 3.4601, Val Acc: 26.91% | LR: 0.000770 | Time: 323.2s
2026-03-16 12:00:35,822 [INFO] New best accuracy: 26.91%
2026-03-16 12:05:13,694 [INFO] Running OOD evaluation (epoch 9)...
2026-03-16 12:05:59,926 [INFO] OOD accuracies: imagenet_c_contrast_s3: 23.9%, imagenet_c_defocus_blur_s3: 20.6%, imagenet_c_fog_s3: 11.9%, imagenet_c_gaussian_noise_s3: 10.7%
2026-03-16 12:05:59,949 [INFO] Epoch 9/25 | Train Loss: 3.5271, Train Acc: 25.68% | Val Loss: 3.3198, Val Acc: 30.82% | LR: 0.000716 | Time: 322.4s
2026-03-16 12:06:00,224 [INFO] New best accuracy: 30.82%
2026-03-16 12:10:49,583 [INFO] Running OOD evaluation (epoch 10)...
2026-03-16 12:11:36,664 [INFO] OOD accuracies: imagenet_c_contrast_s3: 26.0%, imagenet_c_defocus_blur_s3: 24.3%, imagenet_c_fog_s3: 14.0%, imagenet_c_gaussian_noise_s3: 12.0%
2026-03-16 12:11:51,636 [INFO] Epoch 10/25 | Train Loss: 3.4126, Train Acc: 28.36% | Val Loss: 3.1984, Val Acc: 33.19% | LR: 0.000658 | Time: 338.4s
2026-03-16 12:11:51,914 [INFO] New best accuracy: 33.19%
2026-03-16 12:16:21,881 [INFO] Epoch 11/25 | Train Loss: 3.3092, Train Acc: 31.07% | (validation skipped) | LR: 0.000598 | Time: 268.2s
2026-03-16 12:20:57,829 [INFO] Running OOD evaluation (epoch 12)...
2026-03-16 12:21:43,963 [INFO] OOD accuracies: imagenet_c_contrast_s3: 29.6%, imagenet_c_defocus_blur_s3: 30.0%, imagenet_c_fog_s3: 17.3%, imagenet_c_gaussian_noise_s3: 11.4%
2026-03-16 12:21:46,634 [INFO] Epoch 12/25 | Train Loss: 3.2067, Train Acc: 33.66% | Val Loss: 3.0108, Val Acc: 38.76% | LR: 0.000536 | Time: 324.7s
2026-03-16 12:21:46,905 [INFO] New best accuracy: 38.76%
2026-03-16 12:26:22,934 [INFO] Epoch 13/25 | Train Loss: 3.1153, Train Acc: 35.93% | (validation skipped) | LR: 0.000474 | Time: 268.5s
2026-03-16 12:30:59,011 [INFO] Running OOD evaluation (epoch 14)...
2026-03-16 12:31:45,266 [INFO] OOD accuracies: imagenet_c_contrast_s3: 33.9%, imagenet_c_defocus_blur_s3: 30.7%, imagenet_c_fog_s3: 19.2%, imagenet_c_gaussian_noise_s3: 10.6%
2026-03-16 12:31:46,474 [INFO] Epoch 14/25 | Train Loss: 3.0395, Train Acc: 37.90% | Val Loss: 2.8226, Val Acc: 42.99% | LR: 0.000412 | Time: 323.5s
2026-03-16 12:31:46,756 [INFO] New best accuracy: 42.99%
2026-03-16 12:36:37,626 [INFO] Epoch 15/25 | Train Loss: 2.9644, Train Acc: 39.89% | (validation skipped) | LR: 0.000352 | Time: 268.8s
2026-03-16 12:41:13,939 [INFO] Running OOD evaluation (epoch 16)...
2026-03-16 12:42:00,206 [INFO] OOD accuracies: imagenet_c_contrast_s3: 39.8%, imagenet_c_defocus_blur_s3: 33.3%, imagenet_c_fog_s3: 20.8%, imagenet_c_gaussian_noise_s3: 13.6%
2026-03-16 12:42:11,545 [INFO] Epoch 16/25 | Train Loss: 2.8975, Train Acc: 41.73% | Val Loss: 2.6792, Val Acc: 47.41% | LR: 0.000294 | Time: 333.9s
2026-03-16 12:42:11,832 [INFO] New best accuracy: 47.41%
2026-03-16 12:46:41,828 [INFO] Epoch 17/25 | Train Loss: 2.8354, Train Acc: 43.51% | (validation skipped) | LR: 0.000240 | Time: 268.2s
2026-03-16 12:51:18,109 [INFO] Running OOD evaluation (epoch 18)...
2026-03-16 12:52:04,106 [INFO] OOD accuracies: imagenet_c_contrast_s3: 41.6%, imagenet_c_defocus_blur_s3: 32.1%, imagenet_c_fog_s3: 21.3%, imagenet_c_gaussian_noise_s3: 14.0%
2026-03-16 12:52:05,414 [INFO] Epoch 18/25 | Train Loss: 2.7790, Train Acc: 44.81% | Val Loss: 2.5900, Val Acc: 49.54% | LR: 0.000189 | Time: 323.6s
2026-03-16 12:52:05,684 [INFO] New best accuracy: 49.54%
Traceback (most recent call last):
  File "/gpfs/home1/mbolding/.local/share/mamba/envs/visioncnn/lib/python3.11/shutil.py", line 279, in copyfile
    copyfileobj(fsrc, fdst)
  File "/gpfs/home1/mbolding/.local/share/mamba/envs/visioncnn/lib/python3.11/shutil.py", line 200, in copyfileobj
    fdst_write(buf)
OSError: [Errno 122] Disk quota exceeded

During handling of the above exception, another exception occurred:

Traceback (most recent call last):
  File "/gpfs/home1/mbolding/visionCNN/scripts/train.py", line 836, in <module>
    main(args)
  File "/gpfs/home1/mbolding/visionCNN/scripts/train.py", line 790, in main
    artifact.add_file(os.path.join(run_dir, "best.pt"))
  File "/gpfs/home1/mbolding/.local/share/mamba/envs/visioncnn/lib/python3.11/site-packages/wandb/sdk/artifacts/_validators.py", line 272, in wrapper
    return method(self, *args, **kwargs)
           ^^^^^^^^^^^^^^^^^^^^^^^^^^^^^
  File "/gpfs/home1/mbolding/.local/share/mamba/envs/visioncnn/lib/python3.11/site-packages/wandb/sdk/artifacts/artifact.py", line 1488, in add_file
    return self._add_local_file(
           ^^^^^^^^^^^^^^^^^^^^^
  File "/gpfs/home1/mbolding/.local/share/mamba/envs/visioncnn/lib/python3.11/site-packages/wandb/sdk/artifacts/artifact.py", line 1769, in _add_local_file
    shutil.copyfile(path, staging_path)
  File "/gpfs/home1/mbolding/.local/share/mamba/envs/visioncnn/lib/python3.11/shutil.py", line 258, in copyfile
    with open(dst, 'wb') as fdst:
OSError: [Errno 122] Disk quota exceeded
[rank0]: Traceback (most recent call last):
[rank0]:   File "/gpfs/home1/mbolding/.local/share/mamba/envs/visioncnn/lib/python3.11/shutil.py", line 279, in copyfile
[rank0]:     copyfileobj(fsrc, fdst)
[rank0]:   File "/gpfs/home1/mbolding/.local/share/mamba/envs/visioncnn/lib/python3.11/shutil.py", line 200, in copyfileobj
[rank0]:     fdst_write(buf)
[rank0]: OSError: [Errno 122] Disk quota exceeded

[rank0]: During handling of the above exception, another exception occurred:

[rank0]: Traceback (most recent call last):
[rank0]:   File "/gpfs/home1/mbolding/visionCNN/scripts/train.py", line 836, in <module>
[rank0]:     main(args)
[rank0]:   File "/gpfs/home1/mbolding/visionCNN/scripts/train.py", line 790, in main
[rank0]:     artifact.add_file(os.path.join(run_dir, "best.pt"))
[rank0]:   File "/gpfs/home1/mbolding/.local/share/mamba/envs/visioncnn/lib/python3.11/site-packages/wandb/sdk/artifacts/_validators.py", line 272, in wrapper
[rank0]:     return method(self, *args, **kwargs)
[rank0]:            ^^^^^^^^^^^^^^^^^^^^^^^^^^^^^
[rank0]:   File "/gpfs/home1/mbolding/.local/share/mamba/envs/visioncnn/lib/python3.11/site-packages/wandb/sdk/artifacts/artifact.py", line 1488, in add_file
[rank0]:     return self._add_local_file(
[rank0]:            ^^^^^^^^^^^^^^^^^^^^^
[rank0]:   File "/gpfs/home1/mbolding/.local/share/mamba/envs/visioncnn/lib/python3.11/site-packages/wandb/sdk/artifacts/artifact.py", line 1769, in _add_local_file
[rank0]:     shutil.copyfile(path, staging_path)
[rank0]:   File "/gpfs/home1/mbolding/.local/share/mamba/envs/visioncnn/lib/python3.11/shutil.py", line 258, in copyfile
[rank0]:     with open(dst, 'wb') as fdst:
[rank0]: OSError: [Errno 122] Disk quota exceeded
E0316 12:54:52.553000 3629757 site-packages/torch/distributed/elastic/multiprocessing/api.py:869] failed (exitcode: 1) local_rank: 0 (pid: 3630332) of binary: /gpfs/home1/mbolding/.local/share/mamba/envs/visioncnn/bin/python
Traceback (most recent call last):
  File "/gpfs/home1/mbolding/.local/share/mamba/envs/visioncnn/bin/torchrun", line 33, in <module>
    sys.exit(load_entry_point('torch==2.5.1', 'console_scripts', 'torchrun')())
             ^^^^^^^^^^^^^^^^^^^^^^^^^^^^^^^^^^^^^^^^^^^^^^^^^^^^^^^^^^^^^^^^^
  File "/gpfs/home1/mbolding/.local/share/mamba/envs/visioncnn/lib/python3.11/site-packages/torch/distributed/elastic/multiprocessing/errors/__init__.py", line 355, in wrapper
    return f(*args, **kwargs)
           ^^^^^^^^^^^^^^^^^^
  File "/gpfs/home1/mbolding/.local/share/mamba/envs/visioncnn/lib/python3.11/site-packages/torch/distributed/run.py", line 919, in main
    run(args)
  File "/gpfs/home1/mbolding/.local/share/mamba/envs/visioncnn/lib/python3.11/site-packages/torch/distributed/run.py", line 910, in run
    elastic_launch(
  File "/gpfs/home1/mbolding/.local/share/mamba/envs/visioncnn/lib/python3.11/site-packages/torch/distributed/launcher/api.py", line 138, in __call__
    return launch_agent(self._config, self._entrypoint, list(args))
           ^^^^^^^^^^^^^^^^^^^^^^^^^^^^^^^^^^^^^^^^^^^^^^^^^^^^^^^^
  File "/gpfs/home1/mbolding/.local/share/mamba/envs/visioncnn/lib/python3.11/site-packages/torch/distributed/launcher/api.py", line 269, in launch_agent
    raise ChildFailedError(
torch.distributed.elastic.multiprocessing.errors.ChildFailedError: 
============================================================
scripts/train.py FAILED
------------------------------------------------------------
Failures:
  <NO_OTHER_FAILURES>
------------------------------------------------------------
Root Cause (first observed failure):
[0]:
  time      : 2026-03-16_12:54:52
  host      : gcn57.local.snellius.surf.nl
  rank      : 0 (local_rank: 0)
  exitcode  : 1 (pid: 3630332)
  error_file: <N/A>
  traceback : To enable traceback see: https://pytorch.org/docs/stable/elastic/errors.html
============================================================
srun: error: gcn57: task 0: Exited with exit code 1
srun: Terminating StepId=20761167.0
