[rank0]:[W316 14:12:31.779495384 ProcessGroupNCCL.cpp:4115] [PG ID 0 PG GUID 0 Rank 0]  using GPU 0 to perform barrier as devices used by this process are currently unknown. This can potentially cause a hang if this rank to GPU mapping is incorrect.Specify device_ids in barrier() to force use of a particular device,or call init_process_group() with a device_id.
2026-03-16 14:12:31,760 [INFO] Distributed: DistributedManager(rank=0, local_rank=0, world_size=1, device=cuda:0, is_distributed=True)
2026-03-16 14:12:31,761 [INFO] Config: {'experiment_name': 'resnet50_layernorm_imagenet_ecoset_ecovalid_seed43', 'model': {'name': 'resnet50_custom', 'num_classes': 136, 'norm_layer': 'layernorm'}, 'data': {'dataset': 'imagenet_ecoset136', 'root': '/scratch-nvme/ml-datasets/imagenet/torchvision_ImageFolder', 'img_size': 224, 'backend': 'pytorch', 'num_workers': 16, 'pin_memory': True, 'persistent_workers': True, 'prefetch_factor': 2, 'gpu_transforms': True, 'random_rotation': True, 'random_rotation_degrees': 15, 'color_jitter': True, 'color_jitter_brightness': 0.2, 'color_jitter_contrast': 0.2, 'color_jitter_saturation': 0.2, 'color_jitter_hue': 0.05, 'gaussian_blur': True, 'random_grayscale': True, 'random_grayscale_p': 0.1}, 'training': {'epochs': 25, 'batch_size': 256, 'lr': 0.001, 'min_lr': 1e-05, 'weight_decay': 0.05, 'optimizer': 'adamw', 'scheduler': 'cosine', 'label_smoothing': 0.1, 'use_amp': True, 'channels_last': True, 'seed': 43, 'checkpoint_schedule': [[10, 1], [20, 2], [25, 3]], 'disable_progress_bar': True}, 'logging': {'log_dir': 'logs'}, 'ood_eval': {'enabled': True, 'source_dataset': 'imagenet_ecoset136', 'datasets_root': '/scratch-nvme/ml-datasets', 'imagenet_c': {'during_training': True, 'corruptions_during_training': ['gaussian_noise', 'defocus_blur', 'fog', 'contrast'], 'severity_during_training': 3}, 'save_predictions': True}, 'wandb': {'enabled': True, 'project': 'norm-comparison', 'group': 'resnet50-imagenet-ecoset-ecovalid-norm-experiment', 'tags': ['a100', 'snellius', 'imagenet_ecoset136', 'layernorm', 'resnet50', 'norm-experiment', 'ecovalid-aug']}, '_machine': {'log_dir': '/projects/prjs0771/melle/projects/visionCNN/logs'}}
2026-03-16 14:12:31,761 [INFO] Run directory: logs/resnet50_layernorm_imagenet_ecoset_ecovalid_seed43
wandb: [wandb.login()] Loaded credentials for https://api.wandb.ai from /home/mbolding/.netrc.
wandb: Currently logged in as: mellebolding (mellebolding-university-of-amsterdam) to https://api.wandb.ai. Use `wandb login --relogin` to force relogin
wandb: setting up run zdjoiqx8
wandb: Tracking run with wandb version 0.25.0
wandb: Run data is saved locally in logs/resnet50_layernorm_imagenet_ecoset_ecovalid_seed43/wandb/run-20260316_141232-zdjoiqx8
wandb: Run `wandb offline` to turn off syncing.
wandb: Syncing run resnet50_layernorm_imagenet_ecoset_ecovalid_seed43
wandb: ⭐️ View project at https://wandb.ai/mellebolding-university-of-amsterdam/norm-comparison
wandb: 🚀 View run at https://wandb.ai/mellebolding-university-of-amsterdam/norm-comparison/runs/zdjoiqx8
2026-03-16 14:12:33,445 [INFO] Weights & Biases logging enabled
2026-03-16 14:12:33,449 [INFO] Set random seed: 43 (rank offset applied)
2026-03-16 14:12:33,449 [INFO] Using device: cuda:0
2026-03-16 14:12:33,449 [INFO] World size: 1
2026-03-16 14:12:33,796 [INFO] Model: resnet50_custom, Parameters: 23,786,696
2026-03-16 14:12:33,826 [INFO] Using channels-last (NHWC) memory format
2026-03-16 14:12:33,868 [INFO] Mixed precision training: True
2026-03-16 14:12:50,902 [INFO] Using GPU-accelerated transforms to reduce CPU bottleneck
2026-03-16 14:12:50,903 [INFO] Train samples: 176411, Val samples: 6800
2026-03-16 14:12:50,903 [INFO] Effective batch size: 256 (256 x 1 GPUs)
2026-03-16 14:12:55,184 [INFO] OOD evaluation enabled: 4 datasets loaded (imagenet_c_gaussian_noise_s3, imagenet_c_defocus_blur_s3, imagenet_c_fog_s3, imagenet_c_contrast_s3)
2026-03-16 14:12:55,184 [INFO] Saving per-image predictions to logs/resnet50_layernorm_imagenet_ecoset_ecovalid_seed43/predictions
2026-03-16 14:12:55,184 [INFO] Starting training for 25 epochs...
2026-03-16 14:17:37,077 [INFO] Running OOD evaluation (epoch 1)...
2026-03-16 14:18:22,437 [INFO] OOD accuracies: imagenet_c_contrast_s3: 1.6%, imagenet_c_defocus_blur_s3: 1.8%, imagenet_c_fog_s3: 0.9%, imagenet_c_gaussian_noise_s3: 1.8%
2026-03-16 14:18:22,456 [INFO] Epoch 1/25 | Train Loss: 4.9183, Train Acc: 0.95% | Val Loss: 4.8368, Val Acc: 1.90% | LR: 0.000996 | Time: 327.3s
2026-03-16 14:18:22,741 [INFO] New best accuracy: 1.90%
2026-03-16 14:23:01,026 [INFO] Running OOD evaluation (epoch 2)...
2026-03-16 14:23:45,968 [INFO] OOD accuracies: imagenet_c_contrast_s3: 3.0%, imagenet_c_defocus_blur_s3: 4.7%, imagenet_c_fog_s3: 1.8%, imagenet_c_gaussian_noise_s3: 4.7%
2026-03-16 14:23:45,989 [INFO] Epoch 2/25 | Train Loss: 4.7338, Train Acc: 3.15% | Val Loss: 4.5870, Val Acc: 5.00% | LR: 0.000984 | Time: 320.3s
2026-03-16 14:23:46,237 [INFO] New best accuracy: 5.00%
2026-03-16 14:28:23,509 [INFO] Running OOD evaluation (epoch 3)...
2026-03-16 14:29:08,723 [INFO] OOD accuracies: imagenet_c_contrast_s3: 6.7%, imagenet_c_defocus_blur_s3: 8.9%, imagenet_c_fog_s3: 3.0%, imagenet_c_gaussian_noise_s3: 8.9%
2026-03-16 14:29:08,741 [INFO] Epoch 3/25 | Train Loss: 4.5124, Train Acc: 6.45% | Val Loss: 4.2823, Val Acc: 10.00% | LR: 0.000965 | Time: 320.8s
2026-03-16 14:29:08,990 [INFO] New best accuracy: 10.00%
2026-03-16 14:33:46,251 [INFO] Running OOD evaluation (epoch 4)...
2026-03-16 14:34:31,620 [INFO] OOD accuracies: imagenet_c_contrast_s3: 9.1%, imagenet_c_defocus_blur_s3: 11.0%, imagenet_c_fog_s3: 4.3%, imagenet_c_gaussian_noise_s3: 10.7%
2026-03-16 14:34:31,638 [INFO] Epoch 4/25 | Train Loss: 4.2822, Train Acc: 10.29% | Val Loss: 4.0761, Val Acc: 14.19% | LR: 0.000939 | Time: 321.0s
2026-03-16 14:34:31,888 [INFO] New best accuracy: 14.19%
2026-03-16 14:39:09,514 [INFO] Running OOD evaluation (epoch 5)...
2026-03-16 14:39:54,446 [INFO] OOD accuracies: imagenet_c_contrast_s3: 10.2%, imagenet_c_defocus_blur_s3: 15.2%, imagenet_c_fog_s3: 5.7%, imagenet_c_gaussian_noise_s3: 12.2%
2026-03-16 14:39:54,463 [INFO] Epoch 5/25 | Train Loss: 4.1077, Train Acc: 13.61% | Val Loss: 3.8649, Val Acc: 17.72% | LR: 0.000905 | Time: 320.9s
2026-03-16 14:39:54,727 [INFO] New best accuracy: 17.72%
2026-03-16 14:44:32,351 [INFO] Running OOD evaluation (epoch 6)...
2026-03-16 14:45:17,532 [INFO] OOD accuracies: imagenet_c_contrast_s3: 11.6%, imagenet_c_defocus_blur_s3: 15.4%, imagenet_c_fog_s3: 6.8%, imagenet_c_gaussian_noise_s3: 12.2%
2026-03-16 14:45:17,549 [INFO] Epoch 6/25 | Train Loss: 3.9375, Train Acc: 17.23% | Val Loss: 3.7111, Val Acc: 21.56% | LR: 0.000866 | Time: 321.1s
2026-03-16 14:45:17,800 [INFO] New best accuracy: 21.56%
2026-03-16 14:49:55,848 [INFO] Running OOD evaluation (epoch 7)...
2026-03-16 14:50:41,468 [INFO] OOD accuracies: imagenet_c_contrast_s3: 16.5%, imagenet_c_defocus_blur_s3: 21.7%, imagenet_c_fog_s3: 9.7%, imagenet_c_gaussian_noise_s3: 11.7%
2026-03-16 14:50:41,484 [INFO] Epoch 7/25 | Train Loss: 3.7775, Train Acc: 20.71% | Val Loss: 3.5554, Val Acc: 25.09% | LR: 0.000821 | Time: 322.1s
2026-03-16 14:50:41,734 [INFO] New best accuracy: 25.09%
2026-03-16 14:55:19,216 [INFO] Running OOD evaluation (epoch 8)...
2026-03-16 14:56:04,481 [INFO] OOD accuracies: imagenet_c_contrast_s3: 19.2%, imagenet_c_defocus_blur_s3: 22.0%, imagenet_c_fog_s3: 9.7%, imagenet_c_gaussian_noise_s3: 11.1%
2026-03-16 14:56:04,498 [INFO] Epoch 8/25 | Train Loss: 3.6168, Train Acc: 24.41% | Val Loss: 3.3077, Val Acc: 31.01% | LR: 0.000770 | Time: 321.1s
2026-03-16 14:56:04,750 [INFO] New best accuracy: 31.01%
2026-03-16 15:00:42,068 [INFO] Running OOD evaluation (epoch 9)...
2026-03-16 15:01:27,537 [INFO] OOD accuracies: imagenet_c_contrast_s3: 21.9%, imagenet_c_defocus_blur_s3: 23.4%, imagenet_c_fog_s3: 12.6%, imagenet_c_gaussian_noise_s3: 11.1%
2026-03-16 15:01:27,589 [INFO] Epoch 9/25 | Train Loss: 3.4835, Train Acc: 27.45% | Val Loss: 3.2124, Val Acc: 33.72% | LR: 0.000716 | Time: 321.2s
2026-03-16 15:01:27,842 [INFO] New best accuracy: 33.72%
2026-03-16 15:06:05,102 [INFO] Running OOD evaluation (epoch 10)...
2026-03-16 15:06:50,586 [INFO] OOD accuracies: imagenet_c_contrast_s3: 25.1%, imagenet_c_defocus_blur_s3: 24.0%, imagenet_c_fog_s3: 12.9%, imagenet_c_gaussian_noise_s3: 14.5%
2026-03-16 15:06:50,603 [INFO] Epoch 10/25 | Train Loss: 3.3591, Train Acc: 30.43% | Val Loss: 3.1417, Val Acc: 35.74% | LR: 0.000658 | Time: 321.1s
2026-03-16 15:06:50,853 [INFO] New best accuracy: 35.74%
2026-03-16 15:11:21,409 [INFO] Epoch 11/25 | Train Loss: 3.2661, Train Acc: 32.78% | (validation skipped) | LR: 0.000598 | Time: 268.8s
2026-03-16 15:15:56,990 [INFO] Running OOD evaluation (epoch 12)...
2026-03-16 15:16:42,438 [INFO] OOD accuracies: imagenet_c_contrast_s3: 29.0%, imagenet_c_defocus_blur_s3: 26.6%, imagenet_c_fog_s3: 16.2%, imagenet_c_gaussian_noise_s3: 15.7%
2026-03-16 15:16:42,455 [INFO] Epoch 12/25 | Train Loss: 3.1763, Train Acc: 35.07% | Val Loss: 2.9157, Val Acc: 41.57% | LR: 0.000536 | Time: 321.0s
2026-03-16 15:16:42,703 [INFO] New best accuracy: 41.57%
2026-03-16 15:21:12,918 [INFO] Epoch 13/25 | Train Loss: 3.0857, Train Acc: 37.27% | (validation skipped) | LR: 0.000474 | Time: 268.5s
2026-03-16 15:25:48,239 [INFO] Running OOD evaluation (epoch 14)...
2026-03-16 15:26:33,435 [INFO] OOD accuracies: imagenet_c_contrast_s3: 32.4%, imagenet_c_defocus_blur_s3: 30.6%, imagenet_c_fog_s3: 17.6%, imagenet_c_gaussian_noise_s3: 14.0%
2026-03-16 15:26:33,452 [INFO] Epoch 14/25 | Train Loss: 3.0165, Train Acc: 38.97% | Val Loss: 2.7480, Val Acc: 45.76% | LR: 0.000412 | Time: 320.5s
2026-03-16 15:26:33,700 [INFO] New best accuracy: 45.76%
2026-03-16 15:31:04,229 [INFO] Epoch 15/25 | Train Loss: 2.9536, Train Acc: 40.55% | (validation skipped) | LR: 0.000352 | Time: 268.8s
2026-03-16 15:35:39,699 [INFO] Running OOD evaluation (epoch 16)...
2026-03-16 15:36:25,899 [INFO] OOD accuracies: imagenet_c_contrast_s3: 34.3%, imagenet_c_defocus_blur_s3: 31.6%, imagenet_c_fog_s3: 19.1%, imagenet_c_gaussian_noise_s3: 17.1%
2026-03-16 15:36:25,916 [INFO] Epoch 16/25 | Train Loss: 2.8863, Train Acc: 42.41% | Val Loss: 2.6478, Val Acc: 48.90% | LR: 0.000294 | Time: 321.7s
2026-03-16 15:36:26,165 [INFO] New best accuracy: 48.90%
2026-03-16 15:40:56,925 [INFO] Epoch 17/25 | Train Loss: 2.8323, Train Acc: 43.79% | (validation skipped) | LR: 0.000240 | Time: 269.1s
2026-03-16 15:45:32,438 [INFO] Running OOD evaluation (epoch 18)...
2026-03-16 15:46:17,957 [INFO] OOD accuracies: imagenet_c_contrast_s3: 38.9%, imagenet_c_defocus_blur_s3: 33.7%, imagenet_c_fog_s3: 19.6%, imagenet_c_gaussian_noise_s3: 15.1%
2026-03-16 15:46:17,975 [INFO] Epoch 18/25 | Train Loss: 2.7775, Train Acc: 45.27% | Val Loss: 2.5452, Val Acc: 51.59% | LR: 0.000189 | Time: 321.0s
2026-03-16 15:46:18,226 [INFO] New best accuracy: 51.59%
Traceback (most recent call last):
  File "/gpfs/home1/mbolding/.local/share/mamba/envs/visioncnn/lib/python3.11/site-packages/torch/serialization.py", line 850, in save
    _save(
  File "/gpfs/home1/mbolding/.local/share/mamba/envs/visioncnn/lib/python3.11/site-packages/torch/serialization.py", line 1114, in _save
    zip_file.write_record(name, storage, num_bytes)
RuntimeError: [enforce fail at inline_container.cc:778] . PytorchStreamWriter failed writing file data/135: file write failed

During handling of the above exception, another exception occurred:

Traceback (most recent call last):
  File "/gpfs/home1/mbolding/visionCNN/scripts/train.py", line 836, in <module>
    main(args)
  File "/gpfs/home1/mbolding/visionCNN/scripts/train.py", line 803, in main
    save_checkpoint(
  File "/gpfs/home1/mbolding/visionCNN/scripts/train.py", line 368, in save_checkpoint
    torch.save(checkpoint, filepath)
  File "/gpfs/home1/mbolding/.local/share/mamba/envs/visioncnn/lib/python3.11/site-packages/torch/serialization.py", line 849, in save
    with _open_zipfile_writer(f) as opened_zipfile:
  File "/gpfs/home1/mbolding/.local/share/mamba/envs/visioncnn/lib/python3.11/site-packages/torch/serialization.py", line 690, in __exit__
    self.file_like.write_end_of_file()
RuntimeError: [enforce fail at inline_container.cc:603] . unexpected pos 25141888 vs 25141776
[rank0]: Traceback (most recent call last):
[rank0]:   File "/gpfs/home1/mbolding/.local/share/mamba/envs/visioncnn/lib/python3.11/site-packages/torch/serialization.py", line 850, in save
[rank0]:     _save(
[rank0]:   File "/gpfs/home1/mbolding/.local/share/mamba/envs/visioncnn/lib/python3.11/site-packages/torch/serialization.py", line 1114, in _save
[rank0]:     zip_file.write_record(name, storage, num_bytes)
[rank0]: RuntimeError: [enforce fail at inline_container.cc:778] . PytorchStreamWriter failed writing file data/135: file write failed

[rank0]: During handling of the above exception, another exception occurred:

[rank0]: Traceback (most recent call last):
[rank0]:   File "/gpfs/home1/mbolding/visionCNN/scripts/train.py", line 836, in <module>
[rank0]:     main(args)
[rank0]:   File "/gpfs/home1/mbolding/visionCNN/scripts/train.py", line 803, in main
[rank0]:     save_checkpoint(
[rank0]:   File "/gpfs/home1/mbolding/visionCNN/scripts/train.py", line 368, in save_checkpoint
[rank0]:     torch.save(checkpoint, filepath)
[rank0]:   File "/gpfs/home1/mbolding/.local/share/mamba/envs/visioncnn/lib/python3.11/site-packages/torch/serialization.py", line 849, in save
[rank0]:     with _open_zipfile_writer(f) as opened_zipfile:
[rank0]:   File "/gpfs/home1/mbolding/.local/share/mamba/envs/visioncnn/lib/python3.11/site-packages/torch/serialization.py", line 690, in __exit__
[rank0]:     self.file_like.write_end_of_file()
[rank0]: RuntimeError: [enforce fail at inline_container.cc:603] . unexpected pos 25141888 vs 25141776
E0316 15:49:04.831000 1319355 site-packages/torch/distributed/elastic/multiprocessing/api.py:869] failed (exitcode: 1) local_rank: 0 (pid: 1319377) of binary: /gpfs/home1/mbolding/.local/share/mamba/envs/visioncnn/bin/python
Traceback (most recent call last):
  File "/gpfs/home1/mbolding/.local/share/mamba/envs/visioncnn/bin/torchrun", line 33, in <module>
    sys.exit(load_entry_point('torch==2.5.1', 'console_scripts', 'torchrun')())
             ^^^^^^^^^^^^^^^^^^^^^^^^^^^^^^^^^^^^^^^^^^^^^^^^^^^^^^^^^^^^^^^^^
  File "/gpfs/home1/mbolding/.local/share/mamba/envs/visioncnn/lib/python3.11/site-packages/torch/distributed/elastic/multiprocessing/errors/__init__.py", line 355, in wrapper
    return f(*args, **kwargs)
           ^^^^^^^^^^^^^^^^^^
  File "/gpfs/home1/mbolding/.local/share/mamba/envs/visioncnn/lib/python3.11/site-packages/torch/distributed/run.py", line 919, in main
    run(args)
  File "/gpfs/home1/mbolding/.local/share/mamba/envs/visioncnn/lib/python3.11/site-packages/torch/distributed/run.py", line 910, in run
    elastic_launch(
  File "/gpfs/home1/mbolding/.local/share/mamba/envs/visioncnn/lib/python3.11/site-packages/torch/distributed/launcher/api.py", line 138, in __call__
    return launch_agent(self._config, self._entrypoint, list(args))
           ^^^^^^^^^^^^^^^^^^^^^^^^^^^^^^^^^^^^^^^^^^^^^^^^^^^^^^^^
  File "/gpfs/home1/mbolding/.local/share/mamba/envs/visioncnn/lib/python3.11/site-packages/torch/distributed/launcher/api.py", line 269, in launch_agent
    raise ChildFailedError(
torch.distributed.elastic.multiprocessing.errors.ChildFailedError: 
============================================================
scripts/train.py FAILED
------------------------------------------------------------
Failures:
  <NO_OTHER_FAILURES>
------------------------------------------------------------
Root Cause (first observed failure):
[0]:
  time      : 2026-03-16_15:49:04
  host      : gcn54.local.snellius.surf.nl
  rank      : 0 (local_rank: 0)
  exitcode  : 1 (pid: 1319377)
  error_file: <N/A>
  traceback : To enable traceback see: https://pytorch.org/docs/stable/elastic/errors.html
============================================================
srun: error: gcn54: task 0: Exited with exit code 1
srun: Terminating StepId=20769794.0
