[rank0]:[W317 09:41:08.256508351 ProcessGroupNCCL.cpp:4115] [PG ID 0 PG GUID 0 Rank 0]  using GPU 0 to perform barrier as devices used by this process are currently unknown. This can potentially cause a hang if this rank to GPU mapping is incorrect.Specify device_ids in barrier() to force use of a particular device,or call init_process_group() with a device_id.
2026-03-17 09:41:09,141 [INFO] Distributed: DistributedManager(rank=0, local_rank=0, world_size=1, device=cuda:0, is_distributed=True)
2026-03-17 09:41:09,166 [INFO] Config: {'experiment_name': 'resnet50_layernorm_imagenet_ecoset_ecovalid_seed44', 'model': {'name': 'resnet50_custom', 'num_classes': 136, 'norm_layer': 'layernorm'}, 'data': {'dataset': 'imagenet_ecoset136', 'root': '/scratch-nvme/ml-datasets/imagenet/torchvision_ImageFolder', 'img_size': 224, 'backend': 'pytorch', 'num_workers': 16, 'pin_memory': True, 'persistent_workers': True, 'prefetch_factor': 2, 'gpu_transforms': True, 'random_rotation': True, 'random_rotation_degrees': 15, 'color_jitter': True, 'color_jitter_brightness': 0.2, 'color_jitter_contrast': 0.2, 'color_jitter_saturation': 0.2, 'color_jitter_hue': 0.05, 'gaussian_blur': True, 'random_grayscale': True, 'random_grayscale_p': 0.1}, 'training': {'epochs': 25, 'batch_size': 256, 'lr': 0.001, 'min_lr': 1e-05, 'weight_decay': 0.05, 'optimizer': 'adamw', 'scheduler': 'cosine', 'label_smoothing': 0.1, 'use_amp': True, 'channels_last': True, 'seed': 44, 'checkpoint_schedule': [[10, 1], [20, 2], [25, 3]], 'disable_progress_bar': True}, 'logging': {'log_dir': 'logs'}, 'ood_eval': {'enabled': True, 'source_dataset': 'imagenet_ecoset136', 'datasets_root': '/projects/prjs0771/melle/datasets', 'imagenet_c': {'during_training': True, 'corruptions_during_training': ['gaussian_noise', 'defocus_blur', 'fog', 'contrast'], 'severity_during_training': 3}, 'save_predictions': True}, 'wandb': {'enabled': True, 'project': 'norm-comparison', 'group': 'resnet50-imagenet-ecoset-ecovalid-norm-experiment', 'tags': ['snellius', 'resnet50', 'norm-experiment', 'imagenet_ecoset136', 'ecovalid-aug', 'a100', 'layernorm']}, '_machine': {'log_dir': '/projects/prjs0771/melle/projects/visionCNN/logs'}}
2026-03-17 09:41:09,166 [INFO] Run directory: logs/resnet50_layernorm_imagenet_ecoset_ecovalid_seed44
wandb: [wandb.login()] Loaded credentials for https://api.wandb.ai from /home/mbolding/.netrc.
wandb: Currently logged in as: mellebolding (mellebolding-university-of-amsterdam) to https://api.wandb.ai. Use `wandb login --relogin` to force relogin
wandb: setting up run 3j0wvk9p
wandb: Tracking run with wandb version 0.25.0
wandb: Run data is saved locally in logs/resnet50_layernorm_imagenet_ecoset_ecovalid_seed44/wandb/run-20260317_094109-3j0wvk9p
wandb: Run `wandb offline` to turn off syncing.
wandb: Syncing run resnet50_layernorm_imagenet_ecoset_ecovalid_seed44
wandb: ⭐️ View project at https://wandb.ai/mellebolding-university-of-amsterdam/norm-comparison
wandb: 🚀 View run at https://wandb.ai/mellebolding-university-of-amsterdam/norm-comparison/runs/3j0wvk9p
2026-03-17 09:41:11,269 [INFO] Weights & Biases logging enabled
2026-03-17 09:41:11,274 [INFO] Set random seed: 44 (rank offset applied)
2026-03-17 09:41:11,274 [INFO] Using device: cuda:0
2026-03-17 09:41:11,274 [INFO] World size: 1
2026-03-17 09:41:11,614 [INFO] Model: resnet50_custom, Parameters: 23,786,696
2026-03-17 09:41:11,646 [INFO] Using channels-last (NHWC) memory format
2026-03-17 09:41:11,689 [INFO] Mixed precision training: True
2026-03-17 09:41:28,492 [INFO] Using GPU-accelerated transforms to reduce CPU bottleneck
2026-03-17 09:41:28,493 [INFO] Train samples: 176411, Val samples: 6800
2026-03-17 09:41:28,493 [INFO] Effective batch size: 256 (256 x 1 GPUs)
2026-03-17 09:41:43,579 [INFO] OOD evaluation enabled: 7 datasets loaded (imagenet_r, imagenet_sketch, imagenet_a, imagenet_c_gaussian_noise_s3, imagenet_c_defocus_blur_s3, imagenet_c_fog_s3, imagenet_c_contrast_s3)
2026-03-17 09:41:43,593 [INFO] Saving per-image predictions to logs/resnet50_layernorm_imagenet_ecoset_ecovalid_seed44/predictions
2026-03-17 09:41:43,594 [INFO] Starting training for 25 epochs...
2026-03-17 09:46:24,530 [INFO] Running OOD evaluation (epoch 1)...
2026-03-17 09:47:36,263 [INFO] OOD accuracies: imagenet_a: 0.9%, imagenet_c_contrast_s3: 2.0%, imagenet_c_defocus_blur_s3: 2.6%, imagenet_c_fog_s3: 1.4%, imagenet_c_gaussian_noise_s3: 2.4%, imagenet_r: 1.0%, imagenet_sketch: 1.2%
2026-03-17 09:47:36,344 [INFO] Epoch 1/25 | Train Loss: 4.9087, Train Acc: 1.04% | Val Loss: 4.7693, Val Acc: 2.60% | LR: 0.000996 | Time: 352.7s
2026-03-17 09:47:36,668 [INFO] New best accuracy: 2.60%
2026-03-17 09:52:14,480 [INFO] Running OOD evaluation (epoch 2)...
2026-03-17 09:53:25,525 [INFO] OOD accuracies: imagenet_a: 2.1%, imagenet_c_contrast_s3: 4.9%, imagenet_c_defocus_blur_s3: 6.6%, imagenet_c_fog_s3: 2.5%, imagenet_c_gaussian_noise_s3: 6.6%, imagenet_r: 2.0%, imagenet_sketch: 2.4%
2026-03-17 09:53:25,555 [INFO] Epoch 2/25 | Train Loss: 4.6704, Train Acc: 3.80% | Val Loss: 4.4404, Val Acc: 6.94% | LR: 0.000984 | Time: 346.0s
2026-03-17 09:53:25,916 [INFO] New best accuracy: 6.94%
2026-03-17 09:58:02,928 [INFO] Running OOD evaluation (epoch 3)...
2026-03-17 09:59:15,111 [INFO] OOD accuracies: imagenet_a: 1.9%, imagenet_c_contrast_s3: 7.0%, imagenet_c_defocus_blur_s3: 9.4%, imagenet_c_fog_s3: 2.9%, imagenet_c_gaussian_noise_s3: 10.4%, imagenet_r: 4.4%, imagenet_sketch: 2.5%
2026-03-17 09:59:15,174 [INFO] Epoch 3/25 | Train Loss: 4.4101, Train Acc: 7.74% | Val Loss: 4.1682, Val Acc: 11.78% | LR: 0.000965 | Time: 347.2s
2026-03-17 09:59:15,470 [INFO] New best accuracy: 11.78%
2026-03-17 10:03:52,263 [INFO] Running OOD evaluation (epoch 4)...
2026-03-17 10:05:03,907 [INFO] OOD accuracies: imagenet_a: 1.9%, imagenet_c_contrast_s3: 11.6%, imagenet_c_defocus_blur_s3: 13.2%, imagenet_c_fog_s3: 5.0%, imagenet_c_gaussian_noise_s3: 13.3%, imagenet_r: 5.4%, imagenet_sketch: 3.5%
2026-03-17 10:05:04,009 [INFO] Epoch 4/25 | Train Loss: 4.1635, Train Acc: 12.32% | Val Loss: 3.8790, Val Acc: 18.40% | LR: 0.000939 | Time: 346.7s
2026-03-17 10:05:04,324 [INFO] New best accuracy: 18.40%
2026-03-17 10:09:41,742 [INFO] Running OOD evaluation (epoch 5)...
2026-03-17 10:10:52,513 [INFO] OOD accuracies: imagenet_a: 2.0%, imagenet_c_contrast_s3: 13.0%, imagenet_c_defocus_blur_s3: 14.1%, imagenet_c_fog_s3: 5.4%, imagenet_c_gaussian_noise_s3: 14.0%, imagenet_r: 5.7%, imagenet_sketch: 4.3%
2026-03-17 10:10:52,585 [INFO] Epoch 5/25 | Train Loss: 3.9470, Train Acc: 16.95% | Val Loss: 3.6831, Val Acc: 22.74% | LR: 0.000905 | Time: 346.2s
2026-03-17 10:10:52,883 [INFO] New best accuracy: 22.74%
2026-03-17 10:15:30,095 [INFO] Running OOD evaluation (epoch 6)...
2026-03-17 10:16:41,406 [INFO] OOD accuracies: imagenet_a: 2.3%, imagenet_c_contrast_s3: 17.0%, imagenet_c_defocus_blur_s3: 20.1%, imagenet_c_fog_s3: 6.9%, imagenet_c_gaussian_noise_s3: 15.5%, imagenet_r: 5.8%, imagenet_sketch: 4.1%
2026-03-17 10:16:41,472 [INFO] Epoch 6/25 | Train Loss: 3.7840, Train Acc: 20.47% | Val Loss: 3.5406, Val Acc: 25.56% | LR: 0.000866 | Time: 346.8s
2026-03-17 10:16:41,785 [INFO] New best accuracy: 25.56%
2026-03-17 10:21:18,368 [INFO] Running OOD evaluation (epoch 7)...
2026-03-17 10:22:32,365 [INFO] OOD accuracies: imagenet_a: 2.9%, imagenet_c_contrast_s3: 19.3%, imagenet_c_defocus_blur_s3: 19.4%, imagenet_c_fog_s3: 9.4%, imagenet_c_gaussian_noise_s3: 16.3%, imagenet_r: 6.5%, imagenet_sketch: 5.2%
2026-03-17 10:22:32,461 [INFO] Epoch 7/25 | Train Loss: 3.6395, Train Acc: 23.71% | Val Loss: 3.3537, Val Acc: 29.78% | LR: 0.000821 | Time: 348.9s
2026-03-17 10:22:32,771 [INFO] New best accuracy: 29.78%
2026-03-17 10:27:10,134 [INFO] Running OOD evaluation (epoch 8)...
2026-03-17 10:28:21,320 [INFO] OOD accuracies: imagenet_a: 2.4%, imagenet_c_contrast_s3: 21.0%, imagenet_c_defocus_blur_s3: 23.5%, imagenet_c_fog_s3: 11.5%, imagenet_c_gaussian_noise_s3: 14.5%, imagenet_r: 6.9%, imagenet_sketch: 4.3%
2026-03-17 10:28:21,409 [INFO] Epoch 8/25 | Train Loss: 3.5312, Train Acc: 26.23% | Val Loss: 3.2675, Val Acc: 32.97% | LR: 0.000770 | Time: 346.8s
2026-03-17 10:28:21,760 [INFO] New best accuracy: 32.97%
2026-03-17 10:32:58,467 [INFO] Running OOD evaluation (epoch 9)...
2026-03-17 10:34:09,893 [INFO] OOD accuracies: imagenet_a: 2.4%, imagenet_c_contrast_s3: 22.1%, imagenet_c_defocus_blur_s3: 23.6%, imagenet_c_fog_s3: 11.1%, imagenet_c_gaussian_noise_s3: 17.3%, imagenet_r: 6.9%, imagenet_sketch: 7.1%
2026-03-17 10:34:09,953 [INFO] Epoch 9/25 | Train Loss: 3.4129, Train Acc: 29.02% | Val Loss: 3.1616, Val Acc: 35.01% | LR: 0.000716 | Time: 346.4s
2026-03-17 10:34:10,259 [INFO] New best accuracy: 35.01%
2026-03-17 10:38:47,408 [INFO] Running OOD evaluation (epoch 10)...
2026-03-17 10:39:59,002 [INFO] OOD accuracies: imagenet_a: 2.1%, imagenet_c_contrast_s3: 24.4%, imagenet_c_defocus_blur_s3: 27.4%, imagenet_c_fog_s3: 11.3%, imagenet_c_gaussian_noise_s3: 14.3%, imagenet_r: 7.6%, imagenet_sketch: 6.9%
2026-03-17 10:39:59,089 [INFO] Epoch 10/25 | Train Loss: 3.3073, Train Acc: 31.57% | Val Loss: 3.0264, Val Acc: 38.60% | LR: 0.000658 | Time: 347.0s
2026-03-17 10:39:59,399 [INFO] New best accuracy: 38.60%
2026-03-17 10:44:29,123 [INFO] Epoch 11/25 | Train Loss: 3.2134, Train Acc: 33.94% | (validation skipped) | LR: 0.000598 | Time: 267.8s
2026-03-17 10:49:03,568 [INFO] Running OOD evaluation (epoch 12)...
2026-03-17 10:50:15,405 [INFO] OOD accuracies: imagenet_a: 2.6%, imagenet_c_contrast_s3: 27.1%, imagenet_c_defocus_blur_s3: 32.4%, imagenet_c_fog_s3: 14.5%, imagenet_c_gaussian_noise_s3: 17.1%, imagenet_r: 9.0%, imagenet_sketch: 9.7%
2026-03-17 10:50:15,472 [INFO] Epoch 12/25 | Train Loss: 3.1222, Train Acc: 36.30% | Val Loss: 2.8641, Val Acc: 43.53% | LR: 0.000536 | Time: 346.3s
2026-03-17 10:50:15,808 [INFO] New best accuracy: 43.53%
2026-03-17 10:54:45,839 [INFO] Epoch 13/25 | Train Loss: 3.0394, Train Acc: 38.35% | (validation skipped) | LR: 0.000474 | Time: 268.2s
2026-03-17 10:59:20,715 [INFO] Running OOD evaluation (epoch 14)...
2026-03-17 11:00:35,744 [INFO] OOD accuracies: imagenet_a: 3.5%, imagenet_c_contrast_s3: 29.8%, imagenet_c_defocus_blur_s3: 31.3%, imagenet_c_fog_s3: 14.2%, imagenet_c_gaussian_noise_s3: 12.8%, imagenet_r: 9.9%, imagenet_sketch: 10.1%
2026-03-17 11:00:35,831 [INFO] Epoch 14/25 | Train Loss: 2.9637, Train Acc: 40.19% | Val Loss: 2.7223, Val Acc: 46.65% | LR: 0.000412 | Time: 350.0s
2026-03-17 11:00:36,158 [INFO] New best accuracy: 46.65%
2026-03-17 11:05:06,376 [INFO] Epoch 15/25 | Train Loss: 2.8953, Train Acc: 42.05% | (validation skipped) | LR: 0.000352 | Time: 268.3s
2026-03-17 11:09:40,894 [INFO] Running OOD evaluation (epoch 16)...
2026-03-17 11:10:52,552 [INFO] OOD accuracies: imagenet_a: 3.0%, imagenet_c_contrast_s3: 36.4%, imagenet_c_defocus_blur_s3: 35.8%, imagenet_c_fog_s3: 18.4%, imagenet_c_gaussian_noise_s3: 13.0%, imagenet_r: 11.7%, imagenet_sketch: 13.2%
2026-03-17 11:10:52,649 [INFO] Epoch 16/25 | Train Loss: 2.8307, Train Acc: 43.73% | Val Loss: 2.6277, Val Acc: 49.34% | LR: 0.000294 | Time: 346.3s
2026-03-17 11:10:52,959 [INFO] New best accuracy: 49.34%
2026-03-17 11:15:22,530 [INFO] Epoch 17/25 | Train Loss: 2.7715, Train Acc: 45.31% | (validation skipped) | LR: 0.000240 | Time: 267.7s
2026-03-17 11:19:57,154 [INFO] Running OOD evaluation (epoch 18)...
2026-03-17 11:21:08,510 [INFO] OOD accuracies: imagenet_a: 3.8%, imagenet_c_contrast_s3: 38.8%, imagenet_c_defocus_blur_s3: 34.7%, imagenet_c_fog_s3: 18.6%, imagenet_c_gaussian_noise_s3: 14.6%, imagenet_r: 11.8%, imagenet_sketch: 13.8%
2026-03-17 11:21:08,599 [INFO] Epoch 18/25 | Train Loss: 2.7194, Train Acc: 46.78% | Val Loss: 2.5109, Val Acc: 52.19% | LR: 0.000189 | Time: 346.0s
2026-03-17 11:21:08,927 [INFO] New best accuracy: 52.19%
2026-03-17 11:25:38,686 [INFO] Epoch 19/25 | Train Loss: 2.6665, Train Acc: 48.14% | (validation skipped) | LR: 0.000144 | Time: 268.0s
2026-03-17 11:30:13,774 [INFO] Running OOD evaluation (epoch 20)...
2026-03-17 11:31:24,847 [INFO] OOD accuracies: imagenet_a: 3.6%, imagenet_c_contrast_s3: 40.3%, imagenet_c_defocus_blur_s3: 36.3%, imagenet_c_fog_s3: 21.5%, imagenet_c_gaussian_noise_s3: 15.0%, imagenet_r: 12.8%, imagenet_sketch: 14.5%
2026-03-17 11:31:24,933 [INFO] Epoch 20/25 | Train Loss: 2.6349, Train Acc: 48.87% | Val Loss: 2.4526, Val Acc: 54.00% | LR: 0.000105 | Time: 346.2s
2026-03-17 11:31:25,253 [INFO] New best accuracy: 54.00%
2026-03-17 11:36:01,994 [INFO] Running OOD evaluation (epoch 21)...
2026-03-17 11:37:13,814 [INFO] OOD accuracies: imagenet_a: 3.6%, imagenet_c_contrast_s3: 40.4%, imagenet_c_defocus_blur_s3: 38.0%, imagenet_c_fog_s3: 20.2%, imagenet_c_gaussian_noise_s3: 17.0%, imagenet_r: 12.4%, imagenet_sketch: 13.8%
2026-03-17 11:37:13,885 [INFO] Epoch 21/25 | Train Loss: 2.5913, Train Acc: 50.28% | Val Loss: 2.4318, Val Acc: 55.04% | LR: 0.000071 | Time: 346.8s
2026-03-17 11:37:14,190 [INFO] New best accuracy: 55.04%
2026-03-17 11:41:44,486 [INFO] Epoch 22/25 | Train Loss: 2.5698, Train Acc: 50.83% | (validation skipped) | LR: 0.000045 | Time: 268.5s
2026-03-17 11:46:12,446 [INFO] Epoch 23/25 | Train Loss: 2.5434, Train Acc: 51.52% | (validation skipped) | LR: 0.000026 | Time: 267.9s
2026-03-17 11:50:47,387 [INFO] Running OOD evaluation (epoch 24)...
2026-03-17 11:51:58,498 [INFO] OOD accuracies: imagenet_a: 3.5%, imagenet_c_contrast_s3: 41.3%, imagenet_c_defocus_blur_s3: 38.9%, imagenet_c_fog_s3: 22.0%, imagenet_c_gaussian_noise_s3: 15.9%, imagenet_r: 12.6%, imagenet_sketch: 14.6%
2026-03-17 11:51:58,539 [INFO] Epoch 24/25 | Train Loss: 2.5272, Train Acc: 52.01% | Val Loss: 2.3786, Val Acc: 56.06% | LR: 0.000014 | Time: 346.1s
2026-03-17 11:51:58,893 [INFO] New best accuracy: 56.06%
2026-03-17 11:56:35,372 [INFO] Running OOD evaluation (epoch 25)...
2026-03-17 11:57:46,568 [INFO] OOD accuracies: imagenet_a: 3.7%, imagenet_c_contrast_s3: 41.7%, imagenet_c_defocus_blur_s3: 39.8%, imagenet_c_fog_s3: 22.5%, imagenet_c_gaussian_noise_s3: 15.7%, imagenet_r: 12.5%, imagenet_sketch: 15.0%
2026-03-17 11:57:46,670 [INFO] Epoch 25/25 | Train Loss: 2.5182, Train Acc: 52.39% | Val Loss: 2.3773, Val Acc: 55.87% | LR: 0.000010 | Time: 345.9s
2026-03-17 11:57:47,346 [INFO] Training complete! Best accuracy: 56.06%
2026-03-17 11:57:47,346 [INFO] Outputs saved to: logs/resnet50_layernorm_imagenet_ecoset_ecovalid_seed44
wandb: updating run metadata
wandb: uploading history steps 24-24, summary, console lines 89-92
wandb: 
wandb: Run history:
wandb:                                epoch ▁▁▂▂▂▂▃▃▃▄▄▄▅▅▅▅▆▆▆▇▇▇▇██
wandb:                                   lr ████▇▇▇▆▆▆▅▅▄▄▃▃▃▂▂▂▁▁▁▁▁
wandb:                   ood/imagenet_a/acc ▁▄▃▃▄▄▆▅▅▄▅▇▆█▇▇▇█
wandb:                  ood/imagenet_a/loss ▁▁▂▄▃▇▅▅▇█▇▆█▅▆▆▆▆
wandb:             ood/imagenet_a/n_classes ▁▁▁▁▁▁▁▁▁▁▁▁▁▁▁▁▁▁
wandb:             ood/imagenet_a/n_samples ▁▁▁▁▁▁▁▁▁▁▁▁▁▁▁▁▁▁
wandb:              ood/imagenet_c/mean_acc ▁▂▂▃▃▄▅▅▅▅▆▆▇▇████
wandb:       ood/imagenet_c_contrast_s3/acc ▁▂▂▃▃▄▄▄▅▅▅▆▇▇████
wandb:      ood/imagenet_c_contrast_s3/loss █▇▇▆▅▅▄▄▄▃▃▃▂▁▁▁▁▁
wandb: ood/imagenet_c_contrast_s3/n_samples ▁▁▁▁▁▁▁▁▁▁▁▁▁▁▁▁▁▁
wandb:                                  +21 ...
wandb: 
wandb: Run summary:
wandb:                                epoch 25
wandb:                                   lr 1e-05
wandb:                   ood/imagenet_a/acc 3.67728
wandb:                  ood/imagenet_a/loss 5.39611
wandb:             ood/imagenet_a/n_classes 48
wandb:             ood/imagenet_a/n_samples 1822
wandb:              ood/imagenet_c/mean_acc 29.92647
wandb:       ood/imagenet_c_contrast_s3/acc 41.73529
wandb:      ood/imagenet_c_contrast_s3/loss 2.45038
wandb: ood/imagenet_c_contrast_s3/n_samples 6800
wandb:                                  +21 ...
wandb: 
wandb: 🚀 View run resnet50_layernorm_imagenet_ecoset_ecovalid_seed44 at: https://wandb.ai/mellebolding-university-of-amsterdam/norm-comparison/runs/3j0wvk9p
wandb: ⭐️ View project at: https://wandb.ai/mellebolding-university-of-amsterdam/norm-comparison
wandb: Synced 5 W&B file(s), 0 media file(s), 34 artifact file(s) and 0 other file(s)
wandb: Find logs at: logs/resnet50_layernorm_imagenet_ecoset_ecovalid_seed44/wandb/run-20260317_094109-3j0wvk9p/logs
