==============================================
SLURM Job Information
==============================================
Job ID: 20792734
Job Name: derf_s45
Partition: gpu_a100
Nodes: 1
Tasks per node: 1
GPUs per node: 1
CPUs per task: 
Node list: gcn28
==============================================
Config: configs/imagenet_ecoset_norm_experiment_ecovalid/derf.yaml
Additional args: --set training.seed=45 experiment_name=resnet50_derf_imagenet_ecoset_ecovalid_seed45
==============================================
Single-node training with 1 GPUs
Outputs will be saved to: logs
NCCL version 2.21.5+cuda12.1
[INFO] Machine: snellius
[INFO] ImageNet root: /scratch-nvme/ml-datasets/imagenet/torchvision_ImageFolder
==============================================
Training complete!
==============================================
