[rank0]:[W317 09:40:15.652282531 ProcessGroupNCCL.cpp:4115] [PG ID 0 PG GUID 0 Rank 0]  using GPU 0 to perform barrier as devices used by this process are currently unknown. This can potentially cause a hang if this rank to GPU mapping is incorrect.Specify device_ids in barrier() to force use of a particular device,or call init_process_group() with a device_id.
2026-03-17 09:40:15,247 [INFO] Distributed: DistributedManager(rank=0, local_rank=0, world_size=1, device=cuda:0, is_distributed=True)
2026-03-17 09:40:15,262 [INFO] Config: {'experiment_name': 'resnet50_batchnorm_imagenet_ecoset_ecovalid_seed42', 'model': {'name': 'resnet50_custom', 'num_classes': 136, 'norm_layer': 'batchnorm'}, 'data': {'dataset': 'imagenet_ecoset136', 'root': '/scratch-nvme/ml-datasets/imagenet/torchvision_ImageFolder', 'img_size': 224, 'backend': 'pytorch', 'num_workers': 16, 'pin_memory': True, 'persistent_workers': True, 'prefetch_factor': 2, 'gpu_transforms': True, 'random_rotation': True, 'random_rotation_degrees': 15, 'color_jitter': True, 'color_jitter_brightness': 0.2, 'color_jitter_contrast': 0.2, 'color_jitter_saturation': 0.2, 'color_jitter_hue': 0.05, 'gaussian_blur': True, 'random_grayscale': True, 'random_grayscale_p': 0.1}, 'training': {'epochs': 25, 'batch_size': 256, 'val_batch_size': 512, 'lr': 0.001, 'min_lr': 1e-05, 'weight_decay': 0.05, 'optimizer': 'adamw', 'scheduler': 'cosine', 'label_smoothing': 0.1, 'use_amp': True, 'channels_last': True, 'seed': 42, 'checkpoint_schedule': [[10, 1], [20, 2], [25, 3]], 'disable_progress_bar': True}, 'logging': {'log_dir': 'logs'}, 'ood_eval': {'enabled': True, 'source_dataset': 'imagenet_ecoset136', 'datasets_root': '/projects/prjs0771/melle/datasets', 'bn_adapt': True, 'imagenet_c': {'during_training': True, 'corruptions_during_training': ['gaussian_noise', 'defocus_blur', 'fog', 'contrast'], 'severity_during_training': 3}, 'save_predictions': True}, 'wandb': {'enabled': True, 'project': 'norm-comparison', 'group': 'resnet50-imagenet-ecoset-ecovalid-norm-experiment', 'tags': ['a100', 'imagenet_ecoset136', 'snellius', 'resnet50', 'batchnorm', 'ecovalid-aug', 'norm-experiment']}, '_machine': {'log_dir': '/projects/prjs0771/melle/projects/visionCNN/logs'}}
2026-03-17 09:40:15,263 [INFO] Run directory: logs/resnet50_batchnorm_imagenet_ecoset_ecovalid_seed42
wandb: [wandb.login()] Loaded credentials for https://api.wandb.ai from /home/mbolding/.netrc.
wandb: Currently logged in as: mellebolding (mellebolding-university-of-amsterdam) to https://api.wandb.ai. Use `wandb login --relogin` to force relogin
wandb: setting up run dnzkjj1s
wandb: Tracking run with wandb version 0.25.0
wandb: Run data is saved locally in logs/resnet50_batchnorm_imagenet_ecoset_ecovalid_seed42/wandb/run-20260317_094015-dnzkjj1s
wandb: Run `wandb offline` to turn off syncing.
wandb: Syncing run resnet50_batchnorm_imagenet_ecoset_ecovalid_seed42
wandb: ⭐️ View project at https://wandb.ai/mellebolding-university-of-amsterdam/norm-comparison
wandb: 🚀 View run at https://wandb.ai/mellebolding-university-of-amsterdam/norm-comparison/runs/dnzkjj1s
2026-03-17 09:40:17,753 [INFO] Weights & Biases logging enabled
2026-03-17 09:40:17,757 [INFO] Set random seed: 42 (rank offset applied)
2026-03-17 09:40:17,757 [INFO] Using device: cuda:0
2026-03-17 09:40:17,757 [INFO] World size: 1
2026-03-17 09:40:18,095 [INFO] Model: resnet50_custom, Parameters: 23,786,696
2026-03-17 09:40:18,123 [INFO] Using channels-last (NHWC) memory format
2026-03-17 09:40:18,176 [INFO] Mixed precision training: True
2026-03-17 09:40:44,344 [INFO] Using GPU-accelerated transforms to reduce CPU bottleneck
2026-03-17 09:40:44,345 [INFO] Train samples: 176411, Val samples: 6800
2026-03-17 09:40:44,345 [INFO] Effective batch size: 256 (256 x 1 GPUs)
2026-03-17 09:40:49,415 [INFO] OOD evaluation enabled: 7 datasets loaded (imagenet_r, imagenet_sketch, imagenet_a, imagenet_c_gaussian_noise_s3, imagenet_c_defocus_blur_s3, imagenet_c_fog_s3, imagenet_c_contrast_s3)
2026-03-17 09:40:49,442 [INFO] Saving per-image predictions to logs/resnet50_batchnorm_imagenet_ecoset_ecovalid_seed42/predictions
2026-03-17 09:40:49,442 [INFO] Starting training for 25 epochs...
2026-03-17 09:44:01,510 [INFO] Running OOD evaluation (epoch 1)...
2026-03-17 09:45:23,241 [INFO] OOD accuracies: imagenet_a: 1.4%, imagenet_c_contrast_s3: 5.1%, imagenet_c_defocus_blur_s3: 6.1%, imagenet_c_fog_s3: 5.4%, imagenet_c_gaussian_noise_s3: 6.6%, imagenet_r: 2.2%, imagenet_sketch: 2.3%
2026-03-17 09:45:23,360 [INFO] Epoch 1/25 | Train Loss: 4.5279, Train Acc: 6.43% | Val Loss: 4.1429, Val Acc: 11.90% | LR: 0.000996 | Time: 273.9s
2026-03-17 09:45:23,713 [INFO] New best accuracy: 11.90%
2026-03-17 09:48:36,522 [INFO] Running OOD evaluation (epoch 2)...
2026-03-17 09:49:51,044 [INFO] OOD accuracies: imagenet_a: 1.5%, imagenet_c_contrast_s3: 9.7%, imagenet_c_defocus_blur_s3: 10.6%, imagenet_c_fog_s3: 9.7%, imagenet_c_gaussian_noise_s3: 11.4%, imagenet_r: 3.4%, imagenet_sketch: 4.6%
2026-03-17 09:49:51,118 [INFO] Epoch 2/25 | Train Loss: 3.9989, Train Acc: 15.20% | Val Loss: 3.6516, Val Acc: 22.96% | LR: 0.000984 | Time: 263.9s
2026-03-17 09:49:51,458 [INFO] New best accuracy: 22.96%
2026-03-17 09:53:01,598 [INFO] Running OOD evaluation (epoch 3)...
2026-03-17 09:54:16,363 [INFO] OOD accuracies: imagenet_a: 1.5%, imagenet_c_contrast_s3: 13.7%, imagenet_c_defocus_blur_s3: 13.7%, imagenet_c_fog_s3: 13.6%, imagenet_c_gaussian_noise_s3: 15.3%, imagenet_r: 4.5%, imagenet_sketch: 6.5%
2026-03-17 09:54:16,494 [INFO] Epoch 3/25 | Train Loss: 3.6785, Train Acc: 22.08% | Val Loss: 3.3256, Val Acc: 30.99% | LR: 0.000965 | Time: 263.2s
2026-03-17 09:54:16,832 [INFO] New best accuracy: 30.99%
2026-03-17 09:57:27,513 [INFO] Running OOD evaluation (epoch 4)...
2026-03-17 09:58:45,345 [INFO] OOD accuracies: imagenet_a: 1.9%, imagenet_c_contrast_s3: 16.4%, imagenet_c_defocus_blur_s3: 16.0%, imagenet_c_fog_s3: 16.3%, imagenet_c_gaussian_noise_s3: 16.5%, imagenet_r: 4.8%, imagenet_sketch: 8.2%
2026-03-17 09:58:45,428 [INFO] Epoch 4/25 | Train Loss: 3.4626, Train Acc: 27.20% | Val Loss: 3.0874, Val Acc: 36.24% | LR: 0.000939 | Time: 266.7s
2026-03-17 09:58:45,732 [INFO] New best accuracy: 36.24%
2026-03-17 10:01:56,323 [INFO] Running OOD evaluation (epoch 5)...
2026-03-17 10:03:11,993 [INFO] OOD accuracies: imagenet_a: 2.0%, imagenet_c_contrast_s3: 19.7%, imagenet_c_defocus_blur_s3: 17.2%, imagenet_c_fog_s3: 19.3%, imagenet_c_gaussian_noise_s3: 19.6%, imagenet_r: 5.9%, imagenet_sketch: 10.5%
2026-03-17 10:03:12,087 [INFO] Epoch 5/25 | Train Loss: 3.2438, Train Acc: 32.63% | Val Loss: 3.1309, Val Acc: 36.12% | LR: 0.000905 | Time: 264.5s
2026-03-17 10:06:21,097 [INFO] Running OOD evaluation (epoch 6)...
2026-03-17 10:07:36,986 [INFO] OOD accuracies: imagenet_a: 1.9%, imagenet_c_contrast_s3: 23.4%, imagenet_c_defocus_blur_s3: 19.9%, imagenet_c_fog_s3: 22.5%, imagenet_c_gaussian_noise_s3: 23.1%, imagenet_r: 6.0%, imagenet_sketch: 11.0%
2026-03-17 10:07:37,114 [INFO] Epoch 6/25 | Train Loss: 3.0610, Train Acc: 37.21% | Val Loss: 2.8214, Val Acc: 42.57% | LR: 0.000866 | Time: 264.3s
2026-03-17 10:07:37,425 [INFO] New best accuracy: 42.57%
2026-03-17 10:10:48,398 [INFO] Running OOD evaluation (epoch 7)...
2026-03-17 10:12:02,639 [INFO] OOD accuracies: imagenet_a: 2.1%, imagenet_c_contrast_s3: 26.5%, imagenet_c_defocus_blur_s3: 22.8%, imagenet_c_fog_s3: 25.2%, imagenet_c_gaussian_noise_s3: 25.5%, imagenet_r: 7.8%, imagenet_sketch: 13.1%
2026-03-17 10:12:02,732 [INFO] Epoch 7/25 | Train Loss: 2.9219, Train Acc: 41.00% | Val Loss: 2.6142, Val Acc: 48.96% | LR: 0.000821 | Time: 263.3s
2026-03-17 10:12:03,041 [INFO] New best accuracy: 48.96%
2026-03-17 10:15:15,172 [INFO] Running OOD evaluation (epoch 8)...
2026-03-17 10:16:29,262 [INFO] OOD accuracies: imagenet_a: 1.8%, imagenet_c_contrast_s3: 29.0%, imagenet_c_defocus_blur_s3: 23.1%, imagenet_c_fog_s3: 26.7%, imagenet_c_gaussian_noise_s3: 26.5%, imagenet_r: 8.0%, imagenet_sketch: 15.0%
2026-03-17 10:16:29,350 [INFO] Epoch 8/25 | Train Loss: 2.7868, Train Acc: 44.59% | Val Loss: 2.6113, Val Acc: 48.85% | LR: 0.000770 | Time: 264.2s
2026-03-17 10:19:39,295 [INFO] Running OOD evaluation (epoch 9)...
2026-03-17 10:20:54,808 [INFO] OOD accuracies: imagenet_a: 2.7%, imagenet_c_contrast_s3: 31.6%, imagenet_c_defocus_blur_s3: 25.1%, imagenet_c_fog_s3: 30.1%, imagenet_c_gaussian_noise_s3: 28.5%, imagenet_r: 8.5%, imagenet_sketch: 16.6%
2026-03-17 10:20:54,909 [INFO] Epoch 9/25 | Train Loss: 2.6714, Train Acc: 47.74% | Val Loss: 2.4240, Val Acc: 54.15% | LR: 0.000716 | Time: 264.9s
2026-03-17 10:20:55,245 [INFO] New best accuracy: 54.15%
2026-03-17 10:24:10,389 [INFO] Running OOD evaluation (epoch 10)...
2026-03-17 10:25:26,014 [INFO] OOD accuracies: imagenet_a: 2.5%, imagenet_c_contrast_s3: 33.4%, imagenet_c_defocus_blur_s3: 27.1%, imagenet_c_fog_s3: 30.6%, imagenet_c_gaussian_noise_s3: 30.0%, imagenet_r: 8.3%, imagenet_sketch: 17.4%
2026-03-17 10:25:26,134 [INFO] Epoch 10/25 | Train Loss: 2.5651, Train Acc: 50.65% | Val Loss: 2.3641, Val Acc: 55.38% | LR: 0.000658 | Time: 268.9s
2026-03-17 10:25:26,530 [INFO] New best accuracy: 55.38%
2026-03-17 10:28:31,902 [INFO] Epoch 11/25 | Train Loss: 2.4919, Train Acc: 52.59% | (validation skipped) | LR: 0.000598 | Time: 183.5s
2026-03-17 10:31:41,802 [INFO] Running OOD evaluation (epoch 12)...
2026-03-17 10:32:56,439 [INFO] OOD accuracies: imagenet_a: 2.1%, imagenet_c_contrast_s3: 36.3%, imagenet_c_defocus_blur_s3: 27.8%, imagenet_c_fog_s3: 34.5%, imagenet_c_gaussian_noise_s3: 30.8%, imagenet_r: 10.2%, imagenet_sketch: 19.0%
2026-03-17 10:32:56,524 [INFO] Epoch 12/25 | Train Loss: 2.4146, Train Acc: 54.92% | Val Loss: 2.1638, Val Acc: 61.15% | LR: 0.000536 | Time: 264.6s
2026-03-17 10:32:56,870 [INFO] New best accuracy: 61.15%
2026-03-17 10:36:02,079 [INFO] Epoch 13/25 | Train Loss: 2.3471, Train Acc: 56.83% | (validation skipped) | LR: 0.000474 | Time: 183.4s
2026-03-17 10:39:10,047 [INFO] Running OOD evaluation (epoch 14)...
2026-03-17 10:40:25,193 [INFO] OOD accuracies: imagenet_a: 2.3%, imagenet_c_contrast_s3: 38.5%, imagenet_c_defocus_blur_s3: 28.3%, imagenet_c_fog_s3: 35.2%, imagenet_c_gaussian_noise_s3: 32.1%, imagenet_r: 10.1%, imagenet_sketch: 20.0%
2026-03-17 10:40:25,323 [INFO] Epoch 14/25 | Train Loss: 2.2828, Train Acc: 58.57% | Val Loss: 2.1041, Val Acc: 63.79% | LR: 0.000412 | Time: 263.2s
2026-03-17 10:40:25,641 [INFO] New best accuracy: 63.79%
2026-03-17 10:43:30,564 [INFO] Epoch 15/25 | Train Loss: 2.2162, Train Acc: 60.44% | (validation skipped) | LR: 0.000352 | Time: 183.1s
2026-03-17 10:46:39,079 [INFO] Running OOD evaluation (epoch 16)...
2026-03-17 10:47:53,450 [INFO] OOD accuracies: imagenet_a: 2.7%, imagenet_c_contrast_s3: 40.9%, imagenet_c_defocus_blur_s3: 30.8%, imagenet_c_fog_s3: 36.5%, imagenet_c_gaussian_noise_s3: 34.0%, imagenet_r: 11.2%, imagenet_sketch: 21.3%
2026-03-17 10:47:53,555 [INFO] Epoch 16/25 | Train Loss: 2.1560, Train Acc: 62.16% | Val Loss: 2.0088, Val Acc: 65.93% | LR: 0.000294 | Time: 263.0s
2026-03-17 10:47:53,861 [INFO] New best accuracy: 65.93%
2026-03-17 10:50:58,440 [INFO] Epoch 17/25 | Train Loss: 2.1085, Train Acc: 63.59% | (validation skipped) | LR: 0.000240 | Time: 182.7s
2026-03-17 10:54:07,941 [INFO] Running OOD evaluation (epoch 18)...
2026-03-17 10:55:24,122 [INFO] OOD accuracies: imagenet_a: 2.2%, imagenet_c_contrast_s3: 42.3%, imagenet_c_defocus_blur_s3: 31.2%, imagenet_c_fog_s3: 38.2%, imagenet_c_gaussian_noise_s3: 34.7%, imagenet_r: 10.7%, imagenet_sketch: 22.4%
2026-03-17 10:55:24,228 [INFO] Epoch 18/25 | Train Loss: 2.0634, Train Acc: 64.83% | Val Loss: 1.9135, Val Acc: 68.60% | LR: 0.000189 | Time: 265.7s
2026-03-17 10:55:24,561 [INFO] New best accuracy: 68.60%
2026-03-17 10:58:29,339 [INFO] Epoch 19/25 | Train Loss: 2.0171, Train Acc: 66.32% | (validation skipped) | LR: 0.000144 | Time: 183.0s
2026-03-17 11:01:38,280 [INFO] Running OOD evaluation (epoch 20)...
2026-03-17 11:02:53,719 [INFO] OOD accuracies: imagenet_a: 2.9%, imagenet_c_contrast_s3: 43.9%, imagenet_c_defocus_blur_s3: 32.1%, imagenet_c_fog_s3: 38.8%, imagenet_c_gaussian_noise_s3: 35.9%, imagenet_r: 11.0%, imagenet_sketch: 22.7%
2026-03-17 11:02:53,826 [INFO] Epoch 20/25 | Train Loss: 1.9778, Train Acc: 67.36% | Val Loss: 1.8490, Val Acc: 70.76% | LR: 0.000105 | Time: 264.4s
2026-03-17 11:02:54,161 [INFO] New best accuracy: 70.76%
2026-03-17 11:06:05,630 [INFO] Running OOD evaluation (epoch 21)...
2026-03-17 11:07:20,387 [INFO] OOD accuracies: imagenet_a: 2.3%, imagenet_c_contrast_s3: 45.2%, imagenet_c_defocus_blur_s3: 33.2%, imagenet_c_fog_s3: 40.8%, imagenet_c_gaussian_noise_s3: 35.8%, imagenet_r: 11.3%, imagenet_sketch: 22.7%
2026-03-17 11:07:20,460 [INFO] Epoch 21/25 | Train Loss: 1.9455, Train Acc: 68.45% | Val Loss: 1.8271, Val Acc: 71.75% | LR: 0.000071 | Time: 264.5s
2026-03-17 11:07:20,775 [INFO] New best accuracy: 71.75%
2026-03-17 11:10:25,622 [INFO] Epoch 22/25 | Train Loss: 1.9161, Train Acc: 69.33% | (validation skipped) | LR: 0.000045 | Time: 183.0s
2026-03-17 11:13:28,796 [INFO] Epoch 23/25 | Train Loss: 1.9003, Train Acc: 69.77% | (validation skipped) | LR: 0.000026 | Time: 183.2s
2026-03-17 11:16:37,435 [INFO] Running OOD evaluation (epoch 24)...
2026-03-17 11:17:51,611 [INFO] OOD accuracies: imagenet_a: 2.5%, imagenet_c_contrast_s3: 45.8%, imagenet_c_defocus_blur_s3: 33.9%, imagenet_c_fog_s3: 39.4%, imagenet_c_gaussian_noise_s3: 35.7%, imagenet_r: 11.6%, imagenet_sketch: 22.7%
2026-03-17 11:17:51,739 [INFO] Epoch 24/25 | Train Loss: 1.8853, Train Acc: 70.18% | Val Loss: 1.7947, Val Acc: 72.53% | LR: 0.000014 | Time: 262.9s
2026-03-17 11:17:52,077 [INFO] New best accuracy: 72.53%
2026-03-17 11:21:03,039 [INFO] Running OOD evaluation (epoch 25)...
2026-03-17 11:22:17,786 [INFO] OOD accuracies: imagenet_a: 2.5%, imagenet_c_contrast_s3: 45.7%, imagenet_c_defocus_blur_s3: 33.8%, imagenet_c_fog_s3: 40.1%, imagenet_c_gaussian_noise_s3: 35.8%, imagenet_r: 11.5%, imagenet_sketch: 22.7%
2026-03-17 11:22:17,898 [INFO] Epoch 25/25 | Train Loss: 1.8782, Train Acc: 70.49% | Val Loss: 1.8017, Val Acc: 72.43% | LR: 0.000010 | Time: 264.0s
2026-03-17 11:22:18,538 [INFO] Training complete! Best accuracy: 72.53%
2026-03-17 11:22:18,538 [INFO] Outputs saved to: logs/resnet50_batchnorm_imagenet_ecoset_ecovalid_seed42
wandb: updating run metadata
wandb: uploading output.log; uploading wandb-summary.json; uploading config.yaml
wandb: uploading history steps 24-24, summary, console lines 87-90
wandb: 
wandb: Run history:
wandb:                                epoch ▁▁▂▂▂▂▃▃▃▄▄▄▅▅▅▅▆▆▆▇▇▇▇██
wandb:                                   lr ████▇▇▇▆▆▆▅▅▄▄▃▃▃▂▂▂▁▁▁▁▁
wandb:                   ood/imagenet_a/acc ▁▂▂▄▄▃▅▃▇▆▅▅▇▅█▅▆▆
wandb:                  ood/imagenet_a/loss ▁▆▆█▆█▆▇▅▇▄▃▄▅▅▅▅▅
wandb:             ood/imagenet_a/n_classes ▁▁▁▁▁▁▁▁▁▁▁▁▁▁▁▁▁▁
wandb:             ood/imagenet_a/n_samples ▁▁▁▁▁▁▁▁▁▁▁▁▁▁▁▁▁▁
wandb:              ood/imagenet_c/mean_acc ▁▂▃▃▄▄▅▅▆▆▇▇▇█████
wandb:       ood/imagenet_c_contrast_s3/acc ▁▂▂▃▄▄▅▅▆▆▆▇▇▇████
wandb:      ood/imagenet_c_contrast_s3/loss █▇▆▅▅▄▄▃▃▃▂▂▂▁▁▁▁▁
wandb: ood/imagenet_c_contrast_s3/n_samples ▁▁▁▁▁▁▁▁▁▁▁▁▁▁▁▁▁▁
wandb:                                  +21 ...
wandb: 
wandb: Run summary:
wandb:                                epoch 25
wandb:                                   lr 1e-05
wandb:                   ood/imagenet_a/acc 2.46981
wandb:                  ood/imagenet_a/loss 5.47218
wandb:             ood/imagenet_a/n_classes 48
wandb:             ood/imagenet_a/n_samples 1822
wandb:              ood/imagenet_c/mean_acc 38.83824
wandb:       ood/imagenet_c_contrast_s3/acc 45.67647
wandb:      ood/imagenet_c_contrast_s3/loss 2.44793
wandb: ood/imagenet_c_contrast_s3/n_samples 6800
wandb:                                  +21 ...
wandb: 
wandb: 🚀 View run resnet50_batchnorm_imagenet_ecoset_ecovalid_seed42 at: https://wandb.ai/mellebolding-university-of-amsterdam/norm-comparison/runs/dnzkjj1s
wandb: ⭐️ View project at: https://wandb.ai/mellebolding-university-of-amsterdam/norm-comparison
wandb: Synced 5 W&B file(s), 0 media file(s), 30 artifact file(s) and 0 other file(s)
wandb: Find logs at: logs/resnet50_batchnorm_imagenet_ecoset_ecovalid_seed42/wandb/run-20260317_094015-dnzkjj1s/logs
