[rank0]:[W317 09:40:15.260100491 ProcessGroupNCCL.cpp:4115] [PG ID 0 PG GUID 0 Rank 0]  using GPU 0 to perform barrier as devices used by this process are currently unknown. This can potentially cause a hang if this rank to GPU mapping is incorrect.Specify device_ids in barrier() to force use of a particular device,or call init_process_group() with a device_id.
2026-03-17 09:40:15,248 [INFO] Distributed: DistributedManager(rank=0, local_rank=0, world_size=1, device=cuda:0, is_distributed=True)
2026-03-17 09:40:15,266 [INFO] Config: {'experiment_name': 'resnet50_batchnorm_imagenet_ecoset_ecovalid_seed44', 'model': {'name': 'resnet50_custom', 'num_classes': 136, 'norm_layer': 'batchnorm'}, 'data': {'dataset': 'imagenet_ecoset136', 'root': '/scratch-nvme/ml-datasets/imagenet/torchvision_ImageFolder', 'img_size': 224, 'backend': 'pytorch', 'num_workers': 16, 'pin_memory': True, 'persistent_workers': True, 'prefetch_factor': 2, 'gpu_transforms': True, 'random_rotation': True, 'random_rotation_degrees': 15, 'color_jitter': True, 'color_jitter_brightness': 0.2, 'color_jitter_contrast': 0.2, 'color_jitter_saturation': 0.2, 'color_jitter_hue': 0.05, 'gaussian_blur': True, 'random_grayscale': True, 'random_grayscale_p': 0.1}, 'training': {'epochs': 25, 'batch_size': 256, 'val_batch_size': 512, 'lr': 0.001, 'min_lr': 1e-05, 'weight_decay': 0.05, 'optimizer': 'adamw', 'scheduler': 'cosine', 'label_smoothing': 0.1, 'use_amp': True, 'channels_last': True, 'seed': 44, 'checkpoint_schedule': [[10, 1], [20, 2], [25, 3]], 'disable_progress_bar': True}, 'logging': {'log_dir': 'logs'}, 'ood_eval': {'enabled': True, 'source_dataset': 'imagenet_ecoset136', 'datasets_root': '/projects/prjs0771/melle/datasets', 'bn_adapt': True, 'imagenet_c': {'during_training': True, 'corruptions_during_training': ['gaussian_noise', 'defocus_blur', 'fog', 'contrast'], 'severity_during_training': 3}, 'save_predictions': True}, 'wandb': {'enabled': True, 'project': 'norm-comparison', 'group': 'resnet50-imagenet-ecoset-ecovalid-norm-experiment', 'tags': ['norm-experiment', 'ecovalid-aug', 'resnet50', 'snellius', 'imagenet_ecoset136', 'a100', 'batchnorm']}, '_machine': {'log_dir': '/projects/prjs0771/melle/projects/visionCNN/logs'}}
2026-03-17 09:40:15,266 [INFO] Run directory: logs/resnet50_batchnorm_imagenet_ecoset_ecovalid_seed44
wandb: [wandb.login()] Loaded credentials for https://api.wandb.ai from /home/mbolding/.netrc.
wandb: Currently logged in as: mellebolding (mellebolding-university-of-amsterdam) to https://api.wandb.ai. Use `wandb login --relogin` to force relogin
wandb: setting up run uxsy85ty
wandb: Tracking run with wandb version 0.25.0
wandb: Run data is saved locally in logs/resnet50_batchnorm_imagenet_ecoset_ecovalid_seed44/wandb/run-20260317_094015-uxsy85ty
wandb: Run `wandb offline` to turn off syncing.
wandb: Syncing run resnet50_batchnorm_imagenet_ecoset_ecovalid_seed44
wandb: ⭐️ View project at https://wandb.ai/mellebolding-university-of-amsterdam/norm-comparison
wandb: 🚀 View run at https://wandb.ai/mellebolding-university-of-amsterdam/norm-comparison/runs/uxsy85ty
2026-03-17 09:40:17,905 [INFO] Weights & Biases logging enabled
2026-03-17 09:40:17,909 [INFO] Set random seed: 44 (rank offset applied)
2026-03-17 09:40:17,909 [INFO] Using device: cuda:0
2026-03-17 09:40:17,909 [INFO] World size: 1
2026-03-17 09:40:18,248 [INFO] Model: resnet50_custom, Parameters: 23,786,696
2026-03-17 09:40:18,279 [INFO] Using channels-last (NHWC) memory format
2026-03-17 09:40:18,326 [INFO] Mixed precision training: True
2026-03-17 09:40:44,343 [INFO] Using GPU-accelerated transforms to reduce CPU bottleneck
2026-03-17 09:40:44,344 [INFO] Train samples: 176411, Val samples: 6800
2026-03-17 09:40:44,344 [INFO] Effective batch size: 256 (256 x 1 GPUs)
2026-03-17 09:40:49,550 [INFO] OOD evaluation enabled: 7 datasets loaded (imagenet_r, imagenet_sketch, imagenet_a, imagenet_c_gaussian_noise_s3, imagenet_c_defocus_blur_s3, imagenet_c_fog_s3, imagenet_c_contrast_s3)
2026-03-17 09:40:49,559 [INFO] Saving per-image predictions to logs/resnet50_batchnorm_imagenet_ecoset_ecovalid_seed44/predictions
2026-03-17 09:40:49,559 [INFO] Starting training for 25 epochs...
2026-03-17 09:44:06,939 [INFO] Running OOD evaluation (epoch 1)...
2026-03-17 09:45:26,825 [INFO] OOD accuracies: imagenet_a: 1.1%, imagenet_c_contrast_s3: 5.6%, imagenet_c_defocus_blur_s3: 7.4%, imagenet_c_fog_s3: 6.0%, imagenet_c_gaussian_noise_s3: 7.3%, imagenet_r: 2.6%, imagenet_sketch: 2.3%
2026-03-17 09:45:26,895 [INFO] Epoch 1/25 | Train Loss: 4.5185, Train Acc: 6.55% | Val Loss: 4.0382, Val Acc: 14.59% | LR: 0.000996 | Time: 277.3s
2026-03-17 09:45:27,230 [INFO] New best accuracy: 14.59%
2026-03-17 09:48:40,624 [INFO] Running OOD evaluation (epoch 2)...
2026-03-17 09:49:57,814 [INFO] OOD accuracies: imagenet_a: 1.4%, imagenet_c_contrast_s3: 10.0%, imagenet_c_defocus_blur_s3: 10.5%, imagenet_c_fog_s3: 9.9%, imagenet_c_gaussian_noise_s3: 10.6%, imagenet_r: 3.2%, imagenet_sketch: 4.2%
2026-03-17 09:49:57,909 [INFO] Epoch 2/25 | Train Loss: 3.9601, Train Acc: 16.13% | Val Loss: 3.5820, Val Acc: 23.91% | LR: 0.000984 | Time: 267.4s
2026-03-17 09:49:58,230 [INFO] New best accuracy: 23.91%
2026-03-17 09:53:12,597 [INFO] Running OOD evaluation (epoch 3)...
2026-03-17 09:54:31,550 [INFO] OOD accuracies: imagenet_a: 1.4%, imagenet_c_contrast_s3: 14.7%, imagenet_c_defocus_blur_s3: 14.4%, imagenet_c_fog_s3: 14.8%, imagenet_c_gaussian_noise_s3: 14.5%, imagenet_r: 4.2%, imagenet_sketch: 6.3%
2026-03-17 09:54:31,581 [INFO] Epoch 3/25 | Train Loss: 3.6381, Train Acc: 22.94% | Val Loss: 3.2796, Val Acc: 31.50% | LR: 0.000965 | Time: 271.4s
2026-03-17 09:54:31,900 [INFO] New best accuracy: 31.50%
2026-03-17 09:57:44,044 [INFO] Running OOD evaluation (epoch 4)...
2026-03-17 09:58:59,771 [INFO] OOD accuracies: imagenet_a: 2.1%, imagenet_c_contrast_s3: 17.7%, imagenet_c_defocus_blur_s3: 17.4%, imagenet_c_fog_s3: 17.9%, imagenet_c_gaussian_noise_s3: 17.4%, imagenet_r: 4.5%, imagenet_sketch: 8.1%
2026-03-17 09:58:59,808 [INFO] Epoch 4/25 | Train Loss: 3.3993, Train Acc: 28.62% | Val Loss: 3.0629, Val Acc: 36.38% | LR: 0.000939 | Time: 266.1s
2026-03-17 09:59:00,128 [INFO] New best accuracy: 36.38%
2026-03-17 10:02:14,147 [INFO] Running OOD evaluation (epoch 5)...
2026-03-17 10:03:34,192 [INFO] OOD accuracies: imagenet_a: 2.3%, imagenet_c_contrast_s3: 20.0%, imagenet_c_defocus_blur_s3: 18.3%, imagenet_c_fog_s3: 20.4%, imagenet_c_gaussian_noise_s3: 20.1%, imagenet_r: 6.1%, imagenet_sketch: 10.2%
2026-03-17 10:03:34,260 [INFO] Epoch 5/25 | Train Loss: 3.2156, Train Acc: 33.30% | Val Loss: 2.9830, Val Acc: 38.93% | LR: 0.000905 | Time: 272.2s
2026-03-17 10:03:34,589 [INFO] New best accuracy: 38.93%
2026-03-17 10:06:49,534 [INFO] Running OOD evaluation (epoch 6)...
2026-03-17 10:08:06,855 [INFO] OOD accuracies: imagenet_a: 1.8%, imagenet_c_contrast_s3: 23.3%, imagenet_c_defocus_blur_s3: 21.1%, imagenet_c_fog_s3: 23.9%, imagenet_c_gaussian_noise_s3: 22.8%, imagenet_r: 6.3%, imagenet_sketch: 12.2%
2026-03-17 10:08:06,896 [INFO] Epoch 6/25 | Train Loss: 3.0276, Train Acc: 38.29% | Val Loss: 2.7740, Val Acc: 44.26% | LR: 0.000866 | Time: 270.4s
2026-03-17 10:08:07,241 [INFO] New best accuracy: 44.26%
2026-03-17 10:11:21,872 [INFO] Running OOD evaluation (epoch 7)...
2026-03-17 10:12:40,182 [INFO] OOD accuracies: imagenet_a: 2.2%, imagenet_c_contrast_s3: 27.4%, imagenet_c_defocus_blur_s3: 24.0%, imagenet_c_fog_s3: 26.1%, imagenet_c_gaussian_noise_s3: 24.1%, imagenet_r: 6.6%, imagenet_sketch: 13.2%
2026-03-17 10:12:40,227 [INFO] Epoch 7/25 | Train Loss: 2.8818, Train Acc: 41.96% | Val Loss: 2.6050, Val Acc: 48.32% | LR: 0.000821 | Time: 271.0s
2026-03-17 10:12:40,543 [INFO] New best accuracy: 48.32%
2026-03-17 10:15:54,597 [INFO] Running OOD evaluation (epoch 8)...
2026-03-17 10:17:13,413 [INFO] OOD accuracies: imagenet_a: 2.3%, imagenet_c_contrast_s3: 28.4%, imagenet_c_defocus_blur_s3: 23.3%, imagenet_c_fog_s3: 27.3%, imagenet_c_gaussian_noise_s3: 25.1%, imagenet_r: 7.2%, imagenet_sketch: 14.1%
2026-03-17 10:17:13,462 [INFO] Epoch 8/25 | Train Loss: 2.7577, Train Acc: 45.36% | Val Loss: 2.5360, Val Acc: 50.59% | LR: 0.000770 | Time: 271.1s
2026-03-17 10:17:13,796 [INFO] New best accuracy: 50.59%
2026-03-17 10:20:28,522 [INFO] Running OOD evaluation (epoch 9)...
2026-03-17 10:21:49,559 [INFO] OOD accuracies: imagenet_a: 2.1%, imagenet_c_contrast_s3: 31.1%, imagenet_c_defocus_blur_s3: 25.3%, imagenet_c_fog_s3: 28.5%, imagenet_c_gaussian_noise_s3: 27.2%, imagenet_r: 7.6%, imagenet_sketch: 15.1%
2026-03-17 10:21:49,588 [INFO] Epoch 9/25 | Train Loss: 2.6556, Train Acc: 48.25% | Val Loss: 2.4518, Val Acc: 52.65% | LR: 0.000716 | Time: 273.8s
2026-03-17 10:21:49,905 [INFO] New best accuracy: 52.65%
2026-03-17 10:25:08,935 [INFO] Running OOD evaluation (epoch 10)...
2026-03-17 10:26:29,473 [INFO] OOD accuracies: imagenet_a: 2.3%, imagenet_c_contrast_s3: 32.7%, imagenet_c_defocus_blur_s3: 25.9%, imagenet_c_fog_s3: 31.5%, imagenet_c_gaussian_noise_s3: 28.0%, imagenet_r: 8.9%, imagenet_sketch: 16.0%
2026-03-17 10:26:29,545 [INFO] Epoch 10/25 | Train Loss: 2.5578, Train Acc: 50.88% | Val Loss: 2.3206, Val Acc: 56.60% | LR: 0.000658 | Time: 277.7s
2026-03-17 10:26:29,864 [INFO] New best accuracy: 56.60%
2026-03-17 10:29:38,827 [INFO] Epoch 11/25 | Train Loss: 2.4745, Train Acc: 53.16% | (validation skipped) | LR: 0.000598 | Time: 187.1s
2026-03-17 10:32:50,579 [INFO] Running OOD evaluation (epoch 12)...
2026-03-17 10:34:09,457 [INFO] OOD accuracies: imagenet_a: 2.2%, imagenet_c_contrast_s3: 34.5%, imagenet_c_defocus_blur_s3: 26.6%, imagenet_c_fog_s3: 32.8%, imagenet_c_gaussian_noise_s3: 30.0%, imagenet_r: 9.5%, imagenet_sketch: 17.5%
2026-03-17 10:34:09,508 [INFO] Epoch 12/25 | Train Loss: 2.4012, Train Acc: 55.27% | Val Loss: 2.2321, Val Acc: 59.29% | LR: 0.000536 | Time: 270.7s
2026-03-17 10:34:09,833 [INFO] New best accuracy: 59.29%
2026-03-17 10:37:17,949 [INFO] Epoch 13/25 | Train Loss: 2.3341, Train Acc: 57.10% | (validation skipped) | LR: 0.000474 | Time: 186.2s
2026-03-17 10:40:29,226 [INFO] Running OOD evaluation (epoch 14)...
2026-03-17 10:41:45,601 [INFO] OOD accuracies: imagenet_a: 1.9%, imagenet_c_contrast_s3: 38.3%, imagenet_c_defocus_blur_s3: 30.1%, imagenet_c_fog_s3: 35.8%, imagenet_c_gaussian_noise_s3: 31.9%, imagenet_r: 10.1%, imagenet_sketch: 18.4%
2026-03-17 10:41:45,639 [INFO] Epoch 14/25 | Train Loss: 2.2768, Train Acc: 58.70% | Val Loss: 2.0766, Val Acc: 64.06% | LR: 0.000412 | Time: 267.7s
2026-03-17 10:41:45,958 [INFO] New best accuracy: 64.06%
2026-03-17 10:44:53,681 [INFO] Epoch 15/25 | Train Loss: 2.2143, Train Acc: 60.50% | (validation skipped) | LR: 0.000352 | Time: 185.9s
2026-03-17 10:48:06,075 [INFO] Running OOD evaluation (epoch 16)...
2026-03-17 10:49:24,190 [INFO] OOD accuracies: imagenet_a: 2.2%, imagenet_c_contrast_s3: 41.6%, imagenet_c_defocus_blur_s3: 31.0%, imagenet_c_fog_s3: 37.2%, imagenet_c_gaussian_noise_s3: 32.9%, imagenet_r: 11.0%, imagenet_sketch: 20.1%
2026-03-17 10:49:24,258 [INFO] Epoch 16/25 | Train Loss: 2.1586, Train Acc: 62.20% | Val Loss: 1.9668, Val Acc: 67.63% | LR: 0.000294 | Time: 270.6s
2026-03-17 10:49:24,574 [INFO] New best accuracy: 67.63%
2026-03-17 10:52:33,343 [INFO] Epoch 17/25 | Train Loss: 2.1044, Train Acc: 63.85% | (validation skipped) | LR: 0.000240 | Time: 186.9s
2026-03-17 10:55:44,709 [INFO] Running OOD evaluation (epoch 18)...
2026-03-17 10:57:05,086 [INFO] OOD accuracies: imagenet_a: 2.4%, imagenet_c_contrast_s3: 42.5%, imagenet_c_defocus_blur_s3: 31.6%, imagenet_c_fog_s3: 38.7%, imagenet_c_gaussian_noise_s3: 34.1%, imagenet_r: 10.8%, imagenet_sketch: 20.8%
2026-03-17 10:57:05,197 [INFO] Epoch 18/25 | Train Loss: 2.0570, Train Acc: 65.16% | Val Loss: 1.8907, Val Acc: 69.72% | LR: 0.000189 | Time: 271.8s
2026-03-17 10:57:05,519 [INFO] New best accuracy: 69.72%
2026-03-17 11:00:14,712 [INFO] Epoch 19/25 | Train Loss: 2.0152, Train Acc: 66.42% | (validation skipped) | LR: 0.000144 | Time: 187.3s
2026-03-17 11:03:25,559 [INFO] Running OOD evaluation (epoch 20)...
2026-03-17 11:04:45,289 [INFO] OOD accuracies: imagenet_a: 2.2%, imagenet_c_contrast_s3: 43.5%, imagenet_c_defocus_blur_s3: 32.5%, imagenet_c_fog_s3: 39.4%, imagenet_c_gaussian_noise_s3: 35.2%, imagenet_r: 10.5%, imagenet_sketch: 21.2%
2026-03-17 11:04:45,352 [INFO] Epoch 20/25 | Train Loss: 1.9796, Train Acc: 67.44% | Val Loss: 1.8497, Val Acc: 70.56% | LR: 0.000105 | Time: 270.6s
2026-03-17 11:04:45,686 [INFO] New best accuracy: 70.56%
2026-03-17 11:08:00,465 [INFO] Running OOD evaluation (epoch 21)...
2026-03-17 11:09:20,060 [INFO] OOD accuracies: imagenet_a: 2.9%, imagenet_c_contrast_s3: 45.0%, imagenet_c_defocus_blur_s3: 33.7%, imagenet_c_fog_s3: 40.6%, imagenet_c_gaussian_noise_s3: 35.1%, imagenet_r: 11.1%, imagenet_sketch: 21.8%
2026-03-17 11:09:20,135 [INFO] Epoch 21/25 | Train Loss: 1.9438, Train Acc: 68.48% | Val Loss: 1.8397, Val Acc: 71.34% | LR: 0.000071 | Time: 272.6s
2026-03-17 11:09:20,456 [INFO] New best accuracy: 71.34%
2026-03-17 11:12:28,357 [INFO] Epoch 22/25 | Train Loss: 1.9223, Train Acc: 69.24% | (validation skipped) | LR: 0.000045 | Time: 186.0s
2026-03-17 11:15:34,341 [INFO] Epoch 23/25 | Train Loss: 1.9015, Train Acc: 69.83% | (validation skipped) | LR: 0.000026 | Time: 186.0s
2026-03-17 11:18:45,706 [INFO] Running OOD evaluation (epoch 24)...
2026-03-17 11:20:04,608 [INFO] OOD accuracies: imagenet_a: 2.7%, imagenet_c_contrast_s3: 45.5%, imagenet_c_defocus_blur_s3: 34.3%, imagenet_c_fog_s3: 40.7%, imagenet_c_gaussian_noise_s3: 35.3%, imagenet_r: 11.3%, imagenet_sketch: 21.6%
2026-03-17 11:20:04,670 [INFO] Epoch 24/25 | Train Loss: 1.8860, Train Acc: 70.18% | Val Loss: 1.7994, Val Acc: 72.22% | LR: 0.000014 | Time: 270.3s
2026-03-17 11:20:04,988 [INFO] New best accuracy: 72.22%
2026-03-17 11:23:18,478 [INFO] Running OOD evaluation (epoch 25)...
2026-03-17 11:24:37,648 [INFO] OOD accuracies: imagenet_a: 2.7%, imagenet_c_contrast_s3: 45.7%, imagenet_c_defocus_blur_s3: 34.0%, imagenet_c_fog_s3: 40.3%, imagenet_c_gaussian_noise_s3: 35.8%, imagenet_r: 11.2%, imagenet_sketch: 21.9%
2026-03-17 11:24:37,711 [INFO] Epoch 25/25 | Train Loss: 1.8738, Train Acc: 70.62% | Val Loss: 1.7899, Val Acc: 72.51% | LR: 0.000010 | Time: 270.8s
2026-03-17 11:24:38,032 [INFO] New best accuracy: 72.51%
2026-03-17 11:24:40,029 [INFO] Training complete! Best accuracy: 72.51%
2026-03-17 11:24:40,030 [INFO] Outputs saved to: logs/resnet50_batchnorm_imagenet_ecoset_ecovalid_seed44
wandb: uploading artifact resnet50_batchnorm_imagenet_ecoset_ecovalid_seed44-best; updating run metadata
wandb: uploading artifact resnet50_batchnorm_imagenet_ecoset_ecovalid_seed44-best
wandb: 
wandb: Run history:
wandb:                                epoch ▁▁▂▂▂▂▃▃▃▄▄▄▅▅▅▅▆▆▆▇▇▇▇██
wandb:                                   lr ████▇▇▇▆▆▆▅▅▄▄▃▃▃▂▂▂▁▁▁▁▁
wandb:                   ood/imagenet_a/acc ▁▂▂▅▆▄▅▆▅▆▅▄▅▆▅██▇
wandb:                  ood/imagenet_a/loss ▁▅▃▃▆▇█▅▅▃▄▃▄▃▄▃▃▃
wandb:             ood/imagenet_a/n_classes ▁▁▁▁▁▁▁▁▁▁▁▁▁▁▁▁▁▁
wandb:             ood/imagenet_a/n_samples ▁▁▁▁▁▁▁▁▁▁▁▁▁▁▁▁▁▁
wandb:              ood/imagenet_c/mean_acc ▁▂▃▃▄▅▅▅▆▆▆▇▇█████
wandb:       ood/imagenet_c_contrast_s3/acc ▁▂▃▃▄▄▅▅▅▆▆▇▇▇████
wandb:      ood/imagenet_c_contrast_s3/loss █▇▆▅▅▄▄▃▃▃▂▂▁▁▁▁▁▁
wandb: ood/imagenet_c_contrast_s3/n_samples ▁▁▁▁▁▁▁▁▁▁▁▁▁▁▁▁▁▁
wandb:                                  +21 ...
wandb: 
wandb: Run summary:
wandb:                                epoch 25
wandb:                                   lr 1e-05
wandb:                   ood/imagenet_a/acc 2.68935
wandb:                  ood/imagenet_a/loss 5.50868
wandb:             ood/imagenet_a/n_classes 48
wandb:             ood/imagenet_a/n_samples 1822
wandb:              ood/imagenet_c/mean_acc 38.93382
wandb:       ood/imagenet_c_contrast_s3/acc 45.67647
wandb:      ood/imagenet_c_contrast_s3/loss 2.45185
wandb: ood/imagenet_c_contrast_s3/n_samples 6800
wandb:                                  +21 ...
wandb: 
wandb: 🚀 View run resnet50_batchnorm_imagenet_ecoset_ecovalid_seed44 at: https://wandb.ai/mellebolding-university-of-amsterdam/norm-comparison/runs/uxsy85ty
wandb: ⭐️ View project at: https://wandb.ai/mellebolding-university-of-amsterdam/norm-comparison
wandb: Synced 5 W&B file(s), 0 media file(s), 36 artifact file(s) and 0 other file(s)
wandb: Find logs at: logs/resnet50_batchnorm_imagenet_ecoset_ecovalid_seed44/wandb/run-20260317_094015-uxsy85ty/logs
