[rank0]:[W317 09:40:17.611856675 ProcessGroupNCCL.cpp:4115] [PG ID 0 PG GUID 0 Rank 0]  using GPU 0 to perform barrier as devices used by this process are currently unknown. This can potentially cause a hang if this rank to GPU mapping is incorrect.Specify device_ids in barrier() to force use of a particular device,or call init_process_group() with a device_id.
2026-03-17 09:40:17,690 [INFO] Distributed: DistributedManager(rank=0, local_rank=0, world_size=1, device=cuda:0, is_distributed=True)
2026-03-17 09:40:17,698 [INFO] Config: {'experiment_name': 'resnet50_layernorm_imagenet_ecoset_ecovalid_seed42', 'model': {'name': 'resnet50_custom', 'num_classes': 136, 'norm_layer': 'layernorm'}, 'data': {'dataset': 'imagenet_ecoset136', 'root': '/scratch-nvme/ml-datasets/imagenet/torchvision_ImageFolder', 'img_size': 224, 'backend': 'pytorch', 'num_workers': 16, 'pin_memory': True, 'persistent_workers': True, 'prefetch_factor': 2, 'gpu_transforms': True, 'random_rotation': True, 'random_rotation_degrees': 15, 'color_jitter': True, 'color_jitter_brightness': 0.2, 'color_jitter_contrast': 0.2, 'color_jitter_saturation': 0.2, 'color_jitter_hue': 0.05, 'gaussian_blur': True, 'random_grayscale': True, 'random_grayscale_p': 0.1}, 'training': {'epochs': 25, 'batch_size': 256, 'lr': 0.001, 'min_lr': 1e-05, 'weight_decay': 0.05, 'optimizer': 'adamw', 'scheduler': 'cosine', 'label_smoothing': 0.1, 'use_amp': True, 'channels_last': True, 'seed': 42, 'checkpoint_schedule': [[10, 1], [20, 2], [25, 3]], 'disable_progress_bar': True}, 'logging': {'log_dir': 'logs'}, 'ood_eval': {'enabled': True, 'source_dataset': 'imagenet_ecoset136', 'datasets_root': '/projects/prjs0771/melle/datasets', 'imagenet_c': {'during_training': True, 'corruptions_during_training': ['gaussian_noise', 'defocus_blur', 'fog', 'contrast'], 'severity_during_training': 3}, 'save_predictions': True}, 'wandb': {'enabled': True, 'project': 'norm-comparison', 'group': 'resnet50-imagenet-ecoset-ecovalid-norm-experiment', 'tags': ['imagenet_ecoset136', 'resnet50', 'layernorm', 'norm-experiment', 'snellius', 'ecovalid-aug', 'a100']}, '_machine': {'log_dir': '/projects/prjs0771/melle/projects/visionCNN/logs'}}
2026-03-17 09:40:17,698 [INFO] Run directory: logs/resnet50_layernorm_imagenet_ecoset_ecovalid_seed42
wandb: [wandb.login()] Loaded credentials for https://api.wandb.ai from /home/mbolding/.netrc.
wandb: Currently logged in as: mellebolding (mellebolding-university-of-amsterdam) to https://api.wandb.ai. Use `wandb login --relogin` to force relogin
wandb: setting up run o46p08vj
wandb: Tracking run with wandb version 0.25.0
wandb: Run data is saved locally in logs/resnet50_layernorm_imagenet_ecoset_ecovalid_seed42/wandb/run-20260317_094018-o46p08vj
wandb: Run `wandb offline` to turn off syncing.
wandb: Syncing run resnet50_layernorm_imagenet_ecoset_ecovalid_seed42
wandb: ⭐️ View project at https://wandb.ai/mellebolding-university-of-amsterdam/norm-comparison
wandb: 🚀 View run at https://wandb.ai/mellebolding-university-of-amsterdam/norm-comparison/runs/o46p08vj
2026-03-17 09:40:19,820 [INFO] Weights & Biases logging enabled
2026-03-17 09:40:19,823 [INFO] Set random seed: 42 (rank offset applied)
2026-03-17 09:40:19,824 [INFO] Using device: cuda:0
2026-03-17 09:40:19,824 [INFO] World size: 1
2026-03-17 09:40:20,161 [INFO] Model: resnet50_custom, Parameters: 23,786,696
2026-03-17 09:40:20,192 [INFO] Using channels-last (NHWC) memory format
2026-03-17 09:40:20,234 [INFO] Mixed precision training: True
2026-03-17 09:40:44,344 [INFO] Using GPU-accelerated transforms to reduce CPU bottleneck
2026-03-17 09:40:44,345 [INFO] Train samples: 176411, Val samples: 6800
2026-03-17 09:40:44,345 [INFO] Effective batch size: 256 (256 x 1 GPUs)
2026-03-17 09:40:48,950 [INFO] OOD evaluation enabled: 7 datasets loaded (imagenet_r, imagenet_sketch, imagenet_a, imagenet_c_gaussian_noise_s3, imagenet_c_defocus_blur_s3, imagenet_c_fog_s3, imagenet_c_contrast_s3)
2026-03-17 09:40:48,951 [INFO] Saving per-image predictions to logs/resnet50_layernorm_imagenet_ecoset_ecovalid_seed42/predictions
2026-03-17 09:40:48,952 [INFO] Starting training for 25 epochs...
2026-03-17 09:45:29,956 [INFO] Running OOD evaluation (epoch 1)...
2026-03-17 09:46:41,623 [INFO] OOD accuracies: imagenet_a: 1.2%, imagenet_c_contrast_s3: 1.2%, imagenet_c_defocus_blur_s3: 1.6%, imagenet_c_fog_s3: 0.9%, imagenet_c_gaussian_noise_s3: 1.6%, imagenet_r: 1.1%, imagenet_sketch: 0.7%
2026-03-17 09:46:41,725 [INFO] Epoch 1/25 | Train Loss: 4.9281, Train Acc: 0.93% | Val Loss: 4.8812, Val Acc: 1.60% | LR: 0.000996 | Time: 352.8s
2026-03-17 09:46:42,056 [INFO] New best accuracy: 1.60%
2026-03-17 09:51:21,308 [INFO] Running OOD evaluation (epoch 2)...
2026-03-17 09:52:38,751 [INFO] OOD accuracies: imagenet_a: 2.0%, imagenet_c_contrast_s3: 3.2%, imagenet_c_defocus_blur_s3: 4.8%, imagenet_c_fog_s3: 2.6%, imagenet_c_gaussian_noise_s3: 4.5%, imagenet_r: 2.7%, imagenet_sketch: 1.3%
2026-03-17 09:52:38,834 [INFO] Epoch 2/25 | Train Loss: 4.7478, Train Acc: 2.73% | Val Loss: 4.5326, Val Acc: 5.60% | LR: 0.000984 | Time: 353.5s
2026-03-17 09:52:39,141 [INFO] New best accuracy: 5.60%
2026-03-17 09:57:17,005 [INFO] Running OOD evaluation (epoch 3)...
2026-03-17 09:58:33,032 [INFO] OOD accuracies: imagenet_a: 1.8%, imagenet_c_contrast_s3: 6.9%, imagenet_c_defocus_blur_s3: 9.8%, imagenet_c_fog_s3: 4.7%, imagenet_c_gaussian_noise_s3: 7.1%, imagenet_r: 4.2%, imagenet_sketch: 2.2%
2026-03-17 09:58:33,112 [INFO] Epoch 3/25 | Train Loss: 4.4711, Train Acc: 6.68% | Val Loss: 4.1611, Val Acc: 12.10% | LR: 0.000965 | Time: 352.2s
2026-03-17 09:58:33,415 [INFO] New best accuracy: 12.10%
2026-03-17 10:03:11,112 [INFO] Running OOD evaluation (epoch 4)...
2026-03-17 10:04:23,828 [INFO] OOD accuracies: imagenet_a: 1.8%, imagenet_c_contrast_s3: 9.6%, imagenet_c_defocus_blur_s3: 13.3%, imagenet_c_fog_s3: 6.5%, imagenet_c_gaussian_noise_s3: 11.4%, imagenet_r: 4.4%, imagenet_sketch: 5.2%
2026-03-17 10:04:23,895 [INFO] Epoch 4/25 | Train Loss: 4.1567, Train Acc: 12.48% | Val Loss: 3.9009, Val Acc: 17.43% | LR: 0.000939 | Time: 348.5s
2026-03-17 10:04:24,197 [INFO] New best accuracy: 17.43%
2026-03-17 10:09:02,229 [INFO] Running OOD evaluation (epoch 5)...
2026-03-17 10:10:14,228 [INFO] OOD accuracies: imagenet_a: 2.2%, imagenet_c_contrast_s3: 14.9%, imagenet_c_defocus_blur_s3: 16.0%, imagenet_c_fog_s3: 10.3%, imagenet_c_gaussian_noise_s3: 13.6%, imagenet_r: 5.7%, imagenet_sketch: 5.8%
2026-03-17 10:10:14,291 [INFO] Epoch 5/25 | Train Loss: 3.9120, Train Acc: 17.58% | Val Loss: 3.6004, Val Acc: 25.00% | LR: 0.000905 | Time: 348.2s
2026-03-17 10:10:14,592 [INFO] New best accuracy: 25.00%
2026-03-17 10:14:52,710 [INFO] Running OOD evaluation (epoch 6)...
2026-03-17 10:16:03,750 [INFO] OOD accuracies: imagenet_a: 2.1%, imagenet_c_contrast_s3: 17.3%, imagenet_c_defocus_blur_s3: 18.9%, imagenet_c_fog_s3: 11.8%, imagenet_c_gaussian_noise_s3: 12.1%, imagenet_r: 5.0%, imagenet_sketch: 6.5%
2026-03-17 10:16:03,811 [INFO] Epoch 6/25 | Train Loss: 3.7285, Train Acc: 21.59% | Val Loss: 3.4453, Val Acc: 27.18% | LR: 0.000866 | Time: 347.4s
2026-03-17 10:16:04,113 [INFO] New best accuracy: 27.18%
2026-03-17 10:20:42,394 [INFO] Running OOD evaluation (epoch 7)...
2026-03-17 10:21:54,776 [INFO] OOD accuracies: imagenet_a: 2.6%, imagenet_c_contrast_s3: 18.2%, imagenet_c_defocus_blur_s3: 20.0%, imagenet_c_fog_s3: 12.4%, imagenet_c_gaussian_noise_s3: 11.5%, imagenet_r: 6.9%, imagenet_sketch: 6.5%
2026-03-17 10:21:54,875 [INFO] Epoch 7/25 | Train Loss: 3.5806, Train Acc: 25.12% | Val Loss: 3.2984, Val Acc: 31.18% | LR: 0.000821 | Time: 348.9s
2026-03-17 10:21:55,181 [INFO] New best accuracy: 31.18%
2026-03-17 10:26:33,241 [INFO] Running OOD evaluation (epoch 8)...
2026-03-17 10:27:44,390 [INFO] OOD accuracies: imagenet_a: 3.2%, imagenet_c_contrast_s3: 22.6%, imagenet_c_defocus_blur_s3: 23.5%, imagenet_c_fog_s3: 16.4%, imagenet_c_gaussian_noise_s3: 15.4%, imagenet_r: 8.5%, imagenet_sketch: 7.6%
2026-03-17 10:27:44,516 [INFO] Epoch 8/25 | Train Loss: 3.4571, Train Acc: 28.01% | Val Loss: 3.1259, Val Acc: 35.62% | LR: 0.000770 | Time: 347.6s
2026-03-17 10:27:44,828 [INFO] New best accuracy: 35.62%
2026-03-17 10:32:22,841 [INFO] Running OOD evaluation (epoch 9)...
2026-03-17 10:33:33,623 [INFO] OOD accuracies: imagenet_a: 2.5%, imagenet_c_contrast_s3: 24.9%, imagenet_c_defocus_blur_s3: 21.0%, imagenet_c_fog_s3: 14.9%, imagenet_c_gaussian_noise_s3: 15.1%, imagenet_r: 9.3%, imagenet_sketch: 10.4%
2026-03-17 10:33:33,704 [INFO] Epoch 9/25 | Train Loss: 3.3319, Train Acc: 30.98% | Val Loss: 3.0337, Val Acc: 37.66% | LR: 0.000716 | Time: 347.1s
2026-03-17 10:33:34,021 [INFO] New best accuracy: 37.66%
2026-03-17 10:38:11,917 [INFO] Running OOD evaluation (epoch 10)...
2026-03-17 10:39:23,401 [INFO] OOD accuracies: imagenet_a: 3.1%, imagenet_c_contrast_s3: 27.0%, imagenet_c_defocus_blur_s3: 25.0%, imagenet_c_fog_s3: 19.2%, imagenet_c_gaussian_noise_s3: 15.4%, imagenet_r: 8.1%, imagenet_sketch: 8.1%
2026-03-17 10:39:23,470 [INFO] Epoch 10/25 | Train Loss: 3.2299, Train Acc: 33.65% | Val Loss: 2.9833, Val Acc: 39.44% | LR: 0.000658 | Time: 347.5s
2026-03-17 10:39:23,788 [INFO] New best accuracy: 39.44%
2026-03-17 10:43:54,438 [INFO] Epoch 11/25 | Train Loss: 3.1347, Train Acc: 35.96% | (validation skipped) | LR: 0.000598 | Time: 268.9s
2026-03-17 10:48:30,377 [INFO] Running OOD evaluation (epoch 12)...
2026-03-17 10:49:41,564 [INFO] OOD accuracies: imagenet_a: 3.1%, imagenet_c_contrast_s3: 29.2%, imagenet_c_defocus_blur_s3: 25.8%, imagenet_c_fog_s3: 22.1%, imagenet_c_gaussian_noise_s3: 14.5%, imagenet_r: 9.2%, imagenet_sketch: 10.1%
2026-03-17 10:49:41,664 [INFO] Epoch 12/25 | Train Loss: 3.0460, Train Acc: 38.30% | Val Loss: 2.7765, Val Acc: 44.99% | LR: 0.000536 | Time: 347.2s
2026-03-17 10:49:41,965 [INFO] New best accuracy: 44.99%
2026-03-17 10:54:12,372 [INFO] Epoch 13/25 | Train Loss: 2.9685, Train Acc: 40.26% | (validation skipped) | LR: 0.000474 | Time: 268.6s
2026-03-17 10:58:47,885 [INFO] Running OOD evaluation (epoch 14)...
2026-03-17 10:59:59,932 [INFO] OOD accuracies: imagenet_a: 3.1%, imagenet_c_contrast_s3: 34.0%, imagenet_c_defocus_blur_s3: 30.3%, imagenet_c_fog_s3: 24.8%, imagenet_c_gaussian_noise_s3: 17.6%, imagenet_r: 11.1%, imagenet_sketch: 14.8%
2026-03-17 11:00:00,006 [INFO] Epoch 14/25 | Train Loss: 2.8932, Train Acc: 42.31% | Val Loss: 2.6544, Val Acc: 48.47% | LR: 0.000412 | Time: 347.6s
2026-03-17 11:00:00,314 [INFO] New best accuracy: 48.47%
2026-03-17 11:04:31,365 [INFO] Epoch 15/25 | Train Loss: 2.8177, Train Acc: 44.29% | (validation skipped) | LR: 0.000352 | Time: 269.1s
2026-03-17 11:09:07,319 [INFO] Running OOD evaluation (epoch 16)...
2026-03-17 11:10:18,998 [INFO] OOD accuracies: imagenet_a: 3.3%, imagenet_c_contrast_s3: 35.0%, imagenet_c_defocus_blur_s3: 34.0%, imagenet_c_fog_s3: 25.2%, imagenet_c_gaussian_noise_s3: 16.3%, imagenet_r: 10.9%, imagenet_sketch: 12.6%
2026-03-17 11:10:19,084 [INFO] Epoch 16/25 | Train Loss: 2.7593, Train Acc: 45.77% | Val Loss: 2.5654, Val Acc: 50.76% | LR: 0.000294 | Time: 347.7s
2026-03-17 11:10:19,393 [INFO] New best accuracy: 50.76%
2026-03-17 11:14:50,267 [INFO] Epoch 17/25 | Train Loss: 2.7041, Train Acc: 47.29% | (validation skipped) | LR: 0.000240 | Time: 269.0s
2026-03-17 11:19:26,006 [INFO] Running OOD evaluation (epoch 18)...
2026-03-17 11:20:36,842 [INFO] OOD accuracies: imagenet_a: 3.2%, imagenet_c_contrast_s3: 38.3%, imagenet_c_defocus_blur_s3: 30.8%, imagenet_c_fog_s3: 25.0%, imagenet_c_gaussian_noise_s3: 18.7%, imagenet_r: 12.5%, imagenet_sketch: 15.3%
2026-03-17 11:20:36,918 [INFO] Epoch 18/25 | Train Loss: 2.6526, Train Acc: 48.65% | Val Loss: 2.4311, Val Acc: 54.69% | LR: 0.000189 | Time: 346.6s
2026-03-17 11:20:37,240 [INFO] New best accuracy: 54.69%
2026-03-17 11:25:07,874 [INFO] Epoch 19/25 | Train Loss: 2.6034, Train Acc: 50.03% | (validation skipped) | LR: 0.000144 | Time: 268.9s
2026-03-17 11:29:43,180 [INFO] Running OOD evaluation (epoch 20)...
2026-03-17 11:30:54,053 [INFO] OOD accuracies: imagenet_a: 3.5%, imagenet_c_contrast_s3: 42.7%, imagenet_c_defocus_blur_s3: 32.0%, imagenet_c_fog_s3: 26.9%, imagenet_c_gaussian_noise_s3: 18.5%, imagenet_r: 13.8%, imagenet_sketch: 17.3%
2026-03-17 11:30:54,140 [INFO] Epoch 20/25 | Train Loss: 2.5587, Train Acc: 51.30% | Val Loss: 2.3664, Val Acc: 56.78% | LR: 0.000105 | Time: 346.2s
2026-03-17 11:30:54,448 [INFO] New best accuracy: 56.78%
2026-03-17 11:35:32,050 [INFO] Running OOD evaluation (epoch 21)...
2026-03-17 11:36:43,456 [INFO] OOD accuracies: imagenet_a: 2.8%, imagenet_c_contrast_s3: 42.1%, imagenet_c_defocus_blur_s3: 33.5%, imagenet_c_fog_s3: 25.6%, imagenet_c_gaussian_noise_s3: 18.9%, imagenet_r: 12.7%, imagenet_sketch: 17.3%
2026-03-17 11:36:43,554 [INFO] Epoch 21/25 | Train Loss: 2.5252, Train Acc: 52.32% | Val Loss: 2.3740, Val Acc: 56.32% | LR: 0.000071 | Time: 347.3s
2026-03-17 11:41:13,387 [INFO] Epoch 22/25 | Train Loss: 2.4960, Train Acc: 53.18% | (validation skipped) | LR: 0.000045 | Time: 269.1s
2026-03-17 11:45:42,260 [INFO] Epoch 23/25 | Train Loss: 2.4747, Train Acc: 53.65% | (validation skipped) | LR: 0.000026 | Time: 268.9s
2026-03-17 11:50:17,995 [INFO] Running OOD evaluation (epoch 24)...
2026-03-17 11:51:32,583 [INFO] OOD accuracies: imagenet_a: 2.9%, imagenet_c_contrast_s3: 44.8%, imagenet_c_defocus_blur_s3: 34.0%, imagenet_c_fog_s3: 27.2%, imagenet_c_gaussian_noise_s3: 19.5%, imagenet_r: 13.3%, imagenet_sketch: 17.1%
2026-03-17 11:51:32,665 [INFO] Epoch 24/25 | Train Loss: 2.4585, Train Acc: 54.12% | Val Loss: 2.3127, Val Acc: 57.97% | LR: 0.000014 | Time: 350.4s
2026-03-17 11:51:32,983 [INFO] New best accuracy: 57.97%
2026-03-17 11:56:10,528 [INFO] Running OOD evaluation (epoch 25)...
2026-03-17 11:57:24,113 [INFO] OOD accuracies: imagenet_a: 3.2%, imagenet_c_contrast_s3: 44.6%, imagenet_c_defocus_blur_s3: 34.0%, imagenet_c_fog_s3: 26.7%, imagenet_c_gaussian_noise_s3: 19.9%, imagenet_r: 13.5%, imagenet_sketch: 17.3%
2026-03-17 11:57:24,207 [INFO] Epoch 25/25 | Train Loss: 2.4482, Train Acc: 54.60% | Val Loss: 2.3069, Val Acc: 58.18% | LR: 0.000010 | Time: 349.4s
2026-03-17 11:57:24,536 [INFO] New best accuracy: 58.18%
2026-03-17 11:57:26,321 [INFO] Training complete! Best accuracy: 58.18%
2026-03-17 11:57:26,321 [INFO] Outputs saved to: logs/resnet50_layernorm_imagenet_ecoset_ecovalid_seed42
wandb: uploading artifact resnet50_layernorm_imagenet_ecoset_ecovalid_seed42-best; updating run metadata
wandb: uploading artifact resnet50_layernorm_imagenet_ecoset_ecovalid_seed42-best
wandb: uploading artifact resnet50_layernorm_imagenet_ecoset_ecovalid_seed42-best; uploading history steps 24-24, summary, console lines 88-92
wandb: uploading artifact resnet50_layernorm_imagenet_ecoset_ecovalid_seed42-best
wandb: 
wandb: Run history:
wandb:                                epoch ▁▁▂▂▂▂▃▃▃▄▄▄▅▅▅▅▆▆▆▇▇▇▇██
wandb:                                   lr ████▇▇▇▆▆▆▅▅▄▄▃▃▃▂▂▂▁▁▁▁▁
wandb:                   ood/imagenet_a/acc ▁▃▃▃▄▄▅▇▅▇▇▇▇▇█▆▆▇
wandb:                  ood/imagenet_a/loss ▁▂▄▇▆█▄▇▆▆▆▅▅▅▅▇▆▆
wandb:             ood/imagenet_a/n_classes ▁▁▁▁▁▁▁▁▁▁▁▁▁▁▁▁▁▁
wandb:             ood/imagenet_a/n_samples ▁▁▁▁▁▁▁▁▁▁▁▁▁▁▁▁▁▁
wandb:              ood/imagenet_c/mean_acc ▁▂▂▃▄▄▄▅▅▆▆▇▇▇████
wandb:       ood/imagenet_c_contrast_s3/acc ▁▁▂▂▃▄▄▄▅▅▆▆▆▇████
wandb:      ood/imagenet_c_contrast_s3/loss ██▇▆▅▅▅▄▃▃▃▂▂▂▁▁▁▁
wandb: ood/imagenet_c_contrast_s3/n_samples ▁▁▁▁▁▁▁▁▁▁▁▁▁▁▁▁▁▁
wandb:                                  +21 ...
wandb: 
wandb: Run summary:
wandb:                                epoch 25
wandb:                                   lr 1e-05
wandb:                   ood/imagenet_a/acc 3.18332
wandb:                  ood/imagenet_a/loss 5.38565
wandb:             ood/imagenet_a/n_classes 48
wandb:             ood/imagenet_a/n_samples 1822
wandb:              ood/imagenet_c/mean_acc 31.28676
wandb:       ood/imagenet_c_contrast_s3/acc 44.64706
wandb:      ood/imagenet_c_contrast_s3/loss 2.3101
wandb: ood/imagenet_c_contrast_s3/n_samples 6800
wandb:                                  +21 ...
wandb: 
wandb: 🚀 View run resnet50_layernorm_imagenet_ecoset_ecovalid_seed42 at: https://wandb.ai/mellebolding-university-of-amsterdam/norm-comparison/runs/o46p08vj
wandb: ⭐️ View project at: https://wandb.ai/mellebolding-university-of-amsterdam/norm-comparison
wandb: Synced 5 W&B file(s), 0 media file(s), 34 artifact file(s) and 0 other file(s)
wandb: Find logs at: logs/resnet50_layernorm_imagenet_ecoset_ecovalid_seed42/wandb/run-20260317_094018-o46p08vj/logs
