[rank0]:[W317 09:41:18.445542411 ProcessGroupNCCL.cpp:4115] [PG ID 0 PG GUID 0 Rank 0]  using GPU 0 to perform barrier as devices used by this process are currently unknown. This can potentially cause a hang if this rank to GPU mapping is incorrect.Specify device_ids in barrier() to force use of a particular device,or call init_process_group() with a device_id.
2026-03-17 09:41:18,403 [INFO] Distributed: DistributedManager(rank=0, local_rank=0, world_size=1, device=cuda:0, is_distributed=True)
2026-03-17 09:41:18,414 [INFO] Config: {'experiment_name': 'resnet50_localnorm_imagenet_ecoset_ecovalid_seed46', 'model': {'name': 'resnet50_custom', 'num_classes': 136, 'norm_layer': 'localnorm'}, 'data': {'dataset': 'imagenet_ecoset136', 'root': '/scratch-nvme/ml-datasets/imagenet/torchvision_ImageFolder', 'img_size': 224, 'backend': 'pytorch', 'num_workers': 16, 'pin_memory': True, 'persistent_workers': True, 'prefetch_factor': 2, 'gpu_transforms': True, 'random_rotation': True, 'random_rotation_degrees': 15, 'color_jitter': True, 'color_jitter_brightness': 0.2, 'color_jitter_contrast': 0.2, 'color_jitter_saturation': 0.2, 'color_jitter_hue': 0.05, 'gaussian_blur': True, 'random_grayscale': True, 'random_grayscale_p': 0.1}, 'training': {'epochs': 25, 'batch_size': 128, 'lr': 0.001, 'min_lr': 1e-05, 'weight_decay': 0.05, 'optimizer': 'adamw', 'scheduler': 'cosine', 'label_smoothing': 0.1, 'use_amp': True, 'channels_last': True, 'seed': 46, 'checkpoint_schedule': [[10, 1], [20, 2], [25, 3]], 'disable_progress_bar': True}, 'logging': {'log_dir': 'logs'}, 'ood_eval': {'enabled': True, 'source_dataset': 'imagenet_ecoset136', 'datasets_root': '/projects/prjs0771/melle/datasets', 'imagenet_c': {'during_training': True, 'corruptions_during_training': ['gaussian_noise', 'defocus_blur', 'fog', 'contrast'], 'severity_during_training': 3}, 'save_predictions': True}, 'wandb': {'enabled': True, 'project': 'norm-comparison', 'group': 'resnet50-imagenet-ecoset-ecovalid-norm-experiment', 'tags': ['localnorm', 'a100', 'resnet50', 'ecovalid-aug', 'norm-experiment', 'snellius', 'imagenet_ecoset136']}, '_machine': {'log_dir': '/projects/prjs0771/melle/projects/visionCNN/logs'}}
2026-03-17 09:41:18,414 [INFO] Run directory: logs/resnet50_localnorm_imagenet_ecoset_ecovalid_seed46
wandb: [wandb.login()] Loaded credentials for https://api.wandb.ai from /home/mbolding/.netrc.
wandb: Currently logged in as: mellebolding (mellebolding-university-of-amsterdam) to https://api.wandb.ai. Use `wandb login --relogin` to force relogin
wandb: setting up run 9iqej2bd
wandb: Tracking run with wandb version 0.25.0
wandb: Run data is saved locally in logs/resnet50_localnorm_imagenet_ecoset_ecovalid_seed46/wandb/run-20260317_094118-9iqej2bd
wandb: Run `wandb offline` to turn off syncing.
wandb: Syncing run resnet50_localnorm_imagenet_ecoset_ecovalid_seed46
wandb: ⭐️ View project at https://wandb.ai/mellebolding-university-of-amsterdam/norm-comparison
wandb: 🚀 View run at https://wandb.ai/mellebolding-university-of-amsterdam/norm-comparison/runs/9iqej2bd
2026-03-17 09:41:20,359 [INFO] Weights & Biases logging enabled
2026-03-17 09:41:20,364 [INFO] Set random seed: 46 (rank offset applied)
2026-03-17 09:41:20,364 [INFO] Using device: cuda:0
2026-03-17 09:41:20,365 [INFO] World size: 1
2026-03-17 09:41:20,730 [INFO] Model: resnet50_custom, Parameters: 23,839,816
2026-03-17 09:41:20,760 [INFO] Using channels-last (NHWC) memory format
2026-03-17 09:41:20,825 [INFO] Mixed precision training: True
2026-03-17 09:41:36,982 [INFO] Using GPU-accelerated transforms to reduce CPU bottleneck
2026-03-17 09:41:36,983 [INFO] Train samples: 176411, Val samples: 6800
2026-03-17 09:41:36,983 [INFO] Effective batch size: 128 (128 x 1 GPUs)
2026-03-17 09:41:41,225 [INFO] OOD evaluation enabled: 7 datasets loaded (imagenet_r, imagenet_sketch, imagenet_a, imagenet_c_gaussian_noise_s3, imagenet_c_defocus_blur_s3, imagenet_c_fog_s3, imagenet_c_contrast_s3)
2026-03-17 09:41:41,227 [INFO] Saving per-image predictions to logs/resnet50_localnorm_imagenet_ecoset_ecovalid_seed46/predictions
2026-03-17 09:41:41,227 [INFO] Starting training for 25 epochs...
2026-03-17 09:49:09,545 [INFO] Running OOD evaluation (epoch 1)...
2026-03-17 09:50:13,103 [INFO] OOD accuracies: imagenet_a: 1.1%, imagenet_c_contrast_s3: 5.6%, imagenet_c_defocus_blur_s3: 7.4%, imagenet_c_fog_s3: 6.2%, imagenet_c_gaussian_noise_s3: 4.9%, imagenet_r: 4.5%, imagenet_sketch: 4.3%
2026-03-17 09:50:13,160 [INFO] Epoch 1/25 | Train Loss: 4.4127, Train Acc: 8.06% | Val Loss: 4.0548, Val Acc: 14.94% | LR: 0.000996 | Time: 511.9s
2026-03-17 09:50:13,634 [INFO] New best accuracy: 14.94%
2026-03-17 09:57:40,889 [INFO] Running OOD evaluation (epoch 2)...
2026-03-17 09:58:45,217 [INFO] OOD accuracies: imagenet_a: 1.8%, imagenet_c_contrast_s3: 8.4%, imagenet_c_defocus_blur_s3: 9.6%, imagenet_c_fog_s3: 10.3%, imagenet_c_gaussian_noise_s3: 7.1%, imagenet_r: 6.8%, imagenet_sketch: 7.2%
2026-03-17 09:58:45,290 [INFO] Epoch 2/25 | Train Loss: 3.8566, Train Acc: 18.19% | Val Loss: 3.4460, Val Acc: 27.01% | LR: 0.000984 | Time: 508.7s
2026-03-17 09:58:45,601 [INFO] New best accuracy: 27.01%
2026-03-17 10:06:11,618 [INFO] Running OOD evaluation (epoch 3)...
2026-03-17 10:07:15,778 [INFO] OOD accuracies: imagenet_a: 2.7%, imagenet_c_contrast_s3: 14.1%, imagenet_c_defocus_blur_s3: 10.9%, imagenet_c_fog_s3: 17.2%, imagenet_c_gaussian_noise_s3: 8.6%, imagenet_r: 7.7%, imagenet_sketch: 10.4%
2026-03-17 10:07:15,838 [INFO] Epoch 3/25 | Train Loss: 3.5095, Train Acc: 26.03% | Val Loss: 3.2131, Val Acc: 32.81% | LR: 0.000965 | Time: 508.5s
2026-03-17 10:07:16,159 [INFO] New best accuracy: 32.81%
2026-03-17 10:14:42,361 [INFO] Running OOD evaluation (epoch 4)...
2026-03-17 10:15:45,217 [INFO] OOD accuracies: imagenet_a: 2.0%, imagenet_c_contrast_s3: 15.1%, imagenet_c_defocus_blur_s3: 13.7%, imagenet_c_fog_s3: 20.6%, imagenet_c_gaussian_noise_s3: 11.5%, imagenet_r: 9.7%, imagenet_sketch: 10.9%
2026-03-17 10:15:45,274 [INFO] Epoch 4/25 | Train Loss: 3.2487, Train Acc: 32.57% | Val Loss: 2.9621, Val Acc: 39.65% | LR: 0.000939 | Time: 507.3s
2026-03-17 10:15:45,596 [INFO] New best accuracy: 39.65%
2026-03-17 10:23:11,711 [INFO] Running OOD evaluation (epoch 5)...
2026-03-17 10:24:16,182 [INFO] OOD accuracies: imagenet_a: 2.9%, imagenet_c_contrast_s3: 16.5%, imagenet_c_defocus_blur_s3: 15.4%, imagenet_c_fog_s3: 22.8%, imagenet_c_gaussian_noise_s3: 13.6%, imagenet_r: 9.1%, imagenet_sketch: 12.0%
2026-03-17 10:24:16,274 [INFO] Epoch 5/25 | Train Loss: 3.0449, Train Acc: 37.85% | Val Loss: 2.6991, Val Acc: 46.09% | LR: 0.000905 | Time: 508.8s
2026-03-17 10:24:16,816 [INFO] New best accuracy: 46.09%
2026-03-17 10:31:43,816 [INFO] Running OOD evaluation (epoch 6)...
2026-03-17 10:32:46,971 [INFO] OOD accuracies: imagenet_a: 2.3%, imagenet_c_contrast_s3: 20.6%, imagenet_c_defocus_blur_s3: 21.5%, imagenet_c_fog_s3: 26.6%, imagenet_c_gaussian_noise_s3: 16.9%, imagenet_r: 10.2%, imagenet_sketch: 14.7%
2026-03-17 10:32:47,046 [INFO] Epoch 6/25 | Train Loss: 2.8883, Train Acc: 41.95% | Val Loss: 2.5730, Val Acc: 49.37% | LR: 0.000866 | Time: 508.3s
2026-03-17 10:32:47,366 [INFO] New best accuracy: 49.37%
2026-03-17 10:40:13,775 [INFO] Running OOD evaluation (epoch 7)...
2026-03-17 10:41:17,405 [INFO] OOD accuracies: imagenet_a: 2.5%, imagenet_c_contrast_s3: 26.4%, imagenet_c_defocus_blur_s3: 19.0%, imagenet_c_fog_s3: 30.7%, imagenet_c_gaussian_noise_s3: 15.6%, imagenet_r: 11.7%, imagenet_sketch: 15.5%
2026-03-17 10:41:17,502 [INFO] Epoch 7/25 | Train Loss: 2.7786, Train Acc: 44.83% | Val Loss: 2.4697, Val Acc: 52.38% | LR: 0.000821 | Time: 508.2s
2026-03-17 10:41:17,859 [INFO] New best accuracy: 52.38%
2026-03-17 10:48:44,060 [INFO] Running OOD evaluation (epoch 8)...
2026-03-17 10:49:46,739 [INFO] OOD accuracies: imagenet_a: 3.8%, imagenet_c_contrast_s3: 23.4%, imagenet_c_defocus_blur_s3: 15.3%, imagenet_c_fog_s3: 29.2%, imagenet_c_gaussian_noise_s3: 19.7%, imagenet_r: 13.1%, imagenet_sketch: 19.3%
2026-03-17 10:49:46,866 [INFO] Epoch 8/25 | Train Loss: 2.6700, Train Acc: 47.94% | Val Loss: 2.3924, Val Acc: 55.24% | LR: 0.000770 | Time: 507.1s
2026-03-17 10:49:47,211 [INFO] New best accuracy: 55.24%
2026-03-17 10:57:13,343 [INFO] Running OOD evaluation (epoch 9)...
2026-03-17 10:58:17,129 [INFO] OOD accuracies: imagenet_a: 2.9%, imagenet_c_contrast_s3: 28.2%, imagenet_c_defocus_blur_s3: 21.3%, imagenet_c_fog_s3: 33.0%, imagenet_c_gaussian_noise_s3: 21.5%, imagenet_r: 12.9%, imagenet_sketch: 16.5%
2026-03-17 10:58:17,213 [INFO] Epoch 9/25 | Train Loss: 2.5678, Train Acc: 50.60% | Val Loss: 2.2661, Val Acc: 58.65% | LR: 0.000716 | Time: 508.2s
2026-03-17 10:58:17,581 [INFO] New best accuracy: 58.65%
2026-03-17 11:05:43,682 [INFO] Running OOD evaluation (epoch 10)...
2026-03-17 11:06:47,447 [INFO] OOD accuracies: imagenet_a: 3.2%, imagenet_c_contrast_s3: 26.7%, imagenet_c_defocus_blur_s3: 22.1%, imagenet_c_fog_s3: 34.5%, imagenet_c_gaussian_noise_s3: 17.6%, imagenet_r: 13.3%, imagenet_sketch: 19.9%
2026-03-17 11:06:47,561 [INFO] Epoch 10/25 | Train Loss: 2.4970, Train Acc: 52.61% | Val Loss: 2.2831, Val Acc: 58.09% | LR: 0.000658 | Time: 508.1s
2026-03-17 11:14:08,039 [INFO] Epoch 11/25 | Train Loss: 2.4268, Train Acc: 54.67% | (validation skipped) | LR: 0.000598 | Time: 439.7s
2026-03-17 11:21:32,498 [INFO] Running OOD evaluation (epoch 12)...
2026-03-17 11:22:35,712 [INFO] OOD accuracies: imagenet_a: 3.3%, imagenet_c_contrast_s3: 29.6%, imagenet_c_defocus_blur_s3: 24.1%, imagenet_c_fog_s3: 37.6%, imagenet_c_gaussian_noise_s3: 23.8%, imagenet_r: 16.6%, imagenet_sketch: 24.7%
2026-03-17 11:22:35,786 [INFO] Epoch 12/25 | Train Loss: 2.3540, Train Acc: 56.67% | Val Loss: 2.1573, Val Acc: 61.54% | LR: 0.000536 | Time: 507.7s
2026-03-17 11:22:36,106 [INFO] New best accuracy: 61.54%
2026-03-17 11:29:57,891 [INFO] Epoch 13/25 | Train Loss: 2.2907, Train Acc: 58.47% | (validation skipped) | LR: 0.000474 | Time: 439.7s
2026-03-17 11:37:21,993 [INFO] Running OOD evaluation (epoch 14)...
2026-03-17 11:38:25,590 [INFO] OOD accuracies: imagenet_a: 3.1%, imagenet_c_contrast_s3: 38.0%, imagenet_c_defocus_blur_s3: 27.3%, imagenet_c_fog_s3: 42.4%, imagenet_c_gaussian_noise_s3: 21.6%, imagenet_r: 15.9%, imagenet_sketch: 23.9%
2026-03-17 11:38:25,665 [INFO] Epoch 14/25 | Train Loss: 2.2243, Train Acc: 60.27% | Val Loss: 2.0092, Val Acc: 66.01% | LR: 0.000412 | Time: 507.7s
2026-03-17 11:38:25,990 [INFO] New best accuracy: 66.01%
2026-03-17 11:45:47,896 [INFO] Epoch 15/25 | Train Loss: 2.1659, Train Acc: 61.95% | (validation skipped) | LR: 0.000352 | Time: 439.9s
2026-03-17 11:53:12,456 [INFO] Running OOD evaluation (epoch 16)...
2026-03-17 11:54:15,710 [INFO] OOD accuracies: imagenet_a: 4.1%, imagenet_c_contrast_s3: 36.4%, imagenet_c_defocus_blur_s3: 30.7%, imagenet_c_fog_s3: 42.8%, imagenet_c_gaussian_noise_s3: 26.2%, imagenet_r: 17.3%, imagenet_sketch: 22.0%
2026-03-17 11:54:15,792 [INFO] Epoch 16/25 | Train Loss: 2.1140, Train Acc: 63.32% | Val Loss: 1.8982, Val Acc: 69.74% | LR: 0.000294 | Time: 507.9s
2026-03-17 11:54:16,175 [INFO] New best accuracy: 69.74%
2026-03-17 12:01:38,196 [INFO] Epoch 17/25 | Train Loss: 2.0639, Train Acc: 64.94% | (validation skipped) | LR: 0.000240 | Time: 440.0s
2026-03-17 12:09:02,832 [INFO] Running OOD evaluation (epoch 18)...
2026-03-17 12:10:06,599 [INFO] OOD accuracies: imagenet_a: 4.1%, imagenet_c_contrast_s3: 38.9%, imagenet_c_defocus_blur_s3: 35.3%, imagenet_c_fog_s3: 44.5%, imagenet_c_gaussian_noise_s3: 25.1%, imagenet_r: 17.9%, imagenet_sketch: 24.7%
2026-03-17 12:10:06,717 [INFO] Epoch 18/25 | Train Loss: 2.0173, Train Acc: 66.29% | Val Loss: 1.8234, Val Acc: 71.56% | LR: 0.000189 | Time: 508.5s
2026-03-17 12:10:07,039 [INFO] New best accuracy: 71.56%
2026-03-17 12:17:28,845 [INFO] Epoch 19/25 | Train Loss: 1.9738, Train Acc: 67.56% | (validation skipped) | LR: 0.000144 | Time: 439.9s
2026-03-17 12:24:53,464 [INFO] Running OOD evaluation (epoch 20)...
2026-03-17 12:25:57,650 [INFO] OOD accuracies: imagenet_a: 4.3%, imagenet_c_contrast_s3: 41.4%, imagenet_c_defocus_blur_s3: 36.3%, imagenet_c_fog_s3: 45.8%, imagenet_c_gaussian_noise_s3: 31.2%, imagenet_r: 19.0%, imagenet_sketch: 26.1%
2026-03-17 12:25:57,757 [INFO] Epoch 20/25 | Train Loss: 1.9354, Train Acc: 68.68% | Val Loss: 1.7605, Val Acc: 73.06% | LR: 0.000105 | Time: 508.9s
2026-03-17 12:25:58,080 [INFO] New best accuracy: 73.06%
2026-03-17 12:33:24,996 [INFO] Running OOD evaluation (epoch 21)...
2026-03-17 12:34:29,343 [INFO] OOD accuracies: imagenet_a: 4.6%, imagenet_c_contrast_s3: 42.2%, imagenet_c_defocus_blur_s3: 35.1%, imagenet_c_fog_s3: 46.8%, imagenet_c_gaussian_noise_s3: 28.3%, imagenet_r: 18.6%, imagenet_sketch: 26.9%
2026-03-17 12:34:29,430 [INFO] Epoch 21/25 | Train Loss: 1.8984, Train Acc: 69.79% | Val Loss: 1.7572, Val Acc: 73.78% | LR: 0.000071 | Time: 509.4s
2026-03-17 12:34:29,789 [INFO] New best accuracy: 73.78%
2026-03-17 12:41:51,329 [INFO] Epoch 22/25 | Train Loss: 1.8689, Train Acc: 70.75% | (validation skipped) | LR: 0.000045 | Time: 439.7s
2026-03-17 12:49:11,015 [INFO] Epoch 23/25 | Train Loss: 1.8509, Train Acc: 71.28% | (validation skipped) | LR: 0.000026 | Time: 439.7s
2026-03-17 12:56:35,571 [INFO] Running OOD evaluation (epoch 24)...
2026-03-17 12:57:39,639 [INFO] OOD accuracies: imagenet_a: 4.7%, imagenet_c_contrast_s3: 44.9%, imagenet_c_defocus_blur_s3: 38.7%, imagenet_c_fog_s3: 47.6%, imagenet_c_gaussian_noise_s3: 30.0%, imagenet_r: 19.3%, imagenet_sketch: 26.0%
2026-03-17 12:57:39,714 [INFO] Epoch 24/25 | Train Loss: 1.8312, Train Acc: 71.86% | Val Loss: 1.7055, Val Acc: 75.40% | LR: 0.000014 | Time: 508.7s
2026-03-17 12:57:40,069 [INFO] New best accuracy: 75.40%
2026-03-17 13:05:06,714 [INFO] Running OOD evaluation (epoch 25)...
2026-03-17 13:06:14,786 [INFO] OOD accuracies: imagenet_a: 4.8%, imagenet_c_contrast_s3: 44.2%, imagenet_c_defocus_blur_s3: 38.2%, imagenet_c_fog_s3: 46.5%, imagenet_c_gaussian_noise_s3: 30.5%, imagenet_r: 19.4%, imagenet_sketch: 26.7%
2026-03-17 13:06:14,852 [INFO] Epoch 25/25 | Train Loss: 1.8216, Train Acc: 72.11% | Val Loss: 1.7060, Val Acc: 75.15% | LR: 0.000010 | Time: 512.9s
2026-03-17 13:06:15,705 [INFO] Training complete! Best accuracy: 75.40%
2026-03-17 13:06:15,706 [INFO] Outputs saved to: logs/resnet50_localnorm_imagenet_ecoset_ecovalid_seed46
wandb: uploading history steps 24-24, summary, console lines 88-91
wandb: 
wandb: Run history:
wandb:                                epoch ▁▁▂▂▂▂▃▃▃▄▄▄▅▅▅▅▆▆▆▇▇▇▇██
wandb:                                   lr ████▇▇▇▆▆▆▅▅▄▄▃▃▃▂▂▂▁▁▁▁▁
wandb:                   ood/imagenet_a/acc ▁▂▄▃▄▃▄▆▄▅▅▅▇▇▇▇██
wandb:                  ood/imagenet_a/loss ▂▃▇█▂▅▇▅▂▇▄▅▁▄▂▄▂▂
wandb:             ood/imagenet_a/n_classes ▁▁▁▁▁▁▁▁▁▁▁▁▁▁▁▁▁▁
wandb:             ood/imagenet_a/n_samples ▁▁▁▁▁▁▁▁▁▁▁▁▁▁▁▁▁▁
wandb:              ood/imagenet_c/mean_acc ▁▂▂▃▃▄▄▄▅▅▆▆▇▇████
wandb:       ood/imagenet_c_contrast_s3/acc ▁▂▃▃▃▄▅▄▅▅▅▇▆▇▇███
wandb:      ood/imagenet_c_contrast_s3/loss █▇▆▅▆▅▄▄▃▄▃▂▂▂▂▁▁▁
wandb: ood/imagenet_c_contrast_s3/n_samples ▁▁▁▁▁▁▁▁▁▁▁▁▁▁▁▁▁▁
wandb:                                  +21 ...
wandb: 
wandb: Run summary:
wandb:                                epoch 25
wandb:                                   lr 1e-05
wandb:                   ood/imagenet_a/acc 4.82986
wandb:                  ood/imagenet_a/loss 5.32178
wandb:             ood/imagenet_a/n_classes 48
wandb:             ood/imagenet_a/n_samples 1822
wandb:              ood/imagenet_c/mean_acc 39.83088
wandb:       ood/imagenet_c_contrast_s3/acc 44.16176
wandb:      ood/imagenet_c_contrast_s3/loss 2.32123
wandb: ood/imagenet_c_contrast_s3/n_samples 6800
wandb:                                  +21 ...
wandb: 
wandb: 🚀 View run resnet50_localnorm_imagenet_ecoset_ecovalid_seed46 at: https://wandb.ai/mellebolding-university-of-amsterdam/norm-comparison/runs/9iqej2bd
wandb: ⭐️ View project at: https://wandb.ai/mellebolding-university-of-amsterdam/norm-comparison
wandb: Synced 5 W&B file(s), 0 media file(s), 32 artifact file(s) and 0 other file(s)
wandb: Find logs at: logs/resnet50_localnorm_imagenet_ecoset_ecovalid_seed46/wandb/run-20260317_094118-9iqej2bd/logs
