[rank0]:[W317 09:41:08.241149335 ProcessGroupNCCL.cpp:4115] [PG ID 0 PG GUID 0 Rank 0]  using GPU 0 to perform barrier as devices used by this process are currently unknown. This can potentially cause a hang if this rank to GPU mapping is incorrect.Specify device_ids in barrier() to force use of a particular device,or call init_process_group() with a device_id.
2026-03-17 09:41:09,141 [INFO] Distributed: DistributedManager(rank=0, local_rank=0, world_size=1, device=cuda:0, is_distributed=True)
2026-03-17 09:41:09,160 [INFO] Config: {'experiment_name': 'resnet50_layernorm_imagenet_ecoset_ecovalid_seed43', 'model': {'name': 'resnet50_custom', 'num_classes': 136, 'norm_layer': 'layernorm'}, 'data': {'dataset': 'imagenet_ecoset136', 'root': '/scratch-nvme/ml-datasets/imagenet/torchvision_ImageFolder', 'img_size': 224, 'backend': 'pytorch', 'num_workers': 16, 'pin_memory': True, 'persistent_workers': True, 'prefetch_factor': 2, 'gpu_transforms': True, 'random_rotation': True, 'random_rotation_degrees': 15, 'color_jitter': True, 'color_jitter_brightness': 0.2, 'color_jitter_contrast': 0.2, 'color_jitter_saturation': 0.2, 'color_jitter_hue': 0.05, 'gaussian_blur': True, 'random_grayscale': True, 'random_grayscale_p': 0.1}, 'training': {'epochs': 25, 'batch_size': 256, 'lr': 0.001, 'min_lr': 1e-05, 'weight_decay': 0.05, 'optimizer': 'adamw', 'scheduler': 'cosine', 'label_smoothing': 0.1, 'use_amp': True, 'channels_last': True, 'seed': 43, 'checkpoint_schedule': [[10, 1], [20, 2], [25, 3]], 'disable_progress_bar': True}, 'logging': {'log_dir': 'logs'}, 'ood_eval': {'enabled': True, 'source_dataset': 'imagenet_ecoset136', 'datasets_root': '/projects/prjs0771/melle/datasets', 'imagenet_c': {'during_training': True, 'corruptions_during_training': ['gaussian_noise', 'defocus_blur', 'fog', 'contrast'], 'severity_during_training': 3}, 'save_predictions': True}, 'wandb': {'enabled': True, 'project': 'norm-comparison', 'group': 'resnet50-imagenet-ecoset-ecovalid-norm-experiment', 'tags': ['resnet50', 'layernorm', 'snellius', 'norm-experiment', 'ecovalid-aug', 'a100', 'imagenet_ecoset136']}, '_machine': {'log_dir': '/projects/prjs0771/melle/projects/visionCNN/logs'}}
2026-03-17 09:41:09,160 [INFO] Run directory: logs/resnet50_layernorm_imagenet_ecoset_ecovalid_seed43
wandb: [wandb.login()] Loaded credentials for https://api.wandb.ai from /home/mbolding/.netrc.
wandb: Currently logged in as: mellebolding (mellebolding-university-of-amsterdam) to https://api.wandb.ai. Use `wandb login --relogin` to force relogin
wandb: setting up run ipu04w2n
wandb: Tracking run with wandb version 0.25.0
wandb: Run data is saved locally in logs/resnet50_layernorm_imagenet_ecoset_ecovalid_seed43/wandb/run-20260317_094109-ipu04w2n
wandb: Run `wandb offline` to turn off syncing.
wandb: Syncing run resnet50_layernorm_imagenet_ecoset_ecovalid_seed43
wandb: ⭐️ View project at https://wandb.ai/mellebolding-university-of-amsterdam/norm-comparison
wandb: 🚀 View run at https://wandb.ai/mellebolding-university-of-amsterdam/norm-comparison/runs/ipu04w2n
2026-03-17 09:41:11,552 [INFO] Weights & Biases logging enabled
2026-03-17 09:41:11,554 [INFO] Set random seed: 43 (rank offset applied)
2026-03-17 09:41:11,554 [INFO] Using device: cuda:0
2026-03-17 09:41:11,554 [INFO] World size: 1
2026-03-17 09:41:11,893 [INFO] Model: resnet50_custom, Parameters: 23,786,696
2026-03-17 09:41:11,925 [INFO] Using channels-last (NHWC) memory format
2026-03-17 09:41:11,961 [INFO] Mixed precision training: True
2026-03-17 09:41:28,492 [INFO] Using GPU-accelerated transforms to reduce CPU bottleneck
2026-03-17 09:41:28,493 [INFO] Train samples: 176411, Val samples: 6800
2026-03-17 09:41:28,493 [INFO] Effective batch size: 256 (256 x 1 GPUs)
2026-03-17 09:41:43,579 [INFO] OOD evaluation enabled: 7 datasets loaded (imagenet_r, imagenet_sketch, imagenet_a, imagenet_c_gaussian_noise_s3, imagenet_c_defocus_blur_s3, imagenet_c_fog_s3, imagenet_c_contrast_s3)
2026-03-17 09:41:43,593 [INFO] Saving per-image predictions to logs/resnet50_layernorm_imagenet_ecoset_ecovalid_seed43/predictions
2026-03-17 09:41:43,593 [INFO] Starting training for 25 epochs...
2026-03-17 09:46:25,620 [INFO] Running OOD evaluation (epoch 1)...
2026-03-17 09:47:36,114 [INFO] OOD accuracies: imagenet_a: 1.0%, imagenet_c_contrast_s3: 1.6%, imagenet_c_defocus_blur_s3: 2.1%, imagenet_c_fog_s3: 1.0%, imagenet_c_gaussian_noise_s3: 2.0%, imagenet_r: 1.3%, imagenet_sketch: 0.5%
2026-03-17 09:47:36,180 [INFO] Epoch 1/25 | Train Loss: 4.9147, Train Acc: 0.96% | Val Loss: 4.8150, Val Acc: 2.03% | LR: 0.000996 | Time: 352.6s
2026-03-17 09:47:36,582 [INFO] New best accuracy: 2.03%
2026-03-17 09:52:15,810 [INFO] Running OOD evaluation (epoch 2)...
2026-03-17 09:53:25,472 [INFO] OOD accuracies: imagenet_a: 1.7%, imagenet_c_contrast_s3: 3.5%, imagenet_c_defocus_blur_s3: 5.7%, imagenet_c_fog_s3: 1.7%, imagenet_c_gaussian_noise_s3: 5.7%, imagenet_r: 2.8%, imagenet_sketch: 1.4%
2026-03-17 09:53:25,541 [INFO] Epoch 2/25 | Train Loss: 4.7309, Train Acc: 3.09% | Val Loss: 4.5439, Val Acc: 5.63% | LR: 0.000984 | Time: 346.0s
2026-03-17 09:53:25,867 [INFO] New best accuracy: 5.63%
2026-03-17 09:58:04,273 [INFO] Running OOD evaluation (epoch 3)...
2026-03-17 09:59:15,104 [INFO] OOD accuracies: imagenet_a: 2.1%, imagenet_c_contrast_s3: 7.6%, imagenet_c_defocus_blur_s3: 10.5%, imagenet_c_fog_s3: 3.9%, imagenet_c_gaussian_noise_s3: 9.4%, imagenet_r: 4.6%, imagenet_sketch: 2.7%
2026-03-17 09:59:15,174 [INFO] Epoch 3/25 | Train Loss: 4.4535, Train Acc: 7.44% | Val Loss: 4.2122, Val Acc: 12.00% | LR: 0.000965 | Time: 347.4s
2026-03-17 09:59:15,484 [INFO] New best accuracy: 12.00%
2026-03-17 10:03:53,395 [INFO] Running OOD evaluation (epoch 4)...
2026-03-17 10:05:04,030 [INFO] OOD accuracies: imagenet_a: 2.4%, imagenet_c_contrast_s3: 10.2%, imagenet_c_defocus_blur_s3: 12.0%, imagenet_c_fog_s3: 5.2%, imagenet_c_gaussian_noise_s3: 13.5%, imagenet_r: 5.2%, imagenet_sketch: 3.2%
2026-03-17 10:05:04,076 [INFO] Epoch 4/25 | Train Loss: 4.1926, Train Acc: 11.93% | Val Loss: 3.9258, Val Acc: 17.43% | LR: 0.000939 | Time: 346.7s
2026-03-17 10:05:04,385 [INFO] New best accuracy: 17.43%
2026-03-17 10:09:42,692 [INFO] Running OOD evaluation (epoch 5)...
2026-03-17 10:10:52,602 [INFO] OOD accuracies: imagenet_a: 2.1%, imagenet_c_contrast_s3: 12.8%, imagenet_c_defocus_blur_s3: 17.1%, imagenet_c_fog_s3: 7.5%, imagenet_c_gaussian_noise_s3: 12.6%, imagenet_r: 4.7%, imagenet_sketch: 3.7%
2026-03-17 10:10:52,629 [INFO] Epoch 5/25 | Train Loss: 3.9787, Train Acc: 16.34% | Val Loss: 3.7381, Val Acc: 20.54% | LR: 0.000905 | Time: 346.2s
2026-03-17 10:10:52,972 [INFO] New best accuracy: 20.54%
2026-03-17 10:15:31,197 [INFO] Running OOD evaluation (epoch 6)...
2026-03-17 10:16:41,401 [INFO] OOD accuracies: imagenet_a: 2.3%, imagenet_c_contrast_s3: 14.2%, imagenet_c_defocus_blur_s3: 15.7%, imagenet_c_fog_s3: 8.2%, imagenet_c_gaussian_noise_s3: 13.6%, imagenet_r: 4.7%, imagenet_sketch: 3.9%
2026-03-17 10:16:41,472 [INFO] Epoch 6/25 | Train Loss: 3.8093, Train Acc: 19.77% | Val Loss: 3.5374, Val Acc: 25.93% | LR: 0.000866 | Time: 346.6s
2026-03-17 10:16:41,783 [INFO] New best accuracy: 25.93%
2026-03-17 10:21:20,591 [INFO] Running OOD evaluation (epoch 7)...
2026-03-17 10:22:32,413 [INFO] OOD accuracies: imagenet_a: 1.7%, imagenet_c_contrast_s3: 16.7%, imagenet_c_defocus_blur_s3: 22.1%, imagenet_c_fog_s3: 10.1%, imagenet_c_gaussian_noise_s3: 11.2%, imagenet_r: 5.0%, imagenet_sketch: 4.7%
2026-03-17 10:22:32,460 [INFO] Epoch 7/25 | Train Loss: 3.6690, Train Acc: 22.92% | Val Loss: 3.4727, Val Acc: 27.15% | LR: 0.000821 | Time: 348.9s
2026-03-17 10:22:32,773 [INFO] New best accuracy: 27.15%
2026-03-17 10:27:10,794 [INFO] Running OOD evaluation (epoch 8)...
2026-03-17 10:28:21,321 [INFO] OOD accuracies: imagenet_a: 3.3%, imagenet_c_contrast_s3: 19.0%, imagenet_c_defocus_blur_s3: 22.2%, imagenet_c_fog_s3: 10.7%, imagenet_c_gaussian_noise_s3: 12.9%, imagenet_r: 6.8%, imagenet_sketch: 5.4%
2026-03-17 10:28:21,409 [INFO] Epoch 8/25 | Train Loss: 3.5402, Train Acc: 25.90% | Val Loss: 3.2411, Val Acc: 33.19% | LR: 0.000770 | Time: 346.7s
2026-03-17 10:28:21,723 [INFO] New best accuracy: 33.19%
2026-03-17 10:32:59,776 [INFO] Running OOD evaluation (epoch 9)...
2026-03-17 10:34:09,871 [INFO] OOD accuracies: imagenet_a: 2.4%, imagenet_c_contrast_s3: 21.8%, imagenet_c_defocus_blur_s3: 23.5%, imagenet_c_fog_s3: 12.7%, imagenet_c_gaussian_noise_s3: 14.4%, imagenet_r: 7.8%, imagenet_sketch: 6.0%
2026-03-17 10:34:09,940 [INFO] Epoch 9/25 | Train Loss: 3.4332, Train Acc: 28.58% | Val Loss: 3.1672, Val Acc: 34.84% | LR: 0.000716 | Time: 346.4s
2026-03-17 10:34:10,258 [INFO] New best accuracy: 34.84%
2026-03-17 10:38:48,365 [INFO] Running OOD evaluation (epoch 10)...
2026-03-17 10:39:59,036 [INFO] OOD accuracies: imagenet_a: 2.3%, imagenet_c_contrast_s3: 24.5%, imagenet_c_defocus_blur_s3: 23.9%, imagenet_c_fog_s3: 12.2%, imagenet_c_gaussian_noise_s3: 15.6%, imagenet_r: 7.3%, imagenet_sketch: 7.9%
2026-03-17 10:39:59,097 [INFO] Epoch 10/25 | Train Loss: 3.3265, Train Acc: 31.22% | Val Loss: 3.0855, Val Acc: 36.87% | LR: 0.000658 | Time: 347.0s
2026-03-17 10:39:59,417 [INFO] New best accuracy: 36.87%
2026-03-17 10:44:31,161 [INFO] Epoch 11/25 | Train Loss: 3.2357, Train Acc: 33.45% | (validation skipped) | LR: 0.000598 | Time: 269.9s
2026-03-17 10:49:07,246 [INFO] Running OOD evaluation (epoch 12)...
2026-03-17 10:50:17,323 [INFO] OOD accuracies: imagenet_a: 3.0%, imagenet_c_contrast_s3: 28.8%, imagenet_c_defocus_blur_s3: 28.5%, imagenet_c_fog_s3: 16.2%, imagenet_c_gaussian_noise_s3: 15.2%, imagenet_r: 9.2%, imagenet_sketch: 8.9%
2026-03-17 10:50:17,378 [INFO] Epoch 12/25 | Train Loss: 3.1481, Train Acc: 35.76% | Val Loss: 2.8855, Val Acc: 42.75% | LR: 0.000536 | Time: 346.2s
2026-03-17 10:50:17,677 [INFO] New best accuracy: 42.75%
2026-03-17 10:54:49,143 [INFO] Epoch 13/25 | Train Loss: 3.0596, Train Acc: 38.03% | (validation skipped) | LR: 0.000474 | Time: 269.5s
2026-03-17 10:59:25,254 [INFO] Running OOD evaluation (epoch 14)...
2026-03-17 11:00:35,920 [INFO] OOD accuracies: imagenet_a: 2.4%, imagenet_c_contrast_s3: 30.8%, imagenet_c_defocus_blur_s3: 31.8%, imagenet_c_fog_s3: 18.3%, imagenet_c_gaussian_noise_s3: 15.0%, imagenet_r: 8.7%, imagenet_sketch: 9.6%
2026-03-17 11:00:35,997 [INFO] Epoch 14/25 | Train Loss: 2.9850, Train Acc: 39.92% | Val Loss: 2.7285, Val Acc: 46.69% | LR: 0.000412 | Time: 346.8s
2026-03-17 11:00:36,321 [INFO] New best accuracy: 46.69%
2026-03-17 11:05:07,876 [INFO] Epoch 15/25 | Train Loss: 2.9147, Train Acc: 41.51% | (validation skipped) | LR: 0.000352 | Time: 269.6s
2026-03-17 11:09:44,431 [INFO] Running OOD evaluation (epoch 16)...
2026-03-17 11:10:55,189 [INFO] OOD accuracies: imagenet_a: 3.4%, imagenet_c_contrast_s3: 34.1%, imagenet_c_defocus_blur_s3: 30.9%, imagenet_c_fog_s3: 19.2%, imagenet_c_gaussian_noise_s3: 17.5%, imagenet_r: 10.4%, imagenet_sketch: 11.8%
2026-03-17 11:10:55,256 [INFO] Epoch 16/25 | Train Loss: 2.8427, Train Acc: 43.51% | Val Loss: 2.6166, Val Acc: 50.13% | LR: 0.000294 | Time: 347.3s
2026-03-17 11:10:55,629 [INFO] New best accuracy: 50.13%
2026-03-17 11:15:27,807 [INFO] Epoch 17/25 | Train Loss: 2.7841, Train Acc: 45.08% | (validation skipped) | LR: 0.000240 | Time: 270.3s
2026-03-17 11:20:04,129 [INFO] Running OOD evaluation (epoch 18)...
2026-03-17 11:21:14,389 [INFO] OOD accuracies: imagenet_a: 3.2%, imagenet_c_contrast_s3: 38.2%, imagenet_c_defocus_blur_s3: 36.6%, imagenet_c_fog_s3: 21.6%, imagenet_c_gaussian_noise_s3: 15.6%, imagenet_r: 11.6%, imagenet_sketch: 14.3%
2026-03-17 11:21:14,481 [INFO] Epoch 18/25 | Train Loss: 2.7254, Train Acc: 46.77% | Val Loss: 2.4995, Val Acc: 52.82% | LR: 0.000189 | Time: 346.6s
2026-03-17 11:21:14,832 [INFO] New best accuracy: 52.82%
2026-03-17 11:25:46,852 [INFO] Epoch 19/25 | Train Loss: 2.6733, Train Acc: 48.17% | (validation skipped) | LR: 0.000144 | Time: 270.1s
2026-03-17 11:30:23,262 [INFO] Running OOD evaluation (epoch 20)...
2026-03-17 11:31:33,314 [INFO] OOD accuracies: imagenet_a: 3.2%, imagenet_c_contrast_s3: 40.6%, imagenet_c_defocus_blur_s3: 37.9%, imagenet_c_fog_s3: 22.0%, imagenet_c_gaussian_noise_s3: 17.1%, imagenet_r: 11.9%, imagenet_sketch: 15.0%
2026-03-17 11:31:33,339 [INFO] Epoch 20/25 | Train Loss: 2.6320, Train Acc: 49.27% | Val Loss: 2.4418, Val Acc: 54.68% | LR: 0.000105 | Time: 346.5s
2026-03-17 11:31:33,683 [INFO] New best accuracy: 54.68%
2026-03-17 11:36:12,051 [INFO] Running OOD evaluation (epoch 21)...
2026-03-17 11:37:22,626 [INFO] OOD accuracies: imagenet_a: 3.3%, imagenet_c_contrast_s3: 41.2%, imagenet_c_defocus_blur_s3: 35.7%, imagenet_c_fog_s3: 22.3%, imagenet_c_gaussian_noise_s3: 18.3%, imagenet_r: 12.7%, imagenet_sketch: 14.8%
2026-03-17 11:37:22,667 [INFO] Epoch 21/25 | Train Loss: 2.5971, Train Acc: 50.35% | Val Loss: 2.4200, Val Acc: 54.94% | LR: 0.000071 | Time: 347.1s
2026-03-17 11:37:22,963 [INFO] New best accuracy: 54.94%
2026-03-17 11:41:54,251 [INFO] Epoch 22/25 | Train Loss: 2.5647, Train Acc: 51.01% | (validation skipped) | LR: 0.000045 | Time: 269.5s
2026-03-17 11:46:23,818 [INFO] Epoch 23/25 | Train Loss: 2.5412, Train Acc: 51.81% | (validation skipped) | LR: 0.000026 | Time: 269.6s
2026-03-17 11:51:00,261 [INFO] Running OOD evaluation (epoch 24)...
2026-03-17 11:52:10,124 [INFO] OOD accuracies: imagenet_a: 3.2%, imagenet_c_contrast_s3: 42.4%, imagenet_c_defocus_blur_s3: 38.7%, imagenet_c_fog_s3: 24.6%, imagenet_c_gaussian_noise_s3: 16.7%, imagenet_r: 12.8%, imagenet_sketch: 15.0%
2026-03-17 11:52:10,149 [INFO] Epoch 24/25 | Train Loss: 2.5263, Train Acc: 52.22% | Val Loss: 2.3794, Val Acc: 56.41% | LR: 0.000014 | Time: 346.3s
2026-03-17 11:52:10,451 [INFO] New best accuracy: 56.41%
2026-03-17 11:56:48,874 [INFO] Running OOD evaluation (epoch 25)...
2026-03-17 11:57:58,583 [INFO] OOD accuracies: imagenet_a: 3.2%, imagenet_c_contrast_s3: 41.8%, imagenet_c_defocus_blur_s3: 39.2%, imagenet_c_fog_s3: 23.8%, imagenet_c_gaussian_noise_s3: 18.0%, imagenet_r: 12.6%, imagenet_sketch: 15.4%
2026-03-17 11:57:58,626 [INFO] Epoch 25/25 | Train Loss: 2.5156, Train Acc: 52.57% | Val Loss: 2.3676, Val Acc: 57.03% | LR: 0.000010 | Time: 346.3s
2026-03-17 11:57:58,977 [INFO] New best accuracy: 57.03%
2026-03-17 11:58:00,789 [INFO] Training complete! Best accuracy: 57.03%
2026-03-17 11:58:00,789 [INFO] Outputs saved to: logs/resnet50_layernorm_imagenet_ecoset_ecovalid_seed43
wandb: uploading artifact resnet50_layernorm_imagenet_ecoset_ecovalid_seed43-best; updating run metadata
wandb: uploading artifact resnet50_layernorm_imagenet_ecoset_ecovalid_seed43-best
wandb: uploading artifact resnet50_layernorm_imagenet_ecoset_ecovalid_seed43-best; uploading config.yaml
wandb: uploading artifact resnet50_layernorm_imagenet_ecoset_ecovalid_seed43-best
wandb: uploading artifact resnet50_layernorm_imagenet_ecoset_ecovalid_seed43-best; uploading history steps 24-24, summary, console lines 89-93
wandb: uploading artifact resnet50_layernorm_imagenet_ecoset_ecovalid_seed43-best
wandb: 
wandb: Run history:
wandb:                                epoch ▁▁▂▂▂▂▃▃▃▄▄▄▅▅▅▅▆▆▆▇▇▇▇██
wandb:                                   lr ████▇▇▇▆▆▆▅▅▄▄▃▃▃▂▂▂▁▁▁▁▁
wandb:                   ood/imagenet_a/acc ▁▃▄▅▄▅▃█▅▅▇▅█████▇
wandb:                  ood/imagenet_a/loss ▁▂▂▂▆▅█▄▆▇▄▆▅▇▅▆▆▆
wandb:             ood/imagenet_a/n_classes ▁▁▁▁▁▁▁▁▁▁▁▁▁▁▁▁▁▁
wandb:             ood/imagenet_a/n_samples ▁▁▁▁▁▁▁▁▁▁▁▁▁▁▁▁▁▁
wandb:              ood/imagenet_c/mean_acc ▁▂▂▃▄▄▄▅▅▅▆▆▇▇████
wandb:       ood/imagenet_c_contrast_s3/acc ▁▁▂▂▃▃▄▄▄▅▆▆▇▇████
wandb:      ood/imagenet_c_contrast_s3/loss █▇▇▆▅▅▅▄▄▃▃▃▂▁▁▁▁▁
wandb: ood/imagenet_c_contrast_s3/n_samples ▁▁▁▁▁▁▁▁▁▁▁▁▁▁▁▁▁▁
wandb:                                  +21 ...
wandb: 
wandb: Run summary:
wandb:                                epoch 25
wandb:                                   lr 1e-05
wandb:                   ood/imagenet_a/acc 3.18332
wandb:                  ood/imagenet_a/loss 5.38029
wandb:             ood/imagenet_a/n_classes 48
wandb:             ood/imagenet_a/n_samples 1822
wandb:              ood/imagenet_c/mean_acc 30.70956
wandb:       ood/imagenet_c_contrast_s3/acc 41.82353
wandb:      ood/imagenet_c_contrast_s3/loss 2.43415
wandb: ood/imagenet_c_contrast_s3/n_samples 6800
wandb:                                  +21 ...
wandb: 
wandb: 🚀 View run resnet50_layernorm_imagenet_ecoset_ecovalid_seed43 at: https://wandb.ai/mellebolding-university-of-amsterdam/norm-comparison/runs/ipu04w2n
wandb: ⭐️ View project at: https://wandb.ai/mellebolding-university-of-amsterdam/norm-comparison
wandb: Synced 5 W&B file(s), 0 media file(s), 36 artifact file(s) and 0 other file(s)
wandb: Find logs at: logs/resnet50_layernorm_imagenet_ecoset_ecovalid_seed43/wandb/run-20260317_094109-ipu04w2n/logs
