[rank0]:[W317 09:41:16.647719194 ProcessGroupNCCL.cpp:4115] [PG ID 0 PG GUID 0 Rank 0]  using GPU 0 to perform barrier as devices used by this process are currently unknown. This can potentially cause a hang if this rank to GPU mapping is incorrect.Specify device_ids in barrier() to force use of a particular device,or call init_process_group() with a device_id.
2026-03-17 09:41:16,600 [INFO] Distributed: DistributedManager(rank=0, local_rank=0, world_size=1, device=cuda:0, is_distributed=True)
2026-03-17 09:41:16,613 [INFO] Config: {'experiment_name': 'resnet50_localnorm_imagenet_ecoset_ecovalid_seed45', 'model': {'name': 'resnet50_custom', 'num_classes': 136, 'norm_layer': 'localnorm'}, 'data': {'dataset': 'imagenet_ecoset136', 'root': '/scratch-nvme/ml-datasets/imagenet/torchvision_ImageFolder', 'img_size': 224, 'backend': 'pytorch', 'num_workers': 16, 'pin_memory': True, 'persistent_workers': True, 'prefetch_factor': 2, 'gpu_transforms': True, 'random_rotation': True, 'random_rotation_degrees': 15, 'color_jitter': True, 'color_jitter_brightness': 0.2, 'color_jitter_contrast': 0.2, 'color_jitter_saturation': 0.2, 'color_jitter_hue': 0.05, 'gaussian_blur': True, 'random_grayscale': True, 'random_grayscale_p': 0.1}, 'training': {'epochs': 25, 'batch_size': 128, 'lr': 0.001, 'min_lr': 1e-05, 'weight_decay': 0.05, 'optimizer': 'adamw', 'scheduler': 'cosine', 'label_smoothing': 0.1, 'use_amp': True, 'channels_last': True, 'seed': 45, 'checkpoint_schedule': [[10, 1], [20, 2], [25, 3]], 'disable_progress_bar': True}, 'logging': {'log_dir': 'logs'}, 'ood_eval': {'enabled': True, 'source_dataset': 'imagenet_ecoset136', 'datasets_root': '/projects/prjs0771/melle/datasets', 'imagenet_c': {'during_training': True, 'corruptions_during_training': ['gaussian_noise', 'defocus_blur', 'fog', 'contrast'], 'severity_during_training': 3}, 'save_predictions': True}, 'wandb': {'enabled': True, 'project': 'norm-comparison', 'group': 'resnet50-imagenet-ecoset-ecovalid-norm-experiment', 'tags': ['norm-experiment', 'a100', 'localnorm', 'resnet50', 'snellius', 'imagenet_ecoset136', 'ecovalid-aug']}, '_machine': {'log_dir': '/projects/prjs0771/melle/projects/visionCNN/logs'}}
2026-03-17 09:41:16,614 [INFO] Run directory: logs/resnet50_localnorm_imagenet_ecoset_ecovalid_seed45
wandb: [wandb.login()] Loaded credentials for https://api.wandb.ai from /home/mbolding/.netrc.
wandb: Currently logged in as: mellebolding (mellebolding-university-of-amsterdam) to https://api.wandb.ai. Use `wandb login --relogin` to force relogin
wandb: setting up run 8s2q5dkz
wandb: Tracking run with wandb version 0.25.0
wandb: Run data is saved locally in logs/resnet50_localnorm_imagenet_ecoset_ecovalid_seed45/wandb/run-20260317_094117-8s2q5dkz
wandb: Run `wandb offline` to turn off syncing.
wandb: Syncing run resnet50_localnorm_imagenet_ecoset_ecovalid_seed45
wandb: ⭐️ View project at https://wandb.ai/mellebolding-university-of-amsterdam/norm-comparison
wandb: 🚀 View run at https://wandb.ai/mellebolding-university-of-amsterdam/norm-comparison/runs/8s2q5dkz
2026-03-17 09:41:18,453 [INFO] Weights & Biases logging enabled
2026-03-17 09:41:18,456 [INFO] Set random seed: 45 (rank offset applied)
2026-03-17 09:41:18,456 [INFO] Using device: cuda:0
2026-03-17 09:41:18,456 [INFO] World size: 1
2026-03-17 09:41:18,791 [INFO] Model: resnet50_custom, Parameters: 23,839,816
2026-03-17 09:41:18,820 [INFO] Using channels-last (NHWC) memory format
2026-03-17 09:41:18,859 [INFO] Mixed precision training: True
2026-03-17 09:41:32,283 [INFO] Using GPU-accelerated transforms to reduce CPU bottleneck
2026-03-17 09:41:32,283 [INFO] Train samples: 176411, Val samples: 6800
2026-03-17 09:41:32,284 [INFO] Effective batch size: 128 (128 x 1 GPUs)
2026-03-17 09:41:34,426 [INFO] OOD evaluation enabled: 7 datasets loaded (imagenet_r, imagenet_sketch, imagenet_a, imagenet_c_gaussian_noise_s3, imagenet_c_defocus_blur_s3, imagenet_c_fog_s3, imagenet_c_contrast_s3)
2026-03-17 09:41:34,428 [INFO] Saving per-image predictions to logs/resnet50_localnorm_imagenet_ecoset_ecovalid_seed45/predictions
2026-03-17 09:41:34,428 [INFO] Starting training for 25 epochs...
2026-03-17 09:49:01,578 [INFO] Running OOD evaluation (epoch 1)...
2026-03-17 09:50:03,497 [INFO] OOD accuracies: imagenet_a: 0.8%, imagenet_c_contrast_s3: 4.6%, imagenet_c_defocus_blur_s3: 8.4%, imagenet_c_fog_s3: 5.1%, imagenet_c_gaussian_noise_s3: 6.6%, imagenet_r: 3.4%, imagenet_sketch: 3.7%
2026-03-17 09:50:03,540 [INFO] Epoch 1/25 | Train Loss: 4.4902, Train Acc: 6.80% | Val Loss: 4.0448, Val Acc: 14.34% | LR: 0.000996 | Time: 509.1s
2026-03-17 09:50:03,858 [INFO] New best accuracy: 14.34%
2026-03-17 09:57:30,780 [INFO] Running OOD evaluation (epoch 2)...
2026-03-17 09:58:36,482 [INFO] OOD accuracies: imagenet_a: 1.3%, imagenet_c_contrast_s3: 8.3%, imagenet_c_defocus_blur_s3: 13.8%, imagenet_c_fog_s3: 11.3%, imagenet_c_gaussian_noise_s3: 9.3%, imagenet_r: 5.1%, imagenet_sketch: 5.0%
2026-03-17 09:58:36,554 [INFO] Epoch 2/25 | Train Loss: 3.9600, Train Acc: 15.97% | Val Loss: 3.7093, Val Acc: 23.26% | LR: 0.000984 | Time: 509.5s
2026-03-17 09:58:36,880 [INFO] New best accuracy: 23.26%
2026-03-17 10:06:02,173 [INFO] Running OOD evaluation (epoch 3)...
2026-03-17 10:07:07,143 [INFO] OOD accuracies: imagenet_a: 2.5%, imagenet_c_contrast_s3: 9.7%, imagenet_c_defocus_blur_s3: 12.4%, imagenet_c_fog_s3: 13.0%, imagenet_c_gaussian_noise_s3: 13.4%, imagenet_r: 7.4%, imagenet_sketch: 8.6%
2026-03-17 10:07:07,202 [INFO] Epoch 3/25 | Train Loss: 3.6270, Train Acc: 23.40% | Val Loss: 3.2444, Val Acc: 33.01% | LR: 0.000965 | Time: 508.4s
2026-03-17 10:07:07,521 [INFO] New best accuracy: 33.01%
2026-03-17 10:14:33,436 [INFO] Running OOD evaluation (epoch 4)...
2026-03-17 10:15:36,543 [INFO] OOD accuracies: imagenet_a: 2.2%, imagenet_c_contrast_s3: 12.9%, imagenet_c_defocus_blur_s3: 16.5%, imagenet_c_fog_s3: 21.0%, imagenet_c_gaussian_noise_s3: 8.6%, imagenet_r: 8.5%, imagenet_sketch: 9.2%
2026-03-17 10:15:36,651 [INFO] Epoch 4/25 | Train Loss: 3.3404, Train Acc: 30.42% | Val Loss: 3.0217, Val Acc: 37.82% | LR: 0.000939 | Time: 507.1s
2026-03-17 10:15:36,993 [INFO] New best accuracy: 37.82%
2026-03-17 10:23:02,553 [INFO] Running OOD evaluation (epoch 5)...
2026-03-17 10:24:09,385 [INFO] OOD accuracies: imagenet_a: 2.0%, imagenet_c_contrast_s3: 18.2%, imagenet_c_defocus_blur_s3: 16.1%, imagenet_c_fog_s3: 24.5%, imagenet_c_gaussian_noise_s3: 11.1%, imagenet_r: 10.0%, imagenet_sketch: 12.3%
2026-03-17 10:24:09,436 [INFO] Epoch 5/25 | Train Loss: 3.1307, Train Acc: 35.64% | Val Loss: 2.7846, Val Acc: 43.87% | LR: 0.000905 | Time: 510.5s
2026-03-17 10:24:09,760 [INFO] New best accuracy: 43.87%
2026-03-17 10:31:35,398 [INFO] Running OOD evaluation (epoch 6)...
2026-03-17 10:32:39,341 [INFO] OOD accuracies: imagenet_a: 2.9%, imagenet_c_contrast_s3: 20.5%, imagenet_c_defocus_blur_s3: 15.9%, imagenet_c_fog_s3: 23.2%, imagenet_c_gaussian_noise_s3: 13.2%, imagenet_r: 11.3%, imagenet_sketch: 15.2%
2026-03-17 10:32:39,402 [INFO] Epoch 6/25 | Train Loss: 2.9540, Train Acc: 40.24% | Val Loss: 2.6547, Val Acc: 47.81% | LR: 0.000866 | Time: 507.7s
2026-03-17 10:32:39,729 [INFO] New best accuracy: 47.81%
2026-03-17 10:40:05,781 [INFO] Running OOD evaluation (epoch 7)...
2026-03-17 10:41:09,414 [INFO] OOD accuracies: imagenet_a: 1.8%, imagenet_c_contrast_s3: 21.8%, imagenet_c_defocus_blur_s3: 25.3%, imagenet_c_fog_s3: 27.5%, imagenet_c_gaussian_noise_s3: 19.7%, imagenet_r: 9.0%, imagenet_sketch: 13.6%
2026-03-17 10:41:09,500 [INFO] Epoch 7/25 | Train Loss: 2.8145, Train Acc: 43.99% | Val Loss: 2.5657, Val Acc: 50.21% | LR: 0.000821 | Time: 507.8s
2026-03-17 10:41:09,806 [INFO] New best accuracy: 50.21%
2026-03-17 10:48:34,950 [INFO] Running OOD evaluation (epoch 8)...
2026-03-17 10:49:36,686 [INFO] OOD accuracies: imagenet_a: 2.3%, imagenet_c_contrast_s3: 22.8%, imagenet_c_defocus_blur_s3: 19.4%, imagenet_c_fog_s3: 27.7%, imagenet_c_gaussian_noise_s3: 18.8%, imagenet_r: 10.1%, imagenet_sketch: 15.2%
2026-03-17 10:49:36,722 [INFO] Epoch 8/25 | Train Loss: 2.7035, Train Acc: 46.99% | Val Loss: 2.4560, Val Acc: 53.65% | LR: 0.000770 | Time: 505.1s
2026-03-17 10:49:37,045 [INFO] New best accuracy: 53.65%
2026-03-17 10:57:02,266 [INFO] Running OOD evaluation (epoch 9)...
2026-03-17 10:58:06,146 [INFO] OOD accuracies: imagenet_a: 2.9%, imagenet_c_contrast_s3: 27.4%, imagenet_c_defocus_blur_s3: 23.3%, imagenet_c_fog_s3: 32.0%, imagenet_c_gaussian_noise_s3: 14.3%, imagenet_r: 12.8%, imagenet_sketch: 17.9%
2026-03-17 10:58:06,209 [INFO] Epoch 9/25 | Train Loss: 2.6017, Train Acc: 49.69% | Val Loss: 2.2928, Val Acc: 57.90% | LR: 0.000716 | Time: 507.3s
2026-03-17 10:58:06,546 [INFO] New best accuracy: 57.90%
2026-03-17 11:05:31,914 [INFO] Running OOD evaluation (epoch 10)...
2026-03-17 11:06:36,660 [INFO] OOD accuracies: imagenet_a: 3.2%, imagenet_c_contrast_s3: 26.5%, imagenet_c_defocus_blur_s3: 23.7%, imagenet_c_fog_s3: 34.4%, imagenet_c_gaussian_noise_s3: 14.4%, imagenet_r: 13.2%, imagenet_sketch: 16.9%
2026-03-17 11:06:36,730 [INFO] Epoch 10/25 | Train Loss: 2.5176, Train Acc: 52.14% | Val Loss: 2.2618, Val Acc: 58.76% | LR: 0.000658 | Time: 508.3s
2026-03-17 11:06:37,100 [INFO] New best accuracy: 58.76%
2026-03-17 11:13:57,522 [INFO] Epoch 11/25 | Train Loss: 2.4414, Train Acc: 54.33% | (validation skipped) | LR: 0.000598 | Time: 438.5s
2026-03-17 11:21:21,029 [INFO] Running OOD evaluation (epoch 12)...
2026-03-17 11:22:25,451 [INFO] OOD accuracies: imagenet_a: 3.3%, imagenet_c_contrast_s3: 30.5%, imagenet_c_defocus_blur_s3: 21.3%, imagenet_c_fog_s3: 34.2%, imagenet_c_gaussian_noise_s3: 18.7%, imagenet_r: 14.6%, imagenet_sketch: 19.5%
2026-03-17 11:22:25,493 [INFO] Epoch 12/25 | Train Loss: 2.3673, Train Acc: 56.38% | Val Loss: 2.1356, Val Acc: 62.66% | LR: 0.000536 | Time: 507.9s
2026-03-17 11:22:25,883 [INFO] New best accuracy: 62.66%
2026-03-17 11:29:46,779 [INFO] Epoch 13/25 | Train Loss: 2.3069, Train Acc: 57.89% | (validation skipped) | LR: 0.000474 | Time: 438.9s
2026-03-17 11:37:10,003 [INFO] Running OOD evaluation (epoch 14)...
2026-03-17 11:38:14,733 [INFO] OOD accuracies: imagenet_a: 3.2%, imagenet_c_contrast_s3: 32.4%, imagenet_c_defocus_blur_s3: 27.6%, imagenet_c_fog_s3: 35.5%, imagenet_c_gaussian_noise_s3: 19.9%, imagenet_r: 15.1%, imagenet_sketch: 20.6%
2026-03-17 11:38:14,802 [INFO] Epoch 14/25 | Train Loss: 2.2472, Train Acc: 59.76% | Val Loss: 2.0765, Val Acc: 64.72% | LR: 0.000412 | Time: 508.0s
2026-03-17 11:38:15,120 [INFO] New best accuracy: 64.72%
2026-03-17 11:45:35,855 [INFO] Epoch 15/25 | Train Loss: 2.1856, Train Acc: 61.55% | (validation skipped) | LR: 0.000352 | Time: 438.8s
2026-03-17 11:52:59,228 [INFO] Running OOD evaluation (epoch 16)...
2026-03-17 11:54:04,964 [INFO] OOD accuracies: imagenet_a: 3.2%, imagenet_c_contrast_s3: 32.1%, imagenet_c_defocus_blur_s3: 32.0%, imagenet_c_fog_s3: 40.2%, imagenet_c_gaussian_noise_s3: 20.8%, imagenet_r: 15.2%, imagenet_sketch: 20.0%
2026-03-17 11:54:05,040 [INFO] Epoch 16/25 | Train Loss: 2.1322, Train Acc: 63.06% | Val Loss: 1.9436, Val Acc: 67.82% | LR: 0.000294 | Time: 509.2s
2026-03-17 11:54:05,370 [INFO] New best accuracy: 67.82%
2026-03-17 12:01:26,085 [INFO] Epoch 17/25 | Train Loss: 2.0811, Train Acc: 64.43% | (validation skipped) | LR: 0.000240 | Time: 438.7s
2026-03-17 12:08:49,478 [INFO] Running OOD evaluation (epoch 18)...
2026-03-17 12:09:58,479 [INFO] OOD accuracies: imagenet_a: 3.6%, imagenet_c_contrast_s3: 39.0%, imagenet_c_defocus_blur_s3: 33.8%, imagenet_c_fog_s3: 42.7%, imagenet_c_gaussian_noise_s3: 26.5%, imagenet_r: 18.6%, imagenet_sketch: 24.8%
2026-03-17 12:09:58,573 [INFO] Epoch 18/25 | Train Loss: 2.0361, Train Acc: 65.68% | Val Loss: 1.8509, Val Acc: 70.84% | LR: 0.000189 | Time: 512.4s
2026-03-17 12:09:58,941 [INFO] New best accuracy: 70.84%
2026-03-17 12:17:19,750 [INFO] Epoch 19/25 | Train Loss: 1.9900, Train Acc: 67.11% | (validation skipped) | LR: 0.000144 | Time: 439.0s
2026-03-17 12:24:43,375 [INFO] Running OOD evaluation (epoch 20)...
2026-03-17 12:25:47,924 [INFO] OOD accuracies: imagenet_a: 3.5%, imagenet_c_contrast_s3: 41.6%, imagenet_c_defocus_blur_s3: 36.9%, imagenet_c_fog_s3: 45.3%, imagenet_c_gaussian_noise_s3: 27.9%, imagenet_r: 17.9%, imagenet_sketch: 23.6%
2026-03-17 12:25:47,981 [INFO] Epoch 20/25 | Train Loss: 1.9522, Train Acc: 68.24% | Val Loss: 1.7928, Val Acc: 72.51% | LR: 0.000105 | Time: 508.2s
2026-03-17 12:25:48,361 [INFO] New best accuracy: 72.51%
2026-03-17 12:33:13,783 [INFO] Running OOD evaluation (epoch 21)...
2026-03-17 12:34:23,871 [INFO] OOD accuracies: imagenet_a: 4.2%, imagenet_c_contrast_s3: 38.8%, imagenet_c_defocus_blur_s3: 37.3%, imagenet_c_fog_s3: 43.0%, imagenet_c_gaussian_noise_s3: 28.7%, imagenet_r: 19.1%, imagenet_sketch: 24.7%
2026-03-17 12:34:23,964 [INFO] Epoch 21/25 | Train Loss: 1.9172, Train Acc: 69.30% | Val Loss: 1.7609, Val Acc: 73.34% | LR: 0.000071 | Time: 513.8s
2026-03-17 12:34:24,271 [INFO] New best accuracy: 73.34%
2026-03-17 12:41:44,933 [INFO] Epoch 22/25 | Train Loss: 1.8899, Train Acc: 70.09% | (validation skipped) | LR: 0.000045 | Time: 438.8s
2026-03-17 12:49:03,453 [INFO] Epoch 23/25 | Train Loss: 1.8645, Train Acc: 70.93% | (validation skipped) | LR: 0.000026 | Time: 438.5s
2026-03-17 12:56:26,909 [INFO] Running OOD evaluation (epoch 24)...
2026-03-17 12:57:36,660 [INFO] OOD accuracies: imagenet_a: 4.1%, imagenet_c_contrast_s3: 44.2%, imagenet_c_defocus_blur_s3: 40.1%, imagenet_c_fog_s3: 46.0%, imagenet_c_gaussian_noise_s3: 30.1%, imagenet_r: 18.8%, imagenet_sketch: 25.7%
2026-03-17 12:57:36,735 [INFO] Epoch 24/25 | Train Loss: 1.8509, Train Acc: 71.24% | Val Loss: 1.7262, Val Acc: 74.66% | LR: 0.000014 | Time: 513.2s
2026-03-17 12:57:37,136 [INFO] New best accuracy: 74.66%
2026-03-17 13:05:02,441 [INFO] Running OOD evaluation (epoch 25)...
2026-03-17 13:06:14,511 [INFO] OOD accuracies: imagenet_a: 4.1%, imagenet_c_contrast_s3: 44.5%, imagenet_c_defocus_blur_s3: 39.8%, imagenet_c_fog_s3: 46.1%, imagenet_c_gaussian_noise_s3: 29.5%, imagenet_r: 18.7%, imagenet_sketch: 25.2%
2026-03-17 13:06:14,572 [INFO] Epoch 25/25 | Train Loss: 1.8390, Train Acc: 71.69% | Val Loss: 1.7247, Val Acc: 74.65% | LR: 0.000010 | Time: 515.4s
2026-03-17 13:06:15,209 [INFO] Training complete! Best accuracy: 74.66%
2026-03-17 13:06:15,210 [INFO] Outputs saved to: logs/resnet50_localnorm_imagenet_ecoset_ecovalid_seed45
wandb: updating run metadata
wandb: uploading output.log; uploading wandb-summary.json; uploading config.yaml
wandb: uploading history steps 24-24, summary, console lines 89-92
wandb: 
wandb: Run history:
wandb:                                epoch ▁▁▂▂▂▂▃▃▃▄▄▄▅▅▅▅▆▆▆▇▇▇▇██
wandb:                                   lr ████▇▇▇▆▆▆▅▅▄▄▃▃▃▂▂▂▁▁▁▁▁
wandb:                   ood/imagenet_a/acc ▁▂▄▄▄▅▃▄▅▆▆▆▆▇▇███
wandb:                  ood/imagenet_a/loss ▂▇▂▃▃▃█▅▃▃▂▃▃▂▂▁▁▂
wandb:             ood/imagenet_a/n_classes ▁▁▁▁▁▁▁▁▁▁▁▁▁▁▁▁▁▁
wandb:             ood/imagenet_a/n_samples ▁▁▁▁▁▁▁▁▁▁▁▁▁▁▁▁▁▁
wandb:              ood/imagenet_c/mean_acc ▁▂▂▃▃▃▅▄▅▅▅▆▆▇█▇██
wandb:       ood/imagenet_c_contrast_s3/acc ▁▂▂▂▃▄▄▄▅▅▆▆▆▇█▇██
wandb:      ood/imagenet_c_contrast_s3/loss █▇▆▆▅▅▄▄▃▄▃▃▃▂▁▂▁▁
wandb: ood/imagenet_c_contrast_s3/n_samples ▁▁▁▁▁▁▁▁▁▁▁▁▁▁▁▁▁▁
wandb:                                  +21 ...
wandb: 
wandb: Run summary:
wandb:                                epoch 25
wandb:                                   lr 1e-05
wandb:                   ood/imagenet_a/acc 4.06147
wandb:                  ood/imagenet_a/loss 5.33353
wandb:             ood/imagenet_a/n_classes 48
wandb:             ood/imagenet_a/n_samples 1822
wandb:              ood/imagenet_c/mean_acc 39.95221
wandb:       ood/imagenet_c_contrast_s3/acc 44.45588
wandb:      ood/imagenet_c_contrast_s3/loss 2.34542
wandb: ood/imagenet_c_contrast_s3/n_samples 6800
wandb:                                  +21 ...
wandb: 
wandb: 🚀 View run resnet50_localnorm_imagenet_ecoset_ecovalid_seed45 at: https://wandb.ai/mellebolding-university-of-amsterdam/norm-comparison/runs/8s2q5dkz
wandb: ⭐️ View project at: https://wandb.ai/mellebolding-university-of-amsterdam/norm-comparison
wandb: Synced 5 W&B file(s), 0 media file(s), 34 artifact file(s) and 0 other file(s)
wandb: Find logs at: logs/resnet50_localnorm_imagenet_ecoset_ecovalid_seed45/wandb/run-20260317_094117-8s2q5dkz/logs
