[rank0]:[W317 09:40:44.360500452 ProcessGroupNCCL.cpp:4115] [PG ID 0 PG GUID 0 Rank 0]  using GPU 0 to perform barrier as devices used by this process are currently unknown. This can potentially cause a hang if this rank to GPU mapping is incorrect.Specify device_ids in barrier() to force use of a particular device,or call init_process_group() with a device_id.
2026-03-17 09:40:44,500 [INFO] Distributed: DistributedManager(rank=0, local_rank=0, world_size=1, device=cuda:0, is_distributed=True)
2026-03-17 09:40:44,517 [INFO] Config: {'experiment_name': 'resnet50_rmsnorm_imagenet_ecoset_ecovalid_seed45', 'model': {'name': 'resnet50_custom', 'num_classes': 136, 'norm_layer': 'rmsnorm'}, 'data': {'dataset': 'imagenet_ecoset136', 'root': '/scratch-nvme/ml-datasets/imagenet/torchvision_ImageFolder', 'img_size': 224, 'backend': 'pytorch', 'num_workers': 16, 'pin_memory': True, 'persistent_workers': True, 'prefetch_factor': 2, 'gpu_transforms': True, 'random_rotation': True, 'random_rotation_degrees': 15, 'color_jitter': True, 'color_jitter_brightness': 0.2, 'color_jitter_contrast': 0.2, 'color_jitter_saturation': 0.2, 'color_jitter_hue': 0.05, 'gaussian_blur': True, 'random_grayscale': True, 'random_grayscale_p': 0.1}, 'training': {'epochs': 25, 'batch_size': 256, 'lr': 0.001, 'min_lr': 1e-05, 'weight_decay': 0.05, 'optimizer': 'adamw', 'scheduler': 'cosine', 'label_smoothing': 0.1, 'use_amp': True, 'channels_last': True, 'seed': 45, 'checkpoint_schedule': [[10, 1], [20, 2], [25, 3]], 'disable_progress_bar': True}, 'logging': {'log_dir': 'logs'}, 'ood_eval': {'enabled': True, 'source_dataset': 'imagenet_ecoset136', 'datasets_root': '/projects/prjs0771/melle/datasets', 'imagenet_c': {'during_training': True, 'corruptions_during_training': ['gaussian_noise', 'defocus_blur', 'fog', 'contrast'], 'severity_during_training': 3}, 'save_predictions': True}, 'wandb': {'enabled': True, 'project': 'norm-comparison', 'group': 'resnet50-imagenet-ecoset-ecovalid-norm-experiment', 'tags': ['norm-experiment', 'ecovalid-aug', 'rmsnorm', 'snellius', 'a100', 'imagenet_ecoset136', 'resnet50']}, '_machine': {'log_dir': '/projects/prjs0771/melle/projects/visionCNN/logs'}}
2026-03-17 09:40:44,518 [INFO] Run directory: logs/resnet50_rmsnorm_imagenet_ecoset_ecovalid_seed45
wandb: [wandb.login()] Loaded credentials for https://api.wandb.ai from /home/mbolding/.netrc.
wandb: Currently logged in as: mellebolding (mellebolding-university-of-amsterdam) to https://api.wandb.ai. Use `wandb login --relogin` to force relogin
wandb: setting up run ssga56o5
wandb: Tracking run with wandb version 0.25.0
wandb: Run data is saved locally in logs/resnet50_rmsnorm_imagenet_ecoset_ecovalid_seed45/wandb/run-20260317_094044-ssga56o5
wandb: Run `wandb offline` to turn off syncing.
wandb: Syncing run resnet50_rmsnorm_imagenet_ecoset_ecovalid_seed45
wandb: ⭐️ View project at https://wandb.ai/mellebolding-university-of-amsterdam/norm-comparison
wandb: 🚀 View run at https://wandb.ai/mellebolding-university-of-amsterdam/norm-comparison/runs/ssga56o5
2026-03-17 09:40:46,689 [INFO] Weights & Biases logging enabled
2026-03-17 09:40:46,692 [INFO] Set random seed: 45 (rank offset applied)
2026-03-17 09:40:46,693 [INFO] Using device: cuda:0
2026-03-17 09:40:46,693 [INFO] World size: 1
2026-03-17 09:40:47,035 [INFO] Model: resnet50_custom, Parameters: 23,760,136
2026-03-17 09:40:47,066 [INFO] Using channels-last (NHWC) memory format
2026-03-17 09:40:47,106 [INFO] Mixed precision training: True
2026-03-17 09:41:03,744 [INFO] Using GPU-accelerated transforms to reduce CPU bottleneck
2026-03-17 09:41:03,745 [INFO] Train samples: 176411, Val samples: 6800
2026-03-17 09:41:03,745 [INFO] Effective batch size: 256 (256 x 1 GPUs)
2026-03-17 09:41:08,679 [INFO] OOD evaluation enabled: 7 datasets loaded (imagenet_r, imagenet_sketch, imagenet_a, imagenet_c_gaussian_noise_s3, imagenet_c_defocus_blur_s3, imagenet_c_fog_s3, imagenet_c_contrast_s3)
2026-03-17 09:41:08,680 [INFO] Saving per-image predictions to logs/resnet50_rmsnorm_imagenet_ecoset_ecovalid_seed45/predictions
2026-03-17 09:41:08,680 [INFO] Starting training for 25 epochs...
2026-03-17 09:47:02,360 [INFO] Running OOD evaluation (epoch 1)...
2026-03-17 09:48:14,458 [INFO] OOD accuracies: imagenet_a: 0.8%, imagenet_c_contrast_s3: 2.8%, imagenet_c_defocus_blur_s3: 4.2%, imagenet_c_fog_s3: 1.8%, imagenet_c_gaussian_noise_s3: 4.2%, imagenet_r: 1.5%, imagenet_sketch: 1.1%
2026-03-17 09:48:14,482 [INFO] Epoch 1/25 | Train Loss: 4.8230, Train Acc: 1.92% | Val Loss: 4.6028, Val Acc: 4.50% | LR: 0.000996 | Time: 425.8s
2026-03-17 09:48:14,778 [INFO] New best accuracy: 4.50%
2026-03-17 09:54:04,207 [INFO] Running OOD evaluation (epoch 2)...
2026-03-17 09:55:14,316 [INFO] OOD accuracies: imagenet_a: 1.6%, imagenet_c_contrast_s3: 4.8%, imagenet_c_defocus_blur_s3: 8.2%, imagenet_c_fog_s3: 6.1%, imagenet_c_gaussian_noise_s3: 9.4%, imagenet_r: 4.9%, imagenet_sketch: 2.7%
2026-03-17 09:55:14,392 [INFO] Epoch 2/25 | Train Loss: 4.5224, Train Acc: 5.85% | Val Loss: 4.2175, Val Acc: 11.21% | LR: 0.000984 | Time: 416.7s
2026-03-17 09:55:14,695 [INFO] New best accuracy: 11.21%
2026-03-17 10:01:03,213 [INFO] Running OOD evaluation (epoch 3)...
2026-03-17 10:02:14,940 [INFO] OOD accuracies: imagenet_a: 1.5%, imagenet_c_contrast_s3: 12.0%, imagenet_c_defocus_blur_s3: 14.8%, imagenet_c_fog_s3: 8.3%, imagenet_c_gaussian_noise_s3: 11.3%, imagenet_r: 4.6%, imagenet_sketch: 4.7%
2026-03-17 10:02:14,966 [INFO] Epoch 3/25 | Train Loss: 4.1489, Train Acc: 12.81% | Val Loss: 3.8097, Val Acc: 18.68% | LR: 0.000965 | Time: 418.5s
2026-03-17 10:02:15,269 [INFO] New best accuracy: 18.68%
2026-03-17 10:08:04,396 [INFO] Running OOD evaluation (epoch 4)...
2026-03-17 10:09:16,188 [INFO] OOD accuracies: imagenet_a: 1.8%, imagenet_c_contrast_s3: 14.1%, imagenet_c_defocus_blur_s3: 16.6%, imagenet_c_fog_s3: 10.3%, imagenet_c_gaussian_noise_s3: 11.8%, imagenet_r: 6.7%, imagenet_sketch: 6.4%
2026-03-17 10:09:16,215 [INFO] Epoch 4/25 | Train Loss: 3.8491, Train Acc: 18.83% | Val Loss: 3.4944, Val Acc: 26.37% | LR: 0.000939 | Time: 419.0s
2026-03-17 10:09:16,521 [INFO] New best accuracy: 26.37%
2026-03-17 10:15:05,793 [INFO] Running OOD evaluation (epoch 5)...
2026-03-17 10:16:16,369 [INFO] OOD accuracies: imagenet_a: 1.8%, imagenet_c_contrast_s3: 18.5%, imagenet_c_defocus_blur_s3: 24.2%, imagenet_c_fog_s3: 12.9%, imagenet_c_gaussian_noise_s3: 15.7%, imagenet_r: 6.7%, imagenet_sketch: 6.9%
2026-03-17 10:16:16,394 [INFO] Epoch 5/25 | Train Loss: 3.6209, Train Acc: 23.89% | Val Loss: 3.3847, Val Acc: 29.24% | LR: 0.000905 | Time: 418.1s
2026-03-17 10:16:16,688 [INFO] New best accuracy: 29.24%
2026-03-17 10:22:05,817 [INFO] Running OOD evaluation (epoch 6)...
2026-03-17 10:23:17,558 [INFO] OOD accuracies: imagenet_a: 3.2%, imagenet_c_contrast_s3: 22.9%, imagenet_c_defocus_blur_s3: 23.7%, imagenet_c_fog_s3: 15.1%, imagenet_c_gaussian_noise_s3: 14.6%, imagenet_r: 7.5%, imagenet_sketch: 9.6%
2026-03-17 10:23:17,584 [INFO] Epoch 6/25 | Train Loss: 3.4429, Train Acc: 28.16% | Val Loss: 3.1373, Val Acc: 35.15% | LR: 0.000866 | Time: 419.0s
2026-03-17 10:23:17,898 [INFO] New best accuracy: 35.15%
2026-03-17 10:29:06,267 [INFO] Running OOD evaluation (epoch 7)...
2026-03-17 10:30:17,215 [INFO] OOD accuracies: imagenet_a: 2.3%, imagenet_c_contrast_s3: 24.0%, imagenet_c_defocus_blur_s3: 29.2%, imagenet_c_fog_s3: 20.2%, imagenet_c_gaussian_noise_s3: 12.8%, imagenet_r: 7.9%, imagenet_sketch: 10.1%
2026-03-17 10:30:17,241 [INFO] Epoch 7/25 | Train Loss: 3.3038, Train Acc: 31.54% | Val Loss: 3.0681, Val Acc: 37.31% | LR: 0.000821 | Time: 417.6s
2026-03-17 10:30:17,533 [INFO] New best accuracy: 37.31%
2026-03-17 10:36:06,282 [INFO] Running OOD evaluation (epoch 8)...
2026-03-17 10:37:18,005 [INFO] OOD accuracies: imagenet_a: 2.7%, imagenet_c_contrast_s3: 28.2%, imagenet_c_defocus_blur_s3: 26.8%, imagenet_c_fog_s3: 16.5%, imagenet_c_gaussian_noise_s3: 18.4%, imagenet_r: 8.8%, imagenet_sketch: 12.5%
2026-03-17 10:37:18,055 [INFO] Epoch 8/25 | Train Loss: 3.1812, Train Acc: 34.52% | Val Loss: 2.9336, Val Acc: 40.94% | LR: 0.000770 | Time: 418.7s
2026-03-17 10:37:18,354 [INFO] New best accuracy: 40.94%
2026-03-17 10:43:07,529 [INFO] Running OOD evaluation (epoch 9)...
2026-03-17 10:44:21,818 [INFO] OOD accuracies: imagenet_a: 2.7%, imagenet_c_contrast_s3: 30.2%, imagenet_c_defocus_blur_s3: 28.8%, imagenet_c_fog_s3: 22.0%, imagenet_c_gaussian_noise_s3: 12.5%, imagenet_r: 9.2%, imagenet_sketch: 13.0%
2026-03-17 10:44:21,880 [INFO] Epoch 9/25 | Train Loss: 3.0763, Train Acc: 37.21% | Val Loss: 2.8225, Val Acc: 43.85% | LR: 0.000716 | Time: 421.7s
2026-03-17 10:44:22,172 [INFO] New best accuracy: 43.85%
2026-03-17 10:50:10,721 [INFO] Running OOD evaluation (epoch 10)...
2026-03-17 10:51:22,989 [INFO] OOD accuracies: imagenet_a: 2.6%, imagenet_c_contrast_s3: 30.6%, imagenet_c_defocus_blur_s3: 26.5%, imagenet_c_fog_s3: 18.9%, imagenet_c_gaussian_noise_s3: 17.8%, imagenet_r: 11.2%, imagenet_sketch: 13.0%
2026-03-17 10:51:23,014 [INFO] Epoch 10/25 | Train Loss: 2.9816, Train Acc: 39.74% | Val Loss: 2.7277, Val Acc: 46.10% | LR: 0.000658 | Time: 419.0s
2026-03-17 10:51:23,311 [INFO] New best accuracy: 46.10%
2026-03-17 10:57:06,047 [INFO] Epoch 11/25 | Train Loss: 2.9018, Train Acc: 41.74% | (validation skipped) | LR: 0.000598 | Time: 341.0s
2026-03-17 11:02:52,992 [INFO] Running OOD evaluation (epoch 12)...
2026-03-17 11:04:03,925 [INFO] OOD accuracies: imagenet_a: 2.4%, imagenet_c_contrast_s3: 35.1%, imagenet_c_defocus_blur_s3: 32.0%, imagenet_c_fog_s3: 22.1%, imagenet_c_gaussian_noise_s3: 15.1%, imagenet_r: 12.1%, imagenet_sketch: 14.9%
2026-03-17 11:04:03,950 [INFO] Epoch 12/25 | Train Loss: 2.8205, Train Acc: 43.80% | Val Loss: 2.5591, Val Acc: 50.47% | LR: 0.000536 | Time: 417.9s
2026-03-17 11:04:04,255 [INFO] New best accuracy: 50.47%
2026-03-17 11:09:46,775 [INFO] Epoch 13/25 | Train Loss: 2.7554, Train Acc: 45.70% | (validation skipped) | LR: 0.000474 | Time: 340.7s
2026-03-17 11:15:33,722 [INFO] Running OOD evaluation (epoch 14)...
2026-03-17 11:16:46,339 [INFO] OOD accuracies: imagenet_a: 3.1%, imagenet_c_contrast_s3: 38.0%, imagenet_c_defocus_blur_s3: 33.5%, imagenet_c_fog_s3: 24.3%, imagenet_c_gaussian_noise_s3: 18.4%, imagenet_r: 11.4%, imagenet_sketch: 15.3%
2026-03-17 11:16:46,381 [INFO] Epoch 14/25 | Train Loss: 2.6986, Train Acc: 47.27% | Val Loss: 2.5003, Val Acc: 52.35% | LR: 0.000412 | Time: 419.6s
2026-03-17 11:16:46,675 [INFO] New best accuracy: 52.35%
2026-03-17 11:22:29,479 [INFO] Epoch 15/25 | Train Loss: 2.6371, Train Acc: 48.96% | (validation skipped) | LR: 0.000352 | Time: 341.0s
2026-03-17 11:28:16,626 [INFO] Running OOD evaluation (epoch 16)...
2026-03-17 11:29:34,508 [INFO] OOD accuracies: imagenet_a: 3.2%, imagenet_c_contrast_s3: 42.9%, imagenet_c_defocus_blur_s3: 32.6%, imagenet_c_fog_s3: 26.0%, imagenet_c_gaussian_noise_s3: 19.4%, imagenet_r: 13.8%, imagenet_sketch: 17.4%
2026-03-17 11:29:34,532 [INFO] Epoch 16/25 | Train Loss: 2.5759, Train Acc: 50.70% | Val Loss: 2.3721, Val Acc: 56.09% | LR: 0.000294 | Time: 425.0s
2026-03-17 11:29:34,853 [INFO] New best accuracy: 56.09%
2026-03-17 11:35:18,046 [INFO] Epoch 17/25 | Train Loss: 2.5289, Train Acc: 51.78% | (validation skipped) | LR: 0.000240 | Time: 341.5s
2026-03-17 11:41:04,931 [INFO] Running OOD evaluation (epoch 18)...
2026-03-17 11:42:16,207 [INFO] OOD accuracies: imagenet_a: 3.3%, imagenet_c_contrast_s3: 42.2%, imagenet_c_defocus_blur_s3: 36.3%, imagenet_c_fog_s3: 28.8%, imagenet_c_gaussian_noise_s3: 16.1%, imagenet_r: 13.3%, imagenet_sketch: 17.4%
2026-03-17 11:42:16,244 [INFO] Epoch 18/25 | Train Loss: 2.4799, Train Acc: 53.26% | Val Loss: 2.3006, Val Acc: 58.00% | LR: 0.000189 | Time: 418.2s
2026-03-17 11:42:16,540 [INFO] New best accuracy: 58.00%
2026-03-17 11:47:59,493 [INFO] Epoch 19/25 | Train Loss: 2.4392, Train Acc: 54.37% | (validation skipped) | LR: 0.000144 | Time: 341.1s
2026-03-17 11:53:46,001 [INFO] Running OOD evaluation (epoch 20)...
2026-03-17 11:54:56,180 [INFO] OOD accuracies: imagenet_a: 3.4%, imagenet_c_contrast_s3: 44.3%, imagenet_c_defocus_blur_s3: 38.4%, imagenet_c_fog_s3: 28.2%, imagenet_c_gaussian_noise_s3: 20.6%, imagenet_r: 13.7%, imagenet_sketch: 17.0%
2026-03-17 11:54:56,272 [INFO] Epoch 20/25 | Train Loss: 2.4000, Train Acc: 55.62% | Val Loss: 2.2736, Val Acc: 58.41% | LR: 0.000105 | Time: 416.7s
2026-03-17 11:54:56,595 [INFO] New best accuracy: 58.41%
2026-03-17 12:00:45,535 [INFO] Running OOD evaluation (epoch 21)...
2026-03-17 12:01:55,833 [INFO] OOD accuracies: imagenet_a: 3.0%, imagenet_c_contrast_s3: 45.0%, imagenet_c_defocus_blur_s3: 36.3%, imagenet_c_fog_s3: 28.0%, imagenet_c_gaussian_noise_s3: 19.1%, imagenet_r: 13.9%, imagenet_sketch: 17.5%
2026-03-17 12:01:55,858 [INFO] Epoch 21/25 | Train Loss: 2.3655, Train Acc: 56.67% | Val Loss: 2.2362, Val Acc: 59.60% | LR: 0.000071 | Time: 417.4s
2026-03-17 12:01:56,160 [INFO] New best accuracy: 59.60%
2026-03-17 12:07:39,350 [INFO] Epoch 22/25 | Train Loss: 2.3411, Train Acc: 57.33% | (validation skipped) | LR: 0.000045 | Time: 341.4s
2026-03-17 12:13:20,101 [INFO] Epoch 23/25 | Train Loss: 2.3237, Train Acc: 57.76% | (validation skipped) | LR: 0.000026 | Time: 340.7s
2026-03-17 12:19:06,793 [INFO] Running OOD evaluation (epoch 24)...
2026-03-17 12:20:25,246 [INFO] OOD accuracies: imagenet_a: 3.1%, imagenet_c_contrast_s3: 45.7%, imagenet_c_defocus_blur_s3: 40.3%, imagenet_c_fog_s3: 29.8%, imagenet_c_gaussian_noise_s3: 19.4%, imagenet_r: 13.6%, imagenet_sketch: 16.8%
2026-03-17 12:20:25,302 [INFO] Epoch 24/25 | Train Loss: 2.3083, Train Acc: 58.35% | Val Loss: 2.1973, Val Acc: 61.06% | LR: 0.000014 | Time: 425.2s
2026-03-17 12:20:25,607 [INFO] New best accuracy: 61.06%
2026-03-17 12:26:14,913 [INFO] Running OOD evaluation (epoch 25)...
2026-03-17 12:27:29,263 [INFO] OOD accuracies: imagenet_a: 3.3%, imagenet_c_contrast_s3: 46.5%, imagenet_c_defocus_blur_s3: 39.3%, imagenet_c_fog_s3: 29.7%, imagenet_c_gaussian_noise_s3: 19.4%, imagenet_r: 14.1%, imagenet_sketch: 18.0%
2026-03-17 12:27:29,341 [INFO] Epoch 25/25 | Train Loss: 2.2975, Train Acc: 58.53% | Val Loss: 2.1893, Val Acc: 60.87% | LR: 0.000010 | Time: 421.9s
2026-03-17 12:27:29,930 [INFO] Training complete! Best accuracy: 61.06%
2026-03-17 12:27:29,930 [INFO] Outputs saved to: logs/resnet50_rmsnorm_imagenet_ecoset_ecovalid_seed45
wandb: uploading config.yaml
wandb: uploading history steps 24-24, summary, console lines 89-92
wandb: 
wandb: Run history:
wandb:                                epoch ▁▁▂▂▂▂▃▃▃▄▄▄▅▅▅▅▆▆▆▇▇▇▇██
wandb:                                   lr ████▇▇▇▆▆▆▅▅▄▄▃▃▃▂▂▂▁▁▁▁▁
wandb:                   ood/imagenet_a/acc ▁▃▃▄▄█▅▆▆▆▅▇▇██▇▇█
wandb:                  ood/imagenet_a/loss ▁▂▃▂█▅▅█▅▄▅▇▅▅▆▆▅▅
wandb:             ood/imagenet_a/n_classes ▁▁▁▁▁▁▁▁▁▁▁▁▁▁▁▁▁▁
wandb:             ood/imagenet_a/n_samples ▁▁▁▁▁▁▁▁▁▁▁▁▁▁▁▁▁▁
wandb:              ood/imagenet_c/mean_acc ▁▂▃▃▄▅▅▅▆▆▆▇▇▇████
wandb:       ood/imagenet_c_contrast_s3/acc ▁▁▂▃▄▄▄▅▅▅▆▇▇▇████
wandb:      ood/imagenet_c_contrast_s3/loss ██▆▆▅▄▄▃▃▃▂▂▁▂▁▁▁▁
wandb: ood/imagenet_c_contrast_s3/n_samples ▁▁▁▁▁▁▁▁▁▁▁▁▁▁▁▁▁▁
wandb:                                  +21 ...
wandb: 
wandb: Run summary:
wandb:                                epoch 25
wandb:                                   lr 1e-05
wandb:                   ood/imagenet_a/acc 3.29308
wandb:                  ood/imagenet_a/loss 5.42411
wandb:             ood/imagenet_a/n_classes 48
wandb:             ood/imagenet_a/n_samples 1822
wandb:              ood/imagenet_c/mean_acc 33.71324
wandb:       ood/imagenet_c_contrast_s3/acc 46.45588
wandb:      ood/imagenet_c_contrast_s3/loss 2.2194
wandb: ood/imagenet_c_contrast_s3/n_samples 6800
wandb:                                  +21 ...
wandb: 
wandb: 🚀 View run resnet50_rmsnorm_imagenet_ecoset_ecovalid_seed45 at: https://wandb.ai/mellebolding-university-of-amsterdam/norm-comparison/runs/ssga56o5
wandb: ⭐️ View project at: https://wandb.ai/mellebolding-university-of-amsterdam/norm-comparison
wandb: Synced 5 W&B file(s), 0 media file(s), 34 artifact file(s) and 0 other file(s)
wandb: Find logs at: logs/resnet50_rmsnorm_imagenet_ecoset_ecovalid_seed45/wandb/run-20260317_094044-ssga56o5/logs
