[rank0]:[W317 09:40:36.166131983 ProcessGroupNCCL.cpp:4115] [PG ID 0 PG GUID 0 Rank 0]  using GPU 0 to perform barrier as devices used by this process are currently unknown. This can potentially cause a hang if this rank to GPU mapping is incorrect.Specify device_ids in barrier() to force use of a particular device,or call init_process_group() with a device_id.
2026-03-17 09:40:36,317 [INFO] Distributed: DistributedManager(rank=0, local_rank=0, world_size=1, device=cuda:0, is_distributed=True)
2026-03-17 09:40:36,328 [INFO] Config: {'experiment_name': 'resnet50_groupnorm_imagenet_ecoset_ecovalid_seed45', 'model': {'name': 'resnet50_custom', 'num_classes': 136, 'norm_layer': 'groupnorm'}, 'data': {'dataset': 'imagenet_ecoset136', 'root': '/scratch-nvme/ml-datasets/imagenet/torchvision_ImageFolder', 'img_size': 224, 'backend': 'pytorch', 'num_workers': 16, 'pin_memory': True, 'persistent_workers': True, 'prefetch_factor': 2, 'gpu_transforms': True, 'random_rotation': True, 'random_rotation_degrees': 15, 'color_jitter': True, 'color_jitter_brightness': 0.2, 'color_jitter_contrast': 0.2, 'color_jitter_saturation': 0.2, 'color_jitter_hue': 0.05, 'gaussian_blur': True, 'random_grayscale': True, 'random_grayscale_p': 0.1}, 'training': {'epochs': 25, 'batch_size': 256, 'lr': 0.001, 'min_lr': 1e-05, 'weight_decay': 0.05, 'optimizer': 'adamw', 'scheduler': 'cosine', 'label_smoothing': 0.1, 'use_amp': True, 'channels_last': True, 'seed': 45, 'checkpoint_schedule': [[10, 1], [20, 2], [25, 3]], 'disable_progress_bar': True}, 'logging': {'log_dir': 'logs'}, 'ood_eval': {'enabled': True, 'source_dataset': 'imagenet_ecoset136', 'datasets_root': '/projects/prjs0771/melle/datasets', 'imagenet_c': {'during_training': True, 'corruptions_during_training': ['gaussian_noise', 'defocus_blur', 'fog', 'contrast'], 'severity_during_training': 3}, 'save_predictions': True}, 'wandb': {'enabled': True, 'project': 'norm-comparison', 'group': 'resnet50-imagenet-ecoset-ecovalid-norm-experiment', 'tags': ['ecovalid-aug', 'imagenet_ecoset136', 'snellius', 'norm-experiment', 'resnet50', 'groupnorm', 'a100']}, '_machine': {'log_dir': '/projects/prjs0771/melle/projects/visionCNN/logs'}}
2026-03-17 09:40:36,329 [INFO] Run directory: logs/resnet50_groupnorm_imagenet_ecoset_ecovalid_seed45
wandb: [wandb.login()] Loaded credentials for https://api.wandb.ai from /home/mbolding/.netrc.
wandb: Currently logged in as: mellebolding (mellebolding-university-of-amsterdam) to https://api.wandb.ai. Use `wandb login --relogin` to force relogin
wandb: setting up run n1vfe2zk
wandb: Tracking run with wandb version 0.25.0
wandb: Run data is saved locally in logs/resnet50_groupnorm_imagenet_ecoset_ecovalid_seed45/wandb/run-20260317_094036-n1vfe2zk
wandb: Run `wandb offline` to turn off syncing.
wandb: Syncing run resnet50_groupnorm_imagenet_ecoset_ecovalid_seed45
wandb: ⭐️ View project at https://wandb.ai/mellebolding-university-of-amsterdam/norm-comparison
wandb: 🚀 View run at https://wandb.ai/mellebolding-university-of-amsterdam/norm-comparison/runs/n1vfe2zk
2026-03-17 09:40:39,152 [INFO] Weights & Biases logging enabled
2026-03-17 09:40:39,158 [INFO] Set random seed: 45 (rank offset applied)
2026-03-17 09:40:39,158 [INFO] Using device: cuda:0
2026-03-17 09:40:39,159 [INFO] World size: 1
2026-03-17 09:40:39,496 [INFO] Model: resnet50_custom, Parameters: 23,786,696
2026-03-17 09:40:39,529 [INFO] Using channels-last (NHWC) memory format
2026-03-17 09:40:39,570 [INFO] Mixed precision training: True
2026-03-17 09:41:58,159 [INFO] Using GPU-accelerated transforms to reduce CPU bottleneck
2026-03-17 09:41:58,160 [INFO] Train samples: 176411, Val samples: 6800
2026-03-17 09:41:58,160 [INFO] Effective batch size: 256 (256 x 1 GPUs)
2026-03-17 09:42:25,045 [INFO] OOD evaluation enabled: 7 datasets loaded (imagenet_r, imagenet_sketch, imagenet_a, imagenet_c_gaussian_noise_s3, imagenet_c_defocus_blur_s3, imagenet_c_fog_s3, imagenet_c_contrast_s3)
2026-03-17 09:42:25,065 [INFO] Saving per-image predictions to logs/resnet50_groupnorm_imagenet_ecoset_ecovalid_seed45/predictions
2026-03-17 09:42:25,065 [INFO] Starting training for 25 epochs...
2026-03-17 09:47:07,433 [INFO] Running OOD evaluation (epoch 1)...
2026-03-17 09:48:26,391 [INFO] OOD accuracies: imagenet_a: 0.1%, imagenet_c_contrast_s3: 1.2%, imagenet_c_defocus_blur_s3: 1.4%, imagenet_c_fog_s3: 1.2%, imagenet_c_gaussian_noise_s3: 1.1%, imagenet_r: 0.5%, imagenet_sketch: 1.1%
2026-03-17 09:48:26,467 [INFO] Epoch 1/25 | Train Loss: 4.9357, Train Acc: 0.91% | Val Loss: 4.8935, Val Acc: 1.24% | LR: 0.000996 | Time: 361.4s
2026-03-17 09:48:26,832 [INFO] New best accuracy: 1.24%
2026-03-17 09:53:07,239 [INFO] Running OOD evaluation (epoch 2)...
2026-03-17 09:54:26,167 [INFO] OOD accuracies: imagenet_a: 0.6%, imagenet_c_contrast_s3: 3.8%, imagenet_c_defocus_blur_s3: 3.2%, imagenet_c_fog_s3: 3.5%, imagenet_c_gaussian_noise_s3: 2.8%, imagenet_r: 1.4%, imagenet_sketch: 1.7%
2026-03-17 09:54:26,257 [INFO] Epoch 2/25 | Train Loss: 4.6953, Train Acc: 2.86% | Val Loss: 4.5554, Val Acc: 4.46% | LR: 0.000984 | Time: 355.5s
2026-03-17 09:54:26,600 [INFO] New best accuracy: 4.46%
2026-03-17 09:59:05,029 [INFO] Running OOD evaluation (epoch 3)...
2026-03-17 10:00:26,863 [INFO] OOD accuracies: imagenet_a: 1.2%, imagenet_c_contrast_s3: 8.4%, imagenet_c_defocus_blur_s3: 7.6%, imagenet_c_fog_s3: 5.2%, imagenet_c_gaussian_noise_s3: 4.1%, imagenet_r: 1.9%, imagenet_sketch: 2.6%
2026-03-17 10:00:26,957 [INFO] Epoch 3/25 | Train Loss: 4.4163, Train Acc: 6.85% | Val Loss: 4.3375, Val Acc: 7.96% | LR: 0.000965 | Time: 358.3s
2026-03-17 10:00:27,284 [INFO] New best accuracy: 7.96%
2026-03-17 10:05:05,551 [INFO] Running OOD evaluation (epoch 4)...
2026-03-17 10:06:26,152 [INFO] OOD accuracies: imagenet_a: 1.9%, imagenet_c_contrast_s3: 11.6%, imagenet_c_defocus_blur_s3: 9.5%, imagenet_c_fog_s3: 9.4%, imagenet_c_gaussian_noise_s3: 7.0%, imagenet_r: 2.9%, imagenet_sketch: 3.1%
2026-03-17 10:06:26,249 [INFO] Epoch 4/25 | Train Loss: 4.1855, Train Acc: 10.93% | Val Loss: 4.0658, Val Acc: 12.38% | LR: 0.000939 | Time: 357.1s
2026-03-17 10:06:26,580 [INFO] New best accuracy: 12.38%
2026-03-17 10:11:05,637 [INFO] Running OOD evaluation (epoch 5)...
2026-03-17 10:12:24,650 [INFO] OOD accuracies: imagenet_a: 1.8%, imagenet_c_contrast_s3: 15.2%, imagenet_c_defocus_blur_s3: 13.4%, imagenet_c_fog_s3: 10.5%, imagenet_c_gaussian_noise_s3: 10.2%, imagenet_r: 3.8%, imagenet_sketch: 4.8%
2026-03-17 10:12:24,758 [INFO] Epoch 5/25 | Train Loss: 3.9787, Train Acc: 15.08% | Val Loss: 3.8420, Val Acc: 16.49% | LR: 0.000905 | Time: 356.0s
2026-03-17 10:12:25,083 [INFO] New best accuracy: 16.49%
2026-03-17 10:17:03,842 [INFO] Running OOD evaluation (epoch 6)...
2026-03-17 10:18:25,487 [INFO] OOD accuracies: imagenet_a: 3.1%, imagenet_c_contrast_s3: 18.2%, imagenet_c_defocus_blur_s3: 12.5%, imagenet_c_fog_s3: 13.9%, imagenet_c_gaussian_noise_s3: 10.6%, imagenet_r: 4.9%, imagenet_sketch: 6.5%
2026-03-17 10:18:25,566 [INFO] Epoch 6/25 | Train Loss: 3.7979, Train Acc: 19.01% | Val Loss: 3.5649, Val Acc: 23.16% | LR: 0.000866 | Time: 358.5s
2026-03-17 10:18:25,897 [INFO] New best accuracy: 23.16%
2026-03-17 10:23:04,409 [INFO] Running OOD evaluation (epoch 7)...
2026-03-17 10:24:23,070 [INFO] OOD accuracies: imagenet_a: 2.7%, imagenet_c_contrast_s3: 22.5%, imagenet_c_defocus_blur_s3: 17.9%, imagenet_c_fog_s3: 17.4%, imagenet_c_gaussian_noise_s3: 12.5%, imagenet_r: 6.0%, imagenet_sketch: 7.8%
2026-03-17 10:24:23,161 [INFO] Epoch 7/25 | Train Loss: 3.6471, Train Acc: 22.61% | Val Loss: 3.4031, Val Acc: 27.24% | LR: 0.000821 | Time: 355.3s
2026-03-17 10:24:23,475 [INFO] New best accuracy: 27.24%
2026-03-17 10:29:02,122 [INFO] Running OOD evaluation (epoch 8)...
2026-03-17 10:30:21,337 [INFO] OOD accuracies: imagenet_a: 1.9%, imagenet_c_contrast_s3: 24.2%, imagenet_c_defocus_blur_s3: 20.2%, imagenet_c_fog_s3: 16.0%, imagenet_c_gaussian_noise_s3: 14.7%, imagenet_r: 5.7%, imagenet_sketch: 9.1%
2026-03-17 10:30:21,425 [INFO] Epoch 8/25 | Train Loss: 3.5007, Train Acc: 26.06% | Val Loss: 3.3782, Val Acc: 28.51% | LR: 0.000770 | Time: 356.0s
2026-03-17 10:30:21,767 [INFO] New best accuracy: 28.51%
2026-03-17 10:35:00,255 [INFO] Running OOD evaluation (epoch 9)...
2026-03-17 10:36:28,659 [INFO] OOD accuracies: imagenet_a: 2.1%, imagenet_c_contrast_s3: 27.7%, imagenet_c_defocus_blur_s3: 21.3%, imagenet_c_fog_s3: 20.3%, imagenet_c_gaussian_noise_s3: 14.6%, imagenet_r: 6.0%, imagenet_sketch: 9.4%
2026-03-17 10:36:28,750 [INFO] Epoch 9/25 | Train Loss: 3.3711, Train Acc: 29.15% | Val Loss: 3.1362, Val Acc: 34.96% | LR: 0.000716 | Time: 364.9s
2026-03-17 10:36:29,065 [INFO] New best accuracy: 34.96%
2026-03-17 10:41:07,099 [INFO] Running OOD evaluation (epoch 10)...
2026-03-17 10:42:26,091 [INFO] OOD accuracies: imagenet_a: 2.6%, imagenet_c_contrast_s3: 31.4%, imagenet_c_defocus_blur_s3: 23.9%, imagenet_c_fog_s3: 20.8%, imagenet_c_gaussian_noise_s3: 14.3%, imagenet_r: 7.9%, imagenet_sketch: 10.5%
2026-03-17 10:42:26,217 [INFO] Epoch 10/25 | Train Loss: 3.2486, Train Acc: 32.40% | Val Loss: 3.0017, Val Acc: 38.75% | LR: 0.000658 | Time: 355.1s
2026-03-17 10:42:26,537 [INFO] New best accuracy: 38.75%
2026-03-17 10:46:57,221 [INFO] Epoch 11/25 | Train Loss: 3.1477, Train Acc: 35.00% | (validation skipped) | LR: 0.000598 | Time: 268.8s
2026-03-17 10:51:32,764 [INFO] Running OOD evaluation (epoch 12)...
2026-03-17 10:52:55,860 [INFO] OOD accuracies: imagenet_a: 2.6%, imagenet_c_contrast_s3: 37.8%, imagenet_c_defocus_blur_s3: 25.5%, imagenet_c_fog_s3: 25.9%, imagenet_c_gaussian_noise_s3: 15.1%, imagenet_r: 10.6%, imagenet_sketch: 14.7%
2026-03-17 10:52:55,941 [INFO] Epoch 12/25 | Train Loss: 3.0458, Train Acc: 37.61% | Val Loss: 2.7776, Val Acc: 44.32% | LR: 0.000536 | Time: 358.7s
2026-03-17 10:52:56,278 [INFO] New best accuracy: 44.32%
2026-03-17 10:57:27,156 [INFO] Epoch 13/25 | Train Loss: 2.9606, Train Acc: 39.84% | (validation skipped) | LR: 0.000474 | Time: 268.8s
2026-03-17 11:02:02,635 [INFO] Running OOD evaluation (epoch 14)...
2026-03-17 11:03:22,312 [INFO] OOD accuracies: imagenet_a: 2.6%, imagenet_c_contrast_s3: 41.8%, imagenet_c_defocus_blur_s3: 27.1%, imagenet_c_fog_s3: 26.1%, imagenet_c_gaussian_noise_s3: 17.3%, imagenet_r: 10.5%, imagenet_sketch: 15.3%
2026-03-17 11:03:22,422 [INFO] Epoch 14/25 | Train Loss: 2.8784, Train Acc: 42.08% | Val Loss: 2.6358, Val Acc: 48.62% | LR: 0.000412 | Time: 355.2s
2026-03-17 11:03:22,735 [INFO] New best accuracy: 48.62%
2026-03-17 11:07:53,652 [INFO] Epoch 15/25 | Train Loss: 2.8034, Train Acc: 44.29% | (validation skipped) | LR: 0.000352 | Time: 269.0s
2026-03-17 11:12:29,827 [INFO] Running OOD evaluation (epoch 16)...
2026-03-17 11:13:54,337 [INFO] OOD accuracies: imagenet_a: 1.7%, imagenet_c_contrast_s3: 46.0%, imagenet_c_defocus_blur_s3: 32.9%, imagenet_c_fog_s3: 31.4%, imagenet_c_gaussian_noise_s3: 19.0%, imagenet_r: 11.7%, imagenet_sketch: 17.2%
2026-03-17 11:13:54,395 [INFO] Epoch 16/25 | Train Loss: 2.7318, Train Acc: 46.01% | Val Loss: 2.4951, Val Acc: 52.75% | LR: 0.000294 | Time: 360.7s
2026-03-17 11:13:54,724 [INFO] New best accuracy: 52.75%
2026-03-17 11:18:25,965 [INFO] Epoch 17/25 | Train Loss: 2.6683, Train Acc: 47.81% | (validation skipped) | LR: 0.000240 | Time: 269.2s
2026-03-17 11:23:01,535 [INFO] Running OOD evaluation (epoch 18)...
2026-03-17 11:24:20,555 [INFO] OOD accuracies: imagenet_a: 3.1%, imagenet_c_contrast_s3: 46.2%, imagenet_c_defocus_blur_s3: 33.2%, imagenet_c_fog_s3: 32.4%, imagenet_c_gaussian_noise_s3: 15.4%, imagenet_r: 12.2%, imagenet_sketch: 17.7%
2026-03-17 11:24:20,652 [INFO] Epoch 18/25 | Train Loss: 2.6092, Train Acc: 49.35% | Val Loss: 2.4092, Val Acc: 54.93% | LR: 0.000189 | Time: 354.7s
2026-03-17 11:24:20,966 [INFO] New best accuracy: 54.93%
2026-03-17 11:28:51,878 [INFO] Epoch 19/25 | Train Loss: 2.5605, Train Acc: 50.63% | (validation skipped) | LR: 0.000144 | Time: 269.0s
2026-03-17 11:33:27,825 [INFO] Running OOD evaluation (epoch 20)...
2026-03-17 11:34:47,367 [INFO] OOD accuracies: imagenet_a: 2.7%, imagenet_c_contrast_s3: 48.0%, imagenet_c_defocus_blur_s3: 35.5%, imagenet_c_fog_s3: 34.0%, imagenet_c_gaussian_noise_s3: 21.2%, imagenet_r: 11.4%, imagenet_sketch: 17.7%
2026-03-17 11:34:47,493 [INFO] Epoch 20/25 | Train Loss: 2.5139, Train Acc: 52.07% | Val Loss: 2.3627, Val Acc: 56.65% | LR: 0.000105 | Time: 355.6s
2026-03-17 11:34:47,804 [INFO] New best accuracy: 56.65%
2026-03-17 11:39:25,762 [INFO] Running OOD evaluation (epoch 21)...
2026-03-17 11:40:48,589 [INFO] OOD accuracies: imagenet_a: 3.0%, imagenet_c_contrast_s3: 50.3%, imagenet_c_defocus_blur_s3: 33.8%, imagenet_c_fog_s3: 35.5%, imagenet_c_gaussian_noise_s3: 20.0%, imagenet_r: 12.8%, imagenet_sketch: 20.0%
2026-03-17 11:40:48,684 [INFO] Epoch 21/25 | Train Loss: 2.4706, Train Acc: 53.29% | Val Loss: 2.2869, Val Acc: 58.13% | LR: 0.000071 | Time: 359.0s
2026-03-17 11:40:48,997 [INFO] New best accuracy: 58.13%
2026-03-17 11:45:20,072 [INFO] Epoch 22/25 | Train Loss: 2.4407, Train Acc: 54.14% | (validation skipped) | LR: 0.000045 | Time: 269.2s
2026-03-17 11:49:48,908 [INFO] Epoch 23/25 | Train Loss: 2.4168, Train Acc: 54.85% | (validation skipped) | LR: 0.000026 | Time: 268.8s
2026-03-17 11:54:24,656 [INFO] Running OOD evaluation (epoch 24)...
2026-03-17 11:55:44,454 [INFO] OOD accuracies: imagenet_a: 2.9%, imagenet_c_contrast_s3: 50.1%, imagenet_c_defocus_blur_s3: 38.0%, imagenet_c_fog_s3: 36.5%, imagenet_c_gaussian_noise_s3: 18.1%, imagenet_r: 12.7%, imagenet_sketch: 19.5%
2026-03-17 11:55:44,559 [INFO] Epoch 24/25 | Train Loss: 2.4027, Train Acc: 55.31% | Val Loss: 2.2575, Val Acc: 59.19% | LR: 0.000014 | Time: 355.6s
2026-03-17 11:55:44,873 [INFO] New best accuracy: 59.19%
2026-03-17 12:00:22,784 [INFO] Running OOD evaluation (epoch 25)...
2026-03-17 12:01:47,564 [INFO] OOD accuracies: imagenet_a: 3.2%, imagenet_c_contrast_s3: 51.1%, imagenet_c_defocus_blur_s3: 36.9%, imagenet_c_fog_s3: 36.5%, imagenet_c_gaussian_noise_s3: 19.3%, imagenet_r: 13.4%, imagenet_sketch: 20.8%
2026-03-17 12:01:47,650 [INFO] Epoch 25/25 | Train Loss: 2.3888, Train Acc: 55.66% | Val Loss: 2.2423, Val Acc: 59.31% | LR: 0.000010 | Time: 360.8s
2026-03-17 12:01:48,023 [INFO] New best accuracy: 59.31%
2026-03-17 12:01:49,874 [INFO] Training complete! Best accuracy: 59.31%
2026-03-17 12:01:49,875 [INFO] Outputs saved to: logs/resnet50_groupnorm_imagenet_ecoset_ecovalid_seed45
wandb: uploading artifact resnet50_groupnorm_imagenet_ecoset_ecovalid_seed45-best; updating run metadata
wandb: uploading artifact resnet50_groupnorm_imagenet_ecoset_ecovalid_seed45-best
wandb: uploading artifact resnet50_groupnorm_imagenet_ecoset_ecovalid_seed45-best; uploading history steps 24-24, summary, console lines 89-93
wandb: uploading artifact resnet50_groupnorm_imagenet_ecoset_ecovalid_seed45-best
wandb: uploading data
wandb: 
wandb: Run history:
wandb:                                epoch ▁▁▂▂▂▂▃▃▃▄▄▄▅▅▅▅▆▆▆▇▇▇▇██
wandb:                                   lr ████▇▇▇▆▆▆▅▅▄▄▃▃▃▂▂▂▁▁▁▁▁
wandb:                   ood/imagenet_a/acc ▁▂▃▅▅█▇▅▆▇▇▇▅█▇█▇█
wandb:                  ood/imagenet_a/loss ▁▄▄▄▃▂▅█▆▄▄▅▅▄▅▅▅▄
wandb:             ood/imagenet_a/n_classes ▁▁▁▁▁▁▁▁▁▁▁▁▁▁▁▁▁▁
wandb:             ood/imagenet_a/n_samples ▁▁▁▁▁▁▁▁▁▁▁▁▁▁▁▁▁▁
wandb:              ood/imagenet_c/mean_acc ▁▁▂▃▃▄▄▅▅▅▆▆▇▇████
wandb:       ood/imagenet_c_contrast_s3/acc ▁▁▂▂▃▃▄▄▅▅▆▇▇▇████
wandb:      ood/imagenet_c_contrast_s3/loss █▇▆▆▅▅▄▄▄▃▂▂▂▁▁▁▁▁
wandb: ood/imagenet_c_contrast_s3/n_samples ▁▁▁▁▁▁▁▁▁▁▁▁▁▁▁▁▁▁
wandb:                                  +21 ...
wandb: 
wandb: Run summary:
wandb:                                epoch 25
wandb:                                   lr 1e-05
wandb:                   ood/imagenet_a/acc 3.18332
wandb:                  ood/imagenet_a/loss 5.37718
wandb:             ood/imagenet_a/n_classes 48
wandb:             ood/imagenet_a/n_samples 1822
wandb:              ood/imagenet_c/mean_acc 35.92647
wandb:       ood/imagenet_c_contrast_s3/acc 51.08824
wandb:      ood/imagenet_c_contrast_s3/loss 2.00454
wandb: ood/imagenet_c_contrast_s3/n_samples 6800
wandb:                                  +21 ...
wandb: 
wandb: 🚀 View run resnet50_groupnorm_imagenet_ecoset_ecovalid_seed45 at: https://wandb.ai/mellebolding-university-of-amsterdam/norm-comparison/runs/n1vfe2zk
wandb: ⭐️ View project at: https://wandb.ai/mellebolding-university-of-amsterdam/norm-comparison
wandb: Synced 5 W&B file(s), 0 media file(s), 36 artifact file(s) and 0 other file(s)
wandb: Find logs at: logs/resnet50_groupnorm_imagenet_ecoset_ecovalid_seed45/wandb/run-20260317_094036-n1vfe2zk/logs
