[rank0]:[W317 09:40:51.977748997 ProcessGroupNCCL.cpp:4115] [PG ID 0 PG GUID 0 Rank 0]  using GPU 0 to perform barrier as devices used by this process are currently unknown. This can potentially cause a hang if this rank to GPU mapping is incorrect.Specify device_ids in barrier() to force use of a particular device,or call init_process_group() with a device_id.
2026-03-17 09:40:51,350 [INFO] Distributed: DistributedManager(rank=0, local_rank=0, world_size=1, device=cuda:0, is_distributed=True)
2026-03-17 09:40:51,389 [INFO] Config: {'experiment_name': 'resnet50_rmsnorm_imagenet_ecoset_ecovalid_seed43', 'model': {'name': 'resnet50_custom', 'num_classes': 136, 'norm_layer': 'rmsnorm'}, 'data': {'dataset': 'imagenet_ecoset136', 'root': '/scratch-nvme/ml-datasets/imagenet/torchvision_ImageFolder', 'img_size': 224, 'backend': 'pytorch', 'num_workers': 16, 'pin_memory': True, 'persistent_workers': True, 'prefetch_factor': 2, 'gpu_transforms': True, 'random_rotation': True, 'random_rotation_degrees': 15, 'color_jitter': True, 'color_jitter_brightness': 0.2, 'color_jitter_contrast': 0.2, 'color_jitter_saturation': 0.2, 'color_jitter_hue': 0.05, 'gaussian_blur': True, 'random_grayscale': True, 'random_grayscale_p': 0.1}, 'training': {'epochs': 25, 'batch_size': 256, 'lr': 0.001, 'min_lr': 1e-05, 'weight_decay': 0.05, 'optimizer': 'adamw', 'scheduler': 'cosine', 'label_smoothing': 0.1, 'use_amp': True, 'channels_last': True, 'seed': 43, 'checkpoint_schedule': [[10, 1], [20, 2], [25, 3]], 'disable_progress_bar': True}, 'logging': {'log_dir': 'logs'}, 'ood_eval': {'enabled': True, 'source_dataset': 'imagenet_ecoset136', 'datasets_root': '/projects/prjs0771/melle/datasets', 'imagenet_c': {'during_training': True, 'corruptions_during_training': ['gaussian_noise', 'defocus_blur', 'fog', 'contrast'], 'severity_during_training': 3}, 'save_predictions': True}, 'wandb': {'enabled': True, 'project': 'norm-comparison', 'group': 'resnet50-imagenet-ecoset-ecovalid-norm-experiment', 'tags': ['imagenet_ecoset136', 'resnet50', 'rmsnorm', 'norm-experiment', 'snellius', 'ecovalid-aug', 'a100']}, '_machine': {'log_dir': '/projects/prjs0771/melle/projects/visionCNN/logs'}}
2026-03-17 09:40:51,390 [INFO] Run directory: logs/resnet50_rmsnorm_imagenet_ecoset_ecovalid_seed43
wandb: [wandb.login()] Loaded credentials for https://api.wandb.ai from /home/mbolding/.netrc.
wandb: Currently logged in as: mellebolding (mellebolding-university-of-amsterdam) to https://api.wandb.ai. Use `wandb login --relogin` to force relogin
wandb: setting up run k5ym7t3u
wandb: Tracking run with wandb version 0.25.0
wandb: Run data is saved locally in logs/resnet50_rmsnorm_imagenet_ecoset_ecovalid_seed43/wandb/run-20260317_094051-k5ym7t3u
wandb: Run `wandb offline` to turn off syncing.
wandb: Syncing run resnet50_rmsnorm_imagenet_ecoset_ecovalid_seed43
wandb: ⭐️ View project at https://wandb.ai/mellebolding-university-of-amsterdam/norm-comparison
wandb: 🚀 View run at https://wandb.ai/mellebolding-university-of-amsterdam/norm-comparison/runs/k5ym7t3u
2026-03-17 09:40:53,817 [INFO] Weights & Biases logging enabled
2026-03-17 09:40:53,827 [INFO] Set random seed: 43 (rank offset applied)
2026-03-17 09:40:53,828 [INFO] Using device: cuda:0
2026-03-17 09:40:53,828 [INFO] World size: 1
2026-03-17 09:40:54,166 [INFO] Model: resnet50_custom, Parameters: 23,760,136
2026-03-17 09:40:54,196 [INFO] Using channels-last (NHWC) memory format
2026-03-17 09:40:54,242 [INFO] Mixed precision training: True
2026-03-17 09:42:16,314 [INFO] Using GPU-accelerated transforms to reduce CPU bottleneck
2026-03-17 09:42:16,334 [INFO] Train samples: 176411, Val samples: 6800
2026-03-17 09:42:16,334 [INFO] Effective batch size: 256 (256 x 1 GPUs)
2026-03-17 09:43:00,105 [INFO] OOD evaluation enabled: 7 datasets loaded (imagenet_r, imagenet_sketch, imagenet_a, imagenet_c_gaussian_noise_s3, imagenet_c_defocus_blur_s3, imagenet_c_fog_s3, imagenet_c_contrast_s3)
2026-03-17 09:43:00,128 [INFO] Saving per-image predictions to logs/resnet50_rmsnorm_imagenet_ecoset_ecovalid_seed43/predictions
2026-03-17 09:43:00,128 [INFO] Starting training for 25 epochs...
2026-03-17 09:48:55,837 [INFO] Running OOD evaluation (epoch 1)...
2026-03-17 09:50:16,117 [INFO] OOD accuracies: imagenet_a: 1.9%, imagenet_c_contrast_s3: 3.0%, imagenet_c_defocus_blur_s3: 4.7%, imagenet_c_fog_s3: 3.0%, imagenet_c_gaussian_noise_s3: 4.4%, imagenet_r: 2.1%, imagenet_sketch: 1.2%
2026-03-17 09:50:16,186 [INFO] Epoch 1/25 | Train Loss: 4.8015, Train Acc: 2.04% | Val Loss: 4.5460, Val Acc: 5.26% | LR: 0.000996 | Time: 436.0s
2026-03-17 09:50:16,505 [INFO] New best accuracy: 5.26%
2026-03-17 09:56:08,810 [INFO] Running OOD evaluation (epoch 2)...
2026-03-17 09:57:37,736 [INFO] OOD accuracies: imagenet_a: 1.9%, imagenet_c_contrast_s3: 9.5%, imagenet_c_defocus_blur_s3: 11.9%, imagenet_c_fog_s3: 7.2%, imagenet_c_gaussian_noise_s3: 11.5%, imagenet_r: 5.0%, imagenet_sketch: 3.9%
2026-03-17 09:57:37,824 [INFO] Epoch 2/25 | Train Loss: 4.3511, Train Acc: 8.74% | Val Loss: 3.9519, Val Acc: 15.85% | LR: 0.000984 | Time: 437.3s
2026-03-17 09:57:38,149 [INFO] New best accuracy: 15.85%
2026-03-17 10:03:27,929 [INFO] Running OOD evaluation (epoch 3)...
2026-03-17 10:04:43,609 [INFO] OOD accuracies: imagenet_a: 2.0%, imagenet_c_contrast_s3: 14.0%, imagenet_c_defocus_blur_s3: 15.1%, imagenet_c_fog_s3: 8.1%, imagenet_c_gaussian_noise_s3: 14.4%, imagenet_r: 5.9%, imagenet_sketch: 5.9%
2026-03-17 10:04:43,685 [INFO] Epoch 3/25 | Train Loss: 3.9395, Train Acc: 17.03% | Val Loss: 3.5847, Val Acc: 24.21% | LR: 0.000965 | Time: 423.7s
2026-03-17 10:04:44,025 [INFO] New best accuracy: 24.21%
2026-03-17 10:10:33,935 [INFO] Running OOD evaluation (epoch 4)...
2026-03-17 10:11:52,905 [INFO] OOD accuracies: imagenet_a: 2.3%, imagenet_c_contrast_s3: 17.6%, imagenet_c_defocus_blur_s3: 20.3%, imagenet_c_fog_s3: 15.6%, imagenet_c_gaussian_noise_s3: 12.1%, imagenet_r: 7.8%, imagenet_sketch: 7.5%
2026-03-17 10:11:52,995 [INFO] Epoch 4/25 | Train Loss: 3.6636, Train Acc: 23.02% | Val Loss: 3.3402, Val Acc: 30.26% | LR: 0.000939 | Time: 426.9s
2026-03-17 10:11:53,294 [INFO] New best accuracy: 30.26%
2026-03-17 10:17:43,252 [INFO] Running OOD evaluation (epoch 5)...
2026-03-17 10:19:03,069 [INFO] OOD accuracies: imagenet_a: 2.4%, imagenet_c_contrast_s3: 24.1%, imagenet_c_defocus_blur_s3: 24.2%, imagenet_c_fog_s3: 16.8%, imagenet_c_gaussian_noise_s3: 14.3%, imagenet_r: 7.2%, imagenet_sketch: 9.1%
2026-03-17 10:19:03,185 [INFO] Epoch 5/25 | Train Loss: 3.4650, Train Acc: 27.73% | Val Loss: 3.1429, Val Acc: 35.26% | LR: 0.000905 | Time: 427.9s
2026-03-17 10:19:03,496 [INFO] New best accuracy: 35.26%
2026-03-17 10:24:53,887 [INFO] Running OOD evaluation (epoch 6)...
2026-03-17 10:26:13,163 [INFO] OOD accuracies: imagenet_a: 2.9%, imagenet_c_contrast_s3: 23.6%, imagenet_c_defocus_blur_s3: 23.6%, imagenet_c_fog_s3: 15.0%, imagenet_c_gaussian_noise_s3: 12.7%, imagenet_r: 9.2%, imagenet_sketch: 11.0%
2026-03-17 10:26:13,251 [INFO] Epoch 6/25 | Train Loss: 3.3022, Train Acc: 31.69% | Val Loss: 3.0186, Val Acc: 37.94% | LR: 0.000866 | Time: 427.9s
2026-03-17 10:26:13,554 [INFO] New best accuracy: 37.94%
2026-03-17 10:32:04,126 [INFO] Running OOD evaluation (epoch 7)...
2026-03-17 10:33:22,692 [INFO] OOD accuracies: imagenet_a: 2.4%, imagenet_c_contrast_s3: 27.6%, imagenet_c_defocus_blur_s3: 29.1%, imagenet_c_fog_s3: 19.8%, imagenet_c_gaussian_noise_s3: 14.5%, imagenet_r: 9.5%, imagenet_sketch: 11.4%
2026-03-17 10:33:22,758 [INFO] Epoch 7/25 | Train Loss: 3.1667, Train Acc: 34.87% | Val Loss: 2.9141, Val Acc: 40.87% | LR: 0.000821 | Time: 427.3s
2026-03-17 10:33:23,064 [INFO] New best accuracy: 40.87%
2026-03-17 10:39:12,941 [INFO] Running OOD evaluation (epoch 8)...
2026-03-17 10:40:31,722 [INFO] OOD accuracies: imagenet_a: 3.2%, imagenet_c_contrast_s3: 29.8%, imagenet_c_defocus_blur_s3: 26.0%, imagenet_c_fog_s3: 24.5%, imagenet_c_gaussian_noise_s3: 13.4%, imagenet_r: 10.9%, imagenet_sketch: 14.2%
2026-03-17 10:40:31,790 [INFO] Epoch 8/25 | Train Loss: 3.0488, Train Acc: 38.00% | Val Loss: 2.7400, Val Acc: 45.72% | LR: 0.000770 | Time: 426.9s
2026-03-17 10:40:32,091 [INFO] New best accuracy: 45.72%
2026-03-17 10:46:22,092 [INFO] Running OOD evaluation (epoch 9)...
2026-03-17 10:47:41,111 [INFO] OOD accuracies: imagenet_a: 2.7%, imagenet_c_contrast_s3: 32.2%, imagenet_c_defocus_blur_s3: 32.8%, imagenet_c_fog_s3: 26.4%, imagenet_c_gaussian_noise_s3: 13.2%, imagenet_r: 11.6%, imagenet_sketch: 14.5%
2026-03-17 10:47:41,214 [INFO] Epoch 9/25 | Train Loss: 2.9521, Train Acc: 40.51% | Val Loss: 2.7183, Val Acc: 46.28% | LR: 0.000716 | Time: 427.3s
2026-03-17 10:47:41,519 [INFO] New best accuracy: 46.28%
2026-03-17 10:53:31,673 [INFO] Running OOD evaluation (epoch 10)...
2026-03-17 10:54:55,568 [INFO] OOD accuracies: imagenet_a: 3.0%, imagenet_c_contrast_s3: 35.0%, imagenet_c_defocus_blur_s3: 29.6%, imagenet_c_fog_s3: 21.5%, imagenet_c_gaussian_noise_s3: 17.3%, imagenet_r: 11.7%, imagenet_sketch: 15.6%
2026-03-17 10:54:55,678 [INFO] Epoch 10/25 | Train Loss: 2.8611, Train Acc: 42.78% | Val Loss: 2.6096, Val Acc: 49.87% | LR: 0.000658 | Time: 432.4s
2026-03-17 10:54:55,984 [INFO] New best accuracy: 49.87%
2026-03-17 11:00:39,588 [INFO] Epoch 11/25 | Train Loss: 2.7823, Train Acc: 44.84% | (validation skipped) | LR: 0.000598 | Time: 341.8s
2026-03-17 11:06:27,944 [INFO] Running OOD evaluation (epoch 12)...
2026-03-17 11:07:44,987 [INFO] OOD accuracies: imagenet_a: 3.3%, imagenet_c_contrast_s3: 39.4%, imagenet_c_defocus_blur_s3: 35.1%, imagenet_c_fog_s3: 31.5%, imagenet_c_gaussian_noise_s3: 17.1%, imagenet_r: 12.8%, imagenet_sketch: 14.7%
2026-03-17 11:07:45,104 [INFO] Epoch 12/25 | Train Loss: 2.7092, Train Acc: 46.99% | Val Loss: 2.4717, Val Acc: 53.43% | LR: 0.000536 | Time: 425.5s
2026-03-17 11:07:45,440 [INFO] New best accuracy: 53.43%
2026-03-17 11:13:28,635 [INFO] Epoch 13/25 | Train Loss: 2.6361, Train Acc: 48.84% | (validation skipped) | LR: 0.000474 | Time: 341.4s
2026-03-17 11:19:16,432 [INFO] Running OOD evaluation (epoch 14)...
2026-03-17 11:20:35,929 [INFO] OOD accuracies: imagenet_a: 3.0%, imagenet_c_contrast_s3: 40.8%, imagenet_c_defocus_blur_s3: 35.8%, imagenet_c_fog_s3: 29.5%, imagenet_c_gaussian_noise_s3: 16.6%, imagenet_r: 12.7%, imagenet_sketch: 16.6%
2026-03-17 11:20:36,178 [INFO] Epoch 14/25 | Train Loss: 2.5804, Train Acc: 50.54% | Val Loss: 2.3895, Val Acc: 54.97% | LR: 0.000412 | Time: 427.5s
2026-03-17 11:20:36,489 [INFO] New best accuracy: 54.97%
2026-03-17 11:26:19,818 [INFO] Epoch 15/25 | Train Loss: 2.5234, Train Acc: 51.91% | (validation skipped) | LR: 0.000352 | Time: 341.5s
2026-03-17 11:32:08,289 [INFO] Running OOD evaluation (epoch 16)...
2026-03-17 11:33:34,104 [INFO] OOD accuracies: imagenet_a: 3.5%, imagenet_c_contrast_s3: 43.0%, imagenet_c_defocus_blur_s3: 35.3%, imagenet_c_fog_s3: 29.7%, imagenet_c_gaussian_noise_s3: 17.5%, imagenet_r: 13.6%, imagenet_sketch: 17.4%
2026-03-17 11:33:34,189 [INFO] Epoch 16/25 | Train Loss: 2.4670, Train Acc: 53.59% | Val Loss: 2.2755, Val Acc: 58.90% | LR: 0.000294 | Time: 434.3s
2026-03-17 11:33:34,513 [INFO] New best accuracy: 58.90%
2026-03-17 11:39:18,173 [INFO] Epoch 17/25 | Train Loss: 2.4205, Train Acc: 54.95% | (validation skipped) | LR: 0.000240 | Time: 341.8s
2026-03-17 11:45:07,008 [INFO] Running OOD evaluation (epoch 18)...
2026-03-17 11:46:35,534 [INFO] OOD accuracies: imagenet_a: 3.3%, imagenet_c_contrast_s3: 45.0%, imagenet_c_defocus_blur_s3: 38.8%, imagenet_c_fog_s3: 34.0%, imagenet_c_gaussian_noise_s3: 19.0%, imagenet_r: 13.6%, imagenet_sketch: 18.6%
2026-03-17 11:46:35,585 [INFO] Epoch 18/25 | Train Loss: 2.3693, Train Acc: 56.50% | Val Loss: 2.2237, Val Acc: 60.28% | LR: 0.000189 | Time: 437.4s
2026-03-17 11:46:35,895 [INFO] New best accuracy: 60.28%
2026-03-17 11:52:19,112 [INFO] Epoch 19/25 | Train Loss: 2.3277, Train Acc: 57.58% | (validation skipped) | LR: 0.000144 | Time: 341.3s
2026-03-17 11:58:06,956 [INFO] Running OOD evaluation (epoch 20)...
2026-03-17 11:59:32,279 [INFO] OOD accuracies: imagenet_a: 3.7%, imagenet_c_contrast_s3: 45.6%, imagenet_c_defocus_blur_s3: 38.5%, imagenet_c_fog_s3: 33.2%, imagenet_c_gaussian_noise_s3: 20.0%, imagenet_r: 14.7%, imagenet_sketch: 18.6%
2026-03-17 11:59:32,375 [INFO] Epoch 20/25 | Train Loss: 2.2930, Train Acc: 58.60% | Val Loss: 2.1620, Val Acc: 62.24% | LR: 0.000105 | Time: 433.3s
2026-03-17 11:59:32,680 [INFO] New best accuracy: 62.24%
2026-03-17 12:05:22,828 [INFO] Running OOD evaluation (epoch 21)...
2026-03-17 12:06:51,367 [INFO] OOD accuracies: imagenet_a: 3.5%, imagenet_c_contrast_s3: 48.4%, imagenet_c_defocus_blur_s3: 36.6%, imagenet_c_fog_s3: 33.0%, imagenet_c_gaussian_noise_s3: 22.3%, imagenet_r: 15.3%, imagenet_sketch: 18.8%
2026-03-17 12:06:51,461 [INFO] Epoch 21/25 | Train Loss: 2.2607, Train Acc: 59.50% | Val Loss: 2.1539, Val Acc: 62.54% | LR: 0.000071 | Time: 436.9s
2026-03-17 12:06:51,762 [INFO] New best accuracy: 62.54%
2026-03-17 12:12:34,628 [INFO] Epoch 22/25 | Train Loss: 2.2347, Train Acc: 60.29% | (validation skipped) | LR: 0.000045 | Time: 341.0s
2026-03-17 12:18:15,675 [INFO] Epoch 23/25 | Train Loss: 2.2137, Train Acc: 61.02% | (validation skipped) | LR: 0.000026 | Time: 341.0s
2026-03-17 12:24:04,651 [INFO] Running OOD evaluation (epoch 24)...
2026-03-17 12:25:35,562 [INFO] OOD accuracies: imagenet_a: 3.6%, imagenet_c_contrast_s3: 47.9%, imagenet_c_defocus_blur_s3: 39.9%, imagenet_c_fog_s3: 34.9%, imagenet_c_gaussian_noise_s3: 21.5%, imagenet_r: 14.8%, imagenet_sketch: 18.9%
2026-03-17 12:25:35,656 [INFO] Epoch 24/25 | Train Loss: 2.1972, Train Acc: 61.43% | Val Loss: 2.1181, Val Acc: 63.79% | LR: 0.000014 | Time: 439.9s
2026-03-17 12:25:35,961 [INFO] New best accuracy: 63.79%
2026-03-17 12:31:25,818 [INFO] Running OOD evaluation (epoch 25)...
2026-03-17 12:32:51,102 [INFO] OOD accuracies: imagenet_a: 3.8%, imagenet_c_contrast_s3: 47.1%, imagenet_c_defocus_blur_s3: 41.2%, imagenet_c_fog_s3: 36.0%, imagenet_c_gaussian_noise_s3: 21.7%, imagenet_r: 14.7%, imagenet_sketch: 18.7%
2026-03-17 12:32:51,186 [INFO] Epoch 25/25 | Train Loss: 2.1868, Train Acc: 61.89% | Val Loss: 2.1144, Val Acc: 63.85% | LR: 0.000010 | Time: 433.3s
2026-03-17 12:32:51,508 [INFO] New best accuracy: 63.85%
2026-03-17 12:32:53,376 [INFO] Training complete! Best accuracy: 63.85%
2026-03-17 12:32:53,376 [INFO] Outputs saved to: logs/resnet50_rmsnorm_imagenet_ecoset_ecovalid_seed43
wandb: uploading artifact resnet50_rmsnorm_imagenet_ecoset_ecovalid_seed43-best
wandb: uploading data
wandb: 
wandb: Run history:
wandb:                                epoch ▁▁▂▂▂▂▃▃▃▄▄▄▅▅▅▅▆▆▆▇▇▇▇██
wandb:                                   lr ████▇▇▇▆▆▆▅▅▄▄▃▃▃▂▂▂▁▁▁▁▁
wandb:                   ood/imagenet_a/acc ▁▁▂▃▃▄▃▆▄▅▆▅▇▆█▇▇█
wandb:                  ood/imagenet_a/loss ▁▅▆▃█▅▇▅▆▆▆▆▆█▇▇▇▇
wandb:             ood/imagenet_a/n_classes ▁▁▁▁▁▁▁▁▁▁▁▁▁▁▁▁▁▁
wandb:             ood/imagenet_a/n_samples ▁▁▁▁▁▁▁▁▁▁▁▁▁▁▁▁▁▁
wandb:              ood/imagenet_c/mean_acc ▁▂▃▄▄▄▅▅▆▆▇▇▇█████
wandb:       ood/imagenet_c_contrast_s3/acc ▁▂▃▃▄▄▅▅▆▆▇▇▇▇████
wandb:      ood/imagenet_c_contrast_s3/loss █▆▅▅▄▄▄▃▃▃▂▂▂▁▁▁▁▁
wandb: ood/imagenet_c_contrast_s3/n_samples ▁▁▁▁▁▁▁▁▁▁▁▁▁▁▁▁▁▁
wandb:                                  +21 ...
wandb: 
wandb: Run summary:
wandb:                                epoch 25
wandb:                                   lr 1e-05
wandb:                   ood/imagenet_a/acc 3.84193
wandb:                  ood/imagenet_a/loss 5.43708
wandb:             ood/imagenet_a/n_classes 48
wandb:             ood/imagenet_a/n_samples 1822
wandb:              ood/imagenet_c/mean_acc 36.51103
wandb:       ood/imagenet_c_contrast_s3/acc 47.07353
wandb:      ood/imagenet_c_contrast_s3/loss 2.22432
wandb: ood/imagenet_c_contrast_s3/n_samples 6800
wandb:                                  +21 ...
wandb: 
wandb: 🚀 View run resnet50_rmsnorm_imagenet_ecoset_ecovalid_seed43 at: https://wandb.ai/mellebolding-university-of-amsterdam/norm-comparison/runs/k5ym7t3u
wandb: ⭐️ View project at: https://wandb.ai/mellebolding-university-of-amsterdam/norm-comparison
wandb: Synced 5 W&B file(s), 0 media file(s), 36 artifact file(s) and 0 other file(s)
wandb: Find logs at: logs/resnet50_rmsnorm_imagenet_ecoset_ecovalid_seed43/wandb/run-20260317_094051-k5ym7t3u/logs
