[rank0]:[W317 09:40:20.675275315 ProcessGroupNCCL.cpp:4115] [PG ID 0 PG GUID 0 Rank 0]  using GPU 0 to perform barrier as devices used by this process are currently unknown. This can potentially cause a hang if this rank to GPU mapping is incorrect.Specify device_ids in barrier() to force use of a particular device,or call init_process_group() with a device_id.
2026-03-17 09:40:20,563 [INFO] Distributed: DistributedManager(rank=0, local_rank=0, world_size=1, device=cuda:0, is_distributed=True)
2026-03-17 09:40:20,580 [INFO] Config: {'experiment_name': 'resnet50_groupnorm_imagenet_ecoset_ecovalid_seed42', 'model': {'name': 'resnet50_custom', 'num_classes': 136, 'norm_layer': 'groupnorm'}, 'data': {'dataset': 'imagenet_ecoset136', 'root': '/scratch-nvme/ml-datasets/imagenet/torchvision_ImageFolder', 'img_size': 224, 'backend': 'pytorch', 'num_workers': 16, 'pin_memory': True, 'persistent_workers': True, 'prefetch_factor': 2, 'gpu_transforms': True, 'random_rotation': True, 'random_rotation_degrees': 15, 'color_jitter': True, 'color_jitter_brightness': 0.2, 'color_jitter_contrast': 0.2, 'color_jitter_saturation': 0.2, 'color_jitter_hue': 0.05, 'gaussian_blur': True, 'random_grayscale': True, 'random_grayscale_p': 0.1}, 'training': {'epochs': 25, 'batch_size': 256, 'lr': 0.001, 'min_lr': 1e-05, 'weight_decay': 0.05, 'optimizer': 'adamw', 'scheduler': 'cosine', 'label_smoothing': 0.1, 'use_amp': True, 'channels_last': True, 'seed': 42, 'checkpoint_schedule': [[10, 1], [20, 2], [25, 3]], 'disable_progress_bar': True}, 'logging': {'log_dir': 'logs'}, 'ood_eval': {'enabled': True, 'source_dataset': 'imagenet_ecoset136', 'datasets_root': '/projects/prjs0771/melle/datasets', 'imagenet_c': {'during_training': True, 'corruptions_during_training': ['gaussian_noise', 'defocus_blur', 'fog', 'contrast'], 'severity_during_training': 3}, 'save_predictions': True}, 'wandb': {'enabled': True, 'project': 'norm-comparison', 'group': 'resnet50-imagenet-ecoset-ecovalid-norm-experiment', 'tags': ['resnet50', 'ecovalid-aug', 'snellius', 'groupnorm', 'norm-experiment', 'a100', 'imagenet_ecoset136']}, '_machine': {'log_dir': '/projects/prjs0771/melle/projects/visionCNN/logs'}}
2026-03-17 09:40:20,580 [INFO] Run directory: logs/resnet50_groupnorm_imagenet_ecoset_ecovalid_seed42
wandb: [wandb.login()] Loaded credentials for https://api.wandb.ai from /home/mbolding/.netrc.
wandb: Currently logged in as: mellebolding (mellebolding-university-of-amsterdam) to https://api.wandb.ai. Use `wandb login --relogin` to force relogin
wandb: setting up run xl1cccw8
wandb: Tracking run with wandb version 0.25.0
wandb: Run data is saved locally in logs/resnet50_groupnorm_imagenet_ecoset_ecovalid_seed42/wandb/run-20260317_094020-xl1cccw8
wandb: Run `wandb offline` to turn off syncing.
wandb: Syncing run resnet50_groupnorm_imagenet_ecoset_ecovalid_seed42
wandb: ⭐️ View project at https://wandb.ai/mellebolding-university-of-amsterdam/norm-comparison
wandb: 🚀 View run at https://wandb.ai/mellebolding-university-of-amsterdam/norm-comparison/runs/xl1cccw8
2026-03-17 09:40:22,780 [INFO] Weights & Biases logging enabled
2026-03-17 09:40:22,782 [INFO] Set random seed: 42 (rank offset applied)
2026-03-17 09:40:22,782 [INFO] Using device: cuda:0
2026-03-17 09:40:22,783 [INFO] World size: 1
2026-03-17 09:40:23,114 [INFO] Model: resnet50_custom, Parameters: 23,786,696
2026-03-17 09:40:23,145 [INFO] Using channels-last (NHWC) memory format
2026-03-17 09:40:23,181 [INFO] Mixed precision training: True
2026-03-17 09:40:44,344 [INFO] Using GPU-accelerated transforms to reduce CPU bottleneck
2026-03-17 09:40:44,345 [INFO] Train samples: 176411, Val samples: 6800
2026-03-17 09:40:44,345 [INFO] Effective batch size: 256 (256 x 1 GPUs)
2026-03-17 09:40:49,635 [INFO] OOD evaluation enabled: 7 datasets loaded (imagenet_r, imagenet_sketch, imagenet_a, imagenet_c_gaussian_noise_s3, imagenet_c_defocus_blur_s3, imagenet_c_fog_s3, imagenet_c_contrast_s3)
2026-03-17 09:40:49,636 [INFO] Saving per-image predictions to logs/resnet50_groupnorm_imagenet_ecoset_ecovalid_seed42/predictions
2026-03-17 09:40:49,637 [INFO] Starting training for 25 epochs...
2026-03-17 09:45:29,857 [INFO] Running OOD evaluation (epoch 1)...
2026-03-17 09:46:41,785 [INFO] OOD accuracies: imagenet_a: 1.7%, imagenet_c_contrast_s3: 1.1%, imagenet_c_defocus_blur_s3: 1.0%, imagenet_c_fog_s3: 0.7%, imagenet_c_gaussian_noise_s3: 0.9%, imagenet_r: 1.3%, imagenet_sketch: 0.7%
2026-03-17 09:46:41,835 [INFO] Epoch 1/25 | Train Loss: 4.9290, Train Acc: 0.85% | Val Loss: 4.9267, Val Acc: 0.93% | LR: 0.000996 | Time: 352.2s
2026-03-17 09:46:42,161 [INFO] New best accuracy: 0.93%
2026-03-17 09:51:20,314 [INFO] Running OOD evaluation (epoch 2)...
2026-03-17 09:52:38,816 [INFO] OOD accuracies: imagenet_a: 1.1%, imagenet_c_contrast_s3: 3.2%, imagenet_c_defocus_blur_s3: 2.9%, imagenet_c_fog_s3: 2.8%, imagenet_c_gaussian_noise_s3: 2.2%, imagenet_r: 1.8%, imagenet_sketch: 1.3%
2026-03-17 09:52:38,902 [INFO] Epoch 2/25 | Train Loss: 4.7866, Train Acc: 2.04% | Val Loss: 4.6351, Val Acc: 3.60% | LR: 0.000984 | Time: 353.4s
2026-03-17 09:52:39,201 [INFO] New best accuracy: 3.60%
2026-03-17 09:57:16,273 [INFO] Running OOD evaluation (epoch 3)...
2026-03-17 09:58:31,485 [INFO] OOD accuracies: imagenet_a: 1.4%, imagenet_c_contrast_s3: 6.1%, imagenet_c_defocus_blur_s3: 5.2%, imagenet_c_fog_s3: 4.6%, imagenet_c_gaussian_noise_s3: 5.5%, imagenet_r: 3.7%, imagenet_sketch: 2.3%
2026-03-17 09:58:31,546 [INFO] Epoch 3/25 | Train Loss: 4.5110, Train Acc: 5.06% | Val Loss: 4.3547, Val Acc: 6.99% | LR: 0.000965 | Time: 350.4s
2026-03-17 09:58:31,868 [INFO] New best accuracy: 6.99%
wandb: WARNING A graphql request initiated by the public wandb API timed out (timeout=19 sec). Create a new API with an integer timeout larger than 19, e.g., `api = wandb.Api(timeout=29)` to increase the graphql timeout.
2026-03-17 10:03:28,481 [INFO] Running OOD evaluation (epoch 4)...
2026-03-17 10:04:38,513 [INFO] OOD accuracies: imagenet_a: 2.0%, imagenet_c_contrast_s3: 9.5%, imagenet_c_defocus_blur_s3: 7.3%, imagenet_c_fog_s3: 6.9%, imagenet_c_gaussian_noise_s3: 7.2%, imagenet_r: 3.2%, imagenet_sketch: 3.6%
2026-03-17 10:04:38,578 [INFO] Epoch 4/25 | Train Loss: 4.2742, Train Acc: 9.12% | Val Loss: 4.1354, Val Acc: 11.34% | LR: 0.000939 | Time: 344.6s
2026-03-17 10:04:38,886 [INFO] New best accuracy: 11.34%
2026-03-17 10:09:15,895 [INFO] Running OOD evaluation (epoch 5)...
2026-03-17 10:10:25,639 [INFO] OOD accuracies: imagenet_a: 2.5%, imagenet_c_contrast_s3: 13.6%, imagenet_c_defocus_blur_s3: 9.0%, imagenet_c_fog_s3: 9.0%, imagenet_c_gaussian_noise_s3: 8.7%, imagenet_r: 4.8%, imagenet_sketch: 5.6%
2026-03-17 10:10:25,673 [INFO] Epoch 5/25 | Train Loss: 4.0658, Train Acc: 13.29% | Val Loss: 3.8450, Val Acc: 17.28% | LR: 0.000905 | Time: 344.8s
2026-03-17 10:10:25,974 [INFO] New best accuracy: 17.28%
2026-03-17 10:15:02,708 [INFO] Running OOD evaluation (epoch 6)...
2026-03-17 10:16:12,650 [INFO] OOD accuracies: imagenet_a: 1.8%, imagenet_c_contrast_s3: 15.6%, imagenet_c_defocus_blur_s3: 14.0%, imagenet_c_fog_s3: 12.1%, imagenet_c_gaussian_noise_s3: 7.3%, imagenet_r: 5.0%, imagenet_sketch: 6.0%
2026-03-17 10:16:12,708 [INFO] Epoch 6/25 | Train Loss: 3.9021, Train Acc: 16.80% | Val Loss: 3.6977, Val Acc: 20.49% | LR: 0.000866 | Time: 344.9s
2026-03-17 10:16:13,011 [INFO] New best accuracy: 20.49%
2026-03-17 10:20:49,990 [INFO] Running OOD evaluation (epoch 7)...
2026-03-17 10:22:00,783 [INFO] OOD accuracies: imagenet_a: 2.4%, imagenet_c_contrast_s3: 19.2%, imagenet_c_defocus_blur_s3: 14.0%, imagenet_c_fog_s3: 13.3%, imagenet_c_gaussian_noise_s3: 8.5%, imagenet_r: 5.7%, imagenet_sketch: 6.3%
2026-03-17 10:22:00,835 [INFO] Epoch 7/25 | Train Loss: 3.7628, Train Acc: 19.85% | Val Loss: 3.5943, Val Acc: 23.56% | LR: 0.000821 | Time: 346.0s
2026-03-17 10:22:01,172 [INFO] New best accuracy: 23.56%
2026-03-17 10:26:38,329 [INFO] Running OOD evaluation (epoch 8)...
2026-03-17 10:27:48,113 [INFO] OOD accuracies: imagenet_a: 2.3%, imagenet_c_contrast_s3: 22.7%, imagenet_c_defocus_blur_s3: 18.2%, imagenet_c_fog_s3: 16.6%, imagenet_c_gaussian_noise_s3: 12.2%, imagenet_r: 7.3%, imagenet_sketch: 7.5%
2026-03-17 10:27:48,188 [INFO] Epoch 8/25 | Train Loss: 3.6451, Train Acc: 22.59% | Val Loss: 3.4605, Val Acc: 26.12% | LR: 0.000770 | Time: 345.1s
2026-03-17 10:27:48,520 [INFO] New best accuracy: 26.12%
2026-03-17 10:32:25,617 [INFO] Running OOD evaluation (epoch 9)...
2026-03-17 10:33:35,296 [INFO] OOD accuracies: imagenet_a: 2.9%, imagenet_c_contrast_s3: 24.9%, imagenet_c_defocus_blur_s3: 17.3%, imagenet_c_fog_s3: 19.0%, imagenet_c_gaussian_noise_s3: 11.7%, imagenet_r: 7.7%, imagenet_sketch: 9.7%
2026-03-17 10:33:35,324 [INFO] Epoch 9/25 | Train Loss: 3.5233, Train Acc: 25.40% | Val Loss: 3.2556, Val Acc: 31.34% | LR: 0.000716 | Time: 344.9s
2026-03-17 10:33:35,633 [INFO] New best accuracy: 31.34%
2026-03-17 10:38:12,238 [INFO] Running OOD evaluation (epoch 10)...
2026-03-17 10:39:22,286 [INFO] OOD accuracies: imagenet_a: 2.4%, imagenet_c_contrast_s3: 26.9%, imagenet_c_defocus_blur_s3: 23.7%, imagenet_c_fog_s3: 19.1%, imagenet_c_gaussian_noise_s3: 12.0%, imagenet_r: 6.6%, imagenet_sketch: 8.3%
2026-03-17 10:39:22,351 [INFO] Epoch 10/25 | Train Loss: 3.4141, Train Acc: 28.12% | Val Loss: 3.2742, Val Acc: 31.88% | LR: 0.000658 | Time: 344.9s
2026-03-17 10:39:22,750 [INFO] New best accuracy: 31.88%
2026-03-17 10:43:52,536 [INFO] Epoch 11/25 | Train Loss: 3.3175, Train Acc: 30.62% | (validation skipped) | LR: 0.000598 | Time: 268.0s
2026-03-17 10:48:27,248 [INFO] Running OOD evaluation (epoch 12)...
2026-03-17 10:49:37,143 [INFO] OOD accuracies: imagenet_a: 2.3%, imagenet_c_contrast_s3: 33.4%, imagenet_c_defocus_blur_s3: 26.7%, imagenet_c_fog_s3: 24.4%, imagenet_c_gaussian_noise_s3: 14.9%, imagenet_r: 8.6%, imagenet_sketch: 12.5%
2026-03-17 10:49:37,189 [INFO] Epoch 12/25 | Train Loss: 3.2163, Train Acc: 33.07% | Val Loss: 2.9386, Val Acc: 39.59% | LR: 0.000536 | Time: 344.6s
2026-03-17 10:49:37,518 [INFO] New best accuracy: 39.59%
2026-03-17 10:54:07,107 [INFO] Epoch 13/25 | Train Loss: 3.1242, Train Acc: 35.45% | (validation skipped) | LR: 0.000474 | Time: 267.6s
2026-03-17 10:58:41,845 [INFO] Running OOD evaluation (epoch 14)...
2026-03-17 10:59:55,455 [INFO] OOD accuracies: imagenet_a: 2.7%, imagenet_c_contrast_s3: 37.1%, imagenet_c_defocus_blur_s3: 29.5%, imagenet_c_fog_s3: 28.6%, imagenet_c_gaussian_noise_s3: 16.2%, imagenet_r: 10.1%, imagenet_sketch: 16.1%
2026-03-17 10:59:55,552 [INFO] Epoch 14/25 | Train Loss: 3.0395, Train Acc: 37.67% | Val Loss: 2.8255, Val Acc: 42.85% | LR: 0.000412 | Time: 348.4s
2026-03-17 10:59:55,893 [INFO] New best accuracy: 42.85%
2026-03-17 11:04:25,885 [INFO] Epoch 15/25 | Train Loss: 2.9506, Train Acc: 40.09% | (validation skipped) | LR: 0.000352 | Time: 268.1s
2026-03-17 11:09:00,772 [INFO] Running OOD evaluation (epoch 16)...
2026-03-17 11:10:12,703 [INFO] OOD accuracies: imagenet_a: 2.8%, imagenet_c_contrast_s3: 38.3%, imagenet_c_defocus_blur_s3: 31.9%, imagenet_c_fog_s3: 29.2%, imagenet_c_gaussian_noise_s3: 17.3%, imagenet_r: 11.4%, imagenet_sketch: 16.8%
2026-03-17 11:10:12,794 [INFO] Epoch 16/25 | Train Loss: 2.8803, Train Acc: 41.94% | Val Loss: 2.6534, Val Acc: 47.03% | LR: 0.000294 | Time: 346.9s
2026-03-17 11:10:13,092 [INFO] New best accuracy: 47.03%
2026-03-17 11:14:43,271 [INFO] Epoch 17/25 | Train Loss: 2.8162, Train Acc: 43.69% | (validation skipped) | LR: 0.000240 | Time: 268.2s
2026-03-17 11:19:18,243 [INFO] Running OOD evaluation (epoch 18)...
2026-03-17 11:20:29,465 [INFO] OOD accuracies: imagenet_a: 3.2%, imagenet_c_contrast_s3: 44.2%, imagenet_c_defocus_blur_s3: 31.9%, imagenet_c_fog_s3: 31.6%, imagenet_c_gaussian_noise_s3: 19.2%, imagenet_r: 13.7%, imagenet_sketch: 19.3%
2026-03-17 11:20:29,553 [INFO] Epoch 18/25 | Train Loss: 2.7563, Train Acc: 45.40% | Val Loss: 2.5155, Val Acc: 51.57% | LR: 0.000189 | Time: 346.2s
2026-03-17 11:20:29,863 [INFO] New best accuracy: 51.57%
2026-03-17 11:24:59,869 [INFO] Epoch 19/25 | Train Loss: 2.6975, Train Acc: 46.94% | (validation skipped) | LR: 0.000144 | Time: 268.0s
2026-03-17 11:29:34,337 [INFO] Running OOD evaluation (epoch 20)...
2026-03-17 11:30:46,829 [INFO] OOD accuracies: imagenet_a: 3.3%, imagenet_c_contrast_s3: 46.8%, imagenet_c_defocus_blur_s3: 33.8%, imagenet_c_fog_s3: 34.4%, imagenet_c_gaussian_noise_s3: 17.3%, imagenet_r: 14.8%, imagenet_sketch: 20.2%
2026-03-17 11:30:46,912 [INFO] Epoch 20/25 | Train Loss: 2.6473, Train Acc: 48.48% | Val Loss: 2.4231, Val Acc: 54.59% | LR: 0.000105 | Time: 347.0s
2026-03-17 11:30:47,242 [INFO] New best accuracy: 54.59%
2026-03-17 11:35:24,088 [INFO] Running OOD evaluation (epoch 21)...
2026-03-17 11:36:37,819 [INFO] OOD accuracies: imagenet_a: 3.0%, imagenet_c_contrast_s3: 48.3%, imagenet_c_defocus_blur_s3: 34.8%, imagenet_c_fog_s3: 34.8%, imagenet_c_gaussian_noise_s3: 18.7%, imagenet_r: 14.4%, imagenet_sketch: 20.2%
2026-03-17 11:36:37,964 [INFO] Epoch 21/25 | Train Loss: 2.6082, Train Acc: 49.41% | Val Loss: 2.4134, Val Acc: 55.12% | LR: 0.000071 | Time: 348.8s
2026-03-17 11:36:38,257 [INFO] New best accuracy: 55.12%
2026-03-17 11:41:08,178 [INFO] Epoch 22/25 | Train Loss: 2.5767, Train Acc: 50.41% | (validation skipped) | LR: 0.000045 | Time: 268.1s
2026-03-17 11:45:36,093 [INFO] Epoch 23/25 | Train Loss: 2.5507, Train Acc: 51.24% | (validation skipped) | LR: 0.000026 | Time: 267.9s
2026-03-17 11:50:11,385 [INFO] Running OOD evaluation (epoch 24)...
2026-03-17 11:51:32,349 [INFO] OOD accuracies: imagenet_a: 3.2%, imagenet_c_contrast_s3: 49.4%, imagenet_c_defocus_blur_s3: 35.3%, imagenet_c_fog_s3: 35.3%, imagenet_c_gaussian_noise_s3: 20.3%, imagenet_r: 14.4%, imagenet_sketch: 19.8%
2026-03-17 11:51:32,403 [INFO] Epoch 24/25 | Train Loss: 2.5355, Train Acc: 51.60% | Val Loss: 2.3564, Val Acc: 56.35% | LR: 0.000014 | Time: 356.2s
2026-03-17 11:51:32,697 [INFO] New best accuracy: 56.35%
2026-03-17 11:56:09,522 [INFO] Running OOD evaluation (epoch 25)...
2026-03-17 11:57:23,895 [INFO] OOD accuracies: imagenet_a: 3.0%, imagenet_c_contrast_s3: 49.5%, imagenet_c_defocus_blur_s3: 36.1%, imagenet_c_fog_s3: 36.1%, imagenet_c_gaussian_noise_s3: 20.3%, imagenet_r: 14.4%, imagenet_sketch: 20.3%
2026-03-17 11:57:23,980 [INFO] Epoch 25/25 | Train Loss: 2.5253, Train Acc: 51.93% | Val Loss: 2.3565, Val Acc: 56.18% | LR: 0.000010 | Time: 349.3s
2026-03-17 11:57:24,713 [INFO] Training complete! Best accuracy: 56.35%
2026-03-17 11:57:24,714 [INFO] Outputs saved to: logs/resnet50_groupnorm_imagenet_ecoset_ecovalid_seed42
wandb: uploading output.log; uploading wandb-summary.json; uploading config.yaml
wandb: uploading history steps 24-24, summary, console lines 90-93
wandb: 
wandb: Run history:
wandb:                                epoch ▁▁▂▂▂▂▃▃▃▄▄▄▅▅▅▅▆▆▆▇▇▇▇██
wandb:                                   lr ████▇▇▇▆▆▆▅▅▄▄▃▃▃▂▂▂▁▁▁▁▁
wandb:                   ood/imagenet_a/acc ▃▁▂▄▅▃▅▅▇▅▅▆▆██▇█▇
wandb:                  ood/imagenet_a/loss ▁▂▃▅▃▄▄▅▄█▆▇▇▅▆▇▆▆
wandb:             ood/imagenet_a/n_classes ▁▁▁▁▁▁▁▁▁▁▁▁▁▁▁▁▁▁
wandb:             ood/imagenet_a/n_samples ▁▁▁▁▁▁▁▁▁▁▁▁▁▁▁▁▁▁
wandb:              ood/imagenet_c/mean_acc ▁▁▂▂▃▃▄▄▅▅▆▆▇▇████
wandb:       ood/imagenet_c_contrast_s3/acc ▁▁▂▂▃▃▄▄▄▅▆▆▆▇████
wandb:      ood/imagenet_c_contrast_s3/loss █▇▇▆▅▅▅▄▄▄▃▂▂▂▁▁▁▁
wandb: ood/imagenet_c_contrast_s3/n_samples ▁▁▁▁▁▁▁▁▁▁▁▁▁▁▁▁▁▁
wandb:                                  +21 ...
wandb: 
wandb: Run summary:
wandb:                                epoch 25
wandb:                                   lr 1e-05
wandb:                   ood/imagenet_a/acc 3.01866
wandb:                  ood/imagenet_a/loss 5.36614
wandb:             ood/imagenet_a/n_classes 48
wandb:             ood/imagenet_a/n_samples 1822
wandb:              ood/imagenet_c/mean_acc 35.49265
wandb:       ood/imagenet_c_contrast_s3/acc 49.51471
wandb:      ood/imagenet_c_contrast_s3/loss 2.10146
wandb: ood/imagenet_c_contrast_s3/n_samples 6800
wandb:                                  +21 ...
wandb: 
wandb: 🚀 View run resnet50_groupnorm_imagenet_ecoset_ecovalid_seed42 at: https://wandb.ai/mellebolding-university-of-amsterdam/norm-comparison/runs/xl1cccw8
wandb: ⭐️ View project at: https://wandb.ai/mellebolding-university-of-amsterdam/norm-comparison
wandb: Synced 5 W&B file(s), 0 media file(s), 34 artifact file(s) and 0 other file(s)
wandb: Find logs at: logs/resnet50_groupnorm_imagenet_ecoset_ecovalid_seed42/wandb/run-20260317_094020-xl1cccw8/logs
