==============================================
SLURM Job Information
==============================================
Job ID: 20792705
Job Name: groupnorm_s43
Partition: gpu_a100
Nodes: 1
Tasks per node: 1
GPUs per node: 1
CPUs per task: 
Node list: gcn56
==============================================
Config: configs/imagenet_ecoset_norm_experiment_ecovalid/groupnorm.yaml
Additional args: --set training.seed=43 experiment_name=resnet50_groupnorm_imagenet_ecoset_ecovalid_seed43
==============================================
Single-node training with 1 GPUs
Outputs will be saved to: logs
NCCL version 2.21.5+cuda12.1
[INFO] Machine: snellius
[INFO] ImageNet root: /scratch-nvme/ml-datasets/imagenet/torchvision_ImageFolder
==============================================
Training complete!
==============================================
