[rank0]:[W317 09:40:54.653126060 ProcessGroupNCCL.cpp:4115] [PG ID 0 PG GUID 0 Rank 0]  using GPU 0 to perform barrier as devices used by this process are currently unknown. This can potentially cause a hang if this rank to GPU mapping is incorrect.Specify device_ids in barrier() to force use of a particular device,or call init_process_group() with a device_id.
2026-03-17 09:40:55,173 [INFO] Distributed: DistributedManager(rank=0, local_rank=0, world_size=1, device=cuda:0, is_distributed=True)
2026-03-17 09:40:55,183 [INFO] Config: {'experiment_name': 'resnet50_derf_imagenet_ecoset_ecovalid_seed42', 'model': {'name': 'resnet50_custom', 'num_classes': 136, 'norm_layer': 'derf_vp'}, 'data': {'dataset': 'imagenet_ecoset136', 'root': '/scratch-nvme/ml-datasets/imagenet/torchvision_ImageFolder', 'img_size': 224, 'backend': 'pytorch', 'num_workers': 16, 'pin_memory': True, 'persistent_workers': True, 'prefetch_factor': 2, 'gpu_transforms': True, 'random_rotation': True, 'random_rotation_degrees': 15, 'color_jitter': True, 'color_jitter_brightness': 0.2, 'color_jitter_contrast': 0.2, 'color_jitter_saturation': 0.2, 'color_jitter_hue': 0.05, 'gaussian_blur': True, 'random_grayscale': True, 'random_grayscale_p': 0.1}, 'training': {'epochs': 25, 'batch_size': 128, 'lr': 0.001, 'min_lr': 1e-05, 'weight_decay': 0.05, 'optimizer': 'adamw', 'scheduler': 'cosine', 'label_smoothing': 0.1, 'use_amp': True, 'channels_last': True, 'seed': 42, 'checkpoint_schedule': [[10, 1], [20, 2], [25, 3]], 'disable_progress_bar': True}, 'logging': {'log_dir': 'logs'}, 'ood_eval': {'enabled': True, 'source_dataset': 'imagenet_ecoset136', 'datasets_root': '/projects/prjs0771/melle/datasets', 'imagenet_c': {'during_training': True, 'corruptions_during_training': ['gaussian_noise', 'defocus_blur', 'fog', 'contrast'], 'severity_during_training': 3}, 'save_predictions': True}, 'wandb': {'enabled': True, 'project': 'norm-comparison', 'group': 'resnet50-imagenet-ecoset-ecovalid-norm-experiment', 'tags': ['norm-experiment', 'ecovalid-aug', 'derf_vp', 'resnet50', 'snellius', 'imagenet_ecoset136', 'a100']}, '_machine': {'log_dir': '/projects/prjs0771/melle/projects/visionCNN/logs'}}
2026-03-17 09:40:55,184 [INFO] Run directory: logs/resnet50_derf_imagenet_ecoset_ecovalid_seed42
wandb: [wandb.login()] Loaded credentials for https://api.wandb.ai from /home/mbolding/.netrc.
wandb: Currently logged in as: mellebolding (mellebolding-university-of-amsterdam) to https://api.wandb.ai. Use `wandb login --relogin` to force relogin
wandb: setting up run tm6c9xyy
wandb: Tracking run with wandb version 0.25.0
wandb: Run data is saved locally in logs/resnet50_derf_imagenet_ecoset_ecovalid_seed42/wandb/run-20260317_094055-tm6c9xyy
wandb: Run `wandb offline` to turn off syncing.
wandb: Syncing run resnet50_derf_imagenet_ecoset_ecovalid_seed42
wandb: ⭐️ View project at https://wandb.ai/mellebolding-university-of-amsterdam/norm-comparison
wandb: 🚀 View run at https://wandb.ai/mellebolding-university-of-amsterdam/norm-comparison/runs/tm6c9xyy
2026-03-17 09:40:57,275 [INFO] Weights & Biases logging enabled
2026-03-17 09:40:57,278 [INFO] Set random seed: 42 (rank offset applied)
2026-03-17 09:40:57,279 [INFO] Using device: cuda:0
2026-03-17 09:40:57,279 [INFO] World size: 1
2026-03-17 09:40:57,618 [INFO] Model: resnet50_custom, Parameters: 23,786,802
2026-03-17 09:40:57,649 [INFO] Using channels-last (NHWC) memory format
2026-03-17 09:40:57,696 [INFO] Mixed precision training: True
2026-03-17 09:41:14,175 [INFO] Using GPU-accelerated transforms to reduce CPU bottleneck
2026-03-17 09:41:14,195 [INFO] Train samples: 176411, Val samples: 6800
2026-03-17 09:41:14,195 [INFO] Effective batch size: 128 (128 x 1 GPUs)
2026-03-17 09:41:19,311 [INFO] OOD evaluation enabled: 7 datasets loaded (imagenet_r, imagenet_sketch, imagenet_a, imagenet_c_gaussian_noise_s3, imagenet_c_defocus_blur_s3, imagenet_c_fog_s3, imagenet_c_contrast_s3)
2026-03-17 09:41:19,312 [INFO] Saving per-image predictions to logs/resnet50_derf_imagenet_ecoset_ecovalid_seed42/predictions
2026-03-17 09:41:19,312 [INFO] Starting training for 25 epochs...
2026-03-17 09:49:45,935 [INFO] Running OOD evaluation (epoch 1)...
2026-03-17 09:50:54,725 [INFO] OOD accuracies: imagenet_a: 1.3%, imagenet_c_contrast_s3: 2.2%, imagenet_c_defocus_blur_s3: 2.2%, imagenet_c_fog_s3: 0.9%, imagenet_c_gaussian_noise_s3: 2.1%, imagenet_r: 1.5%, imagenet_sketch: 1.3%
2026-03-17 09:50:54,824 [INFO] Epoch 1/25 | Train Loss: 4.9295, Train Acc: 1.09% | Val Loss: 4.8308, Val Acc: 2.22% | LR: 0.000996 | Time: 575.5s
2026-03-17 09:50:55,204 [INFO] New best accuracy: 2.22%
2026-03-17 09:59:20,087 [INFO] Running OOD evaluation (epoch 2)...
2026-03-17 10:00:28,887 [INFO] OOD accuracies: imagenet_a: 2.0%, imagenet_c_contrast_s3: 4.7%, imagenet_c_defocus_blur_s3: 5.4%, imagenet_c_fog_s3: 1.9%, imagenet_c_gaussian_noise_s3: 5.1%, imagenet_r: 2.4%, imagenet_sketch: 2.4%
2026-03-17 10:00:28,975 [INFO] Epoch 2/25 | Train Loss: 4.7291, Train Acc: 3.34% | Val Loss: 4.5345, Val Acc: 6.38% | LR: 0.000984 | Time: 570.8s
2026-03-17 10:00:29,303 [INFO] New best accuracy: 6.38%
2026-03-17 10:08:52,894 [INFO] Running OOD evaluation (epoch 3)...
2026-03-17 10:10:01,810 [INFO] OOD accuracies: imagenet_a: 1.4%, imagenet_c_contrast_s3: 8.6%, imagenet_c_defocus_blur_s3: 11.7%, imagenet_c_fog_s3: 5.7%, imagenet_c_gaussian_noise_s3: 8.5%, imagenet_r: 4.3%, imagenet_sketch: 3.0%
2026-03-17 10:10:01,900 [INFO] Epoch 3/25 | Train Loss: 4.3578, Train Acc: 8.96% | Val Loss: 4.0913, Val Acc: 13.44% | LR: 0.000965 | Time: 570.7s
2026-03-17 10:10:02,245 [INFO] New best accuracy: 13.44%
2026-03-17 10:18:26,534 [INFO] Running OOD evaluation (epoch 4)...
2026-03-17 10:19:35,256 [INFO] OOD accuracies: imagenet_a: 1.5%, imagenet_c_contrast_s3: 13.4%, imagenet_c_defocus_blur_s3: 15.5%, imagenet_c_fog_s3: 9.3%, imagenet_c_gaussian_noise_s3: 14.3%, imagenet_r: 5.8%, imagenet_sketch: 5.4%
2026-03-17 10:19:35,376 [INFO] Epoch 4/25 | Train Loss: 3.9887, Train Acc: 15.87% | Val Loss: 3.6447, Val Acc: 23.46% | LR: 0.000939 | Time: 571.1s
2026-03-17 10:19:35,706 [INFO] New best accuracy: 23.46%
2026-03-17 10:27:59,368 [INFO] Running OOD evaluation (epoch 5)...
2026-03-17 10:29:07,999 [INFO] OOD accuracies: imagenet_a: 1.9%, imagenet_c_contrast_s3: 19.5%, imagenet_c_defocus_blur_s3: 20.5%, imagenet_c_fog_s3: 14.5%, imagenet_c_gaussian_noise_s3: 18.4%, imagenet_r: 7.1%, imagenet_sketch: 7.8%
2026-03-17 10:29:08,077 [INFO] Epoch 5/25 | Train Loss: 3.7139, Train Acc: 21.98% | Val Loss: 3.4454, Val Acc: 27.49% | LR: 0.000905 | Time: 570.6s
2026-03-17 10:29:08,432 [INFO] New best accuracy: 27.49%
2026-03-17 10:37:32,509 [INFO] Running OOD evaluation (epoch 6)...
2026-03-17 10:38:41,009 [INFO] OOD accuracies: imagenet_a: 2.4%, imagenet_c_contrast_s3: 24.2%, imagenet_c_defocus_blur_s3: 23.3%, imagenet_c_fog_s3: 14.1%, imagenet_c_gaussian_noise_s3: 21.4%, imagenet_r: 8.9%, imagenet_sketch: 8.8%
2026-03-17 10:38:41,094 [INFO] Epoch 6/25 | Train Loss: 3.5033, Train Acc: 26.82% | Val Loss: 3.1705, Val Acc: 34.29% | LR: 0.000866 | Time: 570.8s
2026-03-17 10:38:41,466 [INFO] New best accuracy: 34.29%
2026-03-17 10:47:05,016 [INFO] Running OOD evaluation (epoch 7)...
2026-03-17 10:48:13,615 [INFO] OOD accuracies: imagenet_a: 2.3%, imagenet_c_contrast_s3: 23.6%, imagenet_c_defocus_blur_s3: 26.8%, imagenet_c_fog_s3: 18.8%, imagenet_c_gaussian_noise_s3: 18.4%, imagenet_r: 8.0%, imagenet_sketch: 9.8%
2026-03-17 10:48:13,704 [INFO] Epoch 7/25 | Train Loss: 3.3382, Train Acc: 30.81% | Val Loss: 3.0687, Val Acc: 36.72% | LR: 0.000821 | Time: 570.4s
2026-03-17 10:48:14,035 [INFO] New best accuracy: 36.72%
2026-03-17 10:56:37,690 [INFO] Running OOD evaluation (epoch 8)...
2026-03-17 10:57:46,727 [INFO] OOD accuracies: imagenet_a: 2.8%, imagenet_c_contrast_s3: 27.9%, imagenet_c_defocus_blur_s3: 28.1%, imagenet_c_fog_s3: 16.5%, imagenet_c_gaussian_noise_s3: 18.9%, imagenet_r: 10.3%, imagenet_sketch: 11.4%
2026-03-17 10:57:46,854 [INFO] Epoch 8/25 | Train Loss: 3.2018, Train Acc: 34.16% | Val Loss: 2.8816, Val Acc: 42.54% | LR: 0.000770 | Time: 570.9s
2026-03-17 10:57:47,205 [INFO] New best accuracy: 42.54%
2026-03-17 11:06:10,773 [INFO] Running OOD evaluation (epoch 9)...
2026-03-17 11:07:19,339 [INFO] OOD accuracies: imagenet_a: 2.7%, imagenet_c_contrast_s3: 30.8%, imagenet_c_defocus_blur_s3: 30.0%, imagenet_c_fog_s3: 21.0%, imagenet_c_gaussian_noise_s3: 16.2%, imagenet_r: 11.5%, imagenet_sketch: 13.7%
2026-03-17 11:07:19,438 [INFO] Epoch 9/25 | Train Loss: 3.0820, Train Acc: 37.14% | Val Loss: 2.7835, Val Acc: 44.28% | LR: 0.000716 | Time: 570.4s
2026-03-17 11:07:19,805 [INFO] New best accuracy: 44.28%
2026-03-17 11:15:43,599 [INFO] Running OOD evaluation (epoch 10)...
2026-03-17 11:16:52,285 [INFO] OOD accuracies: imagenet_a: 2.7%, imagenet_c_contrast_s3: 34.5%, imagenet_c_defocus_blur_s3: 30.3%, imagenet_c_fog_s3: 19.2%, imagenet_c_gaussian_noise_s3: 21.1%, imagenet_r: 11.3%, imagenet_sketch: 14.9%
2026-03-17 11:16:52,365 [INFO] Epoch 10/25 | Train Loss: 2.9828, Train Acc: 39.70% | Val Loss: 2.7177, Val Acc: 46.94% | LR: 0.000658 | Time: 570.7s
2026-03-17 11:16:52,721 [INFO] New best accuracy: 46.94%
2026-03-17 11:25:07,717 [INFO] Epoch 11/25 | Train Loss: 2.8903, Train Acc: 42.26% | (validation skipped) | LR: 0.000598 | Time: 493.2s
2026-03-17 11:33:29,276 [INFO] Running OOD evaluation (epoch 12)...
2026-03-17 11:34:37,649 [INFO] OOD accuracies: imagenet_a: 2.5%, imagenet_c_contrast_s3: 37.8%, imagenet_c_defocus_blur_s3: 35.6%, imagenet_c_fog_s3: 22.9%, imagenet_c_gaussian_noise_s3: 18.9%, imagenet_r: 11.0%, imagenet_sketch: 13.8%
2026-03-17 11:34:37,796 [INFO] Epoch 12/25 | Train Loss: 2.8154, Train Acc: 44.07% | Val Loss: 2.5709, Val Acc: 50.50% | LR: 0.000536 | Time: 570.0s
2026-03-17 11:34:38,132 [INFO] New best accuracy: 50.50%
2026-03-17 11:42:53,012 [INFO] Epoch 13/25 | Train Loss: 2.7374, Train Acc: 46.16% | (validation skipped) | LR: 0.000474 | Time: 493.0s
2026-03-17 11:51:14,396 [INFO] Running OOD evaluation (epoch 14)...
2026-03-17 11:52:23,113 [INFO] OOD accuracies: imagenet_a: 2.9%, imagenet_c_contrast_s3: 40.8%, imagenet_c_defocus_blur_s3: 37.9%, imagenet_c_fog_s3: 26.7%, imagenet_c_gaussian_noise_s3: 19.1%, imagenet_r: 13.0%, imagenet_sketch: 16.7%
2026-03-17 11:52:23,194 [INFO] Epoch 14/25 | Train Loss: 2.6695, Train Acc: 48.09% | Val Loss: 2.4600, Val Acc: 53.41% | LR: 0.000412 | Time: 570.2s
2026-03-17 11:52:23,556 [INFO] New best accuracy: 53.41%
2026-03-17 12:00:38,723 [INFO] Epoch 15/25 | Train Loss: 2.6059, Train Acc: 49.73% | (validation skipped) | LR: 0.000352 | Time: 493.2s
2026-03-17 12:09:00,263 [INFO] Running OOD evaluation (epoch 16)...
2026-03-17 12:10:09,236 [INFO] OOD accuracies: imagenet_a: 3.2%, imagenet_c_contrast_s3: 43.4%, imagenet_c_defocus_blur_s3: 39.4%, imagenet_c_fog_s3: 25.8%, imagenet_c_gaussian_noise_s3: 19.3%, imagenet_r: 13.4%, imagenet_sketch: 16.5%
2026-03-17 12:10:09,341 [INFO] Epoch 16/25 | Train Loss: 2.5464, Train Acc: 51.47% | Val Loss: 2.3455, Val Acc: 56.68% | LR: 0.000294 | Time: 570.6s
2026-03-17 12:10:09,691 [INFO] New best accuracy: 56.68%
2026-03-17 12:18:24,727 [INFO] Epoch 17/25 | Train Loss: 2.4921, Train Acc: 52.92% | (validation skipped) | LR: 0.000240 | Time: 493.2s
2026-03-17 12:26:46,264 [INFO] Running OOD evaluation (epoch 18)...
2026-03-17 12:27:55,494 [INFO] OOD accuracies: imagenet_a: 3.5%, imagenet_c_contrast_s3: 47.1%, imagenet_c_defocus_blur_s3: 34.3%, imagenet_c_fog_s3: 27.0%, imagenet_c_gaussian_noise_s3: 17.9%, imagenet_r: 15.3%, imagenet_sketch: 19.5%
2026-03-17 12:27:55,564 [INFO] Epoch 18/25 | Train Loss: 2.4371, Train Acc: 54.42% | Val Loss: 2.2747, Val Acc: 59.04% | LR: 0.000189 | Time: 570.8s
2026-03-17 12:27:55,909 [INFO] New best accuracy: 59.04%
2026-03-17 12:36:10,869 [INFO] Epoch 19/25 | Train Loss: 2.3912, Train Acc: 55.74% | (validation skipped) | LR: 0.000144 | Time: 493.2s
2026-03-17 12:44:32,641 [INFO] Running OOD evaluation (epoch 20)...
2026-03-17 12:45:42,098 [INFO] OOD accuracies: imagenet_a: 3.1%, imagenet_c_contrast_s3: 48.8%, imagenet_c_defocus_blur_s3: 41.6%, imagenet_c_fog_s3: 30.9%, imagenet_c_gaussian_noise_s3: 18.9%, imagenet_r: 14.9%, imagenet_sketch: 18.0%
2026-03-17 12:45:42,203 [INFO] Epoch 20/25 | Train Loss: 2.3459, Train Acc: 57.07% | Val Loss: 2.2088, Val Acc: 61.06% | LR: 0.000105 | Time: 571.3s
2026-03-17 12:45:42,552 [INFO] New best accuracy: 61.06%
2026-03-17 12:54:06,160 [INFO] Running OOD evaluation (epoch 21)...
2026-03-17 12:55:15,256 [INFO] OOD accuracies: imagenet_a: 3.2%, imagenet_c_contrast_s3: 49.3%, imagenet_c_defocus_blur_s3: 42.0%, imagenet_c_fog_s3: 29.7%, imagenet_c_gaussian_noise_s3: 22.1%, imagenet_r: 14.5%, imagenet_sketch: 18.8%
2026-03-17 12:55:15,346 [INFO] Epoch 21/25 | Train Loss: 2.3087, Train Acc: 58.33% | Val Loss: 2.1885, Val Acc: 61.62% | LR: 0.000071 | Time: 571.0s
2026-03-17 12:55:15,702 [INFO] New best accuracy: 61.62%
2026-03-17 13:03:31,030 [INFO] Epoch 22/25 | Train Loss: 2.2744, Train Acc: 59.08% | (validation skipped) | LR: 0.000045 | Time: 493.5s
2026-03-17 13:11:44,364 [INFO] Epoch 23/25 | Train Loss: 2.2591, Train Acc: 59.79% | (validation skipped) | LR: 0.000026 | Time: 493.3s
2026-03-17 13:20:06,303 [INFO] Running OOD evaluation (epoch 24)...
2026-03-17 13:21:18,323 [INFO] OOD accuracies: imagenet_a: 3.5%, imagenet_c_contrast_s3: 50.8%, imagenet_c_defocus_blur_s3: 42.7%, imagenet_c_fog_s3: 31.1%, imagenet_c_gaussian_noise_s3: 21.6%, imagenet_r: 15.1%, imagenet_sketch: 19.1%
2026-03-17 13:21:18,423 [INFO] Epoch 24/25 | Train Loss: 2.2360, Train Acc: 60.41% | Val Loss: 2.1352, Val Acc: 63.16% | LR: 0.000014 | Time: 574.0s
2026-03-17 13:21:18,757 [INFO] New best accuracy: 63.16%
2026-03-17 13:29:42,395 [INFO] Running OOD evaluation (epoch 25)...
2026-03-17 13:30:56,288 [INFO] OOD accuracies: imagenet_a: 3.2%, imagenet_c_contrast_s3: 50.9%, imagenet_c_defocus_blur_s3: 43.1%, imagenet_c_fog_s3: 31.8%, imagenet_c_gaussian_noise_s3: 21.3%, imagenet_r: 14.7%, imagenet_sketch: 18.3%
2026-03-17 13:30:56,365 [INFO] Epoch 25/25 | Train Loss: 2.2236, Train Acc: 60.71% | Val Loss: 2.1378, Val Acc: 63.18% | LR: 0.000010 | Time: 575.7s
2026-03-17 13:30:56,715 [INFO] New best accuracy: 63.18%
2026-03-17 13:30:58,631 [INFO] Training complete! Best accuracy: 63.18%
2026-03-17 13:30:58,632 [INFO] Outputs saved to: logs/resnet50_derf_imagenet_ecoset_ecovalid_seed42
wandb: uploading artifact resnet50_derf_imagenet_ecoset_ecovalid_seed42-best; updating run metadata
wandb: uploading artifact resnet50_derf_imagenet_ecoset_ecovalid_seed42-best
wandb: 
wandb: Run history:
wandb:                                epoch ▁▁▂▂▂▂▃▃▃▄▄▄▅▅▅▅▆▆▆▇▇▇▇██
wandb:                                   lr ████▇▇▇▆▆▆▅▅▄▄▃▃▃▂▂▂▁▁▁▁▁
wandb:                   ood/imagenet_a/acc ▁▃▁▂▃▅▄▆▆▆▅▆▇█▇▇█▇
wandb:                  ood/imagenet_a/loss ▁▂▅▆█▆▆▅▆▇██▇▇▇███
wandb:             ood/imagenet_a/n_classes ▁▁▁▁▁▁▁▁▁▁▁▁▁▁▁▁▁▁
wandb:             ood/imagenet_a/n_samples ▁▁▁▁▁▁▁▁▁▁▁▁▁▁▁▁▁▁
wandb:              ood/imagenet_c/mean_acc ▁▁▂▃▄▅▅▅▆▆▆▇▇▇████
wandb:       ood/imagenet_c_contrast_s3/acc ▁▁▂▃▃▄▄▅▅▆▆▇▇▇████
wandb:      ood/imagenet_c_contrast_s3/loss ██▇▆▅▄▄▄▃▃▂▂▂▁▁▁▁▁
wandb: ood/imagenet_c_contrast_s3/n_samples ▁▁▁▁▁▁▁▁▁▁▁▁▁▁▁▁▁▁
wandb:                                  +21 ...
wandb: 
wandb: Run summary:
wandb:                                epoch 25
wandb:                                   lr 1e-05
wandb:                   ood/imagenet_a/acc 3.2382
wandb:                  ood/imagenet_a/loss 5.42734
wandb:             ood/imagenet_a/n_classes 48
wandb:             ood/imagenet_a/n_samples 1822
wandb:              ood/imagenet_c/mean_acc 36.77206
wandb:       ood/imagenet_c_contrast_s3/acc 50.85294
wandb:      ood/imagenet_c_contrast_s3/loss 2.06758
wandb: ood/imagenet_c_contrast_s3/n_samples 6800
wandb:                                  +21 ...
wandb: 
wandb: 🚀 View run resnet50_derf_imagenet_ecoset_ecovalid_seed42 at: https://wandb.ai/mellebolding-university-of-amsterdam/norm-comparison/runs/tm6c9xyy
wandb: ⭐️ View project at: https://wandb.ai/mellebolding-university-of-amsterdam/norm-comparison
wandb: Synced 5 W&B file(s), 0 media file(s), 36 artifact file(s) and 0 other file(s)
wandb: Find logs at: logs/resnet50_derf_imagenet_ecoset_ecovalid_seed42/wandb/run-20260317_094055-tm6c9xyy/logs
