[rank0]:[W317 09:41:00.137984392 ProcessGroupNCCL.cpp:4115] [PG ID 0 PG GUID 0 Rank 0]  using GPU 0 to perform barrier as devices used by this process are currently unknown. This can potentially cause a hang if this rank to GPU mapping is incorrect.Specify device_ids in barrier() to force use of a particular device,or call init_process_group() with a device_id.
2026-03-17 09:41:00,756 [INFO] Distributed: DistributedManager(rank=0, local_rank=0, world_size=1, device=cuda:0, is_distributed=True)
2026-03-17 09:41:00,772 [INFO] Config: {'experiment_name': 'resnet50_derf_imagenet_ecoset_ecovalid_seed46', 'model': {'name': 'resnet50_custom', 'num_classes': 136, 'norm_layer': 'derf_vp'}, 'data': {'dataset': 'imagenet_ecoset136', 'root': '/scratch-nvme/ml-datasets/imagenet/torchvision_ImageFolder', 'img_size': 224, 'backend': 'pytorch', 'num_workers': 16, 'pin_memory': True, 'persistent_workers': True, 'prefetch_factor': 2, 'gpu_transforms': True, 'random_rotation': True, 'random_rotation_degrees': 15, 'color_jitter': True, 'color_jitter_brightness': 0.2, 'color_jitter_contrast': 0.2, 'color_jitter_saturation': 0.2, 'color_jitter_hue': 0.05, 'gaussian_blur': True, 'random_grayscale': True, 'random_grayscale_p': 0.1}, 'training': {'epochs': 25, 'batch_size': 128, 'lr': 0.001, 'min_lr': 1e-05, 'weight_decay': 0.05, 'optimizer': 'adamw', 'scheduler': 'cosine', 'label_smoothing': 0.1, 'use_amp': True, 'channels_last': True, 'seed': 46, 'checkpoint_schedule': [[10, 1], [20, 2], [25, 3]], 'disable_progress_bar': True}, 'logging': {'log_dir': 'logs'}, 'ood_eval': {'enabled': True, 'source_dataset': 'imagenet_ecoset136', 'datasets_root': '/projects/prjs0771/melle/datasets', 'imagenet_c': {'during_training': True, 'corruptions_during_training': ['gaussian_noise', 'defocus_blur', 'fog', 'contrast'], 'severity_during_training': 3}, 'save_predictions': True}, 'wandb': {'enabled': True, 'project': 'norm-comparison', 'group': 'resnet50-imagenet-ecoset-ecovalid-norm-experiment', 'tags': ['derf_vp', 'ecovalid-aug', 'snellius', 'imagenet_ecoset136', 'norm-experiment', 'resnet50', 'a100']}, '_machine': {'log_dir': '/projects/prjs0771/melle/projects/visionCNN/logs'}}
2026-03-17 09:41:00,772 [INFO] Run directory: logs/resnet50_derf_imagenet_ecoset_ecovalid_seed46
wandb: [wandb.login()] Loaded credentials for https://api.wandb.ai from /home/mbolding/.netrc.
wandb: Currently logged in as: mellebolding (mellebolding-university-of-amsterdam) to https://api.wandb.ai. Use `wandb login --relogin` to force relogin
wandb: setting up run iku0cdgl
wandb: Tracking run with wandb version 0.25.0
wandb: Run data is saved locally in logs/resnet50_derf_imagenet_ecoset_ecovalid_seed46/wandb/run-20260317_094101-iku0cdgl
wandb: Run `wandb offline` to turn off syncing.
wandb: Syncing run resnet50_derf_imagenet_ecoset_ecovalid_seed46
wandb: ⭐️ View project at https://wandb.ai/mellebolding-university-of-amsterdam/norm-comparison
wandb: 🚀 View run at https://wandb.ai/mellebolding-university-of-amsterdam/norm-comparison/runs/iku0cdgl
2026-03-17 09:41:02,991 [INFO] Weights & Biases logging enabled
2026-03-17 09:41:02,993 [INFO] Set random seed: 46 (rank offset applied)
2026-03-17 09:41:02,993 [INFO] Using device: cuda:0
2026-03-17 09:41:02,993 [INFO] World size: 1
2026-03-17 09:41:03,326 [INFO] Model: resnet50_custom, Parameters: 23,786,802
2026-03-17 09:41:03,358 [INFO] Using channels-last (NHWC) memory format
2026-03-17 09:41:03,398 [INFO] Mixed precision training: True
2026-03-17 09:41:19,875 [INFO] Using GPU-accelerated transforms to reduce CPU bottleneck
2026-03-17 09:41:19,876 [INFO] Train samples: 176411, Val samples: 6800
2026-03-17 09:41:19,876 [INFO] Effective batch size: 128 (128 x 1 GPUs)
2026-03-17 09:41:24,845 [INFO] OOD evaluation enabled: 7 datasets loaded (imagenet_r, imagenet_sketch, imagenet_a, imagenet_c_gaussian_noise_s3, imagenet_c_defocus_blur_s3, imagenet_c_fog_s3, imagenet_c_contrast_s3)
2026-03-17 09:41:24,889 [INFO] Saving per-image predictions to logs/resnet50_derf_imagenet_ecoset_ecovalid_seed46/predictions
2026-03-17 09:41:24,889 [INFO] Starting training for 25 epochs...
2026-03-17 09:49:49,958 [INFO] Running OOD evaluation (epoch 1)...
2026-03-17 09:50:58,874 [INFO] OOD accuracies: imagenet_a: 3.0%, imagenet_c_contrast_s3: 1.4%, imagenet_c_defocus_blur_s3: 1.4%, imagenet_c_fog_s3: 1.0%, imagenet_c_gaussian_noise_s3: 1.4%, imagenet_r: 2.3%, imagenet_sketch: 0.8%
2026-03-17 09:50:58,971 [INFO] Epoch 1/25 | Train Loss: 4.9292, Train Acc: 0.90% | Val Loss: 4.8817, Val Acc: 1.35% | LR: 0.000996 | Time: 574.1s
2026-03-17 09:50:59,401 [INFO] New best accuracy: 1.35%
2026-03-17 09:59:22,969 [INFO] Running OOD evaluation (epoch 2)...
2026-03-17 10:00:32,705 [INFO] OOD accuracies: imagenet_a: 2.1%, imagenet_c_contrast_s3: 4.2%, imagenet_c_defocus_blur_s3: 5.3%, imagenet_c_fog_s3: 1.8%, imagenet_c_gaussian_noise_s3: 5.0%, imagenet_r: 2.3%, imagenet_sketch: 2.2%
2026-03-17 10:00:32,762 [INFO] Epoch 2/25 | Train Loss: 4.7830, Train Acc: 2.66% | Val Loss: 4.6241, Val Acc: 5.21% | LR: 0.000984 | Time: 570.4s
2026-03-17 10:00:33,084 [INFO] New best accuracy: 5.21%
2026-03-17 10:08:55,788 [INFO] Running OOD evaluation (epoch 3)...
2026-03-17 10:10:06,501 [INFO] OOD accuracies: imagenet_a: 1.6%, imagenet_c_contrast_s3: 6.6%, imagenet_c_defocus_blur_s3: 8.6%, imagenet_c_fog_s3: 2.1%, imagenet_c_gaussian_noise_s3: 8.1%, imagenet_r: 3.6%, imagenet_sketch: 3.4%
2026-03-17 10:10:06,594 [INFO] Epoch 3/25 | Train Loss: 4.5742, Train Acc: 5.58% | Val Loss: 4.3940, Val Acc: 8.71% | LR: 0.000965 | Time: 571.6s
2026-03-17 10:10:06,966 [INFO] New best accuracy: 8.71%
2026-03-17 10:18:29,953 [INFO] Running OOD evaluation (epoch 4)...
2026-03-17 10:19:40,660 [INFO] OOD accuracies: imagenet_a: 1.3%, imagenet_c_contrast_s3: 8.6%, imagenet_c_defocus_blur_s3: 13.1%, imagenet_c_fog_s3: 2.9%, imagenet_c_gaussian_noise_s3: 10.9%, imagenet_r: 5.1%, imagenet_sketch: 5.0%
2026-03-17 10:19:40,752 [INFO] Epoch 4/25 | Train Loss: 4.3727, Train Acc: 9.01% | Val Loss: 4.1577, Val Acc: 12.96% | LR: 0.000939 | Time: 571.8s
2026-03-17 10:19:41,087 [INFO] New best accuracy: 12.96%
2026-03-17 10:28:03,784 [INFO] Running OOD evaluation (epoch 5)...
2026-03-17 10:29:14,523 [INFO] OOD accuracies: imagenet_a: 1.9%, imagenet_c_contrast_s3: 12.5%, imagenet_c_defocus_blur_s3: 16.9%, imagenet_c_fog_s3: 4.1%, imagenet_c_gaussian_noise_s3: 14.9%, imagenet_r: 5.5%, imagenet_sketch: 5.2%
2026-03-17 10:29:14,634 [INFO] Epoch 5/25 | Train Loss: 4.1597, Train Acc: 12.98% | Val Loss: 3.8860, Val Acc: 18.22% | LR: 0.000905 | Time: 571.7s
2026-03-17 10:29:14,978 [INFO] New best accuracy: 18.22%
2026-03-17 10:37:38,033 [INFO] Running OOD evaluation (epoch 6)...
2026-03-17 10:38:48,471 [INFO] OOD accuracies: imagenet_a: 1.9%, imagenet_c_contrast_s3: 14.3%, imagenet_c_defocus_blur_s3: 20.6%, imagenet_c_fog_s3: 5.9%, imagenet_c_gaussian_noise_s3: 16.0%, imagenet_r: 6.5%, imagenet_sketch: 5.3%
2026-03-17 10:38:48,558 [INFO] Epoch 6/25 | Train Loss: 3.9215, Train Acc: 17.63% | Val Loss: 3.6723, Val Acc: 22.84% | LR: 0.000866 | Time: 571.7s
2026-03-17 10:38:48,914 [INFO] New best accuracy: 22.84%
2026-03-17 10:47:11,624 [INFO] Running OOD evaluation (epoch 7)...
2026-03-17 10:48:21,637 [INFO] OOD accuracies: imagenet_a: 2.7%, imagenet_c_contrast_s3: 17.2%, imagenet_c_defocus_blur_s3: 23.2%, imagenet_c_fog_s3: 5.2%, imagenet_c_gaussian_noise_s3: 20.9%, imagenet_r: 7.6%, imagenet_sketch: 7.4%
2026-03-17 10:48:21,719 [INFO] Epoch 7/25 | Train Loss: 3.7342, Train Acc: 21.76% | Val Loss: 3.4444, Val Acc: 28.04% | LR: 0.000821 | Time: 571.0s
2026-03-17 10:48:22,040 [INFO] New best accuracy: 28.04%
2026-03-17 10:56:44,981 [INFO] Running OOD evaluation (epoch 8)...
2026-03-17 10:57:54,950 [INFO] OOD accuracies: imagenet_a: 1.9%, imagenet_c_contrast_s3: 20.0%, imagenet_c_defocus_blur_s3: 27.2%, imagenet_c_fog_s3: 7.9%, imagenet_c_gaussian_noise_s3: 20.8%, imagenet_r: 8.1%, imagenet_sketch: 7.9%
2026-03-17 10:57:55,048 [INFO] Epoch 8/25 | Train Loss: 3.5680, Train Acc: 25.52% | Val Loss: 3.3029, Val Acc: 31.41% | LR: 0.000770 | Time: 571.1s
2026-03-17 10:57:55,370 [INFO] New best accuracy: 31.41%
2026-03-17 11:06:17,668 [INFO] Running OOD evaluation (epoch 9)...
2026-03-17 11:07:27,026 [INFO] OOD accuracies: imagenet_a: 2.3%, imagenet_c_contrast_s3: 24.4%, imagenet_c_defocus_blur_s3: 28.3%, imagenet_c_fog_s3: 8.3%, imagenet_c_gaussian_noise_s3: 21.3%, imagenet_r: 9.4%, imagenet_sketch: 8.6%
2026-03-17 11:07:27,085 [INFO] Epoch 9/25 | Train Loss: 3.4288, Train Acc: 28.99% | Val Loss: 3.1609, Val Acc: 34.99% | LR: 0.000716 | Time: 569.9s
2026-03-17 11:07:27,423 [INFO] New best accuracy: 34.99%
2026-03-17 11:15:50,029 [INFO] Running OOD evaluation (epoch 10)...
2026-03-17 11:16:59,987 [INFO] OOD accuracies: imagenet_a: 2.6%, imagenet_c_contrast_s3: 24.2%, imagenet_c_defocus_blur_s3: 29.6%, imagenet_c_fog_s3: 10.4%, imagenet_c_gaussian_noise_s3: 22.5%, imagenet_r: 9.3%, imagenet_sketch: 9.7%
2026-03-17 11:17:00,096 [INFO] Epoch 10/25 | Train Loss: 3.3139, Train Acc: 31.46% | Val Loss: 3.0076, Val Acc: 39.03% | LR: 0.000658 | Time: 570.8s
2026-03-17 11:17:00,427 [INFO] New best accuracy: 39.03%
2026-03-17 11:25:14,819 [INFO] Epoch 11/25 | Train Loss: 3.2149, Train Acc: 33.94% | (validation skipped) | LR: 0.000598 | Time: 492.5s
2026-03-17 11:33:35,823 [INFO] Running OOD evaluation (epoch 12)...
2026-03-17 11:34:46,371 [INFO] OOD accuracies: imagenet_a: 2.4%, imagenet_c_contrast_s3: 29.4%, imagenet_c_defocus_blur_s3: 33.6%, imagenet_c_fog_s3: 13.2%, imagenet_c_gaussian_noise_s3: 21.8%, imagenet_r: 8.8%, imagenet_sketch: 9.6%
2026-03-17 11:34:46,473 [INFO] Epoch 12/25 | Train Loss: 3.1236, Train Acc: 36.23% | Val Loss: 2.8987, Val Acc: 41.10% | LR: 0.000536 | Time: 571.6s
2026-03-17 11:34:46,802 [INFO] New best accuracy: 41.10%
2026-03-17 11:43:00,996 [INFO] Epoch 13/25 | Train Loss: 3.0423, Train Acc: 38.50% | (validation skipped) | LR: 0.000474 | Time: 492.3s
2026-03-17 11:51:21,574 [INFO] Running OOD evaluation (epoch 14)...
2026-03-17 11:52:31,527 [INFO] OOD accuracies: imagenet_a: 3.1%, imagenet_c_contrast_s3: 32.0%, imagenet_c_defocus_blur_s3: 35.6%, imagenet_c_fog_s3: 15.9%, imagenet_c_gaussian_noise_s3: 21.6%, imagenet_r: 10.7%, imagenet_sketch: 11.2%
2026-03-17 11:52:31,651 [INFO] Epoch 14/25 | Train Loss: 2.9680, Train Acc: 40.31% | Val Loss: 2.7154, Val Acc: 47.24% | LR: 0.000412 | Time: 570.6s
2026-03-17 11:52:31,981 [INFO] New best accuracy: 47.24%
2026-03-17 12:00:46,406 [INFO] Epoch 15/25 | Train Loss: 2.8940, Train Acc: 42.11% | (validation skipped) | LR: 0.000352 | Time: 492.5s
2026-03-17 12:09:07,104 [INFO] Running OOD evaluation (epoch 16)...
2026-03-17 12:10:15,505 [INFO] OOD accuracies: imagenet_a: 3.6%, imagenet_c_contrast_s3: 37.1%, imagenet_c_defocus_blur_s3: 35.4%, imagenet_c_fog_s3: 15.7%, imagenet_c_gaussian_noise_s3: 25.6%, imagenet_r: 12.0%, imagenet_sketch: 13.1%
2026-03-17 12:10:15,530 [INFO] Epoch 16/25 | Train Loss: 2.8340, Train Acc: 43.91% | Val Loss: 2.5852, Val Acc: 50.18% | LR: 0.000294 | Time: 569.1s
2026-03-17 12:10:15,914 [INFO] New best accuracy: 50.18%
2026-03-17 12:18:30,490 [INFO] Epoch 17/25 | Train Loss: 2.7718, Train Acc: 45.46% | (validation skipped) | LR: 0.000240 | Time: 492.7s
2026-03-17 12:26:51,286 [INFO] Running OOD evaluation (epoch 18)...
2026-03-17 12:28:00,847 [INFO] OOD accuracies: imagenet_a: 3.3%, imagenet_c_contrast_s3: 38.8%, imagenet_c_defocus_blur_s3: 38.3%, imagenet_c_fog_s3: 16.9%, imagenet_c_gaussian_noise_s3: 24.2%, imagenet_r: 13.2%, imagenet_sketch: 14.4%
2026-03-17 12:28:00,930 [INFO] Epoch 18/25 | Train Loss: 2.7169, Train Acc: 46.92% | Val Loss: 2.5111, Val Acc: 52.28% | LR: 0.000189 | Time: 570.4s
2026-03-17 12:28:01,253 [INFO] New best accuracy: 52.28%
2026-03-17 12:36:15,663 [INFO] Epoch 19/25 | Train Loss: 2.6655, Train Acc: 48.46% | (validation skipped) | LR: 0.000144 | Time: 492.5s
2026-03-17 12:44:36,314 [INFO] Running OOD evaluation (epoch 20)...
2026-03-17 12:45:46,015 [INFO] OOD accuracies: imagenet_a: 3.0%, imagenet_c_contrast_s3: 39.2%, imagenet_c_defocus_blur_s3: 39.0%, imagenet_c_fog_s3: 16.1%, imagenet_c_gaussian_noise_s3: 24.8%, imagenet_r: 12.6%, imagenet_sketch: 14.7%
2026-03-17 12:45:46,094 [INFO] Epoch 20/25 | Train Loss: 2.6183, Train Acc: 49.66% | Val Loss: 2.4539, Val Acc: 54.01% | LR: 0.000105 | Time: 570.4s
2026-03-17 12:45:46,437 [INFO] New best accuracy: 54.01%
2026-03-17 12:54:09,664 [INFO] Running OOD evaluation (epoch 21)...
2026-03-17 12:55:19,404 [INFO] OOD accuracies: imagenet_a: 3.1%, imagenet_c_contrast_s3: 40.0%, imagenet_c_defocus_blur_s3: 39.1%, imagenet_c_fog_s3: 18.8%, imagenet_c_gaussian_noise_s3: 23.6%, imagenet_r: 12.7%, imagenet_sketch: 14.7%
2026-03-17 12:55:19,501 [INFO] Epoch 21/25 | Train Loss: 2.5814, Train Acc: 50.73% | Val Loss: 2.4155, Val Acc: 54.79% | LR: 0.000071 | Time: 571.1s
2026-03-17 12:55:19,858 [INFO] New best accuracy: 54.79%
2026-03-17 13:03:34,510 [INFO] Epoch 22/25 | Train Loss: 2.5496, Train Acc: 51.61% | (validation skipped) | LR: 0.000045 | Time: 492.8s
2026-03-17 13:11:46,826 [INFO] Epoch 23/25 | Train Loss: 2.5253, Train Acc: 52.56% | (validation skipped) | LR: 0.000026 | Time: 492.3s
2026-03-17 13:20:07,582 [INFO] Running OOD evaluation (epoch 24)...
2026-03-17 13:21:18,004 [INFO] OOD accuracies: imagenet_a: 3.6%, imagenet_c_contrast_s3: 41.1%, imagenet_c_defocus_blur_s3: 40.7%, imagenet_c_fog_s3: 19.7%, imagenet_c_gaussian_noise_s3: 22.9%, imagenet_r: 13.0%, imagenet_sketch: 15.6%
2026-03-17 13:21:18,137 [INFO] Epoch 24/25 | Train Loss: 2.5030, Train Acc: 52.92% | Val Loss: 2.3729, Val Acc: 56.38% | LR: 0.000014 | Time: 571.3s
2026-03-17 13:21:18,478 [INFO] New best accuracy: 56.38%
2026-03-17 13:29:41,395 [INFO] Running OOD evaluation (epoch 25)...
2026-03-17 13:30:56,388 [INFO] OOD accuracies: imagenet_a: 3.2%, imagenet_c_contrast_s3: 41.4%, imagenet_c_defocus_blur_s3: 40.7%, imagenet_c_fog_s3: 19.4%, imagenet_c_gaussian_noise_s3: 23.6%, imagenet_r: 12.8%, imagenet_sketch: 15.3%
2026-03-17 13:30:56,472 [INFO] Epoch 25/25 | Train Loss: 2.4954, Train Acc: 53.19% | Val Loss: 2.3647, Val Acc: 56.62% | LR: 0.000010 | Time: 576.0s
2026-03-17 13:30:56,850 [INFO] New best accuracy: 56.62%
2026-03-17 13:30:58,621 [INFO] Training complete! Best accuracy: 56.62%
2026-03-17 13:30:58,622 [INFO] Outputs saved to: logs/resnet50_derf_imagenet_ecoset_ecovalid_seed46
wandb: uploading artifact resnet50_derf_imagenet_ecoset_ecovalid_seed46-best; updating run metadata
wandb: uploading artifact resnet50_derf_imagenet_ecoset_ecovalid_seed46-best
wandb: uploading artifact resnet50_derf_imagenet_ecoset_ecovalid_seed46-best; uploading history steps 24-24, summary, console lines 89-93
wandb: uploading artifact resnet50_derf_imagenet_ecoset_ecovalid_seed46-best
wandb: 
wandb: Run history:
wandb:                                epoch ▁▁▂▂▂▂▃▃▃▄▄▄▅▅▅▅▆▆▆▇▇▇▇██
wandb:                                   lr ████▇▇▇▆▆▆▅▅▄▄▃▃▃▂▂▂▁▁▁▁▁
wandb:                   ood/imagenet_a/acc ▆▄▂▁▃▃▅▃▄▅▄▇█▇▆▆█▇
wandb:                  ood/imagenet_a/loss ▁▁▂▃▃▅▄█▆▆▇▇▆▆▇█▇▇
wandb:             ood/imagenet_a/n_classes ▁▁▁▁▁▁▁▁▁▁▁▁▁▁▁▁▁▁
wandb:             ood/imagenet_a/n_samples ▁▁▁▁▁▁▁▁▁▁▁▁▁▁▁▁▁▁
wandb:              ood/imagenet_c/mean_acc ▁▂▂▃▄▄▅▅▆▆▆▇▇█████
wandb:       ood/imagenet_c_contrast_s3/acc ▁▁▂▂▃▃▄▄▅▅▆▆▇█████
wandb:      ood/imagenet_c_contrast_s3/loss █▇▇▆▆▅▅▄▃▃▃▂▁▁▁▁▁▁
wandb: ood/imagenet_c_contrast_s3/n_samples ▁▁▁▁▁▁▁▁▁▁▁▁▁▁▁▁▁▁
wandb:                                  +21 ...
wandb: 
wandb: Run summary:
wandb:                                epoch 25
wandb:                                   lr 1e-05
wandb:                   ood/imagenet_a/acc 3.2382
wandb:                  ood/imagenet_a/loss 5.44412
wandb:             ood/imagenet_a/n_classes 48
wandb:             ood/imagenet_a/n_samples 1822
wandb:              ood/imagenet_c/mean_acc 31.25368
wandb:       ood/imagenet_c_contrast_s3/acc 41.38235
wandb:      ood/imagenet_c_contrast_s3/loss 2.4568
wandb: ood/imagenet_c_contrast_s3/n_samples 6800
wandb:                                  +21 ...
wandb: 
wandb: 🚀 View run resnet50_derf_imagenet_ecoset_ecovalid_seed46 at: https://wandb.ai/mellebolding-university-of-amsterdam/norm-comparison/runs/iku0cdgl
wandb: ⭐️ View project at: https://wandb.ai/mellebolding-university-of-amsterdam/norm-comparison
wandb: Synced 5 W&B file(s), 0 media file(s), 36 artifact file(s) and 0 other file(s)
wandb: Find logs at: logs/resnet50_derf_imagenet_ecoset_ecovalid_seed46/wandb/run-20260317_094101-iku0cdgl/logs
