[rank0]:[W317 09:41:09.647588023 ProcessGroupNCCL.cpp:4115] [PG ID 0 PG GUID 0 Rank 0]  using GPU 0 to perform barrier as devices used by this process are currently unknown. This can potentially cause a hang if this rank to GPU mapping is incorrect.Specify device_ids in barrier() to force use of a particular device,or call init_process_group() with a device_id.
2026-03-17 09:41:10,007 [INFO] Distributed: DistributedManager(rank=0, local_rank=0, world_size=1, device=cuda:0, is_distributed=True)
2026-03-17 09:41:10,023 [INFO] Config: {'experiment_name': 'resnet50_layernorm_imagenet_ecoset_ecovalid_seed46', 'model': {'name': 'resnet50_custom', 'num_classes': 136, 'norm_layer': 'layernorm'}, 'data': {'dataset': 'imagenet_ecoset136', 'root': '/scratch-nvme/ml-datasets/imagenet/torchvision_ImageFolder', 'img_size': 224, 'backend': 'pytorch', 'num_workers': 16, 'pin_memory': True, 'persistent_workers': True, 'prefetch_factor': 2, 'gpu_transforms': True, 'random_rotation': True, 'random_rotation_degrees': 15, 'color_jitter': True, 'color_jitter_brightness': 0.2, 'color_jitter_contrast': 0.2, 'color_jitter_saturation': 0.2, 'color_jitter_hue': 0.05, 'gaussian_blur': True, 'random_grayscale': True, 'random_grayscale_p': 0.1}, 'training': {'epochs': 25, 'batch_size': 256, 'lr': 0.001, 'min_lr': 1e-05, 'weight_decay': 0.05, 'optimizer': 'adamw', 'scheduler': 'cosine', 'label_smoothing': 0.1, 'use_amp': True, 'channels_last': True, 'seed': 46, 'checkpoint_schedule': [[10, 1], [20, 2], [25, 3]], 'disable_progress_bar': True}, 'logging': {'log_dir': 'logs'}, 'ood_eval': {'enabled': True, 'source_dataset': 'imagenet_ecoset136', 'datasets_root': '/projects/prjs0771/melle/datasets', 'imagenet_c': {'during_training': True, 'corruptions_during_training': ['gaussian_noise', 'defocus_blur', 'fog', 'contrast'], 'severity_during_training': 3}, 'save_predictions': True}, 'wandb': {'enabled': True, 'project': 'norm-comparison', 'group': 'resnet50-imagenet-ecoset-ecovalid-norm-experiment', 'tags': ['imagenet_ecoset136', 'a100', 'layernorm', 'ecovalid-aug', 'resnet50', 'snellius', 'norm-experiment']}, '_machine': {'log_dir': '/projects/prjs0771/melle/projects/visionCNN/logs'}}
2026-03-17 09:41:10,023 [INFO] Run directory: logs/resnet50_layernorm_imagenet_ecoset_ecovalid_seed46
wandb: [wandb.login()] Loaded credentials for https://api.wandb.ai from /home/mbolding/.netrc.
wandb: Currently logged in as: mellebolding (mellebolding-university-of-amsterdam) to https://api.wandb.ai. Use `wandb login --relogin` to force relogin
wandb: setting up run e2g6no6c
wandb: Tracking run with wandb version 0.25.0
wandb: Run data is saved locally in logs/resnet50_layernorm_imagenet_ecoset_ecovalid_seed46/wandb/run-20260317_094110-e2g6no6c
wandb: Run `wandb offline` to turn off syncing.
wandb: Syncing run resnet50_layernorm_imagenet_ecoset_ecovalid_seed46
wandb: ⭐️ View project at https://wandb.ai/mellebolding-university-of-amsterdam/norm-comparison
wandb: 🚀 View run at https://wandb.ai/mellebolding-university-of-amsterdam/norm-comparison/runs/e2g6no6c
2026-03-17 09:41:12,188 [INFO] Weights & Biases logging enabled
2026-03-17 09:41:12,194 [INFO] Set random seed: 46 (rank offset applied)
2026-03-17 09:41:12,194 [INFO] Using device: cuda:0
2026-03-17 09:41:12,194 [INFO] World size: 1
2026-03-17 09:41:12,535 [INFO] Model: resnet50_custom, Parameters: 23,786,696
2026-03-17 09:41:12,561 [INFO] Using channels-last (NHWC) memory format
2026-03-17 09:41:12,603 [INFO] Mixed precision training: True
2026-03-17 09:41:29,054 [INFO] Using GPU-accelerated transforms to reduce CPU bottleneck
2026-03-17 09:41:29,070 [INFO] Train samples: 176411, Val samples: 6800
2026-03-17 09:41:29,070 [INFO] Effective batch size: 256 (256 x 1 GPUs)
2026-03-17 09:41:33,964 [INFO] OOD evaluation enabled: 7 datasets loaded (imagenet_r, imagenet_sketch, imagenet_a, imagenet_c_gaussian_noise_s3, imagenet_c_defocus_blur_s3, imagenet_c_fog_s3, imagenet_c_contrast_s3)
2026-03-17 09:41:33,965 [INFO] Saving per-image predictions to logs/resnet50_layernorm_imagenet_ecoset_ecovalid_seed46/predictions
2026-03-17 09:41:33,966 [INFO] Starting training for 25 epochs...
2026-03-17 09:46:15,289 [INFO] Running OOD evaluation (epoch 1)...
2026-03-17 09:47:27,284 [INFO] OOD accuracies: imagenet_a: 1.3%, imagenet_c_contrast_s3: 2.3%, imagenet_c_defocus_blur_s3: 2.6%, imagenet_c_fog_s3: 1.5%, imagenet_c_gaussian_noise_s3: 2.7%, imagenet_r: 2.3%, imagenet_sketch: 1.1%
2026-03-17 09:47:27,345 [INFO] Epoch 1/25 | Train Loss: 4.8976, Train Acc: 1.21% | Val Loss: 4.7529, Val Acc: 2.62% | LR: 0.000996 | Time: 353.4s
2026-03-17 09:47:27,748 [INFO] New best accuracy: 2.62%
2026-03-17 09:52:06,354 [INFO] Running OOD evaluation (epoch 2)...
2026-03-17 09:53:17,495 [INFO] OOD accuracies: imagenet_a: 1.5%, imagenet_c_contrast_s3: 4.8%, imagenet_c_defocus_blur_s3: 6.8%, imagenet_c_fog_s3: 2.0%, imagenet_c_gaussian_noise_s3: 6.0%, imagenet_r: 2.0%, imagenet_sketch: 2.4%
2026-03-17 09:53:17,575 [INFO] Epoch 2/25 | Train Loss: 4.6734, Train Acc: 3.88% | Val Loss: 4.4478, Val Acc: 7.50% | LR: 0.000984 | Time: 346.8s
2026-03-17 09:53:17,914 [INFO] New best accuracy: 7.50%
2026-03-17 09:57:56,013 [INFO] Running OOD evaluation (epoch 3)...
2026-03-17 09:59:08,630 [INFO] OOD accuracies: imagenet_a: 1.8%, imagenet_c_contrast_s3: 7.7%, imagenet_c_defocus_blur_s3: 11.1%, imagenet_c_fog_s3: 3.4%, imagenet_c_gaussian_noise_s3: 11.7%, imagenet_r: 4.6%, imagenet_sketch: 3.2%
2026-03-17 09:59:08,693 [INFO] Epoch 3/25 | Train Loss: 4.3674, Train Acc: 8.72% | Val Loss: 4.0846, Val Acc: 14.31% | LR: 0.000965 | Time: 348.9s
2026-03-17 09:59:08,996 [INFO] New best accuracy: 14.31%
2026-03-17 10:03:46,940 [INFO] Running OOD evaluation (epoch 4)...
2026-03-17 10:04:59,385 [INFO] OOD accuracies: imagenet_a: 1.8%, imagenet_c_contrast_s3: 11.5%, imagenet_c_defocus_blur_s3: 15.4%, imagenet_c_fog_s3: 5.8%, imagenet_c_gaussian_noise_s3: 12.4%, imagenet_r: 5.1%, imagenet_sketch: 3.0%
2026-03-17 10:04:59,462 [INFO] Epoch 4/25 | Train Loss: 4.0925, Train Acc: 14.07% | Val Loss: 3.8767, Val Acc: 17.84% | LR: 0.000939 | Time: 348.7s
2026-03-17 10:04:59,780 [INFO] New best accuracy: 17.84%
2026-03-17 10:09:37,791 [INFO] Running OOD evaluation (epoch 5)...
2026-03-17 10:10:49,126 [INFO] OOD accuracies: imagenet_a: 2.9%, imagenet_c_contrast_s3: 13.7%, imagenet_c_defocus_blur_s3: 16.6%, imagenet_c_fog_s3: 7.4%, imagenet_c_gaussian_noise_s3: 13.2%, imagenet_r: 4.8%, imagenet_sketch: 4.2%
2026-03-17 10:10:49,238 [INFO] Epoch 5/25 | Train Loss: 3.8793, Train Acc: 18.43% | Val Loss: 3.6045, Val Acc: 24.63% | LR: 0.000905 | Time: 347.1s
2026-03-17 10:10:49,572 [INFO] New best accuracy: 24.63%
2026-03-17 10:15:27,279 [INFO] Running OOD evaluation (epoch 6)...
2026-03-17 10:16:38,916 [INFO] OOD accuracies: imagenet_a: 3.0%, imagenet_c_contrast_s3: 16.1%, imagenet_c_defocus_blur_s3: 19.8%, imagenet_c_fog_s3: 9.4%, imagenet_c_gaussian_noise_s3: 12.9%, imagenet_r: 7.1%, imagenet_sketch: 4.6%
2026-03-17 10:16:39,015 [INFO] Epoch 6/25 | Train Loss: 3.7123, Train Acc: 22.12% | Val Loss: 3.4673, Val Acc: 27.44% | LR: 0.000866 | Time: 347.5s
2026-03-17 10:16:39,334 [INFO] New best accuracy: 27.44%
2026-03-17 10:21:17,287 [INFO] Running OOD evaluation (epoch 7)...
2026-03-17 10:22:31,581 [INFO] OOD accuracies: imagenet_a: 2.3%, imagenet_c_contrast_s3: 18.5%, imagenet_c_defocus_blur_s3: 23.1%, imagenet_c_fog_s3: 10.2%, imagenet_c_gaussian_noise_s3: 14.8%, imagenet_r: 5.7%, imagenet_sketch: 5.0%
2026-03-17 10:22:31,637 [INFO] Epoch 7/25 | Train Loss: 3.5771, Train Acc: 25.21% | Val Loss: 3.3471, Val Acc: 30.00% | LR: 0.000821 | Time: 350.4s
2026-03-17 10:22:31,957 [INFO] New best accuracy: 30.00%
2026-03-17 10:27:09,414 [INFO] Running OOD evaluation (epoch 8)...
2026-03-17 10:28:21,784 [INFO] OOD accuracies: imagenet_a: 3.0%, imagenet_c_contrast_s3: 21.0%, imagenet_c_defocus_blur_s3: 21.4%, imagenet_c_fog_s3: 13.8%, imagenet_c_gaussian_noise_s3: 12.9%, imagenet_r: 8.1%, imagenet_sketch: 6.1%
2026-03-17 10:28:21,885 [INFO] Epoch 8/25 | Train Loss: 3.4531, Train Acc: 28.08% | Val Loss: 3.1255, Val Acc: 35.19% | LR: 0.000770 | Time: 348.0s
2026-03-17 10:28:22,201 [INFO] New best accuracy: 35.19%
2026-03-17 10:32:59,623 [INFO] Running OOD evaluation (epoch 9)...
2026-03-17 10:34:11,080 [INFO] OOD accuracies: imagenet_a: 2.7%, imagenet_c_contrast_s3: 22.9%, imagenet_c_defocus_blur_s3: 24.7%, imagenet_c_fog_s3: 13.8%, imagenet_c_gaussian_noise_s3: 12.4%, imagenet_r: 7.9%, imagenet_sketch: 7.9%
2026-03-17 10:34:11,154 [INFO] Epoch 9/25 | Train Loss: 3.3369, Train Acc: 30.87% | Val Loss: 3.0447, Val Acc: 38.34% | LR: 0.000716 | Time: 347.1s
2026-03-17 10:34:11,490 [INFO] New best accuracy: 38.34%
2026-03-17 10:38:48,601 [INFO] Running OOD evaluation (epoch 10)...
2026-03-17 10:40:00,610 [INFO] OOD accuracies: imagenet_a: 2.3%, imagenet_c_contrast_s3: 26.3%, imagenet_c_defocus_blur_s3: 25.4%, imagenet_c_fog_s3: 17.3%, imagenet_c_gaussian_noise_s3: 14.8%, imagenet_r: 9.3%, imagenet_sketch: 7.6%
2026-03-17 10:40:00,680 [INFO] Epoch 10/25 | Train Loss: 3.2325, Train Acc: 33.58% | Val Loss: 2.9569, Val Acc: 40.88% | LR: 0.000658 | Time: 347.4s
2026-03-17 10:40:01,005 [INFO] New best accuracy: 40.88%
2026-03-17 10:44:31,409 [INFO] Epoch 11/25 | Train Loss: 3.1373, Train Acc: 35.93% | (validation skipped) | LR: 0.000598 | Time: 268.5s
2026-03-17 10:49:06,916 [INFO] Running OOD evaluation (epoch 12)...
2026-03-17 10:50:18,619 [INFO] OOD accuracies: imagenet_a: 3.0%, imagenet_c_contrast_s3: 29.4%, imagenet_c_defocus_blur_s3: 25.0%, imagenet_c_fog_s3: 16.8%, imagenet_c_gaussian_noise_s3: 11.5%, imagenet_r: 9.3%, imagenet_sketch: 9.6%
2026-03-17 10:50:18,690 [INFO] Epoch 12/25 | Train Loss: 3.0528, Train Acc: 38.00% | Val Loss: 2.7827, Val Acc: 44.97% | LR: 0.000536 | Time: 347.3s
2026-03-17 10:50:18,988 [INFO] New best accuracy: 44.97%
2026-03-17 10:54:49,778 [INFO] Epoch 13/25 | Train Loss: 2.9765, Train Acc: 40.09% | (validation skipped) | LR: 0.000474 | Time: 268.9s
2026-03-17 10:59:25,325 [INFO] Running OOD evaluation (epoch 14)...
2026-03-17 11:00:37,979 [INFO] OOD accuracies: imagenet_a: 3.5%, imagenet_c_contrast_s3: 34.3%, imagenet_c_defocus_blur_s3: 25.7%, imagenet_c_fog_s3: 18.9%, imagenet_c_gaussian_noise_s3: 15.3%, imagenet_r: 10.6%, imagenet_sketch: 10.1%
2026-03-17 11:00:38,065 [INFO] Epoch 14/25 | Train Loss: 2.8986, Train Acc: 42.07% | Val Loss: 2.6509, Val Acc: 48.99% | LR: 0.000412 | Time: 348.3s
2026-03-17 11:00:38,369 [INFO] New best accuracy: 48.99%
2026-03-17 11:05:08,639 [INFO] Epoch 15/25 | Train Loss: 2.8266, Train Acc: 43.93% | (validation skipped) | LR: 0.000352 | Time: 268.4s
2026-03-17 11:09:44,660 [INFO] Running OOD evaluation (epoch 16)...
2026-03-17 11:10:55,986 [INFO] OOD accuracies: imagenet_a: 3.2%, imagenet_c_contrast_s3: 36.6%, imagenet_c_defocus_blur_s3: 30.2%, imagenet_c_fog_s3: 20.5%, imagenet_c_gaussian_noise_s3: 13.8%, imagenet_r: 10.8%, imagenet_sketch: 12.3%
2026-03-17 11:10:56,049 [INFO] Epoch 16/25 | Train Loss: 2.7649, Train Acc: 45.63% | Val Loss: 2.5585, Val Acc: 51.53% | LR: 0.000294 | Time: 347.4s
2026-03-17 11:10:56,362 [INFO] New best accuracy: 51.53%
2026-03-17 11:15:26,611 [INFO] Epoch 17/25 | Train Loss: 2.7044, Train Acc: 47.07% | (validation skipped) | LR: 0.000240 | Time: 268.5s
2026-03-17 11:20:02,476 [INFO] Running OOD evaluation (epoch 18)...
2026-03-17 11:21:14,545 [INFO] OOD accuracies: imagenet_a: 3.2%, imagenet_c_contrast_s3: 40.1%, imagenet_c_defocus_blur_s3: 31.2%, imagenet_c_fog_s3: 22.9%, imagenet_c_gaussian_noise_s3: 14.9%, imagenet_r: 12.2%, imagenet_sketch: 13.4%
2026-03-17 11:21:14,597 [INFO] Epoch 18/25 | Train Loss: 2.6560, Train Acc: 48.47% | Val Loss: 2.4811, Val Acc: 53.25% | LR: 0.000189 | Time: 348.0s
2026-03-17 11:21:14,936 [INFO] New best accuracy: 53.25%
2026-03-17 11:25:45,251 [INFO] Epoch 19/25 | Train Loss: 2.6076, Train Acc: 49.87% | (validation skipped) | LR: 0.000144 | Time: 268.4s
2026-03-17 11:30:21,134 [INFO] Running OOD evaluation (epoch 20)...
2026-03-17 11:31:32,362 [INFO] OOD accuracies: imagenet_a: 3.6%, imagenet_c_contrast_s3: 40.0%, imagenet_c_defocus_blur_s3: 32.4%, imagenet_c_fog_s3: 23.2%, imagenet_c_gaussian_noise_s3: 13.8%, imagenet_r: 11.9%, imagenet_sketch: 14.1%
2026-03-17 11:31:32,449 [INFO] Epoch 20/25 | Train Loss: 2.5638, Train Acc: 51.10% | Val Loss: 2.3913, Val Acc: 56.22% | LR: 0.000105 | Time: 347.2s
2026-03-17 11:31:32,789 [INFO] New best accuracy: 56.22%
2026-03-17 11:36:10,571 [INFO] Running OOD evaluation (epoch 21)...
2026-03-17 11:37:22,700 [INFO] OOD accuracies: imagenet_a: 3.6%, imagenet_c_contrast_s3: 41.8%, imagenet_c_defocus_blur_s3: 32.7%, imagenet_c_fog_s3: 24.1%, imagenet_c_gaussian_noise_s3: 16.2%, imagenet_r: 12.0%, imagenet_sketch: 13.1%
2026-03-17 11:37:22,737 [INFO] Epoch 21/25 | Train Loss: 2.5251, Train Acc: 52.27% | Val Loss: 2.3865, Val Acc: 56.66% | LR: 0.000071 | Time: 348.2s
2026-03-17 11:37:23,040 [INFO] New best accuracy: 56.66%
2026-03-17 11:41:53,189 [INFO] Epoch 22/25 | Train Loss: 2.4957, Train Acc: 52.89% | (validation skipped) | LR: 0.000045 | Time: 268.4s
2026-03-17 11:46:21,569 [INFO] Epoch 23/25 | Train Loss: 2.4735, Train Acc: 53.60% | (validation skipped) | LR: 0.000026 | Time: 268.4s
2026-03-17 11:50:57,193 [INFO] Running OOD evaluation (epoch 24)...
2026-03-17 11:52:08,554 [INFO] OOD accuracies: imagenet_a: 3.3%, imagenet_c_contrast_s3: 42.5%, imagenet_c_defocus_blur_s3: 34.1%, imagenet_c_fog_s3: 23.8%, imagenet_c_gaussian_noise_s3: 16.6%, imagenet_r: 12.6%, imagenet_sketch: 14.4%
2026-03-17 11:52:08,607 [INFO] Epoch 24/25 | Train Loss: 2.4536, Train Acc: 54.23% | Val Loss: 2.3331, Val Acc: 58.03% | LR: 0.000014 | Time: 347.0s
2026-03-17 11:52:08,920 [INFO] New best accuracy: 58.03%
2026-03-17 11:56:46,661 [INFO] Running OOD evaluation (epoch 25)...
2026-03-17 11:57:58,273 [INFO] OOD accuracies: imagenet_a: 3.5%, imagenet_c_contrast_s3: 42.8%, imagenet_c_defocus_blur_s3: 33.8%, imagenet_c_fog_s3: 24.8%, imagenet_c_gaussian_noise_s3: 15.6%, imagenet_r: 12.5%, imagenet_sketch: 14.5%
2026-03-17 11:57:58,394 [INFO] Epoch 25/25 | Train Loss: 2.4434, Train Acc: 54.46% | Val Loss: 2.3233, Val Acc: 58.16% | LR: 0.000010 | Time: 347.6s
2026-03-17 11:57:58,808 [INFO] New best accuracy: 58.16%
2026-03-17 11:58:00,554 [INFO] Training complete! Best accuracy: 58.16%
2026-03-17 11:58:00,554 [INFO] Outputs saved to: logs/resnet50_layernorm_imagenet_ecoset_ecovalid_seed46
wandb: uploading artifact resnet50_layernorm_imagenet_ecoset_ecovalid_seed46-best
wandb: uploading artifact resnet50_layernorm_imagenet_ecoset_ecovalid_seed46-best; uploading config.yaml
wandb: uploading artifact resnet50_layernorm_imagenet_ecoset_ecovalid_seed46-best
wandb: uploading artifact resnet50_layernorm_imagenet_ecoset_ecovalid_seed46-best; uploading history steps 24-24, summary, console lines 89-93
wandb: uploading artifact resnet50_layernorm_imagenet_ecoset_ecovalid_seed46-best
wandb: uploading data
wandb: 
wandb: Run history:
wandb:                                epoch ▁▁▂▂▂▂▃▃▃▄▄▄▅▅▅▅▆▆▆▇▇▇▇██
wandb:                                   lr ████▇▇▇▆▆▆▅▅▄▄▃▃▃▂▂▂▁▁▁▁▁
wandb:                   ood/imagenet_a/acc ▁▂▂▂▆▆▄▆▅▄▆█▇▇██▇█
wandb:                  ood/imagenet_a/loss ▁▃▄█▅▄▇▆▆▇▆▇▆▇▅█▇▇
wandb:             ood/imagenet_a/n_classes ▁▁▁▁▁▁▁▁▁▁▁▁▁▁▁▁▁▁
wandb:             ood/imagenet_a/n_samples ▁▁▁▁▁▁▁▁▁▁▁▁▁▁▁▁▁▁
wandb:              ood/imagenet_c/mean_acc ▁▂▃▃▄▄▅▅▅▆▆▇▇▇▇███
wandb:       ood/imagenet_c_contrast_s3/acc ▁▁▂▃▃▃▄▄▅▅▆▇▇█████
wandb:      ood/imagenet_c_contrast_s3/loss █▇▇▆▅▅▅▄▄▃▃▂▂▁▁▁▁▁
wandb: ood/imagenet_c_contrast_s3/n_samples ▁▁▁▁▁▁▁▁▁▁▁▁▁▁▁▁▁▁
wandb:                                  +21 ...
wandb: 
wandb: Run summary:
wandb:                                epoch 25
wandb:                                   lr 1e-05
wandb:                   ood/imagenet_a/acc 3.51262
wandb:                  ood/imagenet_a/loss 5.38834
wandb:             ood/imagenet_a/n_classes 48
wandb:             ood/imagenet_a/n_samples 1822
wandb:              ood/imagenet_c/mean_acc 29.26103
wandb:       ood/imagenet_c_contrast_s3/acc 42.79412
wandb:      ood/imagenet_c_contrast_s3/loss 2.4156
wandb: ood/imagenet_c_contrast_s3/n_samples 6800
wandb:                                  +21 ...
wandb: 
wandb: 🚀 View run resnet50_layernorm_imagenet_ecoset_ecovalid_seed46 at: https://wandb.ai/mellebolding-university-of-amsterdam/norm-comparison/runs/e2g6no6c
wandb: ⭐️ View project at: https://wandb.ai/mellebolding-university-of-amsterdam/norm-comparison
wandb: Synced 5 W&B file(s), 0 media file(s), 36 artifact file(s) and 0 other file(s)
wandb: Find logs at: logs/resnet50_layernorm_imagenet_ecoset_ecovalid_seed46/wandb/run-20260317_094110-e2g6no6c/logs
