[rank0]:[W323 10:37:15.376584603 ProcessGroupNCCL.cpp:4115] [PG ID 0 PG GUID 0 Rank 0]  using GPU 0 to perform barrier as devices used by this process are currently unknown. This can potentially cause a hang if this rank to GPU mapping is incorrect.Specify device_ids in barrier() to force use of a particular device,or call init_process_group() with a device_id.
2026-03-23 10:37:15,789 [INFO] Distributed: DistributedManager(rank=0, local_rank=0, world_size=1, device=cuda:0, is_distributed=True)
2026-03-23 10:37:15,789 [INFO] Config: {'experiment_name': 'resnet50_localnorm_k1_imagenet_ecoset_ecovalid_seed42', 'model': {'name': 'resnet50_custom', 'num_classes': 136, 'norm_layer': 'localnorm_k1'}, 'data': {'dataset': 'imagenet_ecoset136', 'root': '/scratch-nvme/ml-datasets/imagenet/torchvision_ImageFolder', 'img_size': 224, 'backend': 'pytorch', 'num_workers': 16, 'pin_memory': True, 'persistent_workers': True, 'prefetch_factor': 2, 'gpu_transforms': True, 'random_rotation': True, 'random_rotation_degrees': 15, 'color_jitter': True, 'color_jitter_brightness': 0.2, 'color_jitter_contrast': 0.2, 'color_jitter_saturation': 0.2, 'color_jitter_hue': 0.05, 'gaussian_blur': True, 'random_grayscale': True, 'random_grayscale_p': 0.1}, 'training': {'epochs': 25, 'batch_size': 128, 'lr': 0.001, 'min_lr': 1e-05, 'weight_decay': 0.05, 'optimizer': 'adamw', 'scheduler': 'cosine', 'label_smoothing': 0.1, 'use_amp': True, 'channels_last': True, 'seed': 42, 'checkpoint_schedule': [[10, 1], [20, 2], [25, 3]], 'disable_progress_bar': True}, 'logging': {'log_dir': 'logs'}, 'ood_eval': {'enabled': True, 'source_dataset': 'imagenet_ecoset136', 'datasets_root': '/projects/prjs0771/melle/datasets', 'imagenet_c': {'during_training': True, 'corruptions_during_training': ['gaussian_noise', 'defocus_blur', 'fog', 'contrast'], 'severity_during_training': 3}, 'save_predictions': True}, 'wandb': {'enabled': True, 'project': 'norm-comparison', 'group': 'resnet50-imagenet-ecoset-ecovalid-norm-experiment', 'tags': ['imagenet_ecoset136', 'resnet50', 'norm-experiment', 'snellius', 'a100', 'ecovalid-aug', 'localnorm_k1']}, '_machine': {'log_dir': '/projects/prjs0771/melle/projects/visionCNN/logs'}}
2026-03-23 10:37:15,789 [INFO] Run directory: logs/resnet50_localnorm_k1_imagenet_ecoset_ecovalid_seed42
wandb: [wandb.login()] Loaded credentials for https://api.wandb.ai from /home/mbolding/.netrc.
wandb: Currently logged in as: mellebolding (mellebolding-university-of-amsterdam) to https://api.wandb.ai. Use `wandb login --relogin` to force relogin
wandb: setting up run mqdtlnfb
wandb: Tracking run with wandb version 0.25.0
wandb: Run data is saved locally in logs/resnet50_localnorm_k1_imagenet_ecoset_ecovalid_seed42/wandb/run-20260323_103716-mqdtlnfb
wandb: Run `wandb offline` to turn off syncing.
wandb: Syncing run resnet50_localnorm_k1_imagenet_ecoset_ecovalid_seed42
wandb: ⭐️ View project at https://wandb.ai/mellebolding-university-of-amsterdam/norm-comparison
wandb: 🚀 View run at https://wandb.ai/mellebolding-university-of-amsterdam/norm-comparison/runs/mqdtlnfb
2026-03-23 10:37:17,806 [INFO] Weights & Biases logging enabled
2026-03-23 10:37:17,813 [INFO] Set random seed: 42 (rank offset applied)
2026-03-23 10:37:17,814 [INFO] Using device: cuda:0
2026-03-23 10:37:17,814 [INFO] World size: 1
2026-03-23 10:37:18,155 [INFO] Model: resnet50_custom, Parameters: 23,786,696
2026-03-23 10:37:18,190 [INFO] Using channels-last (NHWC) memory format
2026-03-23 10:37:18,229 [INFO] Mixed precision training: True
2026-03-23 10:39:00,513 [INFO] Using GPU-accelerated transforms to reduce CPU bottleneck
2026-03-23 10:39:00,513 [INFO] Train samples: 176411, Val samples: 6800
2026-03-23 10:39:00,513 [INFO] Effective batch size: 128 (128 x 1 GPUs)
2026-03-23 10:40:28,983 [INFO] OOD evaluation enabled: 7 datasets loaded (imagenet_r, imagenet_sketch, imagenet_a, imagenet_c_gaussian_noise_s3, imagenet_c_defocus_blur_s3, imagenet_c_fog_s3, imagenet_c_contrast_s3)
2026-03-23 10:40:28,985 [INFO] Saving per-image predictions to logs/resnet50_localnorm_k1_imagenet_ecoset_ecovalid_seed42/predictions
2026-03-23 10:40:28,985 [INFO] Starting training for 25 epochs...
2026-03-23 10:47:27,134 [INFO] Running OOD evaluation (epoch 1)...
2026-03-23 10:48:50,517 [INFO] OOD accuracies: imagenet_a: 1.2%, imagenet_c_contrast_s3: 4.8%, imagenet_c_defocus_blur_s3: 9.0%, imagenet_c_fog_s3: 5.5%, imagenet_c_gaussian_noise_s3: 4.2%, imagenet_r: 3.0%, imagenet_sketch: 4.0%
2026-03-23 10:48:50,578 [INFO] Epoch 1/25 | Train Loss: 4.4596, Train Acc: 7.44% | Val Loss: 3.9871, Val Acc: 14.75% | LR: 0.000996 | Time: 501.6s
2026-03-23 10:48:50,905 [INFO] New best accuracy: 14.75%
2026-03-23 10:55:50,807 [INFO] Running OOD evaluation (epoch 2)...
2026-03-23 10:57:02,355 [INFO] OOD accuracies: imagenet_a: 1.7%, imagenet_c_contrast_s3: 6.9%, imagenet_c_defocus_blur_s3: 7.5%, imagenet_c_fog_s3: 7.8%, imagenet_c_gaussian_noise_s3: 7.1%, imagenet_r: 5.0%, imagenet_sketch: 7.2%
2026-03-23 10:57:02,422 [INFO] Epoch 2/25 | Train Loss: 3.9281, Train Acc: 16.65% | Val Loss: 3.6510, Val Acc: 23.47% | LR: 0.000984 | Time: 485.5s
2026-03-23 10:57:02,758 [INFO] New best accuracy: 23.47%
2026-03-23 11:03:58,557 [INFO] Running OOD evaluation (epoch 3)...
2026-03-23 11:05:09,690 [INFO] OOD accuracies: imagenet_a: 2.2%, imagenet_c_contrast_s3: 10.1%, imagenet_c_defocus_blur_s3: 10.4%, imagenet_c_fog_s3: 10.8%, imagenet_c_gaussian_noise_s3: 8.5%, imagenet_r: 7.5%, imagenet_sketch: 8.9%
2026-03-23 11:05:09,754 [INFO] Epoch 3/25 | Train Loss: 3.6080, Train Acc: 23.73% | Val Loss: 3.2562, Val Acc: 32.65% | LR: 0.000965 | Time: 485.0s
2026-03-23 11:05:10,070 [INFO] New best accuracy: 32.65%
2026-03-23 11:12:05,948 [INFO] Running OOD evaluation (epoch 4)...
2026-03-23 11:13:19,131 [INFO] OOD accuracies: imagenet_a: 1.5%, imagenet_c_contrast_s3: 13.0%, imagenet_c_defocus_blur_s3: 13.4%, imagenet_c_fog_s3: 16.2%, imagenet_c_gaussian_noise_s3: 9.9%, imagenet_r: 5.7%, imagenet_sketch: 10.3%
2026-03-23 11:13:19,200 [INFO] Epoch 4/25 | Train Loss: 3.3600, Train Acc: 29.81% | Val Loss: 3.2231, Val Acc: 34.87% | LR: 0.000939 | Time: 487.2s
2026-03-23 11:13:19,534 [INFO] New best accuracy: 34.87%
2026-03-23 11:20:15,528 [INFO] Running OOD evaluation (epoch 5)...
2026-03-23 11:21:34,722 [INFO] OOD accuracies: imagenet_a: 2.2%, imagenet_c_contrast_s3: 15.2%, imagenet_c_defocus_blur_s3: 12.5%, imagenet_c_fog_s3: 22.6%, imagenet_c_gaussian_noise_s3: 16.4%, imagenet_r: 9.0%, imagenet_sketch: 14.6%
2026-03-23 11:21:34,792 [INFO] Epoch 5/25 | Train Loss: 3.1539, Train Acc: 34.86% | Val Loss: 2.8312, Val Acc: 43.25% | LR: 0.000905 | Time: 493.3s
2026-03-23 11:21:35,112 [INFO] New best accuracy: 43.25%
2026-03-23 11:28:31,057 [INFO] Running OOD evaluation (epoch 6)...
2026-03-23 11:29:42,310 [INFO] OOD accuracies: imagenet_a: 2.1%, imagenet_c_contrast_s3: 20.4%, imagenet_c_defocus_blur_s3: 16.1%, imagenet_c_fog_s3: 22.7%, imagenet_c_gaussian_noise_s3: 18.3%, imagenet_r: 10.5%, imagenet_sketch: 13.9%
2026-03-23 11:29:42,359 [INFO] Epoch 6/25 | Train Loss: 2.9729, Train Acc: 39.54% | Val Loss: 2.7651, Val Acc: 45.40% | LR: 0.000866 | Time: 485.2s
2026-03-23 11:29:42,717 [INFO] New best accuracy: 45.40%
2026-03-23 11:36:38,776 [INFO] Running OOD evaluation (epoch 7)...
2026-03-23 11:37:59,446 [INFO] OOD accuracies: imagenet_a: 2.8%, imagenet_c_contrast_s3: 20.5%, imagenet_c_defocus_blur_s3: 19.5%, imagenet_c_fog_s3: 27.9%, imagenet_c_gaussian_noise_s3: 15.2%, imagenet_r: 10.8%, imagenet_sketch: 13.1%
2026-03-23 11:37:59,551 [INFO] Epoch 7/25 | Train Loss: 2.8350, Train Acc: 43.47% | Val Loss: 2.5994, Val Acc: 49.66% | LR: 0.000821 | Time: 494.8s
2026-03-23 11:37:59,906 [INFO] New best accuracy: 49.66%
2026-03-23 11:44:55,982 [INFO] Running OOD evaluation (epoch 8)...
2026-03-23 11:46:06,172 [INFO] OOD accuracies: imagenet_a: 3.0%, imagenet_c_contrast_s3: 20.8%, imagenet_c_defocus_blur_s3: 22.8%, imagenet_c_fog_s3: 28.5%, imagenet_c_gaussian_noise_s3: 22.1%, imagenet_r: 12.4%, imagenet_sketch: 18.4%
2026-03-23 11:46:06,232 [INFO] Epoch 8/25 | Train Loss: 2.7119, Train Acc: 46.59% | Val Loss: 2.4477, Val Acc: 53.28% | LR: 0.000770 | Time: 484.2s
2026-03-23 11:46:06,558 [INFO] New best accuracy: 53.28%
2026-03-23 11:53:02,882 [INFO] Running OOD evaluation (epoch 9)...
2026-03-23 11:54:24,038 [INFO] OOD accuracies: imagenet_a: 3.0%, imagenet_c_contrast_s3: 24.3%, imagenet_c_defocus_blur_s3: 23.6%, imagenet_c_fog_s3: 29.9%, imagenet_c_gaussian_noise_s3: 19.8%, imagenet_r: 12.4%, imagenet_sketch: 18.0%
2026-03-23 11:54:24,079 [INFO] Epoch 9/25 | Train Loss: 2.6091, Train Acc: 49.48% | Val Loss: 2.3835, Val Acc: 55.21% | LR: 0.000716 | Time: 495.7s
2026-03-23 11:54:24,399 [INFO] New best accuracy: 55.21%
2026-03-23 12:01:19,165 [INFO] Running OOD evaluation (epoch 10)...
2026-03-23 12:02:28,797 [INFO] OOD accuracies: imagenet_a: 2.7%, imagenet_c_contrast_s3: 30.7%, imagenet_c_defocus_blur_s3: 23.6%, imagenet_c_fog_s3: 32.7%, imagenet_c_gaussian_noise_s3: 18.7%, imagenet_r: 12.8%, imagenet_sketch: 17.3%
2026-03-23 12:02:28,864 [INFO] Epoch 10/25 | Train Loss: 2.5187, Train Acc: 51.91% | Val Loss: 2.3009, Val Acc: 57.68% | LR: 0.000658 | Time: 482.6s
2026-03-23 12:02:29,203 [INFO] New best accuracy: 57.68%
2026-03-23 12:09:19,185 [INFO] Epoch 11/25 | Train Loss: 2.4477, Train Acc: 54.00% | (validation skipped) | LR: 0.000598 | Time: 408.1s
2026-03-23 12:16:13,133 [INFO] Running OOD evaluation (epoch 12)...
2026-03-23 12:17:32,460 [INFO] OOD accuracies: imagenet_a: 3.0%, imagenet_c_contrast_s3: 28.2%, imagenet_c_defocus_blur_s3: 19.5%, imagenet_c_fog_s3: 34.3%, imagenet_c_gaussian_noise_s3: 15.5%, imagenet_r: 14.8%, imagenet_sketch: 20.5%
2026-03-23 12:17:32,518 [INFO] Epoch 12/25 | Train Loss: 2.3707, Train Acc: 56.17% | Val Loss: 2.1475, Val Acc: 62.35% | LR: 0.000536 | Time: 493.3s
2026-03-23 12:17:32,866 [INFO] New best accuracy: 62.35%
2026-03-23 12:24:22,671 [INFO] Epoch 13/25 | Train Loss: 2.3028, Train Acc: 57.99% | (validation skipped) | LR: 0.000474 | Time: 407.9s
