[rank0]:[W323 10:37:20.072733487 ProcessGroupNCCL.cpp:4115] [PG ID 0 PG GUID 0 Rank 0]  using GPU 0 to perform barrier as devices used by this process are currently unknown. This can potentially cause a hang if this rank to GPU mapping is incorrect.Specify device_ids in barrier() to force use of a particular device,or call init_process_group() with a device_id.
2026-03-23 10:37:21,124 [INFO] Distributed: DistributedManager(rank=0, local_rank=0, world_size=1, device=cuda:0, is_distributed=True)
2026-03-23 10:37:21,124 [INFO] Config: {'experiment_name': 'resnet50_localnorm_k4_imagenet_ecoset_ecovalid_seed45', 'model': {'name': 'resnet50_custom', 'num_classes': 136, 'norm_layer': 'localnorm_k4'}, 'data': {'dataset': 'imagenet_ecoset136', 'root': '/scratch-nvme/ml-datasets/imagenet/torchvision_ImageFolder', 'img_size': 224, 'backend': 'pytorch', 'num_workers': 16, 'pin_memory': True, 'persistent_workers': True, 'prefetch_factor': 2, 'gpu_transforms': True, 'random_rotation': True, 'random_rotation_degrees': 15, 'color_jitter': True, 'color_jitter_brightness': 0.2, 'color_jitter_contrast': 0.2, 'color_jitter_saturation': 0.2, 'color_jitter_hue': 0.05, 'gaussian_blur': True, 'random_grayscale': True, 'random_grayscale_p': 0.1}, 'training': {'epochs': 25, 'batch_size': 128, 'lr': 0.001, 'min_lr': 1e-05, 'weight_decay': 0.05, 'optimizer': 'adamw', 'scheduler': 'cosine', 'label_smoothing': 0.1, 'use_amp': True, 'channels_last': True, 'seed': 45, 'checkpoint_schedule': [[10, 1], [20, 2], [25, 3]], 'disable_progress_bar': True}, 'logging': {'log_dir': 'logs'}, 'ood_eval': {'enabled': True, 'source_dataset': 'imagenet_ecoset136', 'datasets_root': '/projects/prjs0771/melle/datasets', 'imagenet_c': {'during_training': True, 'corruptions_during_training': ['gaussian_noise', 'defocus_blur', 'fog', 'contrast'], 'severity_during_training': 3}, 'save_predictions': True}, 'wandb': {'enabled': True, 'project': 'norm-comparison', 'group': 'resnet50-imagenet-ecoset-ecovalid-norm-experiment', 'tags': ['norm-experiment', 'resnet50', 'a100', 'ecovalid-aug', 'imagenet_ecoset136', 'localnorm_k4', 'snellius']}, '_machine': {'log_dir': '/projects/prjs0771/melle/projects/visionCNN/logs'}}
2026-03-23 10:37:21,124 [INFO] Run directory: logs/resnet50_localnorm_k4_imagenet_ecoset_ecovalid_seed45
wandb: [wandb.login()] Loaded credentials for https://api.wandb.ai from /home/mbolding/.netrc.
wandb: Currently logged in as: mellebolding (mellebolding-university-of-amsterdam) to https://api.wandb.ai. Use `wandb login --relogin` to force relogin
wandb: setting up run t8k15lt1
wandb: Tracking run with wandb version 0.25.0
wandb: Run data is saved locally in logs/resnet50_localnorm_k4_imagenet_ecoset_ecovalid_seed45/wandb/run-20260323_103721-t8k15lt1
wandb: Run `wandb offline` to turn off syncing.
wandb: Syncing run resnet50_localnorm_k4_imagenet_ecoset_ecovalid_seed45
wandb: ⭐️ View project at https://wandb.ai/mellebolding-university-of-amsterdam/norm-comparison
wandb: 🚀 View run at https://wandb.ai/mellebolding-university-of-amsterdam/norm-comparison/runs/t8k15lt1
2026-03-23 10:37:22,477 [INFO] Weights & Biases logging enabled
2026-03-23 10:37:22,481 [INFO] Set random seed: 45 (rank offset applied)
2026-03-23 10:37:22,481 [INFO] Using device: cuda:0
2026-03-23 10:37:22,481 [INFO] World size: 1
2026-03-23 10:37:22,819 [INFO] Model: resnet50_custom, Parameters: 23,946,056
2026-03-23 10:37:22,855 [INFO] Using channels-last (NHWC) memory format
2026-03-23 10:37:22,901 [INFO] Mixed precision training: True
2026-03-23 10:37:43,616 [INFO] Using GPU-accelerated transforms to reduce CPU bottleneck
2026-03-23 10:37:43,617 [INFO] Train samples: 176411, Val samples: 6800
2026-03-23 10:37:43,617 [INFO] Effective batch size: 128 (128 x 1 GPUs)
2026-03-23 10:37:54,738 [INFO] OOD evaluation enabled: 7 datasets loaded (imagenet_r, imagenet_sketch, imagenet_a, imagenet_c_gaussian_noise_s3, imagenet_c_defocus_blur_s3, imagenet_c_fog_s3, imagenet_c_contrast_s3)
2026-03-23 10:37:54,739 [INFO] Saving per-image predictions to logs/resnet50_localnorm_k4_imagenet_ecoset_ecovalid_seed45/predictions
2026-03-23 10:37:54,739 [INFO] Starting training for 25 epochs...
2026-03-23 10:45:57,051 [INFO] Running OOD evaluation (epoch 1)...
2026-03-23 10:47:00,401 [INFO] OOD accuracies: imagenet_a: 1.2%, imagenet_c_contrast_s3: 4.3%, imagenet_c_defocus_blur_s3: 7.1%, imagenet_c_fog_s3: 5.8%, imagenet_c_gaussian_noise_s3: 4.2%, imagenet_r: 4.1%, imagenet_sketch: 3.5%
2026-03-23 10:47:00,456 [INFO] Epoch 1/25 | Train Loss: 4.5041, Train Acc: 6.49% | Val Loss: 4.0955, Val Acc: 13.72% | LR: 0.000996 | Time: 545.7s
2026-03-23 10:47:00,777 [INFO] New best accuracy: 13.72%
2026-03-23 10:55:02,486 [INFO] Running OOD evaluation (epoch 2)...
2026-03-23 10:56:05,021 [INFO] OOD accuracies: imagenet_a: 1.7%, imagenet_c_contrast_s3: 7.6%, imagenet_c_defocus_blur_s3: 12.5%, imagenet_c_fog_s3: 9.8%, imagenet_c_gaussian_noise_s3: 8.5%, imagenet_r: 5.6%, imagenet_sketch: 5.6%
2026-03-23 10:56:05,098 [INFO] Epoch 2/25 | Train Loss: 4.0464, Train Acc: 14.26% | Val Loss: 3.6979, Val Acc: 22.25% | LR: 0.000984 | Time: 541.2s
2026-03-23 10:56:05,467 [INFO] New best accuracy: 22.25%
2026-03-23 11:04:05,591 [INFO] Running OOD evaluation (epoch 3)...
2026-03-23 11:05:08,972 [INFO] OOD accuracies: imagenet_a: 1.8%, imagenet_c_contrast_s3: 8.8%, imagenet_c_defocus_blur_s3: 9.4%, imagenet_c_fog_s3: 10.0%, imagenet_c_gaussian_noise_s3: 12.5%, imagenet_r: 7.4%, imagenet_sketch: 8.0%
2026-03-23 11:05:09,014 [INFO] Epoch 3/25 | Train Loss: 3.7303, Train Acc: 21.02% | Val Loss: 3.3200, Val Acc: 30.12% | LR: 0.000965 | Time: 541.4s
2026-03-23 11:05:09,353 [INFO] New best accuracy: 30.12%
2026-03-23 11:13:09,597 [INFO] Running OOD evaluation (epoch 4)...
2026-03-23 11:14:12,954 [INFO] OOD accuracies: imagenet_a: 2.2%, imagenet_c_contrast_s3: 11.7%, imagenet_c_defocus_blur_s3: 18.2%, imagenet_c_fog_s3: 17.6%, imagenet_c_gaussian_noise_s3: 13.1%, imagenet_r: 7.6%, imagenet_sketch: 8.3%
2026-03-23 11:14:12,996 [INFO] Epoch 4/25 | Train Loss: 3.4784, Train Acc: 26.95% | Val Loss: 3.2516, Val Acc: 31.84% | LR: 0.000939 | Time: 541.7s
2026-03-23 11:14:13,309 [INFO] New best accuracy: 31.84%
2026-03-23 11:22:13,499 [INFO] Running OOD evaluation (epoch 5)...
2026-03-23 11:23:18,560 [INFO] OOD accuracies: imagenet_a: 2.2%, imagenet_c_contrast_s3: 14.3%, imagenet_c_defocus_blur_s3: 16.5%, imagenet_c_fog_s3: 20.3%, imagenet_c_gaussian_noise_s3: 11.9%, imagenet_r: 7.9%, imagenet_sketch: 9.8%
2026-03-23 11:23:18,611 [INFO] Epoch 5/25 | Train Loss: 3.2696, Train Acc: 32.03% | Val Loss: 2.9276, Val Acc: 40.19% | LR: 0.000905 | Time: 543.5s
2026-03-23 11:23:18,921 [INFO] New best accuracy: 40.19%
2026-03-23 11:31:18,991 [INFO] Running OOD evaluation (epoch 6)...
2026-03-23 11:32:22,823 [INFO] OOD accuracies: imagenet_a: 2.6%, imagenet_c_contrast_s3: 19.4%, imagenet_c_defocus_blur_s3: 14.7%, imagenet_c_fog_s3: 23.7%, imagenet_c_gaussian_noise_s3: 11.6%, imagenet_r: 10.0%, imagenet_sketch: 12.2%
2026-03-23 11:32:22,869 [INFO] Epoch 6/25 | Train Loss: 3.0947, Train Acc: 36.57% | Val Loss: 2.7028, Val Acc: 46.76% | LR: 0.000866 | Time: 542.1s
2026-03-23 11:32:23,176 [INFO] New best accuracy: 46.76%
2026-03-23 11:40:23,274 [INFO] Running OOD evaluation (epoch 7)...
2026-03-23 11:41:36,599 [INFO] OOD accuracies: imagenet_a: 2.6%, imagenet_c_contrast_s3: 20.5%, imagenet_c_defocus_blur_s3: 20.0%, imagenet_c_fog_s3: 25.7%, imagenet_c_gaussian_noise_s3: 15.6%, imagenet_r: 10.4%, imagenet_sketch: 15.2%
2026-03-23 11:41:36,640 [INFO] Epoch 7/25 | Train Loss: 2.9502, Train Acc: 40.37% | Val Loss: 2.7291, Val Acc: 47.16% | LR: 0.000821 | Time: 551.5s
2026-03-23 11:41:36,950 [INFO] New best accuracy: 47.16%
2026-03-23 11:49:36,891 [INFO] Running OOD evaluation (epoch 8)...
2026-03-23 11:50:43,969 [INFO] OOD accuracies: imagenet_a: 2.1%, imagenet_c_contrast_s3: 23.0%, imagenet_c_defocus_blur_s3: 19.6%, imagenet_c_fog_s3: 27.7%, imagenet_c_gaussian_noise_s3: 19.6%, imagenet_r: 10.4%, imagenet_sketch: 15.4%
2026-03-23 11:50:44,046 [INFO] Epoch 8/25 | Train Loss: 2.8356, Train Acc: 43.49% | Val Loss: 2.5535, Val Acc: 51.25% | LR: 0.000770 | Time: 545.3s
2026-03-23 11:50:44,580 [INFO] New best accuracy: 51.25%
2026-03-23 11:58:45,172 [INFO] Running OOD evaluation (epoch 9)...
2026-03-23 11:59:48,002 [INFO] OOD accuracies: imagenet_a: 2.5%, imagenet_c_contrast_s3: 24.2%, imagenet_c_defocus_blur_s3: 23.8%, imagenet_c_fog_s3: 31.2%, imagenet_c_gaussian_noise_s3: 12.6%, imagenet_r: 11.4%, imagenet_sketch: 15.4%
2026-03-23 11:59:48,072 [INFO] Epoch 9/25 | Train Loss: 2.7260, Train Acc: 46.41% | Val Loss: 2.4163, Val Acc: 54.25% | LR: 0.000716 | Time: 541.4s
2026-03-23 11:59:48,390 [INFO] New best accuracy: 54.25%
2026-03-23 12:07:49,492 [INFO] Running OOD evaluation (epoch 10)...
2026-03-23 12:08:53,346 [INFO] OOD accuracies: imagenet_a: 2.7%, imagenet_c_contrast_s3: 24.2%, imagenet_c_defocus_blur_s3: 23.8%, imagenet_c_fog_s3: 33.7%, imagenet_c_gaussian_noise_s3: 20.0%, imagenet_r: 13.0%, imagenet_sketch: 18.3%
2026-03-23 12:08:53,369 [INFO] Epoch 10/25 | Train Loss: 2.6397, Train Acc: 48.89% | Val Loss: 2.3624, Val Acc: 56.22% | LR: 0.000658 | Time: 543.1s
2026-03-23 12:08:53,765 [INFO] New best accuracy: 56.22%
2026-03-23 12:16:49,106 [INFO] Epoch 11/25 | Train Loss: 2.5573, Train Acc: 51.11% | (validation skipped) | LR: 0.000598 | Time: 473.5s
