[rank0]:[W323 10:37:13.437981372 ProcessGroupNCCL.cpp:4115] [PG ID 0 PG GUID 0 Rank 0]  using GPU 0 to perform barrier as devices used by this process are currently unknown. This can potentially cause a hang if this rank to GPU mapping is incorrect.Specify device_ids in barrier() to force use of a particular device,or call init_process_group() with a device_id.
2026-03-23 10:37:14,183 [INFO] Distributed: DistributedManager(rank=0, local_rank=0, world_size=1, device=cuda:0, is_distributed=True)
2026-03-23 10:37:14,183 [INFO] Config: {'experiment_name': 'resnet50_localnorm_k1_imagenet_ecoset_ecovalid_seed46', 'model': {'name': 'resnet50_custom', 'num_classes': 136, 'norm_layer': 'localnorm_k1'}, 'data': {'dataset': 'imagenet_ecoset136', 'root': '/scratch-nvme/ml-datasets/imagenet/torchvision_ImageFolder', 'img_size': 224, 'backend': 'pytorch', 'num_workers': 16, 'pin_memory': True, 'persistent_workers': True, 'prefetch_factor': 2, 'gpu_transforms': True, 'random_rotation': True, 'random_rotation_degrees': 15, 'color_jitter': True, 'color_jitter_brightness': 0.2, 'color_jitter_contrast': 0.2, 'color_jitter_saturation': 0.2, 'color_jitter_hue': 0.05, 'gaussian_blur': True, 'random_grayscale': True, 'random_grayscale_p': 0.1}, 'training': {'epochs': 25, 'batch_size': 128, 'lr': 0.001, 'min_lr': 1e-05, 'weight_decay': 0.05, 'optimizer': 'adamw', 'scheduler': 'cosine', 'label_smoothing': 0.1, 'use_amp': True, 'channels_last': True, 'seed': 46, 'checkpoint_schedule': [[10, 1], [20, 2], [25, 3]], 'disable_progress_bar': True}, 'logging': {'log_dir': 'logs'}, 'ood_eval': {'enabled': True, 'source_dataset': 'imagenet_ecoset136', 'datasets_root': '/projects/prjs0771/melle/datasets', 'imagenet_c': {'during_training': True, 'corruptions_during_training': ['gaussian_noise', 'defocus_blur', 'fog', 'contrast'], 'severity_during_training': 3}, 'save_predictions': True}, 'wandb': {'enabled': True, 'project': 'norm-comparison', 'group': 'resnet50-imagenet-ecoset-ecovalid-norm-experiment', 'tags': ['ecovalid-aug', 'resnet50', 'snellius', 'a100', 'norm-experiment', 'imagenet_ecoset136', 'localnorm_k1']}, '_machine': {'log_dir': '/projects/prjs0771/melle/projects/visionCNN/logs'}}
2026-03-23 10:37:14,183 [INFO] Run directory: logs/resnet50_localnorm_k1_imagenet_ecoset_ecovalid_seed46
wandb: [wandb.login()] Loaded credentials for https://api.wandb.ai from /home/mbolding/.netrc.
wandb: Currently logged in as: mellebolding (mellebolding-university-of-amsterdam) to https://api.wandb.ai. Use `wandb login --relogin` to force relogin
wandb: setting up run fto2c4lm
wandb: Tracking run with wandb version 0.25.0
wandb: Run data is saved locally in logs/resnet50_localnorm_k1_imagenet_ecoset_ecovalid_seed46/wandb/run-20260323_103714-fto2c4lm
wandb: Run `wandb offline` to turn off syncing.
wandb: Syncing run resnet50_localnorm_k1_imagenet_ecoset_ecovalid_seed46
wandb: ⭐️ View project at https://wandb.ai/mellebolding-university-of-amsterdam/norm-comparison
wandb: 🚀 View run at https://wandb.ai/mellebolding-university-of-amsterdam/norm-comparison/runs/fto2c4lm
2026-03-23 10:37:15,641 [INFO] Weights & Biases logging enabled
2026-03-23 10:37:15,645 [INFO] Set random seed: 46 (rank offset applied)
2026-03-23 10:37:15,645 [INFO] Using device: cuda:0
2026-03-23 10:37:15,645 [INFO] World size: 1
2026-03-23 10:37:15,981 [INFO] Model: resnet50_custom, Parameters: 23,786,696
2026-03-23 10:37:16,013 [INFO] Using channels-last (NHWC) memory format
2026-03-23 10:37:16,062 [INFO] Mixed precision training: True
2026-03-23 10:37:35,724 [INFO] Using GPU-accelerated transforms to reduce CPU bottleneck
2026-03-23 10:37:35,724 [INFO] Train samples: 176411, Val samples: 6800
2026-03-23 10:37:35,724 [INFO] Effective batch size: 128 (128 x 1 GPUs)
2026-03-23 10:37:40,545 [INFO] OOD evaluation enabled: 7 datasets loaded (imagenet_r, imagenet_sketch, imagenet_a, imagenet_c_gaussian_noise_s3, imagenet_c_defocus_blur_s3, imagenet_c_fog_s3, imagenet_c_contrast_s3)
2026-03-23 10:37:40,546 [INFO] Saving per-image predictions to logs/resnet50_localnorm_k1_imagenet_ecoset_ecovalid_seed46/predictions
2026-03-23 10:37:40,546 [INFO] Starting training for 25 epochs...
2026-03-23 10:44:37,880 [INFO] Running OOD evaluation (epoch 1)...
2026-03-23 10:45:50,557 [INFO] OOD accuracies: imagenet_a: 1.1%, imagenet_c_contrast_s3: 5.2%, imagenet_c_defocus_blur_s3: 7.9%, imagenet_c_fog_s3: 5.7%, imagenet_c_gaussian_noise_s3: 6.1%, imagenet_r: 4.8%, imagenet_sketch: 4.0%
2026-03-23 10:45:50,641 [INFO] Epoch 1/25 | Train Loss: 4.4050, Train Acc: 8.37% | Val Loss: 4.1525, Val Acc: 15.99% | LR: 0.000996 | Time: 490.1s
2026-03-23 10:45:51,002 [INFO] New best accuracy: 15.99%
2026-03-23 10:52:47,128 [INFO] Running OOD evaluation (epoch 2)...
2026-03-23 10:54:00,949 [INFO] OOD accuracies: imagenet_a: 1.9%, imagenet_c_contrast_s3: 8.7%, imagenet_c_defocus_blur_s3: 8.4%, imagenet_c_fog_s3: 11.6%, imagenet_c_gaussian_noise_s3: 10.6%, imagenet_r: 6.3%, imagenet_sketch: 6.7%
2026-03-23 10:54:01,024 [INFO] Epoch 2/25 | Train Loss: 3.8439, Train Acc: 18.46% | Val Loss: 3.5297, Val Acc: 26.59% | LR: 0.000984 | Time: 486.7s
2026-03-23 10:54:01,443 [INFO] New best accuracy: 26.59%
2026-03-23 11:00:56,372 [INFO] Running OOD evaluation (epoch 3)...
2026-03-23 11:01:59,961 [INFO] OOD accuracies: imagenet_a: 2.7%, imagenet_c_contrast_s3: 13.9%, imagenet_c_defocus_blur_s3: 12.7%, imagenet_c_fog_s3: 16.8%, imagenet_c_gaussian_noise_s3: 5.2%, imagenet_r: 6.4%, imagenet_sketch: 7.4%
2026-03-23 11:02:00,033 [INFO] Epoch 3/25 | Train Loss: 3.4987, Train Acc: 26.33% | Val Loss: 3.3768, Val Acc: 31.16% | LR: 0.000965 | Time: 476.7s
2026-03-23 11:02:00,377 [INFO] New best accuracy: 31.16%
2026-03-23 11:08:56,764 [INFO] Running OOD evaluation (epoch 4)...
2026-03-23 11:10:07,775 [INFO] OOD accuracies: imagenet_a: 2.2%, imagenet_c_contrast_s3: 14.4%, imagenet_c_defocus_blur_s3: 12.3%, imagenet_c_fog_s3: 19.0%, imagenet_c_gaussian_noise_s3: 10.4%, imagenet_r: 9.2%, imagenet_sketch: 11.9%
2026-03-23 11:10:07,890 [INFO] Epoch 4/25 | Train Loss: 3.2345, Train Acc: 32.71% | Val Loss: 2.9467, Val Acc: 39.71% | LR: 0.000939 | Time: 485.6s
2026-03-23 11:10:08,214 [INFO] New best accuracy: 39.71%
2026-03-23 11:17:02,908 [INFO] Running OOD evaluation (epoch 5)...
2026-03-23 11:18:14,898 [INFO] OOD accuracies: imagenet_a: 2.5%, imagenet_c_contrast_s3: 19.1%, imagenet_c_defocus_blur_s3: 17.2%, imagenet_c_fog_s3: 23.3%, imagenet_c_gaussian_noise_s3: 15.7%, imagenet_r: 9.0%, imagenet_sketch: 11.7%
2026-03-23 11:18:14,975 [INFO] Epoch 5/25 | Train Loss: 3.0239, Train Acc: 38.46% | Val Loss: 2.7082, Val Acc: 47.10% | LR: 0.000905 | Time: 484.9s
2026-03-23 11:18:15,282 [INFO] New best accuracy: 47.10%
2026-03-23 11:25:10,334 [INFO] Running OOD evaluation (epoch 6)...
2026-03-23 11:26:22,867 [INFO] OOD accuracies: imagenet_a: 2.3%, imagenet_c_contrast_s3: 20.4%, imagenet_c_defocus_blur_s3: 19.7%, imagenet_c_fog_s3: 24.8%, imagenet_c_gaussian_noise_s3: 17.4%, imagenet_r: 10.1%, imagenet_sketch: 11.9%
2026-03-23 11:26:22,961 [INFO] Epoch 6/25 | Train Loss: 2.8544, Train Acc: 42.77% | Val Loss: 2.5602, Val Acc: 50.69% | LR: 0.000866 | Time: 485.7s
2026-03-23 11:26:23,291 [INFO] New best accuracy: 50.69%
2026-03-23 11:33:18,192 [INFO] Running OOD evaluation (epoch 7)...
2026-03-23 11:34:23,300 [INFO] OOD accuracies: imagenet_a: 2.7%, imagenet_c_contrast_s3: 23.4%, imagenet_c_defocus_blur_s3: 21.7%, imagenet_c_fog_s3: 28.2%, imagenet_c_gaussian_noise_s3: 18.3%, imagenet_r: 9.9%, imagenet_sketch: 15.4%
2026-03-23 11:34:23,390 [INFO] Epoch 7/25 | Train Loss: 2.7221, Train Acc: 46.36% | Val Loss: 2.4444, Val Acc: 53.29% | LR: 0.000821 | Time: 478.3s
2026-03-23 11:34:23,735 [INFO] New best accuracy: 53.29%
2026-03-23 11:41:18,345 [INFO] Running OOD evaluation (epoch 8)...
2026-03-23 11:42:24,582 [INFO] OOD accuracies: imagenet_a: 2.4%, imagenet_c_contrast_s3: 27.1%, imagenet_c_defocus_blur_s3: 20.7%, imagenet_c_fog_s3: 33.3%, imagenet_c_gaussian_noise_s3: 20.4%, imagenet_r: 12.4%, imagenet_sketch: 17.0%
2026-03-23 11:42:24,605 [INFO] Epoch 8/25 | Train Loss: 2.6181, Train Acc: 49.31% | Val Loss: 2.3504, Val Acc: 56.43% | LR: 0.000770 | Time: 479.1s
2026-03-23 11:42:24,970 [INFO] New best accuracy: 56.43%
2026-03-23 11:49:19,772 [INFO] Running OOD evaluation (epoch 9)...
2026-03-23 11:50:32,680 [INFO] OOD accuracies: imagenet_a: 3.6%, imagenet_c_contrast_s3: 28.0%, imagenet_c_defocus_blur_s3: 22.1%, imagenet_c_fog_s3: 33.1%, imagenet_c_gaussian_noise_s3: 20.9%, imagenet_r: 12.6%, imagenet_sketch: 15.9%
2026-03-23 11:50:32,805 [INFO] Epoch 9/25 | Train Loss: 2.5199, Train Acc: 51.90% | Val Loss: 2.2671, Val Acc: 58.25% | LR: 0.000716 | Time: 486.0s
2026-03-23 11:50:33,143 [INFO] New best accuracy: 58.25%
2026-03-23 11:57:28,226 [INFO] Running OOD evaluation (epoch 10)...
2026-03-23 11:58:32,168 [INFO] OOD accuracies: imagenet_a: 2.7%, imagenet_c_contrast_s3: 30.0%, imagenet_c_defocus_blur_s3: 22.5%, imagenet_c_fog_s3: 35.3%, imagenet_c_gaussian_noise_s3: 15.3%, imagenet_r: 15.8%, imagenet_sketch: 21.1%
2026-03-23 11:58:32,244 [INFO] Epoch 10/25 | Train Loss: 2.4331, Train Acc: 54.31% | Val Loss: 2.2075, Val Acc: 59.75% | LR: 0.000658 | Time: 477.0s
2026-03-23 11:58:32,558 [INFO] New best accuracy: 59.75%
2026-03-23 12:05:22,717 [INFO] Epoch 11/25 | Train Loss: 2.3613, Train Acc: 56.31% | (validation skipped) | LR: 0.000598 | Time: 408.4s
2026-03-23 12:12:15,889 [INFO] Running OOD evaluation (epoch 12)...
2026-03-23 12:13:24,511 [INFO] OOD accuracies: imagenet_a: 3.7%, imagenet_c_contrast_s3: 31.7%, imagenet_c_defocus_blur_s3: 27.0%, imagenet_c_fog_s3: 36.8%, imagenet_c_gaussian_noise_s3: 21.9%, imagenet_r: 16.4%, imagenet_sketch: 22.2%
2026-03-23 12:13:24,590 [INFO] Epoch 12/25 | Train Loss: 2.2954, Train Acc: 58.24% | Val Loss: 2.0600, Val Acc: 64.37% | LR: 0.000536 | Time: 481.8s
2026-03-23 12:13:24,950 [INFO] New best accuracy: 64.37%
2026-03-23 12:20:15,056 [INFO] Epoch 13/25 | Train Loss: 2.2288, Train Acc: 60.07% | (validation skipped) | LR: 0.000474 | Time: 408.2s
