[rank0]:[W323 10:37:30.032946523 ProcessGroupNCCL.cpp:4115] [PG ID 0 PG GUID 0 Rank 0]  using GPU 0 to perform barrier as devices used by this process are currently unknown. This can potentially cause a hang if this rank to GPU mapping is incorrect.Specify device_ids in barrier() to force use of a particular device,or call init_process_group() with a device_id.
2026-03-23 10:37:30,741 [INFO] Distributed: DistributedManager(rank=0, local_rank=0, world_size=1, device=cuda:0, is_distributed=True)
2026-03-23 10:37:30,741 [INFO] Config: {'experiment_name': 'resnet50_localnorm_k16_imagenet_ecoset_ecovalid_seed45', 'model': {'name': 'resnet50_custom', 'num_classes': 136, 'norm_layer': 'localnorm_k16'}, 'data': {'dataset': 'imagenet_ecoset136', 'root': '/scratch-nvme/ml-datasets/imagenet/torchvision_ImageFolder', 'img_size': 224, 'backend': 'pytorch', 'num_workers': 16, 'pin_memory': True, 'persistent_workers': True, 'prefetch_factor': 2, 'gpu_transforms': True, 'random_rotation': True, 'random_rotation_degrees': 15, 'color_jitter': True, 'color_jitter_brightness': 0.2, 'color_jitter_contrast': 0.2, 'color_jitter_saturation': 0.2, 'color_jitter_hue': 0.05, 'gaussian_blur': True, 'random_grayscale': True, 'random_grayscale_p': 0.1}, 'training': {'epochs': 25, 'batch_size': 128, 'lr': 0.001, 'min_lr': 1e-05, 'weight_decay': 0.05, 'optimizer': 'adamw', 'scheduler': 'cosine', 'label_smoothing': 0.1, 'use_amp': True, 'channels_last': True, 'seed': 45, 'checkpoint_schedule': [[10, 1], [20, 2], [25, 3]], 'disable_progress_bar': True}, 'logging': {'log_dir': 'logs'}, 'ood_eval': {'enabled': True, 'source_dataset': 'imagenet_ecoset136', 'datasets_root': '/projects/prjs0771/melle/datasets', 'imagenet_c': {'during_training': True, 'corruptions_during_training': ['gaussian_noise', 'defocus_blur', 'fog', 'contrast'], 'severity_during_training': 3}, 'save_predictions': True}, 'wandb': {'enabled': True, 'project': 'norm-comparison', 'group': 'resnet50-imagenet-ecoset-ecovalid-norm-experiment', 'tags': ['snellius', 'ecovalid-aug', 'norm-experiment', 'imagenet_ecoset136', 'a100', 'localnorm_k16', 'resnet50']}, '_machine': {'log_dir': '/projects/prjs0771/melle/projects/visionCNN/logs'}}
2026-03-23 10:37:30,741 [INFO] Run directory: logs/resnet50_localnorm_k16_imagenet_ecoset_ecovalid_seed45
wandb: [wandb.login()] Loaded credentials for https://api.wandb.ai from /home/mbolding/.netrc.
wandb: Currently logged in as: mellebolding (mellebolding-university-of-amsterdam) to https://api.wandb.ai. Use `wandb login --relogin` to force relogin
wandb: setting up run b5wx1t1a
wandb: Tracking run with wandb version 0.25.0
wandb: Run data is saved locally in logs/resnet50_localnorm_k16_imagenet_ecoset_ecovalid_seed45/wandb/run-20260323_103731-b5wx1t1a
wandb: Run `wandb offline` to turn off syncing.
wandb: Syncing run resnet50_localnorm_k16_imagenet_ecoset_ecovalid_seed45
wandb: ⭐️ View project at https://wandb.ai/mellebolding-university-of-amsterdam/norm-comparison
wandb: 🚀 View run at https://wandb.ai/mellebolding-university-of-amsterdam/norm-comparison/runs/b5wx1t1a
2026-03-23 10:37:32,210 [INFO] Weights & Biases logging enabled
2026-03-23 10:37:32,212 [INFO] Set random seed: 45 (rank offset applied)
2026-03-23 10:37:32,212 [INFO] Using device: cuda:0
2026-03-23 10:37:32,212 [INFO] World size: 1
2026-03-23 10:37:32,546 [INFO] Model: resnet50_custom, Parameters: 24,583,496
2026-03-23 10:37:32,581 [INFO] Using channels-last (NHWC) memory format
2026-03-23 10:37:32,620 [INFO] Mixed precision training: True
2026-03-23 10:37:48,945 [INFO] Using GPU-accelerated transforms to reduce CPU bottleneck
2026-03-23 10:37:48,946 [INFO] Train samples: 176411, Val samples: 6800
2026-03-23 10:37:48,946 [INFO] Effective batch size: 128 (128 x 1 GPUs)
2026-03-23 10:37:53,584 [INFO] OOD evaluation enabled: 7 datasets loaded (imagenet_r, imagenet_sketch, imagenet_a, imagenet_c_gaussian_noise_s3, imagenet_c_defocus_blur_s3, imagenet_c_fog_s3, imagenet_c_contrast_s3)
2026-03-23 10:37:53,585 [INFO] Saving per-image predictions to logs/resnet50_localnorm_k16_imagenet_ecoset_ecovalid_seed45/predictions
2026-03-23 10:37:53,585 [INFO] Starting training for 25 epochs...
2026-03-23 10:53:44,676 [INFO] Running OOD evaluation (epoch 1)...
2026-03-23 10:54:46,494 [INFO] OOD accuracies: imagenet_a: 1.0%, imagenet_c_contrast_s3: 4.5%, imagenet_c_defocus_blur_s3: 7.9%, imagenet_c_fog_s3: 4.9%, imagenet_c_gaussian_noise_s3: 4.5%, imagenet_r: 3.8%, imagenet_sketch: 3.2%
2026-03-23 10:54:46,533 [INFO] Epoch 1/25 | Train Loss: 4.6069, Train Acc: 5.09% | Val Loss: 4.1363, Val Acc: 12.62% | LR: 0.000996 | Time: 1012.9s
2026-03-23 10:54:46,865 [INFO] New best accuracy: 12.62%
2026-03-23 11:10:34,384 [INFO] Running OOD evaluation (epoch 2)...
2026-03-23 11:11:37,394 [INFO] OOD accuracies: imagenet_a: 1.3%, imagenet_c_contrast_s3: 7.1%, imagenet_c_defocus_blur_s3: 10.7%, imagenet_c_fog_s3: 7.3%, imagenet_c_gaussian_noise_s3: 8.1%, imagenet_r: 5.2%, imagenet_sketch: 4.8%
2026-03-23 11:11:37,442 [INFO] Epoch 2/25 | Train Loss: 4.1651, Train Acc: 12.20% | Val Loss: 3.9343, Val Acc: 18.97% | LR: 0.000984 | Time: 1007.0s
2026-03-23 11:11:37,772 [INFO] New best accuracy: 18.97%
2026-03-23 11:27:26,257 [INFO] Running OOD evaluation (epoch 3)...
2026-03-23 11:28:30,186 [INFO] OOD accuracies: imagenet_a: 1.9%, imagenet_c_contrast_s3: 9.4%, imagenet_c_defocus_blur_s3: 10.8%, imagenet_c_fog_s3: 11.9%, imagenet_c_gaussian_noise_s3: 10.6%, imagenet_r: 7.8%, imagenet_sketch: 7.9%
2026-03-23 11:28:30,284 [INFO] Epoch 3/25 | Train Loss: 3.8422, Train Acc: 18.73% | Val Loss: 3.4339, Val Acc: 29.47% | LR: 0.000965 | Time: 1010.6s
2026-03-23 11:28:30,615 [INFO] New best accuracy: 29.47%
2026-03-23 11:44:19,049 [INFO] Running OOD evaluation (epoch 4)...
2026-03-23 11:45:26,653 [INFO] OOD accuracies: imagenet_a: 2.5%, imagenet_c_contrast_s3: 10.2%, imagenet_c_defocus_blur_s3: 16.4%, imagenet_c_fog_s3: 15.9%, imagenet_c_gaussian_noise_s3: 9.3%, imagenet_r: 8.1%, imagenet_sketch: 10.6%
2026-03-23 11:45:26,676 [INFO] Epoch 4/25 | Train Loss: 3.5913, Train Acc: 24.63% | Val Loss: 3.2562, Val Acc: 33.68% | LR: 0.000939 | Time: 1014.2s
2026-03-23 11:45:27,125 [INFO] New best accuracy: 33.68%
2026-03-23 12:01:16,469 [INFO] Running OOD evaluation (epoch 5)...
2026-03-23 12:02:19,463 [INFO] OOD accuracies: imagenet_a: 1.5%, imagenet_c_contrast_s3: 15.7%, imagenet_c_defocus_blur_s3: 17.2%, imagenet_c_fog_s3: 18.9%, imagenet_c_gaussian_noise_s3: 12.4%, imagenet_r: 9.6%, imagenet_sketch: 11.2%
2026-03-23 12:02:19,488 [INFO] Epoch 5/25 | Train Loss: 3.3881, Train Acc: 29.61% | Val Loss: 3.1700, Val Acc: 37.94% | LR: 0.000905 | Time: 1010.5s
2026-03-23 12:02:19,847 [INFO] New best accuracy: 37.94%
2026-03-23 12:18:07,424 [INFO] Running OOD evaluation (epoch 6)...
2026-03-23 12:19:13,422 [INFO] OOD accuracies: imagenet_a: 2.0%, imagenet_c_contrast_s3: 16.2%, imagenet_c_defocus_blur_s3: 15.7%, imagenet_c_fog_s3: 22.3%, imagenet_c_gaussian_noise_s3: 10.6%, imagenet_r: 10.2%, imagenet_sketch: 10.8%
2026-03-23 12:19:13,445 [INFO] Epoch 6/25 | Train Loss: 3.2121, Train Acc: 33.92% | Val Loss: 2.9068, Val Acc: 43.15% | LR: 0.000866 | Time: 1011.7s
2026-03-23 12:19:13,772 [INFO] New best accuracy: 43.15%
