[rank0]:[W323 10:37:28.031567829 ProcessGroupNCCL.cpp:4115] [PG ID 0 PG GUID 0 Rank 0]  using GPU 0 to perform barrier as devices used by this process are currently unknown. This can potentially cause a hang if this rank to GPU mapping is incorrect.Specify device_ids in barrier() to force use of a particular device,or call init_process_group() with a device_id.
2026-03-23 10:37:28,316 [INFO] Distributed: DistributedManager(rank=0, local_rank=0, world_size=1, device=cuda:0, is_distributed=True)
2026-03-23 10:37:28,316 [INFO] Config: {'experiment_name': 'resnet50_localnorm_k8_imagenet_ecoset_ecovalid_seed43', 'model': {'name': 'resnet50_custom', 'num_classes': 136, 'norm_layer': 'localnorm_k8'}, 'data': {'dataset': 'imagenet_ecoset136', 'root': '/scratch-nvme/ml-datasets/imagenet/torchvision_ImageFolder', 'img_size': 224, 'backend': 'pytorch', 'num_workers': 16, 'pin_memory': True, 'persistent_workers': True, 'prefetch_factor': 2, 'gpu_transforms': True, 'random_rotation': True, 'random_rotation_degrees': 15, 'color_jitter': True, 'color_jitter_brightness': 0.2, 'color_jitter_contrast': 0.2, 'color_jitter_saturation': 0.2, 'color_jitter_hue': 0.05, 'gaussian_blur': True, 'random_grayscale': True, 'random_grayscale_p': 0.1}, 'training': {'epochs': 25, 'batch_size': 128, 'lr': 0.001, 'min_lr': 1e-05, 'weight_decay': 0.05, 'optimizer': 'adamw', 'scheduler': 'cosine', 'label_smoothing': 0.1, 'use_amp': True, 'channels_last': True, 'seed': 43, 'checkpoint_schedule': [[10, 1], [20, 2], [25, 3]], 'disable_progress_bar': True}, 'logging': {'log_dir': 'logs'}, 'ood_eval': {'enabled': True, 'source_dataset': 'imagenet_ecoset136', 'datasets_root': '/projects/prjs0771/melle/datasets', 'imagenet_c': {'during_training': True, 'corruptions_during_training': ['gaussian_noise', 'defocus_blur', 'fog', 'contrast'], 'severity_during_training': 3}, 'save_predictions': True}, 'wandb': {'enabled': True, 'project': 'norm-comparison', 'group': 'resnet50-imagenet-ecoset-ecovalid-norm-experiment', 'tags': ['norm-experiment', 'a100', 'ecovalid-aug', 'localnorm_k8', 'imagenet_ecoset136', 'snellius', 'resnet50']}, '_machine': {'log_dir': '/projects/prjs0771/melle/projects/visionCNN/logs'}}
2026-03-23 10:37:28,316 [INFO] Run directory: logs/resnet50_localnorm_k8_imagenet_ecoset_ecovalid_seed43
wandb: [wandb.login()] Loaded credentials for https://api.wandb.ai from /home/mbolding/.netrc.
wandb: Currently logged in as: mellebolding (mellebolding-university-of-amsterdam) to https://api.wandb.ai. Use `wandb login --relogin` to force relogin
wandb: setting up run rf0d5qy2
wandb: Tracking run with wandb version 0.25.0
wandb: Run data is saved locally in logs/resnet50_localnorm_k8_imagenet_ecoset_ecovalid_seed43/wandb/run-20260323_103728-rf0d5qy2
wandb: Run `wandb offline` to turn off syncing.
wandb: Syncing run resnet50_localnorm_k8_imagenet_ecoset_ecovalid_seed43
wandb: ⭐️ View project at https://wandb.ai/mellebolding-university-of-amsterdam/norm-comparison
wandb: 🚀 View run at https://wandb.ai/mellebolding-university-of-amsterdam/norm-comparison/runs/rf0d5qy2
2026-03-23 10:37:29,781 [INFO] Weights & Biases logging enabled
2026-03-23 10:37:29,785 [INFO] Set random seed: 43 (rank offset applied)
2026-03-23 10:37:29,785 [INFO] Using device: cuda:0
2026-03-23 10:37:29,785 [INFO] World size: 1
2026-03-23 10:37:30,121 [INFO] Model: resnet50_custom, Parameters: 24,158,536
2026-03-23 10:37:30,157 [INFO] Using channels-last (NHWC) memory format
2026-03-23 10:37:30,206 [INFO] Mixed precision training: True
2026-03-23 10:37:46,668 [INFO] Using GPU-accelerated transforms to reduce CPU bottleneck
2026-03-23 10:37:46,669 [INFO] Train samples: 176411, Val samples: 6800
2026-03-23 10:37:46,669 [INFO] Effective batch size: 128 (128 x 1 GPUs)
2026-03-23 10:37:51,419 [INFO] OOD evaluation enabled: 7 datasets loaded (imagenet_r, imagenet_sketch, imagenet_a, imagenet_c_gaussian_noise_s3, imagenet_c_defocus_blur_s3, imagenet_c_fog_s3, imagenet_c_contrast_s3)
2026-03-23 10:37:51,420 [INFO] Saving per-image predictions to logs/resnet50_localnorm_k8_imagenet_ecoset_ecovalid_seed43/predictions
2026-03-23 10:37:51,420 [INFO] Starting training for 25 epochs...
2026-03-23 10:48:09,221 [INFO] Running OOD evaluation (epoch 1)...
2026-03-23 10:49:14,001 [INFO] OOD accuracies: imagenet_a: 1.3%, imagenet_c_contrast_s3: 5.1%, imagenet_c_defocus_blur_s3: 7.9%, imagenet_c_fog_s3: 5.1%, imagenet_c_gaussian_noise_s3: 5.1%, imagenet_r: 3.7%, imagenet_sketch: 3.2%
2026-03-23 10:49:14,057 [INFO] Epoch 1/25 | Train Loss: 4.5053, Train Acc: 6.60% | Val Loss: 4.0418, Val Acc: 14.91% | LR: 0.000996 | Time: 682.6s
2026-03-23 10:49:14,397 [INFO] New best accuracy: 14.91%
2026-03-23 10:59:29,096 [INFO] Running OOD evaluation (epoch 2)...
2026-03-23 11:00:34,039 [INFO] OOD accuracies: imagenet_a: 1.3%, imagenet_c_contrast_s3: 8.7%, imagenet_c_defocus_blur_s3: 10.6%, imagenet_c_fog_s3: 9.5%, imagenet_c_gaussian_noise_s3: 7.9%, imagenet_r: 6.6%, imagenet_sketch: 7.9%
2026-03-23 11:00:34,126 [INFO] Epoch 2/25 | Train Loss: 4.0088, Train Acc: 15.09% | Val Loss: 3.5395, Val Acc: 25.31% | LR: 0.000984 | Time: 676.3s
2026-03-23 11:00:34,460 [INFO] New best accuracy: 25.31%
2026-03-23 11:10:50,581 [INFO] Running OOD evaluation (epoch 3)...
2026-03-23 11:11:52,941 [INFO] OOD accuracies: imagenet_a: 2.0%, imagenet_c_contrast_s3: 12.1%, imagenet_c_defocus_blur_s3: 12.4%, imagenet_c_fog_s3: 12.9%, imagenet_c_gaussian_noise_s3: 5.9%, imagenet_r: 6.0%, imagenet_sketch: 9.2%
2026-03-23 11:11:53,026 [INFO] Epoch 3/25 | Train Loss: 3.6937, Train Acc: 22.07% | Val Loss: 3.4273, Val Acc: 30.28% | LR: 0.000965 | Time: 676.7s
2026-03-23 11:11:53,346 [INFO] New best accuracy: 30.28%
2026-03-23 11:22:09,905 [INFO] Running OOD evaluation (epoch 4)...
2026-03-23 11:23:18,006 [INFO] OOD accuracies: imagenet_a: 1.6%, imagenet_c_contrast_s3: 15.0%, imagenet_c_defocus_blur_s3: 15.4%, imagenet_c_fog_s3: 18.7%, imagenet_c_gaussian_noise_s3: 11.8%, imagenet_r: 7.7%, imagenet_sketch: 9.6%
2026-03-23 11:23:18,083 [INFO] Epoch 4/25 | Train Loss: 3.4444, Train Acc: 28.09% | Val Loss: 3.0669, Val Acc: 37.78% | LR: 0.000939 | Time: 682.9s
2026-03-23 11:23:18,398 [INFO] New best accuracy: 37.78%
2026-03-23 11:33:34,168 [INFO] Running OOD evaluation (epoch 5)...
2026-03-23 11:34:37,357 [INFO] OOD accuracies: imagenet_a: 2.2%, imagenet_c_contrast_s3: 15.3%, imagenet_c_defocus_blur_s3: 15.7%, imagenet_c_fog_s3: 20.9%, imagenet_c_gaussian_noise_s3: 12.4%, imagenet_r: 9.3%, imagenet_sketch: 12.6%
2026-03-23 11:34:37,458 [INFO] Epoch 5/25 | Train Loss: 3.2356, Train Acc: 33.32% | Val Loss: 2.8782, Val Acc: 41.76% | LR: 0.000905 | Time: 677.1s
2026-03-23 11:34:37,795 [INFO] New best accuracy: 41.76%
2026-03-23 11:44:53,122 [INFO] Running OOD evaluation (epoch 6)...
2026-03-23 11:45:56,097 [INFO] OOD accuracies: imagenet_a: 3.0%, imagenet_c_contrast_s3: 21.3%, imagenet_c_defocus_blur_s3: 17.8%, imagenet_c_fog_s3: 27.4%, imagenet_c_gaussian_noise_s3: 12.8%, imagenet_r: 10.9%, imagenet_sketch: 11.9%
2026-03-23 11:45:56,191 [INFO] Epoch 6/25 | Train Loss: 3.0680, Train Acc: 37.48% | Val Loss: 2.7543, Val Acc: 45.46% | LR: 0.000866 | Time: 676.4s
2026-03-23 11:45:56,512 [INFO] New best accuracy: 45.46%
2026-03-23 11:56:11,676 [INFO] Running OOD evaluation (epoch 7)...
2026-03-23 11:57:19,049 [INFO] OOD accuracies: imagenet_a: 2.4%, imagenet_c_contrast_s3: 21.6%, imagenet_c_defocus_blur_s3: 21.2%, imagenet_c_fog_s3: 27.6%, imagenet_c_gaussian_noise_s3: 18.8%, imagenet_r: 14.1%, imagenet_sketch: 17.8%
2026-03-23 11:57:19,141 [INFO] Epoch 7/25 | Train Loss: 2.9259, Train Acc: 41.41% | Val Loss: 2.5758, Val Acc: 50.97% | LR: 0.000821 | Time: 680.6s
2026-03-23 11:57:19,452 [INFO] New best accuracy: 50.97%
2026-03-23 12:07:36,018 [INFO] Running OOD evaluation (epoch 8)...
2026-03-23 12:08:41,013 [INFO] OOD accuracies: imagenet_a: 3.5%, imagenet_c_contrast_s3: 27.4%, imagenet_c_defocus_blur_s3: 23.0%, imagenet_c_fog_s3: 32.6%, imagenet_c_gaussian_noise_s3: 11.8%, imagenet_r: 13.5%, imagenet_sketch: 17.2%
2026-03-23 12:08:41,082 [INFO] Epoch 8/25 | Train Loss: 2.8117, Train Acc: 44.30% | Val Loss: 2.4480, Val Acc: 53.99% | LR: 0.000770 | Time: 679.6s
2026-03-23 12:08:41,406 [INFO] New best accuracy: 53.99%
2026-03-23 12:18:57,742 [INFO] Running OOD evaluation (epoch 9)...
2026-03-23 12:20:01,860 [INFO] OOD accuracies: imagenet_a: 2.2%, imagenet_c_contrast_s3: 32.8%, imagenet_c_defocus_blur_s3: 25.1%, imagenet_c_fog_s3: 36.0%, imagenet_c_gaussian_noise_s3: 19.1%, imagenet_r: 13.5%, imagenet_sketch: 17.6%
2026-03-23 12:20:01,948 [INFO] Epoch 9/25 | Train Loss: 2.7181, Train Acc: 46.80% | Val Loss: 2.3829, Val Acc: 56.10% | LR: 0.000716 | Time: 678.6s
2026-03-23 12:20:02,267 [INFO] New best accuracy: 56.10%
