[rank0]:[W323 10:37:22.843912002 ProcessGroupNCCL.cpp:4115] [PG ID 0 PG GUID 0 Rank 0]  using GPU 0 to perform barrier as devices used by this process are currently unknown. This can potentially cause a hang if this rank to GPU mapping is incorrect.Specify device_ids in barrier() to force use of a particular device,or call init_process_group() with a device_id.
2026-03-23 10:37:22,499 [INFO] Distributed: DistributedManager(rank=0, local_rank=0, world_size=1, device=cuda:0, is_distributed=True)
2026-03-23 10:37:22,499 [INFO] Config: {'experiment_name': 'resnet50_localnorm_k16_imagenet_ecoset_ecovalid_seed42', 'model': {'name': 'resnet50_custom', 'num_classes': 136, 'norm_layer': 'localnorm_k16'}, 'data': {'dataset': 'imagenet_ecoset136', 'root': '/scratch-nvme/ml-datasets/imagenet/torchvision_ImageFolder', 'img_size': 224, 'backend': 'pytorch', 'num_workers': 16, 'pin_memory': True, 'persistent_workers': True, 'prefetch_factor': 2, 'gpu_transforms': True, 'random_rotation': True, 'random_rotation_degrees': 15, 'color_jitter': True, 'color_jitter_brightness': 0.2, 'color_jitter_contrast': 0.2, 'color_jitter_saturation': 0.2, 'color_jitter_hue': 0.05, 'gaussian_blur': True, 'random_grayscale': True, 'random_grayscale_p': 0.1}, 'training': {'epochs': 25, 'batch_size': 128, 'lr': 0.001, 'min_lr': 1e-05, 'weight_decay': 0.05, 'optimizer': 'adamw', 'scheduler': 'cosine', 'label_smoothing': 0.1, 'use_amp': True, 'channels_last': True, 'seed': 42, 'checkpoint_schedule': [[10, 1], [20, 2], [25, 3]], 'disable_progress_bar': True}, 'logging': {'log_dir': 'logs'}, 'ood_eval': {'enabled': True, 'source_dataset': 'imagenet_ecoset136', 'datasets_root': '/projects/prjs0771/melle/datasets', 'imagenet_c': {'during_training': True, 'corruptions_during_training': ['gaussian_noise', 'defocus_blur', 'fog', 'contrast'], 'severity_during_training': 3}, 'save_predictions': True}, 'wandb': {'enabled': True, 'project': 'norm-comparison', 'group': 'resnet50-imagenet-ecoset-ecovalid-norm-experiment', 'tags': ['a100', 'imagenet_ecoset136', 'snellius', 'resnet50', 'ecovalid-aug', 'norm-experiment', 'localnorm_k16']}, '_machine': {'log_dir': '/projects/prjs0771/melle/projects/visionCNN/logs'}}
2026-03-23 10:37:22,499 [INFO] Run directory: logs/resnet50_localnorm_k16_imagenet_ecoset_ecovalid_seed42
wandb: [wandb.login()] Loaded credentials for https://api.wandb.ai from /home/mbolding/.netrc.
wandb: Currently logged in as: mellebolding (mellebolding-university-of-amsterdam) to https://api.wandb.ai. Use `wandb login --relogin` to force relogin
wandb: setting up run 7sdxz4co
wandb: Tracking run with wandb version 0.25.0
wandb: Run data is saved locally in logs/resnet50_localnorm_k16_imagenet_ecoset_ecovalid_seed42/wandb/run-20260323_103722-7sdxz4co
wandb: Run `wandb offline` to turn off syncing.
wandb: Syncing run resnet50_localnorm_k16_imagenet_ecoset_ecovalid_seed42
wandb: ⭐️ View project at https://wandb.ai/mellebolding-university-of-amsterdam/norm-comparison
wandb: 🚀 View run at https://wandb.ai/mellebolding-university-of-amsterdam/norm-comparison/runs/7sdxz4co
2026-03-23 10:37:23,799 [INFO] Weights & Biases logging enabled
2026-03-23 10:37:23,801 [INFO] Set random seed: 42 (rank offset applied)
2026-03-23 10:37:23,801 [INFO] Using device: cuda:0
2026-03-23 10:37:23,801 [INFO] World size: 1
2026-03-23 10:37:24,137 [INFO] Model: resnet50_custom, Parameters: 24,583,496
2026-03-23 10:37:24,173 [INFO] Using channels-last (NHWC) memory format
2026-03-23 10:37:24,213 [INFO] Mixed precision training: True
2026-03-23 10:37:36,679 [INFO] Using GPU-accelerated transforms to reduce CPU bottleneck
2026-03-23 10:37:36,680 [INFO] Train samples: 176411, Val samples: 6800
2026-03-23 10:37:36,680 [INFO] Effective batch size: 128 (128 x 1 GPUs)
2026-03-23 10:37:40,748 [INFO] OOD evaluation enabled: 7 datasets loaded (imagenet_r, imagenet_sketch, imagenet_a, imagenet_c_gaussian_noise_s3, imagenet_c_defocus_blur_s3, imagenet_c_fog_s3, imagenet_c_contrast_s3)
2026-03-23 10:37:40,749 [INFO] Saving per-image predictions to logs/resnet50_localnorm_k16_imagenet_ecoset_ecovalid_seed42/predictions
2026-03-23 10:37:40,749 [INFO] Starting training for 25 epochs...
2026-03-23 10:53:33,933 [INFO] Running OOD evaluation (epoch 1)...
2026-03-23 10:54:40,986 [INFO] OOD accuracies: imagenet_a: 0.9%, imagenet_c_contrast_s3: 4.4%, imagenet_c_defocus_blur_s3: 8.7%, imagenet_c_fog_s3: 5.0%, imagenet_c_gaussian_noise_s3: 4.3%, imagenet_r: 4.2%, imagenet_sketch: 4.0%
2026-03-23 10:54:41,039 [INFO] Epoch 1/25 | Train Loss: 4.5568, Train Acc: 5.76% | Val Loss: 4.1429, Val Acc: 13.43% | LR: 0.000996 | Time: 1020.3s
2026-03-23 10:54:41,367 [INFO] New best accuracy: 13.43%
2026-03-23 11:10:33,034 [INFO] Running OOD evaluation (epoch 2)...
2026-03-23 11:11:37,541 [INFO] OOD accuracies: imagenet_a: 1.5%, imagenet_c_contrast_s3: 6.7%, imagenet_c_defocus_blur_s3: 9.2%, imagenet_c_fog_s3: 7.0%, imagenet_c_gaussian_noise_s3: 7.2%, imagenet_r: 5.1%, imagenet_sketch: 5.6%
2026-03-23 11:11:37,631 [INFO] Epoch 2/25 | Train Loss: 4.1341, Train Acc: 12.70% | Val Loss: 3.8795, Val Acc: 20.85% | LR: 0.000984 | Time: 1012.9s
2026-03-23 11:11:38,050 [INFO] New best accuracy: 20.85%
2026-03-23 11:27:29,452 [INFO] Running OOD evaluation (epoch 3)...
2026-03-23 11:28:32,827 [INFO] OOD accuracies: imagenet_a: 1.9%, imagenet_c_contrast_s3: 8.0%, imagenet_c_defocus_blur_s3: 11.5%, imagenet_c_fog_s3: 9.1%, imagenet_c_gaussian_noise_s3: 8.6%, imagenet_r: 6.6%, imagenet_sketch: 9.4%
2026-03-23 11:28:32,933 [INFO] Epoch 3/25 | Train Loss: 3.8233, Train Acc: 19.16% | Val Loss: 3.3661, Val Acc: 30.63% | LR: 0.000965 | Time: 1012.9s
2026-03-23 11:28:33,271 [INFO] New best accuracy: 30.63%
2026-03-23 11:44:24,822 [INFO] Running OOD evaluation (epoch 4)...
2026-03-23 11:45:28,187 [INFO] OOD accuracies: imagenet_a: 1.5%, imagenet_c_contrast_s3: 12.7%, imagenet_c_defocus_blur_s3: 12.5%, imagenet_c_fog_s3: 14.5%, imagenet_c_gaussian_noise_s3: 7.8%, imagenet_r: 7.0%, imagenet_sketch: 10.0%
2026-03-23 11:45:28,268 [INFO] Epoch 4/25 | Train Loss: 3.5908, Train Acc: 24.65% | Val Loss: 3.3175, Val Acc: 33.43% | LR: 0.000939 | Time: 1012.9s
2026-03-23 11:45:28,584 [INFO] New best accuracy: 33.43%
2026-03-23 12:01:21,828 [INFO] Running OOD evaluation (epoch 5)...
2026-03-23 12:02:25,277 [INFO] OOD accuracies: imagenet_a: 1.8%, imagenet_c_contrast_s3: 15.8%, imagenet_c_defocus_blur_s3: 16.1%, imagenet_c_fog_s3: 21.6%, imagenet_c_gaussian_noise_s3: 13.9%, imagenet_r: 8.6%, imagenet_sketch: 9.2%
2026-03-23 12:02:25,335 [INFO] Epoch 5/25 | Train Loss: 3.3821, Train Acc: 29.66% | Val Loss: 3.0908, Val Acc: 38.62% | LR: 0.000905 | Time: 1014.7s
2026-03-23 12:02:25,664 [INFO] New best accuracy: 38.62%
2026-03-23 12:18:16,674 [INFO] Running OOD evaluation (epoch 6)...
2026-03-23 12:19:21,362 [INFO] OOD accuracies: imagenet_a: 2.4%, imagenet_c_contrast_s3: 16.3%, imagenet_c_defocus_blur_s3: 15.5%, imagenet_c_fog_s3: 18.5%, imagenet_c_gaussian_noise_s3: 14.4%, imagenet_r: 9.7%, imagenet_sketch: 11.8%
2026-03-23 12:19:21,437 [INFO] Epoch 6/25 | Train Loss: 3.2047, Train Acc: 34.21% | Val Loss: 2.9186, Val Acc: 43.44% | LR: 0.000866 | Time: 1013.8s
2026-03-23 12:19:21,790 [INFO] New best accuracy: 43.44%
