[rank0]:[W323 10:37:29.374205879 ProcessGroupNCCL.cpp:4115] [PG ID 0 PG GUID 0 Rank 0]  using GPU 0 to perform barrier as devices used by this process are currently unknown. This can potentially cause a hang if this rank to GPU mapping is incorrect.Specify device_ids in barrier() to force use of a particular device,or call init_process_group() with a device_id.
2026-03-23 10:37:29,972 [INFO] Distributed: DistributedManager(rank=0, local_rank=0, world_size=1, device=cuda:0, is_distributed=True)
2026-03-23 10:37:29,972 [INFO] Config: {'experiment_name': 'resnet50_localnorm_k1_imagenet_ecoset_ecovalid_seed45', 'model': {'name': 'resnet50_custom', 'num_classes': 136, 'norm_layer': 'localnorm_k1'}, 'data': {'dataset': 'imagenet_ecoset136', 'root': '/scratch-nvme/ml-datasets/imagenet/torchvision_ImageFolder', 'img_size': 224, 'backend': 'pytorch', 'num_workers': 16, 'pin_memory': True, 'persistent_workers': True, 'prefetch_factor': 2, 'gpu_transforms': True, 'random_rotation': True, 'random_rotation_degrees': 15, 'color_jitter': True, 'color_jitter_brightness': 0.2, 'color_jitter_contrast': 0.2, 'color_jitter_saturation': 0.2, 'color_jitter_hue': 0.05, 'gaussian_blur': True, 'random_grayscale': True, 'random_grayscale_p': 0.1}, 'training': {'epochs': 25, 'batch_size': 128, 'lr': 0.001, 'min_lr': 1e-05, 'weight_decay': 0.05, 'optimizer': 'adamw', 'scheduler': 'cosine', 'label_smoothing': 0.1, 'use_amp': True, 'channels_last': True, 'seed': 45, 'checkpoint_schedule': [[10, 1], [20, 2], [25, 3]], 'disable_progress_bar': True}, 'logging': {'log_dir': 'logs'}, 'ood_eval': {'enabled': True, 'source_dataset': 'imagenet_ecoset136', 'datasets_root': '/projects/prjs0771/melle/datasets', 'imagenet_c': {'during_training': True, 'corruptions_during_training': ['gaussian_noise', 'defocus_blur', 'fog', 'contrast'], 'severity_during_training': 3}, 'save_predictions': True}, 'wandb': {'enabled': True, 'project': 'norm-comparison', 'group': 'resnet50-imagenet-ecoset-ecovalid-norm-experiment', 'tags': ['a100', 'ecovalid-aug', 'snellius', 'imagenet_ecoset136', 'localnorm_k1', 'resnet50', 'norm-experiment']}, '_machine': {'log_dir': '/projects/prjs0771/melle/projects/visionCNN/logs'}}
2026-03-23 10:37:29,972 [INFO] Run directory: logs/resnet50_localnorm_k1_imagenet_ecoset_ecovalid_seed45
wandb: [wandb.login()] Loaded credentials for https://api.wandb.ai from /home/mbolding/.netrc.
wandb: Currently logged in as: mellebolding (mellebolding-university-of-amsterdam) to https://api.wandb.ai. Use `wandb login --relogin` to force relogin
wandb: setting up run m2yg7we3
wandb: Tracking run with wandb version 0.25.0
wandb: Run data is saved locally in logs/resnet50_localnorm_k1_imagenet_ecoset_ecovalid_seed45/wandb/run-20260323_103730-m2yg7we3
wandb: Run `wandb offline` to turn off syncing.
wandb: Syncing run resnet50_localnorm_k1_imagenet_ecoset_ecovalid_seed45
wandb: ⭐️ View project at https://wandb.ai/mellebolding-university-of-amsterdam/norm-comparison
wandb: 🚀 View run at https://wandb.ai/mellebolding-university-of-amsterdam/norm-comparison/runs/m2yg7we3
2026-03-23 10:37:31,495 [INFO] Weights & Biases logging enabled
2026-03-23 10:37:31,498 [INFO] Set random seed: 45 (rank offset applied)
2026-03-23 10:37:31,499 [INFO] Using device: cuda:0
2026-03-23 10:37:31,499 [INFO] World size: 1
2026-03-23 10:37:31,843 [INFO] Model: resnet50_custom, Parameters: 23,786,696
2026-03-23 10:37:31,876 [INFO] Using channels-last (NHWC) memory format
2026-03-23 10:37:31,917 [INFO] Mixed precision training: True
2026-03-23 10:37:48,366 [INFO] Using GPU-accelerated transforms to reduce CPU bottleneck
2026-03-23 10:37:48,367 [INFO] Train samples: 176411, Val samples: 6800
2026-03-23 10:37:48,367 [INFO] Effective batch size: 128 (128 x 1 GPUs)
2026-03-23 10:37:53,386 [INFO] OOD evaluation enabled: 7 datasets loaded (imagenet_r, imagenet_sketch, imagenet_a, imagenet_c_gaussian_noise_s3, imagenet_c_defocus_blur_s3, imagenet_c_fog_s3, imagenet_c_contrast_s3)
2026-03-23 10:37:53,386 [INFO] Saving per-image predictions to logs/resnet50_localnorm_k1_imagenet_ecoset_ecovalid_seed45/predictions
2026-03-23 10:37:53,387 [INFO] Starting training for 25 epochs...
2026-03-23 10:44:50,686 [INFO] Running OOD evaluation (epoch 1)...
2026-03-23 10:45:53,779 [INFO] OOD accuracies: imagenet_a: 1.0%, imagenet_c_contrast_s3: 4.9%, imagenet_c_defocus_blur_s3: 7.5%, imagenet_c_fog_s3: 5.9%, imagenet_c_gaussian_noise_s3: 4.8%, imagenet_r: 2.9%, imagenet_sketch: 3.0%
2026-03-23 10:45:53,837 [INFO] Epoch 1/25 | Train Loss: 4.4427, Train Acc: 7.55% | Val Loss: 4.1692, Val Acc: 12.40% | LR: 0.000996 | Time: 480.4s
2026-03-23 10:45:54,168 [INFO] New best accuracy: 12.40%
2026-03-23 10:52:50,307 [INFO] Running OOD evaluation (epoch 2)...
2026-03-23 10:54:00,641 [INFO] OOD accuracies: imagenet_a: 1.8%, imagenet_c_contrast_s3: 8.7%, imagenet_c_defocus_blur_s3: 11.1%, imagenet_c_fog_s3: 12.1%, imagenet_c_gaussian_noise_s3: 10.3%, imagenet_r: 5.7%, imagenet_sketch: 5.1%
2026-03-23 10:54:00,713 [INFO] Epoch 2/25 | Train Loss: 3.8900, Train Acc: 17.49% | Val Loss: 3.5937, Val Acc: 24.22% | LR: 0.000984 | Time: 483.5s
2026-03-23 10:54:01,093 [INFO] New best accuracy: 24.22%
2026-03-23 11:00:56,113 [INFO] Running OOD evaluation (epoch 3)...
2026-03-23 11:01:59,926 [INFO] OOD accuracies: imagenet_a: 1.7%, imagenet_c_contrast_s3: 9.5%, imagenet_c_defocus_blur_s3: 9.7%, imagenet_c_fog_s3: 11.9%, imagenet_c_gaussian_noise_s3: 11.3%, imagenet_r: 7.0%, imagenet_sketch: 9.1%
2026-03-23 11:02:00,014 [INFO] Epoch 3/25 | Train Loss: 3.5550, Train Acc: 24.90% | Val Loss: 3.2335, Val Acc: 34.24% | LR: 0.000965 | Time: 476.9s
2026-03-23 11:02:00,327 [INFO] New best accuracy: 34.24%
2026-03-23 11:08:56,767 [INFO] Running OOD evaluation (epoch 4)...
2026-03-23 11:10:07,682 [INFO] OOD accuracies: imagenet_a: 2.9%, imagenet_c_contrast_s3: 13.0%, imagenet_c_defocus_blur_s3: 15.7%, imagenet_c_fog_s3: 18.9%, imagenet_c_gaussian_noise_s3: 8.8%, imagenet_r: 8.4%, imagenet_sketch: 10.9%
2026-03-23 11:10:07,771 [INFO] Epoch 4/25 | Train Loss: 3.3054, Train Acc: 31.08% | Val Loss: 2.9310, Val Acc: 39.75% | LR: 0.000939 | Time: 485.5s
2026-03-23 11:10:08,073 [INFO] New best accuracy: 39.75%
2026-03-23 11:17:03,158 [INFO] Running OOD evaluation (epoch 5)...
2026-03-23 11:18:14,238 [INFO] OOD accuracies: imagenet_a: 2.3%, imagenet_c_contrast_s3: 17.8%, imagenet_c_defocus_blur_s3: 16.4%, imagenet_c_fog_s3: 23.7%, imagenet_c_gaussian_noise_s3: 13.9%, imagenet_r: 10.1%, imagenet_sketch: 12.7%
2026-03-23 11:18:14,305 [INFO] Epoch 5/25 | Train Loss: 3.0924, Train Acc: 36.44% | Val Loss: 2.7456, Val Acc: 44.93% | LR: 0.000905 | Time: 484.4s
2026-03-23 11:18:14,658 [INFO] New best accuracy: 44.93%
2026-03-23 11:25:09,856 [INFO] Running OOD evaluation (epoch 6)...
2026-03-23 11:26:22,482 [INFO] OOD accuracies: imagenet_a: 2.7%, imagenet_c_contrast_s3: 20.7%, imagenet_c_defocus_blur_s3: 17.4%, imagenet_c_fog_s3: 24.4%, imagenet_c_gaussian_noise_s3: 15.7%, imagenet_r: 11.1%, imagenet_sketch: 13.6%
2026-03-23 11:26:22,570 [INFO] Epoch 6/25 | Train Loss: 2.9156, Train Acc: 41.05% | Val Loss: 2.5867, Val Acc: 49.43% | LR: 0.000866 | Time: 486.0s
2026-03-23 11:26:22,888 [INFO] New best accuracy: 49.43%
2026-03-23 11:33:18,079 [INFO] Running OOD evaluation (epoch 7)...
2026-03-23 11:34:23,012 [INFO] OOD accuracies: imagenet_a: 2.2%, imagenet_c_contrast_s3: 17.8%, imagenet_c_defocus_blur_s3: 17.8%, imagenet_c_fog_s3: 22.4%, imagenet_c_gaussian_noise_s3: 18.2%, imagenet_r: 8.8%, imagenet_sketch: 15.8%
2026-03-23 11:34:23,080 [INFO] Epoch 7/25 | Train Loss: 2.7801, Train Acc: 44.75% | Val Loss: 2.5769, Val Acc: 49.87% | LR: 0.000821 | Time: 478.4s
2026-03-23 11:34:23,413 [INFO] New best accuracy: 49.87%
2026-03-23 11:41:18,390 [INFO] Running OOD evaluation (epoch 8)...
2026-03-23 11:42:24,215 [INFO] OOD accuracies: imagenet_a: 2.9%, imagenet_c_contrast_s3: 25.0%, imagenet_c_defocus_blur_s3: 17.9%, imagenet_c_fog_s3: 25.2%, imagenet_c_gaussian_noise_s3: 18.4%, imagenet_r: 10.8%, imagenet_sketch: 16.0%
2026-03-23 11:42:24,312 [INFO] Epoch 8/25 | Train Loss: 2.6679, Train Acc: 47.76% | Val Loss: 2.4450, Val Acc: 53.21% | LR: 0.000770 | Time: 478.8s
2026-03-23 11:42:24,638 [INFO] New best accuracy: 53.21%
2026-03-23 11:49:19,816 [INFO] Running OOD evaluation (epoch 9)...
2026-03-23 11:50:31,994 [INFO] OOD accuracies: imagenet_a: 3.0%, imagenet_c_contrast_s3: 25.6%, imagenet_c_defocus_blur_s3: 23.1%, imagenet_c_fog_s3: 30.5%, imagenet_c_gaussian_noise_s3: 16.6%, imagenet_r: 12.0%, imagenet_sketch: 17.9%
2026-03-23 11:50:32,103 [INFO] Epoch 9/25 | Train Loss: 2.5686, Train Acc: 50.51% | Val Loss: 2.2667, Val Acc: 58.57% | LR: 0.000716 | Time: 485.6s
2026-03-23 11:50:32,446 [INFO] New best accuracy: 58.57%
2026-03-23 11:57:27,516 [INFO] Running OOD evaluation (epoch 10)...
2026-03-23 11:58:31,195 [INFO] OOD accuracies: imagenet_a: 2.6%, imagenet_c_contrast_s3: 21.4%, imagenet_c_defocus_blur_s3: 26.9%, imagenet_c_fog_s3: 30.7%, imagenet_c_gaussian_noise_s3: 13.7%, imagenet_r: 11.7%, imagenet_sketch: 16.1%
2026-03-23 11:58:31,264 [INFO] Epoch 10/25 | Train Loss: 2.4817, Train Acc: 53.02% | Val Loss: 2.2848, Val Acc: 58.12% | LR: 0.000658 | Time: 476.9s
2026-03-23 12:05:20,394 [INFO] Epoch 11/25 | Train Loss: 2.4048, Train Acc: 55.20% | (validation skipped) | LR: 0.000598 | Time: 408.5s
2026-03-23 12:12:13,944 [INFO] Running OOD evaluation (epoch 12)...
2026-03-23 12:13:23,503 [INFO] OOD accuracies: imagenet_a: 2.9%, imagenet_c_contrast_s3: 27.0%, imagenet_c_defocus_blur_s3: 21.2%, imagenet_c_fog_s3: 34.5%, imagenet_c_gaussian_noise_s3: 17.1%, imagenet_r: 13.9%, imagenet_sketch: 18.5%
2026-03-23 12:13:23,555 [INFO] Epoch 12/25 | Train Loss: 2.3321, Train Acc: 57.22% | Val Loss: 2.1679, Val Acc: 61.37% | LR: 0.000536 | Time: 483.1s
2026-03-23 12:13:23,911 [INFO] New best accuracy: 61.37%
2026-03-23 12:20:14,535 [INFO] Epoch 13/25 | Train Loss: 2.2696, Train Acc: 58.94% | (validation skipped) | LR: 0.000474 | Time: 408.6s
