[rank0]:[W323 10:37:22.418822501 ProcessGroupNCCL.cpp:4115] [PG ID 0 PG GUID 0 Rank 0]  using GPU 0 to perform barrier as devices used by this process are currently unknown. This can potentially cause a hang if this rank to GPU mapping is incorrect.Specify device_ids in barrier() to force use of a particular device,or call init_process_group() with a device_id.
2026-03-23 10:37:23,063 [INFO] Distributed: DistributedManager(rank=0, local_rank=0, world_size=1, device=cuda:0, is_distributed=True)
2026-03-23 10:37:23,064 [INFO] Config: {'experiment_name': 'resnet50_localnorm_k8_imagenet_ecoset_ecovalid_seed44', 'model': {'name': 'resnet50_custom', 'num_classes': 136, 'norm_layer': 'localnorm_k8'}, 'data': {'dataset': 'imagenet_ecoset136', 'root': '/scratch-nvme/ml-datasets/imagenet/torchvision_ImageFolder', 'img_size': 224, 'backend': 'pytorch', 'num_workers': 16, 'pin_memory': True, 'persistent_workers': True, 'prefetch_factor': 2, 'gpu_transforms': True, 'random_rotation': True, 'random_rotation_degrees': 15, 'color_jitter': True, 'color_jitter_brightness': 0.2, 'color_jitter_contrast': 0.2, 'color_jitter_saturation': 0.2, 'color_jitter_hue': 0.05, 'gaussian_blur': True, 'random_grayscale': True, 'random_grayscale_p': 0.1}, 'training': {'epochs': 25, 'batch_size': 128, 'lr': 0.001, 'min_lr': 1e-05, 'weight_decay': 0.05, 'optimizer': 'adamw', 'scheduler': 'cosine', 'label_smoothing': 0.1, 'use_amp': True, 'channels_last': True, 'seed': 44, 'checkpoint_schedule': [[10, 1], [20, 2], [25, 3]], 'disable_progress_bar': True}, 'logging': {'log_dir': 'logs'}, 'ood_eval': {'enabled': True, 'source_dataset': 'imagenet_ecoset136', 'datasets_root': '/projects/prjs0771/melle/datasets', 'imagenet_c': {'during_training': True, 'corruptions_during_training': ['gaussian_noise', 'defocus_blur', 'fog', 'contrast'], 'severity_during_training': 3}, 'save_predictions': True}, 'wandb': {'enabled': True, 'project': 'norm-comparison', 'group': 'resnet50-imagenet-ecoset-ecovalid-norm-experiment', 'tags': ['resnet50', 'a100', 'norm-experiment', 'snellius', 'localnorm_k8', 'imagenet_ecoset136', 'ecovalid-aug']}, '_machine': {'log_dir': '/projects/prjs0771/melle/projects/visionCNN/logs'}}
2026-03-23 10:37:23,064 [INFO] Run directory: logs/resnet50_localnorm_k8_imagenet_ecoset_ecovalid_seed44
wandb: [wandb.login()] Loaded credentials for https://api.wandb.ai from /home/mbolding/.netrc.
wandb: Currently logged in as: mellebolding (mellebolding-university-of-amsterdam) to https://api.wandb.ai. Use `wandb login --relogin` to force relogin
wandb: setting up run ugaesdt8
wandb: Tracking run with wandb version 0.25.0
wandb: Run data is saved locally in logs/resnet50_localnorm_k8_imagenet_ecoset_ecovalid_seed44/wandb/run-20260323_103723-ugaesdt8
wandb: Run `wandb offline` to turn off syncing.
wandb: Syncing run resnet50_localnorm_k8_imagenet_ecoset_ecovalid_seed44
wandb: ⭐️ View project at https://wandb.ai/mellebolding-university-of-amsterdam/norm-comparison
wandb: 🚀 View run at https://wandb.ai/mellebolding-university-of-amsterdam/norm-comparison/runs/ugaesdt8
2026-03-23 10:37:24,559 [INFO] Weights & Biases logging enabled
2026-03-23 10:37:24,563 [INFO] Set random seed: 44 (rank offset applied)
2026-03-23 10:37:24,563 [INFO] Using device: cuda:0
2026-03-23 10:37:24,563 [INFO] World size: 1
2026-03-23 10:37:24,900 [INFO] Model: resnet50_custom, Parameters: 24,158,536
2026-03-23 10:37:24,934 [INFO] Using channels-last (NHWC) memory format
2026-03-23 10:37:24,981 [INFO] Mixed precision training: True
2026-03-23 10:37:43,697 [INFO] Using GPU-accelerated transforms to reduce CPU bottleneck
2026-03-23 10:37:43,698 [INFO] Train samples: 176411, Val samples: 6800
2026-03-23 10:37:43,698 [INFO] Effective batch size: 128 (128 x 1 GPUs)
2026-03-23 10:37:56,738 [INFO] OOD evaluation enabled: 7 datasets loaded (imagenet_r, imagenet_sketch, imagenet_a, imagenet_c_gaussian_noise_s3, imagenet_c_defocus_blur_s3, imagenet_c_fog_s3, imagenet_c_contrast_s3)
2026-03-23 10:37:56,739 [INFO] Saving per-image predictions to logs/resnet50_localnorm_k8_imagenet_ecoset_ecovalid_seed44/predictions
2026-03-23 10:37:56,739 [INFO] Starting training for 25 epochs...
2026-03-23 10:48:17,164 [INFO] Running OOD evaluation (epoch 1)...
2026-03-23 10:49:19,585 [INFO] OOD accuracies: imagenet_a: 1.3%, imagenet_c_contrast_s3: 4.5%, imagenet_c_defocus_blur_s3: 8.9%, imagenet_c_fog_s3: 5.1%, imagenet_c_gaussian_noise_s3: 4.7%, imagenet_r: 4.9%, imagenet_sketch: 3.5%
2026-03-23 10:49:19,654 [INFO] Epoch 1/25 | Train Loss: 4.4954, Train Acc: 6.65% | Val Loss: 4.0338, Val Acc: 14.90% | LR: 0.000996 | Time: 682.9s
2026-03-23 10:49:19,981 [INFO] New best accuracy: 14.90%
2026-03-23 10:59:38,063 [INFO] Running OOD evaluation (epoch 2)...
2026-03-23 11:00:39,808 [INFO] OOD accuracies: imagenet_a: 1.6%, imagenet_c_contrast_s3: 7.5%, imagenet_c_defocus_blur_s3: 9.9%, imagenet_c_fog_s3: 9.6%, imagenet_c_gaussian_noise_s3: 8.2%, imagenet_r: 3.9%, imagenet_sketch: 4.3%
2026-03-23 11:00:39,830 [INFO] Epoch 2/25 | Train Loss: 4.0085, Train Acc: 15.09% | Val Loss: 3.7848, Val Acc: 22.76% | LR: 0.000984 | Time: 676.6s
2026-03-23 11:00:40,245 [INFO] New best accuracy: 22.76%
2026-03-23 11:10:57,461 [INFO] Running OOD evaluation (epoch 3)...
2026-03-23 11:11:59,222 [INFO] OOD accuracies: imagenet_a: 1.6%, imagenet_c_contrast_s3: 11.7%, imagenet_c_defocus_blur_s3: 13.0%, imagenet_c_fog_s3: 14.2%, imagenet_c_gaussian_noise_s3: 13.9%, imagenet_r: 6.1%, imagenet_sketch: 8.0%
2026-03-23 11:11:59,245 [INFO] Epoch 3/25 | Train Loss: 3.7322, Train Acc: 21.21% | Val Loss: 3.3561, Val Acc: 30.40% | LR: 0.000965 | Time: 677.1s
2026-03-23 11:11:59,589 [INFO] New best accuracy: 30.40%
2026-03-23 11:22:16,776 [INFO] Running OOD evaluation (epoch 4)...
2026-03-23 11:23:18,380 [INFO] OOD accuracies: imagenet_a: 2.3%, imagenet_c_contrast_s3: 12.4%, imagenet_c_defocus_blur_s3: 12.8%, imagenet_c_fog_s3: 17.5%, imagenet_c_gaussian_noise_s3: 13.4%, imagenet_r: 9.3%, imagenet_sketch: 11.2%
2026-03-23 11:23:18,417 [INFO] Epoch 4/25 | Train Loss: 3.4992, Train Acc: 26.70% | Val Loss: 3.0688, Val Acc: 38.01% | LR: 0.000939 | Time: 676.9s
2026-03-23 11:23:18,737 [INFO] New best accuracy: 38.01%
2026-03-23 11:33:37,440 [INFO] Running OOD evaluation (epoch 5)...
2026-03-23 11:34:39,329 [INFO] OOD accuracies: imagenet_a: 1.8%, imagenet_c_contrast_s3: 17.9%, imagenet_c_defocus_blur_s3: 18.0%, imagenet_c_fog_s3: 23.7%, imagenet_c_gaussian_noise_s3: 16.0%, imagenet_r: 9.2%, imagenet_sketch: 12.7%
2026-03-23 11:34:39,352 [INFO] Epoch 5/25 | Train Loss: 3.2887, Train Acc: 31.87% | Val Loss: 2.9396, Val Acc: 39.93% | LR: 0.000905 | Time: 678.6s
2026-03-23 11:34:39,699 [INFO] New best accuracy: 39.93%
2026-03-23 11:44:58,633 [INFO] Running OOD evaluation (epoch 6)...
2026-03-23 11:46:00,723 [INFO] OOD accuracies: imagenet_a: 2.6%, imagenet_c_contrast_s3: 15.7%, imagenet_c_defocus_blur_s3: 14.8%, imagenet_c_fog_s3: 24.7%, imagenet_c_gaussian_noise_s3: 17.6%, imagenet_r: 10.1%, imagenet_sketch: 13.4%
2026-03-23 11:46:00,773 [INFO] Epoch 6/25 | Train Loss: 3.1221, Train Acc: 36.13% | Val Loss: 2.7557, Val Acc: 44.82% | LR: 0.000866 | Time: 679.2s
2026-03-23 11:46:01,097 [INFO] New best accuracy: 44.82%
2026-03-23 11:56:19,829 [INFO] Running OOD evaluation (epoch 7)...
2026-03-23 11:57:21,727 [INFO] OOD accuracies: imagenet_a: 2.7%, imagenet_c_contrast_s3: 18.2%, imagenet_c_defocus_blur_s3: 17.3%, imagenet_c_fog_s3: 28.1%, imagenet_c_gaussian_noise_s3: 14.2%, imagenet_r: 10.6%, imagenet_sketch: 14.6%
2026-03-23 11:57:21,750 [INFO] Epoch 7/25 | Train Loss: 2.9792, Train Acc: 39.79% | Val Loss: 2.5639, Val Acc: 50.79% | LR: 0.000821 | Time: 678.7s
2026-03-23 11:57:22,177 [INFO] New best accuracy: 50.79%
2026-03-23 12:07:40,044 [INFO] Running OOD evaluation (epoch 8)...
2026-03-23 12:08:42,057 [INFO] OOD accuracies: imagenet_a: 2.6%, imagenet_c_contrast_s3: 23.9%, imagenet_c_defocus_blur_s3: 22.8%, imagenet_c_fog_s3: 32.3%, imagenet_c_gaussian_noise_s3: 16.9%, imagenet_r: 10.9%, imagenet_sketch: 12.4%
2026-03-23 12:08:42,110 [INFO] Epoch 8/25 | Train Loss: 2.8670, Train Acc: 42.90% | Val Loss: 2.5655, Val Acc: 51.40% | LR: 0.000770 | Time: 678.0s
2026-03-23 12:08:42,460 [INFO] New best accuracy: 51.40%
2026-03-23 12:19:00,803 [INFO] Running OOD evaluation (epoch 9)...
2026-03-23 12:20:02,197 [INFO] OOD accuracies: imagenet_a: 2.3%, imagenet_c_contrast_s3: 24.5%, imagenet_c_defocus_blur_s3: 22.9%, imagenet_c_fog_s3: 32.3%, imagenet_c_gaussian_noise_s3: 21.1%, imagenet_r: 12.5%, imagenet_sketch: 17.6%
2026-03-23 12:20:02,244 [INFO] Epoch 9/25 | Train Loss: 2.7671, Train Acc: 45.65% | Val Loss: 2.4221, Val Acc: 55.01% | LR: 0.000716 | Time: 677.7s
2026-03-23 12:20:02,549 [INFO] New best accuracy: 55.01%
