[rank0]:[W323 10:37:29.388356807 ProcessGroupNCCL.cpp:4115] [PG ID 0 PG GUID 0 Rank 0]  using GPU 0 to perform barrier as devices used by this process are currently unknown. This can potentially cause a hang if this rank to GPU mapping is incorrect.Specify device_ids in barrier() to force use of a particular device,or call init_process_group() with a device_id.
2026-03-23 10:37:29,987 [INFO] Distributed: DistributedManager(rank=0, local_rank=0, world_size=1, device=cuda:0, is_distributed=True)
2026-03-23 10:37:29,987 [INFO] Config: {'experiment_name': 'resnet50_localnorm_k1_imagenet_ecoset_ecovalid_seed44', 'model': {'name': 'resnet50_custom', 'num_classes': 136, 'norm_layer': 'localnorm_k1'}, 'data': {'dataset': 'imagenet_ecoset136', 'root': '/scratch-nvme/ml-datasets/imagenet/torchvision_ImageFolder', 'img_size': 224, 'backend': 'pytorch', 'num_workers': 16, 'pin_memory': True, 'persistent_workers': True, 'prefetch_factor': 2, 'gpu_transforms': True, 'random_rotation': True, 'random_rotation_degrees': 15, 'color_jitter': True, 'color_jitter_brightness': 0.2, 'color_jitter_contrast': 0.2, 'color_jitter_saturation': 0.2, 'color_jitter_hue': 0.05, 'gaussian_blur': True, 'random_grayscale': True, 'random_grayscale_p': 0.1}, 'training': {'epochs': 25, 'batch_size': 128, 'lr': 0.001, 'min_lr': 1e-05, 'weight_decay': 0.05, 'optimizer': 'adamw', 'scheduler': 'cosine', 'label_smoothing': 0.1, 'use_amp': True, 'channels_last': True, 'seed': 44, 'checkpoint_schedule': [[10, 1], [20, 2], [25, 3]], 'disable_progress_bar': True}, 'logging': {'log_dir': 'logs'}, 'ood_eval': {'enabled': True, 'source_dataset': 'imagenet_ecoset136', 'datasets_root': '/projects/prjs0771/melle/datasets', 'imagenet_c': {'during_training': True, 'corruptions_during_training': ['gaussian_noise', 'defocus_blur', 'fog', 'contrast'], 'severity_during_training': 3}, 'save_predictions': True}, 'wandb': {'enabled': True, 'project': 'norm-comparison', 'group': 'resnet50-imagenet-ecoset-ecovalid-norm-experiment', 'tags': ['imagenet_ecoset136', 'snellius', 'a100', 'ecovalid-aug', 'norm-experiment', 'resnet50', 'localnorm_k1']}, '_machine': {'log_dir': '/projects/prjs0771/melle/projects/visionCNN/logs'}}
2026-03-23 10:37:29,987 [INFO] Run directory: logs/resnet50_localnorm_k1_imagenet_ecoset_ecovalid_seed44
wandb: [wandb.login()] Loaded credentials for https://api.wandb.ai from /home/mbolding/.netrc.
wandb: Currently logged in as: mellebolding (mellebolding-university-of-amsterdam) to https://api.wandb.ai. Use `wandb login --relogin` to force relogin
wandb: setting up run ro9k5lak
wandb: Tracking run with wandb version 0.25.0
wandb: Run data is saved locally in logs/resnet50_localnorm_k1_imagenet_ecoset_ecovalid_seed44/wandb/run-20260323_103730-ro9k5lak
wandb: Run `wandb offline` to turn off syncing.
wandb: Syncing run resnet50_localnorm_k1_imagenet_ecoset_ecovalid_seed44
wandb: ⭐️ View project at https://wandb.ai/mellebolding-university-of-amsterdam/norm-comparison
wandb: 🚀 View run at https://wandb.ai/mellebolding-university-of-amsterdam/norm-comparison/runs/ro9k5lak
2026-03-23 10:37:31,495 [INFO] Weights & Biases logging enabled
2026-03-23 10:37:31,498 [INFO] Set random seed: 44 (rank offset applied)
2026-03-23 10:37:31,499 [INFO] Using device: cuda:0
2026-03-23 10:37:31,499 [INFO] World size: 1
2026-03-23 10:37:31,839 [INFO] Model: resnet50_custom, Parameters: 23,786,696
2026-03-23 10:37:31,871 [INFO] Using channels-last (NHWC) memory format
2026-03-23 10:37:31,917 [INFO] Mixed precision training: True
2026-03-23 10:37:48,366 [INFO] Using GPU-accelerated transforms to reduce CPU bottleneck
2026-03-23 10:37:48,367 [INFO] Train samples: 176411, Val samples: 6800
2026-03-23 10:37:48,367 [INFO] Effective batch size: 128 (128 x 1 GPUs)
2026-03-23 10:37:53,385 [INFO] OOD evaluation enabled: 7 datasets loaded (imagenet_r, imagenet_sketch, imagenet_a, imagenet_c_gaussian_noise_s3, imagenet_c_defocus_blur_s3, imagenet_c_fog_s3, imagenet_c_contrast_s3)
2026-03-23 10:37:53,386 [INFO] Saving per-image predictions to logs/resnet50_localnorm_k1_imagenet_ecoset_ecovalid_seed44/predictions
2026-03-23 10:37:53,387 [INFO] Starting training for 25 epochs...
2026-03-23 10:44:50,704 [INFO] Running OOD evaluation (epoch 1)...
2026-03-23 10:45:53,773 [INFO] OOD accuracies: imagenet_a: 0.7%, imagenet_c_contrast_s3: 4.8%, imagenet_c_defocus_blur_s3: 9.9%, imagenet_c_fog_s3: 5.6%, imagenet_c_gaussian_noise_s3: 5.5%, imagenet_r: 3.5%, imagenet_sketch: 3.9%
2026-03-23 10:45:53,848 [INFO] Epoch 1/25 | Train Loss: 4.4293, Train Acc: 7.79% | Val Loss: 4.0312, Val Acc: 15.18% | LR: 0.000996 | Time: 480.4s
2026-03-23 10:45:54,200 [INFO] New best accuracy: 15.18%
2026-03-23 10:52:50,194 [INFO] Running OOD evaluation (epoch 2)...
2026-03-23 10:54:00,637 [INFO] OOD accuracies: imagenet_a: 1.4%, imagenet_c_contrast_s3: 9.0%, imagenet_c_defocus_blur_s3: 11.9%, imagenet_c_fog_s3: 10.1%, imagenet_c_gaussian_noise_s3: 8.2%, imagenet_r: 4.3%, imagenet_sketch: 6.8%
2026-03-23 10:54:00,690 [INFO] Epoch 2/25 | Train Loss: 3.8897, Train Acc: 17.47% | Val Loss: 3.5694, Val Acc: 25.85% | LR: 0.000984 | Time: 483.5s
2026-03-23 10:54:01,004 [INFO] New best accuracy: 25.85%
2026-03-23 11:00:56,132 [INFO] Running OOD evaluation (epoch 3)...
2026-03-23 11:01:59,921 [INFO] OOD accuracies: imagenet_a: 1.9%, imagenet_c_contrast_s3: 10.1%, imagenet_c_defocus_blur_s3: 13.1%, imagenet_c_fog_s3: 15.1%, imagenet_c_gaussian_noise_s3: 13.5%, imagenet_r: 5.4%, imagenet_sketch: 8.0%
2026-03-23 11:01:59,980 [INFO] Epoch 3/25 | Train Loss: 3.5214, Train Acc: 25.75% | Val Loss: 3.1807, Val Acc: 33.99% | LR: 0.000965 | Time: 477.0s
2026-03-23 11:02:00,313 [INFO] New best accuracy: 33.99%
2026-03-23 11:08:56,763 [INFO] Running OOD evaluation (epoch 4)...
2026-03-23 11:10:07,691 [INFO] OOD accuracies: imagenet_a: 2.0%, imagenet_c_contrast_s3: 12.3%, imagenet_c_defocus_blur_s3: 12.8%, imagenet_c_fog_s3: 16.2%, imagenet_c_gaussian_noise_s3: 13.5%, imagenet_r: 8.6%, imagenet_sketch: 11.3%
2026-03-23 11:10:07,762 [INFO] Epoch 4/25 | Train Loss: 3.2494, Train Acc: 32.51% | Val Loss: 2.9097, Val Acc: 41.25% | LR: 0.000939 | Time: 485.6s
2026-03-23 11:10:08,076 [INFO] New best accuracy: 41.25%
2026-03-23 11:17:03,198 [INFO] Running OOD evaluation (epoch 5)...
2026-03-23 11:18:14,219 [INFO] OOD accuracies: imagenet_a: 2.3%, imagenet_c_contrast_s3: 19.2%, imagenet_c_defocus_blur_s3: 13.1%, imagenet_c_fog_s3: 25.4%, imagenet_c_gaussian_noise_s3: 12.8%, imagenet_r: 10.3%, imagenet_sketch: 15.1%
2026-03-23 11:18:14,299 [INFO] Epoch 5/25 | Train Loss: 3.0355, Train Acc: 37.98% | Val Loss: 2.7332, Val Acc: 44.97% | LR: 0.000905 | Time: 484.3s
2026-03-23 11:18:14,627 [INFO] New best accuracy: 44.97%
2026-03-23 11:25:09,810 [INFO] Running OOD evaluation (epoch 6)...
2026-03-23 11:26:22,483 [INFO] OOD accuracies: imagenet_a: 2.5%, imagenet_c_contrast_s3: 18.7%, imagenet_c_defocus_blur_s3: 17.4%, imagenet_c_fog_s3: 25.5%, imagenet_c_gaussian_noise_s3: 16.4%, imagenet_r: 11.3%, imagenet_sketch: 14.5%
2026-03-23 11:26:22,553 [INFO] Epoch 6/25 | Train Loss: 2.8637, Train Acc: 42.64% | Val Loss: 2.5958, Val Acc: 49.01% | LR: 0.000866 | Time: 486.0s
2026-03-23 11:26:22,871 [INFO] New best accuracy: 49.01%
2026-03-23 11:33:18,101 [INFO] Running OOD evaluation (epoch 7)...
2026-03-23 11:34:23,011 [INFO] OOD accuracies: imagenet_a: 2.5%, imagenet_c_contrast_s3: 20.7%, imagenet_c_defocus_blur_s3: 19.1%, imagenet_c_fog_s3: 28.9%, imagenet_c_gaussian_noise_s3: 14.0%, imagenet_r: 11.2%, imagenet_sketch: 14.7%
2026-03-23 11:34:23,100 [INFO] Epoch 7/25 | Train Loss: 2.7277, Train Acc: 46.25% | Val Loss: 2.4638, Val Acc: 52.78% | LR: 0.000821 | Time: 478.2s
2026-03-23 11:34:23,431 [INFO] New best accuracy: 52.78%
2026-03-23 11:41:18,365 [INFO] Running OOD evaluation (epoch 8)...
2026-03-23 11:42:24,214 [INFO] OOD accuracies: imagenet_a: 2.4%, imagenet_c_contrast_s3: 25.4%, imagenet_c_defocus_blur_s3: 24.2%, imagenet_c_fog_s3: 33.4%, imagenet_c_gaussian_noise_s3: 14.1%, imagenet_r: 12.6%, imagenet_sketch: 16.1%
2026-03-23 11:42:24,282 [INFO] Epoch 8/25 | Train Loss: 2.6214, Train Acc: 49.22% | Val Loss: 2.3667, Val Acc: 56.03% | LR: 0.000770 | Time: 478.9s
2026-03-23 11:42:24,607 [INFO] New best accuracy: 56.03%
2026-03-23 11:49:19,786 [INFO] Running OOD evaluation (epoch 9)...
2026-03-23 11:50:31,999 [INFO] OOD accuracies: imagenet_a: 2.7%, imagenet_c_contrast_s3: 23.7%, imagenet_c_defocus_blur_s3: 22.2%, imagenet_c_fog_s3: 31.1%, imagenet_c_gaussian_noise_s3: 18.8%, imagenet_r: 11.2%, imagenet_sketch: 17.3%
2026-03-23 11:50:32,102 [INFO] Epoch 9/25 | Train Loss: 2.5224, Train Acc: 51.92% | Val Loss: 2.3233, Val Acc: 56.57% | LR: 0.000716 | Time: 485.5s
2026-03-23 11:50:32,544 [INFO] New best accuracy: 56.57%
2026-03-23 11:57:27,448 [INFO] Running OOD evaluation (epoch 10)...
2026-03-23 11:58:31,191 [INFO] OOD accuracies: imagenet_a: 3.1%, imagenet_c_contrast_s3: 24.6%, imagenet_c_defocus_blur_s3: 23.5%, imagenet_c_fog_s3: 33.6%, imagenet_c_gaussian_noise_s3: 19.3%, imagenet_r: 15.0%, imagenet_sketch: 20.1%
2026-03-23 11:58:31,255 [INFO] Epoch 10/25 | Train Loss: 2.4404, Train Acc: 54.26% | Val Loss: 2.1701, Val Acc: 61.54% | LR: 0.000658 | Time: 476.9s
2026-03-23 11:58:31,573 [INFO] New best accuracy: 61.54%
2026-03-23 12:05:21,811 [INFO] Epoch 11/25 | Train Loss: 2.3668, Train Acc: 56.09% | (validation skipped) | LR: 0.000598 | Time: 408.3s
2026-03-23 12:12:14,747 [INFO] Running OOD evaluation (epoch 12)...
2026-03-23 12:13:23,509 [INFO] OOD accuracies: imagenet_a: 3.1%, imagenet_c_contrast_s3: 38.0%, imagenet_c_defocus_blur_s3: 26.6%, imagenet_c_fog_s3: 39.3%, imagenet_c_gaussian_noise_s3: 25.1%, imagenet_r: 16.0%, imagenet_sketch: 23.3%
2026-03-23 12:13:23,560 [INFO] Epoch 12/25 | Train Loss: 2.2967, Train Acc: 58.13% | Val Loss: 2.0841, Val Acc: 64.00% | LR: 0.000536 | Time: 481.7s
2026-03-23 12:13:23,870 [INFO] New best accuracy: 64.00%
2026-03-23 12:20:14,299 [INFO] Epoch 13/25 | Train Loss: 2.2322, Train Acc: 59.86% | (validation skipped) | LR: 0.000474 | Time: 408.5s
