[rank0]:[W323 10:37:34.306861488 ProcessGroupNCCL.cpp:4115] [PG ID 0 PG GUID 0 Rank 0]  using GPU 0 to perform barrier as devices used by this process are currently unknown. This can potentially cause a hang if this rank to GPU mapping is incorrect.Specify device_ids in barrier() to force use of a particular device,or call init_process_group() with a device_id.
2026-03-23 10:37:34,708 [INFO] Distributed: DistributedManager(rank=0, local_rank=0, world_size=1, device=cuda:0, is_distributed=True)
2026-03-23 10:37:34,708 [INFO] Config: {'experiment_name': 'resnet50_localnorm_k16_imagenet_ecoset_ecovalid_seed43', 'model': {'name': 'resnet50_custom', 'num_classes': 136, 'norm_layer': 'localnorm_k16'}, 'data': {'dataset': 'imagenet_ecoset136', 'root': '/scratch-nvme/ml-datasets/imagenet/torchvision_ImageFolder', 'img_size': 224, 'backend': 'pytorch', 'num_workers': 16, 'pin_memory': True, 'persistent_workers': True, 'prefetch_factor': 2, 'gpu_transforms': True, 'random_rotation': True, 'random_rotation_degrees': 15, 'color_jitter': True, 'color_jitter_brightness': 0.2, 'color_jitter_contrast': 0.2, 'color_jitter_saturation': 0.2, 'color_jitter_hue': 0.05, 'gaussian_blur': True, 'random_grayscale': True, 'random_grayscale_p': 0.1}, 'training': {'epochs': 25, 'batch_size': 128, 'lr': 0.001, 'min_lr': 1e-05, 'weight_decay': 0.05, 'optimizer': 'adamw', 'scheduler': 'cosine', 'label_smoothing': 0.1, 'use_amp': True, 'channels_last': True, 'seed': 43, 'checkpoint_schedule': [[10, 1], [20, 2], [25, 3]], 'disable_progress_bar': True}, 'logging': {'log_dir': 'logs'}, 'ood_eval': {'enabled': True, 'source_dataset': 'imagenet_ecoset136', 'datasets_root': '/projects/prjs0771/melle/datasets', 'imagenet_c': {'during_training': True, 'corruptions_during_training': ['gaussian_noise', 'defocus_blur', 'fog', 'contrast'], 'severity_during_training': 3}, 'save_predictions': True}, 'wandb': {'enabled': True, 'project': 'norm-comparison', 'group': 'resnet50-imagenet-ecoset-ecovalid-norm-experiment', 'tags': ['snellius', 'norm-experiment', 'a100', 'ecovalid-aug', 'localnorm_k16', 'imagenet_ecoset136', 'resnet50']}, '_machine': {'log_dir': '/projects/prjs0771/melle/projects/visionCNN/logs'}}
2026-03-23 10:37:34,708 [INFO] Run directory: logs/resnet50_localnorm_k16_imagenet_ecoset_ecovalid_seed43
wandb: [wandb.login()] Loaded credentials for https://api.wandb.ai from /home/mbolding/.netrc.
wandb: Currently logged in as: mellebolding (mellebolding-university-of-amsterdam) to https://api.wandb.ai. Use `wandb login --relogin` to force relogin
wandb: setting up run tbye3iux
wandb: Tracking run with wandb version 0.25.0
wandb: Run data is saved locally in logs/resnet50_localnorm_k16_imagenet_ecoset_ecovalid_seed43/wandb/run-20260323_103735-tbye3iux
wandb: Run `wandb offline` to turn off syncing.
wandb: Syncing run resnet50_localnorm_k16_imagenet_ecoset_ecovalid_seed43
wandb: ⭐️ View project at https://wandb.ai/mellebolding-university-of-amsterdam/norm-comparison
wandb: 🚀 View run at https://wandb.ai/mellebolding-university-of-amsterdam/norm-comparison/runs/tbye3iux
2026-03-23 10:37:36,631 [INFO] Weights & Biases logging enabled
2026-03-23 10:37:36,641 [INFO] Set random seed: 43 (rank offset applied)
2026-03-23 10:37:36,642 [INFO] Using device: cuda:0
2026-03-23 10:37:36,642 [INFO] World size: 1
2026-03-23 10:37:37,000 [INFO] Model: resnet50_custom, Parameters: 24,583,496
2026-03-23 10:37:37,035 [INFO] Using channels-last (NHWC) memory format
2026-03-23 10:37:37,074 [INFO] Mixed precision training: True
2026-03-23 10:39:01,079 [INFO] Using GPU-accelerated transforms to reduce CPU bottleneck
2026-03-23 10:39:01,079 [INFO] Train samples: 176411, Val samples: 6800
2026-03-23 10:39:01,079 [INFO] Effective batch size: 128 (128 x 1 GPUs)
2026-03-23 10:40:34,636 [INFO] OOD evaluation enabled: 7 datasets loaded (imagenet_r, imagenet_sketch, imagenet_a, imagenet_c_gaussian_noise_s3, imagenet_c_defocus_blur_s3, imagenet_c_fog_s3, imagenet_c_contrast_s3)
2026-03-23 10:40:34,638 [INFO] Saving per-image predictions to logs/resnet50_localnorm_k16_imagenet_ecoset_ecovalid_seed43/predictions
2026-03-23 10:40:34,638 [INFO] Starting training for 25 epochs...
2026-03-23 10:56:28,774 [INFO] Running OOD evaluation (epoch 1)...
2026-03-23 10:57:39,989 [INFO] OOD accuracies: imagenet_a: 0.9%, imagenet_c_contrast_s3: 3.2%, imagenet_c_defocus_blur_s3: 6.4%, imagenet_c_fog_s3: 3.1%, imagenet_c_gaussian_noise_s3: 4.3%, imagenet_r: 2.5%, imagenet_sketch: 1.8%
2026-03-23 10:57:40,093 [INFO] Epoch 1/25 | Train Loss: 4.6227, Train Acc: 4.87% | Val Loss: 4.3698, Val Acc: 11.09% | LR: 0.000996 | Time: 1025.4s
2026-03-23 10:57:40,422 [INFO] New best accuracy: 11.09%
2026-03-23 11:13:33,751 [INFO] Running OOD evaluation (epoch 2)...
2026-03-23 11:14:42,144 [INFO] OOD accuracies: imagenet_a: 1.6%, imagenet_c_contrast_s3: 5.1%, imagenet_c_defocus_blur_s3: 7.7%, imagenet_c_fog_s3: 6.3%, imagenet_c_gaussian_noise_s3: 6.2%, imagenet_r: 5.7%, imagenet_sketch: 5.1%
2026-03-23 11:14:42,214 [INFO] Epoch 2/25 | Train Loss: 4.2964, Train Acc: 9.87% | Val Loss: 4.0461, Val Acc: 17.65% | LR: 0.000984 | Time: 1017.0s
2026-03-23 11:14:42,580 [INFO] New best accuracy: 17.65%
2026-03-23 11:30:35,015 [INFO] Running OOD evaluation (epoch 3)...
2026-03-23 11:31:49,425 [INFO] OOD accuracies: imagenet_a: 1.5%, imagenet_c_contrast_s3: 6.8%, imagenet_c_defocus_blur_s3: 11.0%, imagenet_c_fog_s3: 7.8%, imagenet_c_gaussian_noise_s3: 9.4%, imagenet_r: 4.9%, imagenet_sketch: 6.3%
2026-03-23 11:31:49,501 [INFO] Epoch 3/25 | Train Loss: 4.0016, Train Acc: 15.45% | Val Loss: 3.7759, Val Acc: 24.00% | LR: 0.000965 | Time: 1024.8s
2026-03-23 11:31:49,835 [INFO] New best accuracy: 24.00%
2026-03-23 11:47:41,637 [INFO] Running OOD evaluation (epoch 4)...
2026-03-23 11:48:54,139 [INFO] OOD accuracies: imagenet_a: 1.3%, imagenet_c_contrast_s3: 9.1%, imagenet_c_defocus_blur_s3: 12.6%, imagenet_c_fog_s3: 11.3%, imagenet_c_gaussian_noise_s3: 12.3%, imagenet_r: 7.1%, imagenet_sketch: 8.5%
2026-03-23 11:48:54,179 [INFO] Epoch 4/25 | Train Loss: 3.7984, Train Acc: 20.04% | Val Loss: 3.4941, Val Acc: 28.37% | LR: 0.000939 | Time: 1022.3s
2026-03-23 11:48:54,505 [INFO] New best accuracy: 28.37%
2026-03-23 12:04:48,151 [INFO] Running OOD evaluation (epoch 5)...
2026-03-23 12:06:02,836 [INFO] OOD accuracies: imagenet_a: 1.6%, imagenet_c_contrast_s3: 11.5%, imagenet_c_defocus_blur_s3: 12.7%, imagenet_c_fog_s3: 13.5%, imagenet_c_gaussian_noise_s3: 12.8%, imagenet_r: 8.3%, imagenet_sketch: 11.4%
2026-03-23 12:06:02,903 [INFO] Epoch 5/25 | Train Loss: 3.6297, Train Acc: 23.92% | Val Loss: 3.3063, Val Acc: 34.18% | LR: 0.000905 | Time: 1026.4s
2026-03-23 12:06:03,250 [INFO] New best accuracy: 34.18%
2026-03-23 12:21:56,034 [INFO] Running OOD evaluation (epoch 6)...
2026-03-23 12:23:10,892 [INFO] OOD accuracies: imagenet_a: 2.0%, imagenet_c_contrast_s3: 13.2%, imagenet_c_defocus_blur_s3: 16.3%, imagenet_c_fog_s3: 19.6%, imagenet_c_gaussian_noise_s3: 10.0%, imagenet_r: 9.5%, imagenet_sketch: 11.3%
2026-03-23 12:23:10,934 [INFO] Epoch 6/25 | Train Loss: 3.4268, Train Acc: 28.70% | Val Loss: 3.0817, Val Acc: 39.12% | LR: 0.000866 | Time: 1025.5s
2026-03-23 12:23:11,265 [INFO] New best accuracy: 39.12%
